                                 Started job on |	May 12 15:38:36
                             Started mapping on |	May 12 15:45:13
                                    Finished on |	May 12 15:52:18
       Mapping speed, Million of reads per hour |	324.29

                          Number of input reads |	38283940
                      Average input read length |	198
                                    UNIQUE READS:
                   Uniquely mapped reads number |	35789923
                        Uniquely mapped reads % |	93.49%
                          Average mapped length |	197.07
                       Number of splices: Total |	18890808
            Number of splices: Annotated (sjdb) |	18821528
                       Number of splices: GT/AG |	18576679
                       Number of splices: GC/AG |	166692
                       Number of splices: AT/AC |	19633
               Number of splices: Non-canonical |	127804
                      Mismatch rate per base, % |	0.78%
                         Deletion rate per base |	0.05%
                        Deletion average length |	2.15
                        Insertion rate per base |	0.03%
                       Insertion average length |	2.11
                             MULTI-MAPPING READS:
        Number of reads mapped to multiple loci |	831755
             % of reads mapped to multiple loci |	2.17%
        Number of reads mapped to too many loci |	68667
             % of reads mapped to too many loci |	0.18%
                                  UNMAPPED READS:
  Number of reads unmapped: too many mismatches |	0
       % of reads unmapped: too many mismatches |	0.00%
            Number of reads unmapped: too short |	1526522
                 % of reads unmapped: too short |	3.99%
                Number of reads unmapped: other |	67073
                     % of reads unmapped: other |	0.18%
                                  CHIMERIC READS:
                       Number of chimeric reads |	0
                            % of chimeric reads |	0.00%
