                                 Started job on |	Aug 11 13:26:08
                             Started mapping on |	Aug 11 13:33:51
                                    Finished on |	Aug 11 13:42:27
       Mapping speed, Million of reads per hour |	267.50

                          Number of input reads |	38341715
                      Average input read length |	198
                                    UNIQUE READS:
                   Uniquely mapped reads number |	35923116
                        Uniquely mapped reads % |	93.69%
                          Average mapped length |	197.12
                       Number of splices: Total |	18957001
            Number of splices: Annotated (sjdb) |	18885900
                       Number of splices: GT/AG |	18640771
                       Number of splices: GC/AG |	172955
                       Number of splices: AT/AC |	18509
               Number of splices: Non-canonical |	124766
                      Mismatch rate per base, % |	0.74%
                         Deletion rate per base |	0.05%
                        Deletion average length |	2.16
                        Insertion rate per base |	0.03%
                       Insertion average length |	2.11
                             MULTI-MAPPING READS:
        Number of reads mapped to multiple loci |	832757
             % of reads mapped to multiple loci |	2.17%
        Number of reads mapped to too many loci |	69582
             % of reads mapped to too many loci |	0.18%
                                  UNMAPPED READS:
  Number of reads unmapped: too many mismatches |	0
       % of reads unmapped: too many mismatches |	0.00%
            Number of reads unmapped: too short |	1447197
                 % of reads unmapped: too short |	3.77%
                Number of reads unmapped: other |	69063
                     % of reads unmapped: other |	0.18%
                                  CHIMERIC READS:
                       Number of chimeric reads |	0
                            % of chimeric reads |	0.00%
