           Time    Speed        Read     Read   Mapped   Mapped   Mapped   Mapped Unmapped Unmapped Unmapped Unmapped
                    M/hr      number   length   unique   length   MMrate    multi   multi+       MM    short    other
Aug 11 13:17:13	Started 1st pass mapping
Aug 11 13:17:31     23.4      116900      198    93.6%    197.1     0.7%     2.0%     0.2%     0.0%     4.0%     0.1%
Aug 11 13:18:31    316.2     6851795      198    93.5%    197.0     0.8%     2.1%     0.2%     0.0%     4.1%     0.2%
Aug 11 13:19:31    329.9    12644889      198    93.5%    197.0     0.8%     2.1%     0.2%     0.0%     4.1%     0.2%
Aug 11 13:20:32    345.9    19119788      198    93.5%    197.0     0.8%     2.1%     0.2%     0.0%     4.1%     0.2%
Aug 11 13:21:32    346.1    24900640      198    93.6%    197.0     0.8%     2.1%     0.2%     0.0%     4.0%     0.1%
Aug 11 13:22:32    351.5    31144031      198    93.6%    197.0     0.8%     2.1%     0.2%     0.0%     4.0%     0.1%
Aug 11 13:23:32    352.9    37155930      198    93.6%    197.0     0.8%     2.1%     0.2%     0.0%     4.0%     0.1%
Aug 11 13:23:40	Finished 1st pass mapping
Aug 11 13:26:06    205.8     3602064      198    93.4%    197.0     0.8%     2.2%     0.2%     0.0%     4.1%     0.2%
Aug 11 13:27:06    237.9     8128479      198    93.4%    197.0     0.8%     2.2%     0.2%     0.0%     4.1%     0.2%
Aug 11 13:28:09    255.9    13223055      198    93.4%    197.0     0.8%     2.2%     0.2%     0.0%     4.1%     0.2%
Aug 11 13:29:13    260.3    18079272      198    93.4%    197.0     0.8%     2.2%     0.2%     0.0%     4.1%     0.2%
Aug 11 13:30:16    262.5    22819520      198    93.4%    197.1     0.8%     2.2%     0.2%     0.0%     4.0%     0.2%
Aug 11 13:31:18    266.8    27791017      198    93.5%    197.1     0.8%     2.2%     0.2%     0.0%     4.0%     0.2%
Aug 11 13:32:18    269.2    32531427      198    93.5%    197.1     0.8%     2.2%     0.2%     0.0%     4.0%     0.2%
Aug 11 13:33:18    271.9    37387195      198    93.5%    197.1     0.8%     2.2%     0.2%     0.0%     4.0%     0.2%
ALL DONE!
