           Time    Speed        Read     Read   Mapped   Mapped   Mapped   Mapped Unmapped Unmapped Unmapped Unmapped
                    M/hr      number   length   unique   length   MMrate    multi   multi+       MM    short    other
May 12 14:47:15	Started 1st pass mapping
May 12 14:47:33     23.4      116989      198    93.4%    196.9     0.8%     2.2%     0.2%     0.0%     4.0%     0.2%
May 12 14:48:33    284.3     6158874      198    93.7%    197.0     0.7%     2.1%     0.2%     0.0%     3.8%     0.2%
May 12 14:49:33    318.0    12189149      198    93.7%    197.0     0.7%     2.1%     0.2%     0.0%     3.7%     0.2%
May 12 14:50:33    335.2    18436125      198    93.7%    197.0     0.7%     2.1%     0.2%     0.0%     3.7%     0.2%
May 12 14:51:34    335.0    24104542      198    93.7%    197.0     0.7%     2.1%     0.2%     0.0%     3.7%     0.2%
May 12 14:52:34    333.4    29541443      198    93.7%    197.0     0.7%     2.1%     0.2%     0.0%     3.7%     0.2%
May 12 14:53:34    334.4    35209283      198    93.7%    197.0     0.7%     2.1%     0.2%     0.0%     3.7%     0.2%
May 12 14:54:03	Finished 1st pass mapping
May 12 14:56:14    205.8     3487917      198    93.5%    197.0     0.7%     2.2%     0.2%     0.0%     3.8%     0.2%
May 12 14:57:17    239.5     8249042      198    93.6%    197.0     0.7%     2.2%     0.2%     0.0%     3.7%     0.2%
May 12 14:58:17    252.1    12883224      198    93.6%    197.0     0.7%     2.2%     0.2%     0.0%     3.7%     0.2%
May 12 14:59:19    259.6    17741977      198    93.6%    197.0     0.7%     2.2%     0.2%     0.0%     3.7%     0.2%
May 12 15:00:19    261.8    22253477      198    93.6%    197.0     0.7%     2.2%     0.2%     0.0%     3.7%     0.2%
May 12 15:01:20    263.7    26880882      198    93.6%    197.0     0.7%     2.2%     0.2%     0.0%     3.7%     0.2%
May 12 15:02:21    262.1    31160810      198    93.6%    197.0     0.7%     2.2%     0.2%     0.0%     3.7%     0.2%
May 12 15:03:22    264.3    35903297      198    93.6%    197.0     0.7%     2.2%     0.2%     0.0%     3.7%     0.2%
ALL DONE!
