                                 Started job on |	May 12 15:32:35
                             Started mapping on |	May 12 15:39:12
                                    Finished on |	May 12 15:46:25
       Mapping speed, Million of reads per hour |	317.63

                          Number of input reads |	38203354
                      Average input read length |	198
                                    UNIQUE READS:
                   Uniquely mapped reads number |	35679636
                        Uniquely mapped reads % |	93.39%
                          Average mapped length |	196.95
                       Number of splices: Total |	18756967
            Number of splices: Annotated (sjdb) |	18686034
                       Number of splices: GT/AG |	18434044
                       Number of splices: GC/AG |	169175
                       Number of splices: AT/AC |	18108
               Number of splices: Non-canonical |	135640
                      Mismatch rate per base, % |	0.78%
                         Deletion rate per base |	0.05%
                        Deletion average length |	2.15
                        Insertion rate per base |	0.03%
                       Insertion average length |	2.10
                             MULTI-MAPPING READS:
        Number of reads mapped to multiple loci |	860236
             % of reads mapped to multiple loci |	2.25%
        Number of reads mapped to too many loci |	81154
             % of reads mapped to too many loci |	0.21%
                                  UNMAPPED READS:
  Number of reads unmapped: too many mismatches |	0
       % of reads unmapped: too many mismatches |	0.00%
            Number of reads unmapped: too short |	1494630
                 % of reads unmapped: too short |	3.91%
                Number of reads unmapped: other |	87698
                     % of reads unmapped: other |	0.23%
                                  CHIMERIC READS:
                       Number of chimeric reads |	0
                            % of chimeric reads |	0.00%
