                                 Started job on |	Aug 11 13:21:38
                             Started mapping on |	Aug 11 13:28:47
                                    Finished on |	Aug 11 13:36:17
       Mapping speed, Million of reads per hour |	305.64

                          Number of input reads |	38205027
                      Average input read length |	198
                                    UNIQUE READS:
                   Uniquely mapped reads number |	35751434
                        Uniquely mapped reads % |	93.58%
                          Average mapped length |	197.00
                       Number of splices: Total |	18787224
            Number of splices: Annotated (sjdb) |	18716879
                       Number of splices: GT/AG |	18476380
                       Number of splices: GC/AG |	163175
                       Number of splices: AT/AC |	17451
               Number of splices: Non-canonical |	130218
                      Mismatch rate per base, % |	0.74%
                         Deletion rate per base |	0.05%
                        Deletion average length |	2.16
                        Insertion rate per base |	0.03%
                       Insertion average length |	2.10
                             MULTI-MAPPING READS:
        Number of reads mapped to multiple loci |	859935
             % of reads mapped to multiple loci |	2.25%
        Number of reads mapped to too many loci |	81128
             % of reads mapped to too many loci |	0.21%
                                  UNMAPPED READS:
  Number of reads unmapped: too many mismatches |	0
       % of reads unmapped: too many mismatches |	0.00%
            Number of reads unmapped: too short |	1423335
                 % of reads unmapped: too short |	3.73%
                Number of reads unmapped: other |	89195
                     % of reads unmapped: other |	0.23%
                                  CHIMERIC READS:
                       Number of chimeric reads |	0
                            % of chimeric reads |	0.00%
