                                 Started job on |	May 12 16:06:07
                             Started mapping on |	May 12 16:12:11
                                    Finished on |	May 12 16:18:08
       Mapping speed, Million of reads per hour |	420.32

                          Number of input reads |	41681778
                      Average input read length |	198
                                    UNIQUE READS:
                   Uniquely mapped reads number |	38986341
                        Uniquely mapped reads % |	93.53%
                          Average mapped length |	197.03
                       Number of splices: Total |	21120776
            Number of splices: Annotated (sjdb) |	21042324
                       Number of splices: GT/AG |	20774485
                       Number of splices: GC/AG |	182311
                       Number of splices: AT/AC |	19966
               Number of splices: Non-canonical |	144014
                      Mismatch rate per base, % |	0.75%
                         Deletion rate per base |	0.05%
                        Deletion average length |	2.14
                        Insertion rate per base |	0.03%
                       Insertion average length |	2.10
                             MULTI-MAPPING READS:
        Number of reads mapped to multiple loci |	952933
             % of reads mapped to multiple loci |	2.29%
        Number of reads mapped to too many loci |	112552
             % of reads mapped to too many loci |	0.27%
                                  UNMAPPED READS:
  Number of reads unmapped: too many mismatches |	0
       % of reads unmapped: too many mismatches |	0.00%
            Number of reads unmapped: too short |	1498475
                 % of reads unmapped: too short |	3.60%
                Number of reads unmapped: other |	131477
                     % of reads unmapped: other |	0.32%
                                  CHIMERIC READS:
                       Number of chimeric reads |	0
                            % of chimeric reads |	0.00%
