           Time    Speed        Read     Read   Mapped   Mapped   Mapped   Mapped Unmapped Unmapped Unmapped Unmapped
                    M/hr      number   length   unique   length   MMrate    multi   multi+       MM    short    other
Aug 11 13:20:21	Started 1st pass mapping
Aug 11 13:20:36     28.1      116950      198    93.6%    197.0     0.8%     2.1%     0.3%     0.0%     3.7%     0.3%
Aug 11 13:21:36    334.6     6970136      198    93.4%    196.9     0.8%     2.2%     0.3%     0.0%     3.9%     0.3%
Aug 11 13:22:36    346.6    12996225      198    93.4%    196.9     0.8%     2.2%     0.3%     0.0%     3.9%     0.3%
Aug 11 13:23:38    341.1    18663588      198    93.4%    196.9     0.8%     2.2%     0.3%     0.0%     3.9%     0.3%
Aug 11 13:24:38    340.8    24330774      198    93.4%    196.9     0.8%     2.2%     0.3%     0.0%     3.9%     0.3%
Aug 11 13:25:38    348.6    30691829      198    93.4%    196.9     0.8%     2.2%     0.3%     0.0%     3.8%     0.3%
Aug 11 13:26:38    353.8    37052861      198    93.5%    196.9     0.8%     2.2%     0.3%     0.0%     3.8%     0.3%
Aug 11 13:27:21	Finished 1st pass mapping
Aug 11 13:29:22    223.2     3719370      198    93.3%    196.9     0.8%     2.3%     0.3%     0.0%     3.9%     0.3%
Aug 11 13:30:22    233.5     7782880      198    93.2%    196.9     0.8%     2.3%     0.3%     0.0%     3.9%     0.3%
Aug 11 13:31:23    244.7    12302206      198    93.3%    196.9     0.8%     2.3%     0.3%     0.0%     3.9%     0.3%
Aug 11 13:32:24    250.1    16812988      198    93.2%    196.9     0.8%     2.3%     0.3%     0.0%     3.9%     0.3%
Aug 11 13:33:25    252.0    21208136      198    93.3%    197.0     0.8%     2.3%     0.3%     0.0%     3.9%     0.3%
Aug 11 13:34:25    253.9    25602904      198    93.3%    197.0     0.8%     2.3%     0.3%     0.0%     3.8%     0.3%
Aug 11 13:35:25    256.3    30113554      198    93.3%    197.0     0.8%     2.3%     0.3%     0.0%     3.8%     0.3%
Aug 11 13:36:25    257.2    34508470      198    93.3%    197.0     0.8%     2.3%     0.3%     0.0%     3.8%     0.3%
Aug 11 13:37:25    257.9    38903292      198    93.3%    197.0     0.8%     2.3%     0.3%     0.0%     3.8%     0.3%
ALL DONE!
