           Time    Speed        Read     Read   Mapped   Mapped   Mapped   Mapped Unmapped Unmapped Unmapped Unmapped
                    M/hr      number   length   unique   length   MMrate    multi   multi+       MM    short    other
May 12 16:09:25	Started 1st pass mapping
May 12 16:09:40     28.1      117031      198    93.4%    196.8     0.8%     2.4%     0.2%     0.0%     3.8%     0.2%
May 12 16:10:40    345.9     7205623      198    93.7%    196.9     0.7%     2.3%     0.2%     0.0%     3.5%     0.2%
May 12 16:11:47    332.6    13117494      198    93.7%    196.9     0.7%     2.3%     0.2%     0.0%     3.6%     0.2%
May 12 16:12:47    347.2    19481694      198    93.7%    196.9     0.7%     2.3%     0.2%     0.0%     3.5%     0.2%
May 12 16:13:49    350.9    25729612      198    93.7%    196.9     0.7%     2.3%     0.2%     0.0%     3.5%     0.2%
May 12 16:14:49    356.6    32093143      198    93.7%    196.9     0.7%     2.3%     0.2%     0.0%     3.5%     0.2%
May 12 16:15:49    361.6    38572221      198    93.7%    196.9     0.8%     2.3%     0.2%     0.0%     3.6%     0.2%
May 12 16:16:03	Finished 1st pass mapping
May 12 16:18:08    240.2     4069498      198    93.6%    196.9     0.7%     2.4%     0.2%     0.0%     3.6%     0.2%
May 12 16:19:09    270.9     9180250      198    93.6%    196.9     0.7%     2.4%     0.2%     0.0%     3.5%     0.2%
May 12 16:20:10    278.5    14158905      198    93.6%    196.9     0.7%     2.4%     0.2%     0.0%     3.5%     0.2%
May 12 16:21:10    285.2    19250221      198    93.6%    196.9     0.7%     2.4%     0.2%     0.0%     3.5%     0.2%
May 12 16:22:10    282.3    23762644      198    93.6%    196.9     0.7%     2.4%     0.2%     0.0%     3.5%     0.2%
May 12 16:23:10    278.1    28043562      198    93.6%    196.9     0.7%     2.4%     0.2%     0.0%     3.5%     0.2%
May 12 16:24:10    279.0    32787325      198    93.6%    196.9     0.7%     2.4%     0.2%     0.0%     3.5%     0.2%
May 12 16:25:10    276.3    37068131      198    93.6%    196.9     0.8%     2.4%     0.2%     0.0%     3.5%     0.2%
ALL DONE!
