           Time    Speed        Read     Read   Mapped   Mapped   Mapped   Mapped Unmapped Unmapped Unmapped Unmapped
                    M/hr      number   length   unique   length   MMrate    multi   multi+       MM    short    other
Aug 11 13:26:51	Started 1st pass mapping
Aug 11 13:27:07     26.3      116977      198    93.6%    196.9     0.8%     2.3%     0.2%     0.0%     3.7%     0.2%
Aug 11 13:28:10    344.2     7553151      198    93.4%    196.8     0.8%     2.3%     0.2%     0.0%     3.9%     0.2%
Aug 11 13:29:10    342.7    13231782      198    93.4%    196.8     0.8%     2.3%     0.2%     0.0%     3.8%     0.2%
Aug 11 13:30:11    342.3    19016721      198    93.4%    196.8     0.8%     2.3%     0.2%     0.0%     3.8%     0.2%
Aug 11 13:31:12    340.5    24685804      198    93.5%    196.8     0.8%     2.3%     0.2%     0.0%     3.8%     0.2%
Aug 11 13:32:15    337.3    30355011      198    93.5%    196.8     0.8%     2.3%     0.2%     0.0%     3.8%     0.2%
Aug 11 13:33:15    337.7    36023784      198    93.5%    196.8     0.8%     2.3%     0.2%     0.0%     3.8%     0.2%
Aug 11 13:34:03	Finished 1st pass mapping
Aug 11 13:36:17    157.9     2675294      198    93.4%    196.8     0.8%     2.4%     0.2%     0.0%     3.8%     0.2%
Aug 11 13:37:18    198.9     6740061      198    93.3%    196.8     0.8%     2.4%     0.2%     0.0%     3.9%     0.2%
Aug 11 13:38:19    230.7    11727628      198    93.3%    196.8     0.8%     2.4%     0.2%     0.0%     3.8%     0.2%
Aug 11 13:39:19    247.4    16702721      198    93.3%    196.8     0.8%     2.4%     0.2%     0.0%     3.8%     0.2%
Aug 11 13:40:19    257.6    21677862      198    93.3%    196.8     0.8%     2.4%     0.2%     0.0%     3.8%     0.2%
Aug 11 13:41:21    265.2    26884013      198    93.4%    196.8     0.8%     2.4%     0.2%     0.0%     3.8%     0.2%
Aug 11 13:42:22    270.2    31974674      198    93.4%    196.9     0.8%     2.4%     0.2%     0.0%     3.7%     0.2%
Aug 11 13:43:22    275.4    37180649      198    93.4%    196.9     0.8%     2.4%     0.2%     0.0%     3.7%     0.2%
ALL DONE!
