                                 Started job on |	May 12 15:53:52
                             Started mapping on |	May 12 16:02:44
                                    Finished on |	May 12 16:11:29
       Mapping speed, Million of reads per hour |	278.39

                          Number of input reads |	40598920
                      Average input read length |	198
                                    UNIQUE READS:
                   Uniquely mapped reads number |	37916742
                        Uniquely mapped reads % |	93.39%
                          Average mapped length |	196.87
                       Number of splices: Total |	19273635
            Number of splices: Annotated (sjdb) |	19198133
                       Number of splices: GT/AG |	18943997
                       Number of splices: GC/AG |	168429
                       Number of splices: AT/AC |	18493
               Number of splices: Non-canonical |	142716
                      Mismatch rate per base, % |	0.79%
                         Deletion rate per base |	0.05%
                        Deletion average length |	2.10
                        Insertion rate per base |	0.04%
                       Insertion average length |	2.05
                             MULTI-MAPPING READS:
        Number of reads mapped to multiple loci |	992435
             % of reads mapped to multiple loci |	2.44%
        Number of reads mapped to too many loci |	87864
             % of reads mapped to too many loci |	0.22%
                                  UNMAPPED READS:
  Number of reads unmapped: too many mismatches |	0
       % of reads unmapped: too many mismatches |	0.00%
            Number of reads unmapped: too short |	1516808
                 % of reads unmapped: too short |	3.74%
                Number of reads unmapped: other |	85071
                     % of reads unmapped: other |	0.21%
                                  CHIMERIC READS:
                       Number of chimeric reads |	0
                            % of chimeric reads |	0.00%
