           Time    Speed        Read     Read   Mapped   Mapped   Mapped   Mapped Unmapped Unmapped Unmapped Unmapped
                    M/hr      number   length   unique   length   MMrate    multi   multi+       MM    short    other
May 12 15:14:29	Started 1st pass mapping
May 12 15:14:48     22.1      116628      198    93.4%    196.7     0.8%     2.2%     0.3%     0.0%     3.8%     0.2%
May 12 15:15:49    261.6     5813200      198    93.5%    196.8     0.7%     2.2%     0.3%     0.0%     3.7%     0.3%
May 12 15:16:49    295.7    11500246      198    93.6%    196.8     0.7%     2.2%     0.3%     0.0%     3.7%     0.3%
May 12 15:17:49    309.1    17171302      198    93.6%    196.8     0.7%     2.2%     0.3%     0.0%     3.7%     0.3%
May 12 15:18:50    313.5    22726351      198    93.6%    196.8     0.7%     2.2%     0.3%     0.0%     3.7%     0.3%
May 12 15:19:50    314.6    28050072      198    93.6%    196.8     0.7%     2.2%     0.3%     0.0%     3.7%     0.3%
May 12 15:20:52    314.8    33489403      198    93.6%    196.8     0.7%     2.2%     0.3%     0.0%     3.7%     0.3%
May 12 15:21:55    315.2    39044147      198    93.5%    196.8     0.8%     2.2%     0.3%     0.0%     3.7%     0.3%
May 12 15:22:15	Finished 1st pass mapping
May 12 15:24:29    167.6     2792515      198    93.4%    196.8     0.8%     2.3%     0.3%     0.0%     3.8%     0.3%
May 12 15:25:29    202.3     6742584      198    93.5%    196.9     0.7%     2.3%     0.3%     0.0%     3.7%     0.3%
May 12 15:26:31    211.5    10690123      198    93.5%    196.9     0.7%     2.3%     0.3%     0.0%     3.7%     0.3%
May 12 15:27:31    214.1    14393715      198    93.5%    196.9     0.7%     2.3%     0.3%     0.0%     3.7%     0.3%
May 12 15:28:33    217.0    18328610      198    93.5%    196.9     0.7%     2.3%     0.3%     0.0%     3.6%     0.3%
May 12 15:29:34    218.4    22147839      198    93.5%    196.9     0.7%     2.3%     0.3%     0.0%     3.6%     0.3%
May 12 15:30:35    220.4    26082627      198    93.5%    196.9     0.7%     2.3%     0.3%     0.0%     3.7%     0.3%
May 12 15:31:37    221.4    30017514      198    93.5%    196.9     0.7%     2.3%     0.3%     0.0%     3.7%     0.3%
May 12 15:32:37    220.8    33605129      198    93.5%    196.9     0.7%     2.3%     0.3%     0.0%     3.7%     0.3%
May 12 15:33:37    220.9    37308242      198    93.5%    196.9     0.8%     2.3%     0.3%     0.0%     3.7%     0.3%
ALL DONE!
