           Time    Speed        Read     Read   Mapped   Mapped   Mapped   Mapped Unmapped Unmapped Unmapped Unmapped
                    M/hr      number   length   unique   length   MMrate    multi   multi+       MM    short    other
May 12 15:05:30	Started 1st pass mapping
May 12 15:05:49     22.1      116608      198    93.3%    196.7     0.8%     2.2%     0.3%     0.0%     3.9%     0.3%
May 12 15:06:51    253.2     5696203      198    93.3%    196.7     0.8%     2.2%     0.3%     0.0%     4.0%     0.3%
May 12 15:07:51    284.7    11151625      198    93.3%    196.7     0.8%     2.2%     0.3%     0.0%     4.0%     0.3%
May 12 15:08:53    277.8    15664827      198    93.3%    196.7     0.8%     2.2%     0.3%     0.0%     4.0%     0.3%
May 12 15:09:55    286.7    21104002      198    93.3%    196.8     0.8%     2.2%     0.3%     0.0%     4.0%     0.3%
May 12 15:10:57    287.1    26079644      198    93.3%    196.8     0.8%     2.2%     0.3%     0.0%     3.9%     0.3%
May 12 15:11:58    289.2    31171698      198    93.4%    196.8     0.8%     2.2%     0.3%     0.0%     3.9%     0.3%
May 12 15:12:58    290.5    36147414      198    93.3%    196.8     0.8%     2.2%     0.3%     0.0%     3.9%     0.3%
May 12 15:13:36	Finished 1st pass mapping
May 12 15:15:45    139.6     2327492      198    93.2%    196.8     0.8%     2.3%     0.3%     0.0%     3.9%     0.3%
May 12 15:16:45    174.4     5812400      198    93.2%    196.8     0.8%     2.3%     0.3%     0.0%     4.0%     0.3%
May 12 15:17:45    190.6     9529610      198    93.2%    196.8     0.8%     2.3%     0.3%     0.0%     4.0%     0.3%
May 12 15:18:46    196.0    13118984      198    93.2%    196.8     0.8%     2.3%     0.3%     0.0%     4.0%     0.3%
May 12 15:19:48    199.9    16822109      198    93.2%    196.8     0.8%     2.3%     0.3%     0.0%     4.0%     0.3%
May 12 15:20:52    201.3    20525329      198    93.2%    196.8     0.8%     2.3%     0.3%     0.0%     3.9%     0.3%
May 12 15:21:52    204.3    24228227      198    93.2%    196.8     0.8%     2.3%     0.3%     0.0%     3.9%     0.3%
May 12 15:22:52    204.8    27699750      198    93.2%    196.8     0.8%     2.3%     0.3%     0.0%     3.9%     0.3%
May 12 15:23:53    204.8    31171698      198    93.3%    196.8     0.8%     2.3%     0.3%     0.0%     3.9%     0.3%
May 12 15:24:53    216.8    36610295      198    93.3%    196.8     0.8%     2.3%     0.3%     0.0%     3.9%     0.3%
ALL DONE!
