           Time    Speed        Read     Read   Mapped   Mapped   Mapped   Mapped Unmapped Unmapped Unmapped Unmapped
                    M/hr      number   length   unique   length   MMrate    multi   multi+       MM    short    other
May 12 15:35:43	Started 1st pass mapping
May 12 15:36:02     22.1      116541      198    93.0%    196.6     0.8%     2.3%     0.3%     0.0%     4.0%     0.4%
May 12 15:37:08    241.3     5697090      198    93.2%    196.8     0.7%     2.2%     0.3%     0.0%     3.8%     0.4%
May 12 15:38:15    266.9    11268996      198    93.3%    196.8     0.7%     2.2%     0.3%     0.0%     3.8%     0.4%
May 12 15:39:19    280.4    16824390      198    93.3%    196.8     0.7%     2.2%     0.3%     0.0%     3.8%     0.4%
May 12 15:40:19    287.4    22032630      198    93.3%    196.8     0.7%     2.2%     0.3%     0.0%     3.7%     0.4%
May 12 15:41:19    285.7    26661804      198    93.3%    196.8     0.7%     2.2%     0.3%     0.0%     3.8%     0.4%
May 12 15:42:21    286.2    31638311      198    93.3%    196.8     0.7%     2.3%     0.3%     0.0%     3.7%     0.4%
May 12 15:43:21    289.6    36846152      198    93.3%    196.8     0.8%     2.3%     0.3%     0.0%     3.8%     0.4%
May 12 15:44:21    311.8    44864661      198    93.3%    196.8     0.8%     2.3%     0.3%     0.0%     3.8%     0.4%
May 12 15:44:22	Finished 1st pass mapping
May 12 15:46:33    144.2     2444010      198    93.0%    196.8     0.8%     2.4%     0.3%     0.0%     3.9%     0.4%
May 12 15:47:34    185.3     6278030      198    93.2%    196.8     0.7%     2.4%     0.3%     0.0%     3.8%     0.4%
May 12 15:48:36    193.3     9879523      198    93.2%    196.8     0.7%     2.4%     0.3%     0.0%     3.7%     0.4%
May 12 15:49:37    199.6    13583805      198    93.2%    196.8     0.7%     2.4%     0.3%     0.0%     3.8%     0.4%
May 12 15:50:37    205.4    17403074      198    93.2%    196.8     0.7%     2.4%     0.3%     0.0%     3.7%     0.4%
May 12 15:51:39    207.0    21106654      198    93.2%    196.8     0.7%     2.4%     0.3%     0.0%     3.7%     0.4%
May 12 15:52:40    206.7    24578798      198    93.2%    196.8     0.7%     2.4%     0.3%     0.0%     3.7%     0.4%
May 12 15:53:40    206.9    28050725      198    93.2%    196.8     0.7%     2.4%     0.3%     0.0%     3.7%     0.4%
May 12 15:54:40    220.0    33490187      198    93.2%    196.8     0.7%     2.4%     0.3%     0.0%     3.7%     0.4%
May 12 15:55:40    233.9    39507779      198    93.2%    196.8     0.8%     2.4%     0.3%     0.0%     3.8%     0.4%
ALL DONE!
