                                 Started job on |	May 12 15:35:33
                             Started mapping on |	May 12 15:45:32
                                    Finished on |	May 12 15:56:35
       Mapping speed, Million of reads per hour |	244.87

                          Number of input reads |	45096058
                      Average input read length |	198
                                    UNIQUE READS:
                   Uniquely mapped reads number |	42012585
                        Uniquely mapped reads % |	93.16%
                          Average mapped length |	196.84
                       Number of splices: Total |	21615588
            Number of splices: Annotated (sjdb) |	21529368
                       Number of splices: GT/AG |	21245353
                       Number of splices: GC/AG |	190145
                       Number of splices: AT/AC |	20302
               Number of splices: Non-canonical |	159788
                      Mismatch rate per base, % |	0.76%
                         Deletion rate per base |	0.06%
                        Deletion average length |	2.15
                        Insertion rate per base |	0.03%
                       Insertion average length |	2.12
                             MULTI-MAPPING READS:
        Number of reads mapped to multiple loci |	1070972
             % of reads mapped to multiple loci |	2.37%
        Number of reads mapped to too many loci |	142417
             % of reads mapped to too many loci |	0.32%
                                  UNMAPPED READS:
  Number of reads unmapped: too many mismatches |	0
       % of reads unmapped: too many mismatches |	0.00%
            Number of reads unmapped: too short |	1692978
                 % of reads unmapped: too short |	3.75%
                Number of reads unmapped: other |	177106
                     % of reads unmapped: other |	0.39%
                                  CHIMERIC READS:
                       Number of chimeric reads |	0
                            % of chimeric reads |	0.00%
