           Time    Speed        Read     Read   Mapped   Mapped   Mapped   Mapped Unmapped Unmapped Unmapped Unmapped
                    M/hr      number   length   unique   length   MMrate    multi   multi+       MM    short    other
Aug 11 13:32:05	Started 1st pass mapping
Aug 11 13:32:21     26.3      117027      198    93.3%    196.8     0.8%     2.2%     0.3%     0.0%     3.8%     0.4%
Aug 11 13:33:21    280.8     5928614      198    93.0%    196.7     0.8%     2.2%     0.3%     0.0%     4.1%     0.4%
Aug 11 13:34:21    304.4    11498935      198    93.0%    196.7     0.8%     2.2%     0.3%     0.0%     4.0%     0.4%
Aug 11 13:35:22    322.2    17632605      198    93.0%    196.7     0.8%     2.2%     0.3%     0.0%     4.1%     0.4%
Aug 11 13:36:23    333.2    23881969      198    93.0%    196.7     0.8%     2.2%     0.3%     0.0%     4.0%     0.4%
Aug 11 13:37:24    337.4    29899295      198    93.1%    196.7     0.8%     2.3%     0.3%     0.0%     4.0%     0.4%
Aug 11 13:38:27    338.5    35916953      198    93.1%    196.7     0.8%     2.3%     0.3%     0.0%     4.0%     0.4%
Aug 11 13:39:27    340.6    41818645      198    93.1%    196.7     0.8%     2.3%     0.3%     0.0%     4.0%     0.4%
Aug 11 13:39:56	Finished 1st pass mapping
Aug 11 13:42:07    171.6     2908327      198    93.0%    196.8     0.8%     2.4%     0.3%     0.0%     3.9%     0.4%
Aug 11 13:43:09    207.5     7090243      198    92.9%    196.8     0.8%     2.4%     0.3%     0.0%     4.0%     0.4%
Aug 11 13:44:11    219.3    11267516      198    92.9%    196.8     0.8%     2.4%     0.3%     0.0%     4.0%     0.4%
Aug 11 13:45:11    228.5    15549480      198    92.9%    196.8     0.8%     2.4%     0.3%     0.0%     4.0%     0.4%
Aug 11 13:46:11    234.1    19831508      198    92.9%    196.8     0.8%     2.4%     0.3%     0.0%     4.0%     0.4%
Aug 11 13:47:14    235.9    24113376      198    92.9%    196.8     0.8%     2.4%     0.3%     0.0%     4.0%     0.4%
Aug 11 13:48:14    240.8    28626447      198    92.9%    196.8     0.8%     2.4%     0.3%     0.0%     4.0%     0.4%
Aug 11 13:49:16    247.7    33718262      198    93.0%    196.8     0.8%     2.4%     0.3%     0.0%     3.9%     0.4%
Aug 11 13:50:17    250.5    38347008      198    93.0%    196.8     0.8%     2.4%     0.3%     0.0%     4.0%     0.4%
Aug 11 13:51:19    253.7    43207334      198    93.0%    196.8     0.8%     2.4%     0.3%     0.0%     3.9%     0.4%
ALL DONE!
