                                 Started job on |	May 12 14:46:59
                             Started mapping on |	May 12 14:53:57
                                    Finished on |	May 12 15:01:16
       Mapping speed, Million of reads per hour |	314.81

                          Number of input reads |	38389679
                      Average input read length |	198
                                    UNIQUE READS:
                   Uniquely mapped reads number |	35933371
                        Uniquely mapped reads % |	93.60%
                          Average mapped length |	196.95
                       Number of splices: Total |	19557768
            Number of splices: Annotated (sjdb) |	19487363
                       Number of splices: GT/AG |	19244398
                       Number of splices: GC/AG |	169429
                       Number of splices: AT/AC |	17263
               Number of splices: Non-canonical |	126678
                      Mismatch rate per base, % |	0.77%
                         Deletion rate per base |	0.05%
                        Deletion average length |	2.16
                        Insertion rate per base |	0.03%
                       Insertion average length |	2.11
                             MULTI-MAPPING READS:
        Number of reads mapped to multiple loci |	831096
             % of reads mapped to multiple loci |	2.16%
        Number of reads mapped to too many loci |	74677
             % of reads mapped to too many loci |	0.19%
                                  UNMAPPED READS:
  Number of reads unmapped: too many mismatches |	0
       % of reads unmapped: too many mismatches |	0.00%
            Number of reads unmapped: too short |	1469491
                 % of reads unmapped: too short |	3.83%
                Number of reads unmapped: other |	81044
                     % of reads unmapped: other |	0.21%
                                  CHIMERIC READS:
                       Number of chimeric reads |	0
                            % of chimeric reads |	0.00%
