                                 Started job on |	Aug 11 13:16:39
                             Started mapping on |	Aug 11 13:24:20
                                    Finished on |	Aug 11 13:32:20
       Mapping speed, Million of reads per hour |	282.10

                          Number of input reads |	37613121
                      Average input read length |	198
                                    UNIQUE READS:
                   Uniquely mapped reads number |	35271314
                        Uniquely mapped reads % |	93.77%
                          Average mapped length |	196.98
                       Number of splices: Total |	19208869
            Number of splices: Annotated (sjdb) |	19138234
                       Number of splices: GT/AG |	18897822
                       Number of splices: GC/AG |	164859
                       Number of splices: AT/AC |	17216
               Number of splices: Non-canonical |	128972
                      Mismatch rate per base, % |	0.73%
                         Deletion rate per base |	0.05%
                        Deletion average length |	2.16
                        Insertion rate per base |	0.03%
                       Insertion average length |	2.11
                             MULTI-MAPPING READS:
        Number of reads mapped to multiple loci |	812420
             % of reads mapped to multiple loci |	2.16%
        Number of reads mapped to too many loci |	73236
             % of reads mapped to too many loci |	0.19%
                                  UNMAPPED READS:
  Number of reads unmapped: too many mismatches |	0
       % of reads unmapped: too many mismatches |	0.00%
            Number of reads unmapped: too short |	1375264
                 % of reads unmapped: too short |	3.66%
                Number of reads unmapped: other |	80887
                     % of reads unmapped: other |	0.22%
                                  CHIMERIC READS:
                       Number of chimeric reads |	0
                            % of chimeric reads |	0.00%
