                                 Started job on |	Aug 11 13:20:48
                             Started mapping on |	Aug 11 13:27:20
                                    Finished on |	Aug 11 13:34:44
       Mapping speed, Million of reads per hour |	304.75

                          Number of input reads |	37585859
                      Average input read length |	198
                                    UNIQUE READS:
                   Uniquely mapped reads number |	35313778
                        Uniquely mapped reads % |	93.95%
                          Average mapped length |	196.99
                       Number of splices: Total |	19326594
            Number of splices: Annotated (sjdb) |	19264074
                       Number of splices: GT/AG |	19031309
                       Number of splices: GC/AG |	167312
                       Number of splices: AT/AC |	17674
               Number of splices: Non-canonical |	110299
                      Mismatch rate per base, % |	0.75%
                         Deletion rate per base |	0.05%
                        Deletion average length |	2.10
                        Insertion rate per base |	0.03%
                       Insertion average length |	2.04
                             MULTI-MAPPING READS:
        Number of reads mapped to multiple loci |	869041
             % of reads mapped to multiple loci |	2.31%
        Number of reads mapped to too many loci |	65685
             % of reads mapped to too many loci |	0.17%
                                  UNMAPPED READS:
  Number of reads unmapped: too many mismatches |	0
       % of reads unmapped: too many mismatches |	0.00%
            Number of reads unmapped: too short |	1271284
                 % of reads unmapped: too short |	3.38%
                Number of reads unmapped: other |	66071
                     % of reads unmapped: other |	0.18%
                                  CHIMERIC READS:
                       Number of chimeric reads |	0
                            % of chimeric reads |	0.00%
