                                 Started job on |	May 12 15:11:09
                             Started mapping on |	May 12 15:18:30
                                    Finished on |	May 12 15:26:41
       Mapping speed, Million of reads per hour |	351.55

                          Number of input reads |	47948147
                      Average input read length |	198
                                    UNIQUE READS:
                   Uniquely mapped reads number |	44990368
                        Uniquely mapped reads % |	93.83%
                          Average mapped length |	197.02
                       Number of splices: Total |	24851762
            Number of splices: Annotated (sjdb) |	24763111
                       Number of splices: GT/AG |	24450241
                       Number of splices: GC/AG |	219664
                       Number of splices: AT/AC |	28389
               Number of splices: Non-canonical |	153468
                      Mismatch rate per base, % |	0.73%
                         Deletion rate per base |	0.05%
                        Deletion average length |	2.14
                        Insertion rate per base |	0.03%
                       Insertion average length |	2.10
                             MULTI-MAPPING READS:
        Number of reads mapped to multiple loci |	1174224
             % of reads mapped to multiple loci |	2.45%
        Number of reads mapped to too many loci |	89850
             % of reads mapped to too many loci |	0.19%
                                  UNMAPPED READS:
  Number of reads unmapped: too many mismatches |	0
       % of reads unmapped: too many mismatches |	0.00%
            Number of reads unmapped: too short |	1608355
                 % of reads unmapped: too short |	3.35%
                Number of reads unmapped: other |	85350
                     % of reads unmapped: other |	0.18%
                                  CHIMERIC READS:
                       Number of chimeric reads |	0
                            % of chimeric reads |	0.00%
