           Time    Speed        Read     Read   Mapped   Mapped   Mapped   Mapped Unmapped Unmapped Unmapped Unmapped
                    M/hr      number   length   unique   length   MMrate    multi   multi+       MM    short    other
May 12 14:47:14	Started 1st pass mapping
May 12 14:47:30     26.2      116611      198    93.8%    196.9     0.8%     2.3%     0.2%     0.0%     3.6%     0.2%
May 12 14:48:30    335.8     7088267      198    93.7%    196.9     0.8%     2.3%     0.2%     0.0%     3.7%     0.1%
May 12 14:49:30    341.1    12884160      198    93.7%    196.9     0.8%     2.3%     0.2%     0.0%     3.7%     0.1%
May 12 14:50:30    355.6    19363147      198    93.7%    196.9     0.8%     2.3%     0.2%     0.0%     3.7%     0.1%
May 12 14:51:30    361.8    25726472      198    93.7%    196.9     0.8%     2.3%     0.2%     0.0%     3.6%     0.1%
May 12 14:52:33    355.6    31510956      198    93.7%    196.9     0.8%     2.3%     0.2%     0.0%     3.6%     0.1%
May 12 14:53:33    362.0    38105573      198    93.8%    196.9     0.8%     2.3%     0.2%     0.0%     3.6%     0.1%
May 12 14:54:34    362.9    44352482      198    93.8%    196.9     0.8%     2.3%     0.2%     0.0%     3.6%     0.1%
May 12 14:55:06	Finished 1st pass mapping
May 12 14:57:16    209.3     3488115      198    93.6%    197.0     0.8%     2.4%     0.2%     0.0%     3.6%     0.2%
May 12 14:58:17    245.4     8249536      198    93.5%    196.9     0.8%     2.4%     0.2%     0.0%     3.7%     0.2%
May 12 14:59:19    260.3    13231328      198    93.6%    196.9     0.8%     2.4%     0.2%     0.0%     3.6%     0.2%
May 12 15:00:20    268.6    18206215      198    93.5%    196.9     0.8%     2.4%     0.2%     0.0%     3.7%     0.2%
May 12 15:01:21    273.6    23181196      198    93.6%    196.9     0.8%     2.4%     0.2%     0.0%     3.6%     0.2%
May 12 15:02:23    273.9    27924477      198    93.6%    196.9     0.8%     2.4%     0.2%     0.0%     3.6%     0.2%
May 12 15:03:23    276.4    32783633      198    93.6%    197.0     0.8%     2.4%     0.2%     0.0%     3.6%     0.2%
May 12 15:04:23    277.4    37527110      198    93.6%    197.0     0.8%     2.4%     0.2%     0.0%     3.6%     0.2%
May 12 15:05:23    279.0    42385796      198    93.6%    197.0     0.8%     2.4%     0.2%     0.0%     3.6%     0.2%
May 12 15:06:23    280.9    47360613      198    93.6%    197.0     0.8%     2.4%     0.2%     0.0%     3.5%     0.2%
ALL DONE!
