           Time    Speed        Read     Read   Mapped   Mapped   Mapped   Mapped Unmapped Unmapped Unmapped Unmapped
                    M/hr      number   length   unique   length   MMrate    multi   multi+       MM    short    other
Aug 11 13:32:28	Started 1st pass mapping
Aug 11 13:32:43     28.1      117032      198    93.8%    196.9     0.8%     2.3%     0.2%     0.0%     3.6%     0.2%
Aug 11 13:33:43    357.0     7437691      198    93.9%    197.0     0.7%     2.3%     0.2%     0.0%     3.4%     0.2%
Aug 11 13:34:44    374.8    14158451      198    94.0%    197.0     0.7%     2.3%     0.2%     0.0%     3.4%     0.2%
Aug 11 13:35:44    383.3    20869266      198    94.0%    197.0     0.7%     2.3%     0.2%     0.0%     3.4%     0.1%
Aug 11 13:36:44    387.8    27579960      198    94.0%    197.0     0.7%     2.3%     0.2%     0.0%     3.4%     0.1%
Aug 11 13:37:45    390.7    34406569      198    94.0%    197.0     0.7%     2.3%     0.2%     0.0%     3.3%     0.1%
Aug 11 13:38:45    389.3    40769860      198    94.0%    197.0     0.7%     2.3%     0.2%     0.0%     3.4%     0.1%
Aug 11 13:39:46    393.1    47832540      198    94.0%    197.0     0.7%     2.3%     0.2%     0.0%     3.4%     0.1%
Aug 11 13:39:48	Finished 1st pass mapping
Aug 11 13:42:01    237.2     3953298      198    93.8%    197.0     0.7%     2.4%     0.2%     0.0%     3.4%     0.2%
Aug 11 13:43:02    269.7     9063728      198    93.8%    197.0     0.7%     2.4%     0.2%     0.0%     3.4%     0.2%
Aug 11 13:44:02    286.2    14389936      198    93.8%    197.0     0.7%     2.4%     0.2%     0.0%     3.4%     0.2%
Aug 11 13:45:02    289.3    19365140      198    93.9%    197.0     0.7%     2.4%     0.2%     0.0%     3.3%     0.2%
Aug 11 13:46:02    293.9    24571930      198    93.9%    197.0     0.7%     2.4%     0.2%     0.0%     3.3%     0.2%
Aug 11 13:47:02    294.7    29546979      198    93.9%    197.0     0.7%     2.4%     0.2%     0.0%     3.3%     0.2%
Aug 11 13:48:02    296.2    34638070      198    93.9%    197.0     0.7%     2.4%     0.2%     0.0%     3.3%     0.2%
Aug 11 13:49:04    295.3    39612884      198    93.8%    197.0     0.7%     2.4%     0.2%     0.0%     3.3%     0.2%
Aug 11 13:50:06    295.3    44703494      198    93.8%    197.0     0.7%     2.4%     0.2%     0.0%     3.4%     0.2%
ALL DONE!
