                                 Started job on |	May 12 14:46:59
                             Started mapping on |	May 12 14:56:16
                                    Finished on |	May 12 15:06:33
       Mapping speed, Million of reads per hour |	280.29

                          Number of input reads |	48039095
                      Average input read length |	198
                                    UNIQUE READS:
                   Uniquely mapped reads number |	44987201
                        Uniquely mapped reads % |	93.65%
                          Average mapped length |	196.97
                       Number of splices: Total |	24817134
            Number of splices: Annotated (sjdb) |	24734050
                       Number of splices: GT/AG |	24420878
                       Number of splices: GC/AG |	221338
                       Number of splices: AT/AC |	22294
               Number of splices: Non-canonical |	152624
                      Mismatch rate per base, % |	0.76%
                         Deletion rate per base |	0.05%
                        Deletion average length |	2.13
                        Insertion rate per base |	0.03%
                       Insertion average length |	2.10
                             MULTI-MAPPING READS:
        Number of reads mapped to multiple loci |	1174184
             % of reads mapped to multiple loci |	2.44%
        Number of reads mapped to too many loci |	89641
             % of reads mapped to too many loci |	0.19%
                                  UNMAPPED READS:
  Number of reads unmapped: too many mismatches |	0
       % of reads unmapped: too many mismatches |	0.00%
            Number of reads unmapped: too short |	1704338
                 % of reads unmapped: too short |	3.55%
                Number of reads unmapped: other |	83731
                     % of reads unmapped: other |	0.17%
                                  CHIMERIC READS:
                       Number of chimeric reads |	0
                            % of chimeric reads |	0.00%
