           Time    Speed        Read     Read   Mapped   Mapped   Mapped   Mapped Unmapped Unmapped Unmapped Unmapped
                    M/hr      number   length   unique   length   MMrate    multi   multi+       MM    short    other
Aug 11 13:25:53	Started 1st pass mapping
Aug 11 13:26:15     19.1      116949      198    93.7%    197.1     0.8%     2.3%     0.2%     0.0%     3.7%     0.2%
Aug 11 13:27:17    243.9     5691995      198    93.9%    197.1     0.7%     2.3%     0.2%     0.0%     3.4%     0.2%
Aug 11 13:28:18    279.5    11259043      198    93.9%    197.1     0.7%     2.3%     0.2%     0.0%     3.4%     0.2%
Aug 11 13:29:19    297.8    17040996      198    93.9%    197.1     0.7%     2.3%     0.2%     0.0%     3.4%     0.2%
Aug 11 13:30:22    324.0    24210211      198    93.9%    197.1     0.7%     2.3%     0.2%     0.0%     3.4%     0.2%
Aug 11 13:31:22    330.7    30223416      198    93.9%    197.1     0.7%     2.3%     0.2%     0.0%     3.4%     0.2%
Aug 11 13:32:23    331.3    35889187      198    93.9%    197.1     0.7%     2.3%     0.2%     0.0%     3.4%     0.2%
Aug 11 13:33:04	Finished 1st pass mapping
Aug 11 13:35:19    202.2     3370419      198    93.7%    197.1     0.7%     2.4%     0.2%     0.0%     3.5%     0.2%
Aug 11 13:36:19    226.5     7549211      198    93.8%    197.2     0.7%     2.4%     0.2%     0.0%     3.4%     0.2%
Aug 11 13:37:19    243.7    12184161      198    93.8%    197.2     0.7%     2.4%     0.2%     0.0%     3.4%     0.2%
Aug 11 13:38:19    245.2    16347170      198    93.8%    197.2     0.7%     2.4%     0.2%     0.0%     3.4%     0.2%
Aug 11 13:39:21    245.9    20625817      198    93.8%    197.2     0.7%     2.4%     0.2%     0.0%     3.4%     0.2%
Aug 11 13:40:22    243.5    24557124      198    93.8%    197.2     0.7%     2.4%     0.2%     0.0%     3.4%     0.2%
Aug 11 13:41:24    243.3    28719965      198    93.8%    197.2     0.7%     2.4%     0.2%     0.0%     3.4%     0.2%
Aug 11 13:42:24    241.5    32535944      198    93.7%    197.2     0.7%     2.4%     0.2%     0.0%     3.4%     0.2%
Aug 11 13:43:25    242.0    36698627      198    93.7%    197.2     0.7%     2.4%     0.2%     0.0%     3.4%     0.2%
ALL DONE!
