           Time    Speed        Read     Read   Mapped   Mapped   Mapped   Mapped Unmapped Unmapped Unmapped Unmapped
                    M/hr      number   length   unique   length   MMrate    multi   multi+       MM    short    other
Aug 11 13:24:41	Started 1st pass mapping
Aug 11 13:24:53     35.1      116936      198    93.6%    197.1     0.7%     2.3%     0.2%     0.0%     3.7%     0.2%
Aug 11 13:25:53    348.4     6967912      198    93.6%    197.0     0.8%     2.3%     0.2%     0.0%     3.7%     0.2%
Aug 11 13:26:53    366.9    13454627      198    93.6%    197.0     0.8%     2.3%     0.2%     0.0%     3.7%     0.2%
Aug 11 13:27:54    371.7    19929751      198    93.6%    197.1     0.8%     2.3%     0.2%     0.0%     3.7%     0.2%
Aug 11 13:28:54    374.1    26289178      198    93.6%    197.1     0.8%     2.3%     0.2%     0.0%     3.7%     0.2%
Aug 11 13:29:54    379.5    32995425      198    93.7%    197.1     0.8%     2.3%     0.2%     0.0%     3.6%     0.2%
Aug 11 13:30:54    384.7    39858567      198    93.7%    197.1     0.8%     2.3%     0.2%     0.0%     3.6%     0.2%
Aug 11 13:31:03	Finished 1st pass mapping
Aug 11 13:33:06    230.0     3834115      198    93.5%    197.1     0.8%     2.4%     0.2%     0.0%     3.7%     0.2%
Aug 11 13:34:07    259.1     8708961      198    93.5%    197.1     0.8%     2.4%     0.2%     0.0%     3.7%     0.2%
Aug 11 13:35:07    269.9    13570231      198    93.5%    197.1     0.8%     2.4%     0.2%     0.0%     3.7%     0.2%
Aug 11 13:36:07    275.3    18426558      198    93.5%    197.1     0.8%     2.4%     0.2%     0.0%     3.7%     0.2%
Aug 11 13:37:08    276.2    23167304      198    93.5%    197.1     0.8%     2.4%     0.2%     0.0%     3.6%     0.2%
Aug 11 13:38:11    278.7    28254761      198    93.5%    197.1     0.8%     2.4%     0.2%     0.0%     3.6%     0.2%
Aug 11 13:39:12    279.8    33111007      198    93.6%    197.1     0.8%     2.4%     0.2%     0.0%     3.6%     0.2%
Aug 11 13:40:13    282.4    38198420      198    93.6%    197.1     0.8%     2.4%     0.2%     0.0%     3.6%     0.2%
ALL DONE!
