                                 Started job on |	Aug 11 13:25:35
                             Started mapping on |	Aug 11 13:34:19
                                    Finished on |	Aug 11 13:44:13
       Mapping speed, Million of reads per hour |	244.30

                          Number of input reads |	40309337
                      Average input read length |	198
                                    UNIQUE READS:
                   Uniquely mapped reads number |	37785744
                        Uniquely mapped reads % |	93.74%
                          Average mapped length |	197.17
                       Number of splices: Total |	20786713
            Number of splices: Annotated (sjdb) |	20714146
                       Number of splices: GT/AG |	20458280
                       Number of splices: GC/AG |	178629
                       Number of splices: AT/AC |	19561
               Number of splices: Non-canonical |	130243
                      Mismatch rate per base, % |	0.73%
                         Deletion rate per base |	0.05%
                        Deletion average length |	2.14
                        Insertion rate per base |	0.03%
                       Insertion average length |	2.10
                             MULTI-MAPPING READS:
        Number of reads mapped to multiple loci |	983797
             % of reads mapped to multiple loci |	2.44%
        Number of reads mapped to too many loci |	82700
             % of reads mapped to too many loci |	0.21%
                                  UNMAPPED READS:
  Number of reads unmapped: too many mismatches |	0
       % of reads unmapped: too many mismatches |	0.00%
            Number of reads unmapped: too short |	1370801
                 % of reads unmapped: too short |	3.40%
                Number of reads unmapped: other |	86295
                     % of reads unmapped: other |	0.21%
                                  CHIMERIC READS:
                       Number of chimeric reads |	0
                            % of chimeric reads |	0.00%
