                                 Started job on |	May 12 15:41:40
                             Started mapping on |	May 12 15:48:36
                                    Finished on |	May 12 15:56:24
       Mapping speed, Million of reads per hour |	283.29

                          Number of input reads |	36827675
                      Average input read length |	198
                                    UNIQUE READS:
                   Uniquely mapped reads number |	34426981
                        Uniquely mapped reads % |	93.48%
                          Average mapped length |	197.11
                       Number of splices: Total |	18789286
            Number of splices: Annotated (sjdb) |	18716109
                       Number of splices: GT/AG |	18486070
                       Number of splices: GC/AG |	161878
                       Number of splices: AT/AC |	16293
               Number of splices: Non-canonical |	125045
                      Mismatch rate per base, % |	0.74%
                         Deletion rate per base |	0.05%
                        Deletion average length |	2.14
                        Insertion rate per base |	0.03%
                       Insertion average length |	2.11
                             MULTI-MAPPING READS:
        Number of reads mapped to multiple loci |	838653
             % of reads mapped to multiple loci |	2.28%
        Number of reads mapped to too many loci |	78916
             % of reads mapped to too many loci |	0.21%
                                  UNMAPPED READS:
  Number of reads unmapped: too many mismatches |	0
       % of reads unmapped: too many mismatches |	0.00%
            Number of reads unmapped: too short |	1406061
                 % of reads unmapped: too short |	3.82%
                Number of reads unmapped: other |	77064
                     % of reads unmapped: other |	0.21%
                                  CHIMERIC READS:
                       Number of chimeric reads |	0
                            % of chimeric reads |	0.00%
