                                 Started job on |	Aug 11 13:23:29
                             Started mapping on |	Aug 11 13:31:42
                                    Finished on |	Aug 11 13:40:51
       Mapping speed, Million of reads per hour |	241.59

                          Number of input reads |	36842481
                      Average input read length |	198
                                    UNIQUE READS:
                   Uniquely mapped reads number |	34371068
                        Uniquely mapped reads % |	93.29%
                          Average mapped length |	197.06
                       Number of splices: Total |	18747288
            Number of splices: Annotated (sjdb) |	18677764
                       Number of splices: GT/AG |	18445888
                       Number of splices: GC/AG |	161792
                       Number of splices: AT/AC |	16388
               Number of splices: Non-canonical |	123220
                      Mismatch rate per base, % |	0.78%
                         Deletion rate per base |	0.05%
                        Deletion average length |	2.14
                        Insertion rate per base |	0.03%
                       Insertion average length |	2.11
                             MULTI-MAPPING READS:
        Number of reads mapped to multiple loci |	837211
             % of reads mapped to multiple loci |	2.27%
        Number of reads mapped to too many loci |	78688
             % of reads mapped to too many loci |	0.21%
                                  UNMAPPED READS:
  Number of reads unmapped: too many mismatches |	0
       % of reads unmapped: too many mismatches |	0.00%
            Number of reads unmapped: too short |	1479405
                 % of reads unmapped: too short |	4.02%
                Number of reads unmapped: other |	76109
                     % of reads unmapped: other |	0.21%
                                  CHIMERIC READS:
                       Number of chimeric reads |	0
                            % of chimeric reads |	0.00%
