           Time    Speed        Read     Read   Mapped   Mapped   Mapped   Mapped Unmapped Unmapped Unmapped Unmapped
                    M/hr      number   length   unique   length   MMrate    multi   multi+       MM    short    other
Aug 11 13:23:51	Started 1st pass mapping
Aug 11 13:24:11     21.0      116505      198    93.5%    197.0     0.8%     2.2%     0.2%     0.0%     3.9%     0.2%
Aug 11 13:25:11    266.6     5923691      198    93.3%    197.0     0.8%     2.2%     0.2%     0.0%     4.2%     0.2%
Aug 11 13:26:11    316.3    12298745      198    93.3%    197.0     0.8%     2.2%     0.2%     0.0%     4.1%     0.2%
Aug 11 13:27:11    325.4    18080270      198    93.3%    197.0     0.8%     2.2%     0.2%     0.0%     4.1%     0.2%
Aug 11 13:28:11    327.2    23630279      198    93.4%    197.0     0.8%     2.2%     0.2%     0.0%     4.1%     0.2%
Aug 11 13:29:11    332.2    29527324      198    93.4%    197.0     0.8%     2.2%     0.2%     0.0%     4.0%     0.2%
Aug 11 13:30:12    332.8    35223661      198    93.4%    197.0     0.8%     2.2%     0.2%     0.0%     4.0%     0.2%
Aug 11 13:30:22	Finished 1st pass mapping
Aug 11 13:32:42    153.5     2557690      198    93.2%    197.0     0.8%     2.3%     0.2%     0.0%     4.0%     0.2%
Aug 11 13:33:45    207.3     7084424      198    93.2%    197.0     0.8%     2.3%     0.2%     0.0%     4.1%     0.2%
Aug 11 13:34:48    222.4    11489338      198    93.2%    197.0     0.8%     2.3%     0.2%     0.0%     4.1%     0.2%
Aug 11 13:35:48    230.7    15767626      198    93.2%    197.0     0.8%     2.3%     0.2%     0.0%     4.1%     0.2%
Aug 11 13:36:50    233.0    19930319      198    93.2%    197.0     0.8%     2.3%     0.2%     0.0%     4.1%     0.2%
Aug 11 13:37:50    236.8    24208497      198    93.3%    197.0     0.8%     2.3%     0.2%     0.0%     4.0%     0.2%
Aug 11 13:38:52    237.5    28371121      198    93.3%    197.1     0.8%     2.3%     0.2%     0.0%     4.0%     0.2%
Aug 11 13:39:54    239.7    32764730      198    93.3%    197.1     0.8%     2.3%     0.2%     0.0%     4.0%     0.2%
ALL DONE!
