                                 Started job on |	May 12 16:09:11
                             Started mapping on |	May 12 16:18:16
                                    Finished on |	May 12 16:27:08
       Mapping speed, Million of reads per hour |	281.21

                          Number of input reads |	41556899
                      Average input read length |	198
                                    UNIQUE READS:
                   Uniquely mapped reads number |	38897781
                        Uniquely mapped reads % |	93.60%
                          Average mapped length |	196.87
                       Number of splices: Total |	20450406
            Number of splices: Annotated (sjdb) |	20379458
                       Number of splices: GT/AG |	20110680
                       Number of splices: GC/AG |	181517
                       Number of splices: AT/AC |	19981
               Number of splices: Non-canonical |	138228
                      Mismatch rate per base, % |	0.73%
                         Deletion rate per base |	0.05%
                        Deletion average length |	2.16
                        Insertion rate per base |	0.03%
                       Insertion average length |	2.08
                             MULTI-MAPPING READS:
        Number of reads mapped to multiple loci |	964439
             % of reads mapped to multiple loci |	2.32%
        Number of reads mapped to too many loci |	104323
             % of reads mapped to too many loci |	0.25%
                                  UNMAPPED READS:
  Number of reads unmapped: too many mismatches |	0
       % of reads unmapped: too many mismatches |	0.00%
            Number of reads unmapped: too short |	1469449
                 % of reads unmapped: too short |	3.54%
                Number of reads unmapped: other |	120907
                     % of reads unmapped: other |	0.29%
                                  CHIMERIC READS:
                       Number of chimeric reads |	0
                            % of chimeric reads |	0.00%
