                                 Started job on |	Aug 11 13:23:31
                             Started mapping on |	Aug 11 13:30:54
                                    Finished on |	Aug 11 13:38:50
       Mapping speed, Million of reads per hour |	318.88

                          Number of input reads |	42163205
                      Average input read length |	198
                                    UNIQUE READS:
                   Uniquely mapped reads number |	39391635
                        Uniquely mapped reads % |	93.43%
                          Average mapped length |	196.83
                       Number of splices: Total |	20706139
            Number of splices: Annotated (sjdb) |	20629006
                       Number of splices: GT/AG |	20367764
                       Number of splices: GC/AG |	180767
                       Number of splices: AT/AC |	20883
               Number of splices: Non-canonical |	136725
                      Mismatch rate per base, % |	0.76%
                         Deletion rate per base |	0.05%
                        Deletion average length |	2.15
                        Insertion rate per base |	0.03%
                       Insertion average length |	2.08
                             MULTI-MAPPING READS:
        Number of reads mapped to multiple loci |	979251
             % of reads mapped to multiple loci |	2.32%
        Number of reads mapped to too many loci |	103295
             % of reads mapped to too many loci |	0.24%
                                  UNMAPPED READS:
  Number of reads unmapped: too many mismatches |	0
       % of reads unmapped: too many mismatches |	0.00%
            Number of reads unmapped: too short |	1569414
                 % of reads unmapped: too short |	3.72%
                Number of reads unmapped: other |	119610
                     % of reads unmapped: other |	0.28%
                                  CHIMERIC READS:
                       Number of chimeric reads |	0
                            % of chimeric reads |	0.00%
