           Time    Speed        Read     Read   Mapped   Mapped   Mapped   Mapped Unmapped Unmapped Unmapped Unmapped
                    M/hr      number   length   unique   length   MMrate    multi   multi+       MM    short    other
May 12 16:09:25	Started 1st pass mapping
May 12 16:09:47     19.1      116642      198    93.5%    196.8     0.8%     2.3%     0.2%     0.0%     3.7%     0.3%
May 12 16:10:48    262.3     6046377      198    93.7%    196.8     0.7%     2.2%     0.3%     0.0%     3.6%     0.3%
May 12 16:11:48    295.4    11733220      198    93.7%    196.8     0.7%     2.2%     0.3%     0.0%     3.6%     0.3%
May 12 16:12:48    312.8    17636469      198    93.7%    196.8     0.7%     2.2%     0.3%     0.0%     3.6%     0.3%
May 12 16:13:48    317.5    23192658      198    93.7%    196.8     0.7%     2.2%     0.3%     0.0%     3.6%     0.3%
May 12 16:14:48    323.0    28980401      198    93.7%    196.8     0.7%     2.2%     0.3%     0.0%     3.5%     0.3%
May 12 16:15:48    329.0    34999166      198    93.7%    196.8     0.7%     2.2%     0.3%     0.0%     3.6%     0.3%
May 12 16:16:48    332.4    40902185      198    93.7%    196.8     0.7%     2.2%     0.3%     0.0%     3.6%     0.3%
May 12 16:16:54	Finished 1st pass mapping
May 12 16:19:16    216.4     3606192      198    93.5%    196.8     0.7%     2.3%     0.3%     0.0%     3.6%     0.3%
May 12 16:20:20    249.8     8602579      198    93.6%    196.9     0.7%     2.3%     0.3%     0.0%     3.5%     0.3%
May 12 16:21:20    274.9    14048253      198    93.6%    196.9     0.7%     2.3%     0.3%     0.0%     3.5%     0.3%
May 12 16:22:20    273.9    18562499      198    93.6%    196.9     0.7%     2.3%     0.3%     0.0%     3.5%     0.3%
May 12 16:23:22    274.2    23308400      198    93.6%    196.9     0.7%     2.3%     0.3%     0.0%     3.5%     0.3%
May 12 16:24:23    278.6    28401728      198    93.6%    196.9     0.7%     2.3%     0.3%     0.0%     3.5%     0.3%
May 12 16:25:27    276.9    33147453      198    93.6%    196.9     0.7%     2.3%     0.3%     0.0%     3.5%     0.3%
May 12 16:26:27    279.5    38124345      198    93.6%    196.9     0.7%     2.3%     0.3%     0.0%     3.5%     0.3%
ALL DONE!
