                                 Started job on |	May 12 15:11:09
                             Started mapping on |	May 12 15:18:55
                                    Finished on |	May 12 15:28:05
       Mapping speed, Million of reads per hour |	293.55

                          Number of input reads |	44848252
                      Average input read length |	198
                                    UNIQUE READS:
                   Uniquely mapped reads number |	41883950
                        Uniquely mapped reads % |	93.39%
                          Average mapped length |	196.82
                       Number of splices: Total |	22637610
            Number of splices: Annotated (sjdb) |	22552868
                       Number of splices: GT/AG |	22264502
                       Number of splices: GC/AG |	197706
                       Number of splices: AT/AC |	21137
               Number of splices: Non-canonical |	154265
                      Mismatch rate per base, % |	0.73%
                         Deletion rate per base |	0.05%
                        Deletion average length |	2.15
                        Insertion rate per base |	0.03%
                       Insertion average length |	2.11
                             MULTI-MAPPING READS:
        Number of reads mapped to multiple loci |	1011552
             % of reads mapped to multiple loci |	2.26%
        Number of reads mapped to too many loci |	128798
             % of reads mapped to too many loci |	0.29%
                                  UNMAPPED READS:
  Number of reads unmapped: too many mismatches |	0
       % of reads unmapped: too many mismatches |	0.00%
            Number of reads unmapped: too short |	1666003
                 % of reads unmapped: too short |	3.71%
                Number of reads unmapped: other |	157949
                     % of reads unmapped: other |	0.35%
                                  CHIMERIC READS:
                       Number of chimeric reads |	0
                            % of chimeric reads |	0.00%
