           Time    Speed        Read     Read   Mapped   Mapped   Mapped   Mapped Unmapped Unmapped Unmapped Unmapped
                    M/hr      number   length   unique   length   MMrate    multi   multi+       MM    short    other
May 12 15:11:27	Started 1st pass mapping
May 12 15:11:38     38.3      117111      198    93.5%    196.7     0.8%     2.1%     0.3%     0.0%     3.8%     0.3%
May 12 15:12:38    377.3     7442040      198    93.5%    196.8     0.7%     2.1%     0.3%     0.0%     3.7%     0.3%
May 12 15:13:38    405.2    14745761      198    93.5%    196.8     0.7%     2.1%     0.3%     0.0%     3.7%     0.3%
May 12 15:14:38    413.2    21923764      198    93.5%    196.8     0.7%     2.1%     0.3%     0.0%     3.7%     0.3%
May 12 15:15:40    414.1    29101311      198    93.5%    196.8     0.7%     2.1%     0.3%     0.0%     3.7%     0.3%
May 12 15:16:41    414.6    36163061      198    93.5%    196.8     0.7%     2.1%     0.3%     0.0%     3.7%     0.3%
May 12 15:17:41    415.0    43108873      198    93.5%    196.8     0.7%     2.1%     0.3%     0.0%     3.7%     0.3%
May 12 15:17:53	Finished 1st pass mapping
May 12 15:19:55    230.4     3839358      198    93.3%    196.8     0.7%     2.2%     0.3%     0.0%     3.8%     0.4%
May 12 15:20:57    264.2     8952920      198    93.4%    196.8     0.7%     2.2%     0.3%     0.0%     3.7%     0.4%
May 12 15:21:58    281.0    14282702      198    93.4%    196.8     0.7%     2.2%     0.3%     0.0%     3.7%     0.4%
May 12 15:22:59    289.3    19608227      198    93.4%    196.8     0.7%     2.2%     0.3%     0.0%     3.7%     0.4%
May 12 15:23:59    289.8    24470629      198    93.4%    196.8     0.7%     2.2%     0.3%     0.0%     3.7%     0.4%
May 12 15:25:00    290.5    29448575      198    93.4%    196.8     0.7%     2.2%     0.3%     0.0%     3.7%     0.4%
May 12 15:26:00    291.6    34426628      198    93.4%    196.8     0.7%     2.2%     0.3%     0.0%     3.7%     0.4%
May 12 15:27:01    291.9    39404374      198    93.4%    196.8     0.7%     2.3%     0.3%     0.0%     3.7%     0.4%
May 12 15:28:01    294.2    44616784      198    93.4%    196.8     0.7%     2.3%     0.3%     0.0%     3.7%     0.4%
ALL DONE!
