           Time    Speed        Read     Read   Mapped   Mapped   Mapped   Mapped Unmapped Unmapped Unmapped Unmapped
                    M/hr      number   length   unique   length   MMrate    multi   multi+       MM    short    other
Aug 11 13:31:41	Started 1st pass mapping
Aug 11 13:31:56     28.1      117048      198    93.4%    196.8     0.7%     2.1%     0.3%     0.0%     3.8%     0.3%
Aug 11 13:33:04    327.8     7557369      198    93.2%    196.7     0.8%     2.1%     0.3%     0.0%     4.0%     0.3%
Aug 11 13:34:04    333.3    13239167      198    93.3%    196.7     0.8%     2.1%     0.3%     0.0%     4.0%     0.3%
Aug 11 13:35:04    335.4    18911563      198    93.3%    196.7     0.8%     2.1%     0.3%     0.0%     4.0%     0.3%
Aug 11 13:36:04    334.9    24468169      198    93.3%    196.7     0.8%     2.1%     0.3%     0.0%     4.0%     0.3%
Aug 11 13:37:05    334.9    30140273      198    93.3%    196.7     0.8%     2.1%     0.3%     0.0%     3.9%     0.3%
Aug 11 13:38:06    334.9    35812659      198    93.3%    196.7     0.8%     2.1%     0.3%     0.0%     3.9%     0.3%
Aug 11 13:39:07    335.8    41600164      198    93.3%    196.7     0.8%     2.1%     0.3%     0.0%     3.9%     0.3%
Aug 11 13:39:35	Finished 1st pass mapping
Aug 11 13:41:49    167.6     2793072      198    93.2%    196.8     0.8%     2.3%     0.3%     0.0%     3.9%     0.3%
Aug 11 13:42:49    226.7     7557369      198    93.1%    196.7     0.8%     2.2%     0.3%     0.0%     4.0%     0.3%
Aug 11 13:43:49    246.3    12313124      198    93.2%    196.7     0.8%     2.2%     0.3%     0.0%     4.0%     0.3%
Aug 11 13:44:49    257.6    17175120      198    93.1%    196.7     0.8%     2.2%     0.3%     0.0%     4.0%     0.3%
Aug 11 13:45:49    263.1    21921379      198    93.2%    196.7     0.8%     2.2%     0.3%     0.0%     4.0%     0.4%
Aug 11 13:46:49    265.5    26551724      198    93.2%    196.8     0.8%     2.3%     0.3%     0.0%     3.9%     0.3%
Aug 11 13:47:49    267.3    31182091      198    93.2%    196.8     0.8%     2.3%     0.3%     0.0%     3.9%     0.3%
Aug 11 13:48:49    269.5    35928436      198    93.2%    196.8     0.8%     2.3%     0.3%     0.0%     3.9%     0.3%
Aug 11 13:49:50    270.7    40674100      198    93.2%    196.8     0.8%     2.3%     0.3%     0.0%     3.9%     0.3%
ALL DONE!
