                                 Started job on |	May 12 15:14:11
                             Started mapping on |	May 12 15:22:44
                                    Finished on |	May 12 15:32:34
       Mapping speed, Million of reads per hour |	257.53

                          Number of input reads |	42206323
                      Average input read length |	198
                                    UNIQUE READS:
                   Uniquely mapped reads number |	39247294
                        Uniquely mapped reads % |	92.99%
                          Average mapped length |	196.95
                       Number of splices: Total |	20862745
            Number of splices: Annotated (sjdb) |	20783233
                       Number of splices: GT/AG |	20514876
                       Number of splices: GC/AG |	178013
                       Number of splices: AT/AC |	20138
               Number of splices: Non-canonical |	149718
                      Mismatch rate per base, % |	0.74%
                         Deletion rate per base |	0.05%
                        Deletion average length |	2.14
                        Insertion rate per base |	0.03%
                       Insertion average length |	2.11
                             MULTI-MAPPING READS:
        Number of reads mapped to multiple loci |	997898
             % of reads mapped to multiple loci |	2.36%
        Number of reads mapped to too many loci |	154113
             % of reads mapped to too many loci |	0.37%
                                  UNMAPPED READS:
  Number of reads unmapped: too many mismatches |	0
       % of reads unmapped: too many mismatches |	0.00%
            Number of reads unmapped: too short |	1608629
                 % of reads unmapped: too short |	3.81%
                Number of reads unmapped: other |	198389
                     % of reads unmapped: other |	0.47%
                                  CHIMERIC READS:
                       Number of chimeric reads |	0
                            % of chimeric reads |	0.00%
