                                 Started job on |	Aug 11 13:23:56
                             Started mapping on |	Aug 11 13:32:03
                                    Finished on |	Aug 11 13:40:49
       Mapping speed, Million of reads per hour |	287.99

                          Number of input reads |	42078172
                      Average input read length |	198
                                    UNIQUE READS:
                   Uniquely mapped reads number |	39038033
                        Uniquely mapped reads % |	92.78%
                          Average mapped length |	196.90
                       Number of splices: Total |	20711077
            Number of splices: Annotated (sjdb) |	20632410
                       Number of splices: GT/AG |	20373285
                       Number of splices: GC/AG |	176320
                       Number of splices: AT/AC |	19562
               Number of splices: Non-canonical |	141910
                      Mismatch rate per base, % |	0.78%
                         Deletion rate per base |	0.05%
                        Deletion average length |	2.14
                        Insertion rate per base |	0.03%
                       Insertion average length |	2.12
                             MULTI-MAPPING READS:
        Number of reads mapped to multiple loci |	1000501
             % of reads mapped to multiple loci |	2.38%
        Number of reads mapped to too many loci |	152833
             % of reads mapped to too many loci |	0.36%
                                  UNMAPPED READS:
  Number of reads unmapped: too many mismatches |	0
       % of reads unmapped: too many mismatches |	0.00%
            Number of reads unmapped: too short |	1691883
                 % of reads unmapped: too short |	4.02%
                Number of reads unmapped: other |	194922
                     % of reads unmapped: other |	0.46%
                                  CHIMERIC READS:
                       Number of chimeric reads |	0
                            % of chimeric reads |	0.00%
