           Time    Speed        Read     Read   Mapped   Mapped   Mapped   Mapped Unmapped Unmapped Unmapped Unmapped
                    M/hr      number   length   unique   length   MMrate    multi   multi+       MM    short    other
May 12 15:14:17	Started 1st pass mapping
May 12 15:14:34     24.8      117021      198    92.9%    196.8     0.8%     2.2%     0.4%     0.0%     4.1%     0.4%
May 12 15:15:34    309.8     6625285      198    93.1%    196.9     0.7%     2.2%     0.4%     0.0%     3.8%     0.5%
May 12 15:16:34    335.6    12771132      198    93.1%    196.9     0.7%     2.2%     0.4%     0.0%     3.8%     0.5%
May 12 15:17:40    331.1    18672587      198    93.1%    196.9     0.7%     2.2%     0.4%     0.0%     3.8%     0.5%
May 12 15:18:41    333.5    24458179      198    93.1%    196.9     0.7%     2.3%     0.4%     0.0%     3.8%     0.4%
May 12 15:19:41    338.6    30475237      198    93.1%    196.9     0.7%     2.3%     0.4%     0.0%     3.8%     0.4%
May 12 15:20:42    336.9    36029063      198    93.1%    196.9     0.7%     2.3%     0.4%     0.0%     3.8%     0.4%
May 12 15:21:39	Finished 1st pass mapping
May 12 15:23:44    195.4     3256632      198    92.9%    196.9     0.7%     2.4%     0.4%     0.0%     3.9%     0.5%
May 12 15:24:44    233.6     7786818      198    93.0%    196.9     0.7%     2.4%     0.4%     0.0%     3.8%     0.5%
May 12 15:25:44    239.2    11961149      198    93.0%    196.9     0.7%     2.4%     0.4%     0.0%     3.8%     0.5%
May 12 15:26:46    245.1    16473946      198    93.0%    196.9     0.7%     2.4%     0.4%     0.0%     3.8%     0.5%
May 12 15:27:46    248.8    20871297      198    93.0%    197.0     0.7%     2.4%     0.4%     0.0%     3.8%     0.5%
May 12 15:28:46    247.8    24920985      198    93.0%    197.0     0.7%     2.4%     0.4%     0.0%     3.8%     0.5%
May 12 15:29:46    251.1    29433857      198    93.0%    197.0     0.7%     2.4%     0.4%     0.0%     3.8%     0.5%
May 12 15:30:46    252.7    33830664      198    93.0%    196.9     0.7%     2.4%     0.4%     0.0%     3.8%     0.5%
May 12 15:31:46    250.8    37764617      198    93.0%    196.9     0.7%     2.4%     0.4%     0.0%     3.8%     0.5%
ALL DONE!
