           Time    Speed        Read     Read   Mapped   Mapped   Mapped   Mapped Unmapped Unmapped Unmapped Unmapped
                    M/hr      number   length   unique   length   MMrate    multi   multi+       MM    short    other
May 12 14:47:14	Started 1st pass mapping
May 12 14:47:30     26.3      117005      198    93.0%    196.9     0.7%     2.2%     0.4%     0.0%     4.0%     0.4%
May 12 14:48:30    324.8     6856627      198    92.8%    196.8     0.8%     2.2%     0.4%     0.0%     4.2%     0.4%
May 12 14:49:37    330.2    13116649      198    92.8%    196.8     0.8%     2.2%     0.4%     0.0%     4.1%     0.4%
May 12 14:50:37    347.5    19596164      198    92.8%    196.8     0.8%     2.2%     0.4%     0.0%     4.1%     0.4%
May 12 14:51:38    352.4    25844031      198    92.9%    196.8     0.8%     2.3%     0.4%     0.0%     4.1%     0.4%
May 12 14:52:42    347.2    31629235      198    92.9%    196.8     0.8%     2.3%     0.4%     0.0%     4.1%     0.4%
May 12 14:53:42    351.4    37876834      198    92.9%    196.9     0.8%     2.3%     0.4%     0.0%     4.1%     0.4%
May 12 14:54:15	Finished 1st pass mapping
May 12 14:56:25    192.2     3256226      198    92.7%    196.9     0.8%     2.4%     0.4%     0.0%     4.1%     0.5%
May 12 14:57:27    221.1     7553508      198    92.7%    196.9     0.8%     2.4%     0.4%     0.0%     4.1%     0.5%
May 12 14:58:27    230.7    11728242      198    92.7%    196.9     0.8%     2.4%     0.4%     0.0%     4.1%     0.5%
May 12 14:59:27    237.2    16009277      198    92.7%    196.9     0.8%     2.4%     0.4%     0.0%     4.1%     0.5%
May 12 15:00:27    241.1    20290433      198    92.7%    196.9     0.8%     2.4%     0.4%     0.0%     4.1%     0.5%
May 12 15:01:28    241.9    24455685      198    92.7%    196.9     0.8%     2.4%     0.4%     0.0%     4.1%     0.5%
May 12 15:02:30    243.8    28852302      198    92.7%    196.9     0.8%     2.4%     0.4%     0.0%     4.0%     0.5%
May 12 15:03:31    248.3    33596056      198    92.8%    196.9     0.8%     2.4%     0.4%     0.0%     4.0%     0.5%
May 12 15:04:31    253.8    38570983      198    92.8%    196.9     0.8%     2.4%     0.4%     0.0%     4.0%     0.5%
ALL DONE!
