                                 Started job on |	May 12 15:05:10
                             Started mapping on |	May 12 15:14:15
                                    Finished on |	May 12 15:24:24
       Mapping speed, Million of reads per hour |	222.70

                          Number of input reads |	37674237
                      Average input read length |	198
                                    UNIQUE READS:
                   Uniquely mapped reads number |	35269658
                        Uniquely mapped reads % |	93.62%
                          Average mapped length |	196.84
                       Number of splices: Total |	19228849
            Number of splices: Annotated (sjdb) |	19157479
                       Number of splices: GT/AG |	18915233
                       Number of splices: GC/AG |	166742
                       Number of splices: AT/AC |	19538
               Number of splices: Non-canonical |	127336
                      Mismatch rate per base, % |	0.74%
                         Deletion rate per base |	0.05%
                        Deletion average length |	2.15
                        Insertion rate per base |	0.03%
                       Insertion average length |	2.12
                             MULTI-MAPPING READS:
        Number of reads mapped to multiple loci |	862091
             % of reads mapped to multiple loci |	2.29%
        Number of reads mapped to too many loci |	79153
             % of reads mapped to too many loci |	0.21%
                                  UNMAPPED READS:
  Number of reads unmapped: too many mismatches |	0
       % of reads unmapped: too many mismatches |	0.00%
            Number of reads unmapped: too short |	1389911
                 % of reads unmapped: too short |	3.69%
                Number of reads unmapped: other |	73424
                     % of reads unmapped: other |	0.19%
                                  CHIMERIC READS:
                       Number of chimeric reads |	0
                            % of chimeric reads |	0.00%
