           Time    Speed        Read     Read   Mapped   Mapped   Mapped   Mapped Unmapped Unmapped Unmapped Unmapped
                    M/hr      number   length   unique   length   MMrate    multi   multi+       MM    short    other
May 12 15:05:30	Started 1st pass mapping
May 12 15:05:49     22.1      116653      198    93.7%    196.7     0.8%     2.2%     0.2%     0.0%     3.7%     0.2%
May 12 15:06:53    247.2     5698206      198    93.7%    196.8     0.7%     2.2%     0.2%     0.0%     3.7%     0.2%
May 12 15:07:55    279.8    11271233      198    93.7%    196.8     0.7%     2.2%     0.2%     0.0%     3.7%     0.2%
May 12 15:08:59    289.9    16827985      198    93.8%    196.8     0.7%     2.2%     0.2%     0.0%     3.7%     0.2%
May 12 15:10:02    291.7    22037198      198    93.8%    196.8     0.7%     2.2%     0.2%     0.0%     3.7%     0.2%
May 12 15:11:03    297.1    27478079      198    93.8%    196.8     0.7%     2.2%     0.2%     0.0%     3.7%     0.2%
May 12 15:12:04    294.4    32223990      198    93.7%    196.8     0.7%     2.2%     0.2%     0.0%     3.7%     0.2%
May 12 15:13:04    298.7    37674237      198    93.7%    196.8     0.7%     2.2%     0.2%     0.0%     3.7%     0.2%
May 12 15:13:05	Finished 1st pass mapping
May 12 15:15:16    226.6     3838981      198    93.6%    196.8     0.7%     2.3%     0.2%     0.0%     3.8%     0.2%
May 12 15:16:16    231.8     7789796      198    93.6%    196.8     0.7%     2.3%     0.2%     0.0%     3.7%     0.2%
May 12 15:17:19    227.3    11618558      198    93.6%    196.8     0.7%     2.3%     0.2%     0.0%     3.7%     0.2%
May 12 15:18:20    228.6    15554565      198    93.7%    196.8     0.7%     2.3%     0.2%     0.0%     3.7%     0.2%
May 12 15:19:21    226.6    19259144      198    93.7%    196.8     0.7%     2.3%     0.2%     0.0%     3.7%     0.2%
May 12 15:20:21    225.9    22963385      198    93.7%    196.8     0.7%     2.3%     0.2%     0.0%     3.7%     0.2%
May 12 15:21:23    224.3    26667713      198    93.7%    196.8     0.7%     2.3%     0.2%     0.0%     3.7%     0.2%
May 12 15:22:23    222.3    30140438      198    93.6%    196.8     0.7%     2.3%     0.2%     0.0%     3.7%     0.2%
May 12 15:23:23    220.8    33612998      198    93.6%    196.8     0.7%     2.3%     0.2%     0.0%     3.7%     0.2%
May 12 15:24:23    222.4    37558464      198    93.6%    196.8     0.7%     2.3%     0.2%     0.0%     3.7%     0.2%
ALL DONE!
