                                 Started job on |	Aug 11 13:24:30
                             Started mapping on |	Aug 11 13:31:41
                                    Finished on |	Aug 11 13:39:43
       Mapping speed, Million of reads per hour |	281.02

                          Number of input reads |	37625517
                      Average input read length |	198
                                    UNIQUE READS:
                   Uniquely mapped reads number |	35158848
                        Uniquely mapped reads % |	93.44%
                          Average mapped length |	196.79
                       Number of splices: Total |	19156868
            Number of splices: Annotated (sjdb) |	19084079
                       Number of splices: GT/AG |	18846145
                       Number of splices: GC/AG |	167630
                       Number of splices: AT/AC |	17246
               Number of splices: Non-canonical |	125847
                      Mismatch rate per base, % |	0.78%
                         Deletion rate per base |	0.05%
                        Deletion average length |	2.15
                        Insertion rate per base |	0.03%
                       Insertion average length |	2.12
                             MULTI-MAPPING READS:
        Number of reads mapped to multiple loci |	858110
             % of reads mapped to multiple loci |	2.28%
        Number of reads mapped to too many loci |	78710
             % of reads mapped to too many loci |	0.21%
                                  UNMAPPED READS:
  Number of reads unmapped: too many mismatches |	0
       % of reads unmapped: too many mismatches |	0.00%
            Number of reads unmapped: too short |	1458475
                 % of reads unmapped: too short |	3.88%
                Number of reads unmapped: other |	71374
                     % of reads unmapped: other |	0.19%
                                  CHIMERIC READS:
                       Number of chimeric reads |	0
                            % of chimeric reads |	0.00%
