                                 Started job on |	May 12 16:09:11
                             Started mapping on |	May 12 16:18:39
                                    Finished on |	May 12 16:28:20
       Mapping speed, Million of reads per hour |	275.03

                          Number of input reads |	44387038
                      Average input read length |	198
                                    UNIQUE READS:
                   Uniquely mapped reads number |	41487301
                        Uniquely mapped reads % |	93.47%
                          Average mapped length |	196.87
                       Number of splices: Total |	22008950
            Number of splices: Annotated (sjdb) |	21916909
                       Number of splices: GT/AG |	21646074
                       Number of splices: GC/AG |	189076
                       Number of splices: AT/AC |	20002
               Number of splices: Non-canonical |	153798
                      Mismatch rate per base, % |	0.74%
                         Deletion rate per base |	0.06%
                        Deletion average length |	2.11
                        Insertion rate per base |	0.03%
                       Insertion average length |	2.12
                             MULTI-MAPPING READS:
        Number of reads mapped to multiple loci |	984487
             % of reads mapped to multiple loci |	2.22%
        Number of reads mapped to too many loci |	89481
             % of reads mapped to too many loci |	0.20%
                                  UNMAPPED READS:
  Number of reads unmapped: too many mismatches |	0
       % of reads unmapped: too many mismatches |	0.00%
            Number of reads unmapped: too short |	1748960
                 % of reads unmapped: too short |	3.94%
                Number of reads unmapped: other |	76809
                     % of reads unmapped: other |	0.17%
                                  CHIMERIC READS:
                       Number of chimeric reads |	0
                            % of chimeric reads |	0.00%
