           Time    Speed        Read     Read   Mapped   Mapped   Mapped   Mapped Unmapped Unmapped Unmapped Unmapped
                    M/hr      number   length   unique   length   MMrate    multi   multi+       MM    short    other
Aug 11 13:28:22	Started 1st pass mapping
Aug 11 13:28:34     35.0      116632      198    93.3%    196.7     0.8%     2.1%     0.2%     0.0%     4.2%     0.1%
Aug 11 13:29:35    372.6     7556225      198    93.6%    196.8     0.7%     2.1%     0.2%     0.0%     4.0%     0.1%
Aug 11 13:30:35    399.0    14741903      198    93.6%    196.8     0.7%     2.1%     0.2%     0.0%     4.0%     0.1%
Aug 11 13:31:35    408.8    21918075      198    93.6%    196.8     0.7%     2.1%     0.2%     0.0%     3.9%     0.1%
Aug 11 13:32:35    407.4    28630644      198    93.6%    196.8     0.7%     2.1%     0.2%     0.0%     3.9%     0.1%
Aug 11 13:33:35    405.2    35227636      198    93.6%    196.8     0.7%     2.1%     0.2%     0.0%     4.0%     0.1%
Aug 11 13:34:35    400.3    41477268      198    93.6%    196.8     0.7%     2.1%     0.2%     0.0%     4.0%     0.1%
Aug 11 13:34:57	Finished 1st pass mapping
Aug 11 13:37:02    216.4     3605847      198    93.4%    196.8     0.7%     2.2%     0.2%     0.0%     4.0%     0.2%
Aug 11 13:38:03    252.5     8485704      198    93.5%    196.9     0.7%     2.2%     0.2%     0.0%     3.9%     0.2%
Aug 11 13:39:03    267.9    13468644      198    93.5%    196.9     0.7%     2.2%     0.2%     0.0%     3.9%     0.2%
Aug 11 13:40:04    269.2    18098670      198    93.5%    196.9     0.7%     2.2%     0.2%     0.0%     3.9%     0.2%
Aug 11 13:41:04    276.5    23191155      198    93.5%    196.9     0.7%     2.2%     0.2%     0.0%     3.9%     0.2%
Aug 11 13:42:04    280.1    28167711      198    93.5%    196.9     0.7%     2.2%     0.2%     0.0%     3.9%     0.2%
Aug 11 13:43:04    280.8    32912882      198    93.5%    196.9     0.7%     2.2%     0.2%     0.0%     3.9%     0.2%
Aug 11 13:44:08    278.1    37542311      198    93.5%    196.9     0.7%     2.2%     0.2%     0.0%     3.9%     0.2%
Aug 11 13:45:08    278.8    42287466      198    93.5%    196.9     0.7%     2.2%     0.2%     0.0%     3.9%     0.2%
ALL DONE!
