           Time    Speed        Read     Read   Mapped   Mapped   Mapped   Mapped Unmapped Unmapped Unmapped Unmapped
                    M/hr      number   length   unique   length   MMrate    multi   multi+       MM    short    other
May 12 15:57:08	Started 1st pass mapping
May 12 15:57:23     28.0      116608      198    93.4%    196.8     0.8%     2.1%     0.2%     0.0%     4.1%     0.1%
May 12 15:58:25    353.2     7555231      198    93.3%    196.7     0.8%     2.1%     0.2%     0.0%     4.2%     0.1%
May 12 15:59:25    393.4    14971702      198    93.3%    196.7     0.8%     2.1%     0.2%     0.0%     4.2%     0.1%
May 12 16:00:25    400.5    21915590      198    93.3%    196.8     0.8%     2.1%     0.2%     0.0%     4.2%     0.1%
May 12 16:01:25    397.8    28396350      198    93.4%    196.8     0.8%     2.1%     0.2%     0.0%     4.2%     0.1%
May 12 16:02:25    404.0    35571749      198    93.4%    196.8     0.8%     2.1%     0.2%     0.0%     4.1%     0.1%
May 12 16:03:25    406.0    42515179      198    93.4%    196.8     0.8%     2.1%     0.2%     0.0%     4.1%     0.1%
May 12 16:03:36	Finished 1st pass mapping
May 12 16:05:41    237.2     3953960      198    93.2%    196.8     0.8%     2.2%     0.2%     0.0%     4.2%     0.2%
May 12 16:06:41    268.5     8949422      198    93.2%    196.8     0.8%     2.2%     0.2%     0.0%     4.2%     0.2%
May 12 16:07:42    281.7    14161567      198    93.2%    196.8     0.8%     2.2%     0.2%     0.0%     4.2%     0.2%
May 12 16:08:42    287.6    19253669      198    93.2%    196.8     0.8%     2.2%     0.2%     0.0%     4.2%     0.2%
May 12 16:09:43    288.8    24230155      198    93.3%    196.8     0.8%     2.2%     0.2%     0.0%     4.2%     0.2%
May 12 16:10:43    291.6    29322182      198    93.3%    196.8     0.8%     2.2%     0.2%     0.0%     4.1%     0.2%
May 12 16:11:43    293.6    34414465      198    93.3%    196.8     0.8%     2.2%     0.2%     0.0%     4.1%     0.2%
May 12 16:12:43    294.2    39390664      198    93.3%    196.8     0.8%     2.2%     0.2%     0.0%     4.1%     0.2%
ALL DONE!
