           Time    Speed        Read     Read   Mapped   Mapped   Mapped   Mapped Unmapped Unmapped Unmapped Unmapped
                    M/hr      number   length   unique   length   MMrate    multi   multi+       MM    short    other
May 12 14:47:14	Started 1st pass mapping
May 12 14:47:30     26.3      117006      198    93.5%    196.9     0.8%     2.1%     0.2%     0.0%     4.0%     0.2%
May 12 14:48:30    352.2     7435343      198    93.7%    197.0     0.7%     2.1%     0.2%     0.0%     3.8%     0.2%
May 12 14:49:31    344.6    13112929      198    93.7%    197.0     0.7%     2.1%     0.2%     0.0%     3.8%     0.2%
May 12 14:50:31    362.2    19822095      198    93.7%    197.0     0.7%     2.1%     0.2%     0.0%     3.8%     0.2%
May 12 14:51:35    359.6    26067793      198    93.7%    197.0     0.7%     2.1%     0.2%     0.0%     3.8%     0.2%
May 12 14:52:35    359.8    32082387      198    93.7%    197.0     0.7%     2.1%     0.2%     0.0%     3.8%     0.2%
May 12 14:53:35    364.3    38559263      198    93.7%    197.0     0.7%     2.1%     0.2%     0.0%     3.8%     0.2%
May 12 14:53:43	Finished 1st pass mapping
May 12 14:55:46    226.4     3835886      198    93.5%    197.0     0.7%     2.2%     0.2%     0.0%     3.9%     0.2%
May 12 14:56:46    252.3     8480350      198    93.6%    197.0     0.7%     2.2%     0.2%     0.0%     3.8%     0.2%
May 12 14:57:46    263.1    13228601      198    93.6%    197.0     0.7%     2.2%     0.2%     0.0%     3.8%     0.2%
May 12 14:58:47    265.6    17855577      198    93.6%    197.0     0.7%     2.2%     0.2%     0.0%     3.8%     0.2%
May 12 14:59:48    267.1    22482161      198    93.6%    197.0     0.7%     2.2%     0.2%     0.0%     3.8%     0.2%
May 12 15:00:49    267.0    26993158      198    93.6%    197.0     0.7%     2.2%     0.2%     0.0%     3.8%     0.2%
May 12 15:01:51    264.3    31272797      198    93.6%    197.0     0.7%     2.2%     0.2%     0.0%     3.8%     0.2%
May 12 15:02:52    264.5    35783475      198    93.6%    197.0     0.7%     2.2%     0.2%     0.0%     3.8%     0.2%
ALL DONE!
