                                 Started job on |	Aug 11 13:23:31
                             Started mapping on |	Aug 11 13:30:51
                                    Finished on |	Aug 11 13:38:45
       Mapping speed, Million of reads per hour |	300.38

                          Number of input reads |	39549743
                      Average input read length |	198
                                    UNIQUE READS:
                   Uniquely mapped reads number |	36926217
                        Uniquely mapped reads % |	93.37%
                          Average mapped length |	196.97
                       Number of splices: Total |	19628414
            Number of splices: Annotated (sjdb) |	19552758
                       Number of splices: GT/AG |	19302275
                       Number of splices: GC/AG |	173440
                       Number of splices: AT/AC |	18573
               Number of splices: Non-canonical |	134126
                      Mismatch rate per base, % |	0.78%
                         Deletion rate per base |	0.05%
                        Deletion average length |	2.14
                        Insertion rate per base |	0.03%
                       Insertion average length |	2.11
                             MULTI-MAPPING READS:
        Number of reads mapped to multiple loci |	879071
             % of reads mapped to multiple loci |	2.22%
        Number of reads mapped to too many loci |	79831
             % of reads mapped to too many loci |	0.20%
                                  UNMAPPED READS:
  Number of reads unmapped: too many mismatches |	0
       % of reads unmapped: too many mismatches |	0.00%
            Number of reads unmapped: too short |	1582794
                 % of reads unmapped: too short |	4.00%
                Number of reads unmapped: other |	81830
                     % of reads unmapped: other |	0.21%
                                  CHIMERIC READS:
                       Number of chimeric reads |	0
                            % of chimeric reads |	0.00%
