                                 Started job on |	May 12 14:46:59
                             Started mapping on |	May 12 14:54:45
                                    Finished on |	May 12 15:03:39
       Mapping speed, Million of reads per hour |	267.63

                          Number of input reads |	39698895
                      Average input read length |	198
                                    UNIQUE READS:
                   Uniquely mapped reads number |	37146905
                        Uniquely mapped reads % |	93.57%
                          Average mapped length |	197.03
                       Number of splices: Total |	19758017
            Number of splices: Annotated (sjdb) |	19679130
                       Number of splices: GT/AG |	19431906
                       Number of splices: GC/AG |	173031
                       Number of splices: AT/AC |	19853
               Number of splices: Non-canonical |	133227
                      Mismatch rate per base, % |	0.74%
                         Deletion rate per base |	0.05%
                        Deletion average length |	2.14
                        Insertion rate per base |	0.03%
                       Insertion average length |	2.11
                             MULTI-MAPPING READS:
        Number of reads mapped to multiple loci |	881689
             % of reads mapped to multiple loci |	2.22%
        Number of reads mapped to too many loci |	80203
             % of reads mapped to too many loci |	0.20%
                                  UNMAPPED READS:
  Number of reads unmapped: too many mismatches |	0
       % of reads unmapped: too many mismatches |	0.00%
            Number of reads unmapped: too short |	1507175
                 % of reads unmapped: too short |	3.80%
                Number of reads unmapped: other |	82923
                     % of reads unmapped: other |	0.21%
                                  CHIMERIC READS:
                       Number of chimeric reads |	0
                            % of chimeric reads |	0.00%
