           Time    Speed        Read     Read   Mapped   Mapped   Mapped   Mapped Unmapped Unmapped Unmapped Unmapped
                    M/hr      number   length   unique   length   MMrate    multi   multi+       MM    short    other
Aug 11 13:23:43	Started 1st pass mapping
Aug 11 13:23:58     28.1      116972      198    93.1%    196.9     0.8%     2.3%     0.3%     0.0%     4.0%     0.3%
Aug 11 13:25:04    335.6     7550994      198    93.0%    196.8     0.8%     2.3%     0.3%     0.0%     4.2%     0.3%
Aug 11 13:26:04    376.1    14731724      198    93.0%    196.8     0.8%     2.3%     0.3%     0.0%     4.2%     0.3%
Aug 11 13:27:04    371.6    20746477      198    93.0%    196.8     0.8%     2.3%     0.3%     0.0%     4.2%     0.3%
Aug 11 13:28:04    380.3    27570619      198    93.0%    196.9     0.8%     2.3%     0.3%     0.0%     4.1%     0.3%
Aug 11 13:29:07    377.0    33932334      198    93.1%    196.9     0.8%     2.3%     0.3%     0.0%     4.1%     0.3%
Aug 11 13:30:07    384.3    40987578      198    93.1%    196.9     0.8%     2.3%     0.3%     0.0%     4.1%     0.3%
Aug 11 13:30:51	Finished 1st pass mapping
Aug 11 13:33:03    226.4     3835595      198    92.9%    196.9     0.8%     2.4%     0.3%     0.0%     4.1%     0.3%
Aug 11 13:34:03    262.7     8828188      198    92.8%    196.9     0.8%     2.4%     0.3%     0.0%     4.2%     0.3%
Aug 11 13:35:03    276.9    13921986      198    92.9%    196.9     0.8%     2.4%     0.3%     0.0%     4.1%     0.3%
Aug 11 13:36:03    278.8    18664401      198    92.9%    196.9     0.8%     2.4%     0.3%     0.0%     4.1%     0.3%
Aug 11 13:37:04    280.4    23522488      198    92.9%    196.9     0.8%     2.4%     0.3%     0.0%     4.1%     0.3%
Aug 11 13:38:04    281.1    28264622      198    92.9%    196.9     0.8%     2.4%     0.3%     0.0%     4.1%     0.3%
Aug 11 13:39:05    280.9    33006945      198    92.9%    196.9     0.8%     2.4%     0.3%     0.0%     4.1%     0.3%
Aug 11 13:40:05    283.1    37980511      198    93.0%    196.9     0.8%     2.4%     0.3%     0.0%     4.0%     0.3%
Aug 11 13:41:05    284.0    42838184      198    93.0%    196.9     0.8%     2.4%     0.3%     0.0%     4.0%     0.3%
ALL DONE!
