                                 Started job on |	May 12 16:06:08
                             Started mapping on |	May 12 16:14:26
                                    Finished on |	May 12 16:23:35
       Mapping speed, Million of reads per hour |	300.89

                          Number of input reads |	45885228
                      Average input read length |	198
                                    UNIQUE READS:
                   Uniquely mapped reads number |	42655009
                        Uniquely mapped reads % |	92.96%
                          Average mapped length |	196.92
                       Number of splices: Total |	21930466
            Number of splices: Annotated (sjdb) |	21839387
                       Number of splices: GT/AG |	21553863
                       Number of splices: GC/AG |	194875
                       Number of splices: AT/AC |	20814
               Number of splices: Non-canonical |	160914
                      Mismatch rate per base, % |	0.79%
                         Deletion rate per base |	0.05%
                        Deletion average length |	2.18
                        Insertion rate per base |	0.04%
                       Insertion average length |	2.10
                             MULTI-MAPPING READS:
        Number of reads mapped to multiple loci |	1112059
             % of reads mapped to multiple loci |	2.42%
        Number of reads mapped to too many loci |	123741
             % of reads mapped to too many loci |	0.27%
                                  UNMAPPED READS:
  Number of reads unmapped: too many mismatches |	0
       % of reads unmapped: too many mismatches |	0.00%
            Number of reads unmapped: too short |	1852077
                 % of reads unmapped: too short |	4.04%
                Number of reads unmapped: other |	142342
                     % of reads unmapped: other |	0.31%
                                  CHIMERIC READS:
                       Number of chimeric reads |	0
                            % of chimeric reads |	0.00%
