           Time    Speed        Read     Read   Mapped   Mapped   Mapped   Mapped Unmapped Unmapped Unmapped Unmapped
                    M/hr      number   length   unique   length   MMrate    multi   multi+       MM    short    other
May 12 16:03:19	Started 1st pass mapping
May 12 16:03:32     32.2      116251      198    93.1%    196.9     0.8%     2.3%     0.3%     0.0%     4.1%     0.3%
May 12 16:04:32    372.4     7551919      198    93.3%    196.9     0.7%     2.3%     0.3%     0.0%     3.9%     0.3%
May 12 16:05:32    401.9    14848929      198    93.3%    196.9     0.7%     2.3%     0.3%     0.0%     3.9%     0.3%
May 12 16:06:32    412.9    22136568      198    93.3%    196.9     0.7%     2.3%     0.3%     0.0%     3.8%     0.3%
May 12 16:07:32    415.4    29192803      198    93.3%    196.9     0.7%     2.3%     0.3%     0.0%     3.8%     0.3%
May 12 16:08:33    418.2    36480338      198    93.3%    196.9     0.7%     2.3%     0.3%     0.0%     3.8%     0.3%
May 12 16:09:33    418.0    43420389      198    93.3%    196.9     0.7%     2.3%     0.3%     0.0%     3.8%     0.3%
May 12 16:09:51	Finished 1st pass mapping
May 12 16:11:55    260.7     4416648      198    93.1%    196.9     0.7%     2.4%     0.3%     0.0%     3.9%     0.3%
May 12 16:12:55    293.8     9874190      198    93.2%    197.0     0.7%     2.4%     0.3%     0.0%     3.8%     0.3%
May 12 16:13:55    304.5    15311641      198    93.2%    197.0     0.7%     2.4%     0.3%     0.0%     3.8%     0.3%
May 12 16:14:55    306.5    20517062      198    93.2%    197.0     0.7%     2.4%     0.3%     0.0%     3.8%     0.3%
May 12 16:15:56    308.0    25838155      198    93.2%    197.0     0.7%     2.4%     0.3%     0.0%     3.8%     0.3%
May 12 16:16:56    311.0    31274967      198    93.2%    197.0     0.7%     2.4%     0.3%     0.0%     3.8%     0.3%
May 12 16:17:57    311.5    36595950      198    93.2%    197.0     0.7%     2.4%     0.3%     0.0%     3.8%     0.3%
May 12 16:18:59    310.3    41801096      198    93.2%    197.0     0.7%     2.4%     0.3%     0.0%     3.8%     0.3%
ALL DONE!
