           Time    Speed        Read     Read   Mapped   Mapped   Mapped   Mapped Unmapped Unmapped Unmapped Unmapped
                    M/hr      number   length   unique   length   MMrate    multi   multi+       MM    short    other
Aug 11 13:25:13	Started 1st pass mapping
Aug 11 13:25:28     28.1      117043      198    93.7%    196.8     0.8%     2.2%     0.2%     0.0%     3.7%     0.2%
Aug 11 13:26:36    327.7     7556224      198    93.6%    196.7     0.8%     2.1%     0.2%     0.0%     3.8%     0.2%
Aug 11 13:27:36    356.6    14163062      198    93.6%    196.7     0.8%     2.1%     0.2%     0.0%     3.8%     0.2%
Aug 11 13:28:41    355.3    20529066      198    93.6%    196.7     0.8%     2.1%     0.2%     0.0%     3.8%     0.2%
Aug 11 13:29:42    361.5    27010333      198    93.7%    196.7     0.8%     2.1%     0.2%     0.0%     3.8%     0.2%
Aug 11 13:30:42    366.5    33491944      198    93.7%    196.7     0.8%     2.1%     0.2%     0.0%     3.8%     0.2%
Aug 11 13:31:34	Finished 1st pass mapping
Aug 11 13:33:44    188.5     3141265      198    93.5%    196.7     0.8%     2.2%     0.2%     0.0%     3.8%     0.2%
Aug 11 13:34:44    226.7     7556224      198    93.5%    196.7     0.8%     2.2%     0.2%     0.0%     3.8%     0.2%
Aug 11 13:35:46    234.4    11848165      198    93.5%    196.7     0.8%     2.2%     0.2%     0.0%     3.8%     0.2%
Aug 11 13:36:46    241.7    16246479      198    93.5%    196.7     0.8%     2.2%     0.2%     0.0%     3.8%     0.2%
Aug 11 13:37:46    244.7    20529066      198    93.5%    196.8     0.8%     2.2%     0.2%     0.0%     3.8%     0.2%
Aug 11 13:38:48    246.5    24927080      198    93.5%    196.8     0.8%     2.2%     0.2%     0.0%     3.8%     0.2%
Aug 11 13:39:48    250.0    29441037      198    93.6%    196.8     0.8%     2.2%     0.2%     0.0%     3.7%     0.2%
Aug 11 13:40:49    256.3    34533476      198    93.6%    196.8     0.8%     2.2%     0.2%     0.0%     3.7%     0.2%
Aug 11 13:41:49    257.2    38931559      198    93.6%    196.8     0.8%     2.2%     0.2%     0.0%     3.7%     0.2%
ALL DONE!
