                                 Started job on |	Aug 11 13:25:02
                             Started mapping on |	Aug 11 13:32:44
                                    Finished on |	Aug 11 13:41:58
       Mapping speed, Million of reads per hour |	258.66

                          Number of input reads |	39805450
                      Average input read length |	198
                                    UNIQUE READS:
                   Uniquely mapped reads number |	37241565
                        Uniquely mapped reads % |	93.56%
                          Average mapped length |	196.78
                       Number of splices: Total |	19874248
            Number of splices: Annotated (sjdb) |	19800733
                       Number of splices: GT/AG |	19549912
                       Number of splices: GC/AG |	171324
                       Number of splices: AT/AC |	18913
               Number of splices: Non-canonical |	134099
                      Mismatch rate per base, % |	0.78%
                         Deletion rate per base |	0.05%
                        Deletion average length |	2.14
                        Insertion rate per base |	0.03%
                       Insertion average length |	2.10
                             MULTI-MAPPING READS:
        Number of reads mapped to multiple loci |	892912
             % of reads mapped to multiple loci |	2.24%
        Number of reads mapped to too many loci |	88783
             % of reads mapped to too many loci |	0.22%
                                  UNMAPPED READS:
  Number of reads unmapped: too many mismatches |	0
       % of reads unmapped: too many mismatches |	0.00%
            Number of reads unmapped: too short |	1488409
                 % of reads unmapped: too short |	3.74%
                Number of reads unmapped: other |	93781
                     % of reads unmapped: other |	0.24%
                                  CHIMERIC READS:
                       Number of chimeric reads |	0
                            % of chimeric reads |	0.00%
