           Time    Speed        Read     Read   Mapped   Mapped   Mapped   Mapped Unmapped Unmapped Unmapped Unmapped
                    M/hr      number   length   unique   length   MMrate    multi   multi+       MM    short    other
Aug 11 13:23:44	Started 1st pass mapping
Aug 11 13:24:01     24.7      116660      198    93.8%    196.7     0.8%     2.1%     0.2%     0.0%     3.6%     0.2%
Aug 11 13:25:01    347.9     7440962      198    93.9%    196.8     0.7%     2.1%     0.2%     0.0%     3.6%     0.2%
Aug 11 13:26:01    350.9    13354455      198    93.9%    196.8     0.7%     2.1%     0.2%     0.0%     3.6%     0.2%
Aug 11 13:27:01    368.8    20184158      198    93.9%    196.8     0.7%     2.1%     0.2%     0.0%     3.6%     0.2%
Aug 11 13:28:02    365.6    26203302      198    93.9%    196.8     0.7%     2.1%     0.2%     0.0%     3.6%     0.2%
Aug 11 13:29:02    370.0    32685003      198    93.9%    196.8     0.7%     2.1%     0.2%     0.0%     3.6%     0.2%
Aug 11 13:30:02    373.4    39210414      198    93.9%    196.8     0.7%     2.1%     0.2%     0.0%     3.6%     0.2%
Aug 11 13:30:07	Finished 1st pass mapping
Aug 11 13:32:18    230.3     3838803      198    93.7%    196.8     0.7%     2.2%     0.2%     0.0%     3.6%     0.2%
Aug 11 13:33:18    265.1     8835357      198    93.8%    196.8     0.7%     2.2%     0.2%     0.0%     3.5%     0.2%
Aug 11 13:34:18    274.0    13701656      198    93.8%    196.8     0.7%     2.2%     0.2%     0.0%     3.6%     0.2%
Aug 11 13:35:19    279.0    18679117      198    93.8%    196.8     0.7%     2.2%     0.2%     0.0%     3.5%     0.2%
Aug 11 13:36:20    282.0    23656477      198    93.8%    196.8     0.7%     2.2%     0.2%     0.0%     3.5%     0.2%
Aug 11 13:37:20    284.8    28633896      198    93.8%    196.8     0.7%     2.2%     0.2%     0.0%     3.5%     0.2%
Aug 11 13:38:20    284.8    33379506      198    93.8%    196.8     0.7%     2.2%     0.2%     0.0%     3.5%     0.2%
Aug 11 13:39:21    283.3    38009210      198    93.7%    196.8     0.7%     2.2%     0.2%     0.0%     3.6%     0.2%
ALL DONE!
