                                 Started job on |	Aug 11 13:23:31
                             Started mapping on |	Aug 11 13:31:18
                                    Finished on |	Aug 11 13:39:38
       Mapping speed, Million of reads per hour |	285.65

                          Number of input reads |	39673437
                      Average input read length |	198
                                    UNIQUE READS:
                   Uniquely mapped reads number |	37193040
                        Uniquely mapped reads % |	93.75%
                          Average mapped length |	196.83
                       Number of splices: Total |	19872407
            Number of splices: Annotated (sjdb) |	19796387
                       Number of splices: GT/AG |	19542077
                       Number of splices: GC/AG |	172337
                       Number of splices: AT/AC |	18819
               Number of splices: Non-canonical |	139174
                      Mismatch rate per base, % |	0.75%
                         Deletion rate per base |	0.05%
                        Deletion average length |	2.15
                        Insertion rate per base |	0.03%
                       Insertion average length |	2.10
                             MULTI-MAPPING READS:
        Number of reads mapped to multiple loci |	889920
             % of reads mapped to multiple loci |	2.24%
        Number of reads mapped to too many loci |	88428
             % of reads mapped to too many loci |	0.22%
                                  UNMAPPED READS:
  Number of reads unmapped: too many mismatches |	0
       % of reads unmapped: too many mismatches |	0.00%
            Number of reads unmapped: too short |	1408783
                 % of reads unmapped: too short |	3.55%
                Number of reads unmapped: other |	93266
                     % of reads unmapped: other |	0.24%
                                  CHIMERIC READS:
                       Number of chimeric reads |	0
                            % of chimeric reads |	0.00%
