                                 Started job on |	May 12 15:35:33
                             Started mapping on |	May 12 15:44:34
                                    Finished on |	May 12 15:54:09
       Mapping speed, Million of reads per hour |	256.46

                          Number of input reads |	40962562
                      Average input read length |	198
                                    UNIQUE READS:
                   Uniquely mapped reads number |	38127718
                        Uniquely mapped reads % |	93.08%
                          Average mapped length |	197.06
                       Number of splices: Total |	20171661
            Number of splices: Annotated (sjdb) |	20091365
                       Number of splices: GT/AG |	19836693
                       Number of splices: GC/AG |	174687
                       Number of splices: AT/AC |	20241
               Number of splices: Non-canonical |	140040
                      Mismatch rate per base, % |	0.74%
                         Deletion rate per base |	0.05%
                        Deletion average length |	2.16
                        Insertion rate per base |	0.03%
                       Insertion average length |	2.11
                             MULTI-MAPPING READS:
        Number of reads mapped to multiple loci |	935319
             % of reads mapped to multiple loci |	2.28%
        Number of reads mapped to too many loci |	119588
             % of reads mapped to too many loci |	0.29%
                                  UNMAPPED READS:
  Number of reads unmapped: too many mismatches |	0
       % of reads unmapped: too many mismatches |	0.00%
            Number of reads unmapped: too short |	1634782
                 % of reads unmapped: too short |	3.99%
                Number of reads unmapped: other |	145155
                     % of reads unmapped: other |	0.35%
                                  CHIMERIC READS:
                       Number of chimeric reads |	0
                            % of chimeric reads |	0.00%
