           Time    Speed        Read     Read   Mapped   Mapped   Mapped   Mapped Unmapped Unmapped Unmapped Unmapped
                    M/hr      number   length   unique   length   MMrate    multi   multi+       MM    short    other
May 12 15:14:17	Started 1st pass mapping
May 12 15:14:32     28.1      116953      198    93.0%    197.0     0.7%     2.2%     0.3%     0.0%     4.2%     0.3%
May 12 15:15:32    289.9     6040455      198    92.9%    196.9     0.8%     2.2%     0.3%     0.0%     4.3%     0.3%
May 12 15:16:32    331.1    12416037      198    92.9%    196.9     0.8%     2.2%     0.3%     0.0%     4.3%     0.3%
May 12 15:17:32    342.4    18545483      198    92.9%    196.9     0.8%     2.2%     0.3%     0.0%     4.3%     0.3%
May 12 15:18:32    338.6    23980637      198    92.9%    196.9     0.8%     2.2%     0.3%     0.0%     4.3%     0.3%
May 12 15:19:33    340.4    29878355      198    93.0%    197.0     0.8%     2.2%     0.3%     0.0%     4.2%     0.3%
May 12 15:20:33    342.5    35775961      198    93.0%    197.0     0.8%     2.2%     0.3%     0.0%     4.2%     0.3%
May 12 15:21:21	Finished 1st pass mapping
May 12 15:23:28    219.1     3834809      198    92.8%    197.0     0.8%     2.3%     0.3%     0.0%     4.3%     0.4%
May 12 15:24:30    240.8     8362160      198    92.8%    197.0     0.8%     2.3%     0.3%     0.0%     4.3%     0.4%
May 12 15:25:30    250.6    12878690      198    92.8%    197.0     0.8%     2.3%     0.3%     0.0%     4.3%     0.4%
May 12 15:26:32    253.4    17388981      198    92.8%    197.0     0.8%     2.3%     0.3%     0.0%     4.3%     0.4%
May 12 15:27:32    256.8    21899117      198    92.8%    197.0     0.8%     2.3%     0.3%     0.0%     4.3%     0.4%
May 12 15:28:32    255.6    26062050      198    92.8%    197.0     0.8%     2.3%     0.3%     0.0%     4.2%     0.3%
May 12 15:29:33    258.1    30687955      198    92.9%    197.0     0.8%     2.3%     0.3%     0.0%     4.2%     0.4%
May 12 15:30:33    259.7    35197866      198    92.9%    197.0     0.8%     2.3%     0.3%     0.0%     4.2%     0.3%
May 12 15:31:33    259.3    39476478      198    92.9%    197.0     0.8%     2.3%     0.3%     0.0%     4.2%     0.4%
ALL DONE!
