           Time    Speed        Read     Read   Mapped   Mapped   Mapped   Mapped Unmapped Unmapped Unmapped Unmapped
                    M/hr      number   length   unique   length   MMrate    multi   multi+       MM    short    other
May 12 15:35:43	Started 1st pass mapping
May 12 15:36:00     24.8      116978      198    93.0%    196.9     0.8%     2.2%     0.3%     0.0%     4.2%     0.3%
May 12 15:37:03    266.6     5925191      198    93.2%    197.0     0.7%     2.2%     0.3%     0.0%     4.0%     0.3%
May 12 15:38:04    299.3    11723429      198    93.2%    197.0     0.7%     2.2%     0.3%     0.0%     4.0%     0.3%
May 12 15:39:04    311.5    17390576      198    93.2%    197.0     0.7%     2.2%     0.3%     0.0%     4.0%     0.3%
May 12 15:40:07    312.8    22941922      198    93.2%    197.0     0.7%     2.2%     0.3%     0.0%     4.0%     0.3%
May 12 15:41:08    315.6    28493141      198    93.2%    197.0     0.7%     2.2%     0.3%     0.0%     4.0%     0.3%
May 12 15:42:09    316.4    33928683      198    93.2%    197.0     0.7%     2.2%     0.3%     0.0%     4.0%     0.3%
May 12 15:43:09    315.9    39132756      198    93.2%    197.0     0.7%     2.2%     0.3%     0.0%     4.0%     0.3%
May 12 15:43:24	Finished 1st pass mapping
May 12 15:45:34    362.5     6041297      198    93.1%    197.1     0.7%     2.3%     0.3%     0.0%     4.0%     0.4%
May 12 15:46:36    305.0    10335653      198    93.1%    197.1     0.7%     2.3%     0.3%     0.0%     4.0%     0.4%
May 12 15:47:37    285.2    14499149      198    93.1%    197.1     0.7%     2.3%     0.3%     0.0%     4.0%     0.4%
May 12 15:48:38    275.4    18662742      198    93.1%    197.1     0.7%     2.3%     0.3%     0.0%     4.0%     0.4%
May 12 15:49:38    270.3    22826263      198    93.1%    197.1     0.7%     2.3%     0.3%     0.0%     4.0%     0.4%
May 12 15:50:39    262.8    26642758      198    93.1%    197.1     0.7%     2.3%     0.3%     0.0%     4.0%     0.4%
May 12 15:51:40    259.4    30690673      198    93.1%    197.1     0.7%     2.3%     0.3%     0.0%     4.0%     0.4%
May 12 15:52:40    256.5    34622556      198    93.1%    197.1     0.7%     2.3%     0.3%     0.0%     4.0%     0.4%
May 12 15:53:41    255.3    38785828      198    93.1%    197.1     0.7%     2.3%     0.3%     0.0%     4.0%     0.4%
ALL DONE!
