                                 Started job on |	Aug 11 13:23:28
                             Started mapping on |	Aug 11 13:30:56
                                    Finished on |	Aug 11 13:39:03
       Mapping speed, Million of reads per hour |	301.83

                          Number of input reads |	40830387
                      Average input read length |	198
                                    UNIQUE READS:
                   Uniquely mapped reads number |	37925701
                        Uniquely mapped reads % |	92.89%
                          Average mapped length |	197.01
                       Number of splices: Total |	20059068
            Number of splices: Annotated (sjdb) |	19982952
                       Number of splices: GT/AG |	19721292
                       Number of splices: GC/AG |	175954
                       Number of splices: AT/AC |	19186
               Number of splices: Non-canonical |	142636
                      Mismatch rate per base, % |	0.78%
                         Deletion rate per base |	0.05%
                        Deletion average length |	2.16
                        Insertion rate per base |	0.03%
                       Insertion average length |	2.11
                             MULTI-MAPPING READS:
        Number of reads mapped to multiple loci |	930008
             % of reads mapped to multiple loci |	2.28%
        Number of reads mapped to too many loci |	117996
             % of reads mapped to too many loci |	0.29%
                                  UNMAPPED READS:
  Number of reads unmapped: too many mismatches |	0
       % of reads unmapped: too many mismatches |	0.00%
            Number of reads unmapped: too short |	1713651
                 % of reads unmapped: too short |	4.20%
                Number of reads unmapped: other |	143031
                     % of reads unmapped: other |	0.35%
                                  CHIMERIC READS:
                       Number of chimeric reads |	0
                            % of chimeric reads |	0.00%
