           Time    Speed        Read     Read   Mapped   Mapped   Mapped   Mapped Unmapped Unmapped Unmapped Unmapped
                    M/hr      number   length   unique   length   MMrate    multi   multi+       MM    short    other
Aug 11 13:24:43	Started 1st pass mapping
Aug 11 13:25:00     24.8      117042      198    93.8%    196.8     0.8%     2.2%     0.2%     0.0%     3.7%     0.2%
Aug 11 13:26:00    347.8     7439124      198    94.0%    196.9     0.7%     2.2%     0.2%     0.0%     3.5%     0.2%
Aug 11 13:27:00    360.0    13698412      198    94.0%    196.9     0.7%     2.1%     0.2%     0.0%     3.5%     0.2%
Aug 11 13:28:01    373.2    20526672      198    94.0%    196.9     0.7%     2.1%     0.2%     0.0%     3.5%     0.2%
Aug 11 13:29:01    375.2    26891521      198    94.0%    196.9     0.7%     2.2%     0.2%     0.0%     3.5%     0.2%
Aug 11 13:30:01    375.2    33140489      198    94.0%    196.9     0.8%     2.1%     0.2%     0.0%     3.5%     0.2%
Aug 11 13:31:01    374.0    39273596      198    94.0%    196.9     0.8%     2.2%     0.2%     0.0%     3.5%     0.2%
Aug 11 13:31:10	Finished 1st pass mapping
Aug 11 13:33:30    202.4     3373118      198    93.8%    196.9     0.8%     2.3%     0.2%     0.0%     3.6%     0.2%
Aug 11 13:34:30    237.1     7903726      198    93.9%    196.9     0.7%     2.3%     0.2%     0.0%     3.5%     0.2%
Aug 11 13:35:30    255.5    12772555      198    93.9%    196.9     0.7%     2.3%     0.2%     0.0%     3.5%     0.2%
Aug 11 13:36:30    268.0    17864658      198    93.9%    196.9     0.7%     2.2%     0.2%     0.0%     3.5%     0.2%
Aug 11 13:37:31    273.2    22841080      198    93.9%    196.9     0.7%     2.3%     0.2%     0.0%     3.5%     0.2%
Aug 11 13:38:32    275.5    27701599      198    93.9%    196.9     0.7%     2.3%     0.2%     0.0%     3.5%     0.2%
Aug 11 13:39:33    278.1    32677604      198    93.9%    196.9     0.7%     2.3%     0.2%     0.0%     3.5%     0.2%
Aug 11 13:40:33    278.1    37306365      198    93.9%    196.9     0.8%     2.3%     0.2%     0.0%     3.5%     0.2%
ALL DONE!
