                                 Started job on |	Aug 11 13:18:57
                             Started mapping on |	Aug 11 13:26:18
                                    Finished on |	Aug 11 13:34:41
       Mapping speed, Million of reads per hour |	289.43

                          Number of input reads |	40440155
                      Average input read length |	198
                                    UNIQUE READS:
                   Uniquely mapped reads number |	37871875
                        Uniquely mapped reads % |	93.65%
                          Average mapped length |	196.84
                       Number of splices: Total |	20590777
            Number of splices: Annotated (sjdb) |	20515642
                       Number of splices: GT/AG |	20250969
                       Number of splices: GC/AG |	186502
                       Number of splices: AT/AC |	20958
               Number of splices: Non-canonical |	132348
                      Mismatch rate per base, % |	0.79%
                         Deletion rate per base |	0.05%
                        Deletion average length |	2.08
                        Insertion rate per base |	0.03%
                       Insertion average length |	2.05
                             MULTI-MAPPING READS:
        Number of reads mapped to multiple loci |	913754
             % of reads mapped to multiple loci |	2.26%
        Number of reads mapped to too many loci |	79523
             % of reads mapped to too many loci |	0.20%
                                  UNMAPPED READS:
  Number of reads unmapped: too many mismatches |	0
       % of reads unmapped: too many mismatches |	0.00%
            Number of reads unmapped: too short |	1501246
                 % of reads unmapped: too short |	3.71%
                Number of reads unmapped: other |	73757
                     % of reads unmapped: other |	0.18%
                                  CHIMERIC READS:
                       Number of chimeric reads |	0
                            % of chimeric reads |	0.00%
