           Time    Speed        Read     Read   Mapped   Mapped   Mapped   Mapped Unmapped Unmapped Unmapped Unmapped
                    M/hr      number   length   unique   length   MMrate    multi   multi+       MM    short    other
May 12 15:20:39	Started 1st pass mapping
May 12 15:20:57     23.4      117007      198    93.8%    196.8     0.8%     2.1%     0.2%     0.0%     3.7%     0.2%
May 12 15:21:57    300.4     6509056      198    93.6%    196.8     0.8%     2.1%     0.2%     0.0%     3.8%     0.2%
May 12 15:22:58    330.8    12771561      198    93.7%    196.8     0.8%     2.1%     0.2%     0.0%     3.8%     0.2%
May 12 15:23:58    346.2    19136152      198    93.7%    196.8     0.8%     2.1%     0.2%     0.0%     3.8%     0.2%
May 12 15:25:02    344.3    25153408      198    93.7%    196.8     0.8%     2.2%     0.2%     0.0%     3.8%     0.2%
May 12 15:26:03    351.5    31633373      198    93.7%    196.8     0.8%     2.2%     0.2%     0.0%     3.7%     0.2%
May 12 15:27:04    356.4    38113091      198    93.7%    196.8     0.8%     2.2%     0.2%     0.0%     3.7%     0.2%
May 12 15:27:26	Finished 1st pass mapping
May 12 15:29:36    216.3     3605116      198    93.6%    196.8     0.8%     2.3%     0.2%     0.0%     3.8%     0.2%
May 12 15:30:36    240.6     8019320      198    93.5%    196.8     0.8%     2.2%     0.2%     0.0%     3.8%     0.2%
May 12 15:31:36    248.5    12424355      198    93.6%    196.8     0.8%     2.2%     0.2%     0.0%     3.8%     0.2%
May 12 15:32:38    255.4    17168939      198    93.6%    196.8     0.8%     2.2%     0.2%     0.0%     3.8%     0.2%
May 12 15:33:40    258.1    21797680      198    93.6%    196.8     0.8%     2.3%     0.2%     0.0%     3.8%     0.2%
May 12 15:34:40    260.2    26310511      198    93.6%    196.8     0.8%     2.3%     0.2%     0.0%     3.7%     0.2%
May 12 15:35:40    263.7    31054893      198    93.6%    196.8     0.8%     2.3%     0.2%     0.0%     3.7%     0.2%
May 12 15:36:41    264.9    35683150      198    93.6%    196.8     0.8%     2.3%     0.2%     0.0%     3.7%     0.2%
ALL DONE!
