                                 Started job on |	May 12 15:41:40
                             Started mapping on |	May 12 15:49:36
                                    Finished on |	May 12 15:58:43
       Mapping speed, Million of reads per hour |	267.39

                          Number of input reads |	40628757
                      Average input read length |	198
                                    UNIQUE READS:
                   Uniquely mapped reads number |	38130571
                        Uniquely mapped reads % |	93.85%
                          Average mapped length |	196.90
                       Number of splices: Total |	20757741
            Number of splices: Annotated (sjdb) |	20683679
                       Number of splices: GT/AG |	20421394
                       Number of splices: GC/AG |	183922
                       Number of splices: AT/AC |	19404
               Number of splices: Non-canonical |	133021
                      Mismatch rate per base, % |	0.75%
                         Deletion rate per base |	0.05%
                        Deletion average length |	2.08
                        Insertion rate per base |	0.03%
                       Insertion average length |	2.06
                             MULTI-MAPPING READS:
        Number of reads mapped to multiple loci |	918850
             % of reads mapped to multiple loci |	2.26%
        Number of reads mapped to too many loci |	80378
             % of reads mapped to too many loci |	0.20%
                                  UNMAPPED READS:
  Number of reads unmapped: too many mismatches |	0
       % of reads unmapped: too many mismatches |	0.00%
            Number of reads unmapped: too short |	1422897
                 % of reads unmapped: too short |	3.50%
                Number of reads unmapped: other |	76061
                     % of reads unmapped: other |	0.19%
                                  CHIMERIC READS:
                       Number of chimeric reads |	0
                            % of chimeric reads |	0.00%
