           Time    Speed        Read     Read   Mapped   Mapped   Mapped   Mapped Unmapped Unmapped Unmapped Unmapped
                    M/hr      number   length   unique   length   MMrate    multi   multi+       MM    short    other
Aug 11 13:20:21	Started 1st pass mapping
Aug 11 13:20:34     32.4      116980      198    93.7%    197.0     0.7%     2.2%     0.2%     0.0%     3.7%     0.2%
Aug 11 13:21:40    344.2     7552983      198    93.6%    196.8     0.8%     2.2%     0.2%     0.0%     3.9%     0.2%
Aug 11 13:22:40    369.7    14272870      198    93.6%    196.8     0.8%     2.2%     0.2%     0.0%     3.9%     0.2%
Aug 11 13:23:43    365.7    20520734      198    93.6%    196.9     0.8%     2.2%     0.2%     0.0%     3.8%     0.2%
Aug 11 13:24:43    366.2    26652413      198    93.6%    196.9     0.8%     2.2%     0.2%     0.0%     3.8%     0.2%
Aug 11 13:25:43    371.7    33246882      198    93.6%    196.9     0.8%     2.2%     0.2%     0.0%     3.8%     0.2%
Aug 11 13:26:43    372.2    39493930      198    93.6%    196.9     0.8%     2.2%     0.2%     0.0%     3.8%     0.2%
Aug 11 13:27:02	Finished 1st pass mapping
Aug 11 13:29:03    212.7     3604417      198    93.5%    196.9     0.8%     2.3%     0.2%     0.0%     3.8%     0.2%
Aug 11 13:30:07    230.9     8017564      198    93.5%    196.9     0.8%     2.3%     0.2%     0.0%     3.8%     0.2%
Aug 11 13:31:09    245.8    12768708      198    93.5%    196.9     0.8%     2.3%     0.2%     0.0%     3.8%     0.2%
Aug 11 13:32:09    255.2    17512403      198    93.5%    196.9     0.8%     2.3%     0.2%     0.0%     3.8%     0.2%
Aug 11 13:33:09    254.2    21677798      198    93.5%    196.9     0.8%     2.3%     0.2%     0.0%     3.8%     0.2%
Aug 11 13:34:09    258.0    26305356      198    93.5%    196.9     0.8%     2.3%     0.2%     0.0%     3.8%     0.2%
Aug 11 13:35:09    262.7    31164452      198    93.5%    196.9     0.8%     2.3%     0.2%     0.0%     3.8%     0.2%
Aug 11 13:36:09    265.4    35907712      198    93.5%    196.9     0.8%     2.3%     0.2%     0.0%     3.8%     0.2%
Aug 11 13:37:09    266.0    40419492      198    93.5%    196.9     0.8%     2.3%     0.2%     0.0%     3.8%     0.2%
ALL DONE!
