           Time    Speed        Read     Read   Mapped   Mapped   Mapped   Mapped Unmapped Unmapped Unmapped Unmapped
                    M/hr      number   length   unique   length   MMrate    multi   multi+       MM    short    other
Aug 11 13:21:53	Started 1st pass mapping
Aug 11 13:22:10     24.8      117024      198    93.6%    196.8     0.8%     2.2%     0.2%     0.0%     3.8%     0.2%
Aug 11 13:23:10    315.1     6740653      198    93.8%    196.9     0.7%     2.2%     0.2%     0.0%     3.6%     0.2%
Aug 11 13:24:10    338.6    12885671      198    93.9%    196.9     0.7%     2.2%     0.2%     0.0%     3.6%     0.2%
Aug 11 13:25:12    337.8    18671050      198    93.9%    196.9     0.7%     2.2%     0.2%     0.0%     3.6%     0.2%
Aug 11 13:26:12    338.3    24340623      198    93.9%    196.9     0.7%     2.2%     0.2%     0.0%     3.6%     0.2%
Aug 11 13:27:12    340.0    30125654      198    93.9%    196.9     0.7%     2.2%     0.2%     0.0%     3.6%     0.2%
Aug 11 13:28:14    340.4    36026392      198    93.8%    196.9     0.7%     2.2%     0.2%     0.0%     3.6%     0.2%
Aug 11 13:29:10	Finished 1st pass mapping
Aug 11 13:31:17    192.2     3256261      198    93.6%    196.9     0.7%     2.3%     0.2%     0.0%     3.7%     0.2%
Aug 11 13:32:17    235.1     7902110      198    93.7%    197.0     0.7%     2.3%     0.2%     0.0%     3.5%     0.2%
Aug 11 13:33:19    251.2    12769983      198    93.7%    197.0     0.7%     2.3%     0.2%     0.0%     3.6%     0.2%
Aug 11 13:34:21    262.4    17861110      198    93.8%    197.0     0.7%     2.3%     0.2%     0.0%     3.5%     0.2%
Aug 11 13:35:23    263.7    22489524      198    93.8%    197.0     0.7%     2.3%     0.2%     0.0%     3.5%     0.2%
Aug 11 13:36:23    267.1    27233212      198    93.7%    197.0     0.7%     2.3%     0.2%     0.0%     3.5%     0.2%
Aug 11 13:37:24    268.0    31861379      198    93.7%    197.0     0.7%     2.3%     0.2%     0.0%     3.5%     0.2%
Aug 11 13:38:26    268.1    36489130      198    93.7%    197.0     0.7%     2.3%     0.2%     0.0%     3.6%     0.2%
Aug 11 13:39:26    271.4    41464328      198    93.7%    197.0     0.7%     2.3%     0.2%     0.0%     3.6%     0.2%
ALL DONE!
