                                 Started job on |	Aug 11 13:20:08
                             Started mapping on |	Aug 11 13:28:02
                                    Finished on |	Aug 11 13:37:26
       Mapping speed, Million of reads per hour |	268.30

                          Number of input reads |	42033718
                      Average input read length |	198
                                    UNIQUE READS:
                   Uniquely mapped reads number |	39317502
                        Uniquely mapped reads % |	93.54%
                          Average mapped length |	196.92
                       Number of splices: Total |	21752593
            Number of splices: Annotated (sjdb) |	21676450
                       Number of splices: GT/AG |	21410478
                       Number of splices: GC/AG |	187100
                       Number of splices: AT/AC |	19702
               Number of splices: Non-canonical |	135313
                      Mismatch rate per base, % |	0.77%
                         Deletion rate per base |	0.05%
                        Deletion average length |	2.14
                        Insertion rate per base |	0.03%
                       Insertion average length |	2.10
                             MULTI-MAPPING READS:
        Number of reads mapped to multiple loci |	967409
             % of reads mapped to multiple loci |	2.30%
        Number of reads mapped to too many loci |	86123
             % of reads mapped to too many loci |	0.20%
                                  UNMAPPED READS:
  Number of reads unmapped: too many mismatches |	0
       % of reads unmapped: too many mismatches |	0.00%
            Number of reads unmapped: too short |	1579245
                 % of reads unmapped: too short |	3.76%
                Number of reads unmapped: other |	83439
                     % of reads unmapped: other |	0.20%
                                  CHIMERIC READS:
                       Number of chimeric reads |	0
                            % of chimeric reads |	0.00%
