                                 Started job on |	Aug 11 13:15:58
                             Started mapping on |	Aug 11 13:22:15
                                    Finished on |	Aug 11 13:28:59
       Mapping speed, Million of reads per hour |	290.92

                          Number of input reads |	32647177
                      Average input read length |	198
                                    UNIQUE READS:
                   Uniquely mapped reads number |	30453498
                        Uniquely mapped reads % |	93.28%
                          Average mapped length |	196.77
                       Number of splices: Total |	15176637
            Number of splices: Annotated (sjdb) |	15115259
                       Number of splices: GT/AG |	14918575
                       Number of splices: GC/AG |	134754
                       Number of splices: AT/AC |	14991
               Number of splices: Non-canonical |	108317
                      Mismatch rate per base, % |	0.78%
                         Deletion rate per base |	0.06%
                        Deletion average length |	2.15
                        Insertion rate per base |	0.04%
                       Insertion average length |	2.10
                             MULTI-MAPPING READS:
        Number of reads mapped to multiple loci |	762017
             % of reads mapped to multiple loci |	2.33%
        Number of reads mapped to too many loci |	84490
             % of reads mapped to too many loci |	0.26%
                                  UNMAPPED READS:
  Number of reads unmapped: too many mismatches |	0
       % of reads unmapped: too many mismatches |	0.00%
            Number of reads unmapped: too short |	1245465
                 % of reads unmapped: too short |	3.81%
                Number of reads unmapped: other |	101707
                     % of reads unmapped: other |	0.31%
                                  CHIMERIC READS:
                       Number of chimeric reads |	0
                            % of chimeric reads |	0.00%
