           Time    Speed        Read     Read   Mapped   Mapped   Mapped   Mapped Unmapped Unmapped Unmapped Unmapped
                    M/hr      number   length   unique   length   MMrate    multi   multi+       MM    short    other
May 12 15:11:23	Started 1st pass mapping
May 12 15:11:38     28.0      116513      198    92.9%    197.0     0.8%     2.3%     0.3%     0.0%     4.2%     0.4%
May 12 15:12:38    356.8     7432898      198    93.0%    196.9     0.8%     2.2%     0.3%     0.0%     4.0%     0.4%
May 12 15:13:39    371.5    14034410      198    93.1%    196.9     0.8%     2.2%     0.3%     0.0%     4.0%     0.4%
May 12 15:14:40    387.5    21204154      198    93.1%    196.9     0.8%     2.2%     0.3%     0.0%     4.0%     0.4%
May 12 15:15:40    389.3    27795192      198    93.1%    197.0     0.8%     2.2%     0.3%     0.0%     4.0%     0.4%
May 12 15:16:40    395.8    34849112      198    93.1%    197.0     0.8%     2.2%     0.3%     0.0%     3.9%     0.4%
May 12 15:17:40    399.0    41786892      198    93.1%    197.0     0.8%     2.2%     0.3%     0.0%     3.9%     0.4%
May 12 15:18:06	Finished 1st pass mapping
May 12 15:20:15    237.0     3950739      198    93.0%    197.0     0.8%     2.3%     0.3%     0.0%     4.0%     0.4%
May 12 15:21:16    259.1     8709812      198    92.9%    197.0     0.8%     2.3%     0.3%     0.0%     4.0%     0.4%
May 12 15:22:17    273.0    13803060      198    93.0%    197.0     0.8%     2.3%     0.3%     0.0%     4.0%     0.4%
May 12 15:23:17    277.6    18660043      198    93.0%    197.0     0.8%     2.3%     0.3%     0.0%     4.0%     0.4%
May 12 15:24:17    281.7    23632466      198    93.0%    197.0     0.8%     2.3%     0.3%     0.0%     4.0%     0.4%
May 12 15:25:19    280.6    28373342      198    93.0%    197.0     0.8%     2.3%     0.3%     0.0%     3.9%     0.4%
May 12 15:26:20    281.5    33230269      198    93.0%    197.0     0.8%     2.3%     0.3%     0.0%     3.9%     0.4%
May 12 15:27:20    282.7    38086656      198    93.0%    197.0     0.8%     2.3%     0.3%     0.0%     3.9%     0.4%
May 12 15:28:21    283.1    42943266      198    93.0%    197.0     0.8%     2.3%     0.3%     0.0%     3.9%     0.4%
ALL DONE!
