           Time    Speed        Read     Read   Mapped   Mapped   Mapped   Mapped Unmapped Unmapped Unmapped Unmapped
                    M/hr      number   length   unique   length   MMrate    multi   multi+       MM    short    other
May 12 15:29:41	Started 1st pass mapping
May 12 15:29:54     32.4      116976      198    93.1%    196.9     0.8%     2.2%     0.3%     0.0%     4.0%     0.4%
May 12 15:30:54    372.3     7550029      198    93.3%    197.0     0.7%     2.2%     0.3%     0.0%     3.7%     0.4%
May 12 15:31:54    405.0    14960769      198    93.3%    197.0     0.7%     2.2%     0.3%     0.0%     3.7%     0.4%
May 12 15:32:55    415.0    22362381      198    93.4%    197.0     0.7%     2.2%     0.3%     0.0%     3.7%     0.4%
May 12 15:33:55    413.7    29185323      198    93.4%    197.0     0.7%     2.2%     0.3%     0.0%     3.7%     0.4%
May 12 15:34:55    412.8    36008213      198    93.3%    197.0     0.7%     2.2%     0.3%     0.0%     3.7%     0.4%
May 12 15:35:56    412.3    42946534      198    93.3%    197.0     0.8%     2.2%     0.3%     0.0%     3.7%     0.4%
May 12 15:36:12	Finished 1st pass mapping
May 12 15:38:18    230.1     3835095      198    93.1%    197.0     0.8%     2.4%     0.3%     0.0%     3.8%     0.4%
May 12 15:39:18    271.8     9059092      198    93.2%    197.1     0.7%     2.3%     0.3%     0.0%     3.7%     0.4%
May 12 15:40:18    278.4    13919966      198    93.2%    197.1     0.7%     2.3%     0.3%     0.0%     3.7%     0.4%
May 12 15:41:21    283.3    19124167      198    93.2%    197.1     0.7%     2.4%     0.3%     0.0%     3.7%     0.4%
May 12 15:42:21    286.3    24097195      198    93.2%    197.1     0.7%     2.3%     0.3%     0.0%     3.7%     0.4%
May 12 15:43:21    289.4    29185323      198    93.2%    197.1     0.7%     2.4%     0.3%     0.0%     3.7%     0.4%
May 12 15:44:22    288.1    33926756      198    93.2%    197.1     0.7%     2.4%     0.3%     0.0%     3.7%     0.4%
May 12 15:45:23    289.6    39014794      198    93.2%    197.1     0.8%     2.4%     0.3%     0.0%     3.7%     0.4%
May 12 15:46:23    291.3    44102976      198    93.2%    197.1     0.8%     2.4%     0.3%     0.0%     3.7%     0.4%
ALL DONE!
