                                 Started job on |	May 12 15:11:09
                             Started mapping on |	May 12 15:19:15
                                    Finished on |	May 12 15:28:41
       Mapping speed, Million of reads per hour |	285.67

                          Number of input reads |	44914355
                      Average input read length |	198
                                    UNIQUE READS:
                   Uniquely mapped reads number |	41784933
                        Uniquely mapped reads % |	93.03%
                          Average mapped length |	197.02
                       Number of splices: Total |	22897125
            Number of splices: Annotated (sjdb) |	22810255
                       Number of splices: GT/AG |	22532323
                       Number of splices: GC/AG |	197092
                       Number of splices: AT/AC |	20156
               Number of splices: Non-canonical |	147554
                      Mismatch rate per base, % |	0.79%
                         Deletion rate per base |	0.05%
                        Deletion average length |	2.12
                        Insertion rate per base |	0.03%
                       Insertion average length |	2.08
                             MULTI-MAPPING READS:
        Number of reads mapped to multiple loci |	1052491
             % of reads mapped to multiple loci |	2.34%
        Number of reads mapped to too many loci |	148101
             % of reads mapped to too many loci |	0.33%
                                  UNMAPPED READS:
  Number of reads unmapped: too many mismatches |	0
       % of reads unmapped: too many mismatches |	0.00%
            Number of reads unmapped: too short |	1751459
                 % of reads unmapped: too short |	3.90%
                Number of reads unmapped: other |	177371
                     % of reads unmapped: other |	0.39%
                                  CHIMERIC READS:
                       Number of chimeric reads |	0
                            % of chimeric reads |	0.00%
