                                 Started job on |	Aug 11 13:28:15
                             Started mapping on |	Aug 11 13:37:10
                                    Finished on |	Aug 11 13:48:19
       Mapping speed, Million of reads per hour |	242.78

                          Number of input reads |	45117092
                      Average input read length |	198
                                    UNIQUE READS:
                   Uniquely mapped reads number |	42055822
                        Uniquely mapped reads % |	93.21%
                          Average mapped length |	197.08
                       Number of splices: Total |	23077314
            Number of splices: Annotated (sjdb) |	22987602
                       Number of splices: GT/AG |	22708469
                       Number of splices: GC/AG |	198296
                       Number of splices: AT/AC |	20296
               Number of splices: Non-canonical |	150253
                      Mismatch rate per base, % |	0.75%
                         Deletion rate per base |	0.05%
                        Deletion average length |	2.12
                        Insertion rate per base |	0.03%
                       Insertion average length |	2.07
                             MULTI-MAPPING READS:
        Number of reads mapped to multiple loci |	1064021
             % of reads mapped to multiple loci |	2.36%
        Number of reads mapped to too many loci |	149422
             % of reads mapped to too many loci |	0.33%
                                  UNMAPPED READS:
  Number of reads unmapped: too many mismatches |	0
       % of reads unmapped: too many mismatches |	0.00%
            Number of reads unmapped: too short |	1666229
                 % of reads unmapped: too short |	3.69%
                Number of reads unmapped: other |	181598
                     % of reads unmapped: other |	0.40%
                                  CHIMERIC READS:
                       Number of chimeric reads |	0
                            % of chimeric reads |	0.00%
