                                 Started job on |	Apr 12 18:54:31
                             Started mapping on |	Apr 12 19:08:16
                                    Finished on |	Apr 12 19:25:36
       Mapping speed, Million of reads per hour |	267.82

                          Number of input reads |	77370531
                      Average input read length |	198
                                    UNIQUE READS:
                   Uniquely mapped reads number |	71847882
                        Uniquely mapped reads % |	92.86%
                          Average mapped length |	196.98
                       Number of splices: Total |	37945498
            Number of splices: Annotated (sjdb) |	37806647
                       Number of splices: GT/AG |	37284096
                       Number of splices: GC/AG |	353808
                       Number of splices: AT/AC |	41832
               Number of splices: Non-canonical |	265762
                      Mismatch rate per base, % |	0.76%
                         Deletion rate per base |	0.05%
                        Deletion average length |	2.15
                        Insertion rate per base |	0.03%
                       Insertion average length |	2.11
                             MULTI-MAPPING READS:
        Number of reads mapped to multiple loci |	1696492
             % of reads mapped to multiple loci |	2.19%
        Number of reads mapped to too many loci |	139425
             % of reads mapped to too many loci |	0.18%
                                  UNMAPPED READS:
  Number of reads unmapped: too many mismatches |	0
       % of reads unmapped: too many mismatches |	0.00%
            Number of reads unmapped: too short |	3551238
                 % of reads unmapped: too short |	4.59%
                Number of reads unmapped: other |	135494
                     % of reads unmapped: other |	0.18%
                                  CHIMERIC READS:
                       Number of chimeric reads |	0
                            % of chimeric reads |	0.00%
