           Time    Speed        Read     Read   Mapped   Mapped   Mapped   Mapped Unmapped Unmapped Unmapped Unmapped
                    M/hr      number   length   unique   length   MMrate    multi   multi+       MM    short    other
Apr 12 18:54:56	Started 1st pass mapping
Apr 12 18:55:12     26.3      116946      198    92.9%    197.0     0.8%     2.0%     0.2%     0.0%     4.7%     0.1%
Apr 12 18:56:12    346.7     7318981      198    92.6%    196.8     0.8%     2.0%     0.2%     0.0%     5.1%     0.1%
Apr 12 18:57:13    353.7    13459426      198    92.6%    196.8     0.8%     2.0%     0.2%     0.0%     5.0%     0.1%
Apr 12 18:58:13    364.3    19936673      198    92.7%    196.9     0.8%     2.0%     0.2%     0.0%     5.0%     0.2%
Apr 12 18:59:14    365.3    26181848      198    92.7%    196.9     0.8%     2.1%     0.2%     0.0%     4.9%     0.1%
Apr 12 19:00:14    369.7    32658580      198    92.8%    196.9     0.8%     2.1%     0.2%     0.0%     4.8%     0.1%
Apr 12 19:01:14    370.5    38903978      198    92.8%    196.9     0.8%     2.1%     0.2%     0.0%     4.8%     0.1%
Apr 12 19:02:14    373.0    45381609      198    92.9%    196.9     0.8%     2.1%     0.2%     0.0%     4.7%     0.2%
Apr 12 19:03:17    376.0    52321994      198    92.9%    196.9     0.8%     2.1%     0.2%     0.0%     4.7%     0.2%
Apr 12 19:04:17    378.1    58915294      198    93.0%    196.9     0.8%     2.1%     0.2%     0.0%     4.7%     0.2%
Apr 12 19:05:17    379.1    65392224      198    93.0%    196.9     0.8%     2.1%     0.2%     0.0%     4.6%     0.2%
Apr 12 19:06:17    379.9    71869231      198    93.0%    196.9     0.8%     2.1%     0.2%     0.0%     4.6%     0.2%
Apr 12 19:07:05	Finished 1st pass mapping
Apr 12 19:09:19    219.2     3835673      198    92.4%    196.9     0.8%     2.2%     0.2%     0.0%     5.1%     0.2%
Apr 12 19:10:24    264.6     9408915      198    92.5%    196.9     0.8%     2.2%     0.2%     0.0%     5.0%     0.2%
Apr 12 19:11:29    279.1    14963112      198    92.5%    196.9     0.8%     2.2%     0.2%     0.0%     5.0%     0.2%
Apr 12 19:12:30    289.1    20399341      198    92.5%    196.9     0.8%     2.2%     0.2%     0.0%     4.9%     0.2%
Apr 12 19:13:30    286.9    25025293      198    92.6%    196.9     0.8%     2.2%     0.2%     0.0%     4.9%     0.2%
Apr 12 19:14:30    289.9    30114241      198    92.7%    196.9     0.8%     2.2%     0.2%     0.0%     4.8%     0.2%
Apr 12 19:15:30    292.0    35202917      198    92.7%    196.9     0.8%     2.2%     0.2%     0.0%     4.8%     0.2%
Apr 12 19:16:32    294.1    40523442      198    92.7%    196.9     0.8%     2.2%     0.2%     0.0%     4.8%     0.2%
Apr 12 19:17:32    295.3    45612874      198    92.7%    197.0     0.8%     2.2%     0.2%     0.0%     4.7%     0.2%
Apr 12 19:18:34    295.4    50702693      198    92.8%    197.0     0.8%     2.2%     0.2%     0.0%     4.7%     0.2%
Apr 12 19:19:35    298.3    56254721      198    92.8%    197.0     0.8%     2.2%     0.2%     0.0%     4.6%     0.2%
Apr 12 19:20:36    297.9    61228572      198    92.8%    197.0     0.8%     2.2%     0.2%     0.0%     4.6%     0.2%
Apr 12 19:21:36    299.5    66548869      198    92.8%    197.0     0.8%     2.2%     0.2%     0.0%     4.6%     0.2%
Apr 12 19:22:36    299.4    71522289      198    92.8%    197.0     0.8%     2.2%     0.2%     0.0%     4.6%     0.2%
Apr 12 19:23:37    297.2    76032773      198    92.9%    197.0     0.8%     2.2%     0.2%     0.0%     4.6%     0.2%
Apr 12 19:25:36    267.8    77370531      198    92.9%    197.0     0.8%     2.2%     0.2%     0.0%     4.6%     0.2%
ALL DONE!
