           Time    Speed        Read     Read   Mapped   Mapped   Mapped   Mapped Unmapped Unmapped Unmapped Unmapped
                    M/hr      number   length   unique   length   MMrate    multi   multi+       MM    short    other
Apr 12 18:58:14	Started 1st pass mapping
Apr 12 18:58:32     23.4      116993      198    92.9%    196.8     0.8%     2.1%     0.2%     0.0%     4.5%     0.2%
Apr 12 18:59:35    253.1     5695640      198    92.6%    196.7     0.8%     2.1%     0.2%     0.0%     4.9%     0.2%
Apr 12 19:00:37    283.6    11266136      198    92.6%    196.7     0.8%     2.1%     0.2%     0.0%     4.9%     0.2%
Apr 12 19:01:37    296.2    16704602      198    92.6%    196.7     0.8%     2.1%     0.2%     0.0%     4.9%     0.2%
Apr 12 19:02:38    303.5    22258641      198    92.6%    196.8     0.8%     2.1%     0.2%     0.0%     4.8%     0.2%
Apr 12 19:03:38    306.5    27580748      198    92.7%    196.8     0.8%     2.1%     0.2%     0.0%     4.8%     0.2%
Apr 12 19:04:39    307.7    32903060      198    92.7%    196.8     0.8%     2.1%     0.2%     0.0%     4.7%     0.2%
Apr 12 19:05:40    310.4    38456770      198    92.7%    196.8     0.8%     2.1%     0.2%     0.0%     4.7%     0.2%
Apr 12 19:06:41    312.5    44011419      198    92.8%    196.8     0.8%     2.1%     0.2%     0.0%     4.7%     0.2%
Apr 12 19:07:42    315.6    49797584      198    92.8%    196.8     0.8%     2.1%     0.2%     0.0%     4.6%     0.2%
Apr 12 19:08:42    321.9    56162202      198    92.9%    196.8     0.8%     2.1%     0.2%     0.0%     4.6%     0.2%
Apr 12 19:09:42    323.5    61832162      198    92.9%    196.8     0.8%     2.1%     0.2%     0.0%     4.6%     0.2%
Apr 12 19:10:44    324.6    67617942      198    92.9%    196.8     0.8%     2.1%     0.2%     0.0%     4.6%     0.2%
Apr 12 19:11:46    327.0    73750160      198    92.9%    196.8     0.8%     2.1%     0.2%     0.0%     4.5%     0.2%
Apr 12 19:12:17	Finished 1st pass mapping
Apr 12 19:14:39    222.8     3837131      198    92.4%    196.8     0.8%     2.2%     0.2%     0.0%     5.0%     0.2%
Apr 12 19:15:39    260.6     8831795      198    92.4%    196.8     0.8%     2.2%     0.2%     0.0%     4.9%     0.2%
Apr 12 19:16:39    257.2    13001821      198    92.4%    196.8     0.8%     2.2%     0.2%     0.0%     4.9%     0.2%
Apr 12 19:17:45    261.0    17977483      198    92.4%    196.8     0.8%     2.3%     0.2%     0.0%     4.9%     0.2%
Apr 12 19:18:45    262.9    22490051      198    92.5%    196.8     0.8%     2.3%     0.2%     0.0%     4.8%     0.2%
Apr 12 19:19:45    265.3    27118028      198    92.6%    196.8     0.8%     2.3%     0.2%     0.0%     4.7%     0.2%
Apr 12 19:20:45    265.1    31514722      198    92.6%    196.8     0.8%     2.3%     0.2%     0.0%     4.7%     0.2%
Apr 12 19:21:45    268.3    36373969      198    92.6%    196.8     0.8%     2.3%     0.2%     0.0%     4.7%     0.2%
Apr 12 19:22:45    267.8    40771280      198    92.6%    196.8     0.8%     2.3%     0.2%     0.0%     4.7%     0.2%
Apr 12 19:23:46    270.4    45747180      198    92.7%    196.8     0.8%     2.3%     0.2%     0.0%     4.6%     0.2%
Apr 12 19:24:48    269.0    50144751      198    92.7%    196.8     0.8%     2.3%     0.2%     0.0%     4.6%     0.2%
Apr 12 19:25:48    272.0    55236490      198    92.7%    196.9     0.8%     2.3%     0.2%     0.0%     4.6%     0.2%
Apr 12 19:26:48    271.4    59633817      198    92.7%    196.9     0.8%     2.3%     0.2%     0.0%     4.6%     0.2%
Apr 12 19:27:48    272.3    64378082      198    92.7%    196.9     0.8%     2.3%     0.2%     0.0%     4.5%     0.2%
Apr 12 19:28:48    271.3    68659329      198    92.8%    196.9     0.8%     2.3%     0.2%     0.0%     4.5%     0.2%
Apr 12 19:29:52    271.0    73403051      198    92.8%    196.9     0.8%     2.3%     0.2%     0.0%     4.5%     0.2%
Apr 12 19:32:16    248.1    77128742      198    92.8%    196.9     0.8%     2.3%     0.2%     0.0%     4.5%     0.2%
ALL DONE!
