                                 Started job on |	Apr 12 19:14:58
                             Started mapping on |	Apr 12 19:31:22
                                    Finished on |	Apr 12 19:49:47
       Mapping speed, Million of reads per hour |	273.86

                          Number of input reads |	84059135
                      Average input read length |	198
                                    UNIQUE READS:
                   Uniquely mapped reads number |	77941228
                        Uniquely mapped reads % |	92.72%
                          Average mapped length |	196.89
                       Number of splices: Total |	42205075
            Number of splices: Annotated (sjdb) |	42049032
                       Number of splices: GT/AG |	41503621
                       Number of splices: GC/AG |	369889
                       Number of splices: AT/AC |	41297
               Number of splices: Non-canonical |	290268
                      Mismatch rate per base, % |	0.78%
                         Deletion rate per base |	0.05%
                        Deletion average length |	2.14
                        Insertion rate per base |	0.03%
                       Insertion average length |	2.10
                             MULTI-MAPPING READS:
        Number of reads mapped to multiple loci |	1943322
             % of reads mapped to multiple loci |	2.31%
        Number of reads mapped to too many loci |	225266
             % of reads mapped to too many loci |	0.27%
                                  UNMAPPED READS:
  Number of reads unmapped: too many mismatches |	0
       % of reads unmapped: too many mismatches |	0.00%
            Number of reads unmapped: too short |	3686475
                 % of reads unmapped: too short |	4.39%
                Number of reads unmapped: other |	262844
                     % of reads unmapped: other |	0.31%
                                  CHIMERIC READS:
                       Number of chimeric reads |	0
                            % of chimeric reads |	0.00%
