           Time    Speed        Read     Read   Mapped   Mapped   Mapped   Mapped Unmapped Unmapped Unmapped Unmapped
                    M/hr      number   length   unique   length   MMrate    multi   multi+       MM    short    other
Apr 12 19:15:15	Started 1st pass mapping
Apr 12 19:15:34     22.1      116571      198    92.8%    196.9     0.8%     2.2%     0.3%     0.0%     4.5%     0.3%
Apr 12 19:16:35    277.2     6159827      198    92.5%    196.8     0.8%     2.1%     0.3%     0.0%     4.8%     0.3%
Apr 12 19:17:35    310.5    12075494      198    92.5%    196.7     0.8%     2.1%     0.3%     0.0%     4.8%     0.3%
Apr 12 19:18:35    323.6    17976291      198    92.5%    196.8     0.8%     2.1%     0.3%     0.0%     4.8%     0.3%
Apr 12 19:19:37    324.9    23645536      198    92.6%    196.8     0.8%     2.2%     0.3%     0.0%     4.7%     0.3%
Apr 12 19:20:40    326.0    29429840      198    92.6%    196.8     0.8%     2.2%     0.3%     0.0%     4.7%     0.3%
Apr 12 19:21:41    330.6    35445966      198    92.7%    196.8     0.8%     2.2%     0.3%     0.0%     4.6%     0.3%
Apr 12 19:22:41    331.9    41114817      198    92.7%    196.8     0.8%     2.2%     0.3%     0.0%     4.6%     0.3%
Apr 12 19:23:42    335.5    47247341      198    92.7%    196.8     0.8%     2.2%     0.3%     0.0%     4.6%     0.3%
Apr 12 19:24:43    337.6    53264465      198    92.8%    196.8     0.8%     2.2%     0.3%     0.0%     4.5%     0.3%
Apr 12 19:25:44    338.6    59165547      198    92.8%    196.8     0.8%     2.2%     0.3%     0.0%     4.5%     0.3%
Apr 12 19:26:45    339.5    65066732      198    92.8%    196.8     0.8%     2.2%     0.3%     0.0%     4.5%     0.3%
Apr 12 19:27:45    339.5    70736041      198    92.8%    196.8     0.8%     2.2%     0.3%     0.0%     4.4%     0.3%
Apr 12 19:28:46    340.2    76636653      198    92.9%    196.8     0.8%     2.2%     0.3%     0.0%     4.4%     0.3%
Apr 12 19:29:46    340.2    82305402      198    92.9%    196.8     0.8%     2.2%     0.3%     0.0%     4.4%     0.3%
Apr 12 19:29:58	Finished 1st pass mapping
Apr 12 19:32:22    209.3     3488460      198    92.5%    196.8     0.8%     2.3%     0.3%     0.0%     4.7%     0.3%
Apr 12 19:33:22    254.5     8482773      198    92.3%    196.8     0.8%     2.3%     0.3%     0.0%     4.8%     0.3%
Apr 12 19:34:22    269.3    13463937      198    92.4%    196.8     0.8%     2.3%     0.3%     0.0%     4.8%     0.3%
Apr 12 19:35:23    275.4    18439059      198    92.3%    196.8     0.8%     2.3%     0.3%     0.0%     4.8%     0.3%
Apr 12 19:36:25    280.9    23645536      198    92.4%    196.8     0.8%     2.3%     0.3%     0.0%     4.7%     0.3%
Apr 12 19:37:26    286.5    28967134      198    92.5%    196.8     0.8%     2.3%     0.3%     0.0%     4.6%     0.3%
Apr 12 19:38:26    289.2    34057717      198    92.5%    196.8     0.8%     2.3%     0.3%     0.0%     4.6%     0.3%
Apr 12 19:39:26    292.0    39263730      198    92.5%    196.9     0.8%     2.3%     0.3%     0.0%     4.6%     0.3%
Apr 12 19:40:26    292.0    44123393      198    92.5%    196.9     0.8%     2.3%     0.3%     0.0%     4.6%     0.3%
Apr 12 19:41:27    294.9    49561599      198    92.6%    196.9     0.8%     2.3%     0.3%     0.0%     4.5%     0.3%
Apr 12 19:42:28    296.7    54884315      198    92.6%    196.9     0.8%     2.3%     0.3%     0.0%     4.5%     0.3%
Apr 12 19:43:28    299.1    60322608      198    92.7%    196.9     0.8%     2.3%     0.3%     0.0%     4.4%     0.3%
Apr 12 19:44:30    299.4    65529556      198    92.7%    196.9     0.8%     2.3%     0.3%     0.0%     4.4%     0.3%
Apr 12 19:45:31    301.4    71083032      198    92.7%    196.9     0.8%     2.3%     0.3%     0.0%     4.4%     0.3%
Apr 12 19:46:31    301.7    76173804      198    92.7%    196.9     0.8%     2.3%     0.3%     0.0%     4.4%     0.3%
Apr 12 19:47:31    301.5    81148567      198    92.7%    196.9     0.8%     2.3%     0.3%     0.0%     4.4%     0.3%
Apr 12 19:49:47    273.9    84059135      198    92.7%    196.9     0.8%     2.3%     0.3%     0.0%     4.4%     0.3%
ALL DONE!
