           Time    Speed        Read     Read   Mapped   Mapped   Mapped   Mapped Unmapped Unmapped Unmapped Unmapped
                    M/hr      number   length   unique   length   MMrate    multi   multi+       MM    short    other
Apr 12 19:35:36	Started 1st pass mapping
Apr 12 19:35:53     24.7      116655      198    92.7%    196.6     0.8%     2.3%     0.2%     0.0%     4.5%     0.2%
Apr 12 19:36:53    331.5     7091238      198    92.5%    196.6     0.8%     2.3%     0.2%     0.0%     4.8%     0.2%
Apr 12 19:37:55    339.8    13121019      198    92.5%    196.7     0.8%     2.3%     0.2%     0.0%     4.8%     0.2%
Apr 12 19:38:55    360.9    19949790      198    92.5%    196.7     0.8%     2.3%     0.2%     0.0%     4.8%     0.2%
Apr 12 19:39:55    359.3    25852015      198    92.6%    196.7     0.8%     2.3%     0.2%     0.0%     4.7%     0.2%
Apr 12 19:40:55    363.6    32217274      198    92.7%    196.7     0.8%     2.3%     0.2%     0.0%     4.6%     0.2%
Apr 12 19:41:57    366.7    38813608      198    92.7%    196.7     0.8%     2.3%     0.2%     0.0%     4.6%     0.2%
Apr 12 19:42:57    367.9    45063981      198    92.7%    196.7     0.8%     2.3%     0.2%     0.0%     4.5%     0.2%
Apr 12 19:43:57    372.1    51777567      198    92.8%    196.7     0.8%     2.3%     0.2%     0.0%     4.5%     0.2%
Apr 12 19:45:00    372.6    58374974      198    92.8%    196.7     0.8%     2.3%     0.2%     0.0%     4.4%     0.2%
Apr 12 19:46:01    373.6    64856699      198    92.9%    196.7     0.8%     2.3%     0.2%     0.0%     4.4%     0.2%
Apr 12 19:47:01    374.3    71222018      198    92.9%    196.7     0.8%     2.3%     0.2%     0.0%     4.4%     0.2%
Apr 12 19:48:03    375.0    77818737      198    92.9%    196.7     0.8%     2.3%     0.2%     0.0%     4.4%     0.2%
Apr 12 19:48:42	Finished 1st pass mapping
Apr 12 19:51:05    215.9     3838039      198    92.4%    196.7     0.8%     2.5%     0.2%     0.0%     4.8%     0.2%
Apr 12 19:52:05    229.5     7904588      198    92.3%    196.7     0.8%     2.5%     0.2%     0.0%     4.8%     0.2%
Apr 12 19:53:05    261.2    13352452      198    92.4%    196.7     0.8%     2.5%     0.2%     0.0%     4.7%     0.2%
Apr 12 19:54:05    261.9    17750616      198    92.4%    196.7     0.8%     2.5%     0.2%     0.0%     4.8%     0.2%
Apr 12 19:55:06    268.3    22727373      198    92.4%    196.7     0.8%     2.5%     0.2%     0.0%     4.7%     0.2%
Apr 12 19:56:07    267.9    27240785      198    92.5%    196.7     0.8%     2.5%     0.2%     0.0%     4.6%     0.2%
Apr 12 19:57:07    271.3    32101523      198    92.6%    196.7     0.8%     2.5%     0.2%     0.0%     4.6%     0.2%
Apr 12 19:58:11    272.4    37077719      198    92.6%    196.7     0.8%     2.5%     0.2%     0.0%     4.5%     0.2%
Apr 12 19:59:11    273.0    41707134      198    92.6%    196.7     0.8%     2.5%     0.2%     0.0%     4.5%     0.2%
Apr 12 20:00:11    275.5    46684399      198    92.6%    196.8     0.8%     2.5%     0.2%     0.0%     4.5%     0.2%
Apr 12 20:01:11    272.6    50735728      198    92.6%    196.8     0.8%     2.5%     0.2%     0.0%     4.5%     0.2%
Apr 12 20:02:12    272.7    55365469      198    92.7%    196.8     0.8%     2.5%     0.2%     0.0%     4.4%     0.2%
Apr 12 20:03:13    271.1    59648146      198    92.7%    196.8     0.8%     2.5%     0.2%     0.0%     4.4%     0.2%
Apr 12 20:04:14    270.8    64162278      198    92.7%    196.8     0.8%     2.5%     0.2%     0.0%     4.4%     0.2%
Apr 12 20:05:15    270.0    68560094      198    92.7%    196.8     0.8%     2.5%     0.2%     0.0%     4.4%     0.2%
Apr 12 20:06:15    269.7    72958178      198    92.7%    196.8     0.8%     2.5%     0.2%     0.0%     4.4%     0.2%
Apr 12 20:07:15    268.5    77124415      198    92.7%    196.8     0.8%     2.5%     0.2%     0.0%     4.4%     0.2%
Apr 12 20:08:16    268.9    81799770      198    92.8%    196.8     0.8%     2.5%     0.2%     0.0%     4.4%     0.2%
Apr 12 20:10:20    242.6    82147064      198    92.8%    196.8     0.8%     2.5%     0.2%     0.0%     4.4%     0.2%
ALL DONE!
