                                 Started job on |	Apr 12 19:35:22
                             Started mapping on |	Apr 12 19:50:01
                                    Finished on |	Apr 12 20:10:20
       Mapping speed, Million of reads per hour |	242.60

                          Number of input reads |	82147064
                      Average input read length |	198
                                    UNIQUE READS:
                   Uniquely mapped reads number |	76191809
                        Uniquely mapped reads % |	92.75%
                          Average mapped length |	196.78
                       Number of splices: Total |	38786328
            Number of splices: Annotated (sjdb) |	38634020
                       Number of splices: GT/AG |	38098367
                       Number of splices: GC/AG |	345929
                       Number of splices: AT/AC |	38808
               Number of splices: Non-canonical |	303224
                      Mismatch rate per base, % |	0.78%
                         Deletion rate per base |	0.06%
                        Deletion average length |	2.11
                        Insertion rate per base |	0.04%
                       Insertion average length |	2.05
                             MULTI-MAPPING READS:
        Number of reads mapped to multiple loci |	2026730
             % of reads mapped to multiple loci |	2.47%
        Number of reads mapped to too many loci |	177915
             % of reads mapped to too many loci |	0.22%
                                  UNMAPPED READS:
  Number of reads unmapped: too many mismatches |	0
       % of reads unmapped: too many mismatches |	0.00%
            Number of reads unmapped: too short |	3576664
                 % of reads unmapped: too short |	4.35%
                Number of reads unmapped: other |	173946
                     % of reads unmapped: other |	0.21%
                                  CHIMERIC READS:
                       Number of chimeric reads |	0
                            % of chimeric reads |	0.00%
