                                 Started job on |	Apr 12 20:16:25
                             Started mapping on |	Apr 12 20:34:22
                                    Finished on |	Apr 12 20:58:33
       Mapping speed, Million of reads per hour |	208.12

                          Number of input reads |	83885242
                      Average input read length |	198
                                    UNIQUE READS:
                   Uniquely mapped reads number |	77599460
                        Uniquely mapped reads % |	92.51%
                          Average mapped length |	196.72
                       Number of splices: Total |	39804661
            Number of splices: Annotated (sjdb) |	39651275
                       Number of splices: GT/AG |	39112964
                       Number of splices: GC/AG |	349887
                       Number of splices: AT/AC |	42187
               Number of splices: Non-canonical |	299623
                      Mismatch rate per base, % |	0.78%
                         Deletion rate per base |	0.05%
                        Deletion average length |	2.13
                        Insertion rate per base |	0.03%
                       Insertion average length |	2.12
                             MULTI-MAPPING READS:
        Number of reads mapped to multiple loci |	1925232
             % of reads mapped to multiple loci |	2.30%
        Number of reads mapped to too many loci |	234677
             % of reads mapped to too many loci |	0.28%
                                  UNMAPPED READS:
  Number of reads unmapped: too many mismatches |	0
       % of reads unmapped: too many mismatches |	0.00%
            Number of reads unmapped: too short |	3875350
                 % of reads unmapped: too short |	4.62%
                Number of reads unmapped: other |	250523
                     % of reads unmapped: other |	0.30%
                                  CHIMERIC READS:
                       Number of chimeric reads |	0
                            % of chimeric reads |	0.00%
