           Time    Speed        Read     Read   Mapped   Mapped   Mapped   Mapped Unmapped Unmapped Unmapped Unmapped
                    M/hr      number   length   unique   length   MMrate    multi   multi+       MM    short    other
Apr 12 20:16:37	Started 1st pass mapping
Apr 12 20:16:56     22.2      117071      198    92.6%    196.7     0.8%     2.3%     0.3%     0.0%     4.6%     0.3%
Apr 12 20:18:02    241.3     5698300      198    92.2%    196.6     0.8%     2.2%     0.3%     0.0%     5.0%     0.3%
Apr 12 20:19:04    276.0    11271608      198    92.3%    196.6     0.8%     2.2%     0.3%     0.0%     5.0%     0.3%
Apr 12 20:20:09    285.8    16828319      198    92.3%    196.6     0.8%     2.1%     0.3%     0.0%     5.0%     0.3%
Apr 12 20:21:09    294.7    22269254      198    92.3%    196.6     0.8%     2.2%     0.3%     0.0%     5.0%     0.3%
Apr 12 20:22:09    291.7    26899209      198    92.4%    196.6     0.8%     2.2%     0.3%     0.0%     4.9%     0.3%
Apr 12 20:23:11    293.4    32108569      198    92.4%    196.6     0.8%     2.2%     0.3%     0.0%     4.8%     0.3%
Apr 12 20:24:16    295.4    37664620      198    92.4%    196.6     0.8%     2.2%     0.3%     0.0%     4.8%     0.3%
Apr 12 20:25:17    299.2    43221458      198    92.4%    196.6     0.8%     2.2%     0.3%     0.0%     4.8%     0.3%
Apr 12 20:26:17    302.8    48778651      198    92.5%    196.7     0.8%     2.2%     0.3%     0.0%     4.8%     0.3%
Apr 12 20:27:18    303.2    53988645      198    92.5%    196.7     0.8%     2.2%     0.3%     0.0%     4.7%     0.3%
Apr 12 20:28:18    305.8    59545694      198    92.6%    196.7     0.8%     2.2%     0.3%     0.0%     4.7%     0.3%
Apr 12 20:29:18    308.0    65102591      198    92.6%    196.7     0.8%     2.2%     0.3%     0.0%     4.7%     0.3%
Apr 12 20:30:19    308.9    70543525      198    92.6%    196.7     0.8%     2.2%     0.3%     0.0%     4.7%     0.3%
Apr 12 20:31:19    308.3    75521504      198    92.6%    196.7     0.8%     2.2%     0.3%     0.0%     4.7%     0.3%
Apr 12 20:32:23    308.1    80962026      198    92.6%    196.7     0.8%     2.2%     0.3%     0.0%     4.7%     0.3%
Apr 12 20:32:53	Finished 1st pass mapping
Apr 12 20:35:23    199.1     3374103      198    92.3%    196.6     0.8%     2.3%     0.3%     0.0%     4.9%     0.3%
Apr 12 20:36:31    210.9     7557721      198    92.1%    196.6     0.8%     2.3%     0.3%     0.0%     5.0%     0.3%
Apr 12 20:37:33    227.7    12082010      198    92.2%    196.6     0.8%     2.3%     0.3%     0.0%     5.0%     0.3%
Apr 12 20:38:33    238.0    16596745      198    92.1%    196.6     0.8%     2.3%     0.3%     0.0%     5.0%     0.3%
Apr 12 20:39:33    239.0    20648673      198    92.2%    196.6     0.8%     2.3%     0.3%     0.0%     5.0%     0.3%
Apr 12 20:40:35    237.3    24584203      198    92.2%    196.7     0.8%     2.3%     0.3%     0.0%     4.9%     0.3%
Apr 12 20:41:37    233.2    28172587      198    92.3%    196.7     0.8%     2.3%     0.3%     0.0%     4.9%     0.3%
Apr 12 20:42:38    233.0    32108543      198    92.3%    196.7     0.8%     2.3%     0.3%     0.0%     4.8%     0.3%
Apr 12 20:43:41    233.6    36275642      198    92.3%    196.7     0.8%     2.3%     0.3%     0.0%     4.8%     0.3%
Apr 12 20:44:43    231.8    39979760      198    92.3%    196.7     0.8%     2.3%     0.3%     0.0%     4.8%     0.3%
Apr 12 20:45:43    230.3    43568733      198    92.3%    196.7     0.8%     2.3%     0.3%     0.0%     4.8%     0.3%
Apr 12 20:46:46    231.5    47852545      198    92.4%    196.7     0.8%     2.3%     0.3%     0.0%     4.8%     0.3%
Apr 12 20:47:46    230.9    51557390      198    92.4%    196.7     0.8%     2.3%     0.3%     0.0%     4.7%     0.3%
Apr 12 20:48:49    229.0    55146392      198    92.4%    196.7     0.8%     2.3%     0.3%     0.0%     4.7%     0.3%
Apr 12 20:49:51    229.0    59082608      198    92.4%    196.7     0.8%     2.3%     0.3%     0.0%     4.7%     0.3%
Apr 12 20:50:51    229.4    63018870      198    92.5%    196.7     0.8%     2.3%     0.3%     0.0%     4.7%     0.3%
Apr 12 20:51:51    229.0    66723284      198    92.5%    196.7     0.8%     2.3%     0.3%     0.0%     4.7%     0.3%
Apr 12 20:52:51    230.1    70890751      198    92.5%    196.7     0.8%     2.3%     0.3%     0.0%     4.6%     0.3%
Apr 12 20:53:52    230.6    74942658      198    92.5%    196.7     0.8%     2.3%     0.3%     0.0%     4.6%     0.3%
Apr 12 20:54:55    229.6    78646880      198    92.5%    196.7     0.8%     2.3%     0.3%     0.0%     4.6%     0.3%
Apr 12 20:55:55    229.0    82235394      198    92.5%    196.7     0.8%     2.3%     0.3%     0.0%     4.6%     0.3%
Apr 12 20:58:33    208.1    83885242      198    92.5%    196.7     0.8%     2.3%     0.3%     0.0%     4.6%     0.3%
ALL DONE!
