                                 Started job on |	Apr 12 20:33:20
                             Started mapping on |	Apr 12 20:52:12
                                    Finished on |	Apr 12 21:17:02
       Mapping speed, Million of reads per hour |	219.42

                          Number of input reads |	90815960
                      Average input read length |	198
                                    UNIQUE READS:
                   Uniquely mapped reads number |	83914451
                        Uniquely mapped reads % |	92.40%
                          Average mapped length |	196.71
                       Number of splices: Total |	43188552
            Number of splices: Annotated (sjdb) |	43020911
                       Number of splices: GT/AG |	42419035
                       Number of splices: GC/AG |	382682
                       Number of splices: AT/AC |	41340
               Number of splices: Non-canonical |	345495
                      Mismatch rate per base, % |	0.78%
                         Deletion rate per base |	0.06%
                        Deletion average length |	2.15
                        Insertion rate per base |	0.03%
                       Insertion average length |	2.12
                             MULTI-MAPPING READS:
        Number of reads mapped to multiple loci |	2171272
             % of reads mapped to multiple loci |	2.39%
        Number of reads mapped to too many loci |	284361
             % of reads mapped to too many loci |	0.31%
                                  UNMAPPED READS:
  Number of reads unmapped: too many mismatches |	0
       % of reads unmapped: too many mismatches |	0.00%
            Number of reads unmapped: too short |	4092832
                 % of reads unmapped: too short |	4.51%
                Number of reads unmapped: other |	353044
                     % of reads unmapped: other |	0.39%
                                  CHIMERIC READS:
                       Number of chimeric reads |	0
                            % of chimeric reads |	0.00%
