           Time    Speed        Read     Read   Mapped   Mapped   Mapped   Mapped Unmapped Unmapped Unmapped Unmapped
                    M/hr      number   length   unique   length   MMrate    multi   multi+       MM    short    other
Apr 12 20:33:47	Started 1st pass mapping
Apr 12 20:34:08     20.0      116643      198    92.4%    196.7     0.8%     2.3%     0.3%     0.0%     4.6%     0.4%
Apr 12 20:35:09    250.2     5698471      198    92.1%    196.6     0.8%     2.2%     0.3%     0.0%     5.0%     0.4%
Apr 12 20:36:10    286.7    11387586      198    92.2%    196.6     0.8%     2.2%     0.3%     0.0%     4.9%     0.4%
Apr 12 20:37:12    295.5    16828806      198    92.2%    196.6     0.8%     2.2%     0.3%     0.0%     4.9%     0.4%
Apr 12 20:38:15    299.2    22270068      198    92.2%    196.6     0.8%     2.2%     0.3%     0.0%     4.9%     0.4%
Apr 12 20:39:15    304.1    27710510      198    92.3%    196.6     0.8%     2.2%     0.3%     0.0%     4.8%     0.4%
Apr 12 20:40:15    307.6    33151043      198    92.3%    196.6     0.8%     2.2%     0.3%     0.0%     4.7%     0.4%
Apr 12 20:41:15    308.3    38360123      198    92.3%    196.6     0.8%     2.2%     0.3%     0.0%     4.7%     0.4%
Apr 12 20:42:15    311.2    43916649      198    92.4%    196.6     0.8%     2.2%     0.3%     0.0%     4.7%     0.4%
Apr 12 20:43:15    314.3    49589759      198    92.4%    196.6     0.8%     2.2%     0.3%     0.0%     4.7%     0.4%
Apr 12 20:44:15    316.1    55146955      198    92.4%    196.6     0.8%     2.2%     0.3%     0.0%     4.7%     0.4%
Apr 12 20:45:15    319.5    61051664      198    92.5%    196.6     0.8%     2.2%     0.3%     0.0%     4.6%     0.4%
Apr 12 20:46:15    321.1    66724524      198    92.5%    196.7     0.8%     2.2%     0.3%     0.0%     4.6%     0.4%
Apr 12 20:47:15    323.1    72513039      198    92.5%    196.7     0.8%     2.2%     0.3%     0.0%     4.6%     0.4%
Apr 12 20:48:16    322.9    77954127      198    92.5%    196.7     0.8%     2.2%     0.3%     0.0%     4.6%     0.4%
Apr 12 20:49:16    323.2    83394942      198    92.5%    196.7     0.8%     2.2%     0.3%     0.0%     4.6%     0.4%
Apr 12 20:50:17    321.8    88488104      198    92.5%    196.7     0.8%     2.2%     0.3%     0.0%     4.5%     0.4%
Apr 12 20:50:39	Finished 1st pass mapping
Apr 12 20:53:12    153.6     2560778      198    92.2%    196.6     0.8%     2.4%     0.3%     0.0%     4.7%     0.4%
Apr 12 20:54:12    205.8     6860583      198    92.0%    196.6     0.8%     2.4%     0.3%     0.0%     4.9%     0.4%
Apr 12 20:55:13    219.6    11040178      198    92.1%    196.6     0.8%     2.4%     0.3%     0.0%     4.9%     0.4%
Apr 12 20:56:13    222.0    14860599      198    92.1%    196.6     0.8%     2.4%     0.3%     0.0%     4.9%     0.4%
Apr 12 20:57:13    224.8    18796859      198    92.0%    196.6     0.8%     2.4%     0.3%     0.0%     4.9%     0.4%
Apr 12 20:58:15    228.9    23080424      198    92.1%    196.6     0.8%     2.4%     0.3%     0.0%     4.8%     0.4%
Apr 12 20:59:15    231.9    27247511      198    92.1%    196.6     0.8%     2.4%     0.3%     0.0%     4.8%     0.4%
Apr 12 21:00:18    232.7    31414641      198    92.2%    196.7     0.8%     2.4%     0.3%     0.0%     4.7%     0.4%
Apr 12 21:01:20    232.2    35350511      198    92.2%    196.7     0.8%     2.4%     0.3%     0.0%     4.7%     0.4%
Apr 12 21:02:20    234.0    39517732      198    92.2%    196.7     0.8%     2.4%     0.3%     0.0%     4.7%     0.4%
Apr 12 21:03:21    236.9    44032330      198    92.2%    196.7     0.8%     2.4%     0.3%     0.0%     4.7%     0.4%
Apr 12 21:04:26    237.0    48316090      198    92.2%    196.7     0.8%     2.4%     0.3%     0.0%     4.7%     0.4%
Apr 12 21:05:26    238.0    52484239      198    92.3%    196.7     0.8%     2.4%     0.3%     0.0%     4.6%     0.4%
Apr 12 21:06:27    239.5    56883777      198    92.3%    196.7     0.8%     2.4%     0.3%     0.0%     4.6%     0.4%
Apr 12 21:07:28    239.9    61051664      198    92.3%    196.7     0.8%     2.4%     0.3%     0.0%     4.6%     0.4%
Apr 12 21:08:28    240.6    65219534      198    92.3%    196.7     0.8%     2.4%     0.3%     0.0%     4.6%     0.4%
Apr 12 21:09:35    240.3    69619049      198    92.4%    196.7     0.8%     2.4%     0.3%     0.0%     4.5%     0.4%
Apr 12 21:10:35    241.2    73902398      198    92.4%    196.7     0.8%     2.4%     0.3%     0.0%     4.5%     0.4%
Apr 12 21:11:35    241.3    77954022      198    92.4%    196.7     0.8%     2.4%     0.3%     0.0%     4.5%     0.4%
Apr 12 21:12:36    240.9    81890125      198    92.4%    196.7     0.8%     2.4%     0.3%     0.0%     4.5%     0.4%
Apr 12 21:13:38    240.9    86057393      198    92.4%    196.7     0.8%     2.4%     0.3%     0.0%     4.5%     0.4%
Apr 12 21:14:41    241.4    90468625      198    92.4%    196.7     0.8%     2.4%     0.3%     0.0%     4.5%     0.4%
Apr 12 21:17:02    219.4    90815960      198    92.4%    196.7     0.8%     2.4%     0.3%     0.0%     4.5%     0.4%
ALL DONE!
