                                 Started job on |	Apr 12 22:15:33
                             Started mapping on |	Apr 12 22:30:40
                                    Finished on |	Apr 12 22:49:53
       Mapping speed, Million of reads per hour |	239.71

                          Number of input reads |	76773174
                      Average input read length |	198
                                    UNIQUE READS:
                   Uniquely mapped reads number |	71318056
                        Uniquely mapped reads % |	92.89%
                          Average mapped length |	196.86
                       Number of splices: Total |	38832690
            Number of splices: Annotated (sjdb) |	38692032
                       Number of splices: GT/AG |	38194279
                       Number of splices: GC/AG |	338835
                       Number of splices: AT/AC |	35108
               Number of splices: Non-canonical |	264468
                      Mismatch rate per base, % |	0.75%
                         Deletion rate per base |	0.05%
                        Deletion average length |	2.16
                        Insertion rate per base |	0.03%
                       Insertion average length |	2.11
                             MULTI-MAPPING READS:
        Number of reads mapped to multiple loci |	1675478
             % of reads mapped to multiple loci |	2.18%
        Number of reads mapped to too many loci |	149220
             % of reads mapped to too many loci |	0.19%
                                  UNMAPPED READS:
  Number of reads unmapped: too many mismatches |	0
       % of reads unmapped: too many mismatches |	0.00%
            Number of reads unmapped: too short |	3466187
                 % of reads unmapped: too short |	4.51%
                Number of reads unmapped: other |	164233
                     % of reads unmapped: other |	0.21%
                                  CHIMERIC READS:
                       Number of chimeric reads |	0
                            % of chimeric reads |	0.00%
