           Time    Speed        Read     Read   Mapped   Mapped   Mapped   Mapped Unmapped Unmapped Unmapped Unmapped
                    M/hr      number   length   unique   length   MMrate    multi   multi+       MM    short    other
Apr 12 22:15:44	Started 1st pass mapping
Apr 12 22:16:03     22.2      117013      198    93.0%    196.8     0.7%     2.1%     0.2%     0.0%     4.6%     0.2%
Apr 12 22:17:03    259.6     5696252      198    92.7%    196.8     0.8%     2.0%     0.2%     0.0%     4.9%     0.2%
Apr 12 22:18:05    293.6    11498950      198    92.7%    196.7     0.8%     2.0%     0.2%     0.0%     4.9%     0.2%
Apr 12 22:19:05    305.4    17053725      198    92.7%    196.7     0.8%     2.0%     0.2%     0.0%     4.9%     0.2%
Apr 12 22:20:07    311.1    22724271      198    92.8%    196.8     0.8%     2.0%     0.2%     0.0%     4.8%     0.2%
Apr 12 22:21:08    320.6    28857682      198    92.9%    196.8     0.8%     2.0%     0.2%     0.0%     4.7%     0.2%
Apr 12 22:22:12    323.6    34875292      198    92.9%    196.8     0.8%     2.0%     0.2%     0.0%     4.7%     0.2%
Apr 12 22:23:12    327.7    40777520      198    92.9%    196.8     0.8%     2.0%     0.2%     0.0%     4.7%     0.2%
Apr 12 22:24:12    330.8    46679996      198    92.9%    196.8     0.8%     2.0%     0.2%     0.0%     4.6%     0.2%
Apr 12 22:25:13    333.4    52698216      198    93.0%    196.8     0.8%     2.0%     0.2%     0.0%     4.6%     0.2%
Apr 12 22:26:13    334.7    58484950      198    93.0%    196.8     0.8%     2.0%     0.2%     0.0%     4.6%     0.2%
Apr 12 22:27:15    336.1    64503500      198    93.0%    196.8     0.8%     2.0%     0.2%     0.0%     4.6%     0.2%
Apr 12 22:28:15    334.7    69827058      198    93.0%    196.8     0.8%     2.0%     0.2%     0.0%     4.6%     0.2%
Apr 12 22:29:15    334.6    75384453      198    93.0%    196.8     0.8%     2.0%     0.2%     0.0%     4.5%     0.2%
Apr 12 22:29:24	Finished 1st pass mapping
Apr 12 22:31:40    209.3     3489110      198    92.6%    196.8     0.8%     2.2%     0.2%     0.0%     4.8%     0.2%
Apr 12 22:32:40    233.6     7787278      198    92.5%    196.8     0.8%     2.2%     0.2%     0.0%     4.9%     0.2%
Apr 12 22:33:41    242.5    12193248      198    92.6%    196.8     0.8%     2.2%     0.2%     0.0%     4.8%     0.2%
Apr 12 22:34:44    251.6    17053740      198    92.6%    196.8     0.8%     2.2%     0.2%     0.0%     4.9%     0.2%
Apr 12 22:35:45    251.8    21335695      198    92.6%    196.8     0.8%     2.2%     0.2%     0.0%     4.8%     0.2%
Apr 12 22:36:48    257.4    26311756      198    92.7%    196.8     0.8%     2.2%     0.2%     0.0%     4.7%     0.2%
Apr 12 22:37:52    257.8    30940649      198    92.7%    196.8     0.8%     2.2%     0.2%     0.0%     4.7%     0.2%
Apr 12 22:38:56    260.7    35916752      198    92.7%    196.8     0.8%     2.2%     0.2%     0.0%     4.7%     0.2%
Apr 12 22:39:56    261.0    40314499      198    92.7%    196.8     0.8%     2.2%     0.2%     0.0%     4.7%     0.2%
Apr 12 22:40:56    263.3    45059707      198    92.8%    196.8     0.8%     2.2%     0.2%     0.0%     4.6%     0.2%
Apr 12 22:41:56    262.8    49341991      198    92.8%    196.8     0.8%     2.2%     0.2%     0.0%     4.6%     0.2%
Apr 12 22:42:56    264.6    54087084      198    92.8%    196.8     0.8%     2.2%     0.2%     0.0%     4.6%     0.2%
Apr 12 22:43:57    264.2    58484950      198    92.9%    196.9     0.8%     2.2%     0.2%     0.0%     4.6%     0.2%
Apr 12 22:44:58    264.3    62998809      198    92.9%    196.8     0.8%     2.2%     0.2%     0.0%     4.5%     0.2%
Apr 12 22:45:59    264.9    67628296      198    92.9%    196.9     0.8%     2.2%     0.2%     0.0%     4.5%     0.2%
Apr 12 22:47:02    265.3    72372953      198    92.9%    196.9     0.8%     2.2%     0.2%     0.0%     4.5%     0.2%
Apr 12 22:49:53    239.7    76773174      198    92.9%    196.9     0.8%     2.2%     0.2%     0.0%     4.5%     0.2%
ALL DONE!
