           Time    Speed        Read     Read   Mapped   Mapped   Mapped   Mapped Unmapped Unmapped Unmapped Unmapped
                    M/hr      number   length   unique   length   MMrate    multi   multi+       MM    short    other
Apr 12 18:54:56	Started 1st pass mapping
Apr 12 18:55:13     24.8      117016      198    93.4%    196.8     0.7%     2.2%     0.2%     0.0%     4.1%     0.1%
Apr 12 18:56:13    320.6     6858175      198    93.1%    196.8     0.8%     2.2%     0.2%     0.0%     4.4%     0.2%
Apr 12 18:57:16    337.4    13119707      198    93.1%    196.8     0.8%     2.2%     0.2%     0.0%     4.4%     0.2%
Apr 12 18:58:16    365.3    20295029      198    93.2%    196.8     0.8%     2.2%     0.2%     0.0%     4.3%     0.1%
Apr 12 18:59:17    359.7    26080959      198    93.3%    196.8     0.8%     2.2%     0.2%     0.0%     4.2%     0.1%
Apr 12 19:00:17    370.4    33024314      198    93.3%    196.8     0.8%     2.2%     0.2%     0.0%     4.2%     0.1%
Apr 12 19:01:17    373.3    39505089      198    93.3%    196.8     0.8%     2.2%     0.2%     0.0%     4.2%     0.1%
Apr 12 19:02:18    378.3    46449546      198    93.4%    196.8     0.7%     2.2%     0.2%     0.0%     4.1%     0.1%
Apr 12 19:03:18    385.4    53740968      198    93.4%    196.9     0.7%     2.2%     0.2%     0.0%     4.1%     0.2%
Apr 12 19:04:18    385.0    60106299      198    93.4%    196.9     0.7%     2.2%     0.2%     0.0%     4.0%     0.2%
Apr 12 19:05:18    387.4    66934506      198    93.5%    196.9     0.7%     2.2%     0.2%     0.0%     4.0%     0.2%
Apr 12 19:06:18    388.1    73530669      198    93.5%    196.9     0.7%     2.2%     0.2%     0.0%     4.0%     0.2%
Apr 12 19:06:38	Finished 1st pass mapping
Apr 12 19:08:54    229.6     3953960      198    92.9%    196.8     0.8%     2.3%     0.2%     0.0%     4.4%     0.2%
Apr 12 19:09:55    278.9     9530303      198    93.0%    196.8     0.8%     2.3%     0.2%     0.0%     4.3%     0.2%
Apr 12 19:10:56    292.9    14971464      198    93.0%    196.8     0.8%     2.3%     0.2%     0.0%     4.3%     0.2%
Apr 12 19:11:56    301.1    20410719      198    93.1%    196.8     0.8%     2.3%     0.2%     0.0%     4.3%     0.2%
Apr 12 19:13:01    302.5    25965222      198    93.1%    196.9     0.8%     2.3%     0.2%     0.0%     4.2%     0.2%
Apr 12 19:14:02    306.7    31520046      198    93.2%    196.9     0.8%     2.3%     0.2%     0.0%     4.2%     0.2%
Apr 12 19:15:03    309.7    37074528      198    93.2%    196.9     0.8%     2.3%     0.2%     0.0%     4.1%     0.2%
Apr 12 19:16:03    310.0    42282862      198    93.2%    196.9     0.8%     2.3%     0.2%     0.0%     4.1%     0.2%
Apr 12 19:17:03    311.0    47607045      198    93.2%    196.9     0.7%     2.3%     0.2%     0.0%     4.1%     0.2%
Apr 12 19:18:04    312.7    53162356      198    93.3%    196.9     0.7%     2.3%     0.2%     0.0%     4.0%     0.2%
Apr 12 19:19:05    312.2    58370555      198    93.3%    196.9     0.7%     2.3%     0.2%     0.0%     4.0%     0.2%
Apr 12 19:20:09    312.3    63925424      198    93.3%    196.9     0.7%     2.3%     0.2%     0.0%     4.0%     0.2%
Apr 12 19:21:11    312.0    69249010      198    93.3%    196.9     0.7%     2.3%     0.2%     0.0%     4.0%     0.2%
Apr 12 19:22:11    313.0    74688003      198    93.3%    196.9     0.7%     2.3%     0.2%     0.0%     4.0%     0.2%
Apr 12 19:24:07    281.1    76119180      198    93.3%    196.9     0.7%     2.3%     0.2%     0.0%     4.0%     0.2%
ALL DONE!
