                                 Started job on |	Apr 12 18:54:30
                             Started mapping on |	Apr 12 19:07:52
                                    Finished on |	Apr 12 19:24:07
       Mapping speed, Million of reads per hour |	281.06

                          Number of input reads |	76119180
                      Average input read length |	198
                                    UNIQUE READS:
                   Uniquely mapped reads number |	71051401
                        Uniquely mapped reads % |	93.34%
                          Average mapped length |	196.90
                       Number of splices: Total |	38915053
            Number of splices: Annotated (sjdb) |	38788527
                       Number of splices: GT/AG |	38303370
                       Number of splices: GC/AG |	341443
                       Number of splices: AT/AC |	36673
               Number of splices: Non-canonical |	233567
                      Mismatch rate per base, % |	0.74%
                         Deletion rate per base |	0.05%
                        Deletion average length |	2.10
                        Insertion rate per base |	0.03%
                       Insertion average length |	2.03
                             MULTI-MAPPING READS:
        Number of reads mapped to multiple loci |	1770596
             % of reads mapped to multiple loci |	2.33%
        Number of reads mapped to too many loci |	133306
             % of reads mapped to too many loci |	0.18%
                                  UNMAPPED READS:
  Number of reads unmapped: too many mismatches |	0
       % of reads unmapped: too many mismatches |	0.00%
            Number of reads unmapped: too short |	3028643
                 % of reads unmapped: too short |	3.98%
                Number of reads unmapped: other |	135234
                     % of reads unmapped: other |	0.18%
                                  CHIMERIC READS:
                       Number of chimeric reads |	0
                            % of chimeric reads |	0.00%
