           Time    Speed        Read     Read   Mapped   Mapped   Mapped   Mapped Unmapped Unmapped Unmapped Unmapped
                    M/hr      number   length   unique   length   MMrate    multi   multi+       MM    short    other
Apr 12 18:58:08	Started 1st pass mapping
Apr 12 18:58:24     26.3      117023      198    93.3%    196.9     0.7%     2.3%     0.2%     0.0%     4.1%     0.1%
Apr 12 18:59:24    335.9     7090669      198    92.8%    196.8     0.8%     2.3%     0.2%     0.0%     4.6%     0.1%
Apr 12 19:00:27    339.8    13120204      198    92.8%    196.8     0.8%     2.3%     0.2%     0.0%     4.5%     0.1%
Apr 12 19:01:27    350.4    19369815      198    92.8%    196.8     0.8%     2.3%     0.2%     0.0%     4.6%     0.1%
Apr 12 19:02:29    359.8    26082260      198    92.9%    196.8     0.8%     2.3%     0.2%     0.0%     4.5%     0.1%
Apr 12 19:03:29    362.6    32331193      198    92.9%    196.8     0.8%     2.3%     0.2%     0.0%     4.4%     0.1%
Apr 12 19:04:30    369.0    39159082      198    93.0%    196.8     0.8%     2.3%     0.2%     0.0%     4.4%     0.1%
Apr 12 19:05:30    369.8    45407794      198    93.0%    196.8     0.8%     2.3%     0.2%     0.0%     4.4%     0.1%
Apr 12 19:06:32    373.1    52236597      198    93.0%    196.8     0.8%     2.3%     0.2%     0.0%     4.3%     0.1%
Apr 12 19:07:32    377.0    59065278      198    93.1%    196.8     0.8%     2.3%     0.2%     0.0%     4.3%     0.1%
Apr 12 19:08:32    380.2    65893836      198    93.1%    196.8     0.8%     2.3%     0.2%     0.0%     4.3%     0.1%
Apr 12 19:09:33    382.8    72838194      198    93.1%    196.8     0.7%     2.3%     0.2%     0.0%     4.2%     0.1%
Apr 12 19:10:33    382.7    79203732      198    93.2%    196.8     0.7%     2.3%     0.2%     0.0%     4.2%     0.1%
Apr 12 19:11:35    382.2    85684586      198    93.2%    196.8     0.7%     2.3%     0.2%     0.0%     4.2%     0.1%
Apr 12 19:12:36    384.2    92628091      198    93.2%    196.8     0.8%     2.3%     0.2%     0.0%     4.2%     0.1%
Apr 12 19:13:14	Finished 1st pass mapping
Apr 12 19:15:36    219.3     3837799      198    92.8%    196.8     0.8%     2.4%     0.2%     0.0%     4.4%     0.2%
Apr 12 19:16:42    262.7     9414312      198    92.6%    196.8     0.8%     2.5%     0.2%     0.0%     4.6%     0.2%
Apr 12 19:17:43    283.7    14971998      198    92.7%    196.8     0.8%     2.5%     0.2%     0.0%     4.5%     0.2%
Apr 12 19:18:45    293.2    20527137      198    92.6%    196.8     0.8%     2.5%     0.2%     0.0%     4.6%     0.2%
Apr 12 19:19:45    299.6    25966581      198    92.7%    196.8     0.8%     2.5%     0.2%     0.0%     4.5%     0.2%
Apr 12 19:20:45    295.0    30479595      198    92.7%    196.8     0.8%     2.5%     0.2%     0.0%     4.4%     0.2%
Apr 12 19:21:46    296.7    35687259      198    92.8%    196.8     0.8%     2.5%     0.2%     0.0%     4.4%     0.2%
Apr 12 19:22:47    300.5    41241941      198    92.8%    196.8     0.8%     2.5%     0.2%     0.0%     4.3%     0.2%
Apr 12 19:23:48    302.8    46680944      198    92.8%    196.8     0.8%     2.5%     0.2%     0.0%     4.3%     0.2%
Apr 12 19:24:49    306.6    52468058      198    92.9%    196.8     0.8%     2.5%     0.2%     0.0%     4.3%     0.2%
Apr 12 19:25:49    309.0    58023665      198    92.9%    196.9     0.8%     2.5%     0.2%     0.0%     4.3%     0.2%
Apr 12 19:26:50    310.0    63463606      198    92.9%    196.9     0.8%     2.5%     0.2%     0.0%     4.2%     0.2%
Apr 12 19:27:50    311.8    69018784      198    93.0%    196.9     0.8%     2.5%     0.2%     0.0%     4.2%     0.2%
Apr 12 19:28:50    313.3    74574203      198    93.0%    196.9     0.7%     2.5%     0.2%     0.0%     4.2%     0.2%
Apr 12 19:29:50    314.6    80129630      198    93.0%    196.9     0.7%     2.5%     0.2%     0.0%     4.2%     0.2%
Apr 12 19:30:50    314.9    85453173      198    93.0%    196.9     0.7%     2.5%     0.2%     0.0%     4.2%     0.2%
Apr 12 19:31:52    315.3    91007940      198    93.0%    196.9     0.8%     2.5%     0.2%     0.0%     4.2%     0.2%
Apr 12 19:32:52    317.3    96878892      198    93.0%    196.9     0.7%     2.5%     0.2%     0.0%     4.1%     0.2%
Apr 12 19:34:59    284.5    96878892      198    93.0%    196.9     0.7%     2.5%     0.2%     0.0%     4.1%     0.2%
ALL DONE!
