                                 Started job on |	Apr 12 18:57:55
                             Started mapping on |	Apr 12 19:14:33
                                    Finished on |	Apr 12 19:34:59
       Mapping speed, Million of reads per hour |	284.47

                          Number of input reads |	96878892
                      Average input read length |	198
                                    UNIQUE READS:
                   Uniquely mapped reads number |	90124489
                        Uniquely mapped reads % |	93.03%
                          Average mapped length |	196.89
                       Number of splices: Total |	49762659
            Number of splices: Annotated (sjdb) |	49592627
                       Number of splices: GT/AG |	48944191
                       Number of splices: GC/AG |	450106
                       Number of splices: AT/AC |	46174
               Number of splices: Non-canonical |	322188
                      Mismatch rate per base, % |	0.75%
                         Deletion rate per base |	0.05%
                        Deletion average length |	2.14
                        Insertion rate per base |	0.03%
                       Insertion average length |	2.09
                             MULTI-MAPPING READS:
        Number of reads mapped to multiple loci |	2394899
             % of reads mapped to multiple loci |	2.47%
        Number of reads mapped to too many loci |	180269
             % of reads mapped to too many loci |	0.19%
                                  UNMAPPED READS:
  Number of reads unmapped: too many mismatches |	0
       % of reads unmapped: too many mismatches |	0.00%
            Number of reads unmapped: too short |	4008237
                 % of reads unmapped: too short |	4.14%
                Number of reads unmapped: other |	170998
                     % of reads unmapped: other |	0.18%
                                  CHIMERIC READS:
                       Number of chimeric reads |	0
                            % of chimeric reads |	0.00%
