           Time    Speed        Read     Read   Mapped   Mapped   Mapped   Mapped Unmapped Unmapped Unmapped Unmapped
                    M/hr      number   length   unique   length   MMrate    multi   multi+       MM    short    other
Apr 12 19:29:27	Started 1st pass mapping
Apr 12 19:29:44     24.7      116534      198    93.0%    196.9     0.7%     2.2%     0.2%     0.0%     4.4%     0.2%
Apr 12 19:30:46    328.2     7202626      198    92.7%    196.9     0.8%     2.3%     0.2%     0.0%     4.6%     0.2%
Apr 12 19:31:50    338.8    13459157      198    92.8%    196.9     0.8%     2.3%     0.2%     0.0%     4.5%     0.2%
Apr 12 19:32:51    357.9    20283456      198    92.8%    196.9     0.8%     2.3%     0.2%     0.0%     4.5%     0.2%
Apr 12 19:33:52    362.0    26644645      198    92.9%    196.9     0.8%     2.3%     0.2%     0.0%     4.4%     0.2%
Apr 12 19:34:52    368.2    33237203      198    92.9%    196.9     0.8%     2.3%     0.2%     0.0%     4.4%     0.2%
Apr 12 19:35:53    372.5    39945266      198    92.9%    197.0     0.8%     2.3%     0.2%     0.0%     4.4%     0.2%
Apr 12 19:36:53    377.5    46769918      198    93.0%    197.0     0.8%     2.3%     0.2%     0.0%     4.3%     0.2%
Apr 12 19:37:55    381.4    53825982      198    93.0%    197.0     0.8%     2.3%     0.2%     0.0%     4.3%     0.2%
Apr 12 19:39:00    382.5    60882048      198    93.1%    197.0     0.7%     2.3%     0.2%     0.0%     4.2%     0.2%
Apr 12 19:40:01    385.8    67937635      198    93.1%    197.0     0.7%     2.3%     0.2%     0.0%     4.2%     0.2%
Apr 12 19:41:01    383.0    73836490      198    93.1%    197.0     0.8%     2.3%     0.2%     0.0%     4.2%     0.2%
Apr 12 19:42:01    384.6    80555116      198    93.1%    197.0     0.8%     2.3%     0.2%     0.0%     4.2%     0.2%
Apr 12 19:42:08	Finished 1st pass mapping
Apr 12 19:44:30    206.1     3835505      198    92.6%    196.9     0.8%     2.4%     0.2%     0.0%     4.6%     0.2%
Apr 12 19:45:32    262.6     9408591      198    92.6%    196.9     0.8%     2.4%     0.2%     0.0%     4.6%     0.2%
Apr 12 19:46:33    270.4    14268762      198    92.6%    196.9     0.8%     2.4%     0.2%     0.0%     4.5%     0.2%
Apr 12 19:47:33    277.1    19242378      198    92.6%    196.9     0.8%     2.4%     0.2%     0.0%     4.5%     0.2%
Apr 12 19:48:33    281.2    24215863      198    92.7%    197.0     0.8%     2.5%     0.2%     0.0%     4.5%     0.2%
Apr 12 19:49:33    286.3    29420412      198    92.7%    197.0     0.8%     2.5%     0.2%     0.0%     4.4%     0.2%
Apr 12 19:50:33    283.1    33815392      198    92.8%    197.0     0.8%     2.5%     0.2%     0.0%     4.4%     0.2%
Apr 12 19:51:34    287.8    39251263      198    92.8%    197.0     0.8%     2.5%     0.2%     0.0%     4.4%     0.2%
Apr 12 19:52:34    292.0    44687825      198    92.8%    197.0     0.8%     2.5%     0.2%     0.0%     4.3%     0.2%
Apr 12 19:53:34    291.9    49546035      198    92.8%    197.0     0.8%     2.5%     0.2%     0.0%     4.3%     0.2%
Apr 12 19:54:34    293.1    54635711      198    92.9%    197.0     0.8%     2.4%     0.2%     0.0%     4.3%     0.2%
Apr 12 19:55:36    293.3    59725356      198    92.9%    197.0     0.7%     2.4%     0.2%     0.0%     4.2%     0.2%
Apr 12 19:56:36    293.7    64698944      198    92.9%    197.0     0.7%     2.5%     0.2%     0.0%     4.2%     0.2%
Apr 12 19:57:36    295.0    69903880      198    92.9%    197.0     0.7%     2.5%     0.2%     0.0%     4.2%     0.2%
Apr 12 19:58:38    293.2    74530469      198    92.9%    197.0     0.8%     2.5%     0.2%     0.0%     4.2%     0.2%
Apr 12 19:59:38    294.0    79619462      198    93.0%    197.0     0.8%     2.5%     0.2%     0.0%     4.2%     0.2%
Apr 12 20:01:48    265.1    81364824      198    93.0%    197.0     0.8%     2.5%     0.2%     0.0%     4.2%     0.2%
ALL DONE!
