                                 Started job on |	Apr 12 19:28:36
                             Started mapping on |	Apr 12 19:43:23
                                    Finished on |	Apr 12 20:01:48
       Mapping speed, Million of reads per hour |	265.08

                          Number of input reads |	81364824
                      Average input read length |	198
                                    UNIQUE READS:
                   Uniquely mapped reads number |	75634882
                        Uniquely mapped reads % |	92.96%
                          Average mapped length |	197.03
                       Number of splices: Total |	41589686
            Number of splices: Annotated (sjdb) |	41446623
                       Number of splices: GT/AG |	40923908
                       Number of splices: GC/AG |	362590
                       Number of splices: AT/AC |	40083
               Number of splices: Non-canonical |	263105
                      Mismatch rate per base, % |	0.75%
                         Deletion rate per base |	0.05%
                        Deletion average length |	2.14
                        Insertion rate per base |	0.03%
                       Insertion average length |	2.10
                             MULTI-MAPPING READS:
        Number of reads mapped to multiple loci |	1997227
             % of reads mapped to multiple loci |	2.45%
        Number of reads mapped to too many loci |	165583
             % of reads mapped to too many loci |	0.20%
                                  UNMAPPED READS:
  Number of reads unmapped: too many mismatches |	0
       % of reads unmapped: too many mismatches |	0.00%
            Number of reads unmapped: too short |	3394108
                 % of reads unmapped: too short |	4.17%
                Number of reads unmapped: other |	173024
                     % of reads unmapped: other |	0.21%
                                  CHIMERIC READS:
                       Number of chimeric reads |	0
                            % of chimeric reads |	0.00%
