                                 Started job on |	Apr 12 19:38:49
                             Started mapping on |	Apr 12 19:52:46
                                    Finished on |	Apr 12 20:11:49
       Mapping speed, Million of reads per hour |	234.23

                          Number of input reads |	74366617
                      Average input read length |	198
                                    UNIQUE READS:
                   Uniquely mapped reads number |	68920292
                        Uniquely mapped reads % |	92.68%
                          Average mapped length |	196.97
                       Number of splices: Total |	37614160
            Number of splices: Annotated (sjdb) |	37475114
                       Number of splices: GT/AG |	36984393
                       Number of splices: GC/AG |	327906
                       Number of splices: AT/AC |	32732
               Number of splices: Non-canonical |	269129
                      Mismatch rate per base, % |	0.77%
                         Deletion rate per base |	0.05%
                        Deletion average length |	2.14
                        Insertion rate per base |	0.03%
                       Insertion average length |	2.11
                             MULTI-MAPPING READS:
        Number of reads mapped to multiple loci |	1706826
             % of reads mapped to multiple loci |	2.30%
        Number of reads mapped to too many loci |	158331
             % of reads mapped to too many loci |	0.21%
                                  UNMAPPED READS:
  Number of reads unmapped: too many mismatches |	0
       % of reads unmapped: too many mismatches |	0.00%
            Number of reads unmapped: too short |	3426735
                 % of reads unmapped: too short |	4.61%
                Number of reads unmapped: other |	154433
                     % of reads unmapped: other |	0.21%
                                  CHIMERIC READS:
                       Number of chimeric reads |	0
                            % of chimeric reads |	0.00%
