           Time    Speed        Read     Read   Mapped   Mapped   Mapped   Mapped Unmapped Unmapped Unmapped Unmapped
                    M/hr      number   length   unique   length   MMrate    multi   multi+       MM    short    other
Apr 12 19:38:55	Started 1st pass mapping
Apr 12 19:39:14     22.2      116951      198    92.7%    196.9     0.8%     2.2%     0.2%     0.0%     4.7%     0.2%
Apr 12 19:40:14    301.8     6622614      198    92.4%    196.8     0.8%     2.2%     0.2%     0.0%     5.0%     0.2%
Apr 12 19:41:14    333.6    12881732      198    92.4%    196.8     0.8%     2.2%     0.2%     0.0%     5.0%     0.2%
Apr 12 19:42:18    331.0    18665338      198    92.5%    196.9     0.8%     2.1%     0.2%     0.0%     5.0%     0.2%
Apr 12 19:43:18    339.4    24795246      198    92.6%    196.9     0.8%     2.2%     0.2%     0.0%     4.9%     0.2%
Apr 12 19:44:20    346.4    31272338      198    92.6%    196.9     0.8%     2.2%     0.2%     0.0%     4.8%     0.2%
Apr 12 19:45:23    344.9    37171195      198    92.6%    196.9     0.8%     2.2%     0.2%     0.0%     4.8%     0.2%
Apr 12 19:46:23    349.8    43533526      198    92.7%    196.9     0.8%     2.2%     0.2%     0.0%     4.8%     0.2%
Apr 12 19:47:23    352.0    49664480      198    92.7%    196.9     0.8%     2.2%     0.2%     0.0%     4.7%     0.2%
Apr 12 19:48:23    352.2    55563891      198    92.8%    196.9     0.8%     2.2%     0.2%     0.0%     4.7%     0.2%
Apr 12 19:49:23    351.7    61347411      198    92.8%    196.9     0.8%     2.2%     0.2%     0.0%     4.7%     0.2%
Apr 12 19:50:24    352.0    67361966      198    92.8%    196.9     0.8%     2.2%     0.2%     0.0%     4.7%     0.2%
Apr 12 19:51:24    351.0    73029290      198    92.8%    196.9     0.8%     2.2%     0.2%     0.0%     4.6%     0.2%
Apr 12 19:51:31	Finished 1st pass mapping
Apr 12 19:54:02    181.7     3835814      198    92.2%    196.9     0.8%     2.3%     0.2%     0.0%     5.1%     0.2%
Apr 12 19:55:03    241.2     9177109      198    92.3%    196.9     0.8%     2.3%     0.2%     0.0%     5.0%     0.2%
Apr 12 19:56:05    237.2    13113108      198    92.3%    196.9     0.8%     2.3%     0.2%     0.0%     5.0%     0.2%
Apr 12 19:57:05    241.8    17392937      198    92.3%    196.9     0.8%     2.3%     0.2%     0.0%     5.0%     0.2%
Apr 12 19:58:06    247.7    22019485      198    92.4%    196.9     0.8%     2.3%     0.2%     0.0%     4.9%     0.2%
Apr 12 19:59:06    247.0    26067505      198    92.5%    196.9     0.8%     2.3%     0.2%     0.0%     4.8%     0.2%
Apr 12 20:00:06    248.3    30347107      198    92.5%    196.9     0.8%     2.3%     0.2%     0.0%     4.8%     0.2%
Apr 12 20:01:08    250.8    34973479      198    92.5%    196.9     0.8%     2.3%     0.2%     0.0%     4.8%     0.2%
Apr 12 20:02:10    251.3    39369152      198    92.5%    196.9     0.8%     2.3%     0.2%     0.0%     4.8%     0.2%
Apr 12 20:03:11    255.4    44343222      198    92.6%    196.9     0.8%     2.3%     0.2%     0.0%     4.7%     0.2%
Apr 12 20:04:11    256.8    48854699      198    92.6%    197.0     0.8%     2.3%     0.2%     0.0%     4.7%     0.2%
Apr 12 20:05:11    259.0    53597376      198    92.6%    197.0     0.8%     2.3%     0.2%     0.0%     4.7%     0.2%
Apr 12 20:06:11    260.4    58224434      198    92.6%    197.0     0.8%     2.3%     0.2%     0.0%     4.7%     0.2%
Apr 12 20:07:11    260.6    62619661      198    92.7%    197.0     0.8%     2.3%     0.2%     0.0%     4.6%     0.2%
Apr 12 20:08:16    259.0    66899315      198    92.7%    197.0     0.8%     2.3%     0.2%     0.0%     4.6%     0.2%
Apr 12 20:09:18    257.1    70831822      198    92.7%    197.0     0.8%     2.3%     0.2%     0.0%     4.6%     0.2%
Apr 12 20:11:49    234.2    74366617      198    92.7%    197.0     0.8%     2.3%     0.2%     0.0%     4.6%     0.2%
ALL DONE!
