           Time    Speed        Read     Read   Mapped   Mapped   Mapped   Mapped Unmapped Unmapped Unmapped Unmapped
                    M/hr      number   length   unique   length   MMrate    multi   multi+       MM    short    other
Apr 12 19:38:57	Started 1st pass mapping
Apr 12 19:39:14     24.7      116664      198    92.8%    196.7     0.7%     2.2%     0.3%     0.0%     4.5%     0.3%
Apr 12 19:40:14    299.0     6396129      198    92.6%    196.6     0.8%     2.2%     0.2%     0.0%     4.7%     0.3%
Apr 12 19:41:15    321.3    12314649      198    92.7%    196.6     0.8%     2.2%     0.2%     0.0%     4.6%     0.3%
Apr 12 19:42:15    333.4    18334950      198    92.6%    196.6     0.8%     2.2%     0.2%     0.0%     4.7%     0.3%
Apr 12 19:43:15    336.6    24123621      198    92.7%    196.6     0.8%     2.2%     0.2%     0.0%     4.6%     0.3%
Apr 12 19:44:17    335.2    29796276      198    92.8%    196.7     0.8%     2.2%     0.2%     0.0%     4.5%     0.3%
Apr 12 19:45:17    338.2    35700552      198    92.8%    196.7     0.8%     2.2%     0.2%     0.0%     4.5%     0.3%
Apr 12 19:46:17    341.4    41720701      198    92.8%    196.7     0.8%     2.2%     0.2%     0.0%     4.5%     0.3%
Apr 12 19:47:17    343.7    47741688      198    92.8%    196.7     0.8%     2.2%     0.2%     0.0%     4.5%     0.3%
Apr 12 19:48:17    347.8    54109939      198    92.9%    196.7     0.8%     2.2%     0.2%     0.0%     4.4%     0.3%
Apr 12 19:49:19    350.0    60477955      198    92.9%    196.7     0.8%     2.2%     0.2%     0.0%     4.4%     0.3%
Apr 12 19:50:19    351.6    66614583      198    92.9%    196.7     0.8%     2.2%     0.2%     0.0%     4.4%     0.3%
Apr 12 19:51:19    355.2    73214299      198    93.0%    196.7     0.7%     2.2%     0.2%     0.0%     4.3%     0.3%
Apr 12 19:52:19    356.2    79350335      198    93.0%    196.7     0.8%     2.2%     0.2%     0.0%     4.3%     0.3%
Apr 12 19:53:06	Finished 1st pass mapping
Apr 12 19:55:32    209.4     3839329      198    92.5%    196.7     0.8%     2.3%     0.2%     0.0%     4.6%     0.3%
Apr 12 19:56:33    257.1     9069154      198    92.5%    196.7     0.8%     2.3%     0.2%     0.0%     4.6%     0.3%
Apr 12 19:57:33    268.3    13935439      198    92.5%    196.7     0.8%     2.3%     0.2%     0.0%     4.6%     0.3%
Apr 12 19:58:36    264.0    18334895      198    92.5%    196.7     0.8%     2.3%     0.2%     0.0%     4.6%     0.3%
Apr 12 19:59:37    267.2    23081825      198    92.6%    196.7     0.8%     2.3%     0.2%     0.0%     4.6%     0.3%
Apr 12 20:00:37    267.8    27596751      198    92.6%    196.7     0.8%     2.3%     0.2%     0.0%     4.5%     0.3%
Apr 12 20:01:37    267.3    31996099      198    92.7%    196.7     0.8%     2.3%     0.2%     0.0%     4.5%     0.3%
Apr 12 20:02:37    271.9    37089794      198    92.7%    196.7     0.8%     2.3%     0.2%     0.0%     4.5%     0.3%
Apr 12 20:03:37    273.3    41836469      198    92.7%    196.7     0.8%     2.3%     0.2%     0.0%     4.5%     0.3%
Apr 12 20:04:37    274.5    46583694      198    92.7%    196.7     0.8%     2.3%     0.2%     0.0%     4.4%     0.3%
Apr 12 20:05:37    276.6    51562584      198    92.7%    196.7     0.8%     2.3%     0.2%     0.0%     4.4%     0.3%
Apr 12 20:06:37    277.9    56425562      198    92.8%    196.7     0.8%     2.3%     0.2%     0.0%     4.4%     0.3%
Apr 12 20:07:39    279.3    61520042      198    92.8%    196.7     0.8%     2.3%     0.2%     0.0%     4.4%     0.3%
Apr 12 20:08:40    280.3    66498797      198    92.8%    196.7     0.8%     2.3%     0.2%     0.0%     4.3%     0.3%
Apr 12 20:09:40    282.9    71824941      198    92.8%    196.7     0.7%     2.3%     0.2%     0.0%     4.3%     0.3%
Apr 12 20:10:42    280.3    75993073      198    92.8%    196.7     0.8%     2.3%     0.2%     0.0%     4.3%     0.3%
Apr 12 20:11:42    282.2    81202628      198    92.8%    196.7     0.8%     2.3%     0.2%     0.0%     4.3%     0.3%
Apr 12 20:14:12    256.4    84468026      198    92.8%    196.7     0.8%     2.3%     0.2%     0.0%     4.3%     0.3%
ALL DONE!
