                                 Started job on |	Apr 12 19:38:49
                             Started mapping on |	Apr 12 19:54:26
                                    Finished on |	Apr 12 20:14:12
       Mapping speed, Million of reads per hour |	256.40

                          Number of input reads |	84468026
                      Average input read length |	198
                                    UNIQUE READS:
                   Uniquely mapped reads number |	78417492
                        Uniquely mapped reads % |	92.84%
                          Average mapped length |	196.74
                       Number of splices: Total |	41243454
            Number of splices: Annotated (sjdb) |	41098177
                       Number of splices: GT/AG |	40542551
                       Number of splices: GC/AG |	370204
                       Number of splices: AT/AC |	42783
               Number of splices: Non-canonical |	287916
                      Mismatch rate per base, % |	0.75%
                         Deletion rate per base |	0.05%
                        Deletion average length |	2.15
                        Insertion rate per base |	0.03%
                       Insertion average length |	2.08
                             MULTI-MAPPING READS:
        Number of reads mapped to multiple loci |	1977051
             % of reads mapped to multiple loci |	2.34%
        Number of reads mapped to too many loci |	208509
             % of reads mapped to too many loci |	0.25%
                                  UNMAPPED READS:
  Number of reads unmapped: too many mismatches |	0
       % of reads unmapped: too many mismatches |	0.00%
            Number of reads unmapped: too short |	3623953
                 % of reads unmapped: too short |	4.29%
                Number of reads unmapped: other |	241021
                     % of reads unmapped: other |	0.29%
                                  CHIMERIC READS:
                       Number of chimeric reads |	0
                            % of chimeric reads |	0.00%
