                                 Started job on |	Apr 12 20:06:10
                             Started mapping on |	Apr 12 20:22:36
                                    Finished on |	Apr 12 20:46:13
       Mapping speed, Million of reads per hour |	229.09

                          Number of input reads |	90172420
                      Average input read length |	198
                                    UNIQUE READS:
                   Uniquely mapped reads number |	83512305
                        Uniquely mapped reads % |	92.61%
                          Average mapped length |	196.69
                       Number of splices: Total |	45139225
            Number of splices: Annotated (sjdb) |	44972106
                       Number of splices: GT/AG |	44375905
                       Number of splices: GC/AG |	397338
                       Number of splices: AT/AC |	43897
               Number of splices: Non-canonical |	322085
                      Mismatch rate per base, % |	0.76%
                         Deletion rate per base |	0.05%
                        Deletion average length |	2.15
                        Insertion rate per base |	0.03%
                       Insertion average length |	2.10
                             MULTI-MAPPING READS:
        Number of reads mapped to multiple loci |	2056982
             % of reads mapped to multiple loci |	2.28%
        Number of reads mapped to too many loci |	256419
             % of reads mapped to too many loci |	0.28%
                                  UNMAPPED READS:
  Number of reads unmapped: too many mismatches |	0
       % of reads unmapped: too many mismatches |	0.00%
            Number of reads unmapped: too short |	4034213
                 % of reads unmapped: too short |	4.47%
                Number of reads unmapped: other |	312501
                     % of reads unmapped: other |	0.35%
                                  CHIMERIC READS:
                       Number of chimeric reads |	0
                            % of chimeric reads |	0.00%
