           Time    Speed        Read     Read   Mapped   Mapped   Mapped   Mapped Unmapped Unmapped Unmapped Unmapped
                    M/hr      number   length   unique   length   MMrate    multi   multi+       MM    short    other
Apr 12 20:06:28	Started 1st pass mapping
Apr 12 20:06:46     23.3      116709      198    92.5%    196.6     0.8%     2.1%     0.3%     0.0%     4.8%     0.3%
Apr 12 20:07:46    306.0     6630308      198    92.4%    196.6     0.8%     2.1%     0.3%     0.0%     4.9%     0.3%
Apr 12 20:08:47    325.0    12549407      198    92.4%    196.6     0.8%     2.1%     0.3%     0.0%     4.8%     0.3%
Apr 12 20:09:47    340.2    18802889      198    92.4%    196.6     0.8%     2.1%     0.3%     0.0%     4.9%     0.3%
Apr 12 20:10:47    340.2    24477379      198    92.5%    196.6     0.8%     2.1%     0.3%     0.0%     4.8%     0.3%
Apr 12 20:11:47    349.4    30961728      198    92.6%    196.6     0.8%     2.1%     0.3%     0.0%     4.7%     0.3%
Apr 12 20:12:47    354.6    37330697      198    92.6%    196.6     0.8%     2.1%     0.3%     0.0%     4.7%     0.3%
Apr 12 20:13:47    359.3    43814898      198    92.6%    196.6     0.8%     2.1%     0.3%     0.0%     4.7%     0.3%
Apr 12 20:14:47    363.7    50416459      198    92.6%    196.6     0.8%     2.1%     0.3%     0.0%     4.6%     0.3%
Apr 12 20:15:47    367.2    57018009      198    92.7%    196.6     0.8%     2.1%     0.3%     0.0%     4.6%     0.3%
Apr 12 20:16:47    371.3    63850791      198    92.7%    196.6     0.8%     2.1%     0.3%     0.0%     4.6%     0.3%
Apr 12 20:17:47    368.6    69525642      198    92.7%    196.6     0.8%     2.1%     0.3%     0.0%     4.5%     0.3%
Apr 12 20:18:47    369.2    75778674      198    92.7%    196.6     0.8%     2.1%     0.3%     0.0%     4.5%     0.3%
Apr 12 20:19:47    366.5    81337335      198    92.7%    196.6     0.8%     2.1%     0.3%     0.0%     4.5%     0.3%
Apr 12 20:20:48    365.7    87358805      198    92.8%    196.7     0.8%     2.1%     0.3%     0.0%     4.5%     0.3%
Apr 12 20:21:13	Finished 1st pass mapping
Apr 12 20:23:36    160.7     2677867      198    92.4%    196.6     0.8%     2.3%     0.3%     0.0%     4.7%     0.3%
Apr 12 20:24:36    216.3     7211585      198    92.2%    196.6     0.8%     2.3%     0.3%     0.0%     4.9%     0.3%
Apr 12 20:25:41    226.2    11622963      198    92.3%    196.6     0.8%     2.3%     0.3%     0.0%     4.8%     0.3%
Apr 12 20:26:42    237.9    16255259      198    92.3%    196.6     0.8%     2.3%     0.3%     0.0%     4.8%     0.3%
Apr 12 20:27:42    244.4    20771575      198    92.3%    196.6     0.8%     2.3%     0.3%     0.0%     4.8%     0.3%
Apr 12 20:28:42    245.3    24940472      198    92.3%    196.6     0.8%     2.3%     0.3%     0.0%     4.8%     0.3%
Apr 12 20:29:43    247.4    29340597      198    92.4%    196.6     0.8%     2.3%     0.3%     0.0%     4.7%     0.3%
Apr 12 20:30:44    248.9    33741107      198    92.4%    196.7     0.8%     2.3%     0.3%     0.0%     4.7%     0.3%
Apr 12 20:31:46    251.2    38372754      198    92.4%    196.7     0.8%     2.3%     0.3%     0.0%     4.7%     0.3%
Apr 12 20:32:46    254.5    43120110      198    92.4%    196.7     0.8%     2.3%     0.3%     0.0%     4.6%     0.3%
Apr 12 20:33:47    255.0    47521163      198    92.5%    196.7     0.8%     2.3%     0.3%     0.0%     4.6%     0.3%
Apr 12 20:34:48    254.8    51806150      198    92.5%    196.7     0.8%     2.3%     0.3%     0.0%     4.6%     0.3%
Apr 12 20:35:52    254.7    56323091      198    92.5%    196.7     0.8%     2.3%     0.3%     0.0%     4.6%     0.3%
Apr 12 20:36:52    255.4    60724006      198    92.5%    196.7     0.8%     2.3%     0.3%     0.0%     4.6%     0.3%
Apr 12 20:37:52    255.9    65124676      198    92.6%    196.7     0.8%     2.3%     0.3%     0.0%     4.5%     0.3%
Apr 12 20:38:52    254.7    69062404      198    92.6%    196.7     0.8%     2.3%     0.3%     0.0%     4.5%     0.3%
Apr 12 20:39:54    254.4    73347016      198    92.6%    196.7     0.8%     2.3%     0.3%     0.0%     4.5%     0.3%
Apr 12 20:40:59    254.5    77978906      198    92.6%    196.7     0.8%     2.3%     0.3%     0.0%     4.5%     0.3%
Apr 12 20:42:00    254.4    82263629      198    92.6%    196.7     0.8%     2.3%     0.3%     0.0%     4.5%     0.3%
Apr 12 20:43:00    253.5    86200904      198    92.6%    196.7     0.8%     2.3%     0.3%     0.0%     4.5%     0.3%
Apr 12 20:46:13    229.1    90172420      198    92.6%    196.7     0.8%     2.3%     0.3%     0.0%     4.5%     0.3%
ALL DONE!
