           Time    Speed        Read     Read   Mapped   Mapped   Mapped   Mapped Unmapped Unmapped Unmapped Unmapped
                    M/hr      number   length   unique   length   MMrate    multi   multi+       MM    short    other
Apr 12 20:16:39	Started 1st pass mapping
Apr 12 20:16:57     23.4      117047      198    92.3%    196.8     0.7%     2.2%     0.4%     0.0%     4.8%     0.4%
Apr 12 20:17:57    284.4     6162092      198    91.9%    196.7     0.8%     2.2%     0.4%     0.0%     5.1%     0.4%
Apr 12 20:18:57    327.2    12542795      198    91.9%    196.7     0.8%     2.2%     0.4%     0.0%     5.1%     0.4%
Apr 12 20:19:57    337.5    18561459      198    91.9%    196.7     0.8%     2.2%     0.4%     0.0%     5.1%     0.4%
Apr 12 20:20:57    338.1    24232828      198    92.0%    196.7     0.8%     2.2%     0.4%     0.0%     5.0%     0.4%
Apr 12 20:21:57    339.8    30019511      198    92.1%    196.7     0.8%     2.2%     0.4%     0.0%     4.9%     0.4%
Apr 12 20:22:57    348.7    36616389      198    92.1%    196.7     0.8%     2.2%     0.4%     0.0%     4.9%     0.4%
Apr 12 20:23:58    349.6    42634786      198    92.1%    196.7     0.8%     2.2%     0.4%     0.0%     4.9%     0.4%
Apr 12 20:25:00    348.8    48538384      198    92.1%    196.7     0.8%     2.2%     0.4%     0.0%     4.8%     0.4%
Apr 12 20:26:01    351.7    54904886      198    92.2%    196.7     0.8%     2.2%     0.4%     0.0%     4.8%     0.4%
Apr 12 20:27:01    355.3    61386860      198    92.2%    196.7     0.8%     2.2%     0.4%     0.0%     4.7%     0.4%
Apr 12 20:28:04    353.0    67174377      198    92.2%    196.7     0.8%     2.2%     0.4%     0.0%     4.7%     0.4%
Apr 12 20:29:04    354.2    73308713      198    92.3%    196.8     0.8%     2.2%     0.4%     0.0%     4.7%     0.4%
Apr 12 20:30:04    353.2    78979841      198    92.3%    196.8     0.8%     2.2%     0.4%     0.0%     4.7%     0.4%
Apr 12 20:31:00	Finished 1st pass mapping
Apr 12 20:33:34    189.3     3838314      198    91.8%    196.7     0.8%     2.4%     0.4%     0.0%     5.0%     0.5%
Apr 12 20:34:47    232.2     9415383      198    91.7%    196.7     0.8%     2.4%     0.4%     0.0%     5.1%     0.5%
Apr 12 20:35:48    258.4    14857620      198    91.7%    196.7     0.8%     2.4%     0.4%     0.0%     5.1%     0.5%
Apr 12 20:36:48    251.8    18677238      198    91.7%    196.7     0.8%     2.4%     0.4%     0.0%     5.1%     0.5%
Apr 12 20:37:48    257.9    23422656      198    91.8%    196.7     0.8%     2.4%     0.4%     0.0%     5.0%     0.5%
Apr 12 20:38:52    257.2    27936265      198    91.9%    196.7     0.8%     2.4%     0.4%     0.0%     4.9%     0.5%
Apr 12 20:39:53    260.3    32681590      198    91.9%    196.8     0.8%     2.4%     0.4%     0.0%     4.9%     0.5%
Apr 12 20:40:55    260.5    37195046      198    91.9%    196.8     0.8%     2.4%     0.4%     0.0%     4.9%     0.5%
Apr 12 20:41:56    260.4    41592991      198    91.9%    196.8     0.8%     2.4%     0.4%     0.0%     4.8%     0.5%
Apr 12 20:42:59    262.1    46454760      198    92.0%    196.8     0.8%     2.4%     0.4%     0.0%     4.8%     0.5%
Apr 12 20:43:59    263.5    51084859      198    92.0%    196.8     0.8%     2.4%     0.4%     0.0%     4.8%     0.5%
Apr 12 20:44:59    265.2    55830892      198    92.0%    196.8     0.8%     2.4%     0.4%     0.0%     4.8%     0.5%
Apr 12 20:45:59    266.6    60576692      198    92.1%    196.8     0.8%     2.4%     0.4%     0.0%     4.7%     0.5%
Apr 12 20:47:02    266.5    65206750      198    92.1%    196.8     0.8%     2.4%     0.4%     0.0%     4.7%     0.5%
Apr 12 20:48:03    270.0    70646694      198    92.1%    196.8     0.8%     2.4%     0.4%     0.0%     4.7%     0.5%
Apr 12 20:49:03    269.2    74929147      198    92.1%    196.8     0.8%     2.4%     0.4%     0.0%     4.7%     0.5%
Apr 12 20:50:04    271.0    80021430      198    92.1%    196.8     0.8%     2.4%     0.4%     0.0%     4.7%     0.5%
Apr 12 20:51:04    272.9    85123760      198    92.1%    196.8     0.8%     2.4%     0.4%     0.0%     4.6%     0.5%
Apr 12 20:53:17    244.0    85123760      198    92.1%    196.8     0.8%     2.4%     0.4%     0.0%     4.6%     0.5%
ALL DONE!
