           Time    Speed        Read     Read   Mapped   Mapped   Mapped   Mapped Unmapped Unmapped Unmapped Unmapped
                    M/hr      number   length   unique   length   MMrate    multi   multi+       MM    short    other
Apr 12 22:09:07	Started 1st pass mapping
Apr 12 22:09:28     20.1      117084      198    93.0%    196.6     0.8%     2.1%     0.2%     0.0%     4.4%     0.2%
Apr 12 22:10:30    247.2     5699918      198    92.6%    196.6     0.8%     2.1%     0.2%     0.0%     4.9%     0.2%
Apr 12 22:11:31    281.9    11274404      198    92.6%    196.6     0.8%     2.1%     0.2%     0.0%     4.8%     0.2%
Apr 12 22:12:31    299.1    16948542      198    92.6%    196.6     0.8%     2.1%     0.2%     0.0%     4.9%     0.2%
Apr 12 22:13:33    304.6    22506280      198    92.7%    196.6     0.8%     2.2%     0.2%     0.0%     4.8%     0.2%
Apr 12 22:14:35    308.0    28063960      198    92.7%    196.6     0.8%     2.2%     0.2%     0.0%     4.7%     0.2%
Apr 12 22:15:35    313.0    33737179      198    92.8%    196.6     0.8%     2.2%     0.2%     0.0%     4.7%     0.2%
Apr 12 22:16:36    315.1    39295330      198    92.8%    196.6     0.8%     2.2%     0.2%     0.0%     4.7%     0.2%
Apr 12 22:17:38    318.4    45201031      198    92.8%    196.6     0.8%     2.2%     0.2%     0.0%     4.6%     0.2%
Apr 12 22:18:40    319.6    50875508      198    92.9%    196.6     0.8%     2.2%     0.2%     0.0%     4.6%     0.2%
Apr 12 22:19:41    321.8    56665673      198    92.9%    196.6     0.8%     2.2%     0.2%     0.0%     4.6%     0.2%
Apr 12 22:20:41    322.2    62108209      198    92.9%    196.7     0.8%     2.2%     0.2%     0.0%     4.5%     0.2%
Apr 12 22:21:41    321.4    67318907      198    92.9%    196.7     0.8%     2.2%     0.2%     0.0%     4.5%     0.2%
Apr 12 22:22:41    321.3    72645014      198    92.9%    196.7     0.8%     2.2%     0.2%     0.0%     4.5%     0.2%
Apr 12 22:23:13	Finished 1st pass mapping
Apr 12 22:25:39    202.5     3375200      198    92.5%    196.6     0.8%     2.3%     0.2%     0.0%     4.8%     0.2%
Apr 12 22:26:39    223.3     7443447      198    92.4%    196.6     0.8%     2.3%     0.2%     0.0%     4.9%     0.2%
Apr 12 22:27:42    221.8    11274381      198    92.5%    196.6     0.8%     2.3%     0.2%     0.0%     4.8%     0.2%
Apr 12 22:28:44    226.9    15443078      198    92.5%    196.6     0.8%     2.3%     0.2%     0.0%     4.9%     0.2%
Apr 12 22:29:44    234.2    19843353      198    92.5%    196.6     0.8%     2.3%     0.2%     0.0%     4.8%     0.2%
Apr 12 22:30:48    233.1    23895578      198    92.6%    196.6     0.8%     2.3%     0.2%     0.0%     4.7%     0.2%
Apr 12 22:31:48    233.6    27832361      198    92.6%    196.7     0.8%     2.3%     0.2%     0.0%     4.7%     0.2%
Apr 12 22:32:49    236.0    32116287      198    92.6%    196.7     0.8%     2.3%     0.2%     0.0%     4.7%     0.2%
Apr 12 22:33:49    237.5    36284440      198    92.6%    196.7     0.8%     2.3%     0.2%     0.0%     4.7%     0.2%
Apr 12 22:34:49    238.7    40453303      198    92.6%    196.7     0.8%     2.3%     0.2%     0.0%     4.7%     0.2%
Apr 12 22:35:50    236.9    44158886      198    92.7%    196.7     0.8%     2.3%     0.2%     0.0%     4.6%     0.2%
Apr 12 22:36:50    239.1    48559444      198    92.7%    196.7     0.8%     2.3%     0.2%     0.0%     4.6%     0.2%
Apr 12 22:37:51    239.7    52728316      198    92.7%    196.7     0.8%     2.3%     0.2%     0.0%     4.6%     0.2%
Apr 12 22:38:51    239.9    56781512      198    92.8%    196.7     0.8%     2.3%     0.2%     0.0%     4.5%     0.2%
Apr 12 22:39:51    241.0    61065958      198    92.8%    196.7     0.8%     2.3%     0.2%     0.0%     4.5%     0.2%
Apr 12 22:40:53    240.3    65002920      198    92.8%    196.7     0.8%     2.3%     0.2%     0.0%     4.5%     0.2%
Apr 12 22:41:53    239.6    68824139      198    92.8%    196.7     0.8%     2.3%     0.2%     0.0%     4.5%     0.2%
Apr 12 22:42:54    240.7    73223859      198    92.8%    196.7     0.8%     2.3%     0.2%     0.0%     4.5%     0.2%
Apr 12 22:45:34    218.1    76033991      198    92.8%    196.7     0.8%     2.3%     0.2%     0.0%     4.5%     0.2%
ALL DONE!
