                                 Started job on |	Apr 12 22:08:43
                             Started mapping on |	Apr 12 22:24:39
                                    Finished on |	Apr 12 22:45:34
       Mapping speed, Million of reads per hour |	218.11

                          Number of input reads |	76033991
                      Average input read length |	198
                                    UNIQUE READS:
                   Uniquely mapped reads number |	70561583
                        Uniquely mapped reads % |	92.80%
                          Average mapped length |	196.70
                       Number of splices: Total |	38479195
            Number of splices: Annotated (sjdb) |	38338569
                       Number of splices: GT/AG |	37826653
                       Number of splices: GC/AG |	342211
                       Number of splices: AT/AC |	38643
               Number of splices: Non-canonical |	271688
                      Mismatch rate per base, % |	0.77%
                         Deletion rate per base |	0.05%
                        Deletion average length |	2.15
                        Insertion rate per base |	0.03%
                       Insertion average length |	2.12
                             MULTI-MAPPING READS:
        Number of reads mapped to multiple loci |	1749400
             % of reads mapped to multiple loci |	2.30%
        Number of reads mapped to too many loci |	157408
             % of reads mapped to too many loci |	0.21%
                                  UNMAPPED READS:
  Number of reads unmapped: too many mismatches |	0
       % of reads unmapped: too many mismatches |	0.00%
            Number of reads unmapped: too short |	3416131
                 % of reads unmapped: too short |	4.49%
                Number of reads unmapped: other |	149469
                     % of reads unmapped: other |	0.20%
                                  CHIMERIC READS:
                       Number of chimeric reads |	0
                            % of chimeric reads |	0.00%
