                                 Started job on |	Apr 12 18:54:31
                             Started mapping on |	Apr 12 19:11:30
                                    Finished on |	Apr 12 19:34:32
       Mapping speed, Million of reads per hour |	232.90

                          Number of input reads |	89409169
                      Average input read length |	198
                                    UNIQUE READS:
                   Uniquely mapped reads number |	82872181
                        Uniquely mapped reads % |	92.69%
                          Average mapped length |	196.74
                       Number of splices: Total |	43985801
            Number of splices: Annotated (sjdb) |	43808422
                       Number of splices: GT/AG |	43235543
                       Number of splices: GC/AG |	384186
                       Number of splices: AT/AC |	40059
               Number of splices: Non-canonical |	326013
                      Mismatch rate per base, % |	0.77%
                         Deletion rate per base |	0.06%
                        Deletion average length |	2.11
                        Insertion rate per base |	0.03%
                       Insertion average length |	2.13
                             MULTI-MAPPING READS:
        Number of reads mapped to multiple loci |	2021275
             % of reads mapped to multiple loci |	2.26%
        Number of reads mapped to too many loci |	177550
             % of reads mapped to too many loci |	0.20%
                                  UNMAPPED READS:
  Number of reads unmapped: too many mismatches |	0
       % of reads unmapped: too many mismatches |	0.00%
            Number of reads unmapped: too short |	4183084
                 % of reads unmapped: too short |	4.68%
                Number of reads unmapped: other |	155079
                     % of reads unmapped: other |	0.17%
                                  CHIMERIC READS:
                       Number of chimeric reads |	0
                            % of chimeric reads |	0.00%
