           Time    Speed        Read     Read   Mapped   Mapped   Mapped   Mapped Unmapped Unmapped Unmapped Unmapped
                    M/hr      number   length   unique   length   MMrate    multi   multi+       MM    short    other
Apr 12 18:54:56	Started 1st pass mapping
Apr 12 18:55:15     22.1      116652      198    92.7%    196.7     0.8%     2.1%     0.2%     0.0%     4.8%     0.1%
Apr 12 18:56:15    296.8     6512153      198    92.5%    196.6     0.8%     2.1%     0.2%     0.0%     5.1%     0.1%
Apr 12 18:57:15    336.9    13009086      198    92.5%    196.6     0.8%     2.1%     0.2%     0.0%     5.0%     0.1%
Apr 12 18:58:20    329.7    18682002      198    92.5%    196.6     0.8%     2.1%     0.2%     0.0%     5.1%     0.1%
Apr 12 18:59:20    332.1    24354926      198    92.6%    196.6     0.8%     2.1%     0.2%     0.0%     5.0%     0.1%
Apr 12 19:00:20    338.8    30490204      198    92.6%    196.6     0.8%     2.1%     0.2%     0.0%     4.9%     0.1%
Apr 12 19:01:21    342.5    36626032      198    92.7%    196.7     0.8%     2.1%     0.2%     0.0%     4.9%     0.1%
Apr 12 19:02:22    344.2    42645656      198    92.7%    196.7     0.8%     2.1%     0.2%     0.0%     4.9%     0.1%
Apr 12 19:03:22    344.6    48434742      198    92.7%    196.7     0.8%     2.1%     0.2%     0.0%     4.9%     0.1%
Apr 12 19:04:22    347.8    54687029      198    92.7%    196.7     0.8%     2.1%     0.2%     0.0%     4.8%     0.1%
Apr 12 19:05:22    349.8    60823832      198    92.8%    196.7     0.8%     2.1%     0.2%     0.0%     4.8%     0.1%
Apr 12 19:06:22    350.8    66844458      198    92.8%    196.7     0.8%     2.1%     0.2%     0.0%     4.7%     0.1%
Apr 12 19:07:22    350.5    72632966      198    92.8%    196.7     0.8%     2.1%     0.2%     0.0%     4.7%     0.1%
Apr 12 19:08:25    350.5    78768918      198    92.8%    196.7     0.8%     2.1%     0.2%     0.0%     4.7%     0.1%
Apr 12 19:09:25    351.3    84788880      198    92.8%    196.7     0.8%     2.1%     0.2%     0.0%     4.7%     0.1%
Apr 12 19:10:09	Finished 1st pass mapping
Apr 12 19:12:46    181.9     3839231      198    92.4%    196.7     0.8%     2.2%     0.2%     0.0%     5.0%     0.2%
Apr 12 19:13:46    240.1     9069123      198    92.3%    196.6     0.8%     2.2%     0.2%     0.0%     5.0%     0.2%
Apr 12 19:14:50    236.2    13124885      198    92.4%    196.7     0.8%     2.2%     0.2%     0.0%     5.0%     0.2%
Apr 12 19:15:51    246.5    17871650      198    92.4%    196.7     0.8%     2.2%     0.2%     0.0%     5.0%     0.2%
Apr 12 19:16:52    250.3    22386822      198    92.4%    196.7     0.8%     2.2%     0.2%     0.0%     5.0%     0.2%
Apr 12 19:17:52    248.1    26322759      198    92.4%    196.7     0.8%     2.3%     0.2%     0.0%     4.9%     0.2%
Apr 12 19:18:52    253.1    31069115      198    92.5%    196.7     0.8%     2.3%     0.2%     0.0%     4.9%     0.2%
Apr 12 19:19:52    252.7    35236870      198    92.5%    196.7     0.8%     2.3%     0.2%     0.0%     4.9%     0.2%
Apr 12 19:20:52    253.2    39520097      198    92.5%    196.7     0.8%     2.3%     0.2%     0.0%     4.9%     0.2%
Apr 12 19:21:58    253.8    44266575      198    92.5%    196.7     0.8%     2.3%     0.2%     0.0%     4.8%     0.2%
Apr 12 19:23:00    254.5    48782184      198    92.5%    196.7     0.8%     2.3%     0.2%     0.0%     4.8%     0.2%
Apr 12 19:24:00    256.9    53529141      198    92.6%    196.7     0.8%     2.3%     0.2%     0.0%     4.8%     0.2%
Apr 12 19:25:00    255.9    57581848      198    92.6%    196.7     0.8%     2.3%     0.2%     0.0%     4.8%     0.2%
Apr 12 19:26:01    257.1    62213147      198    92.6%    196.7     0.8%     2.3%     0.2%     0.0%     4.7%     0.2%
Apr 12 19:27:03    257.5    66728641      198    92.6%    196.7     0.8%     2.3%     0.2%     0.0%     4.7%     0.2%
Apr 12 19:28:04    257.2    71012115      198    92.7%    196.7     0.8%     2.3%     0.2%     0.0%     4.7%     0.2%
Apr 12 19:29:04    258.0    75527137      198    92.7%    196.7     0.8%     2.3%     0.2%     0.0%     4.7%     0.2%
Apr 12 19:30:05    258.8    80158045      198    92.7%    196.7     0.8%     2.3%     0.2%     0.0%     4.7%     0.2%
Apr 12 19:31:10    257.3    84325814      198    92.7%    196.7     0.8%     2.3%     0.2%     0.0%     4.7%     0.2%
Apr 12 19:32:10    257.3    88609232      198    92.7%    196.7     0.8%     2.3%     0.2%     0.0%     4.7%     0.2%
Apr 12 19:34:32    232.9    89409169      198    92.7%    196.7     0.8%     2.3%     0.2%     0.0%     4.7%     0.2%
ALL DONE!
