           Time    Speed        Read     Read   Mapped   Mapped   Mapped   Mapped Unmapped Unmapped Unmapped Unmapped
                    M/hr      number   length   unique   length   MMrate    multi   multi+       MM    short    other
Apr 12 22:15:44	Started 1st pass mapping
Apr 12 22:16:01     24.7      116570      198    92.9%    196.8     0.8%     2.1%     0.2%     0.0%     4.6%     0.2%
Apr 12 22:17:02    268.2     5811179      198    92.5%    196.8     0.8%     2.1%     0.2%     0.0%     5.0%     0.2%
Apr 12 22:18:02    305.9    11727977      198    92.5%    196.8     0.8%     2.1%     0.2%     0.0%     5.0%     0.2%
Apr 12 22:19:02    324.7    17860191      198    92.5%    196.7     0.8%     2.1%     0.2%     0.0%     5.0%     0.2%
Apr 12 22:20:02    329.9    23644927      198    92.6%    196.8     0.8%     2.1%     0.2%     0.0%     4.9%     0.2%
Apr 12 22:21:02    335.8    29660802      198    92.7%    196.8     0.8%     2.1%     0.2%     0.0%     4.8%     0.2%
Apr 12 22:22:03    336.7    35445329      198    92.7%    196.8     0.8%     2.1%     0.2%     0.0%     4.8%     0.2%
Apr 12 22:23:04    337.3    41230290      198    92.7%    196.8     0.8%     2.1%     0.2%     0.0%     4.8%     0.2%
Apr 12 22:24:04    342.7    47594151      198    92.8%    196.8     0.8%     2.1%     0.2%     0.0%     4.7%     0.2%
Apr 12 22:25:04    346.1    53842302      198    92.8%    196.8     0.8%     2.1%     0.2%     0.0%     4.7%     0.2%
Apr 12 22:26:05    346.3    59743521      198    92.8%    196.8     0.8%     2.1%     0.2%     0.0%     4.7%     0.2%
Apr 12 22:27:05    347.6    65759789      198    92.9%    196.8     0.8%     2.1%     0.2%     0.0%     4.6%     0.2%
Apr 12 22:28:07    348.9    72007587      198    92.9%    196.8     0.8%     2.1%     0.2%     0.0%     4.6%     0.2%
Apr 12 22:29:11    347.5    77907637      198    92.9%    196.8     0.8%     2.1%     0.2%     0.0%     4.6%     0.2%
Apr 12 22:29:26	Finished 1st pass mapping
Apr 12 22:31:50    200.2     3836834      198    92.3%    196.8     0.8%     2.2%     0.2%     0.0%     5.0%     0.2%
Apr 12 22:32:50    252.9     9063284      198    92.4%    196.8     0.8%     2.2%     0.2%     0.0%     5.0%     0.2%
Apr 12 22:33:50    249.8    13116422      198    92.4%    196.8     0.8%     2.2%     0.2%     0.0%     5.0%     0.2%
Apr 12 22:34:50    254.9    17628750      198    92.4%    196.8     0.8%     2.2%     0.2%     0.0%     5.0%     0.2%
Apr 12 22:35:51    259.8    22372337      198    92.4%    196.8     0.8%     2.2%     0.2%     0.0%     4.9%     0.2%
Apr 12 22:36:51    257.1    26421398      198    92.5%    196.8     0.8%     2.2%     0.2%     0.0%     4.9%     0.2%
Apr 12 22:37:51    261.9    31280540      198    92.5%    196.8     0.8%     2.2%     0.2%     0.0%     4.8%     0.2%
Apr 12 22:38:51    261.3    35560998      198    92.6%    196.8     0.8%     2.2%     0.2%     0.0%     4.8%     0.2%
Apr 12 22:39:51    262.3    40073181      198    92.6%    196.8     0.8%     2.2%     0.2%     0.0%     4.8%     0.2%
Apr 12 22:40:52    263.4    44701582      198    92.6%    196.9     0.8%     2.2%     0.2%     0.0%     4.7%     0.2%
Apr 12 22:41:52    264.7    49329830      198    92.6%    196.9     0.8%     2.2%     0.2%     0.0%     4.7%     0.2%
Apr 12 22:42:54    265.0    53958018      198    92.7%    196.9     0.8%     2.2%     0.2%     0.0%     4.7%     0.2%
Apr 12 22:43:54    266.5    58702070      198    92.7%    196.9     0.8%     2.2%     0.2%     0.0%     4.6%     0.2%
Apr 12 22:44:58    265.5    63214454      198    92.7%    196.9     0.8%     2.2%     0.2%     0.0%     4.6%     0.2%
Apr 12 22:45:59    267.4    68189418      198    92.7%    196.9     0.8%     2.2%     0.2%     0.0%     4.6%     0.2%
Apr 12 22:47:02    265.5    72354616      198    92.7%    196.9     0.8%     2.2%     0.2%     0.0%     4.6%     0.2%
Apr 12 22:48:02    267.4    77329241      198    92.8%    196.9     0.8%     2.2%     0.2%     0.0%     4.6%     0.2%
Apr 12 22:50:28    242.6    79988047      198    92.8%    196.9     0.8%     2.2%     0.2%     0.0%     4.6%     0.2%
ALL DONE!
