                                 Started job on |	Apr 12 22:15:33
                             Started mapping on |	Apr 12 22:30:41
                                    Finished on |	Apr 12 22:50:28
       Mapping speed, Million of reads per hour |	242.59

                          Number of input reads |	79988047
                      Average input read length |	198
                                    UNIQUE READS:
                   Uniquely mapped reads number |	74195509
                        Uniquely mapped reads % |	92.76%
                          Average mapped length |	196.89
                       Number of splices: Total |	39466673
            Number of splices: Annotated (sjdb) |	39314482
                       Number of splices: GT/AG |	38793785
                       Number of splices: GC/AG |	352657
                       Number of splices: AT/AC |	37717
               Number of splices: Non-canonical |	282514
                      Mismatch rate per base, % |	0.77%
                         Deletion rate per base |	0.05%
                        Deletion average length |	2.14
                        Insertion rate per base |	0.03%
                       Insertion average length |	2.11
                             MULTI-MAPPING READS:
        Number of reads mapped to multiple loci |	1796900
             % of reads mapped to multiple loci |	2.25%
        Number of reads mapped to too many loci |	160604
             % of reads mapped to too many loci |	0.20%
                                  UNMAPPED READS:
  Number of reads unmapped: too many mismatches |	0
       % of reads unmapped: too many mismatches |	0.00%
            Number of reads unmapped: too short |	3667973
                 % of reads unmapped: too short |	4.59%
                Number of reads unmapped: other |	167061
                     % of reads unmapped: other |	0.21%
                                  CHIMERIC READS:
                       Number of chimeric reads |	0
                            % of chimeric reads |	0.00%
