           Time    Speed        Read     Read   Mapped   Mapped   Mapped   Mapped Unmapped Unmapped Unmapped Unmapped
                    M/hr      number   length   unique   length   MMrate    multi   multi+       MM    short    other
Apr 12 16:55:29	Started 1st pass mapping
Apr 12 16:55:50     20.1      117011      198    92.5%    196.8     0.8%     2.3%     0.3%     0.0%     4.7%     0.3%
Apr 12 16:56:51    250.0     5695353      198    92.0%    196.7     0.8%     2.3%     0.3%     0.0%     5.2%     0.3%
Apr 12 16:57:56    275.9    11265840      198    92.1%    196.7     0.8%     2.3%     0.3%     0.0%     5.1%     0.3%
Apr 12 16:58:57    289.1    16704006      198    92.0%    196.7     0.8%     2.3%     0.3%     0.0%     5.1%     0.3%
Apr 12 16:59:57    289.7    21563643      198    92.1%    196.7     0.8%     2.3%     0.3%     0.0%     5.1%     0.3%
Apr 12 17:00:58    291.7    26654563      198    92.1%    196.7     0.8%     2.3%     0.3%     0.0%     5.0%     0.3%
Apr 12 17:01:58    295.9    31976467      198    92.2%    196.7     0.8%     2.3%     0.3%     0.0%     5.0%     0.3%
Apr 12 17:02:58    295.3    36836022      198    92.2%    196.7     0.8%     2.3%     0.3%     0.0%     4.9%     0.3%
Apr 12 17:04:00    295.4    41926366      198    92.3%    196.8     0.8%     2.3%     0.3%     0.0%     4.9%     0.3%
Apr 12 17:05:00    297.2    47133034      198    92.3%    196.8     0.8%     2.3%     0.3%     0.0%     4.9%     0.3%
Apr 12 17:06:01    300.1    52687369      198    92.3%    196.8     0.8%     2.3%     0.3%     0.0%     4.8%     0.3%
Apr 12 17:07:01    300.6    57778794      198    92.3%    196.8     0.8%     2.3%     0.3%     0.0%     4.8%     0.3%
Apr 12 17:08:01    299.9    62638728      198    92.4%    196.8     0.8%     2.3%     0.3%     0.0%     4.8%     0.3%
Apr 12 17:09:01    301.3    67961361      198    92.4%    196.8     0.8%     2.3%     0.3%     0.0%     4.8%     0.3%
Apr 12 17:10:01    301.1    72937111      198    92.4%    196.8     0.8%     2.3%     0.3%     0.0%     4.7%     0.3%
Apr 12 17:11:02    301.5    78143839      198    92.4%    196.8     0.8%     2.3%     0.3%     0.0%     4.7%     0.3%
Apr 12 17:12:02    301.3    83119306      198    92.4%    196.8     0.8%     2.3%     0.3%     0.0%     4.7%     0.3%
Apr 12 17:13:02    300.8    87978640      198    92.5%    196.8     0.8%     2.3%     0.3%     0.0%     4.7%     0.3%
Apr 12 17:13:54	Finished 1st pass mapping
Apr 12 17:16:23    139.6     2327014      198    92.1%    196.8     0.8%     2.4%     0.3%     0.0%     4.9%     0.3%
Apr 12 17:17:24    186.7     6276101      198    91.9%    196.7     0.8%     2.4%     0.3%     0.0%     5.1%     0.3%
Apr 12 17:18:27    197.8    10108605      198    91.9%    196.7     0.8%     2.4%     0.3%     0.0%     5.1%     0.3%
Apr 12 17:19:28    208.0    14158339      198    91.9%    196.7     0.8%     2.4%     0.3%     0.0%     5.1%     0.3%
Apr 12 17:20:28    212.2    17976783      198    91.9%    196.7     0.8%     2.4%     0.3%     0.0%     5.1%     0.3%
Apr 12 17:21:31    214.3    21910855      198    91.9%    196.7     0.8%     2.4%     0.3%     0.0%     5.1%     0.3%
Apr 12 17:22:33    215.4    25728920      198    92.0%    196.8     0.8%     2.4%     0.3%     0.0%     5.0%     0.3%
Apr 12 17:23:33    217.1    29546851      198    92.0%    196.8     0.8%     2.4%     0.3%     0.0%     5.0%     0.3%
Apr 12 17:24:33    218.4    33364987      198    92.1%    196.8     0.8%     2.4%     0.3%     0.0%     4.9%     0.3%
Apr 12 17:25:33    219.4    37183127      198    92.1%    196.8     0.8%     2.4%     0.3%     0.0%     4.9%     0.3%
Apr 12 17:26:34    219.4    40885133      198    92.1%    196.8     0.8%     2.4%     0.3%     0.0%     4.9%     0.3%
Apr 12 17:27:34    220.7    44818904      198    92.1%    196.8     0.8%     2.4%     0.3%     0.0%     4.9%     0.3%
Apr 12 17:28:36    220.8    48637398      198    92.1%    196.8     0.8%     2.4%     0.3%     0.0%     4.9%     0.3%
Apr 12 17:29:38    221.4    52571620      198    92.2%    196.8     0.8%     2.4%     0.3%     0.0%     4.8%     0.3%
Apr 12 17:30:38    222.8    56621593      198    92.2%    196.8     0.8%     2.4%     0.3%     0.0%     4.8%     0.3%
Apr 12 17:31:39    222.5    60324509      198    92.2%    196.8     0.8%     2.4%     0.3%     0.0%     4.8%     0.3%
Apr 12 17:32:39    223.3    64258614      198    92.2%    196.8     0.8%     2.4%     0.3%     0.0%     4.8%     0.3%
Apr 12 17:33:39    223.2    67961361      198    92.3%    196.8     0.8%     2.4%     0.3%     0.0%     4.7%     0.3%
Apr 12 17:34:40    223.7    71895689      198    92.3%    196.8     0.8%     2.4%     0.3%     0.0%     4.7%     0.3%
Apr 12 17:35:40    224.0    75714078      198    92.3%    196.8     0.8%     2.4%     0.3%     0.0%     4.7%     0.3%
Apr 12 17:36:41    224.4    79647979      198    92.3%    196.8     0.8%     2.4%     0.3%     0.0%     4.7%     0.3%
Apr 12 17:37:42    223.8    83234927      198    92.3%    196.8     0.8%     2.4%     0.3%     0.0%     4.7%     0.3%
Apr 12 17:38:43    223.9    87053054      198    92.3%    196.8     0.8%     2.4%     0.3%     0.0%     4.7%     0.3%
Apr 12 17:39:45    223.8    90871097      198    92.3%    196.8     0.8%     2.4%     0.3%     0.0%     4.7%     0.3%
Apr 12 17:42:31    204.8    92632123      198    92.3%    196.8     0.8%     2.4%     0.3%     0.0%     4.7%     0.3%
ALL DONE!
