                                 Started job on |	Apr 12 16:55:07
                             Started mapping on |	Apr 12 17:15:23
                                    Finished on |	Apr 12 17:42:31
       Mapping speed, Million of reads per hour |	204.84

                          Number of input reads |	92632123
                      Average input read length |	198
                                    UNIQUE READS:
                   Uniquely mapped reads number |	85508368
                        Uniquely mapped reads % |	92.31%
                          Average mapped length |	196.83
                       Number of splices: Total |	44007942
            Number of splices: Annotated (sjdb) |	43830404
                       Number of splices: GT/AG |	43222133
                       Number of splices: GC/AG |	394803
                       Number of splices: AT/AC |	44424
               Number of splices: Non-canonical |	346582
                      Mismatch rate per base, % |	0.77%
                         Deletion rate per base |	0.05%
                        Deletion average length |	2.18
                        Insertion rate per base |	0.04%
                       Insertion average length |	2.09
                             MULTI-MAPPING READS:
        Number of reads mapped to multiple loci |	2260858
             % of reads mapped to multiple loci |	2.44%
        Number of reads mapped to too many loci |	251225
             % of reads mapped to too many loci |	0.27%
                                  UNMAPPED READS:
  Number of reads unmapped: too many mismatches |	0
       % of reads unmapped: too many mismatches |	0.00%
            Number of reads unmapped: too short |	4323396
                 % of reads unmapped: too short |	4.67%
                Number of reads unmapped: other |	288276
                     % of reads unmapped: other |	0.31%
                                  CHIMERIC READS:
                       Number of chimeric reads |	0
                            % of chimeric reads |	0.00%
