                                 Started job on |	Apr 12 18:57:57
                             Started mapping on |	Apr 12 19:14:32
                                    Finished on |	Apr 12 19:34:42
       Mapping speed, Million of reads per hour |	238.79

                          Number of input reads |	80260450
                      Average input read length |	198
                                    UNIQUE READS:
                   Uniquely mapped reads number |	74563970
                        Uniquely mapped reads % |	92.90%
                          Average mapped length |	196.70
                       Number of splices: Total |	39831126
            Number of splices: Annotated (sjdb) |	39686135
                       Number of splices: GT/AG |	39152881
                       Number of splices: GC/AG |	348429
                       Number of splices: AT/AC |	38230
               Number of splices: Non-canonical |	291586
                      Mismatch rate per base, % |	0.77%
                         Deletion rate per base |	0.05%
                        Deletion average length |	2.14
                        Insertion rate per base |	0.03%
                       Insertion average length |	2.10
                             MULTI-MAPPING READS:
        Number of reads mapped to multiple loci |	1813973
             % of reads mapped to multiple loci |	2.26%
        Number of reads mapped to too many loci |	177942
             % of reads mapped to too many loci |	0.22%
                                  UNMAPPED READS:
  Number of reads unmapped: too many mismatches |	0
       % of reads unmapped: too many mismatches |	0.00%
            Number of reads unmapped: too short |	3514122
                 % of reads unmapped: too short |	4.38%
                Number of reads unmapped: other |	190443
                     % of reads unmapped: other |	0.24%
                                  CHIMERIC READS:
                       Number of chimeric reads |	0
                            % of chimeric reads |	0.00%
