           Time    Speed        Read     Read   Mapped   Mapped   Mapped   Mapped Unmapped Unmapped Unmapped Unmapped
                    M/hr      number   length   unique   length   MMrate    multi   multi+       MM    short    other
Apr 12 18:58:14	Started 1st pass mapping
Apr 12 18:58:33     22.1      116680      198    93.0%    196.5     0.8%     2.1%     0.2%     0.0%     4.4%     0.2%
Apr 12 18:59:35    253.3     5699336      198    92.7%    196.6     0.8%     2.1%     0.2%     0.0%     4.8%     0.2%
Apr 12 19:00:35    287.8    11273356      198    92.7%    196.6     0.8%     2.1%     0.2%     0.0%     4.7%     0.2%
Apr 12 19:01:37    300.5    16946821      198    92.7%    196.6     0.8%     2.1%     0.2%     0.0%     4.8%     0.2%
Apr 12 19:02:37    300.1    21925436      198    92.8%    196.6     0.8%     2.1%     0.2%     0.0%     4.7%     0.2%
Apr 12 19:03:38    304.1    27366579      198    92.8%    196.6     0.8%     2.1%     0.2%     0.0%     4.6%     0.2%
Apr 12 19:04:40    308.1    33039600      198    92.9%    196.6     0.8%     2.1%     0.2%     0.0%     4.6%     0.2%
Apr 12 19:05:41    310.8    38596549      198    92.9%    196.6     0.8%     2.1%     0.2%     0.0%     4.6%     0.2%
Apr 12 19:06:41    314.3    44270463      198    92.9%    196.6     0.8%     2.1%     0.2%     0.0%     4.6%     0.2%
Apr 12 19:07:44    316.2    50060224      198    92.9%    196.6     0.8%     2.1%     0.2%     0.0%     4.5%     0.2%
Apr 12 19:08:44    319.1    55849799      198    93.0%    196.6     0.8%     2.1%     0.2%     0.0%     4.5%     0.2%
Apr 12 19:09:44    319.2    61176329      198    93.0%    196.6     0.8%     2.1%     0.2%     0.0%     4.5%     0.2%
Apr 12 19:10:44    320.3    66734017      198    93.0%    196.6     0.8%     2.1%     0.2%     0.0%     4.4%     0.2%
Apr 12 19:11:44    321.3    72291373      198    93.0%    196.6     0.8%     2.1%     0.2%     0.0%     4.4%     0.2%
Apr 12 19:12:44    321.2    77617033      198    93.0%    196.7     0.8%     2.1%     0.2%     0.0%     4.4%     0.2%
Apr 12 19:13:09	Finished 1st pass mapping
Apr 12 19:15:33    206.0     3491037      198    92.6%    196.6     0.8%     2.2%     0.2%     0.0%     4.7%     0.2%
Apr 12 19:16:35    221.2     7558900      198    92.5%    196.6     0.8%     2.2%     0.2%     0.0%     4.7%     0.2%
Apr 12 19:17:36    236.4    12083913      198    92.6%    196.6     0.8%     2.2%     0.2%     0.0%     4.7%     0.2%
Apr 12 19:18:37    242.2    16483646      198    92.5%    196.6     0.8%     2.2%     0.2%     0.0%     4.7%     0.2%
Apr 12 19:19:38    247.1    20999279      198    92.6%    196.6     0.8%     2.2%     0.2%     0.0%     4.7%     0.2%
Apr 12 19:20:38    247.5    25166893      198    92.7%    196.6     0.8%     2.3%     0.2%     0.0%     4.6%     0.2%
Apr 12 19:21:42    248.5    29682141      198    92.7%    196.7     0.8%     2.3%     0.2%     0.0%     4.6%     0.2%
Apr 12 19:22:44    251.9    34428797      198    92.7%    196.7     0.8%     2.3%     0.2%     0.0%     4.6%     0.2%
Apr 12 19:23:48    251.4    38828112      198    92.7%    196.7     0.8%     2.3%     0.2%     0.0%     4.6%     0.2%
Apr 12 19:24:49    252.2    43228281      198    92.7%    196.7     0.8%     2.3%     0.2%     0.0%     4.5%     0.2%
Apr 12 19:25:49    256.3    48207328      198    92.8%    196.7     0.8%     2.3%     0.2%     0.0%     4.5%     0.2%
Apr 12 19:26:53    256.1    52723555      198    92.8%    196.7     0.8%     2.3%     0.2%     0.0%     4.5%     0.2%
Apr 12 19:27:57    257.0    57470859      198    92.8%    196.7     0.8%     2.3%     0.2%     0.0%     4.4%     0.2%
Apr 12 19:28:57    259.9    62449991      198    92.9%    196.7     0.8%     2.3%     0.2%     0.0%     4.4%     0.2%
Apr 12 19:29:57    260.2    66849765      198    92.9%    196.7     0.8%     2.3%     0.2%     0.0%     4.4%     0.2%
Apr 12 19:30:58    261.4    71596802      198    92.9%    196.7     0.8%     2.3%     0.2%     0.0%     4.4%     0.2%
Apr 12 19:31:59    261.3    75996156      198    92.9%    196.7     0.8%     2.3%     0.2%     0.0%     4.4%     0.2%
Apr 12 19:34:42    238.8    80260450      198    92.9%    196.7     0.8%     2.3%     0.2%     0.0%     4.4%     0.2%
ALL DONE!
