                                 Started job on |	Apr 12 18:57:55
                             Started mapping on |	Apr 12 19:12:26
                                    Finished on |	Apr 12 19:31:33
       Mapping speed, Million of reads per hour |	259.28

                          Number of input reads |	82608118
                      Average input read length |	198
                                    UNIQUE READS:
                   Uniquely mapped reads number |	76193728
                        Uniquely mapped reads % |	92.24%
                          Average mapped length |	196.92
                       Number of splices: Total |	40323612
            Number of splices: Annotated (sjdb) |	40171239
                       Number of splices: GT/AG |	39633999
                       Number of splices: GC/AG |	354738
                       Number of splices: AT/AC |	40959
               Number of splices: Non-canonical |	293916
                      Mismatch rate per base, % |	0.77%
                         Deletion rate per base |	0.05%
                        Deletion average length |	2.16
                        Insertion rate per base |	0.03%
                       Insertion average length |	2.10
                             MULTI-MAPPING READS:
        Number of reads mapped to multiple loci |	1897673
             % of reads mapped to multiple loci |	2.30%
        Number of reads mapped to too many loci |	238469
             % of reads mapped to too many loci |	0.29%
                                  UNMAPPED READS:
  Number of reads unmapped: too many mismatches |	0
       % of reads unmapped: too many mismatches |	0.00%
            Number of reads unmapped: too short |	3987811
                 % of reads unmapped: too short |	4.83%
                Number of reads unmapped: other |	290437
                     % of reads unmapped: other |	0.35%
                                  CHIMERIC READS:
                       Number of chimeric reads |	0
                            % of chimeric reads |	0.00%
