           Time    Speed        Read     Read   Mapped   Mapped   Mapped   Mapped Unmapped Unmapped Unmapped Unmapped
                    M/hr      number   length   unique   length   MMrate    multi   multi+       MM    short    other
Apr 12 18:58:08	Started 1st pass mapping
Apr 12 18:58:25     24.7      116563      198    92.0%    196.8     0.8%     2.1%     0.3%     0.0%     5.1%     0.3%
Apr 12 18:59:25    342.2     7320085      198    92.0%    196.8     0.8%     2.2%     0.3%     0.0%     5.2%     0.3%
Apr 12 19:00:26    342.1    13114715      198    92.0%    196.8     0.8%     2.1%     0.3%     0.0%     5.2%     0.3%
Apr 12 19:01:26    356.2    19593380      198    92.0%    196.8     0.8%     2.1%     0.3%     0.0%     5.2%     0.3%
Apr 12 19:02:31    356.9    26071127      198    92.1%    196.8     0.8%     2.2%     0.3%     0.0%     5.1%     0.3%
Apr 12 19:03:31    367.9    33011895      198    92.2%    196.8     0.8%     2.2%     0.3%     0.0%     5.1%     0.3%
Apr 12 19:04:33    364.9    39026960      198    92.2%    196.8     0.8%     2.2%     0.3%     0.0%     5.0%     0.3%
Apr 12 19:05:33    370.9    45852778      198    92.2%    196.8     0.8%     2.2%     0.3%     0.0%     5.0%     0.3%
Apr 12 19:06:33    373.9    52447425      198    92.3%    196.9     0.8%     2.2%     0.3%     0.0%     5.0%     0.3%
Apr 12 19:07:33    375.5    58926125      198    92.3%    196.9     0.8%     2.2%     0.3%     0.0%     4.9%     0.3%
Apr 12 19:08:33    375.4    65173355      198    92.3%    196.9     0.8%     2.2%     0.3%     0.0%     4.9%     0.3%
Apr 12 19:09:33    379.6    72230108      198    92.4%    196.9     0.8%     2.2%     0.3%     0.0%     4.9%     0.3%
Apr 12 19:10:33    377.0    78014021      198    92.4%    196.9     0.8%     2.2%     0.3%     0.0%     4.9%     0.3%
Apr 12 19:11:12	Finished 1st pass mapping
Apr 12 19:13:32    209.2     3836188      198    91.9%    196.8     0.8%     2.3%     0.3%     0.0%     5.2%     0.4%
Apr 12 19:14:38    256.6     9410471      198    91.9%    196.8     0.8%     2.3%     0.3%     0.0%     5.2%     0.4%
Apr 12 19:15:38    276.3    14734390      198    91.9%    196.8     0.8%     2.3%     0.3%     0.0%     5.2%     0.4%
Apr 12 19:16:38    274.9    19246272      198    91.9%    196.8     0.8%     2.3%     0.3%     0.0%     5.2%     0.4%
Apr 12 19:17:38    276.8    23989126      198    92.0%    196.8     0.8%     2.3%     0.3%     0.0%     5.1%     0.3%
Apr 12 19:18:38    280.3    28963064      198    92.0%    196.9     0.8%     2.3%     0.3%     0.0%     5.1%     0.3%
Apr 12 19:19:39    281.2    33821609      198    92.0%    196.9     0.8%     2.3%     0.3%     0.0%     5.0%     0.3%
Apr 12 19:20:39    280.8    38448624      198    92.1%    196.9     0.8%     2.3%     0.3%     0.0%     5.0%     0.3%
Apr 12 19:21:40    282.9    43538975      198    92.1%    196.9     0.8%     2.3%     0.3%     0.0%     5.0%     0.3%
Apr 12 19:22:40    284.4    48513717      198    92.1%    196.9     0.8%     2.3%     0.3%     0.0%     5.0%     0.4%
Apr 12 19:23:40    284.5    53257240      198    92.1%    196.9     0.8%     2.3%     0.3%     0.0%     4.9%     0.4%
Apr 12 19:24:41    286.4    58463408      198    92.2%    196.9     0.8%     2.3%     0.3%     0.0%     4.9%     0.4%
Apr 12 19:25:41    288.3    63669519      198    92.2%    196.9     0.8%     2.3%     0.3%     0.0%     4.9%     0.4%
Apr 12 19:26:41    288.5    68528125      198    92.2%    196.9     0.8%     2.3%     0.3%     0.0%     4.9%     0.4%
Apr 12 19:27:43    287.2    73155616      198    92.2%    196.9     0.8%     2.3%     0.3%     0.0%     4.8%     0.4%
Apr 12 19:28:49    287.4    78476720      198    92.2%    196.9     0.8%     2.3%     0.3%     0.0%     4.8%     0.4%
Apr 12 19:31:33    259.3    82608118      198    92.2%    196.9     0.8%     2.3%     0.3%     0.0%     4.8%     0.4%
ALL DONE!
