                                 Started job on |	Apr 12 19:35:22
                             Started mapping on |	Apr 12 19:51:45
                                    Finished on |	Apr 12 20:12:32
       Mapping speed, Million of reads per hour |	236.53

                          Number of input reads |	81933091
                      Average input read length |	198
                                    UNIQUE READS:
                   Uniquely mapped reads number |	76156184
                        Uniquely mapped reads % |	92.95%
                          Average mapped length |	196.75
                       Number of splices: Total |	41449501
            Number of splices: Annotated (sjdb) |	41298264
                       Number of splices: GT/AG |	40742741
                       Number of splices: GC/AG |	387241
                       Number of splices: AT/AC |	39760
               Number of splices: Non-canonical |	279759
                      Mismatch rate per base, % |	0.78%
                         Deletion rate per base |	0.05%
                        Deletion average length |	2.08
                        Insertion rate per base |	0.03%
                       Insertion average length |	2.05
                             MULTI-MAPPING READS:
        Number of reads mapped to multiple loci |	1866340
             % of reads mapped to multiple loci |	2.28%
        Number of reads mapped to too many loci |	160408
             % of reads mapped to too many loci |	0.20%
                                  UNMAPPED READS:
  Number of reads unmapped: too many mismatches |	0
       % of reads unmapped: too many mismatches |	0.00%
            Number of reads unmapped: too short |	3597741
                 % of reads unmapped: too short |	4.39%
                Number of reads unmapped: other |	152418
                     % of reads unmapped: other |	0.19%
                                  CHIMERIC READS:
                       Number of chimeric reads |	0
                            % of chimeric reads |	0.00%
