           Time    Speed        Read     Read   Mapped   Mapped   Mapped   Mapped Unmapped Unmapped Unmapped Unmapped
                    M/hr      number   length   unique   length   MMrate    multi   multi+       MM    short    other
Apr 12 19:35:41	Started 1st pass mapping
Apr 12 19:35:57     26.3      117043      198    93.1%    196.7     0.8%     2.1%     0.2%     0.0%     4.5%     0.2%
Apr 12 19:36:57    280.9     5930433      198    92.7%    196.6     0.8%     2.1%     0.2%     0.0%     4.8%     0.2%
Apr 12 19:37:59    312.2    11965816      198    92.7%    196.6     0.8%     2.1%     0.2%     0.0%     4.8%     0.2%
Apr 12 19:38:59    329.1    18101237      198    92.7%    196.6     0.8%     2.1%     0.2%     0.0%     4.8%     0.2%
Apr 12 19:39:59    325.3    23310169      198    92.8%    196.6     0.8%     2.1%     0.2%     0.0%     4.7%     0.2%
Apr 12 19:40:59    325.5    28750229      198    92.8%    196.7     0.8%     2.1%     0.2%     0.0%     4.7%     0.2%
Apr 12 19:41:59    325.6    34190427      198    92.9%    196.7     0.8%     2.1%     0.2%     0.0%     4.6%     0.2%
Apr 12 19:42:59    327.6    39862209      198    92.9%    196.7     0.8%     2.1%     0.2%     0.0%     4.6%     0.2%
Apr 12 19:44:00    328.5    45534738      198    92.9%    196.7     0.8%     2.1%     0.2%     0.0%     4.6%     0.2%
Apr 12 19:45:00    330.5    51323181      198    93.0%    196.7     0.8%     2.1%     0.2%     0.0%     4.5%     0.2%
Apr 12 19:46:02    333.1    57458860      198    93.0%    196.7     0.8%     2.1%     0.2%     0.0%     4.5%     0.2%
Apr 12 19:47:02    335.6    63478871      198    93.0%    196.7     0.8%     2.1%     0.2%     0.0%     4.5%     0.2%
Apr 12 19:48:04    336.2    69382400      198    93.1%    196.7     0.8%     2.1%     0.2%     0.0%     4.4%     0.2%
Apr 12 19:49:05    337.1    75286004      198    93.1%    196.7     0.8%     2.1%     0.2%     0.0%     4.4%     0.2%
Apr 12 19:50:05    338.5    81238506      198    93.1%    196.7     0.8%     2.1%     0.2%     0.0%     4.4%     0.2%
Apr 12 19:50:11	Finished 1st pass mapping
Apr 12 19:52:47    195.9     3373977      198    92.7%    196.7     0.8%     2.3%     0.2%     0.0%     4.7%     0.2%
Apr 12 19:53:47    240.2     8138496      198    92.5%    196.6     0.8%     2.3%     0.2%     0.0%     4.8%     0.2%
Apr 12 19:54:47    255.0    12891927      198    92.6%    196.6     0.8%     2.3%     0.2%     0.0%     4.8%     0.2%
Apr 12 19:55:47    262.4    17638136      198    92.6%    196.7     0.8%     2.3%     0.2%     0.0%     4.8%     0.2%
Apr 12 19:56:48    260.5    21921288      198    92.6%    196.7     0.8%     2.3%     0.2%     0.0%     4.7%     0.2%
Apr 12 19:57:52    260.4    26551022      198    92.7%    196.7     0.8%     2.3%     0.2%     0.0%     4.7%     0.2%
Apr 12 19:58:54    260.7    31065460      198    92.7%    196.7     0.8%     2.3%     0.2%     0.0%     4.6%     0.2%
Apr 12 19:59:56    260.0    35463676      198    92.7%    196.7     0.8%     2.3%     0.2%     0.0%     4.6%     0.2%
Apr 12 20:01:01    258.9    39977970      198    92.8%    196.7     0.8%     2.3%     0.2%     0.0%     4.6%     0.2%
Apr 12 20:02:01    260.0    44492842      198    92.8%    196.7     0.8%     2.3%     0.2%     0.0%     4.6%     0.2%
Apr 12 20:03:03    261.4    49239263      198    92.8%    196.7     0.8%     2.3%     0.2%     0.0%     4.5%     0.2%
Apr 12 20:04:04    262.4    53870115      198    92.9%    196.7     0.8%     2.3%     0.2%     0.0%     4.5%     0.2%
Apr 12 20:05:05    264.8    58847975      198    92.9%    196.7     0.8%     2.3%     0.2%     0.0%     4.5%     0.2%
Apr 12 20:06:05    265.7    63478863      198    92.9%    196.7     0.8%     2.3%     0.2%     0.0%     4.4%     0.2%
Apr 12 20:07:06    264.0    67530424      198    92.9%    196.7     0.8%     2.3%     0.2%     0.0%     4.4%     0.2%
Apr 12 20:08:09    264.0    72160774      198    92.9%    196.7     0.8%     2.3%     0.2%     0.0%     4.4%     0.2%
Apr 12 20:09:09    264.4    76675078      198    92.9%    196.7     0.8%     2.3%     0.2%     0.0%     4.4%     0.2%
Apr 12 20:10:09    264.9    81238491      198    92.9%    196.8     0.8%     2.3%     0.2%     0.0%     4.4%     0.2%
Apr 12 20:12:32    236.5    81933091      198    92.9%    196.8     0.8%     2.3%     0.2%     0.0%     4.4%     0.2%
ALL DONE!
