           Time    Speed        Read     Read   Mapped   Mapped   Mapped   Mapped Unmapped Unmapped Unmapped Unmapped
                    M/hr      number   length   unique   length   MMrate    multi   multi+       MM    short    other
Apr 12 19:56:15	Started 1st pass mapping
Apr 12 19:56:35     21.0      116617      198    93.0%    196.8     0.8%     2.1%     0.2%     0.0%     4.5%     0.2%
Apr 12 19:57:37    260.3     5929339      198    92.7%    196.7     0.8%     2.2%     0.2%     0.0%     4.8%     0.2%
Apr 12 19:58:37    291.6    11500461      198    92.7%    196.7     0.8%     2.2%     0.2%     0.0%     4.7%     0.2%
Apr 12 19:59:37    304.0    17056058      198    92.7%    196.7     0.8%     2.2%     0.2%     0.0%     4.8%     0.2%
Apr 12 20:00:38    312.7    22843203      198    92.7%    196.7     0.8%     2.2%     0.2%     0.0%     4.7%     0.2%
Apr 12 20:01:39    314.2    28282236      198    92.8%    196.7     0.8%     2.2%     0.2%     0.0%     4.6%     0.2%
Apr 12 20:02:39    319.4    34068779      198    92.9%    196.8     0.8%     2.2%     0.2%     0.0%     4.6%     0.2%
Apr 12 20:03:39    321.3    39623445      198    92.9%    196.8     0.8%     2.2%     0.2%     0.0%     4.6%     0.2%
Apr 12 20:04:39    321.9    45063359      198    92.9%    196.8     0.8%     2.2%     0.2%     0.0%     4.6%     0.2%
Apr 12 20:05:40    323.3    50734717      198    92.9%    196.8     0.8%     2.2%     0.2%     0.0%     4.5%     0.2%
Apr 12 20:06:40    325.6    56522205      198    93.0%    196.8     0.8%     2.2%     0.2%     0.0%     4.5%     0.2%
Apr 12 20:07:40    326.9    62193693      198    93.0%    196.8     0.8%     2.2%     0.2%     0.0%     4.4%     0.2%
Apr 12 20:08:40    326.3    67517979      198    93.0%    196.8     0.8%     2.2%     0.2%     0.0%     4.4%     0.2%
Apr 12 20:09:40    327.8    73304726      198    93.0%    196.8     0.8%     2.2%     0.2%     0.0%     4.4%     0.2%
Apr 12 20:10:42    327.0    78744324      198    93.0%    196.8     0.8%     2.2%     0.2%     0.0%     4.4%     0.2%
Apr 12 20:11:42    329.5    84839034      198    93.0%    196.8     0.8%     2.2%     0.2%     0.0%     4.4%     0.2%
Apr 12 20:11:45	Finished 1st pass mapping
Apr 12 20:14:19    200.2     3838048      198    92.6%    196.7     0.8%     2.3%     0.2%     0.0%     4.7%     0.2%
Apr 12 20:15:20    251.1     9066401      198    92.6%    196.7     0.8%     2.3%     0.2%     0.0%     4.7%     0.2%
Apr 12 20:16:20    261.8    13815371      198    92.6%    196.7     0.8%     2.3%     0.2%     0.0%     4.7%     0.2%
Apr 12 20:17:20    263.9    18329221      198    92.5%    196.7     0.8%     2.3%     0.2%     0.0%     4.7%     0.2%
Apr 12 20:18:20    261.2    22496042      198    92.6%    196.8     0.8%     2.3%     0.2%     0.0%     4.7%     0.2%
Apr 12 20:19:22    253.5    26199196      198    92.6%    196.8     0.8%     2.3%     0.2%     0.0%     4.6%     0.2%
Apr 12 20:20:22    255.9    30712605      198    92.7%    196.8     0.8%     2.3%     0.2%     0.0%     4.6%     0.2%
Apr 12 20:21:23    256.4    35110319      198    92.7%    196.8     0.8%     2.3%     0.2%     0.0%     4.6%     0.2%
Apr 12 20:22:23    253.4    38929108      198    92.7%    196.8     0.8%     2.3%     0.2%     0.0%     4.6%     0.2%
Apr 12 20:23:24    252.0    42979892      198    92.7%    196.8     0.8%     2.3%     0.2%     0.0%     4.5%     0.2%
Apr 12 20:24:24    254.3    47609679      198    92.8%    196.8     0.8%     2.3%     0.2%     0.0%     4.5%     0.2%
Apr 12 20:25:25    253.6    51776416      198    92.8%    196.8     0.8%     2.3%     0.2%     0.0%     4.5%     0.2%
Apr 12 20:26:25    253.9    56059216      198    92.8%    196.8     0.8%     2.3%     0.2%     0.0%     4.5%     0.2%
Apr 12 20:27:27    255.4    60804710      198    92.9%    196.8     0.8%     2.3%     0.2%     0.0%     4.4%     0.2%
Apr 12 20:28:27    254.6    64856069      198    92.9%    196.8     0.8%     2.3%     0.2%     0.0%     4.4%     0.2%
Apr 12 20:29:28    254.9    69253973      198    92.9%    196.8     0.8%     2.3%     0.2%     0.0%     4.4%     0.2%
Apr 12 20:30:29    255.6    73767723      198    92.9%    196.8     0.8%     2.3%     0.2%     0.0%     4.4%     0.2%
Apr 12 20:31:29    255.3    77934252      198    92.9%    196.8     0.8%     2.3%     0.2%     0.0%     4.4%     0.2%
Apr 12 20:32:29    254.7    81984797      198    92.9%    196.8     0.8%     2.3%     0.2%     0.0%     4.4%     0.2%
Apr 12 20:35:11    231.8    85070600      198    92.9%    196.8     0.8%     2.3%     0.2%     0.0%     4.4%     0.2%
ALL DONE!
