                                 Started job on |	Apr 12 20:16:25
                             Started mapping on |	Apr 12 20:27:33
                                    Finished on |	Apr 12 20:42:07
       Mapping speed, Million of reads per hour |	267.83

                          Number of input reads |	65024076
                      Average input read length |	198
                                    UNIQUE READS:
                   Uniquely mapped reads number |	60270255
                        Uniquely mapped reads % |	92.69%
                          Average mapped length |	196.69
                       Number of splices: Total |	30058165
            Number of splices: Annotated (sjdb) |	29939091
                       Number of splices: GT/AG |	29527297
                       Number of splices: GC/AG |	270117
                       Number of splices: AT/AC |	30457
               Number of splices: Non-canonical |	230294
                      Mismatch rate per base, % |	0.77%
                         Deletion rate per base |	0.06%
                        Deletion average length |	2.15
                        Insertion rate per base |	0.04%
                       Insertion average length |	2.10
                             MULTI-MAPPING READS:
        Number of reads mapped to multiple loci |	1522353
             % of reads mapped to multiple loci |	2.34%
        Number of reads mapped to too many loci |	169738
             % of reads mapped to too many loci |	0.26%
                                  UNMAPPED READS:
  Number of reads unmapped: too many mismatches |	0
       % of reads unmapped: too many mismatches |	0.00%
            Number of reads unmapped: too short |	2856373
                 % of reads unmapped: too short |	4.39%
                Number of reads unmapped: other |	205357
                     % of reads unmapped: other |	0.32%
                                  CHIMERIC READS:
                       Number of chimeric reads |	0
                            % of chimeric reads |	0.00%
