           Time    Speed        Read     Read   Mapped   Mapped   Mapped   Mapped Unmapped Unmapped Unmapped Unmapped
                    M/hr      number   length   unique   length   MMrate    multi   multi+       MM    short    other
Apr 12 20:16:37	Started 1st pass mapping
Apr 12 20:16:52     28.1      117083      198    92.6%    196.7     0.8%     2.2%     0.3%     0.0%     4.6%     0.3%
Apr 12 20:17:58    335.9     7557325      198    92.5%    196.6     0.8%     2.2%     0.3%     0.0%     4.7%     0.3%
Apr 12 20:19:03    369.3    14975449      198    92.5%    196.6     0.8%     2.2%     0.3%     0.0%     4.7%     0.3%
Apr 12 20:20:03    383.1    21921125      198    92.6%    196.6     0.8%     2.2%     0.3%     0.0%     4.6%     0.3%
Apr 12 20:21:03    384.4    28403515      198    92.7%    196.6     0.8%     2.2%     0.3%     0.0%     4.6%     0.3%
Apr 12 20:22:05    389.3    35465129      198    92.7%    196.6     0.8%     2.2%     0.3%     0.0%     4.6%     0.3%
Apr 12 20:23:05    393.5    42411387      198    92.7%    196.6     0.8%     2.2%     0.3%     0.0%     4.5%     0.3%
Apr 12 20:24:05    393.8    49010061      198    92.8%    196.6     0.8%     2.2%     0.3%     0.0%     4.5%     0.3%
Apr 12 20:25:05    396.5    55956610      198    92.8%    196.6     0.8%     2.2%     0.3%     0.0%     4.4%     0.3%
Apr 12 20:26:05    395.0    62323309      198    92.8%    196.7     0.8%     2.2%     0.3%     0.0%     4.4%     0.3%
Apr 12 20:26:26	Finished 1st pass mapping
Apr 12 20:28:38    212.6     3838752      198    92.3%    196.6     0.8%     2.3%     0.3%     0.0%     4.8%     0.3%
Apr 12 20:29:44    258.8     9416635      198    92.4%    196.6     0.8%     2.3%     0.3%     0.0%     4.7%     0.3%
Apr 12 20:30:50    273.7    14975449      198    92.4%    196.6     0.8%     2.3%     0.3%     0.0%     4.7%     0.3%
Apr 12 20:31:50    282.7    20184667      198    92.5%    196.6     0.8%     2.3%     0.3%     0.0%     4.6%     0.3%
Apr 12 20:32:50    285.8    25162443      198    92.5%    196.7     0.8%     2.3%     0.3%     0.0%     4.6%     0.3%
Apr 12 20:33:51    288.1    30255517      198    92.5%    196.7     0.8%     2.3%     0.3%     0.0%     4.5%     0.3%
Apr 12 20:34:52    290.8    35465129      198    92.6%    196.7     0.8%     2.3%     0.3%     0.0%     4.5%     0.3%
Apr 12 20:35:52    295.1    40906277      198    92.6%    196.7     0.8%     2.3%     0.3%     0.0%     4.5%     0.3%
Apr 12 20:36:52    297.7    46231656      198    92.6%    196.7     0.8%     2.3%     0.3%     0.0%     4.5%     0.3%
Apr 12 20:37:52    296.5    50978289      198    92.7%    196.7     0.8%     2.3%     0.3%     0.0%     4.4%     0.3%
Apr 12 20:38:53    297.5    56188110      198    92.7%    196.7     0.8%     2.3%     0.3%     0.0%     4.4%     0.3%
Apr 12 20:39:55    297.3    61281564      198    92.7%    196.7     0.8%     2.3%     0.3%     0.0%     4.4%     0.3%
Apr 12 20:42:07    267.8    65024076      198    92.7%    196.7     0.8%     2.3%     0.3%     0.0%     4.4%     0.3%
ALL DONE!
