           Time    Speed        Read     Read   Mapped   Mapped   Mapped   Mapped Unmapped Unmapped Unmapped Unmapped
                    M/hr      number   length   unique   length   MMrate    multi   multi+       MM    short    other
Apr 12 20:33:47	Started 1st pass mapping
Apr 12 20:34:06     22.1      116576      198    92.6%    196.8     0.8%     2.2%     0.3%     0.0%     4.6%     0.4%
Apr 12 20:35:06    270.1     5926204      198    92.2%    196.8     0.8%     2.2%     0.3%     0.0%     4.9%     0.4%
Apr 12 20:36:06    309.7    11957213      198    92.3%    196.8     0.8%     2.2%     0.3%     0.0%     4.8%     0.4%
Apr 12 20:37:06    325.1    17972802      198    92.2%    196.8     0.8%     2.2%     0.3%     0.0%     4.9%     0.4%
Apr 12 20:38:09    332.8    24219591      198    92.3%    196.8     0.8%     2.2%     0.3%     0.0%     4.8%     0.4%
Apr 12 20:39:09    339.3    30349914      198    92.3%    196.8     0.8%     2.2%     0.3%     0.0%     4.7%     0.4%
Apr 12 20:40:09    348.2    36943197      198    92.4%    196.8     0.8%     2.2%     0.3%     0.0%     4.7%     0.4%
Apr 12 20:41:10    347.2    42726575      198    92.4%    196.9     0.8%     2.2%     0.3%     0.0%     4.7%     0.4%
Apr 12 20:42:10    352.2    49204832      198    92.4%    196.9     0.8%     2.2%     0.3%     0.0%     4.7%     0.4%
Apr 12 20:43:11    355.4    55683390      198    92.5%    196.9     0.8%     2.2%     0.3%     0.0%     4.6%     0.4%
Apr 12 20:44:11    357.3    61930386      198    92.5%    196.9     0.8%     2.2%     0.3%     0.0%     4.6%     0.4%
Apr 12 20:45:12    360.7    68640277      198    92.5%    196.9     0.8%     2.2%     0.3%     0.0%     4.5%     0.4%
Apr 12 20:46:12    361.3    74771162      198    92.6%    196.9     0.8%     2.2%     0.3%     0.0%     4.5%     0.4%
Apr 12 20:47:12    361.8    80902005      198    92.6%    196.9     0.8%     2.2%     0.3%     0.0%     4.5%     0.4%
Apr 12 20:48:12    363.2    87263938      198    92.6%    196.9     0.8%     2.2%     0.3%     0.0%     4.5%     0.4%
Apr 12 20:48:46	Finished 1st pass mapping
Apr 12 20:51:18    197.3     3836059      198    92.2%    196.9     0.8%     2.4%     0.3%     0.0%     4.7%     0.4%
Apr 12 20:52:18    257.4     9293733      198    92.1%    196.8     0.8%     2.4%     0.3%     0.0%     4.9%     0.4%
Apr 12 20:53:22    245.5    13229723      198    92.1%    196.8     0.8%     2.4%     0.3%     0.0%     4.8%     0.4%
Apr 12 20:54:23    261.9    18551221      198    92.1%    196.8     0.8%     2.4%     0.3%     0.0%     4.9%     0.4%
Apr 12 20:55:25    255.3    22484520      198    92.1%    196.9     0.8%     2.4%     0.3%     0.0%     4.8%     0.4%
Apr 12 20:56:25    258.9    27111135      198    92.2%    196.9     0.8%     2.4%     0.3%     0.0%     4.8%     0.4%
Apr 12 20:57:32    257.3    31738022      198    92.2%    196.9     0.8%     2.4%     0.3%     0.0%     4.7%     0.4%
Apr 12 20:58:33    262.5    36827557      198    92.2%    196.9     0.8%     2.4%     0.3%     0.0%     4.7%     0.4%
Apr 12 20:59:34    261.5    41107215      198    92.3%    196.9     0.8%     2.4%     0.3%     0.0%     4.7%     0.4%
Apr 12 21:00:34    263.7    45850051      198    92.3%    196.9     0.8%     2.4%     0.3%     0.0%     4.6%     0.4%
Apr 12 21:01:35    263.9    50361691      198    92.3%    196.9     0.8%     2.4%     0.3%     0.0%     4.6%     0.4%
Apr 12 21:02:36    264.1    54873549      198    92.3%    196.9     0.8%     2.4%     0.3%     0.0%     4.6%     0.4%
Apr 12 21:03:40    264.3    59616738      198    92.3%    196.9     0.8%     2.4%     0.3%     0.0%     4.6%     0.4%
Apr 12 21:04:40    265.7    64359849      198    92.4%    196.9     0.8%     2.4%     0.3%     0.0%     4.5%     0.4%
Apr 12 21:05:42    265.5    68871692      198    92.4%    196.9     0.8%     2.4%     0.3%     0.0%     4.5%     0.4%
Apr 12 21:06:45    266.2    73730039      198    92.4%    196.9     0.8%     2.4%     0.3%     0.0%     4.5%     0.4%
Apr 12 21:07:45    266.9    78357012      198    92.4%    196.9     0.8%     2.4%     0.3%     0.0%     4.5%     0.4%
Apr 12 21:08:50    266.3    82984091      198    92.4%    196.9     0.8%     2.4%     0.3%     0.0%     4.5%     0.4%
Apr 12 21:09:50    266.1    87379630      198    92.4%    196.9     0.8%     2.4%     0.3%     0.0%     4.5%     0.4%
Apr 12 21:12:44    241.2    90858766      198    92.4%    196.9     0.8%     2.4%     0.3%     0.0%     4.5%     0.4%
ALL DONE!
