                                 Started job on |	Apr 12 20:33:20
                             Started mapping on |	Apr 12 20:50:08
                                    Finished on |	Apr 12 21:12:44
       Mapping speed, Million of reads per hour |	241.22

                          Number of input reads |	90858766
                      Average input read length |	198
                                    UNIQUE READS:
                   Uniquely mapped reads number |	83993367
                        Uniquely mapped reads % |	92.44%
                          Average mapped length |	196.94
                       Number of splices: Total |	46066009
            Number of splices: Annotated (sjdb) |	45891258
                       Number of splices: GT/AG |	45314539
                       Number of splices: GC/AG |	403915
                       Number of splices: AT/AC |	41817
               Number of splices: Non-canonical |	305738
                      Mismatch rate per base, % |	0.78%
                         Deletion rate per base |	0.05%
                        Deletion average length |	2.12
                        Insertion rate per base |	0.03%
                       Insertion average length |	2.07
                             MULTI-MAPPING READS:
        Number of reads mapped to multiple loci |	2152255
             % of reads mapped to multiple loci |	2.37%
        Number of reads mapped to too many loci |	296481
             % of reads mapped to too many loci |	0.33%
                                  UNMAPPED READS:
  Number of reads unmapped: too many mismatches |	0
       % of reads unmapped: too many mismatches |	0.00%
            Number of reads unmapped: too short |	4054931
                 % of reads unmapped: too short |	4.46%
                Number of reads unmapped: other |	361732
                     % of reads unmapped: other |	0.40%
                                  CHIMERIC READS:
                       Number of chimeric reads |	0
                            % of chimeric reads |	0.00%
