# UMI-tools version: 1.1.1
# output generated by dedup -I 03_alignedData/bam/10_KB_B6Aligned.sortedByCoord.out.bam -L 04_dedupUmis/log/10_KB_B6.log -S 04_dedupUmis/bam/10_KB_B6.bam --umi-separator=: --temp-dir=. --paired --output-stats=04_dedupUmis/log/10_KB_B6
# job started at Wed Apr 14 11:02:30 2021 on r5-n10 -- 30afb228-7924-4c24-8198-6448379c18fe
# pid: 215583, system: Linux 3.10.0-1062.9.1.el7.x86_64 #1 SMP Mon Dec 2 08:31:54 EST 2019 x86_64
# assigned_tag                            : None
# cell_tag                                : None
# cell_tag_delim                          : None
# cell_tag_split                          : -
# chimeric_pairs                          : use
# chrom                                   : None
# compresslevel                           : 6
# detection_method                        : None
# filter_umi                              : None
# gene_tag                                : None
# gene_transcript_map                     : None
# get_umi_method                          : read_id
# ignore_tlen                             : False
# ignore_umi                              : False
# in_sam                                  : False
# log2stderr                              : False
# loglevel                                : 1
# mapping_quality                         : 0
# method                                  : directional
# no_sort_output                          : False
# out_sam                                 : False
# output_unmapped                         : False
# paired                                  : True
# per_cell                                : False
# per_contig                              : False
# per_gene                                : False
# random_seed                             : None
# read_length                             : False
# short_help                              : None
# skip_regex                              : ^(__|Unassigned)
# soft_clip_threshold                     : 4
# spliced                                 : False
# stats                                   : 04_dedupUmis/log/10_KB_B6
# stderr                                  : <_io.TextIOWrapper name='<stderr>' mode='w' encoding='UTF-8'>
# stdin                                   : <_io.TextIOWrapper name='03_alignedData/bam/10_KB_B6Aligned.sortedByCoord.out.bam' mode='r' encoding='UTF-8'>
# stdlog                                  : <_io.TextIOWrapper name='04_dedupUmis/log/10_KB_B6.log' mode='a' encoding='UTF-8'>
# stdout                                  : <_io.TextIOWrapper name='04_dedupUmis/bam/10_KB_B6.bam' mode='w' encoding='UTF-8'>
# subset                                  : None
# threshold                               : 1
# timeit_file                             : None
# timeit_header                           : None
# timeit_name                             : all
# tmpdir                                  : .
# umi_sep                                 : :
# umi_tag                                 : RX
# umi_tag_delim                           : None
# umi_tag_split                           : None
# umi_whitelist                           : None
# umi_whitelist_paired                    : None
# unmapped_reads                          : discard
# unpaired_reads                          : use
# whole_contig                            : False
2021-04-14 11:02:30,677 WARNING Chimeric read pairs are being used. Some read pair UMIs may be grouped/deduplicated using just the mapping coordinates from read1.This may also increase the run time and memory usage. Consider --chimeric-pairs==discard to discard these reads or --chimeric-pairs==output (group command only) to output them without grouping
2021-04-14 11:02:30,678 WARNING Unpaired read pairs are being used. Some read pair UMIs may be grouped/deduplicated using just the mapping coordinates from read1.This may also increase the run time and memory usage. Consider --unpared-reads==discard to discard these reads or --unpared-reads==output (group command only) to output them without grouping
2021-04-14 11:02:30,678 INFO command: dedup -I 03_alignedData/bam/10_KB_B6Aligned.sortedByCoord.out.bam -L 04_dedupUmis/log/10_KB_B6.log -S 04_dedupUmis/bam/10_KB_B6.bam --umi-separator=: --temp-dir=. --paired --output-stats=04_dedupUmis/log/10_KB_B6
2021-04-14 11:06:54,695 INFO total_umis 76933300
2021-04-14 11:06:54,742 INFO #umis 66067
2021-04-14 11:10:20,546 INFO Written out 100000 reads
2021-04-14 11:10:24,665 INFO Written out 200000 reads
2021-04-14 11:10:29,036 INFO Written out 300000 reads
2021-04-14 11:10:33,462 INFO Written out 400000 reads
2021-04-14 11:10:38,543 INFO Written out 500000 reads
2021-04-14 11:10:42,521 INFO Written out 600000 reads
2021-04-14 11:10:47,276 INFO Written out 700000 reads
2021-04-14 11:10:51,740 INFO Written out 800000 reads
2021-04-14 11:10:53,504 INFO Parsed 1000000 input reads
2021-04-14 11:10:56,790 INFO Written out 900000 reads
2021-04-14 11:11:01,875 INFO Written out 1000000 reads
2021-04-14 11:11:06,459 INFO Written out 1100000 reads
2021-04-14 11:11:11,941 INFO Written out 1200000 reads
2021-04-14 11:11:16,940 INFO Written out 1300000 reads
2021-04-14 11:11:22,135 INFO Written out 1400000 reads
2021-04-14 11:11:28,896 INFO Written out 1500000 reads
2021-04-14 11:11:33,028 INFO Written out 1600000 reads
2021-04-14 11:11:37,679 INFO Parsed 2000000 input reads
2021-04-14 11:11:39,068 INFO Written out 1700000 reads
2021-04-14 11:11:44,785 INFO Written out 1800000 reads
2021-04-14 11:11:51,479 INFO Written out 1900000 reads
2021-04-14 11:11:57,406 INFO Written out 2000000 reads
2021-04-14 11:12:03,905 INFO Written out 2100000 reads
2021-04-14 11:12:09,760 INFO Written out 2200000 reads
2021-04-14 11:12:15,825 INFO Written out 2300000 reads
2021-04-14 11:12:22,157 INFO Written out 2400000 reads
2021-04-14 11:12:28,055 INFO Written out 2500000 reads
2021-04-14 11:12:28,356 INFO Parsed 3000000 input reads
2021-04-14 11:12:53,598 INFO Written out 2600000 reads
2021-04-14 11:12:59,133 INFO Written out 2700000 reads
2021-04-14 11:13:04,242 INFO Written out 2800000 reads
2021-04-14 11:13:09,550 INFO Written out 2900000 reads
2021-04-14 11:13:14,912 INFO Written out 3000000 reads
2021-04-14 11:13:20,673 INFO Written out 3100000 reads
2021-04-14 11:13:26,288 INFO Written out 3200000 reads
2021-04-14 11:13:32,270 INFO Written out 3300000 reads
2021-04-14 11:13:35,119 INFO Parsed 4000000 input reads
2021-04-14 11:13:37,568 INFO Written out 3400000 reads
2021-04-14 11:13:43,486 INFO Written out 3500000 reads
2021-04-14 11:13:51,503 INFO Written out 3600000 reads
2021-04-14 11:13:55,025 INFO Written out 3700000 reads
2021-04-14 11:14:00,636 INFO Written out 3800000 reads
2021-04-14 11:14:06,893 INFO Written out 3900000 reads
2021-04-14 11:14:13,441 INFO Written out 4000000 reads
2021-04-14 11:14:20,133 INFO Written out 4100000 reads
2021-04-14 11:14:24,024 INFO Parsed 5000000 input reads
2021-04-14 11:14:25,497 INFO Written out 4200000 reads
2021-04-14 11:14:32,411 INFO Written out 4300000 reads
2021-04-14 11:14:38,717 INFO Written out 4400000 reads
2021-04-14 11:14:45,294 INFO Written out 4500000 reads
2021-04-14 11:14:51,872 INFO Written out 4600000 reads
2021-04-14 11:14:58,779 INFO Written out 4700000 reads
2021-04-14 11:15:05,291 INFO Written out 4800000 reads
2021-04-14 11:15:29,912 INFO Written out 4900000 reads
2021-04-14 11:15:36,416 INFO Written out 5000000 reads
2021-04-14 11:15:36,496 INFO Parsed 6000000 input reads
2021-04-14 11:15:43,167 INFO Written out 5100000 reads
2021-04-14 11:15:48,758 INFO Written out 5200000 reads
2021-04-14 11:15:55,850 INFO Written out 5300000 reads
2021-04-14 11:16:01,861 INFO Written out 5400000 reads
2021-04-14 11:16:08,836 INFO Written out 5500000 reads
2021-04-14 11:16:15,132 INFO Written out 5600000 reads
2021-04-14 11:16:21,501 INFO Written out 5700000 reads
2021-04-14 11:16:28,726 INFO Written out 5800000 reads
2021-04-14 11:16:30,681 INFO Parsed 7000000 input reads
2021-04-14 11:16:36,197 INFO Written out 5900000 reads
2021-04-14 11:16:42,055 INFO Written out 6000000 reads
2021-04-14 11:16:49,328 INFO Written out 6100000 reads
2021-04-14 11:16:56,229 INFO Written out 6200000 reads
2021-04-14 11:17:03,200 INFO Written out 6300000 reads
2021-04-14 11:17:10,836 INFO Written out 6400000 reads
2021-04-14 11:17:17,901 INFO Written out 6500000 reads
2021-04-14 11:17:25,757 INFO Written out 6600000 reads
2021-04-14 11:17:31,315 INFO Parsed 8000000 input reads
2021-04-14 11:17:34,641 INFO Written out 6700000 reads
2021-04-14 11:17:41,254 INFO Written out 6800000 reads
2021-04-14 11:17:48,419 INFO Written out 6900000 reads
2021-04-14 11:17:56,819 INFO Written out 7000000 reads
2021-04-14 11:18:20,964 INFO Written out 7100000 reads
2021-04-14 11:18:28,508 INFO Written out 7200000 reads
2021-04-14 11:18:36,149 INFO Written out 7300000 reads
2021-04-14 11:18:43,189 INFO Written out 7400000 reads
2021-04-14 11:18:50,289 INFO Written out 7500000 reads
2021-04-14 11:18:51,482 INFO Parsed 9000000 input reads
2021-04-14 11:18:58,172 INFO Written out 7600000 reads
2021-04-14 11:19:06,879 INFO Written out 7700000 reads
2021-04-14 11:19:15,770 INFO Written out 7800000 reads
2021-04-14 11:19:25,964 INFO Written out 7900000 reads
2021-04-14 11:19:35,658 INFO Written out 8000000 reads
2021-04-14 11:19:39,003 INFO Written out 8100000 reads
2021-04-14 11:19:49,404 INFO Written out 8200000 reads
2021-04-14 11:19:56,673 INFO Written out 8300000 reads
2021-04-14 11:20:01,373 INFO Parsed 10000000 input reads
2021-04-14 11:20:05,364 INFO Written out 8400000 reads
2021-04-14 11:20:14,912 INFO Written out 8500000 reads
2021-04-14 11:20:23,397 INFO Written out 8600000 reads
2021-04-14 11:20:32,071 INFO Written out 8700000 reads
2021-04-14 11:20:40,885 INFO Written out 8800000 reads
2021-04-14 11:21:05,016 INFO Written out 8900000 reads
2021-04-14 11:21:12,757 INFO Written out 9000000 reads
2021-04-14 11:21:21,768 INFO Written out 9100000 reads
2021-04-14 11:21:28,493 INFO Parsed 11000000 input reads
2021-04-14 11:21:30,041 INFO Written out 9200000 reads
2021-04-14 11:21:40,594 INFO Written out 9300000 reads
2021-04-14 11:21:46,561 INFO Written out 9400000 reads
2021-04-14 11:21:56,081 INFO Written out 9500000 reads
2021-04-14 11:22:04,786 INFO Written out 9600000 reads
2021-04-14 11:22:13,609 INFO Written out 9700000 reads
2021-04-14 11:22:22,569 INFO Written out 9800000 reads
2021-04-14 11:22:32,656 INFO Written out 9900000 reads
2021-04-14 11:22:42,672 INFO Written out 10000000 reads
2021-04-14 11:22:45,716 INFO Parsed 12000000 input reads
2021-04-14 11:22:52,952 INFO Written out 10100000 reads
2021-04-14 11:23:02,029 INFO Written out 10200000 reads
2021-04-14 11:23:11,166 INFO Written out 10300000 reads
2021-04-14 11:23:20,508 INFO Written out 10400000 reads
2021-04-14 11:23:31,156 INFO Written out 10500000 reads
2021-04-14 11:23:41,874 INFO Written out 10600000 reads
2021-04-14 11:23:51,516 INFO Written out 10700000 reads
2021-04-14 11:24:02,428 INFO Written out 10800000 reads
2021-04-14 11:24:06,710 INFO Parsed 13000000 input reads
2021-04-14 11:24:10,886 INFO Written out 10900000 reads
2021-04-14 11:24:39,999 INFO Written out 11000000 reads
2021-04-14 11:24:50,037 INFO Written out 11100000 reads
2021-04-14 11:25:00,236 INFO Written out 11200000 reads
2021-04-14 11:25:08,204 INFO Written out 11300000 reads
2021-04-14 11:25:17,290 INFO Written out 11400000 reads
2021-04-14 11:25:26,409 INFO Written out 11500000 reads
2021-04-14 11:25:36,942 INFO Written out 11600000 reads
2021-04-14 11:25:46,184 INFO Parsed 14000000 input reads
2021-04-14 11:25:46,430 INFO Written out 11700000 reads
2021-04-14 11:25:57,243 INFO Written out 11800000 reads
2021-04-14 11:26:07,035 INFO Written out 11900000 reads
2021-04-14 11:26:16,689 INFO Written out 12000000 reads
2021-04-14 11:26:29,061 INFO Written out 12100000 reads
2021-04-14 11:26:38,887 INFO Written out 12200000 reads
2021-04-14 11:26:50,367 INFO Written out 12300000 reads
2021-04-14 11:27:00,225 INFO Written out 12400000 reads
2021-04-14 11:27:11,804 INFO Written out 12500000 reads
2021-04-14 11:27:12,652 INFO Parsed 15000000 input reads
2021-04-14 11:27:21,975 INFO Written out 12600000 reads
2021-04-14 11:27:32,261 INFO Written out 12700000 reads
2021-04-14 11:27:47,261 INFO Written out 12800000 reads
2021-04-14 11:27:51,458 INFO Written out 12900000 reads
2021-04-14 11:28:03,495 INFO Written out 13000000 reads
2021-04-14 11:28:27,758 INFO Written out 13100000 reads
2021-04-14 11:28:29,979 INFO Written out 13200000 reads
2021-04-14 11:28:32,212 INFO Written out 13300000 reads
2021-04-14 11:28:34,032 INFO Parsed 16000000 input reads
2021-04-14 11:28:35,462 INFO Written out 13400000 reads
2021-04-14 11:28:46,749 INFO Written out 13500000 reads
2021-04-14 11:28:57,988 INFO Written out 13600000 reads
2021-04-14 11:29:09,497 INFO Written out 13700000 reads
2021-04-14 11:29:41,630 INFO Written out 13800000 reads
2021-04-14 11:29:51,966 INFO Written out 13900000 reads
2021-04-14 11:30:02,246 INFO Written out 14000000 reads
2021-04-14 11:30:13,561 INFO Written out 14100000 reads
2021-04-14 11:30:25,128 INFO Parsed 17000000 input reads
2021-04-14 11:30:25,226 INFO Written out 14200000 reads
2021-04-14 11:30:35,603 INFO Written out 14300000 reads
2021-04-14 11:30:45,932 INFO Written out 14400000 reads
2021-04-14 11:30:56,613 INFO Written out 14500000 reads
2021-04-14 11:31:08,621 INFO Written out 14600000 reads
2021-04-14 11:31:19,484 INFO Written out 14700000 reads
2021-04-14 11:31:31,736 INFO Written out 14800000 reads
2021-04-14 11:31:44,062 INFO Written out 14900000 reads
2021-04-14 11:31:55,045 INFO Written out 15000000 reads
2021-04-14 11:31:59,249 INFO Parsed 18000000 input reads
2021-04-14 11:32:07,609 INFO Written out 15100000 reads
2021-04-14 11:32:20,703 INFO Written out 15200000 reads
2021-04-14 11:32:30,283 INFO Written out 15300000 reads
2021-04-14 11:32:41,717 INFO Written out 15400000 reads
2021-04-14 11:32:54,739 INFO Written out 15500000 reads
2021-04-14 11:33:06,431 INFO Written out 15600000 reads
2021-04-14 11:33:36,130 INFO Written out 15700000 reads
2021-04-14 11:33:47,145 INFO Written out 15800000 reads
2021-04-14 11:33:55,387 INFO Parsed 19000000 input reads
2021-04-14 11:33:59,539 INFO Written out 15900000 reads
2021-04-14 11:34:10,655 INFO Written out 16000000 reads
2021-04-14 11:34:21,676 INFO Written out 16100000 reads
2021-04-14 11:34:34,314 INFO Written out 16200000 reads
2021-04-14 11:34:45,521 INFO Written out 16300000 reads
2021-04-14 11:34:58,386 INFO Written out 16400000 reads
2021-04-14 11:35:09,802 INFO Written out 16500000 reads
2021-04-14 11:35:21,418 INFO Written out 16600000 reads
2021-04-14 11:35:34,397 INFO Written out 16700000 reads
2021-04-14 11:35:34,451 INFO Parsed 20000000 input reads
2021-04-14 11:35:45,623 INFO Written out 16800000 reads
2021-04-14 11:36:00,504 INFO Written out 16900000 reads
2021-04-14 11:36:12,022 INFO Written out 17000000 reads
2021-04-14 11:36:23,424 INFO Written out 17100000 reads
2021-04-14 11:36:36,515 INFO Written out 17200000 reads
2021-04-14 11:36:51,617 INFO Written out 17300000 reads
2021-04-14 11:37:01,323 INFO Written out 17400000 reads
2021-04-14 11:37:13,148 INFO Written out 17500000 reads
2021-04-14 11:37:17,857 INFO Parsed 21000000 input reads
2021-04-14 11:37:26,855 INFO Written out 17600000 reads
2021-04-14 11:37:36,960 INFO Written out 17700000 reads
2021-04-14 11:37:48,726 INFO Written out 17800000 reads
2021-04-14 11:38:00,659 INFO Written out 17900000 reads
2021-04-14 11:38:14,238 INFO Written out 18000000 reads
2021-04-14 11:38:28,053 INFO Written out 18100000 reads
2021-04-14 11:38:38,226 INFO Written out 18200000 reads
2021-04-14 11:39:11,716 INFO Written out 18300000 reads
2021-04-14 11:39:20,141 INFO Parsed 22000000 input reads
2021-04-14 11:39:24,033 INFO Written out 18400000 reads
2021-04-14 11:39:35,114 INFO Written out 18500000 reads
2021-04-14 11:39:45,923 INFO Written out 18600000 reads
2021-04-14 11:39:57,180 INFO Written out 18700000 reads
2021-04-14 11:40:10,007 INFO Written out 18800000 reads
2021-04-14 11:40:21,243 INFO Written out 18900000 reads
2021-04-14 11:40:32,383 INFO Written out 19000000 reads
2021-04-14 11:40:45,247 INFO Written out 19100000 reads
2021-04-14 11:40:56,651 INFO Written out 19200000 reads
2021-04-14 11:40:58,544 INFO Parsed 23000000 input reads
2021-04-14 11:41:11,350 INFO Written out 19300000 reads
2021-04-14 11:41:21,134 INFO Written out 19400000 reads
2021-04-14 11:41:32,631 INFO Written out 19500000 reads
2021-04-14 11:41:45,935 INFO Written out 19600000 reads
2021-04-14 11:41:57,838 INFO Written out 19700000 reads
2021-04-14 11:42:09,785 INFO Written out 19800000 reads
2021-04-14 11:42:23,697 INFO Written out 19900000 reads
2021-04-14 11:42:35,999 INFO Written out 20000000 reads
2021-04-14 11:42:42,820 INFO Parsed 24000000 input reads
2021-04-14 11:42:50,006 INFO Written out 20100000 reads
2021-04-14 11:43:04,286 INFO Written out 20200000 reads
2021-04-14 11:43:32,628 INFO Written out 20300000 reads
2021-04-14 11:43:44,179 INFO Written out 20400000 reads
2021-04-14 11:43:55,908 INFO Written out 20500000 reads
2021-04-14 11:44:07,782 INFO Written out 20600000 reads
2021-04-14 11:44:21,361 INFO Written out 20700000 reads
2021-04-14 11:44:35,046 INFO Written out 20800000 reads
2021-04-14 11:44:44,638 INFO Parsed 25000000 input reads
2021-04-14 11:44:47,153 INFO Written out 20900000 reads
2021-04-14 11:45:01,025 INFO Written out 21000000 reads
2021-04-14 11:45:13,295 INFO Written out 21100000 reads
2021-04-14 11:45:25,662 INFO Written out 21200000 reads
2021-04-14 11:45:39,660 INFO Written out 21300000 reads
2021-04-14 11:45:50,406 INFO Written out 21400000 reads
2021-04-14 11:46:04,836 INFO Written out 21500000 reads
2021-04-14 11:46:17,483 INFO Written out 21600000 reads
2021-04-14 11:46:32,083 INFO Written out 21700000 reads
2021-04-14 11:46:34,292 INFO Parsed 26000000 input reads
2021-04-14 11:46:44,751 INFO Written out 21800000 reads
2021-04-14 11:46:59,570 INFO Written out 21900000 reads
2021-04-14 11:47:12,891 INFO Written out 22000000 reads
2021-04-14 11:47:42,798 INFO Written out 22100000 reads
2021-04-14 11:47:58,681 INFO Written out 22200000 reads
2021-04-14 11:48:11,437 INFO Written out 22300000 reads
2021-04-14 11:48:26,211 INFO Written out 22400000 reads
2021-04-14 11:48:45,271 INFO Written out 22500000 reads
2021-04-14 11:48:46,353 INFO Parsed 27000000 input reads
2021-04-14 11:48:51,919 INFO Written out 22600000 reads
2021-04-14 11:49:04,842 INFO Written out 22700000 reads
2021-04-14 11:49:17,290 INFO Written out 22800000 reads
2021-04-14 11:49:29,985 INFO Written out 22900000 reads
2021-04-14 11:49:44,524 INFO Written out 23000000 reads
2021-04-14 11:49:59,213 INFO Written out 23100000 reads
2021-04-14 11:50:12,253 INFO Written out 23200000 reads
2021-04-14 11:50:25,272 INFO Written out 23300000 reads
2021-04-14 11:50:37,733 INFO Parsed 28000000 input reads
2021-04-14 11:50:40,339 INFO Written out 23400000 reads
2021-04-14 11:50:53,438 INFO Written out 23500000 reads
2021-04-14 11:51:19,170 INFO Written out 23600000 reads
2021-04-14 11:51:21,486 INFO Written out 23700000 reads
2021-04-14 11:51:26,356 INFO Written out 23800000 reads
2021-04-14 11:51:37,528 INFO Written out 23900000 reads
2021-04-14 11:51:51,207 INFO Written out 24000000 reads
2021-04-14 11:52:07,108 INFO Written out 24100000 reads
2021-04-14 11:52:25,409 INFO Written out 24200000 reads
2021-04-14 11:52:25,680 INFO Parsed 29000000 input reads
2021-04-14 11:52:34,817 INFO Written out 24300000 reads
2021-04-14 11:52:50,862 INFO Written out 24400000 reads
2021-04-14 11:53:04,898 INFO Written out 24500000 reads
2021-04-14 11:53:21,206 INFO Written out 24600000 reads
2021-04-14 11:53:36,170 INFO Written out 24700000 reads
2021-04-14 11:53:53,210 INFO Written out 24800000 reads
2021-04-14 11:54:15,759 INFO Written out 24900000 reads
2021-04-14 11:54:20,669 INFO Written out 25000000 reads
2021-04-14 11:54:26,664 INFO Parsed 30000000 input reads
2021-04-14 11:54:35,357 INFO Written out 25100000 reads
2021-04-14 11:54:52,227 INFO Written out 25200000 reads
2021-04-14 11:55:32,107 INFO Written out 25300000 reads
2021-04-14 11:55:45,488 INFO Written out 25400000 reads
2021-04-14 11:55:58,802 INFO Written out 25500000 reads
2021-04-14 11:56:14,277 INFO Written out 25600000 reads
2021-04-14 11:56:29,822 INFO Written out 25700000 reads
2021-04-14 11:56:43,811 INFO Written out 25800000 reads
2021-04-14 11:56:55,362 INFO Parsed 31000000 input reads
2021-04-14 11:56:58,212 INFO Written out 25900000 reads
2021-04-14 11:57:12,321 INFO Written out 26000000 reads
2021-04-14 11:57:26,381 INFO Written out 26100000 reads
2021-04-14 11:57:40,506 INFO Written out 26200000 reads
2021-04-14 11:57:56,794 INFO Written out 26300000 reads
2021-04-14 11:58:10,925 INFO Written out 26400000 reads
2021-04-14 11:58:26,773 INFO Written out 26500000 reads
2021-04-14 11:58:40,388 INFO Written out 26600000 reads
2021-04-14 11:58:56,141 INFO Written out 26700000 reads
2021-04-14 11:58:58,841 INFO Parsed 32000000 input reads
2021-04-14 11:59:11,979 INFO Written out 26800000 reads
2021-04-14 11:59:25,872 INFO Written out 26900000 reads
2021-04-14 11:59:41,961 INFO Written out 27000000 reads
2021-04-14 11:59:59,927 INFO Written out 27100000 reads
2021-04-14 12:00:13,060 INFO Written out 27200000 reads
2021-04-14 12:00:36,801 INFO Written out 27300000 reads
2021-04-14 12:00:42,183 INFO Written out 27400000 reads
2021-04-14 12:00:57,918 INFO Written out 27500000 reads
2021-04-14 12:01:04,853 INFO Parsed 33000000 input reads
2021-04-14 12:01:13,859 INFO Written out 27600000 reads
2021-04-14 12:01:32,239 INFO Written out 27700000 reads
2021-04-14 12:01:50,644 INFO Written out 27800000 reads
2021-04-14 12:02:06,121 INFO Written out 27900000 reads
2021-04-14 12:02:21,400 INFO Written out 28000000 reads
2021-04-14 12:03:00,335 INFO Written out 28100000 reads
2021-04-14 12:03:18,436 INFO Written out 28200000 reads
2021-04-14 12:03:34,001 INFO Written out 28300000 reads
2021-04-14 12:03:49,259 INFO Parsed 34000000 input reads
2021-04-14 12:03:52,134 INFO Written out 28400000 reads
2021-04-14 12:04:07,824 INFO Written out 28500000 reads
2021-04-14 12:04:25,862 INFO Written out 28600000 reads
2021-04-14 12:04:41,189 INFO Written out 28700000 reads
2021-04-14 12:04:56,627 INFO Written out 28800000 reads
2021-04-14 12:05:11,928 INFO Written out 28900000 reads
2021-04-14 12:05:27,792 INFO Written out 29000000 reads
2021-04-14 12:05:43,669 INFO Written out 29100000 reads
2021-04-14 12:06:04,797 INFO Written out 29200000 reads
2021-04-14 12:06:05,581 INFO Parsed 35000000 input reads
2021-04-14 12:06:18,922 INFO Written out 29300000 reads
2021-04-14 12:06:39,099 INFO Written out 29400000 reads
2021-04-14 12:06:56,624 INFO Written out 29500000 reads
2021-04-14 12:07:17,465 INFO Written out 29600000 reads
2021-04-14 12:07:38,523 INFO Written out 29700000 reads
2021-04-14 12:07:46,753 INFO Written out 29800000 reads
2021-04-14 12:08:03,847 INFO Written out 29900000 reads
2021-04-14 12:08:21,373 INFO Written out 30000000 reads
2021-04-14 12:08:31,617 INFO Parsed 36000000 input reads
2021-04-14 12:08:41,281 INFO Written out 30100000 reads
2021-04-14 12:08:56,022 INFO Written out 30200000 reads
2021-04-14 12:09:13,513 INFO Written out 30300000 reads
2021-04-14 12:09:31,577 INFO Written out 30400000 reads
2021-04-14 12:09:46,816 INFO Written out 30500000 reads
2021-04-14 12:10:05,029 INFO Written out 30600000 reads
2021-04-14 12:10:47,606 INFO Written out 30700000 reads
2021-04-14 12:11:08,828 INFO Written out 30800000 reads
2021-04-14 12:11:26,264 INFO Parsed 37000000 input reads
2021-04-14 12:11:26,575 INFO Written out 30900000 reads
2021-04-14 12:11:47,439 INFO Written out 31000000 reads
2021-04-14 12:12:01,994 INFO Written out 31100000 reads
2021-04-14 12:12:25,704 INFO Written out 31200000 reads
2021-04-14 12:12:42,199 INFO Written out 31300000 reads
2021-04-14 12:13:03,981 INFO Written out 31400000 reads
2021-04-14 12:13:22,503 INFO Written out 31500000 reads
2021-04-14 12:13:41,376 INFO Written out 31600000 reads
2021-04-14 12:14:03,134 INFO Written out 31700000 reads
2021-04-14 12:14:10,178 INFO Parsed 38000000 input reads
2021-04-14 12:14:21,398 INFO Written out 31800000 reads
2021-04-14 12:14:40,459 INFO Written out 31900000 reads
2021-04-14 12:15:04,054 INFO Written out 32000000 reads
2021-04-14 12:15:23,080 INFO Written out 32100000 reads
2021-04-14 12:15:46,863 INFO Written out 32200000 reads
2021-04-14 12:16:07,625 INFO Written out 32300000 reads
2021-04-14 12:16:27,868 INFO Written out 32400000 reads
2021-04-14 12:16:52,371 INFO Written out 32500000 reads
2021-04-14 12:17:05,053 INFO Parsed 39000000 input reads
2021-04-14 12:17:13,113 INFO Written out 32600000 reads
2021-04-14 12:17:33,663 INFO Written out 32700000 reads
2021-04-14 12:17:54,392 INFO Written out 32800000 reads
2021-04-14 12:18:14,719 INFO Written out 32900000 reads
2021-04-14 12:18:35,209 INFO Written out 33000000 reads
2021-04-14 12:18:59,742 INFO Written out 33100000 reads
2021-04-14 12:19:20,638 INFO Written out 33200000 reads
2021-04-14 12:20:14,076 INFO Written out 33300000 reads
2021-04-14 12:20:33,553 INFO Parsed 40000000 input reads
2021-04-14 12:20:33,673 INFO Written out 33400000 reads
2021-04-14 12:20:56,934 INFO Written out 33500000 reads
2021-04-14 12:21:20,478 INFO Written out 33600000 reads
2021-04-14 12:21:40,750 INFO Written out 33700000 reads
2021-04-14 12:22:01,203 INFO Written out 33800000 reads
2021-04-14 12:22:28,710 INFO Written out 33900000 reads
2021-04-14 12:22:49,530 INFO Written out 34000000 reads
2021-04-14 12:23:10,212 INFO Written out 34100000 reads
2021-04-14 12:23:34,371 INFO Written out 34200000 reads
2021-04-14 12:23:42,426 INFO Parsed 41000000 input reads
2021-04-14 12:23:55,008 INFO Written out 34300000 reads
2021-04-14 12:24:15,926 INFO Written out 34400000 reads
2021-04-14 12:24:39,908 INFO Written out 34500000 reads
2021-04-14 12:25:04,603 INFO Written out 34600000 reads
2021-04-14 12:25:22,188 INFO Written out 34700000 reads
2021-04-14 12:25:47,492 INFO Written out 34800000 reads
2021-04-14 12:26:08,885 INFO Written out 34900000 reads
2021-04-14 12:26:49,413 INFO Written out 35000000 reads
2021-04-14 12:27:06,093 INFO Parsed 42000000 input reads
2021-04-14 12:27:18,131 INFO Written out 35100000 reads
2021-04-14 12:27:36,290 INFO Written out 35200000 reads
2021-04-14 12:28:08,955 INFO Written out 35300000 reads
2021-04-14 12:28:23,608 INFO Written out 35400000 reads
2021-04-14 12:28:45,626 INFO Written out 35500000 reads
2021-04-14 12:29:11,145 INFO Written out 35600000 reads
2021-04-14 12:29:33,133 INFO Written out 35700000 reads
2021-04-14 12:30:02,560 INFO Written out 35800000 reads
2021-04-14 12:30:20,951 INFO Written out 35900000 reads
2021-04-14 12:30:24,542 INFO Parsed 43000000 input reads
2021-04-14 12:30:46,577 INFO Written out 36000000 reads
2021-04-14 12:31:09,474 INFO Written out 36100000 reads
2021-04-14 12:31:36,044 INFO Written out 36200000 reads
2021-04-14 12:31:58,870 INFO Written out 36300000 reads
2021-04-14 12:32:25,872 INFO Written out 36400000 reads
2021-04-14 12:32:48,633 INFO Written out 36500000 reads
2021-04-14 12:33:11,510 INFO Written out 36600000 reads
2021-04-14 12:33:38,917 INFO Written out 36700000 reads
2021-04-14 12:33:48,240 INFO Parsed 44000000 input reads
2021-04-14 12:34:07,145 INFO Written out 36800000 reads
2021-04-14 12:34:26,336 INFO Written out 36900000 reads
2021-04-14 12:34:40,965 INFO Written out 37000000 reads
2021-04-14 12:35:08,660 INFO Written out 37100000 reads
2021-04-14 12:35:32,983 INFO Written out 37200000 reads
2021-04-14 12:36:01,098 INFO Written out 37300000 reads
2021-04-14 12:36:20,521 INFO Written out 37400000 reads
2021-04-14 12:37:08,199 INFO Written out 37500000 reads
2021-04-14 12:37:33,961 INFO Parsed 45000000 input reads
2021-04-14 12:37:34,668 INFO Written out 37600000 reads
2021-04-14 12:37:57,816 INFO Written out 37700000 reads
2021-04-14 12:38:20,879 INFO Written out 37800000 reads
2021-04-14 12:38:44,154 INFO Written out 37900000 reads
2021-04-14 12:39:11,667 INFO Written out 38000000 reads
2021-04-14 12:39:31,473 INFO Written out 38100000 reads
2021-04-14 12:39:59,434 INFO Written out 38200000 reads
2021-04-14 12:40:27,524 INFO Written out 38300000 reads
2021-04-14 12:40:51,343 INFO Written out 38400000 reads
2021-04-14 12:40:51,696 INFO Parsed 46000000 input reads
2021-04-14 12:41:15,533 INFO Written out 38500000 reads
2021-04-14 12:41:39,536 INFO Written out 38600000 reads
2021-04-14 12:42:07,837 INFO Written out 38700000 reads
2021-04-14 12:42:32,168 INFO Written out 38800000 reads
2021-04-14 12:43:19,142 INFO Written out 38900000 reads
2021-04-14 12:43:42,934 INFO Written out 39000000 reads
2021-04-14 12:44:11,005 INFO Written out 39100000 reads
2021-04-14 12:44:47,577 INFO Written out 39200000 reads
2021-04-14 12:44:48,555 INFO Parsed 47000000 input reads
2021-04-14 12:45:00,393 INFO Written out 39300000 reads
2021-04-14 12:45:29,222 INFO Written out 39400000 reads
2021-04-14 12:45:49,515 INFO Written out 39500000 reads
2021-04-14 12:46:27,417 INFO Written out 39600000 reads
2021-04-14 12:46:43,135 INFO Written out 39700000 reads
2021-04-14 12:47:07,818 INFO Written out 39800000 reads
2021-04-14 12:47:45,597 INFO Written out 39900000 reads
2021-04-14 12:48:02,644 INFO Written out 40000000 reads
2021-04-14 12:48:22,545 INFO Parsed 48000000 input reads
2021-04-14 12:48:27,850 INFO Written out 40100000 reads
2021-04-14 12:48:53,216 INFO Written out 40200000 reads
2021-04-14 12:49:27,781 INFO Written out 40300000 reads
2021-04-14 12:49:48,632 INFO Written out 40400000 reads
2021-04-14 12:50:18,614 INFO Written out 40500000 reads
2021-04-14 12:50:44,266 INFO Written out 40600000 reads
2021-04-14 12:51:09,372 INFO Written out 40700000 reads
2021-04-14 12:52:00,362 INFO Written out 40800000 reads
2021-04-14 12:52:20,025 INFO Written out 40900000 reads
2021-04-14 12:52:24,599 INFO Parsed 49000000 input reads
2021-04-14 12:52:44,109 INFO Written out 41000000 reads
2021-04-14 12:53:12,207 INFO Written out 41100000 reads
2021-04-14 12:53:40,510 INFO Written out 41200000 reads
2021-04-14 12:54:04,586 INFO Written out 41300000 reads
2021-04-14 12:54:33,788 INFO Written out 41400000 reads
2021-04-14 12:54:59,271 INFO Written out 41500000 reads
2021-04-14 12:55:24,967 INFO Written out 41600000 reads
2021-04-14 12:55:55,328 INFO Written out 41700000 reads
2021-04-14 12:56:06,052 INFO Parsed 50000000 input reads
2021-04-14 12:56:25,934 INFO Written out 41800000 reads
2021-04-14 12:56:52,135 INFO Written out 41900000 reads
2021-04-14 12:57:23,042 INFO Written out 42000000 reads
2021-04-14 12:57:49,795 INFO Written out 42100000 reads
2021-04-14 12:58:16,744 INFO Written out 42200000 reads
2021-04-14 12:58:48,682 INFO Written out 42300000 reads
2021-04-14 12:59:20,621 INFO Written out 42400000 reads
2021-04-14 12:59:57,268 INFO Written out 42500000 reads
2021-04-14 13:00:14,436 INFO Parsed 51000000 input reads
2021-04-14 13:00:19,710 INFO Written out 42600000 reads
2021-04-14 13:00:52,437 INFO Written out 42700000 reads
2021-04-14 13:01:24,694 INFO Written out 42800000 reads
2021-04-14 13:02:01,689 INFO Written out 42900000 reads
2021-04-14 13:02:24,275 INFO Written out 43000000 reads
2021-04-14 13:02:56,543 INFO Written out 43100000 reads
2021-04-14 13:03:55,665 INFO Written out 43200000 reads
2021-04-14 13:03:57,911 INFO Written out 43300000 reads
2021-04-14 13:04:05,619 INFO Written out 43400000 reads
2021-04-14 13:04:16,244 INFO Parsed 52000000 input reads
2021-04-14 13:04:38,908 INFO Written out 43500000 reads
2021-04-14 13:05:07,547 INFO Written out 43600000 reads
2021-04-14 13:05:41,399 INFO Written out 43700000 reads
2021-04-14 13:06:10,928 INFO Written out 43800000 reads
2021-04-14 13:06:40,030 INFO Written out 43900000 reads
2021-04-14 13:07:09,707 INFO Written out 44000000 reads
2021-04-14 13:07:44,366 INFO Written out 44100000 reads
2021-04-14 13:08:24,407 INFO Written out 44200000 reads
2021-04-14 13:09:11,889 INFO Parsed 53000000 input reads
2021-04-14 13:09:23,119 INFO Written out 44300000 reads
2021-04-14 13:09:54,827 INFO Written out 44400000 reads
2021-04-14 13:10:26,877 INFO Written out 44500000 reads
2021-04-14 13:10:54,486 INFO Written out 44600000 reads
2021-04-14 13:11:22,481 INFO Written out 44700000 reads
2021-04-14 13:11:50,195 INFO Written out 44800000 reads
2021-04-14 13:12:22,755 INFO Written out 44900000 reads
2021-04-14 13:12:55,365 INFO Written out 45000000 reads
2021-04-14 13:13:27,374 INFO Parsed 54000000 input reads
2021-04-14 13:13:27,713 INFO Written out 45100000 reads
2021-04-14 13:13:56,127 INFO Written out 45200000 reads
2021-04-14 13:14:29,467 INFO Written out 45300000 reads
2021-04-14 13:14:58,375 INFO Written out 45400000 reads
2021-04-14 13:15:31,751 INFO Written out 45500000 reads
2021-04-14 13:16:05,802 INFO Written out 45600000 reads
2021-04-14 13:16:29,934 INFO Written out 45700000 reads
2021-04-14 13:16:49,655 INFO Written out 45800000 reads
2021-04-14 13:17:14,887 INFO Written out 45900000 reads
2021-04-14 13:17:21,076 INFO Parsed 55000000 input reads
2021-04-14 13:17:44,844 INFO Written out 46000000 reads
2021-04-14 13:18:09,616 INFO Written out 46100000 reads
2021-04-14 13:19:17,826 INFO Written out 46200000 reads
2021-04-14 13:19:52,164 INFO Written out 46300000 reads
2021-04-14 13:19:54,609 INFO Written out 46400000 reads
2021-04-14 13:20:13,227 INFO Written out 46500000 reads
2021-04-14 13:20:36,747 INFO Written out 46600000 reads
2021-04-14 13:21:06,002 INFO Written out 46700000 reads
2021-04-14 13:21:17,830 INFO Parsed 56000000 input reads
2021-04-14 13:21:35,205 INFO Written out 46800000 reads
2021-04-14 13:22:09,432 INFO Written out 46900000 reads
2021-04-14 13:22:44,194 INFO Written out 47000000 reads
2021-04-14 13:23:19,232 INFO Written out 47100000 reads
2021-04-14 13:23:54,345 INFO Written out 47200000 reads
2021-04-14 13:24:29,860 INFO Written out 47300000 reads
2021-04-14 13:24:48,880 INFO Written out 47400000 reads
2021-04-14 13:25:24,509 INFO Written out 47500000 reads
2021-04-14 13:25:54,008 INFO Parsed 57000000 input reads
2021-04-14 13:26:00,176 INFO Written out 47600000 reads
2021-04-14 13:26:30,863 INFO Written out 47700000 reads
2021-04-14 13:27:07,293 INFO Written out 47800000 reads
2021-04-14 13:27:37,782 INFO Written out 47900000 reads
2021-04-14 13:28:13,888 INFO Written out 48000000 reads
2021-04-14 13:28:49,843 INFO Written out 48100000 reads
2021-04-14 13:29:37,762 INFO Written out 48200000 reads
2021-04-14 13:29:40,464 INFO Written out 48300000 reads
2021-04-14 13:29:49,518 INFO Written out 48400000 reads
2021-04-14 13:29:55,383 INFO Parsed 58000000 input reads
2021-04-14 13:30:25,187 INFO Written out 48500000 reads
2021-04-14 13:31:00,740 INFO Written out 48600000 reads
2021-04-14 13:31:30,773 INFO Written out 48700000 reads
2021-04-14 13:32:01,181 INFO Written out 48800000 reads
2021-04-14 13:32:36,863 INFO Written out 48900000 reads
2021-04-14 13:33:13,111 INFO Written out 49000000 reads
2021-04-14 13:33:38,229 INFO Written out 49100000 reads
2021-04-14 13:34:14,079 INFO Written out 49200000 reads
2021-04-14 13:34:26,631 INFO Parsed 59000000 input reads
2021-04-14 13:34:44,851 INFO Written out 49300000 reads
2021-04-14 13:35:15,960 INFO Written out 49400000 reads
2021-04-14 13:35:52,220 INFO Written out 49500000 reads
2021-04-14 13:36:28,274 INFO Written out 49600000 reads
2021-04-14 13:37:32,843 INFO Written out 49700000 reads
2021-04-14 13:38:01,231 INFO Written out 49800000 reads
2021-04-14 13:38:30,041 INFO Written out 49900000 reads
2021-04-14 13:39:03,936 INFO Written out 50000000 reads
2021-04-14 13:39:27,243 INFO Parsed 60000000 input reads
2021-04-14 13:39:33,098 INFO Written out 50100000 reads
2021-04-14 13:40:01,803 INFO Written out 50200000 reads
2021-04-14 13:40:38,729 INFO Written out 50300000 reads
2021-04-14 13:41:08,438 INFO Written out 50400000 reads
2021-04-14 13:41:44,696 INFO Written out 50500000 reads
2021-04-14 13:42:16,142 INFO Written out 50600000 reads
2021-04-14 13:42:47,707 INFO Written out 50700000 reads
2021-04-14 13:43:25,271 INFO Written out 50800000 reads
2021-04-14 13:43:57,241 INFO Written out 50900000 reads
2021-04-14 13:44:03,540 INFO Parsed 61000000 input reads
2021-04-14 13:44:34,803 INFO Written out 51000000 reads
2021-04-14 13:45:12,551 INFO Written out 51100000 reads
2021-04-14 13:45:45,203 INFO Written out 51200000 reads
2021-04-14 13:46:17,596 INFO Written out 51300000 reads
2021-04-14 13:46:55,536 INFO Written out 51400000 reads
2021-04-14 13:47:33,779 INFO Written out 51500000 reads
2021-04-14 13:48:06,612 INFO Written out 51600000 reads
2021-04-14 13:48:45,216 INFO Written out 51700000 reads
2021-04-14 13:48:58,973 INFO Parsed 62000000 input reads
2021-04-14 13:49:17,949 INFO Written out 51800000 reads
2021-04-14 13:49:50,624 INFO Written out 51900000 reads
2021-04-14 13:50:29,555 INFO Written out 52000000 reads
2021-04-14 13:51:00,802 INFO Written out 52100000 reads
2021-04-14 13:51:38,044 INFO Written out 52200000 reads
2021-04-14 13:52:33,313 INFO Written out 52300000 reads
2021-04-14 13:52:58,547 INFO Written out 52400000 reads
2021-04-14 13:53:34,625 INFO Written out 52500000 reads
2021-04-14 13:53:59,550 INFO Parsed 63000000 input reads
2021-04-14 13:54:11,266 INFO Written out 52600000 reads
2021-04-14 13:54:35,965 INFO Written out 52700000 reads
2021-04-14 13:55:06,592 INFO Written out 52800000 reads
2021-04-14 13:55:42,703 INFO Written out 52900000 reads
2021-04-14 13:56:13,693 INFO Written out 53000000 reads
2021-04-14 13:56:40,155 INFO Written out 53100000 reads
2021-04-14 13:57:05,975 INFO Written out 53200000 reads
2021-04-14 13:57:25,000 INFO Written out 53300000 reads
2021-04-14 13:57:43,972 INFO Written out 53400000 reads
2021-04-14 13:57:47,815 INFO Parsed 64000000 input reads
2021-04-14 13:58:03,526 INFO Written out 53500000 reads
2021-04-14 13:58:25,810 INFO Written out 53600000 reads
2021-04-14 13:58:48,171 INFO Written out 53700000 reads
2021-04-14 13:59:07,521 INFO Written out 53800000 reads
2021-04-14 13:59:30,063 INFO Written out 53900000 reads
2021-04-14 13:59:48,829 INFO Written out 54000000 reads
2021-04-14 14:00:08,045 INFO Written out 54100000 reads
2021-04-14 14:00:30,370 INFO Written out 54200000 reads
2021-04-14 14:00:41,803 INFO Parsed 65000000 input reads
2021-04-14 14:00:49,695 INFO Written out 54300000 reads
2021-04-14 14:01:12,201 INFO Written out 54400000 reads
2021-04-14 14:01:31,433 INFO Written out 54500000 reads
2021-04-14 14:01:50,770 INFO Written out 54600000 reads
2021-04-14 14:02:13,507 INFO Written out 54700000 reads
2021-04-14 14:02:32,957 INFO Written out 54800000 reads
2021-04-14 14:02:55,803 INFO Written out 54900000 reads
2021-04-14 14:03:15,345 INFO Written out 55000000 reads
2021-04-14 14:03:58,598 INFO Parsed 66000000 input reads
2021-04-14 14:03:58,790 INFO Written out 55100000 reads
2021-04-14 14:04:21,504 INFO Written out 55200000 reads
2021-04-14 14:04:37,201 INFO Written out 55300000 reads
2021-04-14 14:05:06,278 INFO Written out 55400000 reads
2021-04-14 14:05:22,010 INFO Written out 55500000 reads
2021-04-14 14:05:41,318 INFO Written out 55600000 reads
2021-04-14 14:06:03,939 INFO Written out 55700000 reads
2021-04-14 14:06:26,782 INFO Written out 55800000 reads
2021-04-14 14:06:46,087 INFO Written out 55900000 reads
2021-04-14 14:06:53,533 INFO Parsed 67000000 input reads
2021-04-14 14:07:08,935 INFO Written out 56000000 reads
2021-04-14 14:07:31,965 INFO Written out 56100000 reads
2021-04-14 14:07:54,797 INFO Written out 56200000 reads
2021-04-14 14:08:14,673 INFO Written out 56300000 reads
2021-04-14 14:08:37,785 INFO Written out 56400000 reads
2021-04-14 14:09:00,844 INFO Written out 56500000 reads
2021-04-14 14:09:20,691 INFO Written out 56600000 reads
2021-04-14 14:09:41,141 INFO Written out 56700000 reads
2021-04-14 14:09:57,085 INFO Parsed 68000000 input reads
2021-04-14 14:10:05,315 INFO Written out 56800000 reads
2021-04-14 14:10:26,278 INFO Written out 56900000 reads
2021-04-14 14:10:53,567 INFO Written out 57000000 reads
2021-04-14 14:11:06,725 INFO Written out 57100000 reads
2021-04-14 14:11:31,207 INFO Written out 57200000 reads
2021-04-14 14:11:52,093 INFO Written out 57300000 reads
2021-04-14 14:12:13,031 INFO Written out 57400000 reads
2021-04-14 14:12:40,148 INFO Written out 57500000 reads
2021-04-14 14:13:38,834 INFO Parsed 69000000 input reads
2021-04-14 14:13:38,877 INFO Written out 57600000 reads
2021-04-14 14:14:08,975 INFO Written out 57700000 reads
2021-04-14 14:14:39,741 INFO Written out 57800000 reads
2021-04-14 14:15:15,228 INFO Written out 57900000 reads
2021-04-14 14:15:46,009 INFO Written out 58000000 reads
2021-04-14 14:16:16,421 INFO Written out 58100000 reads
2021-04-14 14:16:47,397 INFO Written out 58200000 reads
2021-04-14 14:17:23,765 INFO Written out 58300000 reads
2021-04-14 14:18:00,878 INFO Written out 58400000 reads
2021-04-14 14:18:13,398 INFO Parsed 70000000 input reads
2021-04-14 14:18:38,186 INFO Written out 58500000 reads
2021-04-14 14:19:14,132 INFO Written out 58600000 reads
2021-04-14 14:19:44,164 INFO Written out 58700000 reads
2021-04-14 14:20:18,470 INFO Written out 58800000 reads
2021-04-14 14:20:47,141 INFO Written out 58900000 reads
2021-04-14 14:21:16,103 INFO Written out 59000000 reads
2021-04-14 14:21:51,276 INFO Written out 59100000 reads
2021-04-14 14:22:17,888 INFO Written out 59200000 reads
2021-04-14 14:22:44,426 INFO Parsed 71000000 input reads
2021-04-14 14:22:51,860 INFO Written out 59300000 reads
2021-04-14 14:23:26,679 INFO Written out 59400000 reads
2021-04-14 14:27:04,357 INFO Written out 59500000 reads
2021-04-14 14:27:07,101 INFO Written out 59600000 reads
2021-04-14 14:27:09,458 INFO Written out 59700000 reads
2021-04-14 14:27:11,774 INFO Written out 59800000 reads
2021-04-14 14:27:14,263 INFO Written out 59900000 reads
2021-04-14 14:27:16,608 INFO Written out 60000000 reads
2021-04-14 14:27:21,322 INFO Written out 60100000 reads
2021-04-14 14:27:21,369 INFO Parsed 72000000 input reads
2021-04-14 14:27:23,784 INFO Written out 60200000 reads
2021-04-14 14:27:26,761 INFO Written out 60300000 reads
2021-04-14 14:27:29,745 INFO Written out 60400000 reads
2021-04-14 14:27:35,017 INFO Written out 60500000 reads
2021-04-14 14:27:40,806 INFO Written out 60600000 reads
2021-04-14 14:27:45,126 INFO Written out 60700000 reads
2021-04-14 14:27:48,572 INFO Written out 60800000 reads
2021-04-14 14:27:56,196 INFO Written out 60900000 reads
2021-04-14 14:27:57,016 INFO Parsed 73000000 input reads
2021-04-14 14:27:59,963 INFO Written out 61000000 reads
2021-04-14 14:28:05,614 INFO Written out 61100000 reads
2021-04-14 14:28:10,300 INFO Written out 61200000 reads
2021-04-14 14:28:17,217 INFO Written out 61300000 reads
2021-04-14 14:28:21,223 INFO Written out 61400000 reads
2021-04-14 14:28:24,520 INFO Written out 61500000 reads
2021-04-14 14:28:27,715 INFO Written out 61600000 reads
2021-04-14 14:28:32,477 INFO Written out 61700000 reads
2021-04-14 14:28:34,019 INFO Parsed 74000000 input reads
2021-04-14 14:28:35,893 INFO Written out 61800000 reads
2021-04-14 14:28:39,342 INFO Written out 61900000 reads
2021-04-14 14:28:43,824 INFO Written out 62000000 reads
2021-04-14 14:28:46,852 INFO Written out 62100000 reads
2021-04-14 14:28:50,383 INFO Written out 62200000 reads
2021-04-14 14:28:54,713 INFO Written out 62300000 reads
2021-04-14 14:29:00,262 INFO Written out 62400000 reads
2021-04-14 14:29:03,752 INFO Written out 62500000 reads
2021-04-14 14:29:06,965 INFO Parsed 75000000 input reads
2021-04-14 14:29:08,265 INFO Written out 62600000 reads
2021-04-14 14:29:10,631 INFO Written out 62700000 reads
2021-04-14 14:29:12,954 INFO Written out 62800000 reads
2021-04-14 14:29:15,601 INFO Written out 62900000 reads
2021-04-14 14:29:17,875 INFO Written out 63000000 reads
2021-04-14 14:29:20,158 INFO Written out 63100000 reads
2021-04-14 14:29:24,125 INFO Written out 63200000 reads
2021-04-14 14:29:26,615 INFO Written out 63300000 reads
2021-04-14 14:29:29,153 INFO Parsed 76000000 input reads
2021-04-14 14:29:29,161 INFO Written out 63400000 reads
2021-04-14 14:30:10,848 INFO Written out 63500000 reads
2021-04-14 14:30:16,790 INFO Written out 63600000 reads
2021-04-14 14:30:22,281 INFO Written out 63700000 reads
2021-04-14 14:30:28,240 INFO Written out 63800000 reads
2021-04-14 14:30:48,318 INFO Written out 63900000 reads
2021-04-14 14:31:25,128 INFO Written out 64000000 reads
2021-04-14 14:31:58,367 INFO Written out 64100000 reads
2021-04-14 14:32:29,219 INFO Searching for mates for 0 unmatched alignments
2021-04-14 14:36:16,852 INFO 0 mates never found
2021-04-14 14:52:38,529 INFO Reads: Input Reads: 76933300, Read pairs: 76933300, Read 2 unmapped: 4720
2021-04-14 14:52:38,530 INFO Number of reads out: 64172888
2021-04-14 14:52:38,530 INFO Total number of positions deduplicated: 53158661
2021-04-14 14:52:38,530 INFO Mean number of unique UMIs per position: 1.21
2021-04-14 14:52:38,531 INFO Max. number of unique UMIs per position: 3046
# job finished in 13807 seconds at Wed Apr 14 14:52:38 2021 -- 13537.29 221.19  0.00  0.00 -- 30afb228-7924-4c24-8198-6448379c18fe
