# UMI-tools version: 1.1.1
# output generated by dedup -I 03_alignedData/bam/11_KB_B7Aligned.sortedByCoord.out.bam -L 04_dedupUmis/log/11_KB_B7.log -S 04_dedupUmis/bam/11_KB_B7.bam --umi-separator=: --temp-dir=. --paired --output-stats=04_dedupUmis/log/11_KB_B7
# job started at Wed Apr 14 11:02:30 2021 on r5-n38 -- b849f7f2-559a-4ed8-af93-4fa73fabf50d
# pid: 112821, system: Linux 3.10.0-1062.9.1.el7.x86_64 #1 SMP Mon Dec 2 08:31:54 EST 2019 x86_64
# assigned_tag                            : None
# cell_tag                                : None
# cell_tag_delim                          : None
# cell_tag_split                          : -
# chimeric_pairs                          : use
# chrom                                   : None
# compresslevel                           : 6
# detection_method                        : None
# filter_umi                              : None
# gene_tag                                : None
# gene_transcript_map                     : None
# get_umi_method                          : read_id
# ignore_tlen                             : False
# ignore_umi                              : False
# in_sam                                  : False
# log2stderr                              : False
# loglevel                                : 1
# mapping_quality                         : 0
# method                                  : directional
# no_sort_output                          : False
# out_sam                                 : False
# output_unmapped                         : False
# paired                                  : True
# per_cell                                : False
# per_contig                              : False
# per_gene                                : False
# random_seed                             : None
# read_length                             : False
# short_help                              : None
# skip_regex                              : ^(__|Unassigned)
# soft_clip_threshold                     : 4
# spliced                                 : False
# stats                                   : 04_dedupUmis/log/11_KB_B7
# stderr                                  : <_io.TextIOWrapper name='<stderr>' mode='w' encoding='UTF-8'>
# stdin                                   : <_io.TextIOWrapper name='03_alignedData/bam/11_KB_B7Aligned.sortedByCoord.out.bam' mode='r' encoding='UTF-8'>
# stdlog                                  : <_io.TextIOWrapper name='04_dedupUmis/log/11_KB_B7.log' mode='a' encoding='UTF-8'>
# stdout                                  : <_io.TextIOWrapper name='04_dedupUmis/bam/11_KB_B7.bam' mode='w' encoding='UTF-8'>
# subset                                  : None
# threshold                               : 1
# timeit_file                             : None
# timeit_header                           : None
# timeit_name                             : all
# tmpdir                                  : .
# umi_sep                                 : :
# umi_tag                                 : RX
# umi_tag_delim                           : None
# umi_tag_split                           : None
# umi_whitelist                           : None
# umi_whitelist_paired                    : None
# unmapped_reads                          : discard
# unpaired_reads                          : use
# whole_contig                            : False
2021-04-14 11:02:30,677 WARNING Chimeric read pairs are being used. Some read pair UMIs may be grouped/deduplicated using just the mapping coordinates from read1.This may also increase the run time and memory usage. Consider --chimeric-pairs==discard to discard these reads or --chimeric-pairs==output (group command only) to output them without grouping
2021-04-14 11:02:30,677 WARNING Unpaired read pairs are being used. Some read pair UMIs may be grouped/deduplicated using just the mapping coordinates from read1.This may also increase the run time and memory usage. Consider --unpared-reads==discard to discard these reads or --unpared-reads==output (group command only) to output them without grouping
2021-04-14 11:02:30,677 INFO command: dedup -I 03_alignedData/bam/11_KB_B7Aligned.sortedByCoord.out.bam -L 04_dedupUmis/log/11_KB_B7.log -S 04_dedupUmis/bam/11_KB_B7.bam --umi-separator=: --temp-dir=. --paired --output-stats=04_dedupUmis/log/11_KB_B7
2021-04-14 11:05:55,491 INFO total_umis 76846909
2021-04-14 11:05:55,493 INFO #umis 66040
2021-04-14 11:09:00,708 INFO Written out 100000 reads
2021-04-14 11:09:04,214 INFO Written out 200000 reads
2021-04-14 11:09:07,994 INFO Written out 300000 reads
2021-04-14 11:09:11,617 INFO Written out 400000 reads
2021-04-14 11:09:15,922 INFO Written out 500000 reads
2021-04-14 11:09:19,033 INFO Written out 600000 reads
2021-04-14 11:09:22,904 INFO Written out 700000 reads
2021-04-14 11:09:26,878 INFO Written out 800000 reads
2021-04-14 11:09:28,682 INFO Parsed 1000000 input reads
2021-04-14 11:09:31,057 INFO Written out 900000 reads
2021-04-14 11:09:35,047 INFO Written out 1000000 reads
2021-04-14 11:09:39,006 INFO Written out 1100000 reads
2021-04-14 11:09:43,161 INFO Written out 1200000 reads
2021-04-14 11:09:47,554 INFO Written out 1300000 reads
2021-04-14 11:09:51,714 INFO Written out 1400000 reads
2021-04-14 11:09:56,133 INFO Written out 1500000 reads
2021-04-14 11:10:00,466 INFO Written out 1600000 reads
2021-04-14 11:10:04,507 INFO Parsed 2000000 input reads
2021-04-14 11:10:04,979 INFO Written out 1700000 reads
2021-04-14 11:10:09,781 INFO Written out 1800000 reads
2021-04-14 11:10:14,635 INFO Written out 1900000 reads
2021-04-14 11:10:19,247 INFO Written out 2000000 reads
2021-04-14 11:10:24,207 INFO Written out 2100000 reads
2021-04-14 11:10:29,357 INFO Written out 2200000 reads
2021-04-14 11:10:33,967 INFO Written out 2300000 reads
2021-04-14 11:10:38,779 INFO Written out 2400000 reads
2021-04-14 11:10:43,526 INFO Written out 2500000 reads
2021-04-14 11:10:44,681 INFO Parsed 3000000 input reads
2021-04-14 11:11:06,013 INFO Written out 2600000 reads
2021-04-14 11:11:11,456 INFO Written out 2700000 reads
2021-04-14 11:11:14,969 INFO Written out 2800000 reads
2021-04-14 11:11:19,466 INFO Written out 2900000 reads
2021-04-14 11:11:24,014 INFO Written out 3000000 reads
2021-04-14 11:11:28,820 INFO Written out 3100000 reads
2021-04-14 11:11:33,562 INFO Written out 3200000 reads
2021-04-14 11:11:38,224 INFO Written out 3300000 reads
2021-04-14 11:11:41,453 INFO Parsed 4000000 input reads
2021-04-14 11:11:43,238 INFO Written out 3400000 reads
2021-04-14 11:11:47,728 INFO Written out 3500000 reads
2021-04-14 11:11:52,812 INFO Written out 3600000 reads
2021-04-14 11:11:58,045 INFO Written out 3700000 reads
2021-04-14 11:12:03,216 INFO Written out 3800000 reads
2021-04-14 11:12:07,394 INFO Written out 3900000 reads
2021-04-14 11:12:12,369 INFO Written out 4000000 reads
2021-04-14 11:12:17,846 INFO Written out 4100000 reads
2021-04-14 11:12:22,785 INFO Written out 4200000 reads
2021-04-14 11:12:22,916 INFO Parsed 5000000 input reads
2021-04-14 11:12:28,040 INFO Written out 4300000 reads
2021-04-14 11:12:33,724 INFO Written out 4400000 reads
2021-04-14 11:12:38,853 INFO Written out 4500000 reads
2021-04-14 11:12:43,780 INFO Written out 4600000 reads
2021-04-14 11:12:49,673 INFO Written out 4700000 reads
2021-04-14 11:12:57,852 INFO Written out 4800000 reads
2021-04-14 11:13:00,336 INFO Written out 4900000 reads
2021-04-14 11:13:22,134 INFO Written out 5000000 reads
2021-04-14 11:13:24,128 INFO Parsed 6000000 input reads
2021-04-14 11:13:27,580 INFO Written out 5100000 reads
2021-04-14 11:13:32,656 INFO Written out 5200000 reads
2021-04-14 11:13:37,579 INFO Written out 5300000 reads
2021-04-14 11:13:42,657 INFO Written out 5400000 reads
2021-04-14 11:13:47,940 INFO Written out 5500000 reads
2021-04-14 11:13:53,756 INFO Written out 5600000 reads
2021-04-14 11:13:58,905 INFO Written out 5700000 reads
2021-04-14 11:14:04,249 INFO Written out 5800000 reads
2021-04-14 11:14:08,676 INFO Parsed 7000000 input reads
2021-04-14 11:14:09,810 INFO Written out 5900000 reads
2021-04-14 11:14:15,834 INFO Written out 6000000 reads
2021-04-14 11:14:21,385 INFO Written out 6100000 reads
2021-04-14 11:14:27,521 INFO Written out 6200000 reads
2021-04-14 11:14:32,938 INFO Written out 6300000 reads
2021-04-14 11:14:38,670 INFO Written out 6400000 reads
2021-04-14 11:14:44,929 INFO Written out 6500000 reads
2021-04-14 11:14:51,225 INFO Written out 6600000 reads
2021-04-14 11:14:57,484 INFO Written out 6700000 reads
2021-04-14 11:14:58,921 INFO Parsed 8000000 input reads
2021-04-14 11:15:03,379 INFO Written out 6800000 reads
2021-04-14 11:15:09,372 INFO Written out 6900000 reads
2021-04-14 11:15:15,903 INFO Written out 7000000 reads
2021-04-14 11:15:21,940 INFO Written out 7100000 reads
2021-04-14 11:15:43,193 INFO Written out 7200000 reads
2021-04-14 11:15:48,831 INFO Written out 7300000 reads
2021-04-14 11:15:55,759 INFO Written out 7400000 reads
2021-04-14 11:16:01,264 INFO Written out 7500000 reads
2021-04-14 11:16:04,935 INFO Parsed 9000000 input reads
2021-04-14 11:16:07,075 INFO Written out 7600000 reads
2021-04-14 11:16:13,016 INFO Written out 7700000 reads
2021-04-14 11:16:19,011 INFO Written out 7800000 reads
2021-04-14 11:16:25,457 INFO Written out 7900000 reads
2021-04-14 11:16:31,997 INFO Written out 8000000 reads
2021-04-14 11:16:37,882 INFO Written out 8100000 reads
2021-04-14 11:16:44,174 INFO Written out 8200000 reads
2021-04-14 11:16:49,184 INFO Written out 8300000 reads
2021-04-14 11:16:55,344 INFO Written out 8400000 reads
2021-04-14 11:16:56,237 INFO Parsed 10000000 input reads
2021-04-14 11:17:02,256 INFO Written out 8500000 reads
2021-04-14 11:17:08,491 INFO Written out 8600000 reads
2021-04-14 11:17:15,388 INFO Written out 8700000 reads
2021-04-14 11:17:21,768 INFO Written out 8800000 reads
2021-04-14 11:17:28,327 INFO Written out 8900000 reads
2021-04-14 11:17:47,433 INFO Written out 9000000 reads
2021-04-14 11:17:54,059 INFO Written out 9100000 reads
2021-04-14 11:18:00,070 INFO Written out 9200000 reads
2021-04-14 11:18:02,874 INFO Parsed 11000000 input reads
2021-04-14 11:18:06,911 INFO Written out 9300000 reads
2021-04-14 11:18:13,227 INFO Written out 9400000 reads
2021-04-14 11:18:21,252 INFO Written out 9500000 reads
2021-04-14 11:18:25,125 INFO Written out 9600000 reads
2021-04-14 11:18:31,556 INFO Written out 9700000 reads
2021-04-14 11:18:38,018 INFO Written out 9800000 reads
2021-04-14 11:18:45,109 INFO Written out 9900000 reads
2021-04-14 11:18:51,636 INFO Written out 10000000 reads
2021-04-14 11:18:58,519 INFO Parsed 12000000 input reads
2021-04-14 11:18:58,900 INFO Written out 10100000 reads
2021-04-14 11:19:06,200 INFO Written out 10200000 reads
2021-04-14 11:19:12,826 INFO Written out 10300000 reads
2021-04-14 11:19:19,511 INFO Written out 10400000 reads
2021-04-14 11:19:27,026 INFO Written out 10500000 reads
2021-04-14 11:19:34,648 INFO Written out 10600000 reads
2021-04-14 11:19:41,517 INFO Written out 10700000 reads
2021-04-14 11:19:48,472 INFO Written out 10800000 reads
2021-04-14 11:19:55,478 INFO Written out 10900000 reads
2021-04-14 11:19:57,969 INFO Parsed 13000000 input reads
2021-04-14 11:20:04,069 INFO Written out 11000000 reads
2021-04-14 11:20:10,243 INFO Written out 11100000 reads
2021-04-14 11:20:32,220 INFO Written out 11200000 reads
2021-04-14 11:20:40,556 INFO Written out 11300000 reads
2021-04-14 11:20:47,056 INFO Written out 11400000 reads
2021-04-14 11:20:54,737 INFO Written out 11500000 reads
2021-04-14 11:21:01,399 INFO Written out 11600000 reads
2021-04-14 11:21:07,175 INFO Written out 11700000 reads
2021-04-14 11:21:12,405 INFO Parsed 14000000 input reads
2021-04-14 11:21:14,800 INFO Written out 11800000 reads
2021-04-14 11:21:21,758 INFO Written out 11900000 reads
2021-04-14 11:21:29,623 INFO Written out 12000000 reads
2021-04-14 11:21:38,368 INFO Written out 12100000 reads
2021-04-14 11:21:44,470 INFO Written out 12200000 reads
2021-04-14 11:21:51,680 INFO Written out 12300000 reads
2021-04-14 11:21:59,782 INFO Written out 12400000 reads
2021-04-14 11:22:07,926 INFO Written out 12500000 reads
2021-04-14 11:22:15,229 INFO Written out 12600000 reads
2021-04-14 11:22:16,472 INFO Parsed 15000000 input reads
2021-04-14 11:22:22,514 INFO Written out 12700000 reads
2021-04-14 11:22:30,587 INFO Written out 12800000 reads
2021-04-14 11:22:37,896 INFO Written out 12900000 reads
2021-04-14 11:22:46,371 INFO Written out 13000000 reads
2021-04-14 11:22:53,633 INFO Written out 13100000 reads
2021-04-14 11:23:00,330 INFO Written out 13200000 reads
2021-04-14 11:23:16,260 INFO Written out 13300000 reads
2021-04-14 11:23:18,138 INFO Written out 13400000 reads
2021-04-14 11:23:19,120 INFO Parsed 16000000 input reads
2021-04-14 11:23:19,973 INFO Written out 13500000 reads
2021-04-14 11:23:22,553 INFO Written out 13600000 reads
2021-04-14 11:23:30,546 INFO Written out 13700000 reads
2021-04-14 11:23:37,395 INFO Written out 13800000 reads
2021-04-14 11:23:46,606 INFO Written out 13900000 reads
2021-04-14 11:24:12,658 INFO Written out 14000000 reads
2021-04-14 11:24:20,023 INFO Written out 14100000 reads
2021-04-14 11:24:27,276 INFO Written out 14200000 reads
2021-04-14 11:24:34,459 INFO Parsed 17000000 input reads
2021-04-14 11:24:34,685 INFO Written out 14300000 reads
2021-04-14 11:24:42,927 INFO Written out 14400000 reads
2021-04-14 11:24:50,284 INFO Written out 14500000 reads
2021-04-14 11:24:58,621 INFO Written out 14600000 reads
2021-04-14 11:25:06,278 INFO Written out 14700000 reads
2021-04-14 11:25:14,896 INFO Written out 14800000 reads
2021-04-14 11:25:22,630 INFO Written out 14900000 reads
2021-04-14 11:25:31,319 INFO Written out 15000000 reads
2021-04-14 11:25:40,079 INFO Written out 15100000 reads
2021-04-14 11:25:42,162 INFO Parsed 18000000 input reads
2021-04-14 11:25:47,848 INFO Written out 15200000 reads
2021-04-14 11:25:56,632 INFO Written out 15300000 reads
2021-04-14 11:26:04,596 INFO Written out 15400000 reads
2021-04-14 11:26:12,611 INFO Written out 15500000 reads
2021-04-14 11:26:20,668 INFO Written out 15600000 reads
2021-04-14 11:26:29,763 INFO Written out 15700000 reads
2021-04-14 11:26:38,159 INFO Written out 15800000 reads
2021-04-14 11:26:48,828 INFO Written out 15900000 reads
2021-04-14 11:27:07,679 INFO Parsed 19000000 input reads
2021-04-14 11:27:09,337 INFO Written out 16000000 reads
2021-04-14 11:27:20,624 INFO Written out 16100000 reads
2021-04-14 11:27:26,351 INFO Written out 16200000 reads
2021-04-14 11:27:35,494 INFO Written out 16300000 reads
2021-04-14 11:27:42,485 INFO Written out 16400000 reads
2021-04-14 11:27:51,589 INFO Written out 16500000 reads
2021-04-14 11:27:59,821 INFO Written out 16600000 reads
2021-04-14 11:28:09,041 INFO Written out 16700000 reads
2021-04-14 11:28:17,356 INFO Written out 16800000 reads
2021-04-14 11:28:19,085 INFO Parsed 20000000 input reads
2021-04-14 11:28:25,734 INFO Written out 16900000 reads
2021-04-14 11:28:34,179 INFO Written out 17000000 reads
2021-04-14 11:28:42,481 INFO Written out 17100000 reads
2021-04-14 11:28:52,121 INFO Written out 17200000 reads
2021-04-14 11:29:02,955 INFO Written out 17300000 reads
2021-04-14 11:29:10,362 INFO Written out 17400000 reads
2021-04-14 11:29:20,196 INFO Written out 17500000 reads
2021-04-14 11:29:31,355 INFO Written out 17600000 reads
2021-04-14 11:29:35,106 INFO Parsed 21000000 input reads
2021-04-14 11:29:38,655 INFO Written out 17700000 reads
2021-04-14 11:29:47,587 INFO Written out 17800000 reads
2021-04-14 11:29:56,602 INFO Written out 17900000 reads
2021-04-14 11:30:06,710 INFO Written out 18000000 reads
2021-04-14 11:30:14,447 INFO Written out 18100000 reads
2021-04-14 11:30:24,589 INFO Written out 18200000 reads
2021-04-14 11:30:33,397 INFO Written out 18300000 reads
2021-04-14 11:30:42,561 INFO Written out 18400000 reads
2021-04-14 11:30:52,751 INFO Written out 18500000 reads
2021-04-14 11:30:52,935 INFO Parsed 22000000 input reads
2021-04-14 11:31:20,411 INFO Written out 18600000 reads
2021-04-14 11:31:29,175 INFO Written out 18700000 reads
2021-04-14 11:31:40,081 INFO Written out 18800000 reads
2021-04-14 11:31:48,993 INFO Written out 18900000 reads
2021-04-14 11:31:55,088 INFO Written out 19000000 reads
2021-04-14 11:32:03,950 INFO Written out 19100000 reads
2021-04-14 11:32:13,677 INFO Written out 19200000 reads
2021-04-14 11:32:22,511 INFO Written out 19300000 reads
2021-04-14 11:32:26,047 INFO Parsed 23000000 input reads
2021-04-14 11:32:31,293 INFO Written out 19400000 reads
2021-04-14 11:32:41,371 INFO Written out 19500000 reads
2021-04-14 11:32:50,396 INFO Written out 19600000 reads
2021-04-14 11:33:00,654 INFO Written out 19700000 reads
2021-04-14 11:33:12,673 INFO Written out 19800000 reads
2021-04-14 11:33:20,073 INFO Written out 19900000 reads
2021-04-14 11:33:29,257 INFO Written out 20000000 reads
2021-04-14 11:33:38,589 INFO Written out 20100000 reads
2021-04-14 11:33:47,632 INFO Parsed 24000000 input reads
2021-04-14 11:33:49,251 INFO Written out 20200000 reads
2021-04-14 11:33:58,840 INFO Written out 20300000 reads
2021-04-14 11:34:08,408 INFO Written out 20400000 reads
2021-04-14 11:34:19,242 INFO Written out 20500000 reads
2021-04-14 11:34:28,883 INFO Written out 20600000 reads
2021-04-14 11:34:54,796 INFO Written out 20700000 reads
2021-04-14 11:35:02,437 INFO Written out 20800000 reads
2021-04-14 11:35:11,690 INFO Written out 20900000 reads
2021-04-14 11:35:22,184 INFO Written out 21000000 reads
2021-04-14 11:35:24,195 INFO Parsed 25000000 input reads
2021-04-14 11:35:31,505 INFO Written out 21100000 reads
2021-04-14 11:35:42,139 INFO Written out 21200000 reads
2021-04-14 11:35:52,904 INFO Written out 21300000 reads
2021-04-14 11:36:02,407 INFO Written out 21400000 reads
2021-04-14 11:36:11,994 INFO Written out 21500000 reads
2021-04-14 11:36:21,571 INFO Written out 21600000 reads
2021-04-14 11:36:31,150 INFO Written out 21700000 reads
2021-04-14 11:36:42,242 INFO Written out 21800000 reads
2021-04-14 11:36:48,438 INFO Parsed 26000000 input reads
2021-04-14 11:36:52,085 INFO Written out 21900000 reads
2021-04-14 11:37:02,011 INFO Written out 22000000 reads
2021-04-14 11:37:13,379 INFO Written out 22100000 reads
2021-04-14 11:37:23,438 INFO Written out 22200000 reads
2021-04-14 11:37:33,409 INFO Written out 22300000 reads
2021-04-14 11:37:45,033 INFO Written out 22400000 reads
2021-04-14 11:38:08,839 INFO Written out 22500000 reads
2021-04-14 11:38:19,624 INFO Written out 22600000 reads
2021-04-14 11:38:30,691 INFO Written out 22700000 reads
2021-04-14 11:38:30,887 INFO Parsed 27000000 input reads
2021-04-14 11:38:40,417 INFO Written out 22800000 reads
2021-04-14 11:38:56,274 INFO Written out 22900000 reads
2021-04-14 11:39:00,142 INFO Written out 23000000 reads
2021-04-14 11:39:11,533 INFO Written out 23100000 reads
2021-04-14 11:39:18,289 INFO Written out 23200000 reads
2021-04-14 11:39:29,698 INFO Written out 23300000 reads
2021-04-14 11:39:41,078 INFO Written out 23400000 reads
2021-04-14 11:39:51,163 INFO Written out 23500000 reads
2021-04-14 11:39:56,813 INFO Parsed 28000000 input reads
2021-04-14 11:40:02,638 INFO Written out 23600000 reads
2021-04-14 11:40:12,960 INFO Written out 23700000 reads
2021-04-14 11:40:24,648 INFO Written out 23800000 reads
2021-04-14 11:40:35,022 INFO Written out 23900000 reads
2021-04-14 11:40:45,484 INFO Written out 24000000 reads
2021-04-14 11:41:02,689 INFO Written out 24100000 reads
2021-04-14 11:41:04,632 INFO Written out 24200000 reads
2021-04-14 11:41:06,582 INFO Written out 24300000 reads
2021-04-14 11:41:12,100 INFO Parsed 29000000 input reads
2021-04-14 11:41:15,800 INFO Written out 24400000 reads
2021-04-14 11:41:27,999 INFO Written out 24500000 reads
2021-04-14 11:41:38,588 INFO Written out 24600000 reads
2021-04-14 11:41:49,255 INFO Written out 24700000 reads
2021-04-14 11:42:01,581 INFO Written out 24800000 reads
2021-04-14 11:42:12,378 INFO Written out 24900000 reads
2021-04-14 11:42:23,418 INFO Written out 25000000 reads
2021-04-14 11:42:35,972 INFO Written out 25100000 reads
2021-04-14 11:42:47,058 INFO Written out 25200000 reads
2021-04-14 11:42:50,791 INFO Parsed 30000000 input reads
2021-04-14 11:43:00,129 INFO Written out 25300000 reads
2021-04-14 11:43:13,255 INFO Written out 25400000 reads
2021-04-14 11:43:20,978 INFO Written out 25500000 reads
2021-04-14 11:43:34,218 INFO Written out 25600000 reads
2021-04-14 11:44:08,044 INFO Written out 25700000 reads
2021-04-14 11:44:20,106 INFO Written out 25800000 reads
2021-04-14 11:44:30,703 INFO Written out 25900000 reads
2021-04-14 11:44:41,511 INFO Written out 26000000 reads
2021-04-14 11:44:47,927 INFO Parsed 31000000 input reads
2021-04-14 11:44:52,375 INFO Written out 26100000 reads
2021-04-14 11:45:04,780 INFO Written out 26200000 reads
2021-04-14 11:45:15,788 INFO Written out 26300000 reads
2021-04-14 11:45:32,044 INFO Written out 26400000 reads
2021-04-14 11:45:37,846 INFO Written out 26500000 reads
2021-04-14 11:45:49,111 INFO Written out 26600000 reads
2021-04-14 11:46:01,848 INFO Written out 26700000 reads
2021-04-14 11:46:12,994 INFO Written out 26800000 reads
2021-04-14 11:46:25,963 INFO Written out 26900000 reads
2021-04-14 11:46:25,965 INFO Parsed 32000000 input reads
2021-04-14 11:46:37,338 INFO Written out 27000000 reads
2021-04-14 11:46:50,313 INFO Written out 27100000 reads
2021-04-14 11:47:03,435 INFO Written out 27200000 reads
2021-04-14 11:47:16,632 INFO Written out 27300000 reads
2021-04-14 11:47:28,174 INFO Written out 27400000 reads
2021-04-14 11:47:39,811 INFO Written out 27500000 reads
2021-04-14 11:47:57,154 INFO Written out 27600000 reads
2021-04-14 11:48:04,797 INFO Written out 27700000 reads
2021-04-14 11:48:15,551 INFO Parsed 33000000 input reads
2021-04-14 11:48:16,653 INFO Written out 27800000 reads
2021-04-14 11:48:26,435 INFO Written out 27900000 reads
2021-04-14 11:48:38,371 INFO Written out 28000000 reads
2021-04-14 11:48:51,962 INFO Written out 28100000 reads
2021-04-14 11:49:03,954 INFO Written out 28200000 reads
2021-04-14 11:49:17,770 INFO Written out 28300000 reads
2021-04-14 11:49:31,651 INFO Written out 28400000 reads
2021-04-14 11:49:43,812 INFO Written out 28500000 reads
2021-04-14 11:49:53,360 INFO Parsed 34000000 input reads
2021-04-14 11:50:15,812 INFO Written out 28600000 reads
2021-04-14 11:50:29,026 INFO Written out 28700000 reads
2021-04-14 11:50:42,195 INFO Written out 28800000 reads
2021-04-14 11:50:53,854 INFO Written out 28900000 reads
2021-04-14 11:51:05,498 INFO Written out 29000000 reads
2021-04-14 11:51:18,899 INFO Written out 29100000 reads
2021-04-14 11:51:30,624 INFO Written out 29200000 reads
2021-04-14 11:51:44,159 INFO Written out 29300000 reads
2021-04-14 11:51:54,161 INFO Written out 29400000 reads
2021-04-14 11:51:56,477 INFO Parsed 35000000 input reads
2021-04-14 11:52:05,999 INFO Written out 29500000 reads
2021-04-14 11:52:19,826 INFO Written out 29600000 reads
2021-04-14 11:52:31,797 INFO Written out 29700000 reads
2021-04-14 11:52:45,617 INFO Written out 29800000 reads
2021-04-14 11:52:57,702 INFO Written out 29900000 reads
2021-04-14 11:53:11,787 INFO Written out 30000000 reads
2021-04-14 11:53:23,986 INFO Written out 30100000 reads
2021-04-14 11:53:42,062 INFO Written out 30200000 reads
2021-04-14 11:53:43,287 INFO Parsed 36000000 input reads
2021-04-14 11:53:43,935 INFO Written out 30300000 reads
2021-04-14 11:53:54,109 INFO Written out 30400000 reads
2021-04-14 11:54:06,498 INFO Written out 30500000 reads
2021-04-14 11:54:22,511 INFO Written out 30600000 reads
2021-04-14 11:54:29,228 INFO Written out 30700000 reads
2021-04-14 11:54:41,714 INFO Written out 30800000 reads
2021-04-14 11:54:54,289 INFO Written out 30900000 reads
2021-04-14 11:55:06,501 INFO Written out 31000000 reads
2021-04-14 11:55:17,328 INFO Written out 31100000 reads
2021-04-14 11:55:19,465 INFO Parsed 37000000 input reads
2021-04-14 11:55:31,669 INFO Written out 31200000 reads
2021-04-14 11:56:02,126 INFO Written out 31300000 reads
2021-04-14 11:56:14,033 INFO Written out 31400000 reads
2021-04-14 11:56:29,608 INFO Written out 31500000 reads
2021-04-14 11:56:39,536 INFO Written out 31600000 reads
2021-04-14 11:56:51,584 INFO Written out 31700000 reads
2021-04-14 11:57:07,521 INFO Written out 31800000 reads
2021-04-14 11:57:17,344 INFO Written out 31900000 reads
2021-04-14 11:57:24,133 INFO Parsed 38000000 input reads
2021-04-14 11:57:33,083 INFO Written out 32000000 reads
2021-04-14 11:57:43,145 INFO Written out 32100000 reads
2021-04-14 11:57:53,526 INFO Written out 32200000 reads
2021-04-14 11:58:07,534 INFO Written out 32300000 reads
2021-04-14 11:58:19,836 INFO Written out 32400000 reads
2021-04-14 11:58:33,992 INFO Written out 32500000 reads
2021-04-14 11:58:46,412 INFO Written out 32600000 reads
2021-04-14 11:59:07,081 INFO Written out 32700000 reads
2021-04-14 11:59:11,068 INFO Parsed 39000000 input reads
2021-04-14 11:59:11,311 INFO Written out 32800000 reads
2021-04-14 11:59:25,883 INFO Written out 32900000 reads
2021-04-14 11:59:38,548 INFO Written out 33000000 reads
2021-04-14 11:59:51,308 INFO Written out 33100000 reads
2021-04-14 12:00:06,081 INFO Written out 33200000 reads
2021-04-14 12:00:21,184 INFO Written out 33300000 reads
2021-04-14 12:00:29,582 INFO Written out 33400000 reads
2021-04-14 12:00:44,646 INFO Written out 33500000 reads
2021-04-14 12:00:57,604 INFO Written out 33600000 reads
2021-04-14 12:01:00,323 INFO Parsed 40000000 input reads
2021-04-14 12:01:12,683 INFO Written out 33700000 reads
2021-04-14 12:01:23,611 INFO Written out 33800000 reads
2021-04-14 12:01:57,996 INFO Written out 33900000 reads
2021-04-14 12:02:12,078 INFO Written out 34000000 reads
2021-04-14 12:02:24,183 INFO Written out 34100000 reads
2021-04-14 12:02:36,403 INFO Written out 34200000 reads
2021-04-14 12:02:50,372 INFO Written out 34300000 reads
2021-04-14 12:03:04,419 INFO Written out 34400000 reads
2021-04-14 12:03:09,918 INFO Parsed 41000000 input reads
2021-04-14 12:03:18,524 INFO Written out 34500000 reads
2021-04-14 12:03:28,650 INFO Written out 34600000 reads
2021-04-14 12:03:40,965 INFO Written out 34700000 reads
2021-04-14 12:03:57,083 INFO Written out 34800000 reads
2021-04-14 12:04:09,200 INFO Written out 34900000 reads
2021-04-14 12:04:21,644 INFO Written out 35000000 reads
2021-04-14 12:04:34,086 INFO Written out 35100000 reads
2021-04-14 12:04:48,407 INFO Written out 35200000 reads
2021-04-14 12:05:00,970 INFO Written out 35300000 reads
2021-04-14 12:05:01,189 INFO Parsed 42000000 input reads
2021-04-14 12:05:13,631 INFO Written out 35400000 reads
2021-04-14 12:05:28,138 INFO Written out 35500000 reads
2021-04-14 12:05:52,969 INFO Written out 35600000 reads
2021-04-14 12:06:06,130 INFO Written out 35700000 reads
2021-04-14 12:06:21,870 INFO Written out 35800000 reads
2021-04-14 12:06:37,296 INFO Written out 35900000 reads
2021-04-14 12:06:50,815 INFO Written out 36000000 reads
2021-04-14 12:07:06,460 INFO Written out 36100000 reads
2021-04-14 12:07:12,154 INFO Parsed 43000000 input reads
2021-04-14 12:07:21,950 INFO Written out 36200000 reads
2021-04-14 12:07:35,106 INFO Written out 36300000 reads
2021-04-14 12:07:48,305 INFO Written out 36400000 reads
2021-04-14 12:08:03,653 INFO Written out 36500000 reads
2021-04-14 12:08:17,175 INFO Written out 36600000 reads
2021-04-14 12:08:33,013 INFO Written out 36700000 reads
2021-04-14 12:08:46,772 INFO Written out 36800000 reads
2021-04-14 12:09:00,554 INFO Written out 36900000 reads
2021-04-14 12:09:16,599 INFO Parsed 44000000 input reads
2021-04-14 12:09:16,701 INFO Written out 37000000 reads
2021-04-14 12:09:32,943 INFO Written out 37100000 reads
2021-04-14 12:09:42,248 INFO Written out 37200000 reads
2021-04-14 12:09:58,378 INFO Written out 37300000 reads
2021-04-14 12:10:19,515 INFO Written out 37400000 reads
2021-04-14 12:10:29,072 INFO Written out 37500000 reads
2021-04-14 12:10:35,698 INFO Written out 37600000 reads
2021-04-14 12:10:52,215 INFO Written out 37700000 reads
2021-04-14 12:11:06,638 INFO Written out 37800000 reads
2021-04-14 12:11:10,080 INFO Parsed 45000000 input reads
2021-04-14 12:11:26,039 INFO Written out 37900000 reads
2021-04-14 12:11:32,526 INFO Written out 38000000 reads
2021-04-14 12:12:07,489 INFO Written out 38100000 reads
2021-04-14 12:12:21,493 INFO Written out 38200000 reads
2021-04-14 12:12:37,740 INFO Written out 38300000 reads
2021-04-14 12:12:51,715 INFO Written out 38400000 reads
2021-04-14 12:13:05,682 INFO Written out 38500000 reads
2021-04-14 12:13:19,731 INFO Written out 38600000 reads
2021-04-14 12:13:30,947 INFO Parsed 46000000 input reads
2021-04-14 12:13:33,989 INFO Written out 38700000 reads
2021-04-14 12:13:48,251 INFO Written out 38800000 reads
2021-04-14 12:14:04,708 INFO Written out 38900000 reads
2021-04-14 12:14:19,022 INFO Written out 39000000 reads
2021-04-14 12:14:33,409 INFO Written out 39100000 reads
2021-04-14 12:14:49,661 INFO Written out 39200000 reads
2021-04-14 12:15:06,097 INFO Written out 39300000 reads
2021-04-14 12:15:22,703 INFO Written out 39400000 reads
2021-04-14 12:15:34,669 INFO Written out 39500000 reads
2021-04-14 12:15:37,402 INFO Parsed 47000000 input reads
2021-04-14 12:16:06,770 INFO Written out 39600000 reads
2021-04-14 12:16:18,683 INFO Written out 39700000 reads
2021-04-14 12:16:32,930 INFO Written out 39800000 reads
2021-04-14 12:16:51,968 INFO Written out 39900000 reads
2021-04-14 12:17:03,808 INFO Written out 40000000 reads
2021-04-14 12:17:18,186 INFO Written out 40100000 reads
2021-04-14 12:17:32,970 INFO Written out 40200000 reads
2021-04-14 12:17:52,559 INFO Written out 40300000 reads
2021-04-14 12:17:53,811 INFO Parsed 48000000 input reads
2021-04-14 12:18:02,230 INFO Written out 40400000 reads
2021-04-14 12:18:16,674 INFO Written out 40500000 reads
2021-04-14 12:18:38,780 INFO Written out 40600000 reads
2021-04-14 12:18:48,608 INFO Written out 40700000 reads
2021-04-14 12:19:03,437 INFO Written out 40800000 reads
2021-04-14 12:19:18,360 INFO Written out 40900000 reads
2021-04-14 12:19:33,495 INFO Written out 41000000 reads
2021-04-14 12:19:48,451 INFO Written out 41100000 reads
2021-04-14 12:20:05,647 INFO Parsed 49000000 input reads
2021-04-14 12:20:05,691 INFO Written out 41200000 reads
2021-04-14 12:20:20,737 INFO Written out 41300000 reads
2021-04-14 12:20:40,712 INFO Written out 41400000 reads
2021-04-14 12:21:06,818 INFO Written out 41500000 reads
2021-04-14 12:21:21,517 INFO Written out 41600000 reads
2021-04-14 12:21:38,555 INFO Written out 41700000 reads
2021-04-14 12:21:53,317 INFO Written out 41800000 reads
2021-04-14 12:22:10,394 INFO Written out 41900000 reads
2021-04-14 12:22:27,650 INFO Written out 42000000 reads
2021-04-14 12:22:31,018 INFO Parsed 50000000 input reads
2021-04-14 12:22:42,389 INFO Written out 42100000 reads
2021-04-14 12:22:57,381 INFO Written out 42200000 reads
2021-04-14 12:23:12,138 INFO Written out 42300000 reads
2021-04-14 12:23:27,014 INFO Written out 42400000 reads
2021-04-14 12:23:44,500 INFO Written out 42500000 reads
2021-04-14 12:24:02,006 INFO Written out 42600000 reads
2021-04-14 12:24:19,568 INFO Written out 42700000 reads
2021-04-14 12:24:34,887 INFO Written out 42800000 reads
2021-04-14 12:24:47,160 INFO Parsed 51000000 input reads
2021-04-14 12:24:50,175 INFO Written out 42900000 reads
2021-04-14 12:25:08,181 INFO Written out 43000000 reads
2021-04-14 12:25:23,455 INFO Written out 43100000 reads
2021-04-14 12:25:41,613 INFO Written out 43200000 reads
2021-04-14 12:26:02,504 INFO Written out 43300000 reads
2021-04-14 12:26:17,925 INFO Written out 43400000 reads
2021-04-14 12:26:36,073 INFO Written out 43500000 reads
2021-04-14 12:26:51,888 INFO Written out 43600000 reads
2021-04-14 12:27:10,279 INFO Written out 43700000 reads
2021-04-14 12:27:13,597 INFO Parsed 52000000 input reads
2021-04-14 12:27:28,713 INFO Written out 43800000 reads
2021-04-14 12:27:44,775 INFO Written out 43900000 reads
2021-04-14 12:28:09,238 INFO Written out 44000000 reads
2021-04-14 12:28:10,991 INFO Written out 44100000 reads
2021-04-14 12:28:26,710 INFO Written out 44200000 reads
2021-04-14 12:28:48,164 INFO Written out 44300000 reads
2021-04-14 12:29:04,282 INFO Written out 44400000 reads
2021-04-14 12:29:17,547 INFO Written out 44500000 reads
2021-04-14 12:29:30,113 INFO Parsed 53000000 input reads
2021-04-14 12:29:33,646 INFO Written out 44600000 reads
2021-04-14 12:29:52,709 INFO Written out 44700000 reads
2021-04-14 12:30:11,590 INFO Written out 44800000 reads
2021-04-14 12:30:33,216 INFO Written out 44900000 reads
2021-04-14 12:31:12,909 INFO Written out 45000000 reads
2021-04-14 12:31:31,133 INFO Written out 45100000 reads
2021-04-14 12:31:46,763 INFO Written out 45200000 reads
2021-04-14 12:32:05,205 INFO Written out 45300000 reads
2021-04-14 12:32:21,095 INFO Written out 45400000 reads
2021-04-14 12:32:21,182 INFO Parsed 54000000 input reads
2021-04-14 12:32:39,521 INFO Written out 45500000 reads
2021-04-14 12:32:55,579 INFO Written out 45600000 reads
2021-04-14 12:33:14,125 INFO Written out 45700000 reads
2021-04-14 12:33:32,714 INFO Written out 45800000 reads
2021-04-14 12:33:48,760 INFO Written out 45900000 reads
2021-04-14 12:34:07,742 INFO Written out 46000000 reads
2021-04-14 12:34:23,860 INFO Written out 46100000 reads
2021-04-14 12:34:48,280 INFO Written out 46200000 reads
2021-04-14 12:34:49,064 INFO Parsed 55000000 input reads
2021-04-14 12:34:58,857 INFO Written out 46300000 reads
2021-04-14 12:35:15,192 INFO Written out 46400000 reads
2021-04-14 12:35:29,035 INFO Written out 46500000 reads
2021-04-14 12:35:42,869 INFO Written out 46600000 reads
2021-04-14 12:35:56,861 INFO Written out 46700000 reads
2021-04-14 12:36:10,887 INFO Written out 46800000 reads
2021-04-14 12:36:27,369 INFO Written out 46900000 reads
2021-04-14 12:37:12,712 INFO Written out 47000000 reads
2021-04-14 12:37:14,220 INFO Parsed 56000000 input reads
2021-04-14 12:37:14,608 INFO Written out 47100000 reads
2021-04-14 12:37:16,496 INFO Written out 47200000 reads
2021-04-14 12:37:19,476 INFO Written out 47300000 reads
2021-04-14 12:37:36,018 INFO Written out 47400000 reads
2021-04-14 12:37:52,537 INFO Written out 47500000 reads
2021-04-14 12:38:09,235 INFO Written out 47600000 reads
2021-04-14 12:38:28,502 INFO Written out 47700000 reads
2021-04-14 12:38:45,052 INFO Written out 47800000 reads
2021-04-14 12:39:04,455 INFO Written out 47900000 reads
2021-04-14 12:39:07,692 INFO Parsed 57000000 input reads
2021-04-14 12:39:23,899 INFO Written out 48000000 reads
2021-04-14 12:39:40,566 INFO Written out 48100000 reads
2021-04-14 12:39:57,243 INFO Written out 48200000 reads
2021-04-14 12:40:16,987 INFO Written out 48300000 reads
2021-04-14 12:40:33,865 INFO Written out 48400000 reads
2021-04-14 12:40:53,542 INFO Written out 48500000 reads
2021-04-14 12:41:13,418 INFO Written out 48600000 reads
2021-04-14 12:41:30,483 INFO Written out 48700000 reads
2021-04-14 12:41:46,632 INFO Parsed 58000000 input reads
2021-04-14 12:41:50,477 INFO Written out 48800000 reads
2021-04-14 12:42:07,746 INFO Written out 48900000 reads
2021-04-14 12:42:28,641 INFO Written out 49000000 reads
2021-04-14 12:42:31,258 INFO Written out 49100000 reads
2021-04-14 12:42:51,729 INFO Written out 49200000 reads
2021-04-14 12:43:12,166 INFO Written out 49300000 reads
2021-04-14 12:43:29,821 INFO Written out 49400000 reads
2021-04-14 12:43:47,549 INFO Written out 49500000 reads
2021-04-14 12:44:05,130 INFO Parsed 59000000 input reads
2021-04-14 12:44:08,223 INFO Written out 49600000 reads
2021-04-14 12:44:28,756 INFO Written out 49700000 reads
2021-04-14 12:44:46,526 INFO Written out 49800000 reads
2021-04-14 12:45:04,406 INFO Written out 49900000 reads
2021-04-14 12:45:22,470 INFO Written out 50000000 reads
2021-04-14 12:45:43,297 INFO Written out 50100000 reads
2021-04-14 12:46:01,227 INFO Written out 50200000 reads
2021-04-14 12:46:22,392 INFO Written out 50300000 reads
2021-04-14 12:46:43,478 INFO Written out 50400000 reads
2021-04-14 12:47:14,697 INFO Parsed 60000000 input reads
2021-04-14 12:47:27,958 INFO Written out 50500000 reads
2021-04-14 12:47:45,086 INFO Written out 50600000 reads
2021-04-14 12:48:05,221 INFO Written out 50700000 reads
2021-04-14 12:48:19,599 INFO Written out 50800000 reads
2021-04-14 12:48:39,951 INFO Written out 50900000 reads
2021-04-14 12:48:54,315 INFO Written out 51000000 reads
2021-04-14 12:49:14,357 INFO Written out 51100000 reads
2021-04-14 12:49:31,686 INFO Written out 51200000 reads
2021-04-14 12:49:45,479 INFO Parsed 61000000 input reads
2021-04-14 12:49:51,932 INFO Written out 51300000 reads
2021-04-14 12:50:12,206 INFO Written out 51400000 reads
2021-04-14 12:50:29,780 INFO Written out 51500000 reads
2021-04-14 12:50:47,499 INFO Written out 51600000 reads
2021-04-14 12:51:08,128 INFO Written out 51700000 reads
2021-04-14 12:51:28,975 INFO Written out 51800000 reads
2021-04-14 12:51:46,859 INFO Written out 51900000 reads
2021-04-14 12:52:04,867 INFO Written out 52000000 reads
2021-04-14 12:52:25,864 INFO Written out 52100000 reads
2021-04-14 12:52:29,549 INFO Parsed 62000000 input reads
2021-04-14 12:52:46,932 INFO Written out 52200000 reads
2021-04-14 12:53:05,011 INFO Written out 52300000 reads
2021-04-14 12:53:26,229 INFO Written out 52400000 reads
2021-04-14 12:53:44,440 INFO Written out 52500000 reads
2021-04-14 12:54:02,509 INFO Written out 52600000 reads
2021-04-14 12:54:20,807 INFO Written out 52700000 reads
2021-04-14 12:54:42,226 INFO Written out 52800000 reads
2021-04-14 12:55:00,716 INFO Written out 52900000 reads
2021-04-14 12:55:14,939 INFO Parsed 63000000 input reads
2021-04-14 12:55:25,253 INFO Written out 53000000 reads
2021-04-14 12:56:01,431 INFO Written out 53100000 reads
2021-04-14 12:56:13,507 INFO Written out 53200000 reads
2021-04-14 12:56:31,467 INFO Written out 53300000 reads
2021-04-14 12:56:52,563 INFO Written out 53400000 reads
2021-04-14 12:57:07,276 INFO Written out 53500000 reads
2021-04-14 12:57:28,069 INFO Written out 53600000 reads
2021-04-14 12:57:46,108 INFO Written out 53700000 reads
2021-04-14 12:58:07,082 INFO Parsed 64000000 input reads
2021-04-14 12:58:07,122 INFO Written out 53800000 reads
2021-04-14 12:58:28,185 INFO Written out 53900000 reads
2021-04-14 12:58:52,522 INFO Written out 54000000 reads
2021-04-14 12:59:13,620 INFO Written out 54100000 reads
2021-04-14 12:59:25,295 INFO Written out 54200000 reads
2021-04-14 12:59:43,663 INFO Written out 54300000 reads
2021-04-14 13:00:02,080 INFO Written out 54400000 reads
2021-04-14 13:00:23,709 INFO Written out 54500000 reads
2021-04-14 13:00:45,599 INFO Written out 54600000 reads
2021-04-14 13:00:53,260 INFO Parsed 65000000 input reads
2021-04-14 13:01:07,624 INFO Written out 54700000 reads
2021-04-14 13:01:25,847 INFO Written out 54800000 reads
2021-04-14 13:01:44,464 INFO Written out 54900000 reads
2021-04-14 13:02:06,420 INFO Written out 55000000 reads
2021-04-14 13:02:25,393 INFO Written out 55100000 reads
2021-04-14 13:02:50,886 INFO Written out 55200000 reads
2021-04-14 13:03:06,692 INFO Written out 55300000 reads
2021-04-14 13:03:28,838 INFO Written out 55400000 reads
2021-04-14 13:03:44,243 INFO Parsed 66000000 input reads
2021-04-14 13:03:47,955 INFO Written out 55500000 reads
2021-04-14 13:04:10,339 INFO Written out 55600000 reads
2021-04-14 13:04:32,915 INFO Written out 55700000 reads
2021-04-14 13:04:58,931 INFO Written out 55800000 reads
2021-04-14 13:05:14,319 INFO Written out 55900000 reads
2021-04-14 13:05:53,961 INFO Written out 56000000 reads
2021-04-14 13:06:13,024 INFO Written out 56100000 reads
2021-04-14 13:06:35,214 INFO Written out 56200000 reads
2021-04-14 13:06:54,013 INFO Written out 56300000 reads
2021-04-14 13:06:58,005 INFO Parsed 67000000 input reads
2021-04-14 13:07:16,367 INFO Written out 56400000 reads
2021-04-14 13:07:35,643 INFO Written out 56500000 reads
2021-04-14 13:07:58,058 INFO Written out 56600000 reads
2021-04-14 13:08:17,524 INFO Written out 56700000 reads
2021-04-14 13:08:39,879 INFO Written out 56800000 reads
2021-04-14 13:09:02,336 INFO Written out 56900000 reads
2021-04-14 13:09:25,276 INFO Written out 57000000 reads
2021-04-14 13:09:44,704 INFO Written out 57100000 reads
2021-04-14 13:09:59,926 INFO Parsed 68000000 input reads
2021-04-14 13:10:07,545 INFO Written out 57200000 reads
2021-04-14 13:10:30,274 INFO Written out 57300000 reads
2021-04-14 13:10:49,922 INFO Written out 57400000 reads
2021-04-14 13:11:12,790 INFO Written out 57500000 reads
2021-04-14 13:11:32,712 INFO Written out 57600000 reads
2021-04-14 13:11:52,549 INFO Written out 57700000 reads
2021-04-14 13:12:12,288 INFO Written out 57800000 reads
2021-04-14 13:12:32,575 INFO Written out 57900000 reads
2021-04-14 13:12:52,612 INFO Written out 58000000 reads
2021-04-14 13:12:52,936 INFO Parsed 69000000 input reads
2021-04-14 13:13:15,771 INFO Written out 58100000 reads
2021-04-14 13:13:35,633 INFO Written out 58200000 reads
2021-04-14 13:13:55,229 INFO Written out 58300000 reads
2021-04-14 13:14:18,234 INFO Written out 58400000 reads
2021-04-14 13:14:58,481 INFO Written out 58500000 reads
2021-04-14 13:15:17,664 INFO Written out 58600000 reads
2021-04-14 13:15:37,173 INFO Written out 58700000 reads
2021-04-14 13:15:59,866 INFO Written out 58800000 reads
2021-04-14 13:16:07,993 INFO Parsed 70000000 input reads
2021-04-14 13:16:19,469 INFO Written out 58900000 reads
2021-04-14 13:16:42,425 INFO Written out 59000000 reads
2021-04-14 13:17:01,915 INFO Written out 59100000 reads
2021-04-14 13:17:21,534 INFO Written out 59200000 reads
2021-04-14 13:17:44,639 INFO Written out 59300000 reads
2021-04-14 13:18:07,695 INFO Written out 59400000 reads
2021-04-14 13:18:27,480 INFO Written out 59500000 reads
2021-04-14 13:18:50,677 INFO Written out 59600000 reads
2021-04-14 13:19:10,248 INFO Parsed 71000000 input reads
2021-04-14 13:19:10,399 INFO Written out 59700000 reads
2021-04-14 13:19:30,420 INFO Written out 59800000 reads
2021-04-14 13:19:53,821 INFO Written out 59900000 reads
2021-04-14 13:20:17,113 INFO Written out 60000000 reads
2021-04-14 13:20:37,400 INFO Written out 60100000 reads
2021-04-14 13:21:01,405 INFO Written out 60200000 reads
2021-04-14 13:21:17,870 INFO Written out 60300000 reads
2021-04-14 13:23:23,451 INFO Written out 60400000 reads
2021-04-14 13:23:25,576 INFO Written out 60500000 reads
2021-04-14 13:23:26,129 INFO Parsed 72000000 input reads
2021-04-14 13:23:27,377 INFO Written out 60600000 reads
2021-04-14 13:23:29,167 INFO Written out 60700000 reads
2021-04-14 13:23:31,060 INFO Written out 60800000 reads
2021-04-14 13:23:33,927 INFO Written out 60900000 reads
2021-04-14 13:23:36,061 INFO Written out 61000000 reads
2021-04-14 13:23:38,260 INFO Written out 61100000 reads
2021-04-14 13:23:40,441 INFO Written out 61200000 reads
2021-04-14 13:23:44,248 INFO Written out 61300000 reads
2021-04-14 13:23:46,956 INFO Parsed 73000000 input reads
2021-04-14 13:23:47,912 INFO Written out 61400000 reads
2021-04-14 13:23:51,227 INFO Written out 61500000 reads
2021-04-14 13:23:56,078 INFO Written out 61600000 reads
2021-04-14 13:23:59,285 INFO Written out 61700000 reads
2021-04-14 13:24:03,042 INFO Written out 61800000 reads
2021-04-14 13:24:06,437 INFO Written out 61900000 reads
2021-04-14 13:24:10,736 INFO Written out 62000000 reads
2021-04-14 13:24:13,407 INFO Written out 62100000 reads
2021-04-14 13:24:15,219 INFO Parsed 74000000 input reads
2021-04-14 13:24:15,767 INFO Written out 62200000 reads
2021-04-14 13:24:18,840 INFO Written out 62300000 reads
2021-04-14 13:24:21,334 INFO Written out 62400000 reads
2021-04-14 13:24:23,692 INFO Written out 62500000 reads
2021-04-14 13:24:26,516 INFO Written out 62600000 reads
2021-04-14 13:24:29,002 INFO Written out 62700000 reads
2021-04-14 13:24:31,944 INFO Written out 62800000 reads
2021-04-14 13:24:35,932 INFO Written out 62900000 reads
2021-04-14 13:24:38,735 INFO Written out 63000000 reads
2021-04-14 13:24:38,897 INFO Parsed 75000000 input reads
2021-04-14 13:24:41,892 INFO Written out 63100000 reads
2021-04-14 13:24:43,773 INFO Written out 63200000 reads
2021-04-14 13:24:45,817 INFO Written out 63300000 reads
2021-04-14 13:24:47,622 INFO Written out 63400000 reads
2021-04-14 13:24:49,404 INFO Written out 63500000 reads
2021-04-14 13:24:51,948 INFO Written out 63600000 reads
2021-04-14 13:24:53,852 INFO Written out 63700000 reads
2021-04-14 13:24:55,715 INFO Written out 63800000 reads
2021-04-14 13:25:21,530 INFO Parsed 76000000 input reads
2021-04-14 13:25:24,123 INFO Written out 63900000 reads
2021-04-14 13:25:28,578 INFO Written out 64000000 reads
2021-04-14 13:25:33,110 INFO Written out 64100000 reads
2021-04-14 13:25:38,053 INFO Written out 64200000 reads
2021-04-14 13:26:05,862 INFO Written out 64300000 reads
2021-04-14 13:26:21,377 INFO Written out 64400000 reads
2021-04-14 13:26:49,015 INFO Written out 64500000 reads
2021-04-14 13:26:58,834 INFO Searching for mates for 0 unmatched alignments
2021-04-14 13:30:16,750 INFO 0 mates never found
2021-04-14 13:43:16,643 INFO Reads: Input Reads: 76846909, Read pairs: 76846909, Read 2 unmapped: 4444
2021-04-14 13:43:16,643 INFO Number of reads out: 64551278
2021-04-14 13:43:16,643 INFO Total number of positions deduplicated: 53653236
2021-04-14 13:43:16,643 INFO Mean number of unique UMIs per position: 1.21
2021-04-14 13:43:16,643 INFO Max. number of unique UMIs per position: 2824
# job finished in 9645 seconds at Wed Apr 14 13:43:16 2021 -- 9492.34 121.32  0.00  0.00 -- b849f7f2-559a-4ed8-af93-4fa73fabf50d
