# UMI-tools version: 1.1.1
# output generated by dedup -I 03_alignedData/bam/12_KB_B8Aligned.sortedByCoord.out.bam -L 04_dedupUmis/log/12_KB_B8.log -S 04_dedupUmis/bam/12_KB_B8.bam --umi-separator=: --temp-dir=. --paired --output-stats=04_dedupUmis/log/12_KB_B8
# job started at Wed Apr 14 11:02:30 2021 on r5-n43 -- 4bd33efb-bf25-4413-acd4-9c65e859844f
# pid: 132030, system: Linux 3.10.0-1062.9.1.el7.x86_64 #1 SMP Mon Dec 2 08:31:54 EST 2019 x86_64
# assigned_tag                            : None
# cell_tag                                : None
# cell_tag_delim                          : None
# cell_tag_split                          : -
# chimeric_pairs                          : use
# chrom                                   : None
# compresslevel                           : 6
# detection_method                        : None
# filter_umi                              : None
# gene_tag                                : None
# gene_transcript_map                     : None
# get_umi_method                          : read_id
# ignore_tlen                             : False
# ignore_umi                              : False
# in_sam                                  : False
# log2stderr                              : False
# loglevel                                : 1
# mapping_quality                         : 0
# method                                  : directional
# no_sort_output                          : False
# out_sam                                 : False
# output_unmapped                         : False
# paired                                  : True
# per_cell                                : False
# per_contig                              : False
# per_gene                                : False
# random_seed                             : None
# read_length                             : False
# short_help                              : None
# skip_regex                              : ^(__|Unassigned)
# soft_clip_threshold                     : 4
# spliced                                 : False
# stats                                   : 04_dedupUmis/log/12_KB_B8
# stderr                                  : <_io.TextIOWrapper name='<stderr>' mode='w' encoding='UTF-8'>
# stdin                                   : <_io.TextIOWrapper name='03_alignedData/bam/12_KB_B8Aligned.sortedByCoord.out.bam' mode='r' encoding='UTF-8'>
# stdlog                                  : <_io.TextIOWrapper name='04_dedupUmis/log/12_KB_B8.log' mode='a' encoding='UTF-8'>
# stdout                                  : <_io.TextIOWrapper name='04_dedupUmis/bam/12_KB_B8.bam' mode='w' encoding='UTF-8'>
# subset                                  : None
# threshold                               : 1
# timeit_file                             : None
# timeit_header                           : None
# timeit_name                             : all
# tmpdir                                  : .
# umi_sep                                 : :
# umi_tag                                 : RX
# umi_tag_delim                           : None
# umi_tag_split                           : None
# umi_whitelist                           : None
# umi_whitelist_paired                    : None
# unmapped_reads                          : discard
# unpaired_reads                          : use
# whole_contig                            : False
2021-04-14 11:02:30,679 WARNING Chimeric read pairs are being used. Some read pair UMIs may be grouped/deduplicated using just the mapping coordinates from read1.This may also increase the run time and memory usage. Consider --chimeric-pairs==discard to discard these reads or --chimeric-pairs==output (group command only) to output them without grouping
2021-04-14 11:02:30,680 WARNING Unpaired read pairs are being used. Some read pair UMIs may be grouped/deduplicated using just the mapping coordinates from read1.This may also increase the run time and memory usage. Consider --unpared-reads==discard to discard these reads or --unpared-reads==output (group command only) to output them without grouping
2021-04-14 11:02:30,680 INFO command: dedup -I 03_alignedData/bam/12_KB_B8Aligned.sortedByCoord.out.bam -L 04_dedupUmis/log/12_KB_B8.log -S 04_dedupUmis/bam/12_KB_B8.bam --umi-separator=: --temp-dir=. --paired --output-stats=04_dedupUmis/log/12_KB_B8
2021-04-14 11:07:38,656 INFO total_umis 83832084
2021-04-14 11:07:38,658 INFO #umis 66084
2021-04-14 11:11:21,944 INFO Written out 100000 reads
2021-04-14 11:11:26,680 INFO Written out 200000 reads
2021-04-14 11:11:31,458 INFO Written out 300000 reads
2021-04-14 11:11:36,819 INFO Written out 400000 reads
2021-04-14 11:11:41,319 INFO Written out 500000 reads
2021-04-14 11:11:46,613 INFO Written out 600000 reads
2021-04-14 11:11:51,236 INFO Written out 700000 reads
2021-04-14 11:11:56,205 INFO Written out 800000 reads
2021-04-14 11:11:57,806 INFO Parsed 1000000 input reads
2021-04-14 11:12:01,399 INFO Written out 900000 reads
2021-04-14 11:12:06,899 INFO Written out 1000000 reads
2021-04-14 11:12:12,084 INFO Written out 1100000 reads
2021-04-14 11:12:17,384 INFO Written out 1200000 reads
2021-04-14 11:12:22,811 INFO Written out 1300000 reads
2021-04-14 11:12:28,574 INFO Written out 1400000 reads
2021-04-14 11:12:34,204 INFO Written out 1500000 reads
2021-04-14 11:12:40,222 INFO Written out 1600000 reads
2021-04-14 11:12:44,249 INFO Parsed 2000000 input reads
2021-04-14 11:12:45,443 INFO Written out 1700000 reads
2021-04-14 11:12:51,766 INFO Written out 1800000 reads
2021-04-14 11:12:58,163 INFO Written out 1900000 reads
2021-04-14 11:13:04,065 INFO Written out 2000000 reads
2021-04-14 11:13:10,535 INFO Written out 2100000 reads
2021-04-14 11:13:17,015 INFO Written out 2200000 reads
2021-04-14 11:13:23,161 INFO Written out 2300000 reads
2021-04-14 11:13:29,732 INFO Written out 2400000 reads
2021-04-14 11:13:35,869 INFO Parsed 3000000 input reads
2021-04-14 11:13:36,128 INFO Written out 2500000 reads
2021-04-14 11:13:43,021 INFO Written out 2600000 reads
2021-04-14 11:13:49,234 INFO Written out 2700000 reads
2021-04-14 11:14:17,038 INFO Written out 2800000 reads
2021-04-14 11:14:22,164 INFO Written out 2900000 reads
2021-04-14 11:14:27,552 INFO Written out 3000000 reads
2021-04-14 11:14:32,809 INFO Written out 3100000 reads
2021-04-14 11:14:38,113 INFO Written out 3200000 reads
2021-04-14 11:14:43,726 INFO Written out 3300000 reads
2021-04-14 11:14:45,374 INFO Parsed 4000000 input reads
2021-04-14 11:14:49,162 INFO Written out 3400000 reads
2021-04-14 11:14:55,164 INFO Written out 3500000 reads
2021-04-14 11:15:01,251 INFO Written out 3600000 reads
2021-04-14 11:15:06,665 INFO Written out 3700000 reads
2021-04-14 11:15:12,807 INFO Written out 3800000 reads
2021-04-14 11:15:18,689 INFO Written out 3900000 reads
2021-04-14 11:15:24,485 INFO Written out 4000000 reads
2021-04-14 11:15:30,462 INFO Written out 4100000 reads
2021-04-14 11:15:33,586 INFO Parsed 5000000 input reads
2021-04-14 11:15:36,322 INFO Written out 4200000 reads
2021-04-14 11:15:43,142 INFO Written out 4300000 reads
2021-04-14 11:15:49,367 INFO Written out 4400000 reads
2021-04-14 11:15:56,257 INFO Written out 4500000 reads
2021-04-14 11:16:02,574 INFO Written out 4600000 reads
2021-04-14 11:16:09,147 INFO Written out 4700000 reads
2021-04-14 11:16:15,951 INFO Written out 4800000 reads
2021-04-14 11:16:22,150 INFO Written out 4900000 reads
2021-04-14 11:16:28,052 INFO Parsed 6000000 input reads
2021-04-14 11:16:29,357 INFO Written out 5000000 reads
2021-04-14 11:16:36,170 INFO Written out 5100000 reads
2021-04-14 11:16:45,010 INFO Written out 5200000 reads
2021-04-14 11:16:49,659 INFO Written out 5300000 reads
2021-04-14 11:17:17,364 INFO Written out 5400000 reads
2021-04-14 11:17:24,422 INFO Written out 5500000 reads
2021-04-14 11:17:31,696 INFO Written out 5600000 reads
2021-04-14 11:17:37,471 INFO Written out 5700000 reads
2021-04-14 11:17:44,839 INFO Written out 5800000 reads
2021-04-14 11:17:44,938 INFO Parsed 7000000 input reads
2021-04-14 11:17:51,406 INFO Written out 5900000 reads
2021-04-14 11:17:58,854 INFO Written out 6000000 reads
2021-04-14 11:18:05,718 INFO Written out 6100000 reads
2021-04-14 11:18:14,205 INFO Written out 6200000 reads
2021-04-14 11:18:19,437 INFO Written out 6300000 reads
2021-04-14 11:18:26,941 INFO Written out 6400000 reads
2021-04-14 11:18:34,531 INFO Written out 6500000 reads
2021-04-14 11:18:41,388 INFO Written out 6600000 reads
2021-04-14 11:18:44,001 INFO Parsed 8000000 input reads
2021-04-14 11:18:48,977 INFO Written out 6700000 reads
2021-04-14 11:18:55,074 INFO Written out 6800000 reads
2021-04-14 11:19:03,005 INFO Written out 6900000 reads
2021-04-14 11:19:10,727 INFO Written out 7000000 reads
2021-04-14 11:19:18,032 INFO Written out 7100000 reads
2021-04-14 11:19:25,466 INFO Written out 7200000 reads
2021-04-14 11:19:33,509 INFO Written out 7300000 reads
2021-04-14 11:19:41,604 INFO Written out 7400000 reads
2021-04-14 11:19:47,152 INFO Parsed 9000000 input reads
2021-04-14 11:19:49,124 INFO Written out 7500000 reads
2021-04-14 11:19:56,579 INFO Written out 7600000 reads
2021-04-14 11:20:05,774 INFO Written out 7700000 reads
2021-04-14 11:20:32,525 INFO Written out 7800000 reads
2021-04-14 11:20:40,001 INFO Written out 7900000 reads
2021-04-14 11:20:47,698 INFO Written out 8000000 reads
2021-04-14 11:20:55,335 INFO Written out 8100000 reads
2021-04-14 11:21:02,500 INFO Written out 8200000 reads
2021-04-14 11:21:10,374 INFO Parsed 10000000 input reads
2021-04-14 11:21:10,380 INFO Written out 8300000 reads
2021-04-14 11:21:17,241 INFO Written out 8400000 reads
2021-04-14 11:21:25,357 INFO Written out 8500000 reads
2021-04-14 11:21:33,456 INFO Written out 8600000 reads
2021-04-14 11:21:41,454 INFO Written out 8700000 reads
2021-04-14 11:21:48,757 INFO Written out 8800000 reads
2021-04-14 11:21:58,095 INFO Written out 8900000 reads
2021-04-14 11:22:02,049 INFO Written out 9000000 reads
2021-04-14 11:22:11,165 INFO Written out 9100000 reads
2021-04-14 11:22:12,235 INFO Parsed 11000000 input reads
2021-04-14 11:22:17,856 INFO Written out 9200000 reads
2021-04-14 11:22:26,398 INFO Written out 9300000 reads
2021-04-14 11:22:35,225 INFO Written out 9400000 reads
2021-04-14 11:22:42,247 INFO Written out 9500000 reads
2021-04-14 11:22:50,229 INFO Written out 9600000 reads
2021-04-14 11:22:58,423 INFO Written out 9700000 reads
2021-04-14 11:23:23,578 INFO Written out 9800000 reads
2021-04-14 11:23:31,085 INFO Written out 9900000 reads
2021-04-14 11:23:36,020 INFO Parsed 12000000 input reads
2021-04-14 11:23:38,141 INFO Written out 10000000 reads
2021-04-14 11:23:46,213 INFO Written out 10100000 reads
2021-04-14 11:23:54,269 INFO Written out 10200000 reads
2021-04-14 11:24:01,756 INFO Written out 10300000 reads
2021-04-14 11:24:08,393 INFO Written out 10400000 reads
2021-04-14 11:24:15,976 INFO Written out 10500000 reads
2021-04-14 11:24:24,650 INFO Written out 10600000 reads
2021-04-14 11:24:32,242 INFO Written out 10700000 reads
2021-04-14 11:24:40,653 INFO Parsed 13000000 input reads
2021-04-14 11:24:40,801 INFO Written out 10800000 reads
2021-04-14 11:24:48,658 INFO Written out 10900000 reads
2021-04-14 11:24:57,334 INFO Written out 11000000 reads
2021-04-14 11:25:05,909 INFO Written out 11100000 reads
2021-04-14 11:25:13,139 INFO Written out 11200000 reads
2021-04-14 11:25:20,489 INFO Written out 11300000 reads
2021-04-14 11:25:28,032 INFO Written out 11400000 reads
2021-04-14 11:25:36,285 INFO Written out 11500000 reads
2021-04-14 11:25:43,942 INFO Written out 11600000 reads
2021-04-14 11:25:47,697 INFO Parsed 14000000 input reads
2021-04-14 11:25:52,428 INFO Written out 11700000 reads
2021-04-14 11:26:00,242 INFO Written out 11800000 reads
2021-04-14 11:26:09,098 INFO Written out 11900000 reads
2021-04-14 11:26:15,907 INFO Written out 12000000 reads
2021-04-14 11:26:23,828 INFO Written out 12100000 reads
2021-04-14 11:26:49,506 INFO Written out 12200000 reads
2021-04-14 11:26:57,612 INFO Written out 12300000 reads
2021-04-14 11:27:05,923 INFO Written out 12400000 reads
2021-04-14 11:27:10,271 INFO Parsed 15000000 input reads
2021-04-14 11:27:13,443 INFO Written out 12500000 reads
2021-04-14 11:27:21,745 INFO Written out 12600000 reads
2021-04-14 11:27:28,364 INFO Written out 12700000 reads
2021-04-14 11:27:37,028 INFO Written out 12800000 reads
2021-04-14 11:27:44,701 INFO Written out 12900000 reads
2021-04-14 11:27:53,716 INFO Written out 13000000 reads
2021-04-14 11:28:02,909 INFO Written out 13100000 reads
2021-04-14 11:28:12,411 INFO Written out 13200000 reads
2021-04-14 11:28:17,679 INFO Parsed 16000000 input reads
2021-04-14 11:28:19,029 INFO Written out 13300000 reads
2021-04-14 11:28:27,226 INFO Written out 13400000 reads
2021-04-14 11:28:36,522 INFO Written out 13500000 reads
2021-04-14 11:28:45,817 INFO Written out 13600000 reads
2021-04-14 11:28:54,007 INFO Written out 13700000 reads
2021-04-14 11:29:03,140 INFO Written out 13800000 reads
2021-04-14 11:29:11,391 INFO Written out 13900000 reads
2021-04-14 11:29:20,617 INFO Written out 14000000 reads
2021-04-14 11:29:28,926 INFO Written out 14100000 reads
2021-04-14 11:29:31,528 INFO Parsed 17000000 input reads
2021-04-14 11:29:39,591 INFO Written out 14200000 reads
2021-04-14 11:29:43,396 INFO Written out 14300000 reads
2021-04-14 11:29:53,014 INFO Written out 14400000 reads
2021-04-14 11:30:12,132 INFO Written out 14500000 reads
2021-04-14 11:30:14,109 INFO Written out 14600000 reads
2021-04-14 11:30:16,028 INFO Written out 14700000 reads
2021-04-14 11:30:18,661 INFO Written out 14800000 reads
2021-04-14 11:30:27,863 INFO Written out 14900000 reads
2021-04-14 11:30:30,376 INFO Parsed 18000000 input reads
2021-04-14 11:30:34,198 INFO Written out 15000000 reads
2021-04-14 11:30:47,638 INFO Written out 15100000 reads
2021-04-14 11:30:51,507 INFO Written out 15200000 reads
2021-04-14 11:31:22,945 INFO Written out 15300000 reads
2021-04-14 11:31:31,563 INFO Written out 15400000 reads
2021-04-14 11:31:40,136 INFO Written out 15500000 reads
2021-04-14 11:31:48,782 INFO Written out 15600000 reads
2021-04-14 11:31:59,763 INFO Written out 15700000 reads
2021-04-14 11:32:06,396 INFO Parsed 19000000 input reads
2021-04-14 11:32:07,258 INFO Written out 15800000 reads
2021-04-14 11:32:17,125 INFO Written out 15900000 reads
2021-04-14 11:32:26,018 INFO Written out 16000000 reads
2021-04-14 11:32:36,134 INFO Written out 16100000 reads
2021-04-14 11:32:45,058 INFO Written out 16200000 reads
2021-04-14 11:32:55,196 INFO Written out 16300000 reads
2021-04-14 11:33:09,499 INFO Written out 16400000 reads
2021-04-14 11:33:15,787 INFO Written out 16500000 reads
2021-04-14 11:33:25,099 INFO Written out 16600000 reads
2021-04-14 11:33:25,160 INFO Parsed 20000000 input reads
2021-04-14 11:33:35,718 INFO Written out 16700000 reads
2021-04-14 11:33:48,340 INFO Written out 16800000 reads
2021-04-14 11:33:53,627 INFO Written out 16900000 reads
2021-04-14 11:34:03,263 INFO Written out 17000000 reads
2021-04-14 11:34:14,183 INFO Written out 17100000 reads
2021-04-14 11:34:24,100 INFO Written out 17200000 reads
2021-04-14 11:34:35,175 INFO Written out 17300000 reads
2021-04-14 11:35:00,624 INFO Written out 17400000 reads
2021-04-14 11:35:04,047 INFO Parsed 21000000 input reads
2021-04-14 11:35:10,963 INFO Written out 17500000 reads
2021-04-14 11:35:21,784 INFO Written out 17600000 reads
2021-04-14 11:35:30,313 INFO Written out 17700000 reads
2021-04-14 11:35:41,415 INFO Written out 17800000 reads
2021-04-14 11:35:51,210 INFO Written out 17900000 reads
2021-04-14 11:36:02,680 INFO Written out 18000000 reads
2021-04-14 11:36:12,582 INFO Written out 18100000 reads
2021-04-14 11:36:22,831 INFO Written out 18200000 reads
2021-04-14 11:36:30,180 INFO Parsed 22000000 input reads
2021-04-14 11:36:34,102 INFO Written out 18300000 reads
2021-04-14 11:36:44,504 INFO Written out 18400000 reads
2021-04-14 11:36:54,811 INFO Written out 18500000 reads
2021-04-14 11:37:06,393 INFO Written out 18600000 reads
2021-04-14 11:37:17,013 INFO Written out 18700000 reads
2021-04-14 11:37:28,930 INFO Written out 18800000 reads
2021-04-14 11:37:40,861 INFO Written out 18900000 reads
2021-04-14 11:37:54,163 INFO Written out 19000000 reads
2021-04-14 11:38:04,383 INFO Parsed 23000000 input reads
2021-04-14 11:38:04,467 INFO Written out 19100000 reads
2021-04-14 11:38:18,047 INFO Written out 19200000 reads
2021-04-14 11:38:25,323 INFO Written out 19300000 reads
2021-04-14 11:38:35,980 INFO Written out 19400000 reads
2021-04-14 11:38:46,660 INFO Written out 19500000 reads
2021-04-14 11:38:58,743 INFO Written out 19600000 reads
2021-04-14 11:39:09,542 INFO Written out 19700000 reads
2021-04-14 11:39:18,523 INFO Written out 19800000 reads
2021-04-14 11:39:30,731 INFO Written out 19900000 reads
2021-04-14 11:39:33,176 INFO Parsed 24000000 input reads
2021-04-14 11:39:41,740 INFO Written out 20000000 reads
2021-04-14 11:39:54,073 INFO Written out 20100000 reads
2021-04-14 11:40:05,048 INFO Written out 20200000 reads
2021-04-14 11:40:38,368 INFO Written out 20300000 reads
2021-04-14 11:40:48,593 INFO Written out 20400000 reads
2021-04-14 11:40:58,731 INFO Written out 20500000 reads
2021-04-14 11:41:08,993 INFO Written out 20600000 reads
2021-04-14 11:41:17,653 INFO Written out 20700000 reads
2021-04-14 11:41:23,779 INFO Parsed 25000000 input reads
2021-04-14 11:41:29,455 INFO Written out 20800000 reads
2021-04-14 11:41:39,759 INFO Written out 20900000 reads
2021-04-14 11:41:51,742 INFO Written out 21000000 reads
2021-04-14 11:42:02,084 INFO Written out 21100000 reads
2021-04-14 11:42:12,545 INFO Written out 21200000 reads
2021-04-14 11:42:24,748 INFO Written out 21300000 reads
2021-04-14 11:42:36,809 INFO Written out 21400000 reads
2021-04-14 11:42:48,960 INFO Written out 21500000 reads
2021-04-14 11:42:59,767 INFO Parsed 26000000 input reads
2021-04-14 11:42:59,992 INFO Written out 21600000 reads
2021-04-14 11:43:10,606 INFO Written out 21700000 reads
2021-04-14 11:43:22,969 INFO Written out 21800000 reads
2021-04-14 11:43:33,934 INFO Written out 21900000 reads
2021-04-14 11:43:46,406 INFO Written out 22000000 reads
2021-04-14 11:43:57,355 INFO Written out 22100000 reads
2021-04-14 11:44:08,509 INFO Written out 22200000 reads
2021-04-14 11:44:21,272 INFO Written out 22300000 reads
2021-04-14 11:44:32,430 INFO Written out 22400000 reads
2021-04-14 11:44:36,324 INFO Parsed 27000000 input reads
2021-04-14 11:45:00,927 INFO Written out 22500000 reads
2021-04-14 11:45:11,300 INFO Written out 22600000 reads
2021-04-14 11:45:23,611 INFO Written out 22700000 reads
2021-04-14 11:45:34,985 INFO Written out 22800000 reads
2021-04-14 11:45:47,656 INFO Written out 22900000 reads
2021-04-14 11:46:00,483 INFO Written out 23000000 reads
2021-04-14 11:46:11,850 INFO Written out 23100000 reads
2021-04-14 11:46:23,211 INFO Written out 23200000 reads
2021-04-14 11:46:29,433 INFO Parsed 28000000 input reads
2021-04-14 11:46:36,273 INFO Written out 23300000 reads
2021-04-14 11:46:47,870 INFO Written out 23400000 reads
2021-04-14 11:47:00,951 INFO Written out 23500000 reads
2021-04-14 11:47:12,590 INFO Written out 23600000 reads
2021-04-14 11:47:24,367 INFO Written out 23700000 reads
2021-04-14 11:47:37,872 INFO Written out 23800000 reads
2021-04-14 11:47:49,811 INFO Written out 23900000 reads
2021-04-14 11:48:03,198 INFO Written out 24000000 reads
2021-04-14 11:48:12,477 INFO Parsed 29000000 input reads
2021-04-14 11:48:15,040 INFO Written out 24100000 reads
2021-04-14 11:48:26,908 INFO Written out 24200000 reads
2021-04-14 11:48:42,184 INFO Written out 24300000 reads
2021-04-14 11:48:54,152 INFO Written out 24400000 reads
2021-04-14 11:49:24,801 INFO Written out 24500000 reads
2021-04-14 11:49:37,525 INFO Written out 24600000 reads
2021-04-14 11:49:48,893 INFO Written out 24700000 reads
2021-04-14 11:50:02,236 INFO Written out 24800000 reads
2021-04-14 11:50:15,783 INFO Written out 24900000 reads
2021-04-14 11:50:15,841 INFO Parsed 30000000 input reads
2021-04-14 11:50:27,101 INFO Written out 25000000 reads
2021-04-14 11:50:36,857 INFO Written out 25100000 reads
2021-04-14 11:50:50,486 INFO Written out 25200000 reads
2021-04-14 11:50:58,464 INFO Written out 25300000 reads
2021-04-14 11:51:11,602 INFO Written out 25400000 reads
2021-04-14 11:51:24,781 INFO Written out 25500000 reads
2021-04-14 11:51:36,246 INFO Written out 25600000 reads
2021-04-14 11:51:49,472 INFO Written out 25700000 reads
2021-04-14 11:51:54,108 INFO Parsed 31000000 input reads
2021-04-14 11:52:01,152 INFO Written out 25800000 reads
2021-04-14 11:52:12,974 INFO Written out 25900000 reads
2021-04-14 11:52:24,769 INFO Written out 26000000 reads
2021-04-14 11:52:38,307 INFO Written out 26100000 reads
2021-04-14 11:52:59,244 INFO Written out 26200000 reads
2021-04-14 11:53:01,207 INFO Written out 26300000 reads
2021-04-14 11:53:03,248 INFO Written out 26400000 reads
2021-04-14 11:53:11,926 INFO Written out 26500000 reads
2021-04-14 11:53:20,850 INFO Parsed 32000000 input reads
2021-04-14 11:53:25,595 INFO Written out 26600000 reads
2021-04-14 11:53:39,328 INFO Written out 26700000 reads
2021-04-14 11:53:55,232 INFO Written out 26800000 reads
2021-04-14 11:54:03,437 INFO Written out 26900000 reads
2021-04-14 11:54:15,440 INFO Written out 27000000 reads
2021-04-14 11:54:29,357 INFO Written out 27100000 reads
2021-04-14 11:54:41,661 INFO Written out 27200000 reads
2021-04-14 11:54:57,890 INFO Written out 27300000 reads
2021-04-14 11:55:08,051 INFO Parsed 33000000 input reads
2021-04-14 11:55:08,541 INFO Written out 27400000 reads
2021-04-14 11:55:23,016 INFO Written out 27500000 reads
2021-04-14 11:55:37,698 INFO Written out 27600000 reads
2021-04-14 11:55:46,479 INFO Written out 27700000 reads
2021-04-14 11:56:01,438 INFO Written out 27800000 reads
2021-04-14 11:56:41,949 INFO Written out 27900000 reads
2021-04-14 11:56:53,726 INFO Written out 28000000 reads
2021-04-14 11:57:05,675 INFO Written out 28100000 reads
2021-04-14 11:57:17,802 INFO Written out 28200000 reads
2021-04-14 11:57:20,022 INFO Parsed 34000000 input reads
2021-04-14 11:57:31,846 INFO Written out 28300000 reads
2021-04-14 11:57:44,123 INFO Written out 28400000 reads
2021-04-14 11:57:56,528 INFO Written out 28500000 reads
2021-04-14 11:58:10,721 INFO Written out 28600000 reads
2021-04-14 11:58:27,517 INFO Written out 28700000 reads
2021-04-14 11:58:35,632 INFO Written out 28800000 reads
2021-04-14 11:58:48,277 INFO Written out 28900000 reads
2021-04-14 11:59:02,542 INFO Written out 29000000 reads
2021-04-14 11:59:07,807 INFO Parsed 35000000 input reads
2021-04-14 11:59:15,083 INFO Written out 29100000 reads
2021-04-14 11:59:29,796 INFO Written out 29200000 reads
2021-04-14 11:59:42,545 INFO Written out 29300000 reads
2021-04-14 11:59:59,344 INFO Written out 29400000 reads
2021-04-14 12:00:12,190 INFO Written out 29500000 reads
2021-04-14 12:00:25,229 INFO Written out 29600000 reads
2021-04-14 12:00:40,154 INFO Written out 29700000 reads
2021-04-14 12:00:55,126 INFO Written out 29800000 reads
2021-04-14 12:01:05,442 INFO Parsed 36000000 input reads
2021-04-14 12:01:08,143 INFO Written out 29900000 reads
2021-04-14 12:01:23,343 INFO Written out 30000000 reads
2021-04-14 12:01:34,339 INFO Written out 30100000 reads
2021-04-14 12:01:54,072 INFO Written out 30200000 reads
2021-04-14 12:02:00,730 INFO Written out 30300000 reads
2021-04-14 12:02:14,086 INFO Written out 30400000 reads
2021-04-14 12:02:29,476 INFO Written out 30500000 reads
2021-04-14 12:02:45,112 INFO Written out 30600000 reads
2021-04-14 12:02:58,667 INFO Written out 30700000 reads
2021-04-14 12:03:00,964 INFO Parsed 37000000 input reads
2021-04-14 12:03:14,348 INFO Written out 30800000 reads
2021-04-14 12:03:27,896 INFO Written out 30900000 reads
2021-04-14 12:03:43,755 INFO Written out 31000000 reads
2021-04-14 12:04:20,842 INFO Written out 31100000 reads
2021-04-14 12:04:35,759 INFO Written out 31200000 reads
2021-04-14 12:04:50,674 INFO Written out 31300000 reads
2021-04-14 12:05:03,794 INFO Written out 31400000 reads
2021-04-14 12:05:18,854 INFO Written out 31500000 reads
2021-04-14 12:05:23,985 INFO Parsed 38000000 input reads
2021-04-14 12:05:32,017 INFO Written out 31600000 reads
2021-04-14 12:05:45,206 INFO Written out 31700000 reads
2021-04-14 12:06:00,464 INFO Written out 31800000 reads
2021-04-14 12:06:15,940 INFO Written out 31900000 reads
2021-04-14 12:06:24,597 INFO Written out 32000000 reads
2021-04-14 12:06:39,700 INFO Written out 32100000 reads
2021-04-14 12:06:54,811 INFO Written out 32200000 reads
2021-04-14 12:07:07,935 INFO Written out 32300000 reads
2021-04-14 12:07:18,146 INFO Parsed 39000000 input reads
2021-04-14 12:07:23,048 INFO Written out 32400000 reads
2021-04-14 12:07:36,334 INFO Written out 32500000 reads
2021-04-14 12:07:51,800 INFO Written out 32600000 reads
2021-04-14 12:08:05,286 INFO Written out 32700000 reads
2021-04-14 12:08:21,511 INFO Written out 32800000 reads
2021-04-14 12:08:23,513 INFO Written out 32900000 reads
2021-04-14 12:08:36,970 INFO Written out 33000000 reads
2021-04-14 12:08:52,806 INFO Written out 33100000 reads
2021-04-14 12:09:11,082 INFO Written out 33200000 reads
2021-04-14 12:09:11,149 INFO Parsed 40000000 input reads
2021-04-14 12:09:20,313 INFO Written out 33300000 reads
2021-04-14 12:09:34,151 INFO Written out 33400000 reads
2021-04-14 12:09:48,167 INFO Written out 33500000 reads
2021-04-14 12:10:06,744 INFO Written out 33600000 reads
2021-04-14 12:10:13,719 INFO Written out 33700000 reads
2021-04-14 12:10:29,885 INFO Written out 33800000 reads
2021-04-14 12:11:07,203 INFO Written out 33900000 reads
2021-04-14 12:11:20,468 INFO Written out 34000000 reads
2021-04-14 12:11:25,517 INFO Parsed 41000000 input reads
2021-04-14 12:11:35,896 INFO Written out 34100000 reads
2021-04-14 12:11:49,350 INFO Written out 34200000 reads
2021-04-14 12:12:02,683 INFO Written out 34300000 reads
2021-04-14 12:12:16,221 INFO Written out 34400000 reads
2021-04-14 12:12:36,394 INFO Written out 34500000 reads
2021-04-14 12:12:45,509 INFO Written out 34600000 reads
2021-04-14 12:13:01,316 INFO Written out 34700000 reads
2021-04-14 12:13:15,006 INFO Written out 34800000 reads
2021-04-14 12:13:23,207 INFO Parsed 42000000 input reads
2021-04-14 12:13:28,688 INFO Written out 34900000 reads
2021-04-14 12:13:42,699 INFO Written out 35000000 reads
2021-04-14 12:13:58,697 INFO Written out 35100000 reads
2021-04-14 12:14:15,000 INFO Written out 35200000 reads
2021-04-14 12:14:29,056 INFO Written out 35300000 reads
2021-04-14 12:14:43,237 INFO Written out 35400000 reads
2021-04-14 12:15:02,164 INFO Written out 35500000 reads
2021-04-14 12:15:11,746 INFO Written out 35600000 reads
2021-04-14 12:15:25,882 INFO Parsed 43000000 input reads
2021-04-14 12:15:28,308 INFO Written out 35700000 reads
2021-04-14 12:15:42,785 INFO Written out 35800000 reads
2021-04-14 12:15:57,292 INFO Written out 35900000 reads
2021-04-14 12:16:14,151 INFO Written out 36000000 reads
2021-04-14 12:16:36,025 INFO Written out 36100000 reads
2021-04-14 12:16:43,139 INFO Written out 36200000 reads
2021-04-14 12:16:57,812 INFO Written out 36300000 reads
2021-04-14 12:17:14,838 INFO Written out 36400000 reads
2021-04-14 12:17:31,949 INFO Written out 36500000 reads
2021-04-14 12:17:34,908 INFO Parsed 44000000 input reads
2021-04-14 12:17:46,810 INFO Written out 36600000 reads
2021-04-14 12:18:04,142 INFO Written out 36700000 reads
2021-04-14 12:18:42,761 INFO Written out 36800000 reads
2021-04-14 12:18:59,342 INFO Written out 36900000 reads
2021-04-14 12:19:16,282 INFO Written out 37000000 reads
2021-04-14 12:19:33,137 INFO Written out 37100000 reads
2021-04-14 12:19:47,864 INFO Written out 37200000 reads
2021-04-14 12:20:02,703 INFO Written out 37300000 reads
2021-04-14 12:20:11,092 INFO Parsed 45000000 input reads
2021-04-14 12:20:22,149 INFO Written out 37400000 reads
2021-04-14 12:20:37,018 INFO Written out 37500000 reads
2021-04-14 12:20:49,322 INFO Written out 37600000 reads
2021-04-14 12:21:06,701 INFO Written out 37700000 reads
2021-04-14 12:21:26,567 INFO Written out 37800000 reads
2021-04-14 12:21:41,603 INFO Written out 37900000 reads
2021-04-14 12:21:56,592 INFO Written out 38000000 reads
2021-04-14 12:22:11,903 INFO Written out 38100000 reads
2021-04-14 12:22:26,482 INFO Parsed 46000000 input reads
2021-04-14 12:22:29,517 INFO Written out 38200000 reads
2021-04-14 12:22:44,878 INFO Written out 38300000 reads
2021-04-14 12:23:02,655 INFO Written out 38400000 reads
2021-04-14 12:23:18,160 INFO Written out 38500000 reads
2021-04-14 12:23:49,036 INFO Written out 38600000 reads
2021-04-14 12:24:11,320 INFO Written out 38700000 reads
2021-04-14 12:24:23,864 INFO Written out 38800000 reads
2021-04-14 12:24:38,836 INFO Written out 38900000 reads
2021-04-14 12:24:54,055 INFO Written out 39000000 reads
2021-04-14 12:24:54,503 INFO Parsed 47000000 input reads
2021-04-14 12:25:09,430 INFO Written out 39100000 reads
2021-04-14 12:25:29,797 INFO Written out 39200000 reads
2021-04-14 12:25:45,168 INFO Written out 39300000 reads
2021-04-14 12:26:00,374 INFO Written out 39400000 reads
2021-04-14 12:26:20,950 INFO Written out 39500000 reads
2021-04-14 12:26:33,875 INFO Written out 39600000 reads
2021-04-14 12:26:49,577 INFO Written out 39700000 reads
2021-04-14 12:27:07,652 INFO Written out 39800000 reads
2021-04-14 12:27:13,924 INFO Parsed 48000000 input reads
2021-04-14 12:27:23,275 INFO Written out 39900000 reads
2021-04-14 12:27:39,050 INFO Written out 40000000 reads
2021-04-14 12:27:57,409 INFO Written out 40100000 reads
2021-04-14 12:28:18,272 INFO Written out 40200000 reads
2021-04-14 12:28:34,245 INFO Written out 40300000 reads
2021-04-14 12:28:47,426 INFO Written out 40400000 reads
2021-04-14 12:29:06,056 INFO Written out 40500000 reads
2021-04-14 12:29:22,163 INFO Written out 40600000 reads
2021-04-14 12:29:34,965 INFO Parsed 49000000 input reads
2021-04-14 12:29:49,892 INFO Written out 40700000 reads
2021-04-14 12:29:51,797 INFO Written out 40800000 reads
2021-04-14 12:30:05,122 INFO Written out 40900000 reads
2021-04-14 12:30:21,553 INFO Written out 41000000 reads
2021-04-14 12:30:38,080 INFO Written out 41100000 reads
2021-04-14 12:30:57,010 INFO Written out 41200000 reads
2021-04-14 12:31:10,600 INFO Written out 41300000 reads
2021-04-14 12:31:50,647 INFO Written out 41400000 reads
2021-04-14 12:32:11,672 INFO Written out 41500000 reads
2021-04-14 12:32:11,746 INFO Parsed 50000000 input reads
2021-04-14 12:32:24,591 INFO Written out 41600000 reads
2021-04-14 12:32:40,525 INFO Written out 41700000 reads
2021-04-14 12:32:56,406 INFO Written out 41800000 reads
2021-04-14 12:33:12,022 INFO Written out 41900000 reads
2021-04-14 12:33:27,729 INFO Written out 42000000 reads
2021-04-14 12:33:43,652 INFO Written out 42100000 reads
2021-04-14 12:34:02,017 INFO Written out 42200000 reads
2021-04-14 12:34:18,012 INFO Written out 42300000 reads
2021-04-14 12:34:24,223 INFO Parsed 51000000 input reads
2021-04-14 12:34:34,016 INFO Written out 42400000 reads
2021-04-14 12:34:50,642 INFO Written out 42500000 reads
2021-04-14 12:35:09,551 INFO Written out 42600000 reads
2021-04-14 12:35:28,465 INFO Written out 42700000 reads
2021-04-14 12:35:45,161 INFO Written out 42800000 reads
2021-04-14 12:36:04,100 INFO Written out 42900000 reads
2021-04-14 12:36:35,982 INFO Written out 43000000 reads
2021-04-14 12:36:52,168 INFO Written out 43100000 reads
2021-04-14 12:37:04,647 INFO Parsed 52000000 input reads
2021-04-14 12:37:11,088 INFO Written out 43200000 reads
2021-04-14 12:37:27,374 INFO Written out 43300000 reads
2021-04-14 12:37:46,373 INFO Written out 43400000 reads
2021-04-14 12:38:05,699 INFO Written out 43500000 reads
2021-04-14 12:38:21,917 INFO Written out 43600000 reads
2021-04-14 12:38:47,217 INFO Written out 43700000 reads
2021-04-14 12:38:52,200 INFO Written out 43800000 reads
2021-04-14 12:39:11,529 INFO Written out 43900000 reads
2021-04-14 12:39:28,148 INFO Parsed 53000000 input reads
2021-04-14 12:39:28,315 INFO Written out 44000000 reads
2021-04-14 12:39:47,677 INFO Written out 44100000 reads
2021-04-14 12:40:04,540 INFO Written out 44200000 reads
2021-04-14 12:40:24,010 INFO Written out 44300000 reads
2021-04-14 12:40:41,042 INFO Written out 44400000 reads
2021-04-14 12:40:58,162 INFO Written out 44500000 reads
2021-04-14 12:41:17,905 INFO Written out 44600000 reads
2021-04-14 12:41:34,994 INFO Written out 44700000 reads
2021-04-14 12:41:54,739 INFO Written out 44800000 reads
2021-04-14 12:41:58,582 INFO Parsed 54000000 input reads
2021-04-14 12:42:24,035 INFO Written out 44900000 reads
2021-04-14 12:42:26,190 INFO Written out 45000000 reads
2021-04-14 12:43:01,945 INFO Written out 45100000 reads
2021-04-14 12:43:21,502 INFO Written out 45200000 reads
2021-04-14 12:43:38,492 INFO Written out 45300000 reads
2021-04-14 12:43:57,872 INFO Written out 45400000 reads
2021-04-14 12:44:15,195 INFO Written out 45500000 reads
2021-04-14 12:44:38,577 INFO Written out 45600000 reads
2021-04-14 12:44:46,274 INFO Parsed 55000000 input reads
2021-04-14 12:44:53,506 INFO Written out 45700000 reads
2021-04-14 12:45:13,474 INFO Written out 45800000 reads
2021-04-14 12:45:30,922 INFO Written out 45900000 reads
2021-04-14 12:45:48,536 INFO Written out 46000000 reads
2021-04-14 12:46:09,775 INFO Written out 46100000 reads
2021-04-14 12:46:31,049 INFO Written out 46200000 reads
2021-04-14 12:46:52,436 INFO Written out 46300000 reads
2021-04-14 12:47:10,998 INFO Written out 46400000 reads
2021-04-14 12:47:29,202 INFO Parsed 56000000 input reads
2021-04-14 12:47:29,616 INFO Written out 46500000 reads
2021-04-14 12:47:54,166 INFO Written out 46600000 reads
2021-04-14 12:48:09,651 INFO Written out 46700000 reads
2021-04-14 12:48:31,389 INFO Written out 46800000 reads
2021-04-14 12:48:53,189 INFO Written out 46900000 reads
2021-04-14 12:49:15,180 INFO Written out 47000000 reads
2021-04-14 12:49:36,755 INFO Written out 47100000 reads
2021-04-14 12:49:58,632 INFO Written out 47200000 reads
2021-04-14 12:50:20,858 INFO Written out 47300000 reads
2021-04-14 12:50:24,633 INFO Parsed 57000000 input reads
2021-04-14 12:50:42,919 INFO Written out 47400000 reads
2021-04-14 12:51:02,061 INFO Written out 47500000 reads
2021-04-14 12:51:24,450 INFO Written out 47600000 reads
2021-04-14 12:51:43,339 INFO Written out 47700000 reads
2021-04-14 12:52:13,227 INFO Written out 47800000 reads
2021-04-14 12:52:15,333 INFO Written out 47900000 reads
2021-04-14 12:52:35,069 INFO Written out 48000000 reads
2021-04-14 12:53:05,302 INFO Written out 48100000 reads
2021-04-14 12:53:06,618 INFO Parsed 58000000 input reads
2021-04-14 12:53:14,982 INFO Written out 48200000 reads
2021-04-14 12:53:37,248 INFO Written out 48300000 reads
2021-04-14 12:53:56,708 INFO Written out 48400000 reads
2021-04-14 12:54:19,627 INFO Written out 48500000 reads
2021-04-14 12:54:43,531 INFO Written out 48600000 reads
2021-04-14 12:55:03,665 INFO Written out 48700000 reads
2021-04-14 12:55:37,768 INFO Written out 48800000 reads
2021-04-14 12:56:20,475 INFO Written out 48900000 reads
2021-04-14 12:56:39,026 INFO Parsed 59000000 input reads
2021-04-14 12:56:42,815 INFO Written out 49000000 reads
2021-04-14 12:57:02,162 INFO Written out 49100000 reads
2021-04-14 12:57:24,496 INFO Written out 49200000 reads
2021-04-14 12:57:46,824 INFO Written out 49300000 reads
2021-04-14 12:58:06,094 INFO Written out 49400000 reads
2021-04-14 12:58:25,508 INFO Written out 49500000 reads
2021-04-14 12:58:48,329 INFO Written out 49600000 reads
2021-04-14 12:59:14,458 INFO Written out 49700000 reads
2021-04-14 12:59:33,540 INFO Written out 49800000 reads
2021-04-14 12:59:37,226 INFO Parsed 60000000 input reads
2021-04-14 12:59:53,210 INFO Written out 49900000 reads
2021-04-14 13:00:19,655 INFO Written out 50000000 reads
2021-04-14 13:00:35,860 INFO Written out 50100000 reads
2021-04-14 13:00:59,100 INFO Written out 50200000 reads
2021-04-14 13:01:21,772 INFO Written out 50300000 reads
2021-04-14 13:01:41,430 INFO Written out 50400000 reads
2021-04-14 13:02:01,512 INFO Written out 50500000 reads
2021-04-14 13:02:18,493 INFO Written out 50600000 reads
2021-04-14 13:02:26,637 INFO Parsed 61000000 input reads
2021-04-14 13:02:35,550 INFO Written out 50700000 reads
2021-04-14 13:02:52,548 INFO Written out 50800000 reads
2021-04-14 13:03:09,730 INFO Written out 50900000 reads
2021-04-14 13:03:33,152 INFO Written out 51000000 reads
2021-04-14 13:03:53,527 INFO Written out 51100000 reads
2021-04-14 13:04:45,972 INFO Written out 51200000 reads
2021-04-14 13:04:48,162 INFO Written out 51300000 reads
2021-04-14 13:04:58,042 INFO Written out 51400000 reads
2021-04-14 13:05:09,932 INFO Parsed 62000000 input reads
2021-04-14 13:05:20,812 INFO Written out 51500000 reads
2021-04-14 13:05:37,253 INFO Written out 51600000 reads
2021-04-14 13:05:57,182 INFO Written out 51700000 reads
2021-04-14 13:06:20,581 INFO Written out 51800000 reads
2021-04-14 13:06:44,010 INFO Written out 51900000 reads
2021-04-14 13:07:04,169 INFO Written out 52000000 reads
2021-04-14 13:07:27,298 INFO Written out 52100000 reads
2021-04-14 13:07:50,732 INFO Written out 52200000 reads
2021-04-14 13:08:10,703 INFO Parsed 63000000 input reads
2021-04-14 13:08:10,819 INFO Written out 52300000 reads
2021-04-14 13:08:34,659 INFO Written out 52400000 reads
2021-04-14 13:08:58,590 INFO Written out 52500000 reads
2021-04-14 13:09:18,298 INFO Written out 52600000 reads
2021-04-14 13:09:41,224 INFO Written out 52700000 reads
2021-04-14 13:10:00,838 INFO Written out 52800000 reads
2021-04-14 13:10:23,642 INFO Written out 52900000 reads
2021-04-14 13:10:43,330 INFO Written out 53000000 reads
2021-04-14 13:11:09,466 INFO Written out 53100000 reads
2021-04-14 13:11:13,510 INFO Parsed 64000000 input reads
2021-04-14 13:11:40,181 INFO Written out 53200000 reads
2021-04-14 13:11:42,318 INFO Written out 53300000 reads
2021-04-14 13:12:05,467 INFO Written out 53400000 reads
2021-04-14 13:12:32,290 INFO Written out 53500000 reads
2021-04-14 13:12:48,343 INFO Written out 53600000 reads
2021-04-14 13:13:07,848 INFO Written out 53700000 reads
2021-04-14 13:13:27,534 INFO Written out 53800000 reads
2021-04-14 13:13:53,992 INFO Written out 53900000 reads
2021-04-14 13:14:05,630 INFO Parsed 65000000 input reads
2021-04-14 13:14:14,089 INFO Written out 54000000 reads
2021-04-14 13:14:34,717 INFO Written out 54100000 reads
2021-04-14 13:14:55,337 INFO Written out 54200000 reads
2021-04-14 13:15:19,504 INFO Written out 54300000 reads
2021-04-14 13:15:40,265 INFO Written out 54400000 reads
2021-04-14 13:16:08,343 INFO Written out 54500000 reads
2021-04-14 13:16:29,246 INFO Written out 54600000 reads
2021-04-14 13:16:50,340 INFO Written out 54700000 reads
2021-04-14 13:17:38,573 INFO Parsed 66000000 input reads
2021-04-14 13:17:42,607 INFO Written out 54800000 reads
2021-04-14 13:18:02,491 INFO Written out 54900000 reads
2021-04-14 13:18:25,561 INFO Written out 55000000 reads
2021-04-14 13:18:45,528 INFO Written out 55100000 reads
2021-04-14 13:19:05,615 INFO Written out 55200000 reads
2021-04-14 13:19:29,169 INFO Written out 55300000 reads
2021-04-14 13:19:49,343 INFO Written out 55400000 reads
2021-04-14 13:20:13,091 INFO Written out 55500000 reads
2021-04-14 13:20:33,261 INFO Written out 55600000 reads
2021-04-14 13:20:37,186 INFO Parsed 67000000 input reads
2021-04-14 13:20:54,018 INFO Written out 55700000 reads
2021-04-14 13:21:18,614 INFO Written out 55800000 reads
2021-04-14 13:21:43,162 INFO Written out 55900000 reads
2021-04-14 13:22:04,472 INFO Written out 56000000 reads
2021-04-14 13:22:29,304 INFO Written out 56100000 reads
2021-04-14 13:22:50,463 INFO Written out 56200000 reads
2021-04-14 13:23:15,198 INFO Written out 56300000 reads
2021-04-14 13:23:36,341 INFO Written out 56400000 reads
2021-04-14 13:23:48,604 INFO Parsed 68000000 input reads
2021-04-14 13:23:57,545 INFO Written out 56500000 reads
2021-04-14 13:24:22,472 INFO Written out 56600000 reads
2021-04-14 13:24:47,422 INFO Written out 56700000 reads
2021-04-14 13:25:08,814 INFO Written out 56800000 reads
2021-04-14 13:25:30,545 INFO Written out 56900000 reads
2021-04-14 13:25:56,383 INFO Written out 57000000 reads
2021-04-14 13:26:26,399 INFO Written out 57100000 reads
2021-04-14 13:26:44,354 INFO Written out 57200000 reads
2021-04-14 13:27:02,278 INFO Parsed 69000000 input reads
2021-04-14 13:27:10,658 INFO Written out 57300000 reads
2021-04-14 13:27:29,261 INFO Written out 57400000 reads
2021-04-14 13:27:51,986 INFO Written out 57500000 reads
2021-04-14 13:28:55,830 INFO Written out 57600000 reads
2021-04-14 13:29:02,157 INFO Written out 57700000 reads
2021-04-14 13:29:22,759 INFO Written out 57800000 reads
2021-04-14 13:29:47,194 INFO Written out 57900000 reads
2021-04-14 13:30:07,972 INFO Written out 58000000 reads
2021-04-14 13:30:28,558 INFO Written out 58100000 reads
2021-04-14 13:30:28,761 INFO Parsed 70000000 input reads
2021-04-14 13:30:49,304 INFO Written out 58200000 reads
2021-04-14 13:31:13,427 INFO Written out 58300000 reads
2021-04-14 13:31:34,297 INFO Written out 58400000 reads
2021-04-14 13:31:58,792 INFO Written out 58500000 reads
2021-04-14 13:32:27,409 INFO Written out 58600000 reads
2021-04-14 13:32:45,393 INFO Written out 58700000 reads
2021-04-14 13:33:10,451 INFO Written out 58800000 reads
2021-04-14 13:33:32,178 INFO Written out 58900000 reads
2021-04-14 13:33:40,838 INFO Parsed 71000000 input reads
2021-04-14 13:33:53,971 INFO Written out 59000000 reads
2021-04-14 13:34:19,523 INFO Written out 59100000 reads
2021-04-14 13:34:45,001 INFO Written out 59200000 reads
2021-04-14 13:35:10,424 INFO Written out 59300000 reads
2021-04-14 13:35:32,120 INFO Written out 59400000 reads
2021-04-14 13:35:57,570 INFO Written out 59500000 reads
2021-04-14 13:36:19,617 INFO Written out 59600000 reads
2021-04-14 13:36:45,291 INFO Written out 59700000 reads
2021-04-14 13:37:02,530 INFO Parsed 72000000 input reads
2021-04-14 13:37:07,310 INFO Written out 59800000 reads
2021-04-14 13:37:33,014 INFO Written out 59900000 reads
2021-04-14 13:37:55,376 INFO Written out 60000000 reads
2021-04-14 13:38:21,591 INFO Written out 60100000 reads
2021-04-14 13:38:44,146 INFO Written out 60200000 reads
2021-04-14 13:39:06,780 INFO Written out 60300000 reads
2021-04-14 13:39:37,054 INFO Written out 60400000 reads
2021-04-14 13:40:00,100 INFO Written out 60500000 reads
2021-04-14 13:40:31,182 INFO Written out 60600000 reads
2021-04-14 13:40:31,224 INFO Parsed 73000000 input reads
2021-04-14 13:40:50,104 INFO Written out 60700000 reads
2021-04-14 13:41:41,018 INFO Written out 60800000 reads
2021-04-14 13:42:06,927 INFO Written out 60900000 reads
2021-04-14 13:42:29,075 INFO Written out 61000000 reads
2021-04-14 13:42:51,373 INFO Written out 61100000 reads
2021-04-14 13:43:17,705 INFO Written out 61200000 reads
2021-04-14 13:43:39,938 INFO Written out 61300000 reads
2021-04-14 13:44:06,027 INFO Written out 61400000 reads
2021-04-14 13:44:14,747 INFO Parsed 74000000 input reads
2021-04-14 13:44:32,238 INFO Written out 61500000 reads
2021-04-14 13:44:50,664 INFO Written out 61600000 reads
2021-04-14 13:45:16,997 INFO Written out 61700000 reads
2021-04-14 13:45:47,211 INFO Written out 61800000 reads
2021-04-14 13:46:09,612 INFO Written out 61900000 reads
2021-04-14 13:46:36,153 INFO Written out 62000000 reads
2021-04-14 13:46:59,201 INFO Written out 62100000 reads
2021-04-14 13:47:26,388 INFO Written out 62200000 reads
2021-04-14 13:47:44,574 INFO Parsed 75000000 input reads
2021-04-14 13:47:53,619 INFO Written out 62300000 reads
2021-04-14 13:48:20,959 INFO Written out 62400000 reads
2021-04-14 13:48:44,322 INFO Written out 62500000 reads
2021-04-14 13:49:07,764 INFO Written out 62600000 reads
2021-04-14 13:49:31,317 INFO Written out 62700000 reads
2021-04-14 13:49:58,885 INFO Written out 62800000 reads
2021-04-14 13:50:26,824 INFO Written out 62900000 reads
2021-04-14 13:50:42,335 INFO Written out 63000000 reads
2021-04-14 13:51:05,902 INFO Parsed 76000000 input reads
2021-04-14 13:51:05,990 INFO Written out 63100000 reads
2021-04-14 13:51:29,922 INFO Written out 63200000 reads
2021-04-14 13:51:58,866 INFO Written out 63300000 reads
2021-04-14 13:52:26,403 INFO Written out 63400000 reads
2021-04-14 13:53:17,243 INFO Written out 63500000 reads
2021-04-14 13:53:40,059 INFO Written out 63600000 reads
2021-04-14 13:54:06,834 INFO Written out 63700000 reads
2021-04-14 13:54:29,757 INFO Written out 63800000 reads
2021-04-14 13:54:52,978 INFO Written out 63900000 reads
2021-04-14 13:55:01,655 INFO Parsed 77000000 input reads
2021-04-14 13:55:16,001 INFO Written out 64000000 reads
2021-04-14 13:55:42,901 INFO Written out 64100000 reads
2021-04-14 13:56:10,182 INFO Written out 64200000 reads
2021-04-14 13:56:32,884 INFO Written out 64300000 reads
2021-04-14 13:56:58,565 INFO Written out 64400000 reads
2021-04-14 13:57:20,520 INFO Written out 64500000 reads
2021-04-14 13:57:46,223 INFO Written out 64600000 reads
2021-04-14 13:58:08,332 INFO Written out 64700000 reads
2021-04-14 13:58:25,297 INFO Parsed 78000000 input reads
2021-04-14 13:58:38,023 INFO Written out 64800000 reads
2021-04-14 13:58:56,184 INFO Written out 64900000 reads
2021-04-14 13:59:22,435 INFO Written out 65000000 reads
2021-04-14 13:59:48,513 INFO Written out 65100000 reads
2021-04-14 14:00:07,010 INFO Written out 65200000 reads
2021-04-14 14:00:33,562 INFO Written out 65300000 reads
2021-04-14 14:00:59,843 INFO Written out 65400000 reads
2021-04-14 14:01:18,150 INFO Written out 65500000 reads
2021-04-14 14:03:34,734 INFO Parsed 79000000 input reads
2021-04-14 14:03:34,963 INFO Written out 65600000 reads
2021-04-14 14:03:37,121 INFO Written out 65700000 reads
2021-04-14 14:03:39,026 INFO Written out 65800000 reads
2021-04-14 14:03:40,971 INFO Written out 65900000 reads
2021-04-14 14:03:42,867 INFO Written out 66000000 reads
2021-04-14 14:03:45,886 INFO Written out 66100000 reads
2021-04-14 14:03:47,900 INFO Written out 66200000 reads
2021-04-14 14:03:50,149 INFO Written out 66300000 reads
2021-04-14 14:03:53,354 INFO Written out 66400000 reads
2021-04-14 14:03:53,758 INFO Parsed 80000000 input reads
2021-04-14 14:03:57,251 INFO Written out 66500000 reads
2021-04-14 14:04:00,326 INFO Written out 66600000 reads
2021-04-14 14:04:04,768 INFO Written out 66700000 reads
2021-04-14 14:04:08,037 INFO Written out 66800000 reads
2021-04-14 14:04:10,836 INFO Written out 66900000 reads
2021-04-14 14:04:15,154 INFO Written out 67000000 reads
2021-04-14 14:04:19,524 INFO Written out 67100000 reads
2021-04-14 14:04:22,342 INFO Written out 67200000 reads
2021-04-14 14:04:23,112 INFO Parsed 81000000 input reads
2021-04-14 14:04:24,822 INFO Written out 67300000 reads
2021-04-14 14:04:27,617 INFO Written out 67400000 reads
2021-04-14 14:04:29,859 INFO Written out 67500000 reads
2021-04-14 14:04:32,389 INFO Written out 67600000 reads
2021-04-14 14:04:34,702 INFO Written out 67700000 reads
2021-04-14 14:04:37,025 INFO Written out 67800000 reads
2021-04-14 14:04:41,011 INFO Written out 67900000 reads
2021-04-14 14:04:43,848 INFO Written out 68000000 reads
2021-04-14 14:04:45,664 INFO Parsed 82000000 input reads
2021-04-14 14:04:47,047 INFO Written out 68100000 reads
2021-04-14 14:04:48,912 INFO Written out 68200000 reads
2021-04-14 14:04:51,043 INFO Written out 68300000 reads
2021-04-14 14:04:53,022 INFO Written out 68400000 reads
2021-04-14 14:04:54,898 INFO Written out 68500000 reads
2021-04-14 14:04:57,464 INFO Written out 68600000 reads
2021-04-14 14:04:59,442 INFO Written out 68700000 reads
2021-04-14 14:05:01,413 INFO Written out 68800000 reads
2021-04-14 14:05:29,936 INFO Parsed 83000000 input reads
2021-04-14 14:05:30,562 INFO Written out 68900000 reads
2021-04-14 14:05:35,067 INFO Written out 69000000 reads
2021-04-14 14:05:39,709 INFO Written out 69100000 reads
2021-04-14 14:05:53,806 INFO Written out 69200000 reads
2021-04-14 14:06:23,410 INFO Written out 69300000 reads
2021-04-14 14:06:48,073 INFO Written out 69400000 reads
2021-04-14 14:07:14,389 INFO Written out 69500000 reads
2021-04-14 14:07:30,876 INFO Searching for mates for 0 unmatched alignments
2021-04-14 14:10:56,767 INFO 0 mates never found
2021-04-14 14:25:16,144 INFO Reads: Input Reads: 83832084, Read pairs: 83832084, Read 2 unmapped: 5787
2021-04-14 14:25:16,144 INFO Number of reads out: 69571333
2021-04-14 14:25:16,144 INFO Total number of positions deduplicated: 58565234
2021-04-14 14:25:16,144 INFO Mean number of unique UMIs per position: 1.19
2021-04-14 14:25:16,144 INFO Max. number of unique UMIs per position: 2707
# job finished in 12165 seconds at Wed Apr 14 14:25:16 2021 -- 11939.14 194.03  0.00  0.00 -- 4bd33efb-bf25-4413-acd4-9c65e859844f
