# UMI-tools version: 1.1.1
# output generated by dedup -I 03_alignedData/bam/13_KB_B9Aligned.sortedByCoord.out.bam -L 04_dedupUmis/log/13_KB_B9.log -S 04_dedupUmis/bam/13_KB_B9.bam --umi-separator=: --temp-dir=. --paired --output-stats=04_dedupUmis/log/13_KB_B9
# job started at Wed Apr 14 11:05:22 2021 on r25-n26 -- fed65b7c-0e54-48fb-b3ed-126c1f1cf605
# pid: 272370, system: Linux 3.10.0-1062.9.1.el7.x86_64 #1 SMP Mon Dec 2 08:31:54 EST 2019 x86_64
# assigned_tag                            : None
# cell_tag                                : None
# cell_tag_delim                          : None
# cell_tag_split                          : -
# chimeric_pairs                          : use
# chrom                                   : None
# compresslevel                           : 6
# detection_method                        : None
# filter_umi                              : None
# gene_tag                                : None
# gene_transcript_map                     : None
# get_umi_method                          : read_id
# ignore_tlen                             : False
# ignore_umi                              : False
# in_sam                                  : False
# log2stderr                              : False
# loglevel                                : 1
# mapping_quality                         : 0
# method                                  : directional
# no_sort_output                          : False
# out_sam                                 : False
# output_unmapped                         : False
# paired                                  : True
# per_cell                                : False
# per_contig                              : False
# per_gene                                : False
# random_seed                             : None
# read_length                             : False
# short_help                              : None
# skip_regex                              : ^(__|Unassigned)
# soft_clip_threshold                     : 4
# spliced                                 : False
# stats                                   : 04_dedupUmis/log/13_KB_B9
# stderr                                  : <_io.TextIOWrapper name='<stderr>' mode='w' encoding='UTF-8'>
# stdin                                   : <_io.TextIOWrapper name='03_alignedData/bam/13_KB_B9Aligned.sortedByCoord.out.bam' mode='r' encoding='UTF-8'>
# stdlog                                  : <_io.TextIOWrapper name='04_dedupUmis/log/13_KB_B9.log' mode='a' encoding='UTF-8'>
# stdout                                  : <_io.TextIOWrapper name='04_dedupUmis/bam/13_KB_B9.bam' mode='w' encoding='UTF-8'>
# subset                                  : None
# threshold                               : 1
# timeit_file                             : None
# timeit_header                           : None
# timeit_name                             : all
# tmpdir                                  : .
# umi_sep                                 : :
# umi_tag                                 : RX
# umi_tag_delim                           : None
# umi_tag_split                           : None
# umi_whitelist                           : None
# umi_whitelist_paired                    : None
# unmapped_reads                          : discard
# unpaired_reads                          : use
# whole_contig                            : False
2021-04-14 11:05:22,806 WARNING Chimeric read pairs are being used. Some read pair UMIs may be grouped/deduplicated using just the mapping coordinates from read1.This may also increase the run time and memory usage. Consider --chimeric-pairs==discard to discard these reads or --chimeric-pairs==output (group command only) to output them without grouping
2021-04-14 11:05:22,806 WARNING Unpaired read pairs are being used. Some read pair UMIs may be grouped/deduplicated using just the mapping coordinates from read1.This may also increase the run time and memory usage. Consider --unpared-reads==discard to discard these reads or --unpared-reads==output (group command only) to output them without grouping
2021-04-14 11:05:22,806 INFO command: dedup -I 03_alignedData/bam/13_KB_B9Aligned.sortedByCoord.out.bam -L 04_dedupUmis/log/13_KB_B9.log -S 04_dedupUmis/bam/13_KB_B9.bam --umi-separator=: --temp-dir=. --paired --output-stats=04_dedupUmis/log/13_KB_B9
2021-04-14 11:09:57,251 INFO total_umis 82453991
2021-04-14 11:09:57,271 INFO #umis 66099
2021-04-14 11:13:47,981 INFO Written out 100000 reads
2021-04-14 11:13:51,966 INFO Written out 200000 reads
2021-04-14 11:13:56,144 INFO Written out 300000 reads
2021-04-14 11:14:00,417 INFO Written out 400000 reads
2021-04-14 11:14:05,269 INFO Written out 500000 reads
2021-04-14 11:14:09,047 INFO Written out 600000 reads
2021-04-14 11:14:13,316 INFO Written out 700000 reads
2021-04-14 11:14:17,249 INFO Parsed 1000000 input reads
2021-04-14 11:14:17,863 INFO Written out 800000 reads
2021-04-14 11:14:22,601 INFO Written out 900000 reads
2021-04-14 11:14:27,101 INFO Written out 1000000 reads
2021-04-14 11:14:32,191 INFO Written out 1100000 reads
2021-04-14 11:14:36,478 INFO Written out 1200000 reads
2021-04-14 11:14:41,516 INFO Written out 1300000 reads
2021-04-14 11:14:46,330 INFO Written out 1400000 reads
2021-04-14 11:14:51,824 INFO Written out 1500000 reads
2021-04-14 11:14:54,819 INFO Parsed 2000000 input reads
2021-04-14 11:14:56,490 INFO Written out 1600000 reads
2021-04-14 11:15:01,541 INFO Written out 1700000 reads
2021-04-14 11:15:06,921 INFO Written out 1800000 reads
2021-04-14 11:15:12,447 INFO Written out 1900000 reads
2021-04-14 11:15:17,719 INFO Written out 2000000 reads
2021-04-14 11:15:23,331 INFO Written out 2100000 reads
2021-04-14 11:15:29,050 INFO Written out 2200000 reads
2021-04-14 11:15:34,444 INFO Written out 2300000 reads
2021-04-14 11:15:37,580 INFO Parsed 3000000 input reads
2021-04-14 11:15:40,373 INFO Written out 2400000 reads
2021-04-14 11:15:45,407 INFO Written out 2500000 reads
2021-04-14 11:16:11,273 INFO Written out 2600000 reads
2021-04-14 11:16:16,564 INFO Written out 2700000 reads
2021-04-14 11:16:21,721 INFO Written out 2800000 reads
2021-04-14 11:16:27,197 INFO Written out 2900000 reads
2021-04-14 11:16:32,449 INFO Written out 3000000 reads
2021-04-14 11:16:37,861 INFO Written out 3100000 reads
2021-04-14 11:16:39,920 INFO Parsed 4000000 input reads
2021-04-14 11:16:43,284 INFO Written out 3200000 reads
2021-04-14 11:16:48,987 INFO Written out 3300000 reads
2021-04-14 11:16:54,250 INFO Written out 3400000 reads
2021-04-14 11:17:00,301 INFO Written out 3500000 reads
2021-04-14 11:17:05,662 INFO Written out 3600000 reads
2021-04-14 11:17:11,135 INFO Written out 3700000 reads
2021-04-14 11:17:16,654 INFO Written out 3800000 reads
2021-04-14 11:17:22,702 INFO Written out 3900000 reads
2021-04-14 11:17:23,783 INFO Parsed 5000000 input reads
2021-04-14 11:17:28,875 INFO Written out 4000000 reads
2021-04-14 11:17:34,112 INFO Written out 4100000 reads
2021-04-14 11:17:40,437 INFO Written out 4200000 reads
2021-04-14 11:17:46,377 INFO Written out 4300000 reads
2021-04-14 11:17:52,403 INFO Written out 4400000 reads
2021-04-14 11:17:58,443 INFO Written out 4500000 reads
2021-04-14 11:18:04,589 INFO Written out 4600000 reads
2021-04-14 11:18:11,451 INFO Written out 4700000 reads
2021-04-14 11:18:11,467 INFO Parsed 6000000 input reads
2021-04-14 11:18:35,209 INFO Written out 4800000 reads
2021-04-14 11:18:41,459 INFO Written out 4900000 reads
2021-04-14 11:18:48,109 INFO Written out 5000000 reads
2021-04-14 11:18:53,346 INFO Written out 5100000 reads
2021-04-14 11:18:59,868 INFO Written out 5200000 reads
2021-04-14 11:19:05,628 INFO Written out 5300000 reads
2021-04-14 11:19:11,690 INFO Written out 5400000 reads
2021-04-14 11:19:17,096 INFO Parsed 7000000 input reads
2021-04-14 11:19:18,262 INFO Written out 5500000 reads
2021-04-14 11:19:24,288 INFO Written out 5600000 reads
2021-04-14 11:19:30,597 INFO Written out 5700000 reads
2021-04-14 11:19:37,469 INFO Written out 5800000 reads
2021-04-14 11:19:43,754 INFO Written out 5900000 reads
2021-04-14 11:19:51,000 INFO Written out 6000000 reads
2021-04-14 11:19:57,540 INFO Written out 6100000 reads
2021-04-14 11:20:04,054 INFO Written out 6200000 reads
2021-04-14 11:20:08,845 INFO Parsed 8000000 input reads
2021-04-14 11:20:11,126 INFO Written out 6300000 reads
2021-04-14 11:20:17,728 INFO Written out 6400000 reads
2021-04-14 11:20:25,016 INFO Written out 6500000 reads
2021-04-14 11:20:32,283 INFO Written out 6600000 reads
2021-04-14 11:20:39,013 INFO Written out 6700000 reads
2021-04-14 11:20:45,678 INFO Written out 6800000 reads
2021-04-14 11:20:52,526 INFO Written out 6900000 reads
2021-04-14 11:21:16,995 INFO Written out 7000000 reads
2021-04-14 11:21:20,646 INFO Parsed 9000000 input reads
2021-04-14 11:21:24,027 INFO Written out 7100000 reads
2021-04-14 11:21:30,568 INFO Written out 7200000 reads
2021-04-14 11:21:37,756 INFO Written out 7300000 reads
2021-04-14 11:21:44,401 INFO Written out 7400000 reads
2021-04-14 11:21:51,200 INFO Written out 7500000 reads
2021-04-14 11:21:58,521 INFO Written out 7600000 reads
2021-04-14 11:22:05,926 INFO Written out 7700000 reads
2021-04-14 11:22:12,977 INFO Written out 7800000 reads
2021-04-14 11:22:15,400 INFO Parsed 10000000 input reads
2021-04-14 11:22:21,802 INFO Written out 7900000 reads
2021-04-14 11:22:25,529 INFO Written out 8000000 reads
2021-04-14 11:22:32,627 INFO Written out 8100000 reads
2021-04-14 11:22:40,347 INFO Written out 8200000 reads
2021-04-14 11:22:47,536 INFO Written out 8300000 reads
2021-04-14 11:22:55,575 INFO Written out 8400000 reads
2021-04-14 11:23:02,685 INFO Written out 8500000 reads
2021-04-14 11:23:10,025 INFO Written out 8600000 reads
2021-04-14 11:23:11,672 INFO Parsed 11000000 input reads
2021-04-14 11:23:17,416 INFO Written out 8700000 reads
2021-04-14 11:23:40,062 INFO Written out 8800000 reads
2021-04-14 11:23:47,858 INFO Written out 8900000 reads
2021-04-14 11:23:55,066 INFO Written out 9000000 reads
2021-04-14 11:24:02,838 INFO Written out 9100000 reads
2021-04-14 11:24:13,343 INFO Written out 9200000 reads
2021-04-14 11:24:17,160 INFO Written out 9300000 reads
2021-04-14 11:24:24,473 INFO Written out 9400000 reads
2021-04-14 11:24:24,753 INFO Parsed 12000000 input reads
2021-04-14 11:24:31,936 INFO Written out 9500000 reads
2021-04-14 11:24:40,026 INFO Written out 9600000 reads
2021-04-14 11:24:47,421 INFO Written out 9700000 reads
2021-04-14 11:24:55,742 INFO Written out 9800000 reads
2021-04-14 11:25:04,180 INFO Written out 9900000 reads
2021-04-14 11:25:11,667 INFO Written out 10000000 reads
2021-04-14 11:25:19,241 INFO Written out 10100000 reads
2021-04-14 11:25:26,634 INFO Parsed 13000000 input reads
2021-04-14 11:25:27,781 INFO Written out 10200000 reads
2021-04-14 11:25:35,611 INFO Written out 10300000 reads
2021-04-14 11:25:44,290 INFO Written out 10400000 reads
2021-04-14 11:25:52,269 INFO Written out 10500000 reads
2021-04-14 11:26:01,181 INFO Written out 10600000 reads
2021-04-14 11:26:08,155 INFO Written out 10700000 reads
2021-04-14 11:26:17,219 INFO Written out 10800000 reads
2021-04-14 11:26:42,544 INFO Written out 10900000 reads
2021-04-14 11:26:50,519 INFO Parsed 14000000 input reads
2021-04-14 11:26:50,995 INFO Written out 11000000 reads
2021-04-14 11:26:58,639 INFO Written out 11100000 reads
2021-04-14 11:27:07,139 INFO Written out 11200000 reads
2021-04-14 11:27:14,935 INFO Written out 11300000 reads
2021-04-14 11:27:22,726 INFO Written out 11400000 reads
2021-04-14 11:27:31,133 INFO Written out 11500000 reads
2021-04-14 11:27:40,185 INFO Written out 11600000 reads
2021-04-14 11:27:48,336 INFO Written out 11700000 reads
2021-04-14 11:27:54,326 INFO Parsed 15000000 input reads
2021-04-14 11:27:57,316 INFO Written out 11800000 reads
2021-04-14 11:28:05,456 INFO Written out 11900000 reads
2021-04-14 11:28:14,564 INFO Written out 12000000 reads
2021-04-14 11:28:22,848 INFO Written out 12100000 reads
2021-04-14 11:28:31,936 INFO Written out 12200000 reads
2021-04-14 11:28:42,656 INFO Written out 12300000 reads
2021-04-14 11:28:48,668 INFO Written out 12400000 reads
2021-04-14 11:28:58,086 INFO Written out 12500000 reads
2021-04-14 11:29:02,638 INFO Parsed 16000000 input reads
2021-04-14 11:29:11,299 INFO Written out 12600000 reads
2021-04-14 11:29:13,865 INFO Written out 12700000 reads
2021-04-14 11:29:23,526 INFO Written out 12800000 reads
2021-04-14 11:29:43,377 INFO Written out 12900000 reads
2021-04-14 11:29:45,456 INFO Written out 13000000 reads
2021-04-14 11:29:47,480 INFO Written out 13100000 reads
2021-04-14 11:29:49,888 INFO Written out 13200000 reads
2021-04-14 11:30:02,526 INFO Written out 13300000 reads
2021-04-14 11:30:03,379 INFO Parsed 17000000 input reads
2021-04-14 11:30:10,272 INFO Written out 13400000 reads
2021-04-14 11:30:20,771 INFO Written out 13500000 reads
2021-04-14 11:30:48,284 INFO Written out 13600000 reads
2021-04-14 11:30:56,684 INFO Written out 13700000 reads
2021-04-14 11:31:05,508 INFO Written out 13800000 reads
2021-04-14 11:31:14,549 INFO Written out 13900000 reads
2021-04-14 11:31:24,205 INFO Written out 14000000 reads
2021-04-14 11:31:32,828 INFO Written out 14100000 reads
2021-04-14 11:31:34,121 INFO Parsed 18000000 input reads
2021-04-14 11:31:42,263 INFO Written out 14200000 reads
2021-04-14 11:31:50,968 INFO Written out 14300000 reads
2021-04-14 11:32:02,183 INFO Written out 14400000 reads
2021-04-14 11:32:10,984 INFO Written out 14500000 reads
2021-04-14 11:32:19,604 INFO Written out 14600000 reads
2021-04-14 11:32:29,744 INFO Written out 14700000 reads
2021-04-14 11:32:38,595 INFO Written out 14800000 reads
2021-04-14 11:32:48,641 INFO Parsed 19000000 input reads
2021-04-14 11:32:48,681 INFO Written out 14900000 reads
2021-04-14 11:32:59,182 INFO Written out 15000000 reads
2021-04-14 11:33:07,094 INFO Written out 15100000 reads
2021-04-14 11:33:17,584 INFO Written out 15200000 reads
2021-04-14 11:33:25,501 INFO Written out 15300000 reads
2021-04-14 11:33:36,241 INFO Written out 15400000 reads
2021-04-14 11:33:45,705 INFO Written out 15500000 reads
2021-04-14 11:34:10,790 INFO Written out 15600000 reads
2021-04-14 11:34:19,395 INFO Parsed 20000000 input reads
2021-04-14 11:34:22,155 INFO Written out 15700000 reads
2021-04-14 11:34:30,256 INFO Written out 15800000 reads
2021-04-14 11:34:40,717 INFO Written out 15900000 reads
2021-04-14 11:34:51,337 INFO Written out 16000000 reads
2021-04-14 11:34:59,701 INFO Written out 16100000 reads
2021-04-14 11:35:10,386 INFO Written out 16200000 reads
2021-04-14 11:35:19,965 INFO Written out 16300000 reads
2021-04-14 11:35:29,555 INFO Written out 16400000 reads
2021-04-14 11:35:36,919 INFO Parsed 21000000 input reads
2021-04-14 11:35:40,482 INFO Written out 16500000 reads
2021-04-14 11:35:49,953 INFO Written out 16600000 reads
2021-04-14 11:36:00,936 INFO Written out 16700000 reads
2021-04-14 11:36:10,807 INFO Written out 16800000 reads
2021-04-14 11:36:22,062 INFO Written out 16900000 reads
2021-04-14 11:36:33,080 INFO Written out 17000000 reads
2021-04-14 11:36:46,063 INFO Written out 17100000 reads
2021-04-14 11:36:54,283 INFO Written out 17200000 reads
2021-04-14 11:36:58,751 INFO Parsed 22000000 input reads
2021-04-14 11:37:04,213 INFO Written out 17300000 reads
2021-04-14 11:37:14,358 INFO Written out 17400000 reads
2021-04-14 11:37:24,552 INFO Written out 17500000 reads
2021-04-14 11:37:34,703 INFO Written out 17600000 reads
2021-04-14 11:37:46,199 INFO Written out 17700000 reads
2021-04-14 11:37:56,483 INFO Written out 17800000 reads
2021-04-14 11:38:08,391 INFO Written out 17900000 reads
2021-04-14 11:38:17,330 INFO Written out 18000000 reads
2021-04-14 11:38:21,468 INFO Parsed 23000000 input reads
2021-04-14 11:38:49,502 INFO Written out 18100000 reads
2021-04-14 11:39:00,841 INFO Written out 18200000 reads
2021-04-14 11:39:10,820 INFO Written out 18300000 reads
2021-04-14 11:39:20,891 INFO Written out 18400000 reads
2021-04-14 11:39:30,942 INFO Written out 18500000 reads
2021-04-14 11:39:42,653 INFO Written out 18600000 reads
2021-04-14 11:39:51,414 INFO Written out 18700000 reads
2021-04-14 11:40:02,682 INFO Written out 18800000 reads
2021-04-14 11:40:04,822 INFO Parsed 24000000 input reads
2021-04-14 11:40:14,303 INFO Written out 18900000 reads
2021-04-14 11:40:24,692 INFO Written out 19000000 reads
2021-04-14 11:40:34,914 INFO Written out 19100000 reads
2021-04-14 11:40:48,077 INFO Written out 19200000 reads
2021-04-14 11:40:55,518 INFO Written out 19300000 reads
2021-04-14 11:41:07,336 INFO Written out 19400000 reads
2021-04-14 11:41:19,448 INFO Written out 19500000 reads
2021-04-14 11:41:29,993 INFO Written out 19600000 reads
2021-04-14 11:41:30,334 INFO Parsed 25000000 input reads
2021-04-14 11:41:40,857 INFO Written out 19700000 reads
2021-04-14 11:41:53,185 INFO Written out 19800000 reads
2021-04-14 11:42:04,146 INFO Written out 19900000 reads
2021-04-14 11:42:17,105 INFO Written out 20000000 reads
2021-04-14 11:42:45,337 INFO Written out 20100000 reads
2021-04-14 11:42:55,789 INFO Written out 20200000 reads
2021-04-14 11:43:06,380 INFO Written out 20300000 reads
2021-04-14 11:43:16,732 INFO Parsed 26000000 input reads
2021-04-14 11:43:17,162 INFO Written out 20400000 reads
2021-04-14 11:43:29,339 INFO Written out 20500000 reads
2021-04-14 11:43:40,273 INFO Written out 20600000 reads
2021-04-14 11:43:52,567 INFO Written out 20700000 reads
2021-04-14 11:44:05,152 INFO Written out 20800000 reads
2021-04-14 11:44:16,020 INFO Written out 20900000 reads
2021-04-14 11:44:27,096 INFO Written out 21000000 reads
2021-04-14 11:44:38,246 INFO Written out 21100000 reads
2021-04-14 11:44:47,053 INFO Parsed 27000000 input reads
2021-04-14 11:44:49,521 INFO Written out 21200000 reads
2021-04-14 11:45:00,846 INFO Written out 21300000 reads
2021-04-14 11:45:13,633 INFO Written out 21400000 reads
2021-04-14 11:45:26,708 INFO Written out 21500000 reads
2021-04-14 11:45:36,516 INFO Written out 21600000 reads
2021-04-14 11:45:49,827 INFO Written out 21700000 reads
2021-04-14 11:46:03,190 INFO Written out 21800000 reads
2021-04-14 11:46:32,198 INFO Written out 21900000 reads
2021-04-14 11:46:38,471 INFO Parsed 28000000 input reads
2021-04-14 11:46:43,078 INFO Written out 22000000 reads
2021-04-14 11:46:54,398 INFO Written out 22100000 reads
2021-04-14 11:47:07,099 INFO Written out 22200000 reads
2021-04-14 11:47:20,067 INFO Written out 22300000 reads
2021-04-14 11:47:29,582 INFO Written out 22400000 reads
2021-04-14 11:47:40,913 INFO Written out 22500000 reads
2021-04-14 11:47:52,268 INFO Written out 22600000 reads
2021-04-14 11:48:05,301 INFO Written out 22700000 reads
2021-04-14 11:48:09,929 INFO Parsed 29000000 input reads
2021-04-14 11:48:20,402 INFO Written out 22800000 reads
2021-04-14 11:48:31,878 INFO Written out 22900000 reads
2021-04-14 11:48:43,663 INFO Written out 23000000 reads
2021-04-14 11:48:55,451 INFO Written out 23100000 reads
2021-04-14 11:49:07,255 INFO Written out 23200000 reads
2021-04-14 11:49:20,946 INFO Written out 23300000 reads
2021-04-14 11:49:41,966 INFO Written out 23400000 reads
2021-04-14 11:49:44,106 INFO Written out 23500000 reads
2021-04-14 11:49:44,427 INFO Parsed 30000000 input reads
2021-04-14 11:49:46,166 INFO Written out 23600000 reads
2021-04-14 11:49:52,835 INFO Written out 23700000 reads
2021-04-14 11:50:08,528 INFO Written out 23800000 reads
2021-04-14 11:50:20,636 INFO Written out 23900000 reads
2021-04-14 11:50:34,828 INFO Written out 24000000 reads
2021-04-14 11:50:45,239 INFO Written out 24100000 reads
2021-04-14 11:50:59,293 INFO Written out 24200000 reads
2021-04-14 11:51:11,788 INFO Parsed 31000000 input reads
2021-04-14 11:51:11,789 INFO Written out 24300000 reads
2021-04-14 11:51:24,225 INFO Written out 24400000 reads
2021-04-14 11:51:38,550 INFO Written out 24500000 reads
2021-04-14 11:51:51,182 INFO Written out 24600000 reads
2021-04-14 11:52:07,797 INFO Written out 24700000 reads
2021-04-14 11:52:16,602 INFO Written out 24800000 reads
2021-04-14 11:52:29,699 INFO Written out 24900000 reads
2021-04-14 11:53:09,351 INFO Written out 25000000 reads
2021-04-14 11:53:20,892 INFO Parsed 32000000 input reads
2021-04-14 11:53:23,277 INFO Written out 25100000 reads
2021-04-14 11:53:35,604 INFO Written out 25200000 reads
2021-04-14 11:53:49,705 INFO Written out 25300000 reads
2021-04-14 11:54:02,260 INFO Written out 25400000 reads
2021-04-14 11:54:14,720 INFO Written out 25500000 reads
2021-04-14 11:54:29,189 INFO Written out 25600000 reads
2021-04-14 11:54:48,012 INFO Written out 25700000 reads
2021-04-14 11:54:52,515 INFO Written out 25800000 reads
2021-04-14 11:55:02,327 INFO Parsed 33000000 input reads
2021-04-14 11:55:07,174 INFO Written out 25900000 reads
2021-04-14 11:55:19,996 INFO Written out 26000000 reads
2021-04-14 11:55:32,812 INFO Written out 26100000 reads
2021-04-14 11:55:47,482 INFO Written out 26200000 reads
2021-04-14 11:56:00,576 INFO Written out 26300000 reads
2021-04-14 11:56:15,521 INFO Written out 26400000 reads
2021-04-14 11:56:30,594 INFO Written out 26500000 reads
2021-04-14 11:56:43,784 INFO Written out 26600000 reads
2021-04-14 11:56:51,456 INFO Parsed 34000000 input reads
2021-04-14 11:56:59,409 INFO Written out 26700000 reads
2021-04-14 11:57:14,802 INFO Written out 26800000 reads
2021-04-14 11:57:30,546 INFO Written out 26900000 reads
2021-04-14 11:57:41,484 INFO Written out 27000000 reads
2021-04-14 11:57:54,970 INFO Written out 27100000 reads
2021-04-14 11:58:06,407 INFO Written out 27200000 reads
2021-04-14 11:58:19,955 INFO Written out 27300000 reads
2021-04-14 11:58:33,654 INFO Written out 27400000 reads
2021-04-14 11:58:41,062 INFO Parsed 35000000 input reads
2021-04-14 11:58:49,419 INFO Written out 27500000 reads
2021-04-14 11:59:05,322 INFO Written out 27600000 reads
2021-04-14 11:59:19,132 INFO Written out 27700000 reads
2021-04-14 11:59:35,224 INFO Written out 27800000 reads
2021-04-14 12:00:12,266 INFO Written out 27900000 reads
2021-04-14 12:00:27,480 INFO Written out 28000000 reads
2021-04-14 12:00:40,847 INFO Written out 28100000 reads
2021-04-14 12:00:56,815 INFO Written out 28200000 reads
2021-04-14 12:00:59,555 INFO Parsed 36000000 input reads
2021-04-14 12:01:10,289 INFO Written out 28300000 reads
2021-04-14 12:01:25,856 INFO Written out 28400000 reads
2021-04-14 12:01:39,359 INFO Written out 28500000 reads
2021-04-14 12:01:59,929 INFO Written out 28600000 reads
2021-04-14 12:02:04,301 INFO Written out 28700000 reads
2021-04-14 12:02:20,186 INFO Written out 28800000 reads
2021-04-14 12:02:36,207 INFO Written out 28900000 reads
2021-04-14 12:02:49,923 INFO Written out 29000000 reads
2021-04-14 12:02:52,488 INFO Parsed 37000000 input reads
2021-04-14 12:03:03,772 INFO Written out 29100000 reads
2021-04-14 12:03:19,933 INFO Written out 29200000 reads
2021-04-14 12:03:33,958 INFO Written out 29300000 reads
2021-04-14 12:03:50,453 INFO Written out 29400000 reads
2021-04-14 12:04:02,323 INFO Written out 29500000 reads
2021-04-14 12:04:15,979 INFO Written out 29600000 reads
2021-04-14 12:04:25,559 INFO Written out 29700000 reads
2021-04-14 12:04:41,668 INFO Parsed 38000000 input reads
2021-04-14 12:04:41,846 INFO Written out 29800000 reads
2021-04-14 12:04:52,186 INFO Written out 29900000 reads
2021-04-14 12:05:06,446 INFO Written out 30000000 reads
2021-04-14 12:05:20,851 INFO Written out 30100000 reads
2021-04-14 12:05:39,665 INFO Written out 30200000 reads
2021-04-14 12:05:47,231 INFO Written out 30300000 reads
2021-04-14 12:06:03,835 INFO Written out 30400000 reads
2021-04-14 12:06:40,160 INFO Written out 30500000 reads
2021-04-14 12:06:50,990 INFO Parsed 39000000 input reads
2021-04-14 12:06:54,122 INFO Written out 30600000 reads
2021-04-14 12:07:10,139 INFO Written out 30700000 reads
2021-04-14 12:07:26,433 INFO Written out 30800000 reads
2021-04-14 12:07:40,241 INFO Written out 30900000 reads
2021-04-14 12:07:54,361 INFO Written out 31000000 reads
2021-04-14 12:08:08,453 INFO Written out 31100000 reads
2021-04-14 12:08:24,455 INFO Written out 31200000 reads
2021-04-14 12:08:38,721 INFO Written out 31300000 reads
2021-04-14 12:08:45,303 INFO Parsed 40000000 input reads
2021-04-14 12:08:53,181 INFO Written out 31400000 reads
2021-04-14 12:09:09,675 INFO Written out 31500000 reads
2021-04-14 12:09:23,982 INFO Written out 31600000 reads
2021-04-14 12:09:38,354 INFO Written out 31700000 reads
2021-04-14 12:09:52,897 INFO Written out 31800000 reads
2021-04-14 12:10:14,490 INFO Written out 31900000 reads
2021-04-14 12:10:24,115 INFO Written out 32000000 reads
2021-04-14 12:10:38,879 INFO Written out 32100000 reads
2021-04-14 12:10:44,846 INFO Parsed 41000000 input reads
2021-04-14 12:10:55,982 INFO Written out 32200000 reads
2021-04-14 12:11:13,265 INFO Written out 32300000 reads
2021-04-14 12:11:25,760 INFO Written out 32400000 reads
2021-04-14 12:11:43,254 INFO Written out 32500000 reads
2021-04-14 12:11:53,367 INFO Written out 32600000 reads
2021-04-14 12:12:13,358 INFO Written out 32700000 reads
2021-04-14 12:12:28,352 INFO Written out 32800000 reads
2021-04-14 12:12:41,664 INFO Written out 32900000 reads
2021-04-14 12:12:47,239 INFO Parsed 42000000 input reads
2021-04-14 12:13:01,718 INFO Written out 33000000 reads
2021-04-14 12:13:38,466 INFO Written out 33100000 reads
2021-04-14 12:13:55,469 INFO Written out 33200000 reads
2021-04-14 12:14:12,592 INFO Written out 33300000 reads
2021-04-14 12:14:27,568 INFO Written out 33400000 reads
2021-04-14 12:14:42,531 INFO Written out 33500000 reads
2021-04-14 12:14:57,603 INFO Written out 33600000 reads
2021-04-14 12:15:17,406 INFO Written out 33700000 reads
2021-04-14 12:15:17,425 INFO Parsed 43000000 input reads
2021-04-14 12:15:29,828 INFO Written out 33800000 reads
2021-04-14 12:15:46,960 INFO Written out 33900000 reads
2021-04-14 12:16:01,916 INFO Written out 34000000 reads
2021-04-14 12:16:21,988 INFO Written out 34100000 reads
2021-04-14 12:16:34,778 INFO Written out 34200000 reads
2021-04-14 12:16:50,325 INFO Written out 34300000 reads
2021-04-14 12:17:08,044 INFO Written out 34400000 reads
2021-04-14 12:17:20,816 INFO Parsed 44000000 input reads
2021-04-14 12:17:23,593 INFO Written out 34500000 reads
2021-04-14 12:17:39,087 INFO Written out 34600000 reads
2021-04-14 12:18:10,354 INFO Written out 34700000 reads
2021-04-14 12:18:27,914 INFO Written out 34800000 reads
2021-04-14 12:18:45,430 INFO Written out 34900000 reads
2021-04-14 12:19:00,739 INFO Written out 35000000 reads
2021-04-14 12:19:18,589 INFO Written out 35100000 reads
2021-04-14 12:19:34,349 INFO Written out 35200000 reads
2021-04-14 12:19:46,490 INFO Parsed 45000000 input reads
2021-04-14 12:19:52,191 INFO Written out 35300000 reads
2021-04-14 12:20:07,821 INFO Written out 35400000 reads
2021-04-14 12:20:26,087 INFO Written out 35500000 reads
2021-04-14 12:20:42,233 INFO Written out 35600000 reads
2021-04-14 12:20:57,932 INFO Written out 35700000 reads
2021-04-14 12:21:16,321 INFO Written out 35800000 reads
2021-04-14 12:21:34,860 INFO Written out 35900000 reads
2021-04-14 12:21:50,732 INFO Written out 36000000 reads
2021-04-14 12:22:00,284 INFO Parsed 46000000 input reads
2021-04-14 12:22:14,881 INFO Written out 36100000 reads
2021-04-14 12:22:22,815 INFO Written out 36200000 reads
2021-04-14 12:22:39,035 INFO Written out 36300000 reads
2021-04-14 12:23:15,296 INFO Written out 36400000 reads
2021-04-14 12:23:17,357 INFO Written out 36500000 reads
2021-04-14 12:23:19,859 INFO Written out 36600000 reads
2021-04-14 12:23:38,879 INFO Written out 36700000 reads
2021-04-14 12:23:55,310 INFO Written out 36800000 reads
2021-04-14 12:24:01,960 INFO Parsed 47000000 input reads
2021-04-14 12:24:20,367 INFO Written out 36900000 reads
2021-04-14 12:24:25,837 INFO Written out 37000000 reads
2021-04-14 12:25:05,348 INFO Written out 37100000 reads
2021-04-14 12:25:24,325 INFO Written out 37200000 reads
2021-04-14 12:25:40,114 INFO Written out 37300000 reads
2021-04-14 12:25:56,207 INFO Written out 37400000 reads
2021-04-14 12:26:12,366 INFO Written out 37500000 reads
2021-04-14 12:26:28,774 INFO Written out 37600000 reads
2021-04-14 12:26:32,201 INFO Parsed 48000000 input reads
2021-04-14 12:26:45,205 INFO Written out 37700000 reads
2021-04-14 12:27:04,067 INFO Written out 37800000 reads
2021-04-14 12:27:20,666 INFO Written out 37900000 reads
2021-04-14 12:27:39,879 INFO Written out 38000000 reads
2021-04-14 12:27:56,368 INFO Written out 38100000 reads
2021-04-14 12:28:12,849 INFO Written out 38200000 reads
2021-04-14 12:28:34,804 INFO Written out 38300000 reads
2021-04-14 12:28:48,567 INFO Written out 38400000 reads
2021-04-14 12:28:51,426 INFO Parsed 49000000 input reads
2021-04-14 12:29:08,289 INFO Written out 38500000 reads
2021-04-14 12:29:40,298 INFO Written out 38600000 reads
2021-04-14 12:29:56,654 INFO Written out 38700000 reads
2021-04-14 12:30:15,834 INFO Written out 38800000 reads
2021-04-14 12:30:32,393 INFO Written out 38900000 reads
2021-04-14 12:30:49,123 INFO Written out 39000000 reads
2021-04-14 12:31:08,330 INFO Written out 39100000 reads
2021-04-14 12:31:33,765 INFO Parsed 50000000 input reads
2021-04-14 12:31:34,036 INFO Written out 39200000 reads
2021-04-14 12:31:39,447 INFO Written out 39300000 reads
2021-04-14 12:31:59,047 INFO Written out 39400000 reads
2021-04-14 12:32:24,630 INFO Written out 39500000 reads
2021-04-14 12:32:35,859 INFO Written out 39600000 reads
2021-04-14 12:32:53,493 INFO Written out 39700000 reads
2021-04-14 12:33:13,325 INFO Written out 39800000 reads
2021-04-14 12:33:30,581 INFO Written out 39900000 reads
2021-04-14 12:33:44,268 INFO Parsed 51000000 input reads
2021-04-14 12:33:48,000 INFO Written out 40000000 reads
2021-04-14 12:34:07,978 INFO Written out 40100000 reads
2021-04-14 12:34:25,342 INFO Written out 40200000 reads
2021-04-14 12:34:45,642 INFO Written out 40300000 reads
2021-04-14 12:35:15,692 INFO Written out 40400000 reads
2021-04-14 12:35:35,458 INFO Written out 40500000 reads
2021-04-14 12:35:55,414 INFO Written out 40600000 reads
2021-04-14 12:36:12,452 INFO Written out 40700000 reads
2021-04-14 12:36:22,598 INFO Parsed 52000000 input reads
2021-04-14 12:36:32,938 INFO Written out 40800000 reads
2021-04-14 12:36:50,022 INFO Written out 40900000 reads
2021-04-14 12:37:09,958 INFO Written out 41000000 reads
2021-04-14 12:37:26,984 INFO Written out 41100000 reads
2021-04-14 12:37:47,246 INFO Written out 41200000 reads
2021-04-14 12:38:01,715 INFO Written out 41300000 reads
2021-04-14 12:38:21,824 INFO Written out 41400000 reads
2021-04-14 12:38:39,148 INFO Written out 41500000 reads
2021-04-14 12:38:49,088 INFO Parsed 53000000 input reads
2021-04-14 12:39:02,566 INFO Written out 41600000 reads
2021-04-14 12:39:17,010 INFO Written out 41700000 reads
2021-04-14 12:39:34,597 INFO Written out 41800000 reads
2021-04-14 12:39:55,322 INFO Written out 41900000 reads
2021-04-14 12:40:16,305 INFO Written out 42000000 reads
2021-04-14 12:40:37,274 INFO Written out 42100000 reads
2021-04-14 12:40:58,368 INFO Written out 42200000 reads
2021-04-14 12:41:19,292 INFO Written out 42300000 reads
2021-04-14 12:41:26,062 INFO Parsed 54000000 input reads
2021-04-14 12:41:37,367 INFO Written out 42400000 reads
2021-04-14 12:41:58,657 INFO Written out 42500000 reads
2021-04-14 12:42:22,870 INFO Written out 42600000 reads
2021-04-14 12:42:38,014 INFO Written out 42700000 reads
2021-04-14 12:43:09,885 INFO Written out 42800000 reads
2021-04-14 12:43:11,874 INFO Written out 42900000 reads
2021-04-14 12:43:27,022 INFO Written out 43000000 reads
2021-04-14 12:43:45,527 INFO Written out 43100000 reads
2021-04-14 12:43:55,789 INFO Parsed 55000000 input reads
2021-04-14 12:44:07,865 INFO Written out 43200000 reads
2021-04-14 12:44:29,778 INFO Written out 43300000 reads
2021-04-14 12:44:51,947 INFO Written out 43400000 reads
2021-04-14 12:45:07,917 INFO Written out 43500000 reads
2021-04-14 12:45:30,140 INFO Written out 43600000 reads
2021-04-14 12:45:52,318 INFO Written out 43700000 reads
2021-04-14 12:46:43,477 INFO Written out 43800000 reads
2021-04-14 12:47:01,590 INFO Parsed 56000000 input reads
2021-04-14 12:47:04,718 INFO Written out 43900000 reads
2021-04-14 12:47:23,284 INFO Written out 44000000 reads
2021-04-14 12:47:45,482 INFO Written out 44100000 reads
2021-04-14 12:48:04,333 INFO Written out 44200000 reads
2021-04-14 12:48:26,070 INFO Written out 44300000 reads
2021-04-14 12:48:44,820 INFO Written out 44400000 reads
2021-04-14 12:49:06,628 INFO Written out 44500000 reads
2021-04-14 12:49:28,541 INFO Written out 44600000 reads
2021-04-14 12:49:43,435 INFO Parsed 57000000 input reads
2021-04-14 12:49:50,508 INFO Written out 44700000 reads
2021-04-14 12:50:09,481 INFO Written out 44800000 reads
2021-04-14 12:50:31,788 INFO Written out 44900000 reads
2021-04-14 12:50:56,906 INFO Written out 45000000 reads
2021-04-14 12:51:09,490 INFO Written out 45100000 reads
2021-04-14 12:51:32,428 INFO Written out 45200000 reads
2021-04-14 12:51:45,646 INFO Written out 45300000 reads
2021-04-14 12:52:05,058 INFO Written out 45400000 reads
2021-04-14 12:52:16,862 INFO Parsed 58000000 input reads
2021-04-14 12:52:21,508 INFO Written out 45500000 reads
2021-04-14 12:52:38,067 INFO Written out 45600000 reads
2021-04-14 12:52:57,679 INFO Written out 45700000 reads
2021-04-14 12:53:20,578 INFO Written out 45800000 reads
2021-04-14 12:54:17,441 INFO Written out 45900000 reads
2021-04-14 12:54:19,638 INFO Written out 46000000 reads
2021-04-14 12:54:21,732 INFO Written out 46100000 reads
2021-04-14 12:54:23,865 INFO Written out 46200000 reads
2021-04-14 12:54:24,573 INFO Parsed 59000000 input reads
2021-04-14 12:54:33,965 INFO Written out 46300000 reads
2021-04-14 12:54:53,760 INFO Written out 46400000 reads
2021-04-14 12:55:10,124 INFO Written out 46500000 reads
2021-04-14 12:55:33,079 INFO Written out 46600000 reads
2021-04-14 12:55:55,775 INFO Written out 46700000 reads
2021-04-14 12:56:15,397 INFO Written out 46800000 reads
2021-04-14 12:56:38,457 INFO Written out 46900000 reads
2021-04-14 12:57:01,330 INFO Written out 47000000 reads
2021-04-14 12:57:08,784 INFO Parsed 60000000 input reads
2021-04-14 12:57:17,739 INFO Written out 47100000 reads
2021-04-14 12:57:40,845 INFO Written out 47200000 reads
2021-04-14 12:58:00,711 INFO Written out 47300000 reads
2021-04-14 12:58:24,620 INFO Written out 47400000 reads
2021-04-14 12:58:44,261 INFO Written out 47500000 reads
2021-04-14 12:59:07,010 INFO Written out 47600000 reads
2021-04-14 12:59:30,691 INFO Written out 47700000 reads
2021-04-14 12:59:50,716 INFO Parsed 61000000 input reads
2021-04-14 12:59:50,769 INFO Written out 47800000 reads
2021-04-14 13:00:33,983 INFO Written out 47900000 reads
2021-04-14 13:00:36,094 INFO Written out 48000000 reads
2021-04-14 13:00:39,333 INFO Written out 48100000 reads
2021-04-14 13:00:59,819 INFO Written out 48200000 reads
2021-04-14 13:01:23,594 INFO Written out 48300000 reads
2021-04-14 13:01:47,483 INFO Written out 48400000 reads
2021-04-14 13:02:08,480 INFO Written out 48500000 reads
2021-04-14 13:02:24,848 INFO Parsed 62000000 input reads
2021-04-14 13:02:29,164 INFO Written out 48600000 reads
2021-04-14 13:02:53,251 INFO Written out 48700000 reads
2021-04-14 13:03:17,373 INFO Written out 48800000 reads
2021-04-14 13:03:38,186 INFO Written out 48900000 reads
2021-04-14 13:03:59,130 INFO Written out 49000000 reads
2021-04-14 13:04:19,788 INFO Written out 49100000 reads
2021-04-14 13:04:44,113 INFO Written out 49200000 reads
2021-04-14 13:05:05,179 INFO Written out 49300000 reads
2021-04-14 13:05:17,586 INFO Parsed 63000000 input reads
2021-04-14 13:05:59,452 INFO Written out 49400000 reads
2021-04-14 13:06:22,874 INFO Written out 49500000 reads
2021-04-14 13:06:43,248 INFO Written out 49600000 reads
2021-04-14 13:07:03,501 INFO Written out 49700000 reads
2021-04-14 13:07:23,878 INFO Written out 49800000 reads
2021-04-14 13:07:44,301 INFO Written out 49900000 reads
2021-04-14 13:08:08,463 INFO Written out 50000000 reads
2021-04-14 13:08:28,896 INFO Written out 50100000 reads
2021-04-14 13:08:37,006 INFO Parsed 64000000 input reads
2021-04-14 13:08:52,941 INFO Written out 50200000 reads
2021-04-14 13:09:14,442 INFO Written out 50300000 reads
2021-04-14 13:09:35,066 INFO Written out 50400000 reads
2021-04-14 13:09:59,519 INFO Written out 50500000 reads
2021-04-14 13:10:23,952 INFO Written out 50600000 reads
2021-04-14 13:10:44,642 INFO Written out 50700000 reads
2021-04-14 13:11:09,272 INFO Written out 50800000 reads
2021-04-14 13:11:30,301 INFO Written out 50900000 reads
2021-04-14 13:11:38,282 INFO Parsed 65000000 input reads
2021-04-14 13:11:54,935 INFO Written out 51000000 reads
2021-04-14 13:12:16,261 INFO Written out 51100000 reads
2021-04-14 13:12:41,343 INFO Written out 51200000 reads
2021-04-14 13:13:06,496 INFO Written out 51300000 reads
2021-04-14 13:13:27,776 INFO Written out 51400000 reads
2021-04-14 13:13:48,886 INFO Written out 51500000 reads
2021-04-14 13:14:10,611 INFO Written out 51600000 reads
2021-04-14 13:14:39,247 INFO Written out 51700000 reads
2021-04-14 13:14:39,772 INFO Parsed 66000000 input reads
2021-04-14 13:15:01,004 INFO Written out 51800000 reads
2021-04-14 13:15:26,292 INFO Written out 51900000 reads
2021-04-14 13:16:09,904 INFO Written out 52000000 reads
2021-04-14 13:16:23,806 INFO Written out 52100000 reads
2021-04-14 13:16:45,530 INFO Written out 52200000 reads
2021-04-14 13:17:10,223 INFO Written out 52300000 reads
2021-04-14 13:17:31,536 INFO Written out 52400000 reads
2021-04-14 13:17:48,940 INFO Parsed 67000000 input reads
2021-04-14 13:17:52,817 INFO Written out 52500000 reads
2021-04-14 13:18:14,165 INFO Written out 52600000 reads
2021-04-14 13:18:39,265 INFO Written out 52700000 reads
2021-04-14 13:19:04,226 INFO Written out 52800000 reads
2021-04-14 13:19:29,755 INFO Written out 52900000 reads
2021-04-14 13:20:02,246 INFO Written out 53000000 reads
2021-04-14 13:20:12,399 INFO Written out 53100000 reads
2021-04-14 13:20:34,914 INFO Written out 53200000 reads
2021-04-14 13:20:52,266 INFO Parsed 68000000 input reads
2021-04-14 13:21:00,276 INFO Written out 53300000 reads
2021-04-14 13:21:25,871 INFO Written out 53400000 reads
2021-04-14 13:21:47,819 INFO Written out 53500000 reads
2021-04-14 13:22:17,262 INFO Written out 53600000 reads
2021-04-14 13:22:35,136 INFO Written out 53700000 reads
2021-04-14 13:23:00,691 INFO Written out 53800000 reads
2021-04-14 13:23:22,503 INFO Written out 53900000 reads
2021-04-14 13:23:44,508 INFO Written out 54000000 reads
2021-04-14 13:23:57,769 INFO Parsed 69000000 input reads
2021-04-14 13:24:10,174 INFO Written out 54100000 reads
2021-04-14 13:24:32,260 INFO Written out 54200000 reads
2021-04-14 13:24:58,252 INFO Written out 54300000 reads
2021-04-14 13:25:20,363 INFO Written out 54400000 reads
2021-04-14 13:25:43,363 INFO Written out 54500000 reads
2021-04-14 13:26:09,222 INFO Written out 54600000 reads
2021-04-14 13:26:43,078 INFO Written out 54700000 reads
2021-04-14 13:27:25,596 INFO Written out 54800000 reads
2021-04-14 13:27:38,339 INFO Parsed 70000000 input reads
2021-04-14 13:27:47,822 INFO Written out 54900000 reads
2021-04-14 13:28:09,836 INFO Written out 55000000 reads
2021-04-14 13:28:43,393 INFO Written out 55100000 reads
2021-04-14 13:28:57,881 INFO Written out 55200000 reads
2021-04-14 13:29:24,391 INFO Written out 55300000 reads
2021-04-14 13:29:50,523 INFO Written out 55400000 reads
2021-04-14 13:30:12,854 INFO Written out 55500000 reads
2021-04-14 13:30:38,953 INFO Written out 55600000 reads
2021-04-14 13:30:47,629 INFO Parsed 71000000 input reads
2021-04-14 13:31:05,545 INFO Written out 55700000 reads
2021-04-14 13:31:31,586 INFO Written out 55800000 reads
2021-04-14 13:31:58,229 INFO Written out 55900000 reads
2021-04-14 13:32:20,831 INFO Written out 56000000 reads
2021-04-14 13:32:48,061 INFO Written out 56100000 reads
2021-04-14 13:33:10,873 INFO Written out 56200000 reads
2021-04-14 13:33:37,295 INFO Written out 56300000 reads
2021-04-14 13:34:00,487 INFO Written out 56400000 reads
2021-04-14 13:34:04,939 INFO Parsed 72000000 input reads
2021-04-14 13:34:23,430 INFO Written out 56500000 reads
2021-04-14 13:34:50,273 INFO Written out 56600000 reads
2021-04-14 13:35:13,448 INFO Written out 56700000 reads
2021-04-14 13:35:36,466 INFO Written out 56800000 reads
2021-04-14 13:35:59,745 INFO Written out 56900000 reads
2021-04-14 13:36:27,638 INFO Written out 57000000 reads
2021-04-14 13:36:50,773 INFO Written out 57100000 reads
2021-04-14 13:37:18,138 INFO Parsed 73000000 input reads
2021-04-14 13:37:18,192 INFO Written out 57200000 reads
2021-04-14 13:38:05,826 INFO Written out 57300000 reads
2021-04-14 13:38:28,667 INFO Written out 57400000 reads
2021-04-14 13:38:51,473 INFO Written out 57500000 reads
2021-04-14 13:39:18,261 INFO Written out 57600000 reads
2021-04-14 13:39:45,030 INFO Written out 57700000 reads
2021-04-14 13:40:08,636 INFO Written out 57800000 reads
2021-04-14 13:40:31,853 INFO Written out 57900000 reads
2021-04-14 13:40:58,339 INFO Parsed 74000000 input reads
2021-04-14 13:40:58,790 INFO Written out 58000000 reads
2021-04-14 13:41:26,088 INFO Written out 58100000 reads
2021-04-14 13:41:53,416 INFO Written out 58200000 reads
2021-04-14 13:42:20,774 INFO Written out 58300000 reads
2021-04-14 13:42:43,995 INFO Written out 58400000 reads
2021-04-14 13:43:11,653 INFO Written out 58500000 reads
2021-04-14 13:43:31,239 INFO Written out 58600000 reads
2021-04-14 13:43:59,125 INFO Written out 58700000 reads
2021-04-14 13:44:13,516 INFO Parsed 75000000 input reads
2021-04-14 13:44:22,908 INFO Written out 58800000 reads
2021-04-14 13:44:46,723 INFO Written out 58900000 reads
2021-04-14 13:45:15,011 INFO Written out 59000000 reads
2021-04-14 13:45:34,532 INFO Written out 59100000 reads
2021-04-14 13:48:26,281 INFO Written out 59200000 reads
2021-04-14 13:48:28,908 INFO Written out 59300000 reads
2021-04-14 13:48:30,983 INFO Written out 59400000 reads
2021-04-14 13:48:33,031 INFO Written out 59500000 reads
2021-04-14 13:48:34,066 INFO Parsed 76000000 input reads
2021-04-14 13:48:35,270 INFO Written out 59600000 reads
2021-04-14 13:48:37,392 INFO Written out 59700000 reads
2021-04-14 13:48:39,517 INFO Written out 59800000 reads
2021-04-14 13:48:44,276 INFO Written out 59900000 reads
2021-04-14 13:48:46,672 INFO Written out 60000000 reads
2021-04-14 13:48:49,285 INFO Written out 60100000 reads
2021-04-14 13:48:52,128 INFO Written out 60200000 reads
2021-04-14 13:48:56,818 INFO Written out 60300000 reads
2021-04-14 13:48:57,804 INFO Parsed 77000000 input reads
2021-04-14 13:49:01,774 INFO Written out 60400000 reads
2021-04-14 13:49:05,550 INFO Written out 60500000 reads
2021-04-14 13:49:09,733 INFO Written out 60600000 reads
2021-04-14 13:49:15,993 INFO Written out 60700000 reads
2021-04-14 13:49:20,309 INFO Written out 60800000 reads
2021-04-14 13:49:23,496 INFO Written out 60900000 reads
2021-04-14 13:49:29,264 INFO Written out 61000000 reads
2021-04-14 13:49:32,808 INFO Parsed 78000000 input reads
2021-04-14 13:49:33,570 INFO Written out 61100000 reads
2021-04-14 13:49:40,508 INFO Written out 61200000 reads
2021-04-14 13:49:44,187 INFO Written out 61300000 reads
2021-04-14 13:49:47,761 INFO Written out 61400000 reads
2021-04-14 13:49:50,789 INFO Written out 61500000 reads
2021-04-14 13:49:53,935 INFO Written out 61600000 reads
2021-04-14 13:49:58,420 INFO Written out 61700000 reads
2021-04-14 13:50:01,512 INFO Written out 61800000 reads
2021-04-14 13:50:03,091 INFO Parsed 79000000 input reads
2021-04-14 13:50:04,691 INFO Written out 61900000 reads
2021-04-14 13:50:07,691 INFO Written out 62000000 reads
2021-04-14 13:50:11,941 INFO Written out 62100000 reads
2021-04-14 13:50:14,996 INFO Written out 62200000 reads
2021-04-14 13:50:17,792 INFO Written out 62300000 reads
2021-04-14 13:50:22,318 INFO Written out 62400000 reads
2021-04-14 13:50:28,053 INFO Written out 62500000 reads
2021-04-14 13:50:31,705 INFO Written out 62600000 reads
2021-04-14 13:50:32,450 INFO Parsed 80000000 input reads
2021-04-14 13:50:35,535 INFO Written out 62700000 reads
2021-04-14 13:50:39,486 INFO Written out 62800000 reads
2021-04-14 13:50:41,740 INFO Written out 62900000 reads
2021-04-14 13:50:43,935 INFO Written out 63000000 reads
2021-04-14 13:50:46,579 INFO Written out 63100000 reads
2021-04-14 13:50:48,698 INFO Written out 63200000 reads
2021-04-14 13:50:50,791 INFO Written out 63300000 reads
2021-04-14 13:50:52,841 INFO Written out 63400000 reads
2021-04-14 13:50:53,061 INFO Parsed 81000000 input reads
2021-04-14 13:50:56,819 INFO Written out 63500000 reads
2021-04-14 13:50:59,123 INFO Written out 63600000 reads
2021-04-14 13:51:01,521 INFO Written out 63700000 reads
2021-04-14 13:51:03,853 INFO Written out 63800000 reads
2021-04-14 13:51:48,588 INFO Written out 63900000 reads
2021-04-14 13:51:53,900 INFO Written out 64000000 reads
2021-04-14 13:51:59,279 INFO Written out 64100000 reads
2021-04-14 13:52:04,580 INFO Parsed 82000000 input reads
2021-04-14 13:52:05,109 INFO Written out 64200000 reads
2021-04-14 13:52:10,226 INFO Written out 64300000 reads
2021-04-14 13:52:16,432 INFO Written out 64400000 reads
2021-04-14 13:52:23,470 INFO Written out 64500000 reads
2021-04-14 13:52:26,010 INFO Searching for mates for 0 unmatched alignments
2021-04-14 13:56:27,115 INFO 0 mates never found
2021-04-14 14:11:51,007 INFO Reads: Input Reads: 82453991, Read pairs: 82453991, Read 2 unmapped: 5549
2021-04-14 14:11:51,008 INFO Number of reads out: 64540730
2021-04-14 14:11:51,008 INFO Total number of positions deduplicated: 52760869
2021-04-14 14:11:51,008 INFO Mean number of unique UMIs per position: 1.23
2021-04-14 14:11:51,008 INFO Max. number of unique UMIs per position: 3152
# job finished in 11188 seconds at Wed Apr 14 14:11:51 2021 -- 10947.85 200.80  0.00  0.00 -- fed65b7c-0e54-48fb-b3ed-126c1f1cf605
