# UMI-tools version: 1.1.1
# output generated by dedup -I 03_alignedData/bam/14_KB_C10Aligned.sortedByCoord.out.bam -L 04_dedupUmis/log/14_KB_C10.log -S 04_dedupUmis/bam/14_KB_C10.bam --umi-separator=: --temp-dir=. --paired --output-stats=04_dedupUmis/log/14_KB_C10
# job started at Wed Apr 14 11:05:22 2021 on r25-n30 -- 72e51039-9e06-4878-9be2-e13a1dd2bdb3
# pid: 175174, system: Linux 3.10.0-1062.9.1.el7.x86_64 #1 SMP Mon Dec 2 08:31:54 EST 2019 x86_64
# assigned_tag                            : None
# cell_tag                                : None
# cell_tag_delim                          : None
# cell_tag_split                          : -
# chimeric_pairs                          : use
# chrom                                   : None
# compresslevel                           : 6
# detection_method                        : None
# filter_umi                              : None
# gene_tag                                : None
# gene_transcript_map                     : None
# get_umi_method                          : read_id
# ignore_tlen                             : False
# ignore_umi                              : False
# in_sam                                  : False
# log2stderr                              : False
# loglevel                                : 1
# mapping_quality                         : 0
# method                                  : directional
# no_sort_output                          : False
# out_sam                                 : False
# output_unmapped                         : False
# paired                                  : True
# per_cell                                : False
# per_contig                              : False
# per_gene                                : False
# random_seed                             : None
# read_length                             : False
# short_help                              : None
# skip_regex                              : ^(__|Unassigned)
# soft_clip_threshold                     : 4
# spliced                                 : False
# stats                                   : 04_dedupUmis/log/14_KB_C10
# stderr                                  : <_io.TextIOWrapper name='<stderr>' mode='w' encoding='UTF-8'>
# stdin                                   : <_io.TextIOWrapper name='03_alignedData/bam/14_KB_C10Aligned.sortedByCoord.out.bam' mode='r' encoding='UTF-8'>
# stdlog                                  : <_io.TextIOWrapper name='04_dedupUmis/log/14_KB_C10.log' mode='a' encoding='UTF-8'>
# stdout                                  : <_io.TextIOWrapper name='04_dedupUmis/bam/14_KB_C10.bam' mode='w' encoding='UTF-8'>
# subset                                  : None
# threshold                               : 1
# timeit_file                             : None
# timeit_header                           : None
# timeit_name                             : all
# tmpdir                                  : .
# umi_sep                                 : :
# umi_tag                                 : RX
# umi_tag_delim                           : None
# umi_tag_split                           : None
# umi_whitelist                           : None
# umi_whitelist_paired                    : None
# unmapped_reads                          : discard
# unpaired_reads                          : use
# whole_contig                            : False
2021-04-14 11:05:22,682 WARNING Chimeric read pairs are being used. Some read pair UMIs may be grouped/deduplicated using just the mapping coordinates from read1.This may also increase the run time and memory usage. Consider --chimeric-pairs==discard to discard these reads or --chimeric-pairs==output (group command only) to output them without grouping
2021-04-14 11:05:22,682 WARNING Unpaired read pairs are being used. Some read pair UMIs may be grouped/deduplicated using just the mapping coordinates from read1.This may also increase the run time and memory usage. Consider --unpared-reads==discard to discard these reads or --unpared-reads==output (group command only) to output them without grouping
2021-04-14 11:05:22,682 INFO command: dedup -I 03_alignedData/bam/14_KB_C10Aligned.sortedByCoord.out.bam -L 04_dedupUmis/log/14_KB_C10.log -S 04_dedupUmis/bam/14_KB_C10.bam --umi-separator=: --temp-dir=. --paired --output-stats=04_dedupUmis/log/14_KB_C10
2021-04-14 11:10:05,661 INFO total_umis 83521196
2021-04-14 11:10:05,662 INFO #umis 66075
2021-04-14 11:14:02,339 INFO Written out 100000 reads
2021-04-14 11:14:06,096 INFO Written out 200000 reads
2021-04-14 11:14:10,194 INFO Written out 300000 reads
2021-04-14 11:14:14,957 INFO Written out 400000 reads
2021-04-14 11:14:18,660 INFO Written out 500000 reads
2021-04-14 11:14:23,632 INFO Written out 600000 reads
2021-04-14 11:14:27,124 INFO Written out 700000 reads
2021-04-14 11:14:31,669 INFO Written out 800000 reads
2021-04-14 11:14:33,646 INFO Parsed 1000000 input reads
2021-04-14 11:14:36,425 INFO Written out 900000 reads
2021-04-14 11:14:41,038 INFO Written out 1000000 reads
2021-04-14 11:14:45,492 INFO Written out 1100000 reads
2021-04-14 11:14:50,244 INFO Written out 1200000 reads
2021-04-14 11:14:55,237 INFO Written out 1300000 reads
2021-04-14 11:15:00,032 INFO Written out 1400000 reads
2021-04-14 11:15:05,314 INFO Written out 1500000 reads
2021-04-14 11:15:10,421 INFO Written out 1600000 reads
2021-04-14 11:15:15,149 INFO Parsed 2000000 input reads
2021-04-14 11:15:15,393 INFO Written out 1700000 reads
2021-04-14 11:15:20,784 INFO Written out 1800000 reads
2021-04-14 11:15:25,973 INFO Written out 1900000 reads
2021-04-14 11:15:31,468 INFO Written out 2000000 reads
2021-04-14 11:15:37,089 INFO Written out 2100000 reads
2021-04-14 11:15:42,831 INFO Written out 2200000 reads
2021-04-14 11:15:48,494 INFO Written out 2300000 reads
2021-04-14 11:15:54,597 INFO Written out 2400000 reads
2021-04-14 11:16:00,183 INFO Written out 2500000 reads
2021-04-14 11:16:02,202 INFO Parsed 3000000 input reads
2021-04-14 11:16:06,211 INFO Written out 2600000 reads
2021-04-14 11:16:11,839 INFO Written out 2700000 reads
2021-04-14 11:16:18,040 INFO Written out 2800000 reads
2021-04-14 11:16:45,557 INFO Written out 2900000 reads
2021-04-14 11:16:50,918 INFO Written out 3000000 reads
2021-04-14 11:16:56,677 INFO Written out 3100000 reads
2021-04-14 11:17:02,178 INFO Written out 3200000 reads
2021-04-14 11:17:08,053 INFO Written out 3300000 reads
2021-04-14 11:17:12,250 INFO Parsed 4000000 input reads
2021-04-14 11:17:13,638 INFO Written out 3400000 reads
2021-04-14 11:17:19,741 INFO Written out 3500000 reads
2021-04-14 11:17:25,573 INFO Written out 3600000 reads
2021-04-14 11:17:31,712 INFO Written out 3700000 reads
2021-04-14 11:17:37,451 INFO Written out 3800000 reads
2021-04-14 11:17:44,281 INFO Written out 3900000 reads
2021-04-14 11:17:50,891 INFO Written out 4000000 reads
2021-04-14 11:17:57,612 INFO Written out 4100000 reads
2021-04-14 11:18:02,187 INFO Written out 4200000 reads
2021-04-14 11:18:03,173 INFO Parsed 5000000 input reads
2021-04-14 11:18:08,953 INFO Written out 4300000 reads
2021-04-14 11:18:15,225 INFO Written out 4400000 reads
2021-04-14 11:18:23,009 INFO Written out 4500000 reads
2021-04-14 11:18:28,282 INFO Written out 4600000 reads
2021-04-14 11:18:35,376 INFO Written out 4700000 reads
2021-04-14 11:18:42,054 INFO Written out 4800000 reads
2021-04-14 11:18:48,340 INFO Written out 4900000 reads
2021-04-14 11:18:54,980 INFO Written out 5000000 reads
2021-04-14 11:18:58,791 INFO Parsed 6000000 input reads
2021-04-14 11:19:01,662 INFO Written out 5100000 reads
2021-04-14 11:19:12,025 INFO Written out 5200000 reads
2021-04-14 11:19:16,088 INFO Written out 5300000 reads
2021-04-14 11:19:42,049 INFO Written out 5400000 reads
2021-04-14 11:19:49,035 INFO Written out 5500000 reads
2021-04-14 11:19:56,131 INFO Written out 5600000 reads
2021-04-14 11:20:01,639 INFO Written out 5700000 reads
2021-04-14 11:20:08,812 INFO Written out 5800000 reads
2021-04-14 11:20:14,726 INFO Parsed 7000000 input reads
2021-04-14 11:20:15,085 INFO Written out 5900000 reads
2021-04-14 11:20:22,180 INFO Written out 6000000 reads
2021-04-14 11:20:29,386 INFO Written out 6100000 reads
2021-04-14 11:20:37,128 INFO Written out 6200000 reads
2021-04-14 11:20:41,975 INFO Written out 6300000 reads
2021-04-14 11:20:49,430 INFO Written out 6400000 reads
2021-04-14 11:20:56,927 INFO Written out 6500000 reads
2021-04-14 11:21:03,701 INFO Written out 6600000 reads
2021-04-14 11:21:11,507 INFO Written out 6700000 reads
2021-04-14 11:21:13,134 INFO Parsed 8000000 input reads
2021-04-14 11:21:18,232 INFO Written out 6800000 reads
2021-04-14 11:21:25,369 INFO Written out 6900000 reads
2021-04-14 11:21:33,244 INFO Written out 7000000 reads
2021-04-14 11:21:41,369 INFO Written out 7100000 reads
2021-04-14 11:21:48,562 INFO Written out 7200000 reads
2021-04-14 11:21:55,938 INFO Written out 7300000 reads
2021-04-14 11:22:04,122 INFO Written out 7400000 reads
2021-04-14 11:22:11,585 INFO Written out 7500000 reads
2021-04-14 11:22:18,319 INFO Parsed 9000000 input reads
2021-04-14 11:22:19,900 INFO Written out 7600000 reads
2021-04-14 11:22:27,445 INFO Written out 7700000 reads
2021-04-14 11:22:55,441 INFO Written out 7800000 reads
2021-04-14 11:23:02,076 INFO Written out 7900000 reads
2021-04-14 11:23:09,324 INFO Written out 8000000 reads
2021-04-14 11:23:16,081 INFO Written out 8100000 reads
2021-04-14 11:23:23,526 INFO Written out 8200000 reads
2021-04-14 11:23:30,424 INFO Written out 8300000 reads
2021-04-14 11:23:37,411 INFO Written out 8400000 reads
2021-04-14 11:23:39,580 INFO Parsed 10000000 input reads
2021-04-14 11:23:46,268 INFO Written out 8500000 reads
2021-04-14 11:23:53,268 INFO Written out 8600000 reads
2021-04-14 11:24:00,394 INFO Written out 8700000 reads
2021-04-14 11:24:07,425 INFO Written out 8800000 reads
2021-04-14 11:24:16,758 INFO Written out 8900000 reads
2021-04-14 11:24:20,753 INFO Written out 9000000 reads
2021-04-14 11:24:29,791 INFO Written out 9100000 reads
2021-04-14 11:24:36,415 INFO Written out 9200000 reads
2021-04-14 11:24:42,064 INFO Parsed 11000000 input reads
2021-04-14 11:24:44,799 INFO Written out 9300000 reads
2021-04-14 11:24:53,399 INFO Written out 9400000 reads
2021-04-14 11:25:01,097 INFO Written out 9500000 reads
2021-04-14 11:25:08,873 INFO Written out 9600000 reads
2021-04-14 11:25:16,795 INFO Written out 9700000 reads
2021-04-14 11:25:25,628 INFO Written out 9800000 reads
2021-04-14 11:25:49,999 INFO Written out 9900000 reads
2021-04-14 11:25:57,356 INFO Written out 10000000 reads
2021-04-14 11:26:05,811 INFO Written out 10100000 reads
2021-04-14 11:26:06,070 INFO Parsed 12000000 input reads
2021-04-14 11:26:13,343 INFO Written out 10200000 reads
2021-04-14 11:26:22,041 INFO Written out 10300000 reads
2021-04-14 11:26:29,570 INFO Written out 10400000 reads
2021-04-14 11:26:35,619 INFO Written out 10500000 reads
2021-04-14 11:26:43,505 INFO Written out 10600000 reads
2021-04-14 11:26:51,382 INFO Written out 10700000 reads
2021-04-14 11:27:00,250 INFO Written out 10800000 reads
2021-04-14 11:27:08,265 INFO Written out 10900000 reads
2021-04-14 11:27:12,839 INFO Parsed 13000000 input reads
2021-04-14 11:27:17,215 INFO Written out 11000000 reads
2021-04-14 11:27:26,378 INFO Written out 11100000 reads
2021-04-14 11:27:34,926 INFO Written out 11200000 reads
2021-04-14 11:27:45,289 INFO Written out 11300000 reads
2021-04-14 11:27:53,623 INFO Written out 11400000 reads
2021-04-14 11:28:00,622 INFO Written out 11500000 reads
2021-04-14 11:28:09,945 INFO Written out 11600000 reads
2021-04-14 11:28:19,534 INFO Written out 11700000 reads
2021-04-14 11:28:28,035 INFO Parsed 14000000 input reads
2021-04-14 11:28:28,188 INFO Written out 11800000 reads
2021-04-14 11:28:37,802 INFO Written out 11900000 reads
2021-04-14 11:28:46,486 INFO Written out 12000000 reads
2021-04-14 11:28:55,095 INFO Written out 12100000 reads
2021-04-14 11:29:03,948 INFO Written out 12200000 reads
2021-04-14 11:29:35,219 INFO Written out 12300000 reads
2021-04-14 11:29:42,041 INFO Written out 12400000 reads
2021-04-14 11:29:51,274 INFO Written out 12500000 reads
2021-04-14 11:29:59,734 INFO Written out 12600000 reads
2021-04-14 11:30:03,021 INFO Parsed 15000000 input reads
2021-04-14 11:30:09,188 INFO Written out 12700000 reads
2021-04-14 11:30:16,482 INFO Written out 12800000 reads
2021-04-14 11:30:26,032 INFO Written out 12900000 reads
2021-04-14 11:30:35,818 INFO Written out 13000000 reads
2021-04-14 11:30:44,425 INFO Written out 13100000 reads
2021-04-14 11:30:54,106 INFO Written out 13200000 reads
2021-04-14 11:31:02,638 INFO Written out 13300000 reads
2021-04-14 11:31:12,596 INFO Written out 13400000 reads
2021-04-14 11:31:19,806 INFO Parsed 16000000 input reads
2021-04-14 11:31:21,462 INFO Written out 13500000 reads
2021-04-14 11:31:31,354 INFO Written out 13600000 reads
2021-04-14 11:31:42,938 INFO Written out 13700000 reads
2021-04-14 11:31:50,329 INFO Written out 13800000 reads
2021-04-14 11:32:03,503 INFO Written out 13900000 reads
2021-04-14 11:32:09,662 INFO Written out 14000000 reads
2021-04-14 11:32:19,996 INFO Written out 14100000 reads
2021-04-14 11:32:30,430 INFO Written out 14200000 reads
2021-04-14 11:32:38,523 INFO Written out 14300000 reads
2021-04-14 11:32:40,607 INFO Parsed 17000000 input reads
2021-04-14 11:32:47,701 INFO Written out 14400000 reads
2021-04-14 11:32:57,188 INFO Written out 14500000 reads
2021-04-14 11:33:22,085 INFO Written out 14600000 reads
2021-04-14 11:33:24,228 INFO Written out 14700000 reads
2021-04-14 11:33:26,346 INFO Written out 14800000 reads
2021-04-14 11:33:28,363 INFO Written out 14900000 reads
2021-04-14 11:33:30,489 INFO Written out 15000000 reads
2021-04-14 11:33:34,303 INFO Written out 15100000 reads
2021-04-14 11:33:40,971 INFO Parsed 18000000 input reads
2021-04-14 11:33:42,958 INFO Written out 15200000 reads
2021-04-14 11:33:53,168 INFO Written out 15300000 reads
2021-04-14 11:34:05,357 INFO Written out 15400000 reads
2021-04-14 11:34:38,105 INFO Written out 15500000 reads
2021-04-14 11:34:47,664 INFO Written out 15600000 reads
2021-04-14 11:34:58,763 INFO Written out 15700000 reads
2021-04-14 11:35:08,594 INFO Written out 15800000 reads
2021-04-14 11:35:18,262 INFO Written out 15900000 reads
2021-04-14 11:35:29,253 INFO Written out 16000000 reads
2021-04-14 11:35:30,972 INFO Parsed 19000000 input reads
2021-04-14 11:35:40,304 INFO Written out 16100000 reads
2021-04-14 11:35:50,253 INFO Written out 16200000 reads
2021-04-14 11:36:01,519 INFO Written out 16300000 reads
2021-04-14 11:36:11,623 INFO Written out 16400000 reads
2021-04-14 11:36:22,898 INFO Written out 16500000 reads
2021-04-14 11:36:33,038 INFO Written out 16600000 reads
2021-04-14 11:36:47,682 INFO Written out 16700000 reads
2021-04-14 11:36:54,790 INFO Written out 16800000 reads
2021-04-14 11:37:02,274 INFO Parsed 20000000 input reads
2021-04-14 11:37:06,539 INFO Written out 16900000 reads
2021-04-14 11:37:18,302 INFO Written out 17000000 reads
2021-04-14 11:37:31,844 INFO Written out 17100000 reads
2021-04-14 11:37:39,522 INFO Written out 17200000 reads
2021-04-14 11:37:49,873 INFO Written out 17300000 reads
2021-04-14 11:38:00,422 INFO Written out 17400000 reads
2021-04-14 11:38:12,619 INFO Written out 17500000 reads
2021-04-14 11:38:26,514 INFO Written out 17600000 reads
2021-04-14 11:38:52,989 INFO Parsed 21000000 input reads
2021-04-14 11:38:52,991 INFO Written out 17700000 reads
2021-04-14 11:39:04,794 INFO Written out 17800000 reads
2021-04-14 11:39:14,898 INFO Written out 17900000 reads
2021-04-14 11:39:25,327 INFO Written out 18000000 reads
2021-04-14 11:39:37,071 INFO Written out 18100000 reads
2021-04-14 11:39:47,480 INFO Written out 18200000 reads
2021-04-14 11:40:01,129 INFO Written out 18300000 reads
2021-04-14 11:40:10,223 INFO Written out 18400000 reads
2021-04-14 11:40:20,899 INFO Written out 18500000 reads
2021-04-14 11:40:26,798 INFO Parsed 22000000 input reads
2021-04-14 11:40:32,936 INFO Written out 18600000 reads
2021-04-14 11:40:43,912 INFO Written out 18700000 reads
2021-04-14 11:40:56,287 INFO Written out 18800000 reads
2021-04-14 11:41:07,165 INFO Written out 18900000 reads
2021-04-14 11:41:19,723 INFO Written out 19000000 reads
2021-04-14 11:41:32,446 INFO Written out 19100000 reads
2021-04-14 11:41:43,528 INFO Written out 19200000 reads
2021-04-14 11:41:57,970 INFO Written out 19300000 reads
2021-04-14 11:42:08,899 INFO Parsed 23000000 input reads
2021-04-14 11:42:09,172 INFO Written out 19400000 reads
2021-04-14 11:42:24,216 INFO Written out 19500000 reads
2021-04-14 11:42:32,119 INFO Written out 19600000 reads
2021-04-14 11:42:43,661 INFO Written out 19700000 reads
2021-04-14 11:42:56,858 INFO Written out 19800000 reads
2021-04-14 11:43:09,882 INFO Written out 19900000 reads
2021-04-14 11:43:21,888 INFO Written out 20000000 reads
2021-04-14 11:43:31,514 INFO Written out 20100000 reads
2021-04-14 11:43:44,765 INFO Written out 20200000 reads
2021-04-14 11:43:47,592 INFO Parsed 24000000 input reads
2021-04-14 11:43:56,685 INFO Written out 20300000 reads
2021-04-14 11:44:10,297 INFO Written out 20400000 reads
2021-04-14 11:44:23,965 INFO Written out 20500000 reads
2021-04-14 11:45:00,715 INFO Written out 20600000 reads
2021-04-14 11:45:10,261 INFO Written out 20700000 reads
2021-04-14 11:45:23,290 INFO Written out 20800000 reads
2021-04-14 11:45:36,628 INFO Written out 20900000 reads
2021-04-14 11:45:42,674 INFO Written out 21000000 reads
2021-04-14 11:45:52,101 INFO Parsed 25000000 input reads
2021-04-14 11:45:56,297 INFO Written out 21100000 reads
2021-04-14 11:46:07,861 INFO Written out 21200000 reads
2021-04-14 11:46:19,501 INFO Written out 21300000 reads
2021-04-14 11:46:32,765 INFO Written out 21400000 reads
2021-04-14 11:46:44,527 INFO Written out 21500000 reads
2021-04-14 11:46:58,037 INFO Written out 21600000 reads
2021-04-14 11:47:11,690 INFO Written out 21700000 reads
2021-04-14 11:47:25,286 INFO Written out 21800000 reads
2021-04-14 11:47:39,304 INFO Written out 21900000 reads
2021-04-14 11:47:39,697 INFO Parsed 26000000 input reads
2021-04-14 11:47:50,893 INFO Written out 22000000 reads
2021-04-14 11:48:02,859 INFO Written out 22100000 reads
2021-04-14 11:48:15,106 INFO Written out 22200000 reads
2021-04-14 11:48:27,442 INFO Written out 22300000 reads
2021-04-14 11:48:41,745 INFO Written out 22400000 reads
2021-04-14 11:48:54,229 INFO Written out 22500000 reads
2021-04-14 11:49:08,648 INFO Written out 22600000 reads
2021-04-14 11:49:21,502 INFO Written out 22700000 reads
2021-04-14 11:49:31,363 INFO Parsed 27000000 input reads
2021-04-14 11:49:54,383 INFO Written out 22800000 reads
2021-04-14 11:50:08,088 INFO Written out 22900000 reads
2021-04-14 11:50:20,012 INFO Written out 23000000 reads
2021-04-14 11:50:32,234 INFO Written out 23100000 reads
2021-04-14 11:50:46,350 INFO Written out 23200000 reads
2021-04-14 11:50:58,418 INFO Written out 23300000 reads
2021-04-14 11:51:12,499 INFO Written out 23400000 reads
2021-04-14 11:51:26,299 INFO Written out 23500000 reads
2021-04-14 11:51:38,380 INFO Written out 23600000 reads
2021-04-14 11:51:38,464 INFO Parsed 28000000 input reads
2021-04-14 11:51:50,493 INFO Written out 23700000 reads
2021-04-14 11:52:04,504 INFO Written out 23800000 reads
2021-04-14 11:52:16,607 INFO Written out 23900000 reads
2021-04-14 11:52:28,811 INFO Written out 24000000 reads
2021-04-14 11:52:42,901 INFO Written out 24100000 reads
2021-04-14 11:52:55,470 INFO Written out 24200000 reads
2021-04-14 11:53:10,079 INFO Written out 24300000 reads
2021-04-14 11:53:22,814 INFO Written out 24400000 reads
2021-04-14 11:53:30,116 INFO Parsed 29000000 input reads
2021-04-14 11:53:37,667 INFO Written out 24500000 reads
2021-04-14 11:53:52,458 INFO Written out 24600000 reads
2021-04-14 11:54:05,519 INFO Written out 24700000 reads
2021-04-14 11:54:20,774 INFO Written out 24800000 reads
2021-04-14 11:54:55,510 INFO Written out 24900000 reads
2021-04-14 11:55:06,002 INFO Written out 25000000 reads
2021-04-14 11:55:18,631 INFO Written out 25100000 reads
2021-04-14 11:55:33,391 INFO Written out 25200000 reads
2021-04-14 11:55:43,784 INFO Parsed 30000000 input reads
2021-04-14 11:55:54,588 INFO Written out 25300000 reads
2021-04-14 11:55:58,910 INFO Written out 25400000 reads
2021-04-14 11:56:18,150 INFO Written out 25500000 reads
2021-04-14 11:56:24,742 INFO Written out 25600000 reads
2021-04-14 11:56:39,523 INFO Written out 25700000 reads
2021-04-14 11:56:52,249 INFO Written out 25800000 reads
2021-04-14 11:57:05,333 INFO Written out 25900000 reads
2021-04-14 11:57:20,013 INFO Written out 26000000 reads
2021-04-14 11:57:34,999 INFO Written out 26100000 reads
2021-04-14 11:57:37,964 INFO Parsed 31000000 input reads
2021-04-14 11:57:48,040 INFO Written out 26200000 reads
2021-04-14 11:58:01,338 INFO Written out 26300000 reads
2021-04-14 11:58:16,517 INFO Written out 26400000 reads
2021-04-14 11:58:29,962 INFO Written out 26500000 reads
2021-04-14 11:58:46,463 INFO Written out 26600000 reads
2021-04-14 11:58:50,872 INFO Written out 26700000 reads
2021-04-14 11:59:04,226 INFO Written out 26800000 reads
2021-04-14 11:59:20,037 INFO Written out 26900000 reads
2021-04-14 11:59:30,457 INFO Parsed 32000000 input reads
2021-04-14 11:59:35,807 INFO Written out 27000000 reads
2021-04-14 11:59:56,230 INFO Written out 27100000 reads
2021-04-14 12:00:03,147 INFO Written out 27200000 reads
2021-04-14 12:00:17,043 INFO Written out 27300000 reads
2021-04-14 12:00:33,143 INFO Written out 27400000 reads
2021-04-14 12:00:49,459 INFO Written out 27500000 reads
2021-04-14 12:01:03,766 INFO Written out 27600000 reads
2021-04-14 12:01:20,312 INFO Written out 27700000 reads
2021-04-14 12:01:37,122 INFO Written out 27800000 reads
2021-04-14 12:01:37,383 INFO Parsed 33000000 input reads
2021-04-14 12:01:54,150 INFO Written out 27900000 reads
2021-04-14 12:02:06,044 INFO Written out 28000000 reads
2021-04-14 12:02:18,549 INFO Written out 28100000 reads
2021-04-14 12:02:35,426 INFO Written out 28200000 reads
2021-04-14 12:03:19,122 INFO Written out 28300000 reads
2021-04-14 12:03:33,002 INFO Written out 28400000 reads
2021-04-14 12:03:46,884 INFO Written out 28500000 reads
2021-04-14 12:04:03,123 INFO Written out 28600000 reads
2021-04-14 12:04:11,372 INFO Parsed 34000000 input reads
2021-04-14 12:04:17,245 INFO Written out 28700000 reads
2021-04-14 12:04:33,435 INFO Written out 28800000 reads
2021-04-14 12:04:47,806 INFO Written out 28900000 reads
2021-04-14 12:05:09,375 INFO Written out 29000000 reads
2021-04-14 12:05:16,575 INFO Written out 29100000 reads
2021-04-14 12:05:30,956 INFO Written out 29200000 reads
2021-04-14 12:05:45,171 INFO Written out 29300000 reads
2021-04-14 12:06:01,865 INFO Written out 29400000 reads
2021-04-14 12:06:18,526 INFO Parsed 35000000 input reads
2021-04-14 12:06:18,557 INFO Written out 29500000 reads
2021-04-14 12:06:33,154 INFO Written out 29600000 reads
2021-04-14 12:06:49,992 INFO Written out 29700000 reads
2021-04-14 12:07:06,954 INFO Written out 29800000 reads
2021-04-14 12:07:21,800 INFO Written out 29900000 reads
2021-04-14 12:07:38,895 INFO Written out 30000000 reads
2021-04-14 12:07:56,034 INFO Written out 30100000 reads
2021-04-14 12:08:11,123 INFO Written out 30200000 reads
2021-04-14 12:08:28,514 INFO Written out 30300000 reads
2021-04-14 12:08:37,199 INFO Parsed 36000000 input reads
2021-04-14 12:08:43,818 INFO Written out 30400000 reads
2021-04-14 12:09:01,729 INFO Written out 30500000 reads
2021-04-14 12:09:14,351 INFO Written out 30600000 reads
2021-04-14 12:09:29,523 INFO Written out 30700000 reads
2021-04-14 12:09:44,928 INFO Written out 30800000 reads
2021-04-14 12:10:05,206 INFO Written out 30900000 reads
2021-04-14 12:10:20,663 INFO Written out 31000000 reads
2021-04-14 12:10:38,904 INFO Written out 31100000 reads
2021-04-14 12:10:51,563 INFO Parsed 37000000 input reads
2021-04-14 12:10:54,459 INFO Written out 31200000 reads
2021-04-14 12:11:10,314 INFO Written out 31300000 reads
2021-04-14 12:11:53,544 INFO Written out 31400000 reads
2021-04-14 12:12:10,843 INFO Written out 31500000 reads
2021-04-14 12:12:25,817 INFO Written out 31600000 reads
2021-04-14 12:12:43,606 INFO Written out 31700000 reads
2021-04-14 12:13:01,019 INFO Written out 31800000 reads
2021-04-14 12:13:16,262 INFO Written out 31900000 reads
2021-04-14 12:13:33,791 INFO Written out 32000000 reads
2021-04-14 12:13:37,083 INFO Parsed 38000000 input reads
2021-04-14 12:13:49,072 INFO Written out 32100000 reads
2021-04-14 12:14:06,937 INFO Written out 32200000 reads
2021-04-14 12:14:19,560 INFO Written out 32300000 reads
2021-04-14 12:14:34,830 INFO Written out 32400000 reads
2021-04-14 12:14:52,170 INFO Written out 32500000 reads
2021-04-14 12:15:09,059 INFO Written out 32600000 reads
2021-04-14 12:15:23,758 INFO Written out 32700000 reads
2021-04-14 12:15:41,433 INFO Written out 32800000 reads
2021-04-14 12:15:53,800 INFO Parsed 39000000 input reads
2021-04-14 12:15:57,287 INFO Written out 32900000 reads
2021-04-14 12:16:13,039 INFO Written out 33000000 reads
2021-04-14 12:16:40,341 INFO Written out 33100000 reads
2021-04-14 12:16:42,497 INFO Written out 33200000 reads
2021-04-14 12:16:56,080 INFO Written out 33300000 reads
2021-04-14 12:17:09,370 INFO Written out 33400000 reads
2021-04-14 12:17:30,958 INFO Written out 33500000 reads
2021-04-14 12:17:41,648 INFO Written out 33600000 reads
2021-04-14 12:17:57,994 INFO Written out 33700000 reads
2021-04-14 12:18:01,118 INFO Parsed 40000000 input reads
2021-04-14 12:18:14,550 INFO Written out 33800000 reads
2021-04-14 12:18:42,459 INFO Written out 33900000 reads
2021-04-14 12:18:47,243 INFO Written out 34000000 reads
2021-04-14 12:19:03,813 INFO Written out 34100000 reads
2021-04-14 12:19:23,284 INFO Written out 34200000 reads
2021-04-14 12:20:05,924 INFO Written out 34300000 reads
2021-04-14 12:20:22,033 INFO Written out 34400000 reads
2021-04-14 12:20:41,233 INFO Written out 34500000 reads
2021-04-14 12:20:50,956 INFO Parsed 41000000 input reads
2021-04-14 12:20:57,353 INFO Written out 34600000 reads
2021-04-14 12:21:13,452 INFO Written out 34700000 reads
2021-04-14 12:21:35,320 INFO Written out 34800000 reads
2021-04-14 12:21:53,322 INFO Written out 34900000 reads
2021-04-14 12:22:09,692 INFO Written out 35000000 reads
2021-04-14 12:22:25,632 INFO Written out 35100000 reads
2021-04-14 12:22:47,090 INFO Written out 35200000 reads
2021-04-14 12:22:57,688 INFO Written out 35300000 reads
2021-04-14 12:23:22,002 INFO Parsed 42000000 input reads
2021-04-14 12:23:22,011 INFO Written out 35400000 reads
2021-04-14 12:23:32,495 INFO Written out 35500000 reads
2021-04-14 12:23:51,470 INFO Written out 35600000 reads
2021-04-14 12:24:07,843 INFO Written out 35700000 reads
2021-04-14 12:24:27,437 INFO Written out 35800000 reads
2021-04-14 12:24:46,891 INFO Written out 35900000 reads
2021-04-14 12:25:00,357 INFO Written out 36000000 reads
2021-04-14 12:25:20,387 INFO Written out 36100000 reads
2021-04-14 12:25:37,753 INFO Written out 36200000 reads
2021-04-14 12:25:47,627 INFO Parsed 43000000 input reads
2021-04-14 12:25:55,315 INFO Written out 36300000 reads
2021-04-14 12:26:15,840 INFO Written out 36400000 reads
2021-04-14 12:26:46,235 INFO Written out 36500000 reads
2021-04-14 12:26:48,384 INFO Written out 36600000 reads
2021-04-14 12:27:03,526 INFO Written out 36700000 reads
2021-04-14 12:27:24,283 INFO Written out 36800000 reads
2021-04-14 12:27:44,989 INFO Written out 36900000 reads
2021-04-14 12:28:05,990 INFO Written out 37000000 reads
2021-04-14 12:28:20,578 INFO Parsed 44000000 input reads
2021-04-14 12:28:27,052 INFO Written out 37100000 reads
2021-04-14 12:29:12,730 INFO Written out 37200000 reads
2021-04-14 12:29:32,717 INFO Written out 37300000 reads
2021-04-14 12:29:52,611 INFO Written out 37400000 reads
2021-04-14 12:30:12,684 INFO Written out 37500000 reads
2021-04-14 12:30:30,286 INFO Written out 37600000 reads
2021-04-14 12:30:47,886 INFO Written out 37700000 reads
2021-04-14 12:31:08,284 INFO Written out 37800000 reads
2021-04-14 12:31:25,884 INFO Written out 37900000 reads
2021-04-14 12:31:29,314 INFO Parsed 45000000 input reads
2021-04-14 12:31:43,106 INFO Written out 38000000 reads
2021-04-14 12:32:02,966 INFO Written out 38100000 reads
2021-04-14 12:32:22,858 INFO Written out 38200000 reads
2021-04-14 12:32:42,974 INFO Written out 38300000 reads
2021-04-14 12:33:00,431 INFO Written out 38400000 reads
2021-04-14 12:33:20,571 INFO Written out 38500000 reads
2021-04-14 12:33:38,045 INFO Written out 38600000 reads
2021-04-14 12:33:58,391 INFO Written out 38700000 reads
2021-04-14 12:34:09,135 INFO Parsed 46000000 input reads
2021-04-14 12:34:15,975 INFO Written out 38800000 reads
2021-04-14 12:34:36,530 INFO Written out 38900000 reads
2021-04-14 12:35:11,418 INFO Written out 39000000 reads
2021-04-14 12:35:28,443 INFO Written out 39100000 reads
2021-04-14 12:35:48,182 INFO Written out 39200000 reads
2021-04-14 12:36:07,667 INFO Written out 39300000 reads
2021-04-14 12:36:27,503 INFO Written out 39400000 reads
2021-04-14 12:36:44,777 INFO Written out 39500000 reads
2021-04-14 12:37:01,793 INFO Written out 39600000 reads
2021-04-14 12:37:04,895 INFO Parsed 47000000 input reads
2021-04-14 12:37:21,984 INFO Written out 39700000 reads
2021-04-14 12:37:39,103 INFO Written out 39800000 reads
2021-04-14 12:37:59,671 INFO Written out 39900000 reads
2021-04-14 12:38:17,797 INFO Written out 40000000 reads
2021-04-14 12:38:39,035 INFO Written out 40100000 reads
2021-04-14 12:38:56,895 INFO Written out 40200000 reads
2021-04-14 12:39:18,096 INFO Written out 40300000 reads
2021-04-14 12:39:39,358 INFO Written out 40400000 reads
2021-04-14 12:39:50,097 INFO Parsed 48000000 input reads
2021-04-14 12:39:57,714 INFO Written out 40500000 reads
2021-04-14 12:40:19,569 INFO Written out 40600000 reads
2021-04-14 12:40:47,821 INFO Written out 40700000 reads
2021-04-14 12:40:53,616 INFO Written out 40800000 reads
2021-04-14 12:41:15,311 INFO Written out 40900000 reads
2021-04-14 12:41:36,953 INFO Written out 41000000 reads
2021-04-14 12:42:03,028 INFO Written out 41100000 reads
2021-04-14 12:42:05,115 INFO Written out 41200000 reads
2021-04-14 12:42:20,887 INFO Parsed 49000000 input reads
2021-04-14 12:42:20,931 INFO Written out 41300000 reads
2021-04-14 12:42:43,042 INFO Written out 41400000 reads
2021-04-14 12:43:02,176 INFO Written out 41500000 reads
2021-04-14 12:43:24,597 INFO Written out 41600000 reads
2021-04-14 12:43:43,478 INFO Written out 41700000 reads
2021-04-14 12:44:26,858 INFO Written out 41800000 reads
2021-04-14 12:44:45,896 INFO Written out 41900000 reads
2021-04-14 12:45:07,380 INFO Written out 42000000 reads
2021-04-14 12:45:28,922 INFO Written out 42100000 reads
2021-04-14 12:45:33,390 INFO Parsed 50000000 input reads
2021-04-14 12:45:44,826 INFO Written out 42200000 reads
2021-04-14 12:46:03,725 INFO Written out 42300000 reads
2021-04-14 12:46:22,449 INFO Written out 42400000 reads
2021-04-14 12:46:44,770 INFO Written out 42500000 reads
2021-04-14 12:47:03,988 INFO Written out 42600000 reads
2021-04-14 12:47:23,034 INFO Written out 42700000 reads
2021-04-14 12:47:46,619 INFO Written out 42800000 reads
2021-04-14 12:48:05,999 INFO Written out 42900000 reads
2021-04-14 12:48:24,800 INFO Parsed 51000000 input reads
2021-04-14 12:48:28,529 INFO Written out 43000000 reads
2021-04-14 12:48:51,238 INFO Written out 43100000 reads
2021-04-14 12:49:10,687 INFO Written out 43200000 reads
2021-04-14 12:49:29,981 INFO Written out 43300000 reads
2021-04-14 12:50:09,815 INFO Written out 43400000 reads
2021-04-14 12:50:28,338 INFO Written out 43500000 reads
2021-04-14 12:50:50,479 INFO Written out 43600000 reads
2021-04-14 12:51:09,607 INFO Written out 43700000 reads
2021-04-14 12:51:32,574 INFO Written out 43800000 reads
2021-04-14 12:51:36,593 INFO Parsed 52000000 input reads
2021-04-14 12:51:51,745 INFO Written out 43900000 reads
2021-04-14 12:52:13,888 INFO Written out 44000000 reads
2021-04-14 12:52:32,971 INFO Written out 44100000 reads
2021-04-14 12:52:55,811 INFO Written out 44200000 reads
2021-04-14 12:53:08,564 INFO Written out 44300000 reads
2021-04-14 12:53:27,936 INFO Written out 44400000 reads
2021-04-14 12:53:57,644 INFO Written out 44500000 reads
2021-04-14 12:54:10,312 INFO Written out 44600000 reads
2021-04-14 12:54:25,767 INFO Parsed 53000000 input reads
2021-04-14 12:54:33,386 INFO Written out 44700000 reads
2021-04-14 12:54:54,306 INFO Written out 44800000 reads
2021-04-14 12:55:14,277 INFO Written out 44900000 reads
2021-04-14 12:55:37,497 INFO Written out 45000000 reads
2021-04-14 12:55:57,498 INFO Written out 45100000 reads
2021-04-14 12:56:20,765 INFO Written out 45200000 reads
2021-04-14 12:56:44,372 INFO Written out 45300000 reads
2021-04-14 12:57:05,231 INFO Written out 45400000 reads
2021-04-14 12:57:44,257 INFO Written out 45500000 reads
2021-04-14 12:57:44,496 INFO Parsed 54000000 input reads
2021-04-14 12:58:07,676 INFO Written out 45600000 reads
2021-04-14 12:58:28,993 INFO Written out 45700000 reads
2021-04-14 12:58:51,981 INFO Written out 45800000 reads
2021-04-14 12:59:12,254 INFO Written out 45900000 reads
2021-04-14 12:59:35,853 INFO Written out 46000000 reads
2021-04-14 12:59:56,032 INFO Written out 46100000 reads
2021-04-14 13:00:19,892 INFO Written out 46200000 reads
2021-04-14 13:00:40,226 INFO Written out 46300000 reads
2021-04-14 13:00:52,165 INFO Parsed 55000000 input reads
2021-04-14 13:01:00,609 INFO Written out 46400000 reads
2021-04-14 13:01:24,889 INFO Written out 46500000 reads
2021-04-14 13:01:48,865 INFO Written out 46600000 reads
2021-04-14 13:02:10,774 INFO Written out 46700000 reads
2021-04-14 13:02:34,551 INFO Written out 46800000 reads
2021-04-14 13:03:01,954 INFO Written out 46900000 reads
2021-04-14 13:03:19,334 INFO Written out 47000000 reads
2021-04-14 13:03:40,289 INFO Written out 47100000 reads
2021-04-14 13:04:01,172 INFO Parsed 56000000 input reads
2021-04-14 13:04:04,806 INFO Written out 47200000 reads
2021-04-14 13:04:29,476 INFO Written out 47300000 reads
2021-04-14 13:04:54,523 INFO Written out 47400000 reads
2021-04-14 13:05:23,284 INFO Written out 47500000 reads
2021-04-14 13:05:45,516 INFO Written out 47600000 reads
2021-04-14 13:06:10,527 INFO Written out 47700000 reads
2021-04-14 13:06:32,057 INFO Written out 47800000 reads
2021-04-14 13:06:57,226 INFO Written out 47900000 reads
2021-04-14 13:07:22,449 INFO Written out 48000000 reads
2021-04-14 13:07:34,907 INFO Parsed 57000000 input reads
2021-04-14 13:07:51,836 INFO Written out 48100000 reads
2021-04-14 13:08:13,345 INFO Written out 48200000 reads
2021-04-14 13:08:39,556 INFO Written out 48300000 reads
2021-04-14 13:08:42,118 INFO Written out 48400000 reads
2021-04-14 13:09:06,217 INFO Written out 48500000 reads
2021-04-14 13:09:36,490 INFO Written out 48600000 reads
2021-04-14 13:09:55,274 INFO Written out 48700000 reads
2021-04-14 13:10:21,863 INFO Written out 48800000 reads
2021-04-14 13:10:40,449 INFO Parsed 58000000 input reads
2021-04-14 13:10:44,716 INFO Written out 48900000 reads
2021-04-14 13:11:11,590 INFO Written out 49000000 reads
2021-04-14 13:11:38,641 INFO Written out 49100000 reads
2021-04-14 13:12:05,636 INFO Written out 49200000 reads
2021-04-14 13:12:28,493 INFO Written out 49300000 reads
2021-04-14 13:13:31,605 INFO Written out 49400000 reads
2021-04-14 13:13:53,078 INFO Written out 49500000 reads
2021-04-14 13:14:18,553 INFO Written out 49600000 reads
2021-04-14 13:14:40,521 INFO Written out 49700000 reads
2021-04-14 13:14:45,036 INFO Parsed 59000000 input reads
2021-04-14 13:15:02,466 INFO Written out 49800000 reads
2021-04-14 13:15:28,398 INFO Written out 49900000 reads
2021-04-14 13:15:54,231 INFO Written out 50000000 reads
2021-04-14 13:16:19,821 INFO Written out 50100000 reads
2021-04-14 13:16:42,567 INFO Written out 50200000 reads
2021-04-14 13:17:07,896 INFO Written out 50300000 reads
2021-04-14 13:17:29,805 INFO Written out 50400000 reads
2021-04-14 13:17:55,443 INFO Written out 50500000 reads
2021-04-14 13:18:08,912 INFO Parsed 60000000 input reads
2021-04-14 13:18:21,398 INFO Written out 50600000 reads
2021-04-14 13:18:51,566 INFO Written out 50700000 reads
2021-04-14 13:19:06,142 INFO Written out 50800000 reads
2021-04-14 13:19:32,398 INFO Written out 50900000 reads
2021-04-14 13:19:54,932 INFO Written out 51000000 reads
2021-04-14 13:20:14,288 INFO Written out 51100000 reads
2021-04-14 13:20:34,800 INFO Written out 51200000 reads
2021-04-14 13:20:54,259 INFO Written out 51300000 reads
2021-04-14 13:21:17,664 INFO Written out 51400000 reads
2021-04-14 13:21:21,830 INFO Parsed 61000000 input reads
2021-04-14 13:22:02,865 INFO Written out 51500000 reads
2021-04-14 13:22:25,160 INFO Written out 51600000 reads
2021-04-14 13:22:51,758 INFO Written out 51700000 reads
2021-04-14 13:22:54,320 INFO Written out 51800000 reads
2021-04-14 13:23:16,879 INFO Written out 51900000 reads
2021-04-14 13:23:43,284 INFO Written out 52000000 reads
2021-04-14 13:24:02,359 INFO Written out 52100000 reads
2021-04-14 13:24:33,059 INFO Written out 52200000 reads
2021-04-14 13:24:38,100 INFO Parsed 62000000 input reads
2021-04-14 13:24:55,779 INFO Written out 52300000 reads
2021-04-14 13:25:18,687 INFO Written out 52400000 reads
2021-04-14 13:25:46,305 INFO Written out 52500000 reads
2021-04-14 13:26:12,821 INFO Written out 52600000 reads
2021-04-14 13:26:35,816 INFO Written out 52700000 reads
2021-04-14 13:27:03,053 INFO Written out 52800000 reads
2021-04-14 13:27:26,229 INFO Written out 52900000 reads
2021-04-14 13:27:53,013 INFO Written out 53000000 reads
2021-04-14 13:28:15,101 INFO Parsed 63000000 input reads
2021-04-14 13:28:15,636 INFO Written out 53100000 reads
2021-04-14 13:28:41,825 INFO Written out 53200000 reads
2021-04-14 13:29:09,871 INFO Written out 53300000 reads
2021-04-14 13:29:40,555 INFO Written out 53400000 reads
2021-04-14 13:30:03,187 INFO Written out 53500000 reads
2021-04-14 13:30:26,480 INFO Written out 53600000 reads
2021-04-14 13:30:49,944 INFO Written out 53700000 reads
2021-04-14 13:31:08,733 INFO Written out 53800000 reads
2021-04-14 13:31:36,365 INFO Written out 53900000 reads
2021-04-14 13:31:45,610 INFO Parsed 64000000 input reads
2021-04-14 13:32:03,898 INFO Written out 54000000 reads
2021-04-14 13:32:27,057 INFO Written out 54100000 reads
2021-04-14 13:32:51,508 INFO Written out 54200000 reads
2021-04-14 13:33:14,923 INFO Written out 54300000 reads
2021-04-14 13:33:43,007 INFO Written out 54400000 reads
2021-04-14 13:34:07,457 INFO Written out 54500000 reads
2021-04-14 13:34:36,182 INFO Written out 54600000 reads
2021-04-14 13:35:00,486 INFO Written out 54700000 reads
2021-04-14 13:35:28,166 INFO Parsed 65000000 input reads
2021-04-14 13:35:28,866 INFO Written out 54800000 reads
2021-04-14 13:35:57,752 INFO Written out 54900000 reads
2021-04-14 13:36:27,886 INFO Written out 55000000 reads
2021-04-14 13:36:52,692 INFO Written out 55100000 reads
2021-04-14 13:37:55,916 INFO Written out 55200000 reads
2021-04-14 13:38:19,624 INFO Written out 55300000 reads
2021-04-14 13:38:43,229 INFO Written out 55400000 reads
2021-04-14 13:39:11,194 INFO Written out 55500000 reads
2021-04-14 13:39:35,011 INFO Written out 55600000 reads
2021-04-14 13:39:39,434 INFO Parsed 66000000 input reads
2021-04-14 13:40:04,178 INFO Written out 55700000 reads
2021-04-14 13:40:28,107 INFO Written out 55800000 reads
2021-04-14 13:40:52,253 INFO Written out 55900000 reads
2021-04-14 13:41:16,108 INFO Written out 56000000 reads
2021-04-14 13:41:43,842 INFO Written out 56100000 reads
2021-04-14 13:42:11,634 INFO Written out 56200000 reads
2021-04-14 13:42:35,823 INFO Written out 56300000 reads
2021-04-14 13:43:03,792 INFO Written out 56400000 reads
2021-04-14 13:43:17,897 INFO Parsed 67000000 input reads
2021-04-14 13:43:28,416 INFO Written out 56500000 reads
2021-04-14 13:43:57,563 INFO Written out 56600000 reads
2021-04-14 13:44:22,452 INFO Written out 56700000 reads
2021-04-14 13:44:52,404 INFO Written out 56800000 reads
2021-04-14 13:45:17,295 INFO Written out 56900000 reads
2021-04-14 13:45:46,711 INFO Written out 57000000 reads
2021-04-14 13:46:16,134 INFO Written out 57100000 reads
2021-04-14 13:46:41,047 INFO Written out 57200000 reads
2021-04-14 13:47:11,085 INFO Parsed 68000000 input reads
2021-04-14 13:47:11,091 INFO Written out 57300000 reads
2021-04-14 13:47:40,767 INFO Written out 57400000 reads
2021-04-14 13:48:06,345 INFO Written out 57500000 reads
2021-04-14 13:48:32,090 INFO Written out 57600000 reads
2021-04-14 13:48:57,325 INFO Written out 57700000 reads
2021-04-14 13:49:31,468 INFO Written out 57800000 reads
2021-04-14 13:49:53,002 INFO Written out 57900000 reads
2021-04-14 13:50:24,073 INFO Written out 58000000 reads
2021-04-14 13:51:25,520 INFO Written out 58100000 reads
2021-04-14 13:51:26,528 INFO Parsed 69000000 input reads
2021-04-14 13:51:37,927 INFO Written out 58200000 reads
2021-04-14 13:52:02,864 INFO Written out 58300000 reads
2021-04-14 13:52:31,995 INFO Written out 58400000 reads
2021-04-14 13:52:56,898 INFO Written out 58500000 reads
2021-04-14 13:53:22,086 INFO Written out 58600000 reads
2021-04-14 13:53:47,132 INFO Written out 58700000 reads
2021-04-14 13:54:17,629 INFO Written out 58800000 reads
2021-04-14 13:54:47,360 INFO Written out 58900000 reads
2021-04-14 13:55:12,019 INFO Parsed 70000000 input reads
2021-04-14 13:55:17,032 INFO Written out 59000000 reads
2021-04-14 13:55:51,442 INFO Written out 59100000 reads
2021-04-14 13:56:24,489 INFO Written out 59200000 reads
2021-04-14 13:56:35,190 INFO Written out 59300000 reads
2021-04-14 13:57:02,483 INFO Written out 59400000 reads
2021-04-14 13:57:26,137 INFO Written out 59500000 reads
2021-04-14 13:57:53,834 INFO Written out 59600000 reads
2021-04-14 13:58:21,521 INFO Written out 59700000 reads
2021-04-14 13:58:45,179 INFO Written out 59800000 reads
2021-04-14 13:58:54,131 INFO Parsed 71000000 input reads
2021-04-14 13:59:12,979 INFO Written out 59900000 reads
2021-04-14 13:59:40,913 INFO Written out 60000000 reads
2021-04-14 14:00:04,767 INFO Written out 60100000 reads
2021-04-14 14:00:28,829 INFO Written out 60200000 reads
2021-04-14 14:00:57,045 INFO Written out 60300000 reads
2021-04-14 14:01:30,058 INFO Written out 60400000 reads
2021-04-14 14:01:49,777 INFO Written out 60500000 reads
2021-04-14 14:02:18,057 INFO Written out 60600000 reads
2021-04-14 14:02:37,020 INFO Parsed 72000000 input reads
2021-04-14 14:02:46,444 INFO Written out 60700000 reads
2021-04-14 14:03:06,512 INFO Written out 60800000 reads
2021-04-14 14:03:35,561 INFO Written out 60900000 reads
2021-04-14 14:04:04,471 INFO Written out 61000000 reads
2021-04-14 14:04:33,771 INFO Written out 61100000 reads
2021-04-14 14:04:58,244 INFO Written out 61200000 reads
2021-04-14 14:05:50,300 INFO Written out 61300000 reads
2021-04-14 14:06:14,374 INFO Written out 61400000 reads
2021-04-14 14:06:42,785 INFO Written out 61500000 reads
2021-04-14 14:06:43,213 INFO Parsed 73000000 input reads
2021-04-14 14:07:06,936 INFO Written out 61600000 reads
2021-04-14 14:07:35,573 INFO Written out 61700000 reads
2021-04-14 14:07:59,932 INFO Written out 61800000 reads
2021-04-14 14:08:28,660 INFO Written out 61900000 reads
2021-04-14 14:09:01,957 INFO Written out 62000000 reads
2021-04-14 14:09:21,593 INFO Written out 62100000 reads
2021-04-14 14:09:46,247 INFO Written out 62200000 reads
2021-04-14 14:10:14,981 INFO Written out 62300000 reads
2021-04-14 14:10:33,744 INFO Parsed 74000000 input reads
2021-04-14 14:10:52,543 INFO Written out 62400000 reads
2021-04-14 14:11:12,591 INFO Written out 62500000 reads
2021-04-14 14:11:41,952 INFO Written out 62600000 reads
2021-04-14 14:12:11,082 INFO Written out 62700000 reads
2021-04-14 14:12:40,249 INFO Written out 62800000 reads
2021-04-14 14:13:05,283 INFO Written out 62900000 reads
2021-04-14 14:13:30,133 INFO Written out 63000000 reads
2021-04-14 14:13:59,639 INFO Written out 63100000 reads
2021-04-14 14:14:24,707 INFO Written out 63200000 reads
2021-04-14 14:14:24,712 INFO Parsed 75000000 input reads
2021-04-14 14:14:54,146 INFO Written out 63300000 reads
2021-04-14 14:15:19,918 INFO Written out 63400000 reads
2021-04-14 14:15:45,253 INFO Written out 63500000 reads
2021-04-14 14:16:10,814 INFO Written out 63600000 reads
2021-04-14 14:16:40,697 INFO Written out 63700000 reads
2021-04-14 14:17:06,212 INFO Written out 63800000 reads
2021-04-14 14:17:36,130 INFO Written out 63900000 reads
2021-04-14 14:18:30,662 INFO Written out 64000000 reads
2021-04-14 14:18:40,636 INFO Parsed 76000000 input reads
2021-04-14 14:18:55,566 INFO Written out 64100000 reads
2021-04-14 14:19:20,612 INFO Written out 64200000 reads
2021-04-14 14:19:49,684 INFO Written out 64300000 reads
2021-04-14 14:20:18,962 INFO Written out 64400000 reads
2021-04-14 14:20:44,159 INFO Written out 64500000 reads
2021-04-14 14:21:13,556 INFO Written out 64600000 reads
2021-04-14 14:21:38,967 INFO Written out 64700000 reads
2021-04-14 14:22:08,526 INFO Written out 64800000 reads
2021-04-14 14:22:33,853 INFO Parsed 77000000 input reads
2021-04-14 14:22:38,743 INFO Written out 64900000 reads
2021-04-14 14:23:08,740 INFO Written out 65000000 reads
2021-04-14 14:23:34,122 INFO Written out 65100000 reads
2021-04-14 14:24:04,196 INFO Written out 65200000 reads
2021-04-14 14:24:29,953 INFO Written out 65300000 reads
2021-04-14 14:24:55,519 INFO Written out 65400000 reads
2021-04-14 14:25:34,958 INFO Written out 65500000 reads
2021-04-14 14:25:51,347 INFO Written out 65600000 reads
2021-04-14 14:26:17,035 INFO Written out 65700000 reads
2021-04-14 14:26:27,037 INFO Parsed 78000000 input reads
2021-04-14 14:26:43,015 INFO Written out 65800000 reads
2021-04-14 14:27:08,639 INFO Written out 65900000 reads
2021-04-14 14:27:38,785 INFO Written out 66000000 reads
2021-04-14 14:30:18,398 INFO Written out 66100000 reads
2021-04-14 14:30:20,637 INFO Written out 66200000 reads
2021-04-14 14:30:22,744 INFO Written out 66300000 reads
2021-04-14 14:30:24,610 INFO Written out 66400000 reads
2021-04-14 14:30:26,560 INFO Written out 66500000 reads
2021-04-14 14:30:27,872 INFO Parsed 79000000 input reads
2021-04-14 14:30:28,435 INFO Written out 66600000 reads
2021-04-14 14:30:31,037 INFO Written out 66700000 reads
2021-04-14 14:30:32,976 INFO Written out 66800000 reads
2021-04-14 14:30:35,246 INFO Written out 66900000 reads
2021-04-14 14:30:37,670 INFO Written out 67000000 reads
2021-04-14 14:30:41,957 INFO Written out 67100000 reads
2021-04-14 14:30:45,008 INFO Written out 67200000 reads
2021-04-14 14:30:48,067 INFO Written out 67300000 reads
2021-04-14 14:30:53,412 INFO Parsed 80000000 input reads
2021-04-14 14:30:53,606 INFO Written out 67400000 reads
2021-04-14 14:30:56,268 INFO Written out 67500000 reads
2021-04-14 14:31:00,716 INFO Written out 67600000 reads
2021-04-14 14:31:05,028 INFO Written out 67700000 reads
2021-04-14 14:31:08,015 INFO Written out 67800000 reads
2021-04-14 14:31:10,601 INFO Written out 67900000 reads
2021-04-14 14:31:13,129 INFO Written out 68000000 reads
2021-04-14 14:31:16,260 INFO Written out 68100000 reads
2021-04-14 14:31:18,565 INFO Written out 68200000 reads
2021-04-14 14:31:19,214 INFO Parsed 81000000 input reads
2021-04-14 14:31:21,319 INFO Written out 68300000 reads
2021-04-14 14:31:23,526 INFO Written out 68400000 reads
2021-04-14 14:31:25,891 INFO Written out 68500000 reads
2021-04-14 14:31:30,030 INFO Written out 68600000 reads
2021-04-14 14:31:32,808 INFO Written out 68700000 reads
2021-04-14 14:31:36,134 INFO Written out 68800000 reads
2021-04-14 14:31:38,082 INFO Written out 68900000 reads
2021-04-14 14:31:40,186 INFO Written out 69000000 reads
2021-04-14 14:31:41,408 INFO Parsed 82000000 input reads
2021-04-14 14:31:42,105 INFO Written out 69100000 reads
2021-04-14 14:31:43,983 INFO Written out 69200000 reads
2021-04-14 14:31:46,453 INFO Written out 69300000 reads
2021-04-14 14:31:48,433 INFO Written out 69400000 reads
2021-04-14 14:31:50,390 INFO Written out 69500000 reads
2021-04-14 14:32:19,560 INFO Written out 69600000 reads
2021-04-14 14:32:24,095 INFO Written out 69700000 reads
2021-04-14 14:32:58,624 INFO Written out 69800000 reads
2021-04-14 14:33:26,316 INFO Written out 69900000 reads
2021-04-14 14:33:31,150 INFO Parsed 83000000 input reads
2021-04-14 14:33:59,598 INFO Written out 70000000 reads
2021-04-14 14:34:29,407 INFO Written out 70100000 reads
2021-04-14 14:34:58,749 INFO Written out 70200000 reads
2021-04-14 14:35:30,346 INFO Written out 70300000 reads
2021-04-14 14:35:37,462 INFO Searching for mates for 0 unmatched alignments
2021-04-14 14:39:49,816 INFO 0 mates never found
2021-04-14 14:55:37,215 INFO Reads: Input Reads: 83521196, Read pairs: 83521196, Read 2 unmapped: 8183
2021-04-14 14:55:37,216 INFO Number of reads out: 70335739
2021-04-14 14:55:37,216 INFO Total number of positions deduplicated: 58571612
2021-04-14 14:55:37,217 INFO Mean number of unique UMIs per position: 1.21
2021-04-14 14:55:37,217 INFO Max. number of unique UMIs per position: 3091
# job finished in 13814 seconds at Wed Apr 14 14:55:37 2021 -- 13492.69 278.14  0.00  0.00 -- 72e51039-9e06-4878-9be2-e13a1dd2bdb3
