# UMI-tools version: 1.1.1
# output generated by dedup -I 03_alignedData/bam/15_KB_C11Aligned.sortedByCoord.out.bam -L 04_dedupUmis/log/15_KB_C11.log -S 04_dedupUmis/bam/15_KB_C11.bam --umi-separator=: --temp-dir=. --paired --output-stats=04_dedupUmis/log/15_KB_C11
# job started at Wed Apr 14 11:09:11 2021 on r25-n4 -- 70d455db-1172-4ac7-89ad-6e29cc8836ca
# pid: 297486, system: Linux 3.10.0-1062.9.1.el7.x86_64 #1 SMP Mon Dec 2 08:31:54 EST 2019 x86_64
# assigned_tag                            : None
# cell_tag                                : None
# cell_tag_delim                          : None
# cell_tag_split                          : -
# chimeric_pairs                          : use
# chrom                                   : None
# compresslevel                           : 6
# detection_method                        : None
# filter_umi                              : None
# gene_tag                                : None
# gene_transcript_map                     : None
# get_umi_method                          : read_id
# ignore_tlen                             : False
# ignore_umi                              : False
# in_sam                                  : False
# log2stderr                              : False
# loglevel                                : 1
# mapping_quality                         : 0
# method                                  : directional
# no_sort_output                          : False
# out_sam                                 : False
# output_unmapped                         : False
# paired                                  : True
# per_cell                                : False
# per_contig                              : False
# per_gene                                : False
# random_seed                             : None
# read_length                             : False
# short_help                              : None
# skip_regex                              : ^(__|Unassigned)
# soft_clip_threshold                     : 4
# spliced                                 : False
# stats                                   : 04_dedupUmis/log/15_KB_C11
# stderr                                  : <_io.TextIOWrapper name='<stderr>' mode='w' encoding='UTF-8'>
# stdin                                   : <_io.TextIOWrapper name='03_alignedData/bam/15_KB_C11Aligned.sortedByCoord.out.bam' mode='r' encoding='UTF-8'>
# stdlog                                  : <_io.TextIOWrapper name='04_dedupUmis/log/15_KB_C11.log' mode='a' encoding='UTF-8'>
# stdout                                  : <_io.TextIOWrapper name='04_dedupUmis/bam/15_KB_C11.bam' mode='w' encoding='UTF-8'>
# subset                                  : None
# threshold                               : 1
# timeit_file                             : None
# timeit_header                           : None
# timeit_name                             : all
# tmpdir                                  : .
# umi_sep                                 : :
# umi_tag                                 : RX
# umi_tag_delim                           : None
# umi_tag_split                           : None
# umi_whitelist                           : None
# umi_whitelist_paired                    : None
# unmapped_reads                          : discard
# unpaired_reads                          : use
# whole_contig                            : False
2021-04-14 11:09:11,850 WARNING Chimeric read pairs are being used. Some read pair UMIs may be grouped/deduplicated using just the mapping coordinates from read1.This may also increase the run time and memory usage. Consider --chimeric-pairs==discard to discard these reads or --chimeric-pairs==output (group command only) to output them without grouping
2021-04-14 11:09:11,851 WARNING Unpaired read pairs are being used. Some read pair UMIs may be grouped/deduplicated using just the mapping coordinates from read1.This may also increase the run time and memory usage. Consider --unpared-reads==discard to discard these reads or --unpared-reads==output (group command only) to output them without grouping
2021-04-14 11:09:11,851 INFO command: dedup -I 03_alignedData/bam/15_KB_C11Aligned.sortedByCoord.out.bam -L 04_dedupUmis/log/15_KB_C11.log -S 04_dedupUmis/bam/15_KB_C11.bam --umi-separator=: --temp-dir=. --paired --output-stats=04_dedupUmis/log/15_KB_C11
2021-04-14 11:14:09,764 INFO total_umis 90560164
2021-04-14 11:14:09,777 INFO #umis 66154
2021-04-14 11:17:50,991 INFO Written out 100000 reads
2021-04-14 11:17:54,352 INFO Written out 200000 reads
2021-04-14 11:17:57,912 INFO Written out 300000 reads
2021-04-14 11:18:01,652 INFO Written out 400000 reads
2021-04-14 11:18:05,272 INFO Written out 500000 reads
2021-04-14 11:18:09,165 INFO Written out 600000 reads
2021-04-14 11:18:12,763 INFO Written out 700000 reads
2021-04-14 11:18:16,737 INFO Written out 800000 reads
2021-04-14 11:18:17,529 INFO Parsed 1000000 input reads
2021-04-14 11:18:20,628 INFO Written out 900000 reads
2021-04-14 11:18:24,838 INFO Written out 1000000 reads
2021-04-14 11:18:29,178 INFO Written out 1100000 reads
2021-04-14 11:18:32,911 INFO Written out 1200000 reads
2021-04-14 11:18:37,384 INFO Written out 1300000 reads
2021-04-14 11:18:41,486 INFO Written out 1400000 reads
2021-04-14 11:18:45,871 INFO Written out 1500000 reads
2021-04-14 11:18:50,305 INFO Written out 1600000 reads
2021-04-14 11:18:52,459 INFO Parsed 2000000 input reads
2021-04-14 11:18:55,039 INFO Written out 1700000 reads
2021-04-14 11:18:59,240 INFO Written out 1800000 reads
2021-04-14 11:19:04,114 INFO Written out 1900000 reads
2021-04-14 11:19:09,170 INFO Written out 2000000 reads
2021-04-14 11:19:13,758 INFO Written out 2100000 reads
2021-04-14 11:19:18,462 INFO Written out 2200000 reads
2021-04-14 11:19:23,626 INFO Written out 2300000 reads
2021-04-14 11:19:29,422 INFO Written out 2400000 reads
2021-04-14 11:19:32,261 INFO Parsed 3000000 input reads
2021-04-14 11:19:34,614 INFO Written out 2500000 reads
2021-04-14 11:19:38,890 INFO Written out 2600000 reads
2021-04-14 11:19:43,866 INFO Written out 2700000 reads
2021-04-14 11:19:49,909 INFO Written out 2800000 reads
2021-04-14 11:19:54,635 INFO Written out 2900000 reads
2021-04-14 11:20:20,164 INFO Written out 3000000 reads
2021-04-14 11:20:25,688 INFO Written out 3100000 reads
2021-04-14 11:20:29,884 INFO Written out 3200000 reads
2021-04-14 11:20:33,884 INFO Parsed 4000000 input reads
2021-04-14 11:20:35,174 INFO Written out 3300000 reads
2021-04-14 11:20:40,051 INFO Written out 3400000 reads
2021-04-14 11:20:45,014 INFO Written out 3500000 reads
2021-04-14 11:20:50,438 INFO Written out 3600000 reads
2021-04-14 11:20:55,639 INFO Written out 3700000 reads
2021-04-14 11:21:01,176 INFO Written out 3800000 reads
2021-04-14 11:21:06,398 INFO Written out 3900000 reads
2021-04-14 11:21:12,026 INFO Written out 4000000 reads
2021-04-14 11:21:17,793 INFO Written out 4100000 reads
2021-04-14 11:21:17,857 INFO Parsed 5000000 input reads
2021-04-14 11:21:24,391 INFO Written out 4200000 reads
2021-04-14 11:21:30,132 INFO Written out 4300000 reads
2021-04-14 11:21:33,418 INFO Written out 4400000 reads
2021-04-14 11:21:39,417 INFO Written out 4500000 reads
2021-04-14 11:21:45,056 INFO Written out 4600000 reads
2021-04-14 11:21:51,222 INFO Written out 4700000 reads
2021-04-14 11:21:56,763 INFO Written out 4800000 reads
2021-04-14 11:22:02,538 INFO Written out 4900000 reads
2021-04-14 11:22:03,716 INFO Parsed 6000000 input reads
2021-04-14 11:22:08,395 INFO Written out 5000000 reads
2021-04-14 11:22:14,185 INFO Written out 5100000 reads
2021-04-14 11:22:20,197 INFO Written out 5200000 reads
2021-04-14 11:22:26,159 INFO Written out 5300000 reads
2021-04-14 11:22:32,824 INFO Written out 5400000 reads
2021-04-14 11:22:42,347 INFO Written out 5500000 reads
2021-04-14 11:22:44,435 INFO Written out 5600000 reads
2021-04-14 11:23:09,017 INFO Written out 5700000 reads
2021-04-14 11:23:10,975 INFO Parsed 7000000 input reads
2021-04-14 11:23:15,075 INFO Written out 5800000 reads
2021-04-14 11:23:21,373 INFO Written out 5900000 reads
2021-04-14 11:23:26,802 INFO Written out 6000000 reads
2021-04-14 11:23:32,559 INFO Written out 6100000 reads
2021-04-14 11:23:38,383 INFO Written out 6200000 reads
2021-04-14 11:23:44,224 INFO Written out 6300000 reads
2021-04-14 11:23:50,669 INFO Written out 6400000 reads
2021-04-14 11:23:56,653 INFO Written out 6500000 reads
2021-04-14 11:24:00,003 INFO Parsed 8000000 input reads
2021-04-14 11:24:03,503 INFO Written out 6600000 reads
2021-04-14 11:24:08,796 INFO Written out 6700000 reads
2021-04-14 11:24:15,593 INFO Written out 6800000 reads
2021-04-14 11:24:22,489 INFO Written out 6900000 reads
2021-04-14 11:24:28,669 INFO Written out 7000000 reads
2021-04-14 11:24:35,737 INFO Written out 7100000 reads
2021-04-14 11:24:41,889 INFO Written out 7200000 reads
2021-04-14 11:24:48,365 INFO Written out 7300000 reads
2021-04-14 11:24:54,161 INFO Parsed 9000000 input reads
2021-04-14 11:24:55,513 INFO Written out 7400000 reads
2021-04-14 11:25:02,794 INFO Written out 7500000 reads
2021-04-14 11:25:09,278 INFO Written out 7600000 reads
2021-04-14 11:25:16,737 INFO Written out 7700000 reads
2021-04-14 11:25:24,278 INFO Written out 7800000 reads
2021-04-14 11:25:30,854 INFO Written out 7900000 reads
2021-04-14 11:25:37,566 INFO Written out 8000000 reads
2021-04-14 11:25:45,062 INFO Written out 8100000 reads
2021-04-14 11:25:52,624 INFO Parsed 10000000 input reads
2021-04-14 11:25:52,734 INFO Written out 8200000 reads
2021-04-14 11:26:16,745 INFO Written out 8300000 reads
2021-04-14 11:26:24,509 INFO Written out 8400000 reads
2021-04-14 11:26:30,803 INFO Written out 8500000 reads
2021-04-14 11:26:37,989 INFO Written out 8600000 reads
2021-04-14 11:26:44,511 INFO Written out 8700000 reads
2021-04-14 11:26:51,133 INFO Written out 8800000 reads
2021-04-14 11:26:58,575 INFO Written out 8900000 reads
2021-04-14 11:27:06,196 INFO Written out 9000000 reads
2021-04-14 11:27:06,500 INFO Parsed 11000000 input reads
2021-04-14 11:27:12,711 INFO Written out 9100000 reads
2021-04-14 11:27:19,650 INFO Written out 9200000 reads
2021-04-14 11:27:27,254 INFO Written out 9300000 reads
2021-04-14 11:27:36,540 INFO Written out 9400000 reads
2021-04-14 11:27:39,351 INFO Written out 9500000 reads
2021-04-14 11:27:47,016 INFO Written out 9600000 reads
2021-04-14 11:27:54,102 INFO Written out 9700000 reads
2021-04-14 11:28:02,086 INFO Written out 9800000 reads
2021-04-14 11:28:04,858 INFO Parsed 12000000 input reads
2021-04-14 11:28:09,297 INFO Written out 9900000 reads
2021-04-14 11:28:17,356 INFO Written out 10000000 reads
2021-04-14 11:28:24,620 INFO Written out 10100000 reads
2021-04-14 11:28:32,009 INFO Written out 10200000 reads
2021-04-14 11:28:39,467 INFO Written out 10300000 reads
2021-04-14 11:29:02,927 INFO Written out 10400000 reads
2021-04-14 11:29:12,557 INFO Written out 10500000 reads
2021-04-14 11:29:17,478 INFO Written out 10600000 reads
2021-04-14 11:29:21,655 INFO Parsed 13000000 input reads
2021-04-14 11:29:24,617 INFO Written out 10700000 reads
2021-04-14 11:29:32,588 INFO Written out 10800000 reads
2021-04-14 11:29:45,092 INFO Written out 10900000 reads
2021-04-14 11:29:46,994 INFO Written out 11000000 reads
2021-04-14 11:29:53,564 INFO Written out 11100000 reads
2021-04-14 11:30:02,909 INFO Written out 11200000 reads
2021-04-14 11:30:09,303 INFO Written out 11300000 reads
2021-04-14 11:30:16,782 INFO Written out 11400000 reads
2021-04-14 11:30:22,646 INFO Parsed 14000000 input reads
2021-04-14 11:30:24,252 INFO Written out 11500000 reads
2021-04-14 11:30:33,704 INFO Written out 11600000 reads
2021-04-14 11:30:41,437 INFO Written out 11700000 reads
2021-04-14 11:30:49,018 INFO Written out 11800000 reads
2021-04-14 11:30:57,728 INFO Written out 11900000 reads
2021-04-14 11:31:08,774 INFO Written out 12000000 reads
2021-04-14 11:31:14,112 INFO Written out 12100000 reads
2021-04-14 11:31:21,996 INFO Written out 12200000 reads
2021-04-14 11:31:30,879 INFO Parsed 15000000 input reads
2021-04-14 11:31:30,922 INFO Written out 12300000 reads
2021-04-14 11:31:39,905 INFO Written out 12400000 reads
2021-04-14 11:31:47,950 INFO Written out 12500000 reads
2021-04-14 11:31:56,133 INFO Written out 12600000 reads
2021-04-14 11:32:05,256 INFO Written out 12700000 reads
2021-04-14 11:32:13,622 INFO Written out 12800000 reads
2021-04-14 11:32:40,328 INFO Written out 12900000 reads
2021-04-14 11:32:48,052 INFO Written out 13000000 reads
2021-04-14 11:32:57,781 INFO Written out 13100000 reads
2021-04-14 11:32:58,217 INFO Parsed 16000000 input reads
2021-04-14 11:33:05,398 INFO Written out 13200000 reads
2021-04-14 11:33:13,254 INFO Written out 13300000 reads
2021-04-14 11:33:21,216 INFO Written out 13400000 reads
2021-04-14 11:33:29,055 INFO Written out 13500000 reads
2021-04-14 11:33:38,120 INFO Written out 13600000 reads
2021-04-14 11:33:46,083 INFO Written out 13700000 reads
2021-04-14 11:33:54,741 INFO Written out 13800000 reads
2021-04-14 11:34:02,676 INFO Written out 13900000 reads
2021-04-14 11:34:09,211 INFO Parsed 17000000 input reads
2021-04-14 11:34:10,548 INFO Written out 14000000 reads
2021-04-14 11:34:19,473 INFO Written out 14100000 reads
2021-04-14 11:34:27,445 INFO Written out 14200000 reads
2021-04-14 11:34:36,524 INFO Written out 14300000 reads
2021-04-14 11:34:47,130 INFO Written out 14400000 reads
2021-04-14 11:34:55,088 INFO Written out 14500000 reads
2021-04-14 11:35:07,181 INFO Written out 14600000 reads
2021-04-14 11:35:11,728 INFO Written out 14700000 reads
2021-04-14 11:35:17,916 INFO Parsed 18000000 input reads
2021-04-14 11:35:21,169 INFO Written out 14800000 reads
2021-04-14 11:35:29,618 INFO Written out 14900000 reads
2021-04-14 11:35:39,605 INFO Written out 15000000 reads
2021-04-14 11:35:45,520 INFO Written out 15100000 reads
2021-04-14 11:35:55,199 INFO Written out 15200000 reads
2021-04-14 11:36:19,253 INFO Written out 15300000 reads
2021-04-14 11:36:21,123 INFO Written out 15400000 reads
2021-04-14 11:36:22,991 INFO Written out 15500000 reads
2021-04-14 11:36:24,585 INFO Parsed 19000000 input reads
2021-04-14 11:36:24,851 INFO Written out 15600000 reads
2021-04-14 11:36:26,785 INFO Written out 15700000 reads
2021-04-14 11:36:31,886 INFO Written out 15800000 reads
2021-04-14 11:36:45,111 INFO Written out 15900000 reads
2021-04-14 11:36:51,744 INFO Written out 16000000 reads
2021-04-14 11:37:05,742 INFO Written out 16100000 reads
2021-04-14 11:37:07,891 INFO Written out 16200000 reads
2021-04-14 11:37:44,774 INFO Written out 16300000 reads
2021-04-14 11:37:54,686 INFO Written out 16400000 reads
2021-04-14 11:37:54,832 INFO Parsed 20000000 input reads
2021-04-14 11:38:04,543 INFO Written out 16500000 reads
2021-04-14 11:38:15,876 INFO Written out 16600000 reads
2021-04-14 11:38:25,850 INFO Written out 16700000 reads
2021-04-14 11:38:38,967 INFO Written out 16800000 reads
2021-04-14 11:38:47,557 INFO Written out 16900000 reads
2021-04-14 11:38:59,130 INFO Written out 17000000 reads
2021-04-14 11:39:09,597 INFO Written out 17100000 reads
2021-04-14 11:39:21,497 INFO Written out 17200000 reads
2021-04-14 11:39:25,308 INFO Parsed 21000000 input reads
2021-04-14 11:39:32,028 INFO Written out 17300000 reads
2021-04-14 11:39:43,863 INFO Written out 17400000 reads
2021-04-14 11:39:57,576 INFO Written out 17500000 reads
2021-04-14 11:40:06,540 INFO Written out 17600000 reads
2021-04-14 11:40:18,709 INFO Written out 17700000 reads
2021-04-14 11:40:29,698 INFO Written out 17800000 reads
2021-04-14 11:40:44,737 INFO Written out 17900000 reads
2021-04-14 11:40:52,863 INFO Written out 18000000 reads
2021-04-14 11:41:01,255 INFO Parsed 22000000 input reads
2021-04-14 11:41:06,230 INFO Written out 18100000 reads
2021-04-14 11:41:19,607 INFO Written out 18200000 reads
2021-04-14 11:41:31,842 INFO Written out 18300000 reads
2021-04-14 11:41:43,923 INFO Written out 18400000 reads
2021-04-14 11:42:16,678 INFO Written out 18500000 reads
2021-04-14 11:42:28,220 INFO Written out 18600000 reads
2021-04-14 11:42:42,665 INFO Written out 18700000 reads
2021-04-14 11:42:52,616 INFO Written out 18800000 reads
2021-04-14 11:43:05,016 INFO Parsed 23000000 input reads
2021-04-14 11:43:05,850 INFO Written out 18900000 reads
2021-04-14 11:43:17,143 INFO Written out 19000000 reads
2021-04-14 11:43:30,458 INFO Written out 19100000 reads
2021-04-14 11:43:40,516 INFO Written out 19200000 reads
2021-04-14 11:43:54,027 INFO Written out 19300000 reads
2021-04-14 11:44:07,782 INFO Written out 19400000 reads
2021-04-14 11:44:19,621 INFO Written out 19500000 reads
2021-04-14 11:44:31,776 INFO Written out 19600000 reads
2021-04-14 11:44:43,740 INFO Parsed 24000000 input reads
2021-04-14 11:44:45,666 INFO Written out 19700000 reads
2021-04-14 11:44:57,715 INFO Written out 19800000 reads
2021-04-14 11:45:12,145 INFO Written out 19900000 reads
2021-04-14 11:45:24,644 INFO Written out 20000000 reads
2021-04-14 11:45:38,881 INFO Written out 20100000 reads
2021-04-14 11:45:53,382 INFO Written out 20200000 reads
2021-04-14 11:46:07,751 INFO Written out 20300000 reads
2021-04-14 11:46:24,471 INFO Written out 20400000 reads
2021-04-14 11:46:33,084 INFO Written out 20500000 reads
2021-04-14 11:46:35,447 INFO Parsed 25000000 input reads
2021-04-14 11:46:46,185 INFO Written out 20600000 reads
2021-04-14 11:47:00,469 INFO Written out 20700000 reads
2021-04-14 11:47:13,258 INFO Written out 20800000 reads
2021-04-14 11:47:34,365 INFO Written out 20900000 reads
2021-04-14 11:47:36,837 INFO Written out 21000000 reads
2021-04-14 11:47:51,733 INFO Written out 21100000 reads
2021-04-14 11:48:02,734 INFO Written out 21200000 reads
2021-04-14 11:48:17,855 INFO Written out 21300000 reads
2021-04-14 11:48:23,137 INFO Parsed 26000000 input reads
2021-04-14 11:48:33,502 INFO Written out 21400000 reads
2021-04-14 11:48:46,873 INFO Written out 21500000 reads
2021-04-14 11:49:28,002 INFO Written out 21600000 reads
2021-04-14 11:49:38,425 INFO Written out 21700000 reads
2021-04-14 11:49:52,530 INFO Written out 21800000 reads
2021-04-14 11:50:05,440 INFO Written out 21900000 reads
2021-04-14 11:50:15,923 INFO Written out 22000000 reads
2021-04-14 11:50:30,489 INFO Written out 22100000 reads
2021-04-14 11:50:36,046 INFO Parsed 27000000 input reads
2021-04-14 11:50:43,282 INFO Written out 22200000 reads
2021-04-14 11:50:56,398 INFO Written out 22300000 reads
2021-04-14 11:51:11,114 INFO Written out 22400000 reads
2021-04-14 11:51:24,205 INFO Written out 22500000 reads
2021-04-14 11:51:39,295 INFO Written out 22600000 reads
2021-04-14 11:51:52,704 INFO Written out 22700000 reads
2021-04-14 11:52:07,871 INFO Written out 22800000 reads
2021-04-14 11:52:23,143 INFO Written out 22900000 reads
2021-04-14 11:52:33,739 INFO Parsed 28000000 input reads
2021-04-14 11:52:34,531 INFO Written out 23000000 reads
2021-04-14 11:52:50,317 INFO Written out 23100000 reads
2021-04-14 11:53:06,037 INFO Written out 23200000 reads
2021-04-14 11:53:19,623 INFO Written out 23300000 reads
2021-04-14 11:53:35,564 INFO Written out 23400000 reads
2021-04-14 11:53:49,645 INFO Written out 23500000 reads
2021-04-14 11:54:05,914 INFO Written out 23600000 reads
2021-04-14 11:54:22,094 INFO Written out 23700000 reads
2021-04-14 11:54:36,029 INFO Parsed 29000000 input reads
2021-04-14 11:54:36,170 INFO Written out 23800000 reads
2021-04-14 11:55:12,777 INFO Written out 23900000 reads
2021-04-14 11:55:27,822 INFO Written out 24000000 reads
2021-04-14 11:55:39,079 INFO Written out 24100000 reads
2021-04-14 11:55:52,472 INFO Written out 24200000 reads
2021-04-14 11:56:08,130 INFO Written out 24300000 reads
2021-04-14 11:56:23,622 INFO Written out 24400000 reads
2021-04-14 11:56:39,226 INFO Written out 24500000 reads
2021-04-14 11:56:53,211 INFO Written out 24600000 reads
2021-04-14 11:56:53,869 INFO Parsed 30000000 input reads
2021-04-14 11:57:07,261 INFO Written out 24700000 reads
2021-04-14 11:57:25,535 INFO Written out 24800000 reads
2021-04-14 11:57:37,173 INFO Written out 24900000 reads
2021-04-14 11:57:51,307 INFO Written out 25000000 reads
2021-04-14 11:58:07,675 INFO Written out 25100000 reads
2021-04-14 11:58:24,102 INFO Written out 25200000 reads
2021-04-14 11:58:38,438 INFO Written out 25300000 reads
2021-04-14 11:58:52,751 INFO Written out 25400000 reads
2021-04-14 11:58:58,335 INFO Parsed 31000000 input reads
2021-04-14 11:59:09,316 INFO Written out 25500000 reads
2021-04-14 11:59:23,914 INFO Written out 25600000 reads
2021-04-14 11:59:38,649 INFO Written out 25700000 reads
2021-04-14 11:59:57,924 INFO Written out 25800000 reads
2021-04-14 12:00:10,380 INFO Written out 25900000 reads
2021-04-14 12:00:48,250 INFO Written out 26000000 reads
2021-04-14 12:01:06,579 INFO Written out 26100000 reads
2021-04-14 12:01:18,181 INFO Written out 26200000 reads
2021-04-14 12:01:26,321 INFO Parsed 32000000 input reads
2021-04-14 12:01:34,109 INFO Written out 26300000 reads
2021-04-14 12:01:48,055 INFO Written out 26400000 reads
2021-04-14 12:02:04,149 INFO Written out 26500000 reads
2021-04-14 12:02:17,837 INFO Written out 26600000 reads
2021-04-14 12:02:29,712 INFO Written out 26700000 reads
2021-04-14 12:02:41,684 INFO Written out 26800000 reads
2021-04-14 12:02:57,635 INFO Written out 26900000 reads
2021-04-14 12:03:11,879 INFO Written out 27000000 reads
2021-04-14 12:03:22,883 INFO Parsed 33000000 input reads
2021-04-14 12:03:28,072 INFO Written out 27100000 reads
2021-04-14 12:03:44,491 INFO Written out 27200000 reads
2021-04-14 12:03:58,928 INFO Written out 27300000 reads
2021-04-14 12:04:13,444 INFO Written out 27400000 reads
2021-04-14 12:04:30,494 INFO Written out 27500000 reads
2021-04-14 12:04:45,318 INFO Written out 27600000 reads
2021-04-14 12:05:00,176 INFO Written out 27700000 reads
2021-04-14 12:05:31,566 INFO Written out 27800000 reads
2021-04-14 12:05:33,615 INFO Parsed 34000000 input reads
2021-04-14 12:05:33,991 INFO Written out 27900000 reads
2021-04-14 12:05:36,797 INFO Written out 28000000 reads
2021-04-14 12:05:49,424 INFO Written out 28100000 reads
2021-04-14 12:06:04,514 INFO Written out 28200000 reads
2021-04-14 12:06:22,197 INFO Written out 28300000 reads
2021-04-14 12:06:42,277 INFO Written out 28400000 reads
2021-04-14 12:06:52,832 INFO Written out 28500000 reads
2021-04-14 12:07:13,223 INFO Written out 28600000 reads
2021-04-14 12:07:28,722 INFO Written out 28700000 reads
2021-04-14 12:07:28,869 INFO Parsed 35000000 input reads
2021-04-14 12:07:44,252 INFO Written out 28800000 reads
2021-04-14 12:08:02,774 INFO Written out 28900000 reads
2021-04-14 12:08:19,159 INFO Written out 29000000 reads
2021-04-14 12:08:37,719 INFO Written out 29100000 reads
2021-04-14 12:08:55,806 INFO Written out 29200000 reads
2021-04-14 12:09:11,394 INFO Written out 29300000 reads
2021-04-14 12:09:24,831 INFO Written out 29400000 reads
2021-04-14 12:09:43,291 INFO Written out 29500000 reads
2021-04-14 12:09:43,943 INFO Parsed 36000000 input reads
2021-04-14 12:09:59,229 INFO Written out 29600000 reads
2021-04-14 12:10:47,638 INFO Written out 29700000 reads
2021-04-14 12:11:02,359 INFO Written out 29800000 reads
2021-04-14 12:11:17,105 INFO Written out 29900000 reads
2021-04-14 12:11:31,968 INFO Written out 30000000 reads
2021-04-14 12:11:49,429 INFO Written out 30100000 reads
2021-04-14 12:12:04,644 INFO Written out 30200000 reads
2021-04-14 12:12:19,774 INFO Written out 30300000 reads
2021-04-14 12:12:28,261 INFO Parsed 37000000 input reads
2021-04-14 12:12:37,388 INFO Written out 30400000 reads
2021-04-14 12:12:50,248 INFO Written out 30500000 reads
2021-04-14 12:13:07,979 INFO Written out 30600000 reads
2021-04-14 12:13:25,874 INFO Written out 30700000 reads
2021-04-14 12:13:46,525 INFO Written out 30800000 reads
2021-04-14 12:13:56,992 INFO Written out 30900000 reads
2021-04-14 12:14:15,385 INFO Written out 31000000 reads
2021-04-14 12:14:31,177 INFO Written out 31100000 reads
2021-04-14 12:14:43,522 INFO Parsed 38000000 input reads
2021-04-14 12:14:47,024 INFO Written out 31200000 reads
2021-04-14 12:15:05,539 INFO Written out 31300000 reads
2021-04-14 12:15:23,991 INFO Written out 31400000 reads
2021-04-14 12:15:40,141 INFO Written out 31500000 reads
2021-04-14 12:16:04,050 INFO Written out 31600000 reads
2021-04-14 12:16:17,526 INFO Written out 31700000 reads
2021-04-14 12:16:33,994 INFO Written out 31800000 reads
2021-04-14 12:16:50,358 INFO Written out 31900000 reads
2021-04-14 12:17:12,243 INFO Parsed 39000000 input reads
2021-04-14 12:17:12,573 INFO Written out 32000000 reads
2021-04-14 12:17:20,766 INFO Written out 32100000 reads
2021-04-14 12:17:37,558 INFO Written out 32200000 reads
2021-04-14 12:17:54,039 INFO Written out 32300000 reads
2021-04-14 12:18:13,438 INFO Written out 32400000 reads
2021-04-14 12:18:30,379 INFO Written out 32500000 reads
2021-04-14 12:18:52,818 INFO Written out 32600000 reads
2021-04-14 12:19:09,886 INFO Written out 32700000 reads
2021-04-14 12:19:26,851 INFO Written out 32800000 reads
2021-04-14 12:19:26,985 INFO Parsed 40000000 input reads
2021-04-14 12:19:46,611 INFO Written out 32900000 reads
2021-04-14 12:20:31,267 INFO Written out 33000000 reads
2021-04-14 12:20:49,744 INFO Written out 33100000 reads
2021-04-14 12:21:08,470 INFO Written out 33200000 reads
2021-04-14 12:21:24,540 INFO Written out 33300000 reads
2021-04-14 12:21:42,637 INFO Written out 33400000 reads
2021-04-14 12:21:58,595 INFO Written out 33500000 reads
2021-04-14 12:22:14,444 INFO Written out 33600000 reads
2021-04-14 12:22:20,269 INFO Parsed 41000000 input reads
2021-04-14 12:22:33,003 INFO Written out 33700000 reads
2021-04-14 12:22:57,265 INFO Written out 33800000 reads
2021-04-14 12:23:00,023 INFO Written out 33900000 reads
2021-04-14 12:23:18,981 INFO Written out 34000000 reads
2021-04-14 12:23:35,241 INFO Written out 34100000 reads
2021-04-14 12:23:54,062 INFO Written out 34200000 reads
2021-04-14 12:24:10,574 INFO Written out 34300000 reads
2021-04-14 12:24:29,780 INFO Written out 34400000 reads
2021-04-14 12:24:39,168 INFO Parsed 42000000 input reads
2021-04-14 12:24:46,321 INFO Written out 34500000 reads
2021-04-14 12:25:05,842 INFO Written out 34600000 reads
2021-04-14 12:25:38,520 INFO Written out 34700000 reads
2021-04-14 12:25:40,768 INFO Written out 34800000 reads
2021-04-14 12:25:46,102 INFO Written out 34900000 reads
2021-04-14 12:26:00,349 INFO Written out 35000000 reads
2021-04-14 12:26:17,781 INFO Written out 35100000 reads
2021-04-14 12:26:37,832 INFO Written out 35200000 reads
2021-04-14 12:26:48,420 INFO Parsed 43000000 input reads
2021-04-14 12:26:52,212 INFO Written out 35300000 reads
2021-04-14 12:27:09,944 INFO Written out 35400000 reads
2021-04-14 12:27:27,620 INFO Written out 35500000 reads
2021-04-14 12:28:00,575 INFO Written out 35600000 reads
2021-04-14 12:28:02,925 INFO Written out 35700000 reads
2021-04-14 12:28:18,611 INFO Written out 35800000 reads
2021-04-14 12:28:40,187 INFO Written out 35900000 reads
2021-04-14 12:29:25,160 INFO Written out 36000000 reads
2021-04-14 12:29:41,555 INFO Parsed 44000000 input reads
2021-04-14 12:29:44,791 INFO Written out 36100000 reads
2021-04-14 12:30:04,631 INFO Written out 36200000 reads
2021-04-14 12:30:24,499 INFO Written out 36300000 reads
2021-04-14 12:30:39,038 INFO Written out 36400000 reads
2021-04-14 12:30:59,165 INFO Written out 36500000 reads
2021-04-14 12:31:16,627 INFO Written out 36600000 reads
2021-04-14 12:31:37,520 INFO Written out 36700000 reads
2021-04-14 12:31:55,259 INFO Written out 36800000 reads
2021-04-14 12:32:15,811 INFO Written out 36900000 reads
2021-04-14 12:32:15,916 INFO Parsed 45000000 input reads
2021-04-14 12:32:30,906 INFO Written out 37000000 reads
2021-04-14 12:32:49,080 INFO Written out 37100000 reads
2021-04-14 12:33:10,114 INFO Written out 37200000 reads
2021-04-14 12:33:27,843 INFO Written out 37300000 reads
2021-04-14 12:33:45,912 INFO Written out 37400000 reads
2021-04-14 12:34:06,702 INFO Written out 37500000 reads
2021-04-14 12:34:27,548 INFO Written out 37600000 reads
2021-04-14 12:34:48,705 INFO Written out 37700000 reads
2021-04-14 12:34:49,266 INFO Parsed 46000000 input reads
2021-04-14 12:35:03,324 INFO Written out 37800000 reads
2021-04-14 12:35:21,248 INFO Written out 37900000 reads
2021-04-14 12:35:39,491 INFO Written out 38000000 reads
2021-04-14 12:36:03,891 INFO Written out 38100000 reads
2021-04-14 12:36:19,119 INFO Written out 38200000 reads
2021-04-14 12:36:39,930 INFO Written out 38300000 reads
2021-04-14 12:37:01,660 INFO Written out 38400000 reads
2021-04-14 12:37:13,332 INFO Written out 38500000 reads
2021-04-14 12:37:21,030 INFO Parsed 47000000 input reads
2021-04-14 12:37:31,854 INFO Written out 38600000 reads
2021-04-14 12:37:53,730 INFO Written out 38700000 reads
2021-04-14 12:38:18,602 INFO Written out 38800000 reads
2021-04-14 12:38:34,088 INFO Written out 38900000 reads
2021-04-14 12:38:55,854 INFO Written out 39000000 reads
2021-04-14 12:39:42,333 INFO Written out 39100000 reads
2021-04-14 12:40:02,502 INFO Written out 39200000 reads
2021-04-14 12:40:23,049 INFO Written out 39300000 reads
2021-04-14 12:40:33,706 INFO Parsed 48000000 input reads
2021-04-14 12:40:43,611 INFO Written out 39400000 reads
2021-04-14 12:40:58,755 INFO Written out 39500000 reads
2021-04-14 12:41:23,864 INFO Written out 39600000 reads
2021-04-14 12:41:39,031 INFO Written out 39700000 reads
2021-04-14 12:42:01,100 INFO Written out 39800000 reads
2021-04-14 12:42:19,926 INFO Written out 39900000 reads
2021-04-14 12:42:45,494 INFO Written out 40000000 reads
2021-04-14 12:43:05,414 INFO Written out 40100000 reads
2021-04-14 12:43:21,178 INFO Parsed 49000000 input reads
2021-04-14 12:43:24,999 INFO Written out 40200000 reads
2021-04-14 12:43:47,674 INFO Written out 40300000 reads
2021-04-14 12:44:07,411 INFO Written out 40400000 reads
2021-04-14 12:44:27,185 INFO Written out 40500000 reads
2021-04-14 12:44:50,169 INFO Written out 40600000 reads
2021-04-14 12:45:12,781 INFO Written out 40700000 reads
2021-04-14 12:45:32,206 INFO Written out 40800000 reads
2021-04-14 12:46:10,705 INFO Written out 40900000 reads
2021-04-14 12:46:29,169 INFO Written out 41000000 reads
2021-04-14 12:46:32,236 INFO Parsed 50000000 input reads
2021-04-14 12:46:53,426 INFO Written out 41100000 reads
2021-04-14 12:47:12,086 INFO Written out 41200000 reads
2021-04-14 12:47:30,469 INFO Written out 41300000 reads
2021-04-14 12:47:49,166 INFO Written out 41400000 reads
2021-04-14 12:48:11,131 INFO Written out 41500000 reads
2021-04-14 12:48:30,183 INFO Written out 41600000 reads
2021-04-14 12:48:51,983 INFO Written out 41700000 reads
2021-04-14 12:49:10,815 INFO Written out 41800000 reads
2021-04-14 12:49:17,880 INFO Parsed 51000000 input reads
2021-04-14 12:49:35,855 INFO Written out 41900000 reads
2021-04-14 12:49:51,590 INFO Written out 42000000 reads
2021-04-14 12:50:13,871 INFO Written out 42100000 reads
2021-04-14 12:50:33,122 INFO Written out 42200000 reads
2021-04-14 12:50:55,712 INFO Written out 42300000 reads
2021-04-14 12:51:15,475 INFO Written out 42400000 reads
2021-04-14 12:51:38,378 INFO Written out 42500000 reads
2021-04-14 12:52:04,785 INFO Written out 42600000 reads
2021-04-14 12:52:12,743 INFO Parsed 52000000 input reads
2021-04-14 12:52:28,130 INFO Written out 42700000 reads
2021-04-14 12:52:37,594 INFO Written out 42800000 reads
2021-04-14 12:53:00,735 INFO Written out 42900000 reads
2021-04-14 12:53:23,880 INFO Written out 43000000 reads
2021-04-14 12:53:44,069 INFO Written out 43100000 reads
2021-04-14 12:54:00,556 INFO Written out 43200000 reads
2021-04-14 12:54:16,808 INFO Written out 43300000 reads
2021-04-14 12:54:36,935 INFO Written out 43400000 reads
2021-04-14 12:54:52,590 INFO Parsed 53000000 input reads
2021-04-14 12:55:00,603 INFO Written out 43500000 reads
2021-04-14 12:55:32,145 INFO Written out 43600000 reads
2021-04-14 12:55:37,758 INFO Written out 43700000 reads
2021-04-14 12:56:01,824 INFO Written out 43800000 reads
2021-04-14 12:56:46,948 INFO Written out 43900000 reads
2021-04-14 12:57:10,875 INFO Written out 44000000 reads
2021-04-14 12:57:31,035 INFO Written out 44100000 reads
2021-04-14 12:57:52,667 INFO Written out 44200000 reads
2021-04-14 12:58:14,089 INFO Parsed 54000000 input reads
2021-04-14 12:58:18,353 INFO Written out 44300000 reads
2021-04-14 12:58:40,487 INFO Written out 44400000 reads
2021-04-14 12:59:02,249 INFO Written out 44500000 reads
2021-04-14 12:59:28,162 INFO Written out 44600000 reads
2021-04-14 12:59:50,371 INFO Written out 44700000 reads
2021-04-14 13:00:12,688 INFO Written out 44800000 reads
2021-04-14 13:00:38,776 INFO Written out 44900000 reads
2021-04-14 13:01:00,805 INFO Written out 45000000 reads
2021-04-14 13:01:23,305 INFO Written out 45100000 reads
2021-04-14 13:01:27,239 INFO Parsed 55000000 input reads
2021-04-14 13:01:49,586 INFO Written out 45200000 reads
2021-04-14 13:02:11,852 INFO Written out 45300000 reads
2021-04-14 13:02:37,856 INFO Written out 45400000 reads
2021-04-14 13:03:04,552 INFO Written out 45500000 reads
2021-04-14 13:03:47,690 INFO Written out 45600000 reads
2021-04-14 13:04:10,380 INFO Written out 45700000 reads
2021-04-14 13:04:33,045 INFO Written out 45800000 reads
2021-04-14 13:05:06,794 INFO Written out 45900000 reads
2021-04-14 13:05:07,513 INFO Parsed 56000000 input reads
2021-04-14 13:05:21,182 INFO Written out 46000000 reads
2021-04-14 13:05:43,475 INFO Written out 46100000 reads
2021-04-14 13:06:09,604 INFO Written out 46200000 reads
2021-04-14 13:06:52,586 INFO Written out 46300000 reads
2021-04-14 13:06:55,046 INFO Written out 46400000 reads
2021-04-14 13:07:14,096 INFO Written out 46500000 reads
2021-04-14 13:07:40,793 INFO Written out 46600000 reads
2021-04-14 13:08:16,287 INFO Written out 46700000 reads
2021-04-14 13:08:17,454 INFO Parsed 57000000 input reads
2021-04-14 13:08:23,484 INFO Written out 46800000 reads
2021-04-14 13:08:50,601 INFO Written out 46900000 reads
2021-04-14 13:09:13,623 INFO Written out 47000000 reads
2021-04-14 13:09:36,645 INFO Written out 47100000 reads
2021-04-14 13:10:03,748 INFO Written out 47200000 reads
2021-04-14 13:10:30,565 INFO Written out 47300000 reads
2021-04-14 13:10:53,346 INFO Written out 47400000 reads
2021-04-14 13:11:19,587 INFO Written out 47500000 reads
2021-04-14 13:11:49,431 INFO Parsed 58000000 input reads
2021-04-14 13:11:50,145 INFO Written out 47600000 reads
2021-04-14 13:12:21,667 INFO Written out 47700000 reads
2021-04-14 13:12:46,553 INFO Written out 47800000 reads
2021-04-14 13:13:08,402 INFO Written out 47900000 reads
2021-04-14 13:13:33,767 INFO Written out 48000000 reads
2021-04-14 13:13:59,162 INFO Written out 48100000 reads
2021-04-14 13:14:21,410 INFO Written out 48200000 reads
2021-04-14 13:14:54,603 INFO Written out 48300000 reads
2021-04-14 13:15:08,572 INFO Parsed 59000000 input reads
2021-04-14 13:15:09,032 INFO Written out 48400000 reads
2021-04-14 13:15:34,948 INFO Written out 48500000 reads
2021-04-14 13:16:01,317 INFO Written out 48600000 reads
2021-04-14 13:16:23,948 INFO Written out 48700000 reads
2021-04-14 13:16:46,029 INFO Written out 48800000 reads
2021-04-14 13:17:08,676 INFO Written out 48900000 reads
2021-04-14 13:17:38,546 INFO Written out 49000000 reads
2021-04-14 13:18:00,653 INFO Written out 49100000 reads
2021-04-14 13:18:26,633 INFO Written out 49200000 reads
2021-04-14 13:18:35,031 INFO Parsed 60000000 input reads
2021-04-14 13:18:53,010 INFO Written out 49300000 reads
2021-04-14 13:19:15,870 INFO Written out 49400000 reads
2021-04-14 13:19:42,363 INFO Written out 49500000 reads
2021-04-14 13:20:04,961 INFO Written out 49600000 reads
2021-04-14 13:20:27,541 INFO Written out 49700000 reads
2021-04-14 13:20:57,853 INFO Written out 49800000 reads
2021-04-14 13:21:20,777 INFO Written out 49900000 reads
2021-04-14 13:21:47,550 INFO Written out 50000000 reads
2021-04-14 13:21:56,321 INFO Parsed 61000000 input reads
2021-04-14 13:22:14,378 INFO Written out 50100000 reads
2021-04-14 13:22:41,246 INFO Written out 50200000 reads
2021-04-14 13:23:08,148 INFO Written out 50300000 reads
2021-04-14 13:23:35,321 INFO Written out 50400000 reads
2021-04-14 13:24:02,462 INFO Written out 50500000 reads
2021-04-14 13:24:26,120 INFO Written out 50600000 reads
2021-04-14 13:24:51,182 INFO Written out 50700000 reads
2021-04-14 13:24:57,886 INFO Written out 50800000 reads
2021-04-14 13:25:16,008 INFO Parsed 62000000 input reads
2021-04-14 13:25:26,020 INFO Written out 50900000 reads
2021-04-14 13:26:03,470 INFO Written out 51000000 reads
2021-04-14 13:26:15,077 INFO Written out 51100000 reads
2021-04-14 13:26:44,319 INFO Written out 51200000 reads
2021-04-14 13:27:09,611 INFO Written out 51300000 reads
2021-04-14 13:27:38,795 INFO Written out 51400000 reads
2021-04-14 13:28:08,407 INFO Written out 51500000 reads
2021-04-14 13:28:33,468 INFO Written out 51600000 reads
2021-04-14 13:28:57,908 INFO Parsed 63000000 input reads
2021-04-14 13:29:17,179 INFO Written out 51700000 reads
2021-04-14 13:30:11,469 INFO Written out 51800000 reads
2021-04-14 13:30:39,487 INFO Written out 51900000 reads
2021-04-14 13:31:08,283 INFO Written out 52000000 reads
2021-04-14 13:31:32,562 INFO Written out 52100000 reads
2021-04-14 13:32:02,112 INFO Written out 52200000 reads
2021-04-14 13:32:27,424 INFO Written out 52300000 reads
2021-04-14 13:32:56,227 INFO Written out 52400000 reads
2021-04-14 13:33:20,604 INFO Parsed 64000000 input reads
2021-04-14 13:33:25,317 INFO Written out 52500000 reads
2021-04-14 13:33:54,506 INFO Written out 52600000 reads
2021-04-14 13:34:19,448 INFO Written out 52700000 reads
2021-04-14 13:34:48,284 INFO Written out 52800000 reads
2021-04-14 13:35:12,939 INFO Written out 52900000 reads
2021-04-14 13:35:40,548 INFO Written out 53000000 reads
2021-04-14 13:36:04,076 INFO Written out 53100000 reads
2021-04-14 13:36:31,482 INFO Written out 53200000 reads
2021-04-14 13:36:54,841 INFO Written out 53300000 reads
2021-04-14 13:37:03,247 INFO Parsed 65000000 input reads
2021-04-14 13:37:26,576 INFO Written out 53400000 reads
2021-04-14 13:37:46,111 INFO Written out 53500000 reads
2021-04-14 13:38:06,356 INFO Written out 53600000 reads
2021-04-14 13:38:27,364 INFO Written out 53700000 reads
2021-04-14 13:38:48,414 INFO Written out 53800000 reads
2021-04-14 13:39:13,310 INFO Written out 53900000 reads
2021-04-14 13:39:33,815 INFO Written out 54000000 reads
2021-04-14 13:40:02,111 INFO Written out 54100000 reads
2021-04-14 13:40:32,421 INFO Parsed 66000000 input reads
2021-04-14 13:41:13,463 INFO Written out 54200000 reads
2021-04-14 13:41:15,825 INFO Written out 54300000 reads
2021-04-14 13:41:18,341 INFO Written out 54400000 reads
2021-04-14 13:41:26,231 INFO Written out 54500000 reads
2021-04-14 13:41:49,554 INFO Written out 54600000 reads
2021-04-14 13:42:13,402 INFO Written out 54700000 reads
2021-04-14 13:42:37,441 INFO Written out 54800000 reads
2021-04-14 13:43:05,491 INFO Written out 54900000 reads
2021-04-14 13:43:15,257 INFO Parsed 67000000 input reads
2021-04-14 13:43:29,857 INFO Written out 55000000 reads
2021-04-14 13:43:58,057 INFO Written out 55100000 reads
2021-04-14 13:44:26,904 INFO Written out 55200000 reads
2021-04-14 13:44:55,492 INFO Written out 55300000 reads
2021-04-14 13:45:23,537 INFO Written out 55400000 reads
2021-04-14 13:45:43,495 INFO Written out 55500000 reads
2021-04-14 13:46:11,492 INFO Written out 55600000 reads
2021-04-14 13:46:36,024 INFO Written out 55700000 reads
2021-04-14 13:46:54,766 INFO Parsed 68000000 input reads
2021-04-14 13:47:04,307 INFO Written out 55800000 reads
2021-04-14 13:47:33,098 INFO Written out 55900000 reads
2021-04-14 13:47:58,056 INFO Written out 56000000 reads
2021-04-14 13:48:27,464 INFO Written out 56100000 reads
2021-04-14 13:48:57,172 INFO Written out 56200000 reads
2021-04-14 13:49:22,220 INFO Written out 56300000 reads
2021-04-14 13:50:01,950 INFO Written out 56400000 reads
2021-04-14 13:50:04,984 INFO Written out 56500000 reads
2021-04-14 13:50:30,103 INFO Parsed 69000000 input reads
2021-04-14 13:50:35,311 INFO Written out 56600000 reads
2021-04-14 13:51:05,928 INFO Written out 56700000 reads
2021-04-14 13:51:31,429 INFO Written out 56800000 reads
2021-04-14 13:51:57,156 INFO Written out 56900000 reads
2021-04-14 13:52:22,677 INFO Written out 57000000 reads
2021-04-14 13:52:58,171 INFO Written out 57100000 reads
2021-04-14 13:53:24,491 INFO Written out 57200000 reads
2021-04-14 13:53:51,852 INFO Written out 57300000 reads
2021-04-14 13:54:18,804 INFO Parsed 70000000 input reads
2021-04-14 13:54:18,821 INFO Written out 57400000 reads
2021-04-14 13:54:55,775 INFO Written out 57500000 reads
2021-04-14 13:55:28,176 INFO Written out 57600000 reads
2021-04-14 13:56:07,096 INFO Written out 57700000 reads
2021-04-14 13:56:39,631 INFO Written out 57800000 reads
2021-04-14 13:57:04,028 INFO Written out 57900000 reads
2021-04-14 13:58:05,135 INFO Written out 58000000 reads
2021-04-14 13:58:32,019 INFO Written out 58100000 reads
2021-04-14 13:58:59,123 INFO Written out 58200000 reads
2021-04-14 13:58:59,458 INFO Parsed 71000000 input reads
2021-04-14 13:59:21,986 INFO Written out 58300000 reads
2021-04-14 13:59:45,038 INFO Written out 58400000 reads
2021-04-14 14:00:08,405 INFO Written out 58500000 reads
2021-04-14 14:00:31,809 INFO Written out 58600000 reads
2021-04-14 14:00:59,053 INFO Written out 58700000 reads
2021-04-14 14:01:22,719 INFO Written out 58800000 reads
2021-04-14 14:01:46,198 INFO Written out 58900000 reads
2021-04-14 14:02:14,113 INFO Written out 59000000 reads
2021-04-14 14:02:23,738 INFO Parsed 72000000 input reads
2021-04-14 14:02:42,423 INFO Written out 59100000 reads
2021-04-14 14:03:06,226 INFO Written out 59200000 reads
2021-04-14 14:03:34,370 INFO Written out 59300000 reads
2021-04-14 14:03:58,357 INFO Written out 59400000 reads
2021-04-14 14:04:22,709 INFO Written out 59500000 reads
2021-04-14 14:04:51,651 INFO Written out 59600000 reads
2021-04-14 14:05:20,515 INFO Written out 59700000 reads
2021-04-14 14:05:44,931 INFO Written out 59800000 reads
2021-04-14 14:06:03,869 INFO Parsed 73000000 input reads
2021-04-14 14:06:13,738 INFO Written out 59900000 reads
2021-04-14 14:06:42,363 INFO Written out 60000000 reads
2021-04-14 14:07:11,187 INFO Written out 60100000 reads
2021-04-14 14:07:35,789 INFO Written out 60200000 reads
2021-04-14 14:08:00,402 INFO Written out 60300000 reads
2021-04-14 14:08:29,444 INFO Written out 60400000 reads
2021-04-14 14:08:58,722 INFO Written out 60500000 reads
2021-04-14 14:09:18,907 INFO Written out 60600000 reads
2021-04-14 14:09:43,297 INFO Parsed 74000000 input reads
2021-04-14 14:09:52,758 INFO Written out 60700000 reads
2021-04-14 14:10:13,110 INFO Written out 60800000 reads
2021-04-14 14:10:42,762 INFO Written out 60900000 reads
2021-04-14 14:11:16,667 INFO Written out 61000000 reads
2021-04-14 14:12:06,685 INFO Written out 61100000 reads
2021-04-14 14:12:22,894 INFO Written out 61200000 reads
2021-04-14 14:12:51,140 INFO Written out 61300000 reads
2021-04-14 14:13:15,229 INFO Written out 61400000 reads
2021-04-14 14:13:39,524 INFO Parsed 75000000 input reads
2021-04-14 14:13:39,602 INFO Written out 61500000 reads
2021-04-14 14:14:03,567 INFO Written out 61600000 reads
2021-04-14 14:14:27,455 INFO Written out 61700000 reads
2021-04-14 14:14:55,667 INFO Written out 61800000 reads
2021-04-14 14:15:23,933 INFO Written out 61900000 reads
2021-04-14 14:15:48,345 INFO Written out 62000000 reads
2021-04-14 14:16:16,625 INFO Written out 62100000 reads
2021-04-14 14:16:40,798 INFO Written out 62200000 reads
2021-04-14 14:17:13,582 INFO Written out 62300000 reads
2021-04-14 14:17:13,903 INFO Parsed 76000000 input reads
2021-04-14 14:17:29,581 INFO Written out 62400000 reads
2021-04-14 14:17:54,158 INFO Written out 62500000 reads
2021-04-14 14:18:23,136 INFO Written out 62600000 reads
2021-04-14 14:18:52,404 INFO Written out 62700000 reads
2021-04-14 14:19:21,389 INFO Written out 62800000 reads
2021-04-14 14:19:42,259 INFO Written out 62900000 reads
2021-04-14 14:20:11,366 INFO Written out 63000000 reads
2021-04-14 14:20:36,489 INFO Written out 63100000 reads
2021-04-14 14:20:50,926 INFO Parsed 77000000 input reads
2021-04-14 14:21:06,096 INFO Written out 63200000 reads
2021-04-14 14:21:35,959 INFO Written out 63300000 reads
2021-04-14 14:22:01,470 INFO Written out 63400000 reads
2021-04-14 14:22:31,090 INFO Written out 63500000 reads
2021-04-14 14:22:56,649 INFO Written out 63600000 reads
2021-04-14 14:23:26,547 INFO Written out 63700000 reads
2021-04-14 14:23:56,678 INFO Written out 63800000 reads
2021-04-14 14:24:22,664 INFO Written out 63900000 reads
2021-04-14 14:24:38,450 INFO Parsed 78000000 input reads
2021-04-14 14:24:48,858 INFO Written out 64000000 reads
2021-04-14 14:25:14,873 INFO Written out 64100000 reads
2021-04-14 14:25:45,519 INFO Written out 64200000 reads
2021-04-14 14:26:25,925 INFO Written out 64300000 reads
2021-04-14 14:27:14,316 INFO Written out 64400000 reads
2021-04-14 14:27:39,979 INFO Written out 64500000 reads
2021-04-14 14:28:04,856 INFO Written out 64600000 reads
2021-04-14 14:28:34,104 INFO Written out 64700000 reads
2021-04-14 14:28:58,477 INFO Parsed 79000000 input reads
2021-04-14 14:28:58,881 INFO Written out 64800000 reads
2021-04-14 14:29:28,399 INFO Written out 64900000 reads
2021-04-14 14:29:57,670 INFO Written out 65000000 reads
2021-04-14 14:30:27,255 INFO Written out 65100000 reads
2021-04-14 14:30:56,799 INFO Written out 65200000 reads
2021-04-14 14:31:22,127 INFO Written out 65300000 reads
2021-04-14 14:31:51,929 INFO Written out 65400000 reads
2021-04-14 14:32:17,338 INFO Written out 65500000 reads
2021-04-14 14:32:51,768 INFO Written out 65600000 reads
2021-04-14 14:32:51,841 INFO Parsed 80000000 input reads
2021-04-14 14:33:17,108 INFO Written out 65700000 reads
2021-04-14 14:33:42,796 INFO Written out 65800000 reads
2021-04-14 14:34:12,783 INFO Written out 65900000 reads
2021-04-14 14:34:43,173 INFO Written out 66000000 reads
2021-04-14 14:35:13,421 INFO Written out 66100000 reads
2021-04-14 14:35:39,138 INFO Written out 66200000 reads
2021-04-14 14:36:04,854 INFO Written out 66300000 reads
2021-04-14 14:36:35,251 INFO Written out 66400000 reads
2021-04-14 14:36:40,588 INFO Parsed 81000000 input reads
2021-04-14 14:37:01,018 INFO Written out 66500000 reads
2021-04-14 14:37:31,453 INFO Written out 66600000 reads
2021-04-14 14:38:01,987 INFO Written out 66700000 reads
2021-04-14 14:38:23,332 INFO Written out 66800000 reads
2021-04-14 14:38:49,400 INFO Written out 66900000 reads
2021-04-14 14:39:20,020 INFO Written out 67000000 reads
2021-04-14 14:39:51,000 INFO Written out 67100000 reads
2021-04-14 14:40:12,279 INFO Written out 67200000 reads
2021-04-14 14:40:32,317 INFO Parsed 82000000 input reads
2021-04-14 14:40:43,119 INFO Written out 67300000 reads
2021-04-14 14:41:40,061 INFO Written out 67400000 reads
2021-04-14 14:42:05,125 INFO Written out 67500000 reads
2021-04-14 14:42:30,222 INFO Written out 67600000 reads
2021-04-14 14:42:59,942 INFO Written out 67700000 reads
2021-04-14 14:43:25,198 INFO Written out 67800000 reads
2021-04-14 14:43:55,069 INFO Written out 67900000 reads
2021-04-14 14:44:20,465 INFO Written out 68000000 reads
2021-04-14 14:44:40,395 INFO Parsed 83000000 input reads
2021-04-14 14:44:50,595 INFO Written out 68100000 reads
2021-04-14 14:45:20,453 INFO Written out 68200000 reads
2021-04-14 14:45:46,203 INFO Written out 68300000 reads
2021-04-14 14:46:16,431 INFO Written out 68400000 reads
2021-04-14 14:46:51,408 INFO Written out 68500000 reads
2021-04-14 14:47:17,313 INFO Written out 68600000 reads
2021-04-14 14:47:42,989 INFO Written out 68700000 reads
2021-04-14 14:48:08,580 INFO Written out 68800000 reads
2021-04-14 14:48:29,265 INFO Parsed 84000000 input reads
2021-04-14 14:48:34,231 INFO Written out 68900000 reads
2021-04-14 14:49:04,652 INFO Written out 69000000 reads
2021-04-14 14:49:30,504 INFO Written out 69100000 reads
2021-04-14 14:50:00,957 INFO Written out 69200000 reads
2021-04-14 14:50:26,958 INFO Written out 69300000 reads
2021-04-14 14:50:53,698 INFO Written out 69400000 reads
2021-04-14 14:51:20,498 INFO Written out 69500000 reads
2021-04-14 14:54:09,000 INFO Written out 69600000 reads
2021-04-14 14:54:11,392 INFO Written out 69700000 reads
2021-04-14 14:54:11,468 INFO Parsed 85000000 input reads
2021-04-14 14:54:13,323 INFO Written out 69800000 reads
2021-04-14 14:54:15,222 INFO Written out 69900000 reads
2021-04-14 14:54:17,258 INFO Written out 70000000 reads
2021-04-14 14:54:19,186 INFO Written out 70100000 reads
2021-04-14 14:54:22,336 INFO Written out 70200000 reads
2021-04-14 14:54:24,345 INFO Written out 70300000 reads
2021-04-14 14:54:26,753 INFO Written out 70400000 reads
2021-04-14 14:54:29,372 INFO Written out 70500000 reads
2021-04-14 14:54:29,870 INFO Parsed 86000000 input reads
2021-04-14 14:54:33,732 INFO Written out 70600000 reads
2021-04-14 14:54:37,496 INFO Written out 70700000 reads
2021-04-14 14:54:41,324 INFO Written out 70800000 reads
2021-04-14 14:54:46,609 INFO Written out 70900000 reads
2021-04-14 14:54:49,988 INFO Written out 71000000 reads
2021-04-14 14:54:53,210 INFO Written out 71100000 reads
2021-04-14 14:54:58,307 INFO Written out 71200000 reads
2021-04-14 14:55:03,207 INFO Written out 71300000 reads
2021-04-14 14:55:03,737 INFO Parsed 87000000 input reads
2021-04-14 14:55:06,825 INFO Written out 71400000 reads
2021-04-14 14:55:09,422 INFO Written out 71500000 reads
2021-04-14 14:55:12,062 INFO Written out 71600000 reads
2021-04-14 14:55:15,599 INFO Written out 71700000 reads
2021-04-14 14:55:18,062 INFO Written out 71800000 reads
2021-04-14 14:55:20,714 INFO Written out 71900000 reads
2021-04-14 14:55:23,932 INFO Written out 72000000 reads
2021-04-14 14:55:26,296 INFO Written out 72100000 reads
2021-04-14 14:55:27,028 INFO Parsed 88000000 input reads
2021-04-14 14:55:28,919 INFO Written out 72200000 reads
2021-04-14 14:55:33,714 INFO Written out 72300000 reads
2021-04-14 14:55:36,951 INFO Written out 72400000 reads
2021-04-14 14:55:40,483 INFO Written out 72500000 reads
2021-04-14 14:55:42,709 INFO Written out 72600000 reads
2021-04-14 14:55:44,587 INFO Written out 72700000 reads
2021-04-14 14:55:46,869 INFO Written out 72800000 reads
2021-04-14 14:55:48,762 INFO Written out 72900000 reads
2021-04-14 14:55:49,484 INFO Parsed 89000000 input reads
2021-04-14 14:55:50,661 INFO Written out 73000000 reads
2021-04-14 14:55:53,432 INFO Written out 73100000 reads
2021-04-14 14:55:55,586 INFO Written out 73200000 reads
2021-04-14 14:55:57,706 INFO Written out 73300000 reads
2021-04-14 14:56:33,856 INFO Written out 73400000 reads
2021-04-14 14:56:38,849 INFO Written out 73500000 reads
2021-04-14 14:56:43,497 INFO Written out 73600000 reads
2021-04-14 14:56:48,198 INFO Written out 73700000 reads
2021-04-14 14:56:51,172 INFO Parsed 90000000 input reads
2021-04-14 14:56:53,274 INFO Written out 73800000 reads
2021-04-14 14:56:58,631 INFO Written out 73900000 reads
2021-04-14 14:57:03,366 INFO Written out 74000000 reads
2021-04-14 14:57:21,026 INFO Written out 74100000 reads
2021-04-14 14:57:51,369 INFO Written out 74200000 reads
2021-04-14 14:57:51,978 INFO Searching for mates for 0 unmatched alignments
2021-04-14 15:02:28,251 INFO 0 mates never found
2021-04-14 15:21:51,590 INFO Reads: Input Reads: 90560164, Read pairs: 90560164, Read 2 unmapped: 4798
2021-04-14 15:21:51,597 INFO Number of reads out: 74211669
2021-04-14 15:21:51,597 INFO Total number of positions deduplicated: 61308554
2021-04-14 15:21:51,597 INFO Mean number of unique UMIs per position: 1.22
2021-04-14 15:21:51,597 INFO Max. number of unique UMIs per position: 2986
# job finished in 15159 seconds at Wed Apr 14 15:21:51 2021 -- 14767.58 316.81  0.00  0.00 -- 70d455db-1172-4ac7-89ad-6e29cc8836ca
