# UMI-tools version: 1.1.1
# output generated by dedup -I 03_alignedData/bam/16_KB_C12Aligned.sortedByCoord.out.bam -L 04_dedupUmis/log/16_KB_C12.log -S 04_dedupUmis/bam/16_KB_C12.bam --umi-separator=: --temp-dir=. --paired --output-stats=04_dedupUmis/log/16_KB_C12
# job started at Wed Apr 14 11:02:30 2021 on r5-n43 -- 9616c12c-0030-4b77-9c54-236850dabb05
# pid: 132038, system: Linux 3.10.0-1062.9.1.el7.x86_64 #1 SMP Mon Dec 2 08:31:54 EST 2019 x86_64
# assigned_tag                            : None
# cell_tag                                : None
# cell_tag_delim                          : None
# cell_tag_split                          : -
# chimeric_pairs                          : use
# chrom                                   : None
# compresslevel                           : 6
# detection_method                        : None
# filter_umi                              : None
# gene_tag                                : None
# gene_transcript_map                     : None
# get_umi_method                          : read_id
# ignore_tlen                             : False
# ignore_umi                              : False
# in_sam                                  : False
# log2stderr                              : False
# loglevel                                : 1
# mapping_quality                         : 0
# method                                  : directional
# no_sort_output                          : False
# out_sam                                 : False
# output_unmapped                         : False
# paired                                  : True
# per_cell                                : False
# per_contig                              : False
# per_gene                                : False
# random_seed                             : None
# read_length                             : False
# short_help                              : None
# skip_regex                              : ^(__|Unassigned)
# soft_clip_threshold                     : 4
# spliced                                 : False
# stats                                   : 04_dedupUmis/log/16_KB_C12
# stderr                                  : <_io.TextIOWrapper name='<stderr>' mode='w' encoding='UTF-8'>
# stdin                                   : <_io.TextIOWrapper name='03_alignedData/bam/16_KB_C12Aligned.sortedByCoord.out.bam' mode='r' encoding='UTF-8'>
# stdlog                                  : <_io.TextIOWrapper name='04_dedupUmis/log/16_KB_C12.log' mode='a' encoding='UTF-8'>
# stdout                                  : <_io.TextIOWrapper name='04_dedupUmis/bam/16_KB_C12.bam' mode='w' encoding='UTF-8'>
# subset                                  : None
# threshold                               : 1
# timeit_file                             : None
# timeit_header                           : None
# timeit_name                             : all
# tmpdir                                  : .
# umi_sep                                 : :
# umi_tag                                 : RX
# umi_tag_delim                           : None
# umi_tag_split                           : None
# umi_whitelist                           : None
# umi_whitelist_paired                    : None
# unmapped_reads                          : discard
# unpaired_reads                          : use
# whole_contig                            : False
2021-04-14 11:02:30,678 WARNING Chimeric read pairs are being used. Some read pair UMIs may be grouped/deduplicated using just the mapping coordinates from read1.This may also increase the run time and memory usage. Consider --chimeric-pairs==discard to discard these reads or --chimeric-pairs==output (group command only) to output them without grouping
2021-04-14 11:02:30,679 WARNING Unpaired read pairs are being used. Some read pair UMIs may be grouped/deduplicated using just the mapping coordinates from read1.This may also increase the run time and memory usage. Consider --unpared-reads==discard to discard these reads or --unpared-reads==output (group command only) to output them without grouping
2021-04-14 11:02:30,679 INFO command: dedup -I 03_alignedData/bam/16_KB_C12Aligned.sortedByCoord.out.bam -L 04_dedupUmis/log/16_KB_C12.log -S 04_dedupUmis/bam/16_KB_C12.bam --umi-separator=: --temp-dir=. --paired --output-stats=04_dedupUmis/log/16_KB_C12
2021-04-14 11:06:51,803 INFO total_umis 76365064
2021-04-14 11:06:51,805 INFO #umis 66058
2021-04-14 11:10:14,717 INFO Written out 100000 reads
2021-04-14 11:10:18,679 INFO Written out 200000 reads
2021-04-14 11:10:22,825 INFO Written out 300000 reads
2021-04-14 11:10:27,529 INFO Written out 400000 reads
2021-04-14 11:10:32,682 INFO Written out 500000 reads
2021-04-14 11:10:37,342 INFO Written out 600000 reads
2021-04-14 11:10:41,846 INFO Written out 700000 reads
2021-04-14 11:10:46,841 INFO Written out 800000 reads
2021-04-14 11:10:48,507 INFO Parsed 1000000 input reads
2021-04-14 11:10:53,184 INFO Written out 900000 reads
2021-04-14 11:10:56,760 INFO Written out 1000000 reads
2021-04-14 11:11:01,847 INFO Written out 1100000 reads
2021-04-14 11:11:06,977 INFO Written out 1200000 reads
2021-04-14 11:11:12,205 INFO Written out 1300000 reads
2021-04-14 11:11:17,455 INFO Written out 1400000 reads
2021-04-14 11:11:23,809 INFO Written out 1500000 reads
2021-04-14 11:11:28,311 INFO Written out 1600000 reads
2021-04-14 11:11:32,233 INFO Parsed 2000000 input reads
2021-04-14 11:11:34,200 INFO Written out 1700000 reads
2021-04-14 11:11:39,866 INFO Written out 1800000 reads
2021-04-14 11:11:45,838 INFO Written out 1900000 reads
2021-04-14 11:11:51,900 INFO Written out 2000000 reads
2021-04-14 11:11:57,638 INFO Written out 2100000 reads
2021-04-14 11:12:03,836 INFO Written out 2200000 reads
2021-04-14 11:12:09,898 INFO Written out 2300000 reads
2021-04-14 11:12:17,021 INFO Written out 2400000 reads
2021-04-14 11:12:21,788 INFO Parsed 3000000 input reads
2021-04-14 11:12:21,886 INFO Written out 2500000 reads
2021-04-14 11:12:47,249 INFO Written out 2600000 reads
2021-04-14 11:12:52,854 INFO Written out 2700000 reads
2021-04-14 11:12:58,464 INFO Written out 2800000 reads
2021-04-14 11:13:04,068 INFO Written out 2900000 reads
2021-04-14 11:13:10,543 INFO Written out 3000000 reads
2021-04-14 11:13:15,821 INFO Written out 3100000 reads
2021-04-14 11:13:21,708 INFO Written out 3200000 reads
2021-04-14 11:13:28,100 INFO Written out 3300000 reads
2021-04-14 11:13:29,421 INFO Parsed 4000000 input reads
2021-04-14 11:13:33,498 INFO Written out 3400000 reads
2021-04-14 11:13:39,807 INFO Written out 3500000 reads
2021-04-14 11:13:46,020 INFO Written out 3600000 reads
2021-04-14 11:13:52,443 INFO Written out 3700000 reads
2021-04-14 11:13:57,269 INFO Written out 3800000 reads
2021-04-14 11:14:03,388 INFO Written out 3900000 reads
2021-04-14 11:14:10,167 INFO Written out 4000000 reads
2021-04-14 11:14:16,343 INFO Written out 4100000 reads
2021-04-14 11:14:20,759 INFO Parsed 5000000 input reads
2021-04-14 11:14:22,940 INFO Written out 4200000 reads
2021-04-14 11:14:30,816 INFO Written out 4300000 reads
2021-04-14 11:14:35,980 INFO Written out 4400000 reads
2021-04-14 11:14:42,660 INFO Written out 4500000 reads
2021-04-14 11:14:49,529 INFO Written out 4600000 reads
2021-04-14 11:14:58,081 INFO Written out 4700000 reads
2021-04-14 11:15:03,981 INFO Written out 4800000 reads
2021-04-14 11:15:28,280 INFO Written out 4900000 reads
2021-04-14 11:15:33,772 INFO Parsed 6000000 input reads
2021-04-14 11:15:34,961 INFO Written out 5000000 reads
2021-04-14 11:15:40,464 INFO Written out 5100000 reads
2021-04-14 11:15:47,550 INFO Written out 5200000 reads
2021-04-14 11:15:53,320 INFO Written out 5300000 reads
2021-04-14 11:16:00,356 INFO Written out 5400000 reads
2021-04-14 11:16:07,403 INFO Written out 5500000 reads
2021-04-14 11:16:13,232 INFO Written out 5600000 reads
2021-04-14 11:16:20,533 INFO Written out 5700000 reads
2021-04-14 11:16:27,518 INFO Written out 5800000 reads
2021-04-14 11:16:28,701 INFO Parsed 7000000 input reads
2021-04-14 11:16:34,396 INFO Written out 5900000 reads
2021-04-14 11:16:41,982 INFO Written out 6000000 reads
2021-04-14 11:16:48,906 INFO Written out 6100000 reads
2021-04-14 11:16:56,601 INFO Written out 6200000 reads
2021-04-14 11:17:03,896 INFO Written out 6300000 reads
2021-04-14 11:17:11,693 INFO Written out 6400000 reads
2021-04-14 11:17:19,711 INFO Written out 6500000 reads
2021-04-14 11:17:27,149 INFO Written out 6600000 reads
2021-04-14 11:17:31,177 INFO Parsed 8000000 input reads
2021-04-14 11:17:35,510 INFO Written out 6700000 reads
2021-04-14 11:17:42,580 INFO Written out 6800000 reads
2021-04-14 11:17:50,181 INFO Written out 6900000 reads
2021-04-14 11:18:15,026 INFO Written out 7000000 reads
2021-04-14 11:18:22,306 INFO Written out 7100000 reads
2021-04-14 11:18:29,366 INFO Written out 7200000 reads
2021-04-14 11:18:37,113 INFO Written out 7300000 reads
2021-04-14 11:18:44,290 INFO Written out 7400000 reads
2021-04-14 11:18:50,155 INFO Parsed 9000000 input reads
2021-04-14 11:18:51,601 INFO Written out 7500000 reads
2021-04-14 11:18:58,927 INFO Written out 7600000 reads
2021-04-14 11:19:06,199 INFO Written out 7700000 reads
2021-04-14 11:19:14,013 INFO Written out 7800000 reads
2021-04-14 11:19:21,262 INFO Written out 7900000 reads
2021-04-14 11:19:28,501 INFO Written out 8000000 reads
2021-04-14 11:19:36,809 INFO Written out 8100000 reads
2021-04-14 11:19:43,402 INFO Written out 8200000 reads
2021-04-14 11:19:50,955 INFO Written out 8300000 reads
2021-04-14 11:19:52,316 INFO Parsed 10000000 input reads
2021-04-14 11:19:59,363 INFO Written out 8400000 reads
2021-04-14 11:20:07,870 INFO Written out 8500000 reads
2021-04-14 11:20:14,785 INFO Written out 8600000 reads
2021-04-14 11:20:23,525 INFO Written out 8700000 reads
2021-04-14 11:20:45,938 INFO Written out 8800000 reads
2021-04-14 11:20:53,198 INFO Written out 8900000 reads
2021-04-14 11:21:01,390 INFO Written out 9000000 reads
2021-04-14 11:21:08,789 INFO Written out 9100000 reads
2021-04-14 11:21:12,247 INFO Parsed 11000000 input reads
2021-04-14 11:21:19,447 INFO Written out 9200000 reads
2021-04-14 11:21:23,354 INFO Written out 9300000 reads
2021-04-14 11:21:31,782 INFO Written out 9400000 reads
2021-04-14 11:21:39,619 INFO Written out 9500000 reads
2021-04-14 11:21:48,257 INFO Written out 9600000 reads
2021-04-14 11:21:55,862 INFO Written out 9700000 reads
2021-04-14 11:22:03,710 INFO Written out 9800000 reads
2021-04-14 11:22:12,523 INFO Written out 9900000 reads
2021-04-14 11:22:19,969 INFO Parsed 12000000 input reads
2021-04-14 11:22:20,679 INFO Written out 10000000 reads
2021-04-14 11:22:30,691 INFO Written out 10100000 reads
2021-04-14 11:22:37,504 INFO Written out 10200000 reads
2021-04-14 11:22:45,849 INFO Written out 10300000 reads
2021-04-14 11:22:55,014 INFO Written out 10400000 reads
2021-04-14 11:23:03,590 INFO Written out 10500000 reads
2021-04-14 11:23:12,144 INFO Written out 10600000 reads
2021-04-14 11:23:20,662 INFO Written out 10700000 reads
2021-04-14 11:23:29,475 INFO Written out 10800000 reads
2021-04-14 11:23:47,480 INFO Parsed 13000000 input reads
2021-04-14 11:23:56,018 INFO Written out 10900000 reads
2021-04-14 11:24:04,871 INFO Written out 11000000 reads
2021-04-14 11:24:12,016 INFO Written out 11100000 reads
2021-04-14 11:24:21,034 INFO Written out 11200000 reads
2021-04-14 11:24:29,091 INFO Written out 11300000 reads
2021-04-14 11:24:37,545 INFO Written out 11400000 reads
2021-04-14 11:24:46,014 INFO Written out 11500000 reads
2021-04-14 11:24:55,468 INFO Written out 11600000 reads
2021-04-14 11:24:58,960 INFO Parsed 14000000 input reads
2021-04-14 11:25:06,465 INFO Written out 11700000 reads
2021-04-14 11:25:12,524 INFO Written out 11800000 reads
2021-04-14 11:25:21,806 INFO Written out 11900000 reads
2021-04-14 11:25:30,348 INFO Written out 12000000 reads
2021-04-14 11:25:40,025 INFO Written out 12100000 reads
2021-04-14 11:25:49,999 INFO Written out 12200000 reads
2021-04-14 11:25:58,721 INFO Written out 12300000 reads
2021-04-14 11:26:07,714 INFO Written out 12400000 reads
2021-04-14 11:26:15,723 INFO Parsed 15000000 input reads
2021-04-14 11:26:16,642 INFO Written out 12500000 reads
2021-04-14 11:26:27,886 INFO Written out 12600000 reads
2021-04-14 11:26:35,638 INFO Written out 12700000 reads
2021-04-14 11:26:43,420 INFO Written out 12800000 reads
2021-04-14 11:27:00,360 INFO Written out 12900000 reads
2021-04-14 11:27:02,636 INFO Written out 13000000 reads
2021-04-14 11:27:05,578 INFO Written out 13100000 reads
2021-04-14 11:27:14,517 INFO Written out 13200000 reads
2021-04-14 11:27:22,599 INFO Written out 13300000 reads
2021-04-14 11:27:22,935 INFO Parsed 16000000 input reads
2021-04-14 11:27:33,651 INFO Written out 13400000 reads
2021-04-14 11:28:02,278 INFO Written out 13500000 reads
2021-04-14 11:28:11,280 INFO Written out 13600000 reads
2021-04-14 11:28:21,334 INFO Written out 13700000 reads
2021-04-14 11:28:31,495 INFO Written out 13800000 reads
2021-04-14 11:28:39,334 INFO Written out 13900000 reads
2021-04-14 11:28:48,342 INFO Written out 14000000 reads
2021-04-14 11:28:58,396 INFO Written out 14100000 reads
2021-04-14 11:29:01,656 INFO Parsed 17000000 input reads
2021-04-14 11:29:07,497 INFO Written out 14200000 reads
2021-04-14 11:29:17,956 INFO Written out 14300000 reads
2021-04-14 11:29:28,027 INFO Written out 14400000 reads
2021-04-14 11:29:36,101 INFO Written out 14500000 reads
2021-04-14 11:29:47,689 INFO Written out 14600000 reads
2021-04-14 11:29:55,894 INFO Written out 14700000 reads
2021-04-14 11:30:06,498 INFO Written out 14800000 reads
2021-04-14 11:30:18,731 INFO Written out 14900000 reads
2021-04-14 11:30:21,997 INFO Parsed 18000000 input reads
2021-04-14 11:30:25,721 INFO Written out 15000000 reads
2021-04-14 11:30:36,821 INFO Written out 15100000 reads
2021-04-14 11:30:45,362 INFO Written out 15200000 reads
2021-04-14 11:30:56,611 INFO Written out 15300000 reads
2021-04-14 11:31:23,879 INFO Written out 15400000 reads
2021-04-14 11:31:33,395 INFO Written out 15500000 reads
2021-04-14 11:31:42,915 INFO Written out 15600000 reads
2021-04-14 11:31:52,709 INFO Written out 15700000 reads
2021-04-14 11:32:03,393 INFO Parsed 19000000 input reads
2021-04-14 11:32:04,884 INFO Written out 15800000 reads
2021-04-14 11:32:14,513 INFO Written out 15900000 reads
2021-04-14 11:32:24,209 INFO Written out 16000000 reads
2021-04-14 11:32:33,958 INFO Written out 16100000 reads
2021-04-14 11:32:43,998 INFO Written out 16200000 reads
2021-04-14 11:32:54,237 INFO Written out 16300000 reads
2021-04-14 11:33:06,756 INFO Written out 16400000 reads
2021-04-14 11:33:15,371 INFO Written out 16500000 reads
2021-04-14 11:33:26,883 INFO Written out 16600000 reads
2021-04-14 11:33:30,511 INFO Parsed 20000000 input reads
2021-04-14 11:33:36,951 INFO Written out 16700000 reads
2021-04-14 11:33:48,598 INFO Written out 16800000 reads
2021-04-14 11:34:00,250 INFO Written out 16900000 reads
2021-04-14 11:34:13,301 INFO Written out 17000000 reads
2021-04-14 11:34:20,929 INFO Written out 17100000 reads
2021-04-14 11:34:31,642 INFO Written out 17200000 reads
2021-04-14 11:34:43,664 INFO Written out 17300000 reads
2021-04-14 11:34:54,215 INFO Written out 17400000 reads
2021-04-14 11:35:02,081 INFO Parsed 21000000 input reads
2021-04-14 11:35:04,534 INFO Written out 17500000 reads
2021-04-14 11:35:16,794 INFO Written out 17600000 reads
2021-04-14 11:35:26,494 INFO Written out 17700000 reads
2021-04-14 11:35:38,851 INFO Written out 17800000 reads
2021-04-14 11:35:48,310 INFO Written out 17900000 reads
2021-04-14 11:36:00,881 INFO Written out 18000000 reads
2021-04-14 11:36:33,011 INFO Written out 18100000 reads
2021-04-14 11:36:46,555 INFO Written out 18200000 reads
2021-04-14 11:36:57,007 INFO Parsed 22000000 input reads
2021-04-14 11:36:57,138 INFO Written out 18300000 reads
2021-04-14 11:37:04,365 INFO Written out 18400000 reads
2021-04-14 11:37:15,084 INFO Written out 18500000 reads
2021-04-14 11:37:25,504 INFO Written out 18600000 reads
2021-04-14 11:37:37,180 INFO Written out 18700000 reads
2021-04-14 11:37:48,037 INFO Written out 18800000 reads
2021-04-14 11:38:00,203 INFO Written out 18900000 reads
2021-04-14 11:38:10,972 INFO Written out 19000000 reads
2021-04-14 11:38:23,339 INFO Written out 19100000 reads
2021-04-14 11:38:25,794 INFO Parsed 23000000 input reads
2021-04-14 11:38:37,548 INFO Written out 19200000 reads
2021-04-14 11:38:45,007 INFO Written out 19300000 reads
2021-04-14 11:38:57,591 INFO Written out 19400000 reads
2021-04-14 11:39:08,749 INFO Written out 19500000 reads
2021-04-14 11:39:21,642 INFO Written out 19600000 reads
2021-04-14 11:39:32,959 INFO Written out 19700000 reads
2021-04-14 11:39:44,295 INFO Written out 19800000 reads
2021-04-14 11:39:57,173 INFO Written out 19900000 reads
2021-04-14 11:40:04,247 INFO Parsed 24000000 input reads
2021-04-14 11:40:25,332 INFO Written out 20000000 reads
2021-04-14 11:40:36,048 INFO Written out 20100000 reads
2021-04-14 11:40:46,796 INFO Written out 20200000 reads
2021-04-14 11:40:59,216 INFO Written out 20300000 reads
2021-04-14 11:41:10,186 INFO Written out 20400000 reads
2021-04-14 11:41:23,159 INFO Written out 20500000 reads
2021-04-14 11:41:34,839 INFO Written out 20600000 reads
2021-04-14 11:41:46,256 INFO Written out 20700000 reads
2021-04-14 11:41:57,676 INFO Parsed 25000000 input reads
2021-04-14 11:41:58,110 INFO Written out 20800000 reads
2021-04-14 11:42:09,921 INFO Written out 20900000 reads
2021-04-14 11:42:23,267 INFO Written out 21000000 reads
2021-04-14 11:42:34,968 INFO Written out 21100000 reads
2021-04-14 11:42:47,092 INFO Written out 21200000 reads
2021-04-14 11:42:59,406 INFO Written out 21300000 reads
2021-04-14 11:43:12,994 INFO Written out 21400000 reads
2021-04-14 11:43:24,761 INFO Written out 21500000 reads
2021-04-14 11:43:36,403 INFO Written out 21600000 reads
2021-04-14 11:43:40,355 INFO Parsed 26000000 input reads
2021-04-14 11:43:47,853 INFO Written out 21700000 reads
2021-04-14 11:44:16,987 INFO Written out 21800000 reads
2021-04-14 11:44:28,542 INFO Written out 21900000 reads
2021-04-14 11:44:37,454 INFO Written out 22000000 reads
2021-04-14 11:44:49,628 INFO Written out 22100000 reads
2021-04-14 11:45:00,459 INFO Written out 22200000 reads
2021-04-14 11:45:10,838 INFO Written out 22300000 reads
2021-04-14 11:45:24,898 INFO Written out 22400000 reads
2021-04-14 11:45:29,428 INFO Parsed 27000000 input reads
2021-04-14 11:45:32,135 INFO Written out 22500000 reads
2021-04-14 11:45:44,812 INFO Written out 22600000 reads
2021-04-14 11:45:55,460 INFO Written out 22700000 reads
2021-04-14 11:46:07,593 INFO Written out 22800000 reads
2021-04-14 11:46:18,374 INFO Written out 22900000 reads
2021-04-14 11:46:29,153 INFO Written out 23000000 reads
2021-04-14 11:46:41,799 INFO Written out 23100000 reads
2021-04-14 11:46:52,744 INFO Written out 23200000 reads
2021-04-14 11:47:13,571 INFO Parsed 28000000 input reads
2021-04-14 11:47:13,880 INFO Written out 23300000 reads
2021-04-14 11:47:15,981 INFO Written out 23400000 reads
2021-04-14 11:47:19,996 INFO Written out 23500000 reads
2021-04-14 11:47:33,067 INFO Written out 23600000 reads
2021-04-14 11:47:46,417 INFO Written out 23700000 reads
2021-04-14 11:47:57,744 INFO Written out 23800000 reads
2021-04-14 11:48:09,226 INFO Written out 23900000 reads
2021-04-14 11:48:20,951 INFO Written out 24000000 reads
2021-04-14 11:48:34,357 INFO Written out 24100000 reads
2021-04-14 11:48:36,437 INFO Parsed 29000000 input reads
2021-04-14 11:48:46,110 INFO Written out 24200000 reads
2021-04-14 11:48:59,510 INFO Written out 24300000 reads
2021-04-14 11:49:11,286 INFO Written out 24400000 reads
2021-04-14 11:49:24,880 INFO Written out 24500000 reads
2021-04-14 11:49:37,014 INFO Written out 24600000 reads
2021-04-14 11:49:47,429 INFO Written out 24700000 reads
2021-04-14 11:49:59,722 INFO Written out 24800000 reads
2021-04-14 11:50:36,206 INFO Written out 24900000 reads
2021-04-14 11:50:40,976 INFO Parsed 30000000 input reads
2021-04-14 11:50:49,369 INFO Written out 25000000 reads
2021-04-14 11:51:00,987 INFO Written out 25100000 reads
2021-04-14 11:51:12,318 INFO Written out 25200000 reads
2021-04-14 11:51:23,929 INFO Written out 25300000 reads
2021-04-14 11:51:35,553 INFO Written out 25400000 reads
2021-04-14 11:51:49,107 INFO Written out 25500000 reads
2021-04-14 11:52:01,064 INFO Written out 25600000 reads
2021-04-14 11:52:12,577 INFO Written out 25700000 reads
2021-04-14 11:52:21,855 INFO Parsed 31000000 input reads
2021-04-14 11:52:26,145 INFO Written out 25800000 reads
2021-04-14 11:52:37,974 INFO Written out 25900000 reads
2021-04-14 11:52:49,861 INFO Written out 26000000 reads
2021-04-14 11:53:02,193 INFO Written out 26100000 reads
2021-04-14 11:53:16,328 INFO Written out 26200000 reads
2021-04-14 11:53:28,546 INFO Written out 26300000 reads
2021-04-14 11:53:40,880 INFO Written out 26400000 reads
2021-04-14 11:53:54,915 INFO Written out 26500000 reads
2021-04-14 11:54:09,220 INFO Written out 26600000 reads
2021-04-14 11:54:09,546 INFO Parsed 32000000 input reads
2021-04-14 11:54:21,891 INFO Written out 26700000 reads
2021-04-14 11:54:34,054 INFO Written out 26800000 reads
2021-04-14 11:54:52,526 INFO Written out 26900000 reads
2021-04-14 11:54:57,088 INFO Written out 27000000 reads
2021-04-14 11:55:09,700 INFO Written out 27100000 reads
2021-04-14 11:55:24,415 INFO Written out 27200000 reads
2021-04-14 11:55:39,064 INFO Written out 27300000 reads
2021-04-14 11:55:51,840 INFO Written out 27400000 reads
2021-04-14 11:55:57,033 INFO Parsed 33000000 input reads
2021-04-14 11:56:06,596 INFO Written out 27500000 reads
2021-04-14 11:56:19,119 INFO Written out 27600000 reads
2021-04-14 11:56:52,030 INFO Written out 27700000 reads
2021-04-14 11:57:06,140 INFO Written out 27800000 reads
2021-04-14 11:57:18,093 INFO Written out 27900000 reads
2021-04-14 11:57:32,165 INFO Written out 28000000 reads
2021-04-14 11:57:46,253 INFO Written out 28100000 reads
2021-04-14 11:57:58,709 INFO Written out 28200000 reads
2021-04-14 11:58:06,506 INFO Parsed 34000000 input reads
2021-04-14 11:58:11,116 INFO Written out 28300000 reads
2021-04-14 11:58:23,634 INFO Written out 28400000 reads
2021-04-14 11:58:34,232 INFO Written out 28500000 reads
2021-04-14 11:58:48,669 INFO Written out 28600000 reads
2021-04-14 11:59:01,279 INFO Written out 28700000 reads
2021-04-14 11:59:15,954 INFO Written out 28800000 reads
2021-04-14 11:59:30,581 INFO Written out 28900000 reads
2021-04-14 11:59:43,175 INFO Written out 29000000 reads
2021-04-14 11:59:57,973 INFO Written out 29100000 reads
2021-04-14 11:59:58,060 INFO Parsed 35000000 input reads
2021-04-14 12:00:20,040 INFO Written out 29200000 reads
2021-04-14 12:00:22,025 INFO Written out 29300000 reads
2021-04-14 12:00:32,696 INFO Written out 29400000 reads
2021-04-14 12:00:43,461 INFO Written out 29500000 reads
2021-04-14 12:00:58,439 INFO Written out 29600000 reads
2021-04-14 12:01:09,543 INFO Written out 29700000 reads
2021-04-14 12:01:22,619 INFO Written out 29800000 reads
2021-04-14 12:01:35,492 INFO Written out 29900000 reads
2021-04-14 12:01:40,397 INFO Parsed 36000000 input reads
2021-04-14 12:01:50,460 INFO Written out 30000000 reads
2021-04-14 12:01:59,701 INFO Written out 30100000 reads
2021-04-14 12:02:13,043 INFO Written out 30200000 reads
2021-04-14 12:02:44,531 INFO Written out 30300000 reads
2021-04-14 12:02:58,901 INFO Written out 30400000 reads
2021-04-14 12:03:11,875 INFO Written out 30500000 reads
2021-04-14 12:03:24,474 INFO Written out 30600000 reads
2021-04-14 12:03:37,049 INFO Written out 30700000 reads
2021-04-14 12:03:46,687 INFO Parsed 37000000 input reads
2021-04-14 12:03:51,708 INFO Written out 30800000 reads
2021-04-14 12:04:04,383 INFO Written out 30900000 reads
2021-04-14 12:04:19,256 INFO Written out 31000000 reads
2021-04-14 12:04:33,943 INFO Written out 31100000 reads
2021-04-14 12:04:42,687 INFO Written out 31200000 reads
2021-04-14 12:04:57,064 INFO Written out 31300000 reads
2021-04-14 12:05:13,758 INFO Written out 31400000 reads
2021-04-14 12:05:24,630 INFO Written out 31500000 reads
2021-04-14 12:05:37,623 INFO Parsed 38000000 input reads
2021-04-14 12:05:37,683 INFO Written out 31600000 reads
2021-04-14 12:05:52,849 INFO Written out 31700000 reads
2021-04-14 12:06:03,835 INFO Written out 31800000 reads
2021-04-14 12:06:19,227 INFO Written out 31900000 reads
2021-04-14 12:06:34,483 INFO Written out 32000000 reads
2021-04-14 12:06:45,675 INFO Written out 32100000 reads
2021-04-14 12:07:01,081 INFO Written out 32200000 reads
2021-04-14 12:07:14,683 INFO Written out 32300000 reads
2021-04-14 12:07:23,858 INFO Written out 32400000 reads
2021-04-14 12:07:28,926 INFO Parsed 39000000 input reads
2021-04-14 12:07:39,616 INFO Written out 32500000 reads
2021-04-14 12:07:55,178 INFO Written out 32600000 reads
2021-04-14 12:08:06,755 INFO Written out 32700000 reads
2021-04-14 12:08:22,616 INFO Written out 32800000 reads
2021-04-14 12:08:58,785 INFO Written out 32900000 reads
2021-04-14 12:09:12,025 INFO Written out 33000000 reads
2021-04-14 12:09:27,389 INFO Written out 33100000 reads
2021-04-14 12:09:40,881 INFO Written out 33200000 reads
2021-04-14 12:09:48,784 INFO Parsed 40000000 input reads
2021-04-14 12:09:54,340 INFO Written out 33300000 reads
2021-04-14 12:10:09,517 INFO Written out 33400000 reads
2021-04-14 12:10:22,505 INFO Written out 33500000 reads
2021-04-14 12:10:35,750 INFO Written out 33600000 reads
2021-04-14 12:10:51,309 INFO Written out 33700000 reads
2021-04-14 12:11:06,326 INFO Written out 33800000 reads
2021-04-14 12:11:19,499 INFO Written out 33900000 reads
2021-04-14 12:11:33,046 INFO Written out 34000000 reads
2021-04-14 12:11:46,108 INFO Parsed 41000000 input reads
2021-04-14 12:11:46,533 INFO Written out 34100000 reads
2021-04-14 12:12:02,105 INFO Written out 34200000 reads
2021-04-14 12:12:15,812 INFO Written out 34300000 reads
2021-04-14 12:12:42,762 INFO Written out 34400000 reads
2021-04-14 12:12:56,208 INFO Written out 34500000 reads
2021-04-14 12:13:11,597 INFO Written out 34600000 reads
2021-04-14 12:13:29,308 INFO Written out 34700000 reads
2021-04-14 12:13:40,565 INFO Written out 34800000 reads
2021-04-14 12:13:54,207 INFO Written out 34900000 reads
2021-04-14 12:13:59,077 INFO Parsed 42000000 input reads
2021-04-14 12:14:10,071 INFO Written out 35000000 reads
2021-04-14 12:14:23,608 INFO Written out 35100000 reads
2021-04-14 12:14:39,283 INFO Written out 35200000 reads
2021-04-14 12:14:53,180 INFO Written out 35300000 reads
2021-04-14 12:15:07,167 INFO Written out 35400000 reads
2021-04-14 12:15:21,058 INFO Written out 35500000 reads
2021-04-14 12:15:37,278 INFO Written out 35600000 reads
2021-04-14 12:15:53,541 INFO Written out 35700000 reads
2021-04-14 12:16:01,814 INFO Parsed 43000000 input reads
2021-04-14 12:16:07,724 INFO Written out 35800000 reads
2021-04-14 12:16:28,864 INFO Written out 35900000 reads
2021-04-14 12:16:35,728 INFO Written out 36000000 reads
2021-04-14 12:16:52,277 INFO Written out 36100000 reads
2021-04-14 12:17:06,701 INFO Written out 36200000 reads
2021-04-14 12:17:28,261 INFO Written out 36300000 reads
2021-04-14 12:17:32,698 INFO Written out 36400000 reads
2021-04-14 12:17:46,867 INFO Written out 36500000 reads
2021-04-14 12:18:00,806 INFO Parsed 44000000 input reads
2021-04-14 12:18:01,285 INFO Written out 36600000 reads
2021-04-14 12:18:25,559 INFO Written out 36700000 reads
2021-04-14 12:18:29,900 INFO Written out 36800000 reads
2021-04-14 12:19:03,614 INFO Written out 36900000 reads
2021-04-14 12:19:17,764 INFO Written out 37000000 reads
2021-04-14 12:19:34,069 INFO Written out 37100000 reads
2021-04-14 12:19:48,348 INFO Written out 37200000 reads
2021-04-14 12:20:02,707 INFO Written out 37300000 reads
2021-04-14 12:20:16,957 INFO Written out 37400000 reads
2021-04-14 12:20:19,825 INFO Parsed 45000000 input reads
2021-04-14 12:20:31,453 INFO Written out 37500000 reads
2021-04-14 12:20:45,898 INFO Written out 37600000 reads
2021-04-14 12:21:00,230 INFO Written out 37700000 reads
2021-04-14 12:21:14,496 INFO Written out 37800000 reads
2021-04-14 12:21:31,054 INFO Written out 37900000 reads
2021-04-14 12:21:45,508 INFO Written out 38000000 reads
2021-04-14 12:22:02,512 INFO Written out 38100000 reads
2021-04-14 12:22:16,798 INFO Written out 38200000 reads
2021-04-14 12:22:22,863 INFO Parsed 46000000 input reads
2021-04-14 12:22:31,264 INFO Written out 38300000 reads
2021-04-14 12:22:58,335 INFO Written out 38400000 reads
2021-04-14 12:23:12,923 INFO Written out 38500000 reads
2021-04-14 12:23:32,086 INFO Written out 38600000 reads
2021-04-14 12:23:49,151 INFO Written out 38700000 reads
2021-04-14 12:23:56,559 INFO Written out 38800000 reads
2021-04-14 12:24:11,302 INFO Written out 38900000 reads
2021-04-14 12:24:28,472 INFO Written out 39000000 reads
2021-04-14 12:24:47,862 INFO Parsed 47000000 input reads
2021-04-14 12:24:48,204 INFO Written out 39100000 reads
2021-04-14 12:24:55,641 INFO Written out 39200000 reads
2021-04-14 12:25:10,638 INFO Written out 39300000 reads
2021-04-14 12:25:33,122 INFO Written out 39400000 reads
2021-04-14 12:25:43,088 INFO Written out 39500000 reads
2021-04-14 12:25:57,886 INFO Written out 39600000 reads
2021-04-14 12:26:12,919 INFO Written out 39700000 reads
2021-04-14 12:26:33,025 INFO Written out 39800000 reads
2021-04-14 12:26:45,734 INFO Written out 39900000 reads
2021-04-14 12:26:48,690 INFO Parsed 48000000 input reads
2021-04-14 12:27:00,890 INFO Written out 40000000 reads
2021-04-14 12:27:18,652 INFO Written out 40100000 reads
2021-04-14 12:27:33,865 INFO Written out 40200000 reads
2021-04-14 12:28:02,311 INFO Written out 40300000 reads
2021-04-14 12:28:19,666 INFO Written out 40400000 reads
2021-04-14 12:28:37,140 INFO Written out 40500000 reads
2021-04-14 12:28:52,020 INFO Written out 40600000 reads
2021-04-14 12:29:07,009 INFO Written out 40700000 reads
2021-04-14 12:29:15,543 INFO Parsed 49000000 input reads
2021-04-14 12:29:24,414 INFO Written out 40800000 reads
2021-04-14 12:29:39,183 INFO Written out 40900000 reads
2021-04-14 12:29:54,142 INFO Written out 41000000 reads
2021-04-14 12:30:09,367 INFO Written out 41100000 reads
2021-04-14 12:30:24,472 INFO Written out 41200000 reads
2021-04-14 12:30:39,660 INFO Written out 41300000 reads
2021-04-14 12:30:59,831 INFO Written out 41400000 reads
2021-04-14 12:31:15,128 INFO Written out 41500000 reads
2021-04-14 12:31:27,393 INFO Parsed 50000000 input reads
2021-04-14 12:31:30,520 INFO Written out 41600000 reads
2021-04-14 12:31:51,163 INFO Written out 41700000 reads
2021-04-14 12:32:04,323 INFO Written out 41800000 reads
2021-04-14 12:32:25,136 INFO Written out 41900000 reads
2021-04-14 12:32:40,896 INFO Written out 42000000 reads
2021-04-14 12:32:59,123 INFO Written out 42100000 reads
2021-04-14 12:33:14,848 INFO Written out 42200000 reads
2021-04-14 12:33:36,091 INFO Written out 42300000 reads
2021-04-14 12:33:51,778 INFO Written out 42400000 reads
2021-04-14 12:33:54,892 INFO Parsed 51000000 input reads
2021-04-14 12:34:10,382 INFO Written out 42500000 reads
2021-04-14 12:34:26,455 INFO Written out 42600000 reads
2021-04-14 12:34:43,021 INFO Written out 42700000 reads
2021-04-14 12:35:03,357 INFO Written out 42800000 reads
2021-04-14 12:35:11,197 INFO Written out 42900000 reads
2021-04-14 12:35:28,567 INFO Written out 43000000 reads
2021-04-14 12:35:45,641 INFO Written out 43100000 reads
2021-04-14 12:36:05,562 INFO Written out 43200000 reads
2021-04-14 12:36:12,663 INFO Parsed 52000000 input reads
2021-04-14 12:36:26,144 INFO Written out 43300000 reads
2021-04-14 12:36:44,043 INFO Written out 43400000 reads
2021-04-14 12:37:08,229 INFO Written out 43500000 reads
2021-04-14 12:37:23,038 INFO Written out 43600000 reads
2021-04-14 12:38:06,139 INFO Written out 43700000 reads
2021-04-14 12:38:26,116 INFO Written out 43800000 reads
2021-04-14 12:38:45,977 INFO Written out 43900000 reads
2021-04-14 12:39:03,135 INFO Written out 44000000 reads
2021-04-14 12:39:16,650 INFO Parsed 53000000 input reads
2021-04-14 12:39:23,152 INFO Written out 44100000 reads
2021-04-14 12:39:40,450 INFO Written out 44200000 reads
2021-04-14 12:39:57,735 INFO Written out 44300000 reads
2021-04-14 12:40:20,578 INFO Written out 44400000 reads
2021-04-14 12:40:37,939 INFO Written out 44500000 reads
2021-04-14 12:40:55,467 INFO Written out 44600000 reads
2021-04-14 12:41:15,835 INFO Written out 44700000 reads
2021-04-14 12:41:33,520 INFO Written out 44800000 reads
2021-04-14 12:41:54,351 INFO Written out 44900000 reads
2021-04-14 12:41:54,512 INFO Parsed 54000000 input reads
2021-04-14 12:42:11,907 INFO Written out 45000000 reads
2021-04-14 12:42:29,742 INFO Written out 45100000 reads
2021-04-14 12:42:47,944 INFO Written out 45200000 reads
2021-04-14 12:43:00,475 INFO Written out 45300000 reads
2021-04-14 12:43:15,739 INFO Written out 45400000 reads
2021-04-14 12:43:28,232 INFO Written out 45500000 reads
2021-04-14 12:43:49,653 INFO Written out 45600000 reads
2021-04-14 12:44:46,258 INFO Written out 45700000 reads
2021-04-14 12:44:47,040 INFO Parsed 55000000 input reads
2021-04-14 12:44:48,609 INFO Written out 45800000 reads
2021-04-14 12:44:50,917 INFO Written out 45900000 reads
2021-04-14 12:44:54,122 INFO Written out 46000000 reads
2021-04-14 12:45:12,853 INFO Written out 46100000 reads
2021-04-14 12:45:28,332 INFO Written out 46200000 reads
2021-04-14 12:45:46,539 INFO Written out 46300000 reads
2021-04-14 12:46:07,835 INFO Written out 46400000 reads
2021-04-14 12:46:28,791 INFO Written out 46500000 reads
2021-04-14 12:46:42,580 INFO Parsed 56000000 input reads
2021-04-14 12:46:46,606 INFO Written out 46600000 reads
2021-04-14 12:47:04,960 INFO Written out 46700000 reads
2021-04-14 12:47:26,036 INFO Written out 46800000 reads
2021-04-14 12:47:43,931 INFO Written out 46900000 reads
2021-04-14 12:48:02,351 INFO Written out 47000000 reads
2021-04-14 12:48:23,814 INFO Written out 47100000 reads
2021-04-14 12:48:42,338 INFO Written out 47200000 reads
2021-04-14 12:49:04,093 INFO Written out 47300000 reads
2021-04-14 12:49:22,434 INFO Parsed 57000000 input reads
2021-04-14 12:49:25,996 INFO Written out 47400000 reads
2021-04-14 12:49:47,716 INFO Written out 47500000 reads
2021-04-14 12:50:32,929 INFO Written out 47600000 reads
2021-04-14 12:50:35,767 INFO Written out 47700000 reads
2021-04-14 12:50:37,989 INFO Written out 47800000 reads
2021-04-14 12:50:41,587 INFO Written out 47900000 reads
2021-04-14 12:50:46,453 INFO Written out 48000000 reads
2021-04-14 12:51:05,840 INFO Written out 48100000 reads
2021-04-14 12:51:28,427 INFO Written out 48200000 reads
2021-04-14 12:51:28,654 INFO Parsed 58000000 input reads
2021-04-14 12:51:47,445 INFO Written out 48300000 reads
2021-04-14 12:52:06,606 INFO Written out 48400000 reads
2021-04-14 12:52:29,287 INFO Written out 48500000 reads
2021-04-14 12:52:48,395 INFO Written out 48600000 reads
2021-04-14 12:53:07,900 INFO Written out 48700000 reads
2021-04-14 12:53:30,550 INFO Written out 48800000 reads
2021-04-14 12:53:49,992 INFO Written out 48900000 reads
2021-04-14 12:54:09,383 INFO Written out 49000000 reads
2021-04-14 12:54:17,260 INFO Parsed 59000000 input reads
2021-04-14 12:54:32,254 INFO Written out 49100000 reads
2021-04-14 12:54:55,193 INFO Written out 49200000 reads
2021-04-14 12:55:15,225 INFO Written out 49300000 reads
2021-04-14 12:56:03,425 INFO Written out 49400000 reads
2021-04-14 12:56:22,206 INFO Written out 49500000 reads
2021-04-14 12:56:40,745 INFO Written out 49600000 reads
2021-04-14 12:56:59,558 INFO Written out 49700000 reads
2021-04-14 12:57:18,496 INFO Written out 49800000 reads
2021-04-14 12:57:33,499 INFO Parsed 60000000 input reads
2021-04-14 12:57:40,847 INFO Written out 49900000 reads
2021-04-14 12:57:59,804 INFO Written out 50000000 reads
2021-04-14 12:58:18,626 INFO Written out 50100000 reads
2021-04-14 12:58:37,916 INFO Written out 50200000 reads
2021-04-14 12:59:00,719 INFO Written out 50300000 reads
2021-04-14 12:59:20,034 INFO Written out 50400000 reads
2021-04-14 12:59:39,440 INFO Written out 50500000 reads
2021-04-14 13:00:02,217 INFO Written out 50600000 reads
2021-04-14 13:00:21,717 INFO Written out 50700000 reads
2021-04-14 13:00:25,033 INFO Parsed 61000000 input reads
2021-04-14 13:00:43,917 INFO Written out 50800000 reads
2021-04-14 13:01:02,880 INFO Written out 50900000 reads
2021-04-14 13:01:25,158 INFO Written out 51000000 reads
2021-04-14 13:01:47,573 INFO Written out 51100000 reads
2021-04-14 13:02:06,843 INFO Written out 51200000 reads
2021-04-14 13:02:26,128 INFO Written out 51300000 reads
2021-04-14 13:02:52,151 INFO Written out 51400000 reads
2021-04-14 13:03:07,738 INFO Written out 51500000 reads
2021-04-14 13:03:15,332 INFO Parsed 62000000 input reads
2021-04-14 13:03:30,237 INFO Written out 51600000 reads
2021-04-14 13:03:49,890 INFO Written out 51700000 reads
2021-04-14 13:04:12,677 INFO Written out 51800000 reads
2021-04-14 13:04:53,316 INFO Written out 51900000 reads
2021-04-14 13:05:05,900 INFO Written out 52000000 reads
2021-04-14 13:05:28,031 INFO Written out 52100000 reads
2021-04-14 13:05:46,987 INFO Written out 52200000 reads
2021-04-14 13:06:05,928 INFO Written out 52300000 reads
2021-04-14 13:06:17,288 INFO Parsed 63000000 input reads
2021-04-14 13:06:24,696 INFO Written out 52400000 reads
2021-04-14 13:06:43,779 INFO Written out 52500000 reads
2021-04-14 13:07:06,391 INFO Written out 52600000 reads
2021-04-14 13:07:28,886 INFO Written out 52700000 reads
2021-04-14 13:07:51,636 INFO Written out 52800000 reads
2021-04-14 13:08:14,223 INFO Written out 52900000 reads
2021-04-14 13:08:30,286 INFO Written out 53000000 reads
2021-04-14 13:08:50,066 INFO Written out 53100000 reads
2021-04-14 13:09:09,896 INFO Parsed 64000000 input reads
2021-04-14 13:09:09,984 INFO Written out 53200000 reads
2021-04-14 13:09:33,147 INFO Written out 53300000 reads
2021-04-14 13:09:56,377 INFO Written out 53400000 reads
2021-04-14 13:10:15,959 INFO Written out 53500000 reads
2021-04-14 13:10:35,766 INFO Written out 53600000 reads
2021-04-14 13:10:58,799 INFO Written out 53700000 reads
2021-04-14 13:11:21,910 INFO Written out 53800000 reads
2021-04-14 13:11:41,798 INFO Written out 53900000 reads
2021-04-14 13:12:01,462 INFO Written out 54000000 reads
2021-04-14 13:12:09,289 INFO Parsed 65000000 input reads
2021-04-14 13:12:25,266 INFO Written out 54100000 reads
2021-04-14 13:12:45,263 INFO Written out 54200000 reads
2021-04-14 13:13:08,943 INFO Written out 54300000 reads
2021-04-14 13:13:25,690 INFO Written out 54400000 reads
2021-04-14 13:13:49,624 INFO Written out 54500000 reads
2021-04-14 13:14:16,921 INFO Written out 54600000 reads
2021-04-14 13:14:57,789 INFO Written out 54700000 reads
2021-04-14 13:15:14,374 INFO Written out 54800000 reads
2021-04-14 13:15:29,832 INFO Parsed 66000000 input reads
2021-04-14 13:15:41,232 INFO Written out 54900000 reads
2021-04-14 13:16:01,468 INFO Written out 55000000 reads
2021-04-14 13:16:22,238 INFO Written out 55100000 reads
2021-04-14 13:16:42,853 INFO Written out 55200000 reads
2021-04-14 13:17:06,992 INFO Written out 55300000 reads
2021-04-14 13:17:27,521 INFO Written out 55400000 reads
2021-04-14 13:17:51,550 INFO Written out 55500000 reads
2021-04-14 13:18:19,464 INFO Written out 55600000 reads
2021-04-14 13:18:43,887 INFO Parsed 67000000 input reads
2021-04-14 13:18:43,947 INFO Written out 55700000 reads
2021-04-14 13:19:04,582 INFO Written out 55800000 reads
2021-04-14 13:19:26,008 INFO Written out 55900000 reads
2021-04-14 13:19:50,555 INFO Written out 56000000 reads
2021-04-14 13:20:11,372 INFO Written out 56100000 reads
2021-04-14 13:20:39,303 INFO Written out 56200000 reads
2021-04-14 13:20:56,474 INFO Written out 56300000 reads
2021-04-14 13:21:17,039 INFO Written out 56400000 reads
2021-04-14 13:21:41,049 INFO Written out 56500000 reads
2021-04-14 13:21:45,467 INFO Parsed 68000000 input reads
2021-04-14 13:22:01,636 INFO Written out 56600000 reads
2021-04-14 13:22:22,302 INFO Written out 56700000 reads
2021-04-14 13:22:42,998 INFO Written out 56800000 reads
2021-04-14 13:23:04,377 INFO Written out 56900000 reads
2021-04-14 13:23:25,825 INFO Written out 57000000 reads
2021-04-14 13:23:54,892 INFO Written out 57100000 reads
2021-04-14 13:24:34,924 INFO Written out 57200000 reads
2021-04-14 13:24:59,364 INFO Written out 57300000 reads
2021-04-14 13:25:11,763 INFO Parsed 69000000 input reads
2021-04-14 13:25:20,323 INFO Written out 57400000 reads
2021-04-14 13:25:41,915 INFO Written out 57500000 reads
2021-04-14 13:26:06,751 INFO Written out 57600000 reads
2021-04-14 13:26:31,346 INFO Written out 57700000 reads
2021-04-14 13:26:48,802 INFO Written out 57800000 reads
2021-04-14 13:27:14,007 INFO Written out 57900000 reads
2021-04-14 13:27:38,739 INFO Written out 58000000 reads
2021-04-14 13:28:03,610 INFO Written out 58100000 reads
2021-04-14 13:28:24,723 INFO Parsed 70000000 input reads
2021-04-14 13:28:25,036 INFO Written out 58200000 reads
2021-04-14 13:28:50,041 INFO Written out 58300000 reads
2021-04-14 13:29:11,658 INFO Written out 58400000 reads
2021-04-14 13:29:33,325 INFO Written out 58500000 reads
2021-04-14 13:29:59,108 INFO Written out 58600000 reads
2021-04-14 13:30:20,698 INFO Written out 58700000 reads
2021-04-14 13:30:42,625 INFO Written out 58800000 reads
2021-04-14 13:31:08,690 INFO Written out 58900000 reads
2021-04-14 13:31:26,354 INFO Written out 59000000 reads
2021-04-14 13:31:34,508 INFO Parsed 71000000 input reads
2021-04-14 13:33:52,359 INFO Written out 59100000 reads
2021-04-14 13:33:55,036 INFO Written out 59200000 reads
2021-04-14 13:33:57,094 INFO Written out 59300000 reads
2021-04-14 13:33:59,217 INFO Written out 59400000 reads
2021-04-14 13:34:01,489 INFO Written out 59500000 reads
2021-04-14 13:34:03,587 INFO Written out 59600000 reads
2021-04-14 13:34:07,196 INFO Written out 59700000 reads
2021-04-14 13:34:09,611 INFO Written out 59800000 reads
2021-04-14 13:34:10,981 INFO Parsed 72000000 input reads
2021-04-14 13:34:12,208 INFO Written out 59900000 reads
2021-04-14 13:34:15,076 INFO Written out 60000000 reads
2021-04-14 13:34:20,582 INFO Written out 60100000 reads
2021-04-14 13:34:24,241 INFO Written out 60200000 reads
2021-04-14 13:34:27,962 INFO Written out 60300000 reads
2021-04-14 13:34:34,383 INFO Written out 60400000 reads
2021-04-14 13:34:37,668 INFO Written out 60500000 reads
2021-04-14 13:34:42,534 INFO Written out 60600000 reads
2021-04-14 13:34:44,672 INFO Parsed 73000000 input reads
2021-04-14 13:34:47,181 INFO Written out 60700000 reads
2021-04-14 13:34:51,702 INFO Written out 60800000 reads
2021-04-14 13:34:55,239 INFO Written out 60900000 reads
2021-04-14 13:34:57,990 INFO Written out 61000000 reads
2021-04-14 13:35:01,395 INFO Written out 61100000 reads
2021-04-14 13:35:04,573 INFO Written out 61200000 reads
2021-04-14 13:35:07,314 INFO Written out 61300000 reads
2021-04-14 13:35:10,795 INFO Written out 61400000 reads
2021-04-14 13:35:12,856 INFO Parsed 74000000 input reads
2021-04-14 13:35:13,451 INFO Written out 61500000 reads
2021-04-14 13:35:16,158 INFO Written out 61600000 reads
2021-04-14 13:35:21,335 INFO Written out 61700000 reads
2021-04-14 13:35:25,113 INFO Written out 61800000 reads
2021-04-14 13:35:28,943 INFO Written out 61900000 reads
2021-04-14 13:35:31,624 INFO Written out 62000000 reads
2021-04-14 13:35:33,613 INFO Written out 62100000 reads
2021-04-14 13:35:36,014 INFO Written out 62200000 reads
2021-04-14 13:35:37,998 INFO Written out 62300000 reads
2021-04-14 13:35:38,182 INFO Parsed 75000000 input reads
2021-04-14 13:35:40,114 INFO Written out 62400000 reads
2021-04-14 13:35:43,317 INFO Written out 62500000 reads
2021-04-14 13:35:45,592 INFO Written out 62600000 reads
2021-04-14 13:35:47,733 INFO Written out 62700000 reads
2021-04-14 13:36:22,421 INFO Written out 62800000 reads
2021-04-14 13:36:27,484 INFO Written out 62900000 reads
2021-04-14 13:36:37,598 INFO Written out 63000000 reads
2021-04-14 13:37:02,969 INFO Written out 63100000 reads
2021-04-14 13:37:13,447 INFO Parsed 76000000 input reads
2021-04-14 13:37:31,830 INFO Written out 63200000 reads
2021-04-14 13:37:58,166 INFO Written out 63300000 reads
2021-04-14 13:38:24,741 INFO Written out 63400000 reads
2021-04-14 13:38:31,264 INFO Searching for mates for 0 unmatched alignments
2021-04-14 13:41:51,421 INFO 0 mates never found
2021-04-14 13:56:25,214 INFO Reads: Input Reads: 76365064, Read pairs: 76365064, Read 2 unmapped: 6300
2021-04-14 13:56:25,222 INFO Number of reads out: 63437031
2021-04-14 13:56:25,222 INFO Total number of positions deduplicated: 52478079
2021-04-14 13:56:25,222 INFO Mean number of unique UMIs per position: 1.21
2021-04-14 13:56:25,222 INFO Max. number of unique UMIs per position: 3084
# job finished in 10434 seconds at Wed Apr 14 13:56:25 2021 -- 10200.73 167.46  0.00  0.00 -- 9616c12c-0030-4b77-9c54-236850dabb05
