# UMI-tools version: 1.1.1
# output generated by dedup -I 03_alignedData/bam/17_KB_C1Aligned.sortedByCoord.out.bam -L 04_dedupUmis/log/17_KB_C1.log -S 04_dedupUmis/bam/17_KB_C1.bam --umi-separator=: --temp-dir=. --paired --output-stats=04_dedupUmis/log/17_KB_C1
# job started at Wed Apr 14 11:02:30 2021 on r25-n7 -- 2dabc9f5-0040-4a7b-83c0-0ebf7ccdc4fb
# pid: 65981, system: Linux 3.10.0-1062.9.1.el7.x86_64 #1 SMP Mon Dec 2 08:31:54 EST 2019 x86_64
# assigned_tag                            : None
# cell_tag                                : None
# cell_tag_delim                          : None
# cell_tag_split                          : -
# chimeric_pairs                          : use
# chrom                                   : None
# compresslevel                           : 6
# detection_method                        : None
# filter_umi                              : None
# gene_tag                                : None
# gene_transcript_map                     : None
# get_umi_method                          : read_id
# ignore_tlen                             : False
# ignore_umi                              : False
# in_sam                                  : False
# log2stderr                              : False
# loglevel                                : 1
# mapping_quality                         : 0
# method                                  : directional
# no_sort_output                          : False
# out_sam                                 : False
# output_unmapped                         : False
# paired                                  : True
# per_cell                                : False
# per_contig                              : False
# per_gene                                : False
# random_seed                             : None
# read_length                             : False
# short_help                              : None
# skip_regex                              : ^(__|Unassigned)
# soft_clip_threshold                     : 4
# spliced                                 : False
# stats                                   : 04_dedupUmis/log/17_KB_C1
# stderr                                  : <_io.TextIOWrapper name='<stderr>' mode='w' encoding='UTF-8'>
# stdin                                   : <_io.TextIOWrapper name='03_alignedData/bam/17_KB_C1Aligned.sortedByCoord.out.bam' mode='r' encoding='UTF-8'>
# stdlog                                  : <_io.TextIOWrapper name='04_dedupUmis/log/17_KB_C1.log' mode='a' encoding='UTF-8'>
# stdout                                  : <_io.TextIOWrapper name='04_dedupUmis/bam/17_KB_C1.bam' mode='w' encoding='UTF-8'>
# subset                                  : None
# threshold                               : 1
# timeit_file                             : None
# timeit_header                           : None
# timeit_name                             : all
# tmpdir                                  : .
# umi_sep                                 : :
# umi_tag                                 : RX
# umi_tag_delim                           : None
# umi_tag_split                           : None
# umi_whitelist                           : None
# umi_whitelist_paired                    : None
# unmapped_reads                          : discard
# unpaired_reads                          : use
# whole_contig                            : False
2021-04-14 11:02:30,677 WARNING Chimeric read pairs are being used. Some read pair UMIs may be grouped/deduplicated using just the mapping coordinates from read1.This may also increase the run time and memory usage. Consider --chimeric-pairs==discard to discard these reads or --chimeric-pairs==output (group command only) to output them without grouping
2021-04-14 11:02:30,677 WARNING Unpaired read pairs are being used. Some read pair UMIs may be grouped/deduplicated using just the mapping coordinates from read1.This may also increase the run time and memory usage. Consider --unpared-reads==discard to discard these reads or --unpared-reads==output (group command only) to output them without grouping
2021-04-14 11:02:30,677 INFO command: dedup -I 03_alignedData/bam/17_KB_C1Aligned.sortedByCoord.out.bam -L 04_dedupUmis/log/17_KB_C1.log -S 04_dedupUmis/bam/17_KB_C1.bam --umi-separator=: --temp-dir=. --paired --output-stats=04_dedupUmis/log/17_KB_C1
2021-04-14 11:06:40,527 INFO total_umis 76501598
2021-04-14 11:06:40,528 INFO #umis 66027
2021-04-14 11:10:03,775 INFO Written out 100000 reads
2021-04-14 11:10:07,863 INFO Written out 200000 reads
2021-04-14 11:10:11,947 INFO Written out 300000 reads
2021-04-14 11:10:15,923 INFO Written out 400000 reads
2021-04-14 11:10:20,770 INFO Written out 500000 reads
2021-04-14 11:10:24,410 INFO Written out 600000 reads
2021-04-14 11:10:28,725 INFO Written out 700000 reads
2021-04-14 11:10:33,265 INFO Written out 800000 reads
2021-04-14 11:10:33,519 INFO Parsed 1000000 input reads
2021-04-14 11:10:37,590 INFO Written out 900000 reads
2021-04-14 11:10:42,114 INFO Written out 1000000 reads
2021-04-14 11:10:46,769 INFO Written out 1100000 reads
2021-04-14 11:10:51,375 INFO Written out 1200000 reads
2021-04-14 11:10:56,173 INFO Written out 1300000 reads
2021-04-14 11:11:01,335 INFO Written out 1400000 reads
2021-04-14 11:11:05,683 INFO Written out 1500000 reads
2021-04-14 11:11:10,779 INFO Written out 1600000 reads
2021-04-14 11:11:11,276 INFO Parsed 2000000 input reads
2021-04-14 11:11:15,800 INFO Written out 1700000 reads
2021-04-14 11:11:21,197 INFO Written out 1800000 reads
2021-04-14 11:11:26,454 INFO Written out 1900000 reads
2021-04-14 11:11:31,594 INFO Written out 2000000 reads
2021-04-14 11:11:37,189 INFO Written out 2100000 reads
2021-04-14 11:11:42,503 INFO Written out 2200000 reads
2021-04-14 11:11:47,836 INFO Written out 2300000 reads
2021-04-14 11:12:11,774 INFO Written out 2400000 reads
2021-04-14 11:12:12,660 INFO Parsed 3000000 input reads
2021-04-14 11:12:16,900 INFO Written out 2500000 reads
2021-04-14 11:12:22,000 INFO Written out 2600000 reads
2021-04-14 11:12:27,198 INFO Written out 2700000 reads
2021-04-14 11:12:32,281 INFO Written out 2800000 reads
2021-04-14 11:12:37,544 INFO Written out 2900000 reads
2021-04-14 11:12:42,928 INFO Written out 3000000 reads
2021-04-14 11:12:47,947 INFO Written out 3100000 reads
2021-04-14 11:12:53,231 INFO Written out 3200000 reads
2021-04-14 11:12:54,421 INFO Parsed 4000000 input reads
2021-04-14 11:13:00,992 INFO Written out 3300000 reads
2021-04-14 11:13:05,890 INFO Written out 3400000 reads
2021-04-14 11:13:10,035 INFO Written out 3500000 reads
2021-04-14 11:13:15,481 INFO Written out 3600000 reads
2021-04-14 11:13:22,137 INFO Written out 3700000 reads
2021-04-14 11:13:26,485 INFO Written out 3800000 reads
2021-04-14 11:13:32,242 INFO Written out 3900000 reads
2021-04-14 11:13:38,477 INFO Written out 4000000 reads
2021-04-14 11:13:39,895 INFO Parsed 5000000 input reads
2021-04-14 11:13:43,918 INFO Written out 4100000 reads
2021-04-14 11:13:49,971 INFO Written out 4200000 reads
2021-04-14 11:13:55,399 INFO Written out 4300000 reads
2021-04-14 11:14:02,330 INFO Written out 4400000 reads
2021-04-14 11:14:06,775 INFO Written out 4500000 reads
2021-04-14 11:14:28,679 INFO Written out 4600000 reads
2021-04-14 11:14:34,849 INFO Written out 4700000 reads
2021-04-14 11:14:40,010 INFO Written out 4800000 reads
2021-04-14 11:14:41,186 INFO Parsed 6000000 input reads
2021-04-14 11:14:45,708 INFO Written out 4900000 reads
2021-04-14 11:14:51,623 INFO Written out 5000000 reads
2021-04-14 11:14:57,554 INFO Written out 5100000 reads
2021-04-14 11:15:03,681 INFO Written out 5200000 reads
2021-04-14 11:15:09,560 INFO Written out 5300000 reads
2021-04-14 11:15:15,693 INFO Written out 5400000 reads
2021-04-14 11:15:21,925 INFO Written out 5500000 reads
2021-04-14 11:15:28,134 INFO Written out 5600000 reads
2021-04-14 11:15:30,327 INFO Parsed 7000000 input reads
2021-04-14 11:15:34,238 INFO Written out 5700000 reads
2021-04-14 11:15:40,605 INFO Written out 5800000 reads
2021-04-14 11:15:47,681 INFO Written out 5900000 reads
2021-04-14 11:15:54,504 INFO Written out 6000000 reads
2021-04-14 11:16:02,512 INFO Written out 6100000 reads
2021-04-14 11:16:08,168 INFO Written out 6200000 reads
2021-04-14 11:16:14,723 INFO Written out 6300000 reads
2021-04-14 11:16:21,544 INFO Written out 6400000 reads
2021-04-14 11:16:23,925 INFO Parsed 8000000 input reads
2021-04-14 11:16:44,160 INFO Written out 6500000 reads
2021-04-14 11:16:50,484 INFO Written out 6600000 reads
2021-04-14 11:16:57,456 INFO Written out 6700000 reads
2021-04-14 11:17:03,306 INFO Written out 6800000 reads
2021-04-14 11:17:09,763 INFO Written out 6900000 reads
2021-04-14 11:17:16,314 INFO Written out 7000000 reads
2021-04-14 11:17:23,446 INFO Written out 7100000 reads
2021-04-14 11:17:30,175 INFO Written out 7200000 reads
2021-04-14 11:17:34,538 INFO Parsed 9000000 input reads
2021-04-14 11:17:36,728 INFO Written out 7300000 reads
2021-04-14 11:17:43,591 INFO Written out 7400000 reads
2021-04-14 11:17:49,464 INFO Written out 7500000 reads
2021-04-14 11:17:56,243 INFO Written out 7600000 reads
2021-04-14 11:18:03,664 INFO Written out 7700000 reads
2021-04-14 11:18:10,439 INFO Written out 7800000 reads
2021-04-14 11:18:17,959 INFO Written out 7900000 reads
2021-04-14 11:18:24,085 INFO Written out 8000000 reads
2021-04-14 11:18:27,957 INFO Parsed 10000000 input reads
2021-04-14 11:18:43,764 INFO Written out 8100000 reads
2021-04-14 11:18:50,937 INFO Written out 8200000 reads
2021-04-14 11:18:56,933 INFO Written out 8300000 reads
2021-04-14 11:19:03,679 INFO Written out 8400000 reads
2021-04-14 11:19:13,355 INFO Written out 8500000 reads
2021-04-14 11:19:18,647 INFO Written out 8600000 reads
2021-04-14 11:19:23,911 INFO Written out 8700000 reads
2021-04-14 11:19:31,052 INFO Written out 8800000 reads
2021-04-14 11:19:34,518 INFO Parsed 11000000 input reads
2021-04-14 11:19:38,298 INFO Written out 8900000 reads
2021-04-14 11:19:45,546 INFO Written out 9000000 reads
2021-04-14 11:19:53,324 INFO Written out 9100000 reads
2021-04-14 11:20:01,367 INFO Written out 9200000 reads
2021-04-14 11:20:08,793 INFO Written out 9300000 reads
2021-04-14 11:20:17,442 INFO Written out 9400000 reads
2021-04-14 11:20:23,668 INFO Written out 9500000 reads
2021-04-14 11:20:31,206 INFO Written out 9600000 reads
2021-04-14 11:20:36,747 INFO Parsed 12000000 input reads
2021-04-14 11:20:39,741 INFO Written out 9700000 reads
2021-04-14 11:20:47,494 INFO Written out 9800000 reads
2021-04-14 11:20:56,272 INFO Written out 9900000 reads
2021-04-14 11:21:02,290 INFO Written out 10000000 reads
2021-04-14 11:21:27,593 INFO Written out 10100000 reads
2021-04-14 11:21:34,757 INFO Written out 10200000 reads
2021-04-14 11:21:42,079 INFO Written out 10300000 reads
2021-04-14 11:21:49,747 INFO Written out 10400000 reads
2021-04-14 11:21:54,278 INFO Parsed 13000000 input reads
2021-04-14 11:21:56,131 INFO Written out 10500000 reads
2021-04-14 11:22:04,613 INFO Written out 10600000 reads
2021-04-14 11:22:12,343 INFO Written out 10700000 reads
2021-04-14 11:22:20,147 INFO Written out 10800000 reads
2021-04-14 11:22:27,966 INFO Written out 10900000 reads
2021-04-14 11:22:36,829 INFO Written out 11000000 reads
2021-04-14 11:22:44,769 INFO Written out 11100000 reads
2021-04-14 11:22:52,769 INFO Written out 11200000 reads
2021-04-14 11:22:58,963 INFO Parsed 14000000 input reads
2021-04-14 11:23:01,664 INFO Written out 11300000 reads
2021-04-14 11:23:09,754 INFO Written out 11400000 reads
2021-04-14 11:23:18,854 INFO Written out 11500000 reads
2021-04-14 11:23:26,044 INFO Written out 11600000 reads
2021-04-14 11:23:36,623 INFO Written out 11700000 reads
2021-04-14 11:23:41,455 INFO Written out 11800000 reads
2021-04-14 11:23:50,307 INFO Written out 11900000 reads
2021-04-14 11:24:01,021 INFO Written out 12000000 reads
2021-04-14 11:24:05,632 INFO Parsed 15000000 input reads
2021-04-14 11:24:07,339 INFO Written out 12100000 reads
2021-04-14 11:24:15,779 INFO Written out 12200000 reads
2021-04-14 11:24:26,516 INFO Written out 12300000 reads
2021-04-14 11:24:51,352 INFO Written out 12400000 reads
2021-04-14 11:24:59,554 INFO Written out 12500000 reads
2021-04-14 11:25:07,725 INFO Written out 12600000 reads
2021-04-14 11:25:16,031 INFO Written out 12700000 reads
2021-04-14 11:25:26,592 INFO Written out 12800000 reads
2021-04-14 11:25:32,404 INFO Parsed 16000000 input reads
2021-04-14 11:25:33,795 INFO Written out 12900000 reads
2021-04-14 11:25:42,301 INFO Written out 13000000 reads
2021-04-14 11:25:50,920 INFO Written out 13100000 reads
2021-04-14 11:25:59,382 INFO Written out 13200000 reads
2021-04-14 11:26:09,120 INFO Written out 13300000 reads
2021-04-14 11:26:17,738 INFO Written out 13400000 reads
2021-04-14 11:26:27,646 INFO Written out 13500000 reads
2021-04-14 11:26:36,419 INFO Written out 13600000 reads
2021-04-14 11:26:45,034 INFO Parsed 17000000 input reads
2021-04-14 11:26:45,143 INFO Written out 13700000 reads
2021-04-14 11:26:53,970 INFO Written out 13800000 reads
2021-04-14 11:27:02,629 INFO Written out 13900000 reads
2021-04-14 11:27:11,713 INFO Written out 14000000 reads
2021-04-14 11:27:34,230 INFO Written out 14100000 reads
2021-04-14 11:27:44,159 INFO Written out 14200000 reads
2021-04-14 11:27:52,920 INFO Written out 14300000 reads
2021-04-14 11:28:01,761 INFO Written out 14400000 reads
2021-04-14 11:28:11,749 INFO Written out 14500000 reads
2021-04-14 11:28:11,801 INFO Parsed 18000000 input reads
2021-04-14 11:28:20,410 INFO Written out 14600000 reads
2021-04-14 11:28:29,455 INFO Written out 14700000 reads
2021-04-14 11:28:38,533 INFO Written out 14800000 reads
2021-04-14 11:28:47,494 INFO Written out 14900000 reads
2021-04-14 11:28:56,873 INFO Written out 15000000 reads
2021-04-14 11:29:05,800 INFO Written out 15100000 reads
2021-04-14 11:29:14,780 INFO Written out 15200000 reads
2021-04-14 11:29:24,867 INFO Written out 15300000 reads
2021-04-14 11:29:25,258 INFO Parsed 19000000 input reads
2021-04-14 11:29:34,095 INFO Written out 15400000 reads
2021-04-14 11:29:44,384 INFO Written out 15500000 reads
2021-04-14 11:29:56,303 INFO Written out 15600000 reads
2021-04-14 11:30:02,861 INFO Written out 15700000 reads
2021-04-14 11:30:12,520 INFO Written out 15800000 reads
2021-04-14 11:30:22,339 INFO Written out 15900000 reads
2021-04-14 11:30:36,901 INFO Written out 16000000 reads
2021-04-14 11:30:40,533 INFO Written out 16100000 reads
2021-04-14 11:30:42,223 INFO Parsed 20000000 input reads
2021-04-14 11:30:50,217 INFO Written out 16200000 reads
2021-04-14 11:31:00,187 INFO Written out 16300000 reads
2021-04-14 11:31:11,821 INFO Written out 16400000 reads
2021-04-14 11:31:20,485 INFO Written out 16500000 reads
2021-04-14 11:31:51,352 INFO Written out 16600000 reads
2021-04-14 11:31:59,797 INFO Written out 16700000 reads
2021-04-14 11:32:09,360 INFO Written out 16800000 reads
2021-04-14 11:32:19,001 INFO Written out 16900000 reads
2021-04-14 11:32:22,193 INFO Parsed 21000000 input reads
2021-04-14 11:32:28,742 INFO Written out 17000000 reads
2021-04-14 11:32:39,834 INFO Written out 17100000 reads
2021-04-14 11:32:49,366 INFO Written out 17200000 reads
2021-04-14 11:32:59,320 INFO Written out 17300000 reads
2021-04-14 11:33:09,213 INFO Written out 17400000 reads
2021-04-14 11:33:21,815 INFO Written out 17500000 reads
2021-04-14 11:33:28,796 INFO Written out 17600000 reads
2021-04-14 11:33:40,117 INFO Written out 17700000 reads
2021-04-14 11:33:43,763 INFO Parsed 22000000 input reads
2021-04-14 11:33:51,413 INFO Written out 17800000 reads
2021-04-14 11:34:01,420 INFO Written out 17900000 reads
2021-04-14 11:34:10,498 INFO Written out 18000000 reads
2021-04-14 11:34:22,226 INFO Written out 18100000 reads
2021-04-14 11:34:32,692 INFO Written out 18200000 reads
2021-04-14 11:34:56,713 INFO Written out 18300000 reads
2021-04-14 11:35:06,972 INFO Written out 18400000 reads
2021-04-14 11:35:17,068 INFO Written out 18500000 reads
2021-04-14 11:35:20,967 INFO Parsed 23000000 input reads
2021-04-14 11:35:27,284 INFO Written out 18600000 reads
2021-04-14 11:35:38,811 INFO Written out 18700000 reads
2021-04-14 11:35:49,228 INFO Written out 18800000 reads
2021-04-14 11:35:59,686 INFO Written out 18900000 reads
2021-04-14 11:36:11,656 INFO Written out 19000000 reads
2021-04-14 11:36:20,789 INFO Written out 19100000 reads
2021-04-14 11:36:32,681 INFO Written out 19200000 reads
2021-04-14 11:36:41,495 INFO Written out 19300000 reads
2021-04-14 11:36:45,632 INFO Parsed 24000000 input reads
2021-04-14 11:36:51,888 INFO Written out 19400000 reads
2021-04-14 11:37:02,215 INFO Written out 19500000 reads
2021-04-14 11:37:14,122 INFO Written out 19600000 reads
2021-04-14 11:37:24,901 INFO Written out 19700000 reads
2021-04-14 11:37:35,882 INFO Written out 19800000 reads
2021-04-14 11:38:01,042 INFO Written out 19900000 reads
2021-04-14 11:38:12,957 INFO Written out 20000000 reads
2021-04-14 11:38:23,672 INFO Written out 20100000 reads
2021-04-14 11:38:29,510 INFO Parsed 25000000 input reads
2021-04-14 11:38:34,613 INFO Written out 20200000 reads
2021-04-14 11:38:46,935 INFO Written out 20300000 reads
2021-04-14 11:38:57,528 INFO Written out 20400000 reads
2021-04-14 11:39:08,065 INFO Written out 20500000 reads
2021-04-14 11:39:20,571 INFO Written out 20600000 reads
2021-04-14 11:39:34,509 INFO Written out 20700000 reads
2021-04-14 11:39:41,988 INFO Written out 20800000 reads
2021-04-14 11:39:53,015 INFO Written out 20900000 reads
2021-04-14 11:39:59,169 INFO Parsed 26000000 input reads
2021-04-14 11:40:03,963 INFO Written out 21000000 reads
2021-04-14 11:40:15,013 INFO Written out 21100000 reads
2021-04-14 11:40:50,502 INFO Written out 21200000 reads
2021-04-14 11:40:53,019 INFO Written out 21300000 reads
2021-04-14 11:40:56,259 INFO Written out 21400000 reads
2021-04-14 11:40:58,432 INFO Written out 21500000 reads
2021-04-14 11:41:00,832 INFO Written out 21600000 reads
2021-04-14 11:41:03,170 INFO Written out 21700000 reads
2021-04-14 11:41:03,764 INFO Parsed 27000000 input reads
2021-04-14 11:41:05,368 INFO Written out 21800000 reads
2021-04-14 11:41:13,800 INFO Written out 21900000 reads
2021-04-14 11:41:27,223 INFO Written out 22000000 reads
2021-04-14 11:41:46,037 INFO Written out 22100000 reads
2021-04-14 11:41:50,442 INFO Written out 22200000 reads
2021-04-14 11:42:02,249 INFO Written out 22300000 reads
2021-04-14 11:42:16,284 INFO Written out 22400000 reads
2021-04-14 11:42:28,359 INFO Written out 22500000 reads
2021-04-14 11:42:33,062 INFO Parsed 28000000 input reads
2021-04-14 11:42:40,491 INFO Written out 22600000 reads
2021-04-14 11:42:54,546 INFO Written out 22700000 reads
2021-04-14 11:43:09,405 INFO Written out 22800000 reads
2021-04-14 11:43:15,517 INFO Written out 22900000 reads
2021-04-14 11:43:28,093 INFO Written out 23000000 reads
2021-04-14 11:43:42,506 INFO Written out 23100000 reads
2021-04-14 11:44:20,760 INFO Written out 23200000 reads
2021-04-14 11:44:32,658 INFO Written out 23300000 reads
2021-04-14 11:44:37,489 INFO Parsed 29000000 input reads
2021-04-14 11:44:44,632 INFO Written out 23400000 reads
2021-04-14 11:44:56,643 INFO Written out 23500000 reads
2021-04-14 11:45:08,648 INFO Written out 23600000 reads
2021-04-14 11:45:20,827 INFO Written out 23700000 reads
2021-04-14 11:45:36,791 INFO Written out 23800000 reads
2021-04-14 11:45:41,663 INFO Written out 23900000 reads
2021-04-14 11:45:56,280 INFO Written out 24000000 reads
2021-04-14 11:46:08,356 INFO Written out 24100000 reads
2021-04-14 11:46:13,631 INFO Parsed 30000000 input reads
2021-04-14 11:46:20,851 INFO Written out 24200000 reads
2021-04-14 11:46:33,232 INFO Written out 24300000 reads
2021-04-14 11:46:47,612 INFO Written out 24400000 reads
2021-04-14 11:47:00,231 INFO Written out 24500000 reads
2021-04-14 11:47:12,854 INFO Written out 24600000 reads
2021-04-14 11:47:27,473 INFO Written out 24700000 reads
2021-04-14 11:47:40,305 INFO Written out 24800000 reads
2021-04-14 11:47:57,147 INFO Written out 24900000 reads
2021-04-14 11:48:00,499 INFO Parsed 31000000 input reads
2021-04-14 11:48:14,621 INFO Written out 25000000 reads
2021-04-14 11:48:19,003 INFO Written out 25100000 reads
2021-04-14 11:48:27,810 INFO Written out 25200000 reads
2021-04-14 11:48:40,613 INFO Written out 25300000 reads
2021-04-14 11:48:55,608 INFO Written out 25400000 reads
2021-04-14 11:49:08,881 INFO Written out 25500000 reads
2021-04-14 11:49:22,310 INFO Written out 25600000 reads
2021-04-14 11:49:37,984 INFO Written out 25700000 reads
2021-04-14 11:49:43,824 INFO Parsed 32000000 input reads
2021-04-14 11:49:51,205 INFO Written out 25800000 reads
2021-04-14 11:50:25,767 INFO Written out 25900000 reads
2021-04-14 11:50:38,505 INFO Written out 26000000 reads
2021-04-14 11:50:57,541 INFO Written out 26100000 reads
2021-04-14 11:51:04,354 INFO Written out 26200000 reads
2021-04-14 11:51:17,259 INFO Written out 26300000 reads
2021-04-14 11:51:30,271 INFO Written out 26400000 reads
2021-04-14 11:51:49,881 INFO Written out 26500000 reads
2021-04-14 11:51:51,206 INFO Parsed 33000000 input reads
2021-04-14 11:51:52,258 INFO Written out 26600000 reads
2021-04-14 11:52:03,808 INFO Written out 26700000 reads
2021-04-14 11:52:19,017 INFO Written out 26800000 reads
2021-04-14 11:52:32,283 INFO Written out 26900000 reads
2021-04-14 11:52:45,552 INFO Written out 27000000 reads
2021-04-14 11:53:01,498 INFO Written out 27100000 reads
2021-04-14 11:53:15,327 INFO Written out 27200000 reads
2021-04-14 11:53:26,392 INFO Written out 27300000 reads
2021-04-14 11:53:37,247 INFO Parsed 34000000 input reads
2021-04-14 11:53:37,876 INFO Written out 27400000 reads
2021-04-14 11:53:49,286 INFO Written out 27500000 reads
2021-04-14 11:54:04,986 INFO Written out 27600000 reads
2021-04-14 11:54:22,996 INFO Written out 27700000 reads
2021-04-14 11:54:27,966 INFO Written out 27800000 reads
2021-04-14 11:54:41,790 INFO Written out 27900000 reads
2021-04-14 11:55:04,884 INFO Written out 28000000 reads
2021-04-14 11:55:07,113 INFO Written out 28100000 reads
2021-04-14 11:55:18,038 INFO Parsed 35000000 input reads
2021-04-14 11:55:20,902 INFO Written out 28200000 reads
2021-04-14 11:55:35,032 INFO Written out 28300000 reads
2021-04-14 11:56:05,839 INFO Written out 28400000 reads
2021-04-14 11:56:20,758 INFO Written out 28500000 reads
2021-04-14 11:56:33,799 INFO Written out 28600000 reads
2021-04-14 11:56:46,954 INFO Written out 28700000 reads
2021-04-14 11:57:00,919 INFO Written out 28800000 reads
2021-04-14 11:57:14,411 INFO Written out 28900000 reads
2021-04-14 11:57:27,172 INFO Parsed 36000000 input reads
2021-04-14 11:57:27,852 INFO Written out 29000000 reads
2021-04-14 11:57:42,998 INFO Written out 29100000 reads
2021-04-14 11:57:54,377 INFO Written out 29200000 reads
2021-04-14 11:58:07,709 INFO Written out 29300000 reads
2021-04-14 11:58:23,765 INFO Written out 29400000 reads
2021-04-14 11:58:37,380 INFO Written out 29500000 reads
2021-04-14 11:58:51,292 INFO Written out 29600000 reads
2021-04-14 11:59:05,135 INFO Written out 29700000 reads
2021-04-14 11:59:18,650 INFO Parsed 37000000 input reads
2021-04-14 11:59:18,923 INFO Written out 29800000 reads
2021-04-14 11:59:32,722 INFO Written out 29900000 reads
2021-04-14 11:59:46,516 INFO Written out 30000000 reads
2021-04-14 12:00:00,457 INFO Written out 30100000 reads
2021-04-14 12:00:16,693 INFO Written out 30200000 reads
2021-04-14 12:00:26,019 INFO Written out 30300000 reads
2021-04-14 12:00:44,790 INFO Written out 30400000 reads
2021-04-14 12:00:57,556 INFO Written out 30500000 reads
2021-04-14 12:01:11,805 INFO Parsed 38000000 input reads
2021-04-14 12:01:12,142 INFO Written out 30600000 reads
2021-04-14 12:01:50,568 INFO Written out 30700000 reads
2021-04-14 12:02:04,415 INFO Written out 30800000 reads
2021-04-14 12:02:16,200 INFO Written out 30900000 reads
2021-04-14 12:02:30,111 INFO Written out 31000000 reads
2021-04-14 12:02:44,177 INFO Written out 31100000 reads
2021-04-14 12:02:58,501 INFO Written out 31200000 reads
2021-04-14 12:03:15,356 INFO Written out 31300000 reads
2021-04-14 12:03:27,175 INFO Parsed 39000000 input reads
2021-04-14 12:03:29,583 INFO Written out 31400000 reads
2021-04-14 12:03:44,113 INFO Written out 31500000 reads
2021-04-14 12:04:00,794 INFO Written out 31600000 reads
2021-04-14 12:04:15,513 INFO Written out 31700000 reads
2021-04-14 12:04:30,295 INFO Written out 31800000 reads
2021-04-14 12:04:45,206 INFO Written out 31900000 reads
2021-04-14 12:05:00,310 INFO Written out 32000000 reads
2021-04-14 12:05:15,141 INFO Written out 32100000 reads
2021-04-14 12:05:41,479 INFO Written out 32200000 reads
2021-04-14 12:05:41,520 INFO Parsed 40000000 input reads
2021-04-14 12:05:57,767 INFO Written out 32300000 reads
2021-04-14 12:06:14,128 INFO Written out 32400000 reads
2021-04-14 12:06:28,871 INFO Written out 32500000 reads
2021-04-14 12:06:43,761 INFO Written out 32600000 reads
2021-04-14 12:07:00,920 INFO Written out 32700000 reads
2021-04-14 12:07:15,809 INFO Written out 32800000 reads
2021-04-14 12:07:33,644 INFO Written out 32900000 reads
2021-04-14 12:07:46,277 INFO Written out 33000000 reads
2021-04-14 12:07:48,663 INFO Parsed 41000000 input reads
2021-04-14 12:08:00,748 INFO Written out 33100000 reads
2021-04-14 12:08:17,808 INFO Written out 33200000 reads
2021-04-14 12:08:32,537 INFO Written out 33300000 reads
2021-04-14 12:08:47,804 INFO Written out 33400000 reads
2021-04-14 12:09:05,183 INFO Written out 33500000 reads
2021-04-14 12:09:17,648 INFO Written out 33600000 reads
2021-04-14 12:09:32,703 INFO Written out 33700000 reads
2021-04-14 12:09:52,940 INFO Written out 33800000 reads
2021-04-14 12:09:53,213 INFO Parsed 42000000 input reads
2021-04-14 12:10:05,940 INFO Written out 33900000 reads
2021-04-14 12:10:10,700 INFO Written out 34000000 reads
2021-04-14 12:10:25,880 INFO Written out 34100000 reads
2021-04-14 12:10:41,446 INFO Written out 34200000 reads
2021-04-14 12:11:02,660 INFO Written out 34300000 reads
2021-04-14 12:11:10,527 INFO Written out 34400000 reads
2021-04-14 12:11:44,707 INFO Written out 34500000 reads
2021-04-14 12:12:02,123 INFO Written out 34600000 reads
2021-04-14 12:12:04,974 INFO Parsed 43000000 input reads
2021-04-14 12:12:17,069 INFO Written out 34700000 reads
2021-04-14 12:12:32,109 INFO Written out 34800000 reads
2021-04-14 12:12:47,756 INFO Written out 34900000 reads
2021-04-14 12:13:00,630 INFO Written out 35000000 reads
2021-04-14 12:13:18,305 INFO Written out 35100000 reads
2021-04-14 12:13:36,341 INFO Written out 35200000 reads
2021-04-14 12:13:49,603 INFO Written out 35300000 reads
2021-04-14 12:14:05,100 INFO Written out 35400000 reads
2021-04-14 12:14:08,414 INFO Parsed 44000000 input reads
2021-04-14 12:14:23,177 INFO Written out 35500000 reads
2021-04-14 12:14:38,602 INFO Written out 35600000 reads
2021-04-14 12:14:54,230 INFO Written out 35700000 reads
2021-04-14 12:15:20,539 INFO Written out 35800000 reads
2021-04-14 12:15:35,899 INFO Written out 35900000 reads
2021-04-14 12:15:53,972 INFO Written out 36000000 reads
2021-04-14 12:16:09,379 INFO Written out 36100000 reads
2021-04-14 12:16:25,253 INFO Written out 36200000 reads
2021-04-14 12:16:31,368 INFO Parsed 45000000 input reads
2021-04-14 12:16:41,280 INFO Written out 36300000 reads
2021-04-14 12:17:05,125 INFO Written out 36400000 reads
2021-04-14 12:17:10,318 INFO Written out 36500000 reads
2021-04-14 12:17:26,186 INFO Written out 36600000 reads
2021-04-14 12:17:47,155 INFO Written out 36700000 reads
2021-04-14 12:18:00,502 INFO Written out 36800000 reads
2021-04-14 12:18:16,431 INFO Written out 36900000 reads
2021-04-14 12:18:32,660 INFO Written out 37000000 reads
2021-04-14 12:18:39,089 INFO Parsed 46000000 input reads
2021-04-14 12:18:49,031 INFO Written out 37100000 reads
2021-04-14 12:19:05,236 INFO Written out 37200000 reads
2021-04-14 12:19:24,455 INFO Written out 37300000 reads
2021-04-14 12:19:46,384 INFO Written out 37400000 reads
2021-04-14 12:20:08,974 INFO Written out 37500000 reads
2021-04-14 12:20:27,913 INFO Written out 37600000 reads
2021-04-14 12:20:44,534 INFO Written out 37700000 reads
2021-04-14 12:21:00,647 INFO Written out 37800000 reads
2021-04-14 12:21:07,064 INFO Parsed 47000000 input reads
2021-04-14 12:21:22,094 INFO Written out 37900000 reads
2021-04-14 12:21:35,602 INFO Written out 38000000 reads
2021-04-14 12:21:54,787 INFO Written out 38100000 reads
2021-04-14 12:22:11,217 INFO Written out 38200000 reads
2021-04-14 12:22:25,157 INFO Written out 38300000 reads
2021-04-14 12:22:47,177 INFO Written out 38400000 reads
2021-04-14 12:23:01,095 INFO Written out 38500000 reads
2021-04-14 12:23:20,361 INFO Written out 38600000 reads
2021-04-14 12:23:32,853 INFO Parsed 48000000 input reads
2021-04-14 12:23:37,200 INFO Written out 38700000 reads
2021-04-14 12:23:56,714 INFO Written out 38800000 reads
2021-04-14 12:24:11,116 INFO Written out 38900000 reads
2021-04-14 12:24:31,468 INFO Written out 39000000 reads
2021-04-14 12:24:51,080 INFO Written out 39100000 reads
2021-04-14 12:25:07,847 INFO Written out 39200000 reads
2021-04-14 12:25:27,394 INFO Written out 39300000 reads
2021-04-14 12:25:47,093 INFO Written out 39400000 reads
2021-04-14 12:25:57,352 INFO Parsed 49000000 input reads
2021-04-14 12:26:04,585 INFO Written out 39500000 reads
2021-04-14 12:26:24,911 INFO Written out 39600000 reads
2021-04-14 12:26:58,751 INFO Written out 39700000 reads
2021-04-14 12:27:00,758 INFO Written out 39800000 reads
2021-04-14 12:27:03,156 INFO Written out 39900000 reads
2021-04-14 12:27:18,136 INFO Written out 40000000 reads
2021-04-14 12:27:35,302 INFO Written out 40100000 reads
2021-04-14 12:27:52,870 INFO Written out 40200000 reads
2021-04-14 12:28:06,406 INFO Parsed 50000000 input reads
2021-04-14 12:28:13,754 INFO Written out 40300000 reads
2021-04-14 12:28:28,923 INFO Written out 40400000 reads
2021-04-14 12:28:50,210 INFO Written out 40500000 reads
2021-04-14 12:29:12,156 INFO Written out 40600000 reads
2021-04-14 12:29:54,259 INFO Written out 40700000 reads
2021-04-14 12:30:17,588 INFO Written out 40800000 reads
2021-04-14 12:30:32,308 INFO Written out 40900000 reads
2021-04-14 12:30:50,233 INFO Written out 41000000 reads
2021-04-14 12:31:00,897 INFO Parsed 51000000 input reads
2021-04-14 12:31:08,100 INFO Written out 41100000 reads
2021-04-14 12:31:25,927 INFO Written out 41200000 reads
2021-04-14 12:31:46,581 INFO Written out 41300000 reads
2021-04-14 12:32:04,012 INFO Written out 41400000 reads
2021-04-14 12:32:24,269 INFO Written out 41500000 reads
2021-04-14 12:32:42,387 INFO Written out 41600000 reads
2021-04-14 12:33:00,407 INFO Written out 41700000 reads
2021-04-14 12:33:20,895 INFO Written out 41800000 reads
2021-04-14 12:33:34,999 INFO Parsed 52000000 input reads
2021-04-14 12:33:39,082 INFO Written out 41900000 reads
2021-04-14 12:33:51,802 INFO Written out 42000000 reads
2021-04-14 12:34:07,615 INFO Written out 42100000 reads
2021-04-14 12:34:23,240 INFO Written out 42200000 reads
2021-04-14 12:34:39,139 INFO Written out 42300000 reads
2021-04-14 12:35:36,061 INFO Written out 42400000 reads
2021-04-14 12:35:38,200 INFO Written out 42500000 reads
2021-04-14 12:35:40,418 INFO Written out 42600000 reads
2021-04-14 12:36:03,900 INFO Parsed 53000000 input reads
2021-04-14 12:36:04,628 INFO Written out 42700000 reads
2021-04-14 12:36:06,647 INFO Written out 42800000 reads
2021-04-14 12:36:08,644 INFO Written out 42900000 reads
2021-04-14 12:36:10,688 INFO Written out 43000000 reads
2021-04-14 12:36:17,275 INFO Written out 43100000 reads
2021-04-14 12:36:36,048 INFO Written out 43200000 reads
2021-04-14 12:36:54,492 INFO Written out 43300000 reads
2021-04-14 12:37:16,326 INFO Written out 43400000 reads
2021-04-14 12:37:27,376 INFO Parsed 54000000 input reads
2021-04-14 12:37:35,153 INFO Written out 43500000 reads
2021-04-14 12:37:54,042 INFO Written out 43600000 reads
2021-04-14 12:38:15,990 INFO Written out 43700000 reads
2021-04-14 12:38:38,365 INFO Written out 43800000 reads
2021-04-14 12:38:47,603 INFO Written out 43900000 reads
2021-04-14 12:39:06,583 INFO Written out 44000000 reads
2021-04-14 12:39:28,990 INFO Written out 44100000 reads
2021-04-14 12:39:48,329 INFO Written out 44200000 reads
2021-04-14 12:39:59,846 INFO Parsed 55000000 input reads
2021-04-14 12:40:07,483 INFO Written out 44300000 reads
2021-04-14 12:40:30,687 INFO Written out 44400000 reads
2021-04-14 12:40:50,243 INFO Written out 44500000 reads
2021-04-14 12:41:33,079 INFO Written out 44600000 reads
2021-04-14 12:41:35,544 INFO Written out 44700000 reads
2021-04-14 12:41:38,160 INFO Written out 44800000 reads
2021-04-14 12:41:42,296 INFO Written out 44900000 reads
2021-04-14 12:41:55,716 INFO Written out 45000000 reads
2021-04-14 12:42:07,648 INFO Parsed 56000000 input reads
2021-04-14 12:42:15,452 INFO Written out 45100000 reads
2021-04-14 12:42:35,401 INFO Written out 45200000 reads
2021-04-14 12:42:55,236 INFO Written out 45300000 reads
2021-04-14 12:43:18,532 INFO Written out 45400000 reads
2021-04-14 12:43:38,590 INFO Written out 45500000 reads
2021-04-14 12:43:58,984 INFO Written out 45600000 reads
2021-04-14 12:44:19,006 INFO Written out 45700000 reads
2021-04-14 12:44:41,873 INFO Written out 45800000 reads
2021-04-14 12:44:50,534 INFO Parsed 57000000 input reads
2021-04-14 12:45:01,520 INFO Written out 45900000 reads
2021-04-14 12:45:18,154 INFO Written out 46000000 reads
2021-04-14 12:46:10,304 INFO Written out 46100000 reads
2021-04-14 12:46:29,839 INFO Written out 46200000 reads
2021-04-14 12:46:49,252 INFO Written out 46300000 reads
2021-04-14 12:47:11,967 INFO Written out 46400000 reads
2021-04-14 12:47:34,886 INFO Written out 46500000 reads
2021-04-14 12:47:47,931 INFO Written out 46600000 reads
2021-04-14 12:48:00,074 INFO Parsed 58000000 input reads
2021-04-14 12:48:07,699 INFO Written out 46700000 reads
2021-04-14 12:48:30,266 INFO Written out 46800000 reads
2021-04-14 12:48:46,791 INFO Written out 46900000 reads
2021-04-14 12:49:10,092 INFO Written out 47000000 reads
2021-04-14 12:49:30,055 INFO Written out 47100000 reads
2021-04-14 12:49:50,098 INFO Written out 47200000 reads
2021-04-14 12:50:10,123 INFO Written out 47300000 reads
2021-04-14 12:50:33,561 INFO Written out 47400000 reads
2021-04-14 12:50:49,285 INFO Parsed 59000000 input reads
2021-04-14 12:50:53,586 INFO Written out 47500000 reads
2021-04-14 12:51:14,340 INFO Written out 47600000 reads
2021-04-14 12:51:38,205 INFO Written out 47700000 reads
2021-04-14 12:51:58,309 INFO Written out 47800000 reads
2021-04-14 12:52:18,269 INFO Written out 47900000 reads
2021-04-14 12:52:45,801 INFO Written out 48000000 reads
2021-04-14 12:52:59,104 INFO Written out 48100000 reads
2021-04-14 12:53:23,288 INFO Written out 48200000 reads
2021-04-14 12:53:36,409 INFO Parsed 60000000 input reads
2021-04-14 12:53:40,557 INFO Written out 48300000 reads
2021-04-14 12:54:43,629 INFO Written out 48400000 reads
2021-04-14 12:54:45,892 INFO Written out 48500000 reads
2021-04-14 12:54:48,043 INFO Written out 48600000 reads
2021-04-14 12:55:08,354 INFO Written out 48700000 reads
2021-04-14 12:55:28,393 INFO Written out 48800000 reads
2021-04-14 12:55:51,536 INFO Written out 48900000 reads
2021-04-14 12:56:08,023 INFO Written out 49000000 reads
2021-04-14 12:56:20,703 INFO Parsed 61000000 input reads
2021-04-14 12:56:28,212 INFO Written out 49100000 reads
2021-04-14 12:56:48,791 INFO Written out 49200000 reads
2021-04-14 12:57:12,061 INFO Written out 49300000 reads
2021-04-14 12:57:36,163 INFO Written out 49400000 reads
2021-04-14 12:57:56,355 INFO Written out 49500000 reads
2021-04-14 12:58:17,420 INFO Written out 49600000 reads
2021-04-14 12:58:35,306 INFO Written out 49700000 reads
2021-04-14 12:59:03,466 INFO Written out 49800000 reads
2021-04-14 12:59:20,105 INFO Parsed 62000000 input reads
2021-04-14 12:59:24,403 INFO Written out 49900000 reads
2021-04-14 12:59:45,611 INFO Written out 50000000 reads
2021-04-14 13:00:03,003 INFO Written out 50100000 reads
2021-04-14 13:00:27,606 INFO Written out 50200000 reads
2021-04-14 13:00:48,743 INFO Written out 50300000 reads
2021-04-14 13:01:13,275 INFO Written out 50400000 reads
2021-04-14 13:01:34,440 INFO Written out 50500000 reads
2021-04-14 13:01:55,733 INFO Written out 50600000 reads
2021-04-14 13:02:16,454 INFO Parsed 63000000 input reads
2021-04-14 13:02:16,669 INFO Written out 50700000 reads
2021-04-14 13:02:37,504 INFO Written out 50800000 reads
2021-04-14 13:02:58,729 INFO Written out 50900000 reads
2021-04-14 13:03:23,701 INFO Written out 51000000 reads
2021-04-14 13:03:48,578 INFO Written out 51100000 reads
2021-04-14 13:04:32,155 INFO Written out 51200000 reads
2021-04-14 13:04:49,410 INFO Written out 51300000 reads
2021-04-14 13:05:17,166 INFO Written out 51400000 reads
2021-04-14 13:05:34,948 INFO Parsed 64000000 input reads
2021-04-14 13:05:38,516 INFO Written out 51500000 reads
2021-04-14 13:05:59,533 INFO Written out 51600000 reads
2021-04-14 13:06:20,601 INFO Written out 51700000 reads
2021-04-14 13:06:38,021 INFO Written out 51800000 reads
2021-04-14 13:07:02,581 INFO Written out 51900000 reads
2021-04-14 13:07:23,776 INFO Written out 52000000 reads
2021-04-14 13:07:48,462 INFO Written out 52100000 reads
2021-04-14 13:08:13,295 INFO Written out 52200000 reads
2021-04-14 13:08:34,445 INFO Written out 52300000 reads
2021-04-14 13:08:34,619 INFO Parsed 65000000 input reads
2021-04-14 13:08:56,260 INFO Written out 52400000 reads
2021-04-14 13:09:18,035 INFO Written out 52500000 reads
2021-04-14 13:09:43,416 INFO Written out 52600000 reads
2021-04-14 13:10:05,186 INFO Written out 52700000 reads
2021-04-14 13:10:30,954 INFO Written out 52800000 reads
2021-04-14 13:10:49,146 INFO Written out 52900000 reads
2021-04-14 13:11:03,389 INFO Written out 53000000 reads
2021-04-14 13:11:29,112 INFO Written out 53100000 reads
2021-04-14 13:11:29,309 INFO Parsed 66000000 input reads
2021-04-14 13:11:51,288 INFO Written out 53200000 reads
2021-04-14 13:12:13,208 INFO Written out 53300000 reads
2021-04-14 13:12:58,005 INFO Written out 53400000 reads
2021-04-14 13:13:19,633 INFO Written out 53500000 reads
2021-04-14 13:13:41,454 INFO Written out 53600000 reads
2021-04-14 13:14:03,352 INFO Written out 53700000 reads
2021-04-14 13:14:25,431 INFO Written out 53800000 reads
2021-04-14 13:14:47,279 INFO Written out 53900000 reads
2021-04-14 13:14:51,438 INFO Parsed 67000000 input reads
2021-04-14 13:15:12,982 INFO Written out 54000000 reads
2021-04-14 13:15:35,155 INFO Written out 54100000 reads
2021-04-14 13:15:57,188 INFO Written out 54200000 reads
2021-04-14 13:16:23,200 INFO Written out 54300000 reads
2021-04-14 13:16:45,666 INFO Written out 54400000 reads
2021-04-14 13:17:15,700 INFO Written out 54500000 reads
2021-04-14 13:17:30,276 INFO Written out 54600000 reads
2021-04-14 13:17:56,316 INFO Written out 54700000 reads
2021-04-14 13:18:00,797 INFO Parsed 68000000 input reads
2021-04-14 13:18:18,651 INFO Written out 54800000 reads
2021-04-14 13:18:45,579 INFO Written out 54900000 reads
2021-04-14 13:18:59,920 INFO Written out 55000000 reads
2021-04-14 13:22:09,399 INFO Written out 55100000 reads
2021-04-14 13:22:11,811 INFO Written out 55200000 reads
2021-04-14 13:22:14,866 INFO Written out 55300000 reads
2021-04-14 13:22:17,020 INFO Written out 55400000 reads
2021-04-14 13:22:19,079 INFO Written out 55500000 reads
2021-04-14 13:22:19,587 INFO Parsed 69000000 input reads
2021-04-14 13:22:21,210 INFO Written out 55600000 reads
2021-04-14 13:22:23,640 INFO Written out 55700000 reads
2021-04-14 13:22:25,840 INFO Written out 55800000 reads
2021-04-14 13:22:28,020 INFO Written out 55900000 reads
2021-04-14 13:22:34,026 INFO Written out 56000000 reads
2021-04-14 13:22:36,400 INFO Written out 56100000 reads
2021-04-14 13:22:38,983 INFO Written out 56200000 reads
2021-04-14 13:22:42,340 INFO Written out 56300000 reads
2021-04-14 13:22:42,821 INFO Parsed 70000000 input reads
2021-04-14 13:22:45,282 INFO Written out 56400000 reads
2021-04-14 13:22:48,547 INFO Written out 56500000 reads
2021-04-14 13:22:54,269 INFO Written out 56600000 reads
2021-04-14 13:23:00,321 INFO Written out 56700000 reads
2021-04-14 13:23:04,739 INFO Written out 56800000 reads
2021-04-14 13:23:10,639 INFO Written out 56900000 reads
2021-04-14 13:23:13,580 INFO Written out 57000000 reads
2021-04-14 13:23:23,132 INFO Parsed 71000000 input reads
2021-04-14 13:23:23,215 INFO Written out 57100000 reads
2021-04-14 13:23:28,864 INFO Written out 57200000 reads
2021-04-14 13:23:32,534 INFO Written out 57300000 reads
2021-04-14 13:23:37,208 INFO Written out 57400000 reads
2021-04-14 13:23:44,418 INFO Written out 57500000 reads
2021-04-14 13:23:49,869 INFO Written out 57600000 reads
2021-04-14 13:23:57,891 INFO Written out 57700000 reads
2021-04-14 13:24:02,415 INFO Written out 57800000 reads
2021-04-14 13:24:05,715 INFO Parsed 72000000 input reads
2021-04-14 13:24:07,005 INFO Written out 57900000 reads
2021-04-14 13:24:10,126 INFO Written out 58000000 reads
2021-04-14 13:24:13,914 INFO Written out 58100000 reads
2021-04-14 13:24:18,455 INFO Written out 58200000 reads
2021-04-14 13:24:22,477 INFO Written out 58300000 reads
2021-04-14 13:24:26,082 INFO Written out 58400000 reads
2021-04-14 13:24:29,425 INFO Written out 58500000 reads
2021-04-14 13:24:32,752 INFO Written out 58600000 reads
2021-04-14 13:24:35,519 INFO Parsed 73000000 input reads
2021-04-14 13:24:37,863 INFO Written out 58700000 reads
2021-04-14 13:24:41,119 INFO Written out 58800000 reads
2021-04-14 13:24:44,625 INFO Written out 58900000 reads
2021-04-14 13:24:47,708 INFO Written out 59000000 reads
2021-04-14 13:24:52,277 INFO Written out 59100000 reads
2021-04-14 13:24:58,575 INFO Written out 59200000 reads
2021-04-14 13:25:03,751 INFO Written out 59300000 reads
2021-04-14 13:25:07,829 INFO Written out 59400000 reads
2021-04-14 13:25:10,863 INFO Parsed 74000000 input reads
2021-04-14 13:25:13,019 INFO Written out 59500000 reads
2021-04-14 13:25:17,224 INFO Written out 59600000 reads
2021-04-14 13:25:19,416 INFO Written out 59700000 reads
2021-04-14 13:25:21,585 INFO Written out 59800000 reads
2021-04-14 13:25:24,347 INFO Written out 59900000 reads
2021-04-14 13:25:26,798 INFO Written out 60000000 reads
2021-04-14 13:25:28,909 INFO Written out 60100000 reads
2021-04-14 13:25:31,048 INFO Written out 60200000 reads
2021-04-14 13:25:32,382 INFO Parsed 75000000 input reads
2021-04-14 13:25:33,204 INFO Written out 60300000 reads
2021-04-14 13:25:38,012 INFO Written out 60400000 reads
2021-04-14 13:25:40,537 INFO Written out 60500000 reads
2021-04-14 13:25:42,869 INFO Written out 60600000 reads
2021-04-14 13:25:45,301 INFO Written out 60700000 reads
2021-04-14 13:25:47,591 INFO Written out 60800000 reads
2021-04-14 13:26:38,934 INFO Written out 60900000 reads
2021-04-14 13:26:44,068 INFO Written out 61000000 reads
2021-04-14 13:26:47,648 INFO Parsed 76000000 input reads
2021-04-14 13:26:49,932 INFO Written out 61100000 reads
2021-04-14 13:26:55,247 INFO Written out 61200000 reads
2021-04-14 13:27:00,411 INFO Written out 61300000 reads
2021-04-14 13:27:13,745 INFO Written out 61400000 reads
2021-04-14 13:27:29,640 INFO Searching for mates for 0 unmatched alignments
2021-04-14 13:31:09,180 INFO 0 mates never found
2021-04-14 13:45:23,660 INFO Reads: Input Reads: 76501598, Read pairs: 76501598, Read 2 unmapped: 5234
2021-04-14 13:45:23,661 INFO Number of reads out: 61459030
2021-04-14 13:45:23,661 INFO Total number of positions deduplicated: 47738778
2021-04-14 13:45:23,661 INFO Mean number of unique UMIs per position: 1.30
2021-04-14 13:45:23,662 INFO Max. number of unique UMIs per position: 4122
# job finished in 9772 seconds at Wed Apr 14 13:45:23 2021 -- 9544.61 195.00  0.00  0.00 -- 2dabc9f5-0040-4a7b-83c0-0ebf7ccdc4fb
