# UMI-tools version: 1.1.1
# output generated by dedup -I 03_alignedData/bam/18_KB_C2Aligned.sortedByCoord.out.bam -L 04_dedupUmis/log/18_KB_C2.log -S 04_dedupUmis/bam/18_KB_C2.bam --umi-separator=: --temp-dir=. --paired --output-stats=04_dedupUmis/log/18_KB_C2
# job started at Wed Apr 14 11:05:22 2021 on r25-n30 -- de00b604-11fc-4628-b9b0-b3935d2af5d5
# pid: 175169, system: Linux 3.10.0-1062.9.1.el7.x86_64 #1 SMP Mon Dec 2 08:31:54 EST 2019 x86_64
# assigned_tag                            : None
# cell_tag                                : None
# cell_tag_delim                          : None
# cell_tag_split                          : -
# chimeric_pairs                          : use
# chrom                                   : None
# compresslevel                           : 6
# detection_method                        : None
# filter_umi                              : None
# gene_tag                                : None
# gene_transcript_map                     : None
# get_umi_method                          : read_id
# ignore_tlen                             : False
# ignore_umi                              : False
# in_sam                                  : False
# log2stderr                              : False
# loglevel                                : 1
# mapping_quality                         : 0
# method                                  : directional
# no_sort_output                          : False
# out_sam                                 : False
# output_unmapped                         : False
# paired                                  : True
# per_cell                                : False
# per_contig                              : False
# per_gene                                : False
# random_seed                             : None
# read_length                             : False
# short_help                              : None
# skip_regex                              : ^(__|Unassigned)
# soft_clip_threshold                     : 4
# spliced                                 : False
# stats                                   : 04_dedupUmis/log/18_KB_C2
# stderr                                  : <_io.TextIOWrapper name='<stderr>' mode='w' encoding='UTF-8'>
# stdin                                   : <_io.TextIOWrapper name='03_alignedData/bam/18_KB_C2Aligned.sortedByCoord.out.bam' mode='r' encoding='UTF-8'>
# stdlog                                  : <_io.TextIOWrapper name='04_dedupUmis/log/18_KB_C2.log' mode='a' encoding='UTF-8'>
# stdout                                  : <_io.TextIOWrapper name='04_dedupUmis/bam/18_KB_C2.bam' mode='w' encoding='UTF-8'>
# subset                                  : None
# threshold                               : 1
# timeit_file                             : None
# timeit_header                           : None
# timeit_name                             : all
# tmpdir                                  : .
# umi_sep                                 : :
# umi_tag                                 : RX
# umi_tag_delim                           : None
# umi_tag_split                           : None
# umi_whitelist                           : None
# umi_whitelist_paired                    : None
# unmapped_reads                          : discard
# unpaired_reads                          : use
# whole_contig                            : False
2021-04-14 11:05:22,682 WARNING Chimeric read pairs are being used. Some read pair UMIs may be grouped/deduplicated using just the mapping coordinates from read1.This may also increase the run time and memory usage. Consider --chimeric-pairs==discard to discard these reads or --chimeric-pairs==output (group command only) to output them without grouping
2021-04-14 11:05:22,682 WARNING Unpaired read pairs are being used. Some read pair UMIs may be grouped/deduplicated using just the mapping coordinates from read1.This may also increase the run time and memory usage. Consider --unpared-reads==discard to discard these reads or --unpared-reads==output (group command only) to output them without grouping
2021-04-14 11:05:22,682 INFO command: dedup -I 03_alignedData/bam/18_KB_C2Aligned.sortedByCoord.out.bam -L 04_dedupUmis/log/18_KB_C2.log -S 04_dedupUmis/bam/18_KB_C2.bam --umi-separator=: --temp-dir=. --paired --output-stats=04_dedupUmis/log/18_KB_C2
2021-04-14 11:10:27,691 INFO total_umis 97567118
2021-04-14 11:10:27,725 INFO #umis 66241
2021-04-14 11:14:58,742 INFO Written out 100000 reads
2021-04-14 11:15:02,466 INFO Written out 200000 reads
2021-04-14 11:15:06,619 INFO Written out 300000 reads
2021-04-14 11:15:10,997 INFO Written out 400000 reads
2021-04-14 11:15:15,276 INFO Written out 500000 reads
2021-04-14 11:15:20,068 INFO Written out 600000 reads
2021-04-14 11:15:24,066 INFO Written out 700000 reads
2021-04-14 11:15:27,705 INFO Parsed 1000000 input reads
2021-04-14 11:15:28,293 INFO Written out 800000 reads
2021-04-14 11:15:32,825 INFO Written out 900000 reads
2021-04-14 11:15:37,515 INFO Written out 1000000 reads
2021-04-14 11:15:42,451 INFO Written out 1100000 reads
2021-04-14 11:15:46,844 INFO Written out 1200000 reads
2021-04-14 11:15:51,874 INFO Written out 1300000 reads
2021-04-14 11:15:57,409 INFO Written out 1400000 reads
2021-04-14 11:16:01,941 INFO Written out 1500000 reads
2021-04-14 11:16:05,938 INFO Parsed 2000000 input reads
2021-04-14 11:16:07,030 INFO Written out 1600000 reads
2021-04-14 11:16:12,464 INFO Written out 1700000 reads
2021-04-14 11:16:18,405 INFO Written out 1800000 reads
2021-04-14 11:16:22,939 INFO Written out 1900000 reads
2021-04-14 11:16:28,205 INFO Written out 2000000 reads
2021-04-14 11:16:33,859 INFO Written out 2100000 reads
2021-04-14 11:16:39,269 INFO Written out 2200000 reads
2021-04-14 11:16:45,164 INFO Written out 2300000 reads
2021-04-14 11:16:49,156 INFO Parsed 3000000 input reads
2021-04-14 11:16:51,087 INFO Written out 2400000 reads
2021-04-14 11:16:56,647 INFO Written out 2500000 reads
2021-04-14 11:17:02,634 INFO Written out 2600000 reads
2021-04-14 11:17:08,345 INFO Written out 2700000 reads
2021-04-14 11:17:14,096 INFO Written out 2800000 reads
2021-04-14 11:17:20,065 INFO Written out 2900000 reads
2021-04-14 11:17:26,744 INFO Written out 3000000 reads
2021-04-14 11:17:56,016 INFO Written out 3100000 reads
2021-04-14 11:17:59,554 INFO Parsed 4000000 input reads
2021-04-14 11:18:01,749 INFO Written out 3200000 reads
2021-04-14 11:18:07,423 INFO Written out 3300000 reads
2021-04-14 11:18:13,103 INFO Written out 3400000 reads
2021-04-14 11:18:19,242 INFO Written out 3500000 reads
2021-04-14 11:18:25,100 INFO Written out 3600000 reads
2021-04-14 11:18:31,048 INFO Written out 3700000 reads
2021-04-14 11:18:37,454 INFO Written out 3800000 reads
2021-04-14 11:18:44,841 INFO Written out 3900000 reads
2021-04-14 11:18:45,782 INFO Parsed 5000000 input reads
2021-04-14 11:18:49,750 INFO Written out 4000000 reads
2021-04-14 11:18:55,786 INFO Written out 4100000 reads
2021-04-14 11:19:06,076 INFO Written out 4200000 reads
2021-04-14 11:19:08,599 INFO Written out 4300000 reads
2021-04-14 11:19:14,845 INFO Written out 4400000 reads
2021-04-14 11:19:21,143 INFO Written out 4500000 reads
2021-04-14 11:19:27,552 INFO Written out 4600000 reads
2021-04-14 11:19:34,617 INFO Written out 4700000 reads
2021-04-14 11:19:36,926 INFO Parsed 6000000 input reads
2021-04-14 11:19:41,005 INFO Written out 4800000 reads
2021-04-14 11:19:48,262 INFO Written out 4900000 reads
2021-04-14 11:19:55,339 INFO Written out 5000000 reads
2021-04-14 11:20:01,943 INFO Written out 5100000 reads
2021-04-14 11:20:08,124 INFO Written out 5200000 reads
2021-04-14 11:20:14,931 INFO Written out 5300000 reads
2021-04-14 11:20:22,466 INFO Written out 5400000 reads
2021-04-14 11:20:33,520 INFO Written out 5500000 reads
2021-04-14 11:20:33,749 INFO Parsed 7000000 input reads
2021-04-14 11:20:35,678 INFO Written out 5600000 reads
2021-04-14 11:21:03,537 INFO Written out 5700000 reads
2021-04-14 11:21:10,304 INFO Written out 5800000 reads
2021-04-14 11:21:17,489 INFO Written out 5900000 reads
2021-04-14 11:21:23,219 INFO Written out 6000000 reads
2021-04-14 11:21:29,744 INFO Written out 6100000 reads
2021-04-14 11:21:36,921 INFO Written out 6200000 reads
2021-04-14 11:21:43,422 INFO Parsed 8000000 input reads
2021-04-14 11:21:43,591 INFO Written out 6300000 reads
2021-04-14 11:21:50,270 INFO Written out 6400000 reads
2021-04-14 11:21:57,092 INFO Written out 6500000 reads
2021-04-14 11:22:04,632 INFO Written out 6600000 reads
2021-04-14 11:22:10,907 INFO Written out 6700000 reads
2021-04-14 11:22:17,963 INFO Written out 6800000 reads
2021-04-14 11:22:25,721 INFO Written out 6900000 reads
2021-04-14 11:22:33,645 INFO Written out 7000000 reads
2021-04-14 11:22:40,417 INFO Parsed 9000000 input reads
2021-04-14 11:22:40,726 INFO Written out 7100000 reads
2021-04-14 11:22:47,805 INFO Written out 7200000 reads
2021-04-14 11:22:55,283 INFO Written out 7300000 reads
2021-04-14 11:23:02,650 INFO Written out 7400000 reads
2021-04-14 11:23:10,863 INFO Written out 7500000 reads
2021-04-14 11:23:18,442 INFO Written out 7600000 reads
2021-04-14 11:23:26,744 INFO Written out 7700000 reads
2021-04-14 11:23:35,257 INFO Written out 7800000 reads
2021-04-14 11:23:40,088 INFO Parsed 10000000 input reads
2021-04-14 11:23:43,665 INFO Written out 7900000 reads
2021-04-14 11:23:50,359 INFO Written out 8000000 reads
2021-04-14 11:23:57,815 INFO Written out 8100000 reads
2021-04-14 11:24:26,304 INFO Written out 8200000 reads
2021-04-14 11:24:34,054 INFO Written out 8300000 reads
2021-04-14 11:24:41,081 INFO Written out 8400000 reads
2021-04-14 11:24:48,263 INFO Written out 8500000 reads
2021-04-14 11:24:56,226 INFO Written out 8600000 reads
2021-04-14 11:25:00,628 INFO Parsed 11000000 input reads
2021-04-14 11:25:03,475 INFO Written out 8700000 reads
2021-04-14 11:25:10,921 INFO Written out 8800000 reads
2021-04-14 11:25:19,141 INFO Written out 8900000 reads
2021-04-14 11:25:26,544 INFO Written out 9000000 reads
2021-04-14 11:25:34,633 INFO Written out 9100000 reads
2021-04-14 11:25:42,993 INFO Written out 9200000 reads
2021-04-14 11:25:53,754 INFO Written out 9300000 reads
2021-04-14 11:25:56,875 INFO Written out 9400000 reads
2021-04-14 11:25:59,141 INFO Parsed 12000000 input reads
2021-04-14 11:26:03,312 INFO Written out 9500000 reads
2021-04-14 11:26:11,701 INFO Written out 9600000 reads
2021-04-14 11:26:19,627 INFO Written out 9700000 reads
2021-04-14 11:26:28,433 INFO Written out 9800000 reads
2021-04-14 11:26:37,376 INFO Written out 9900000 reads
2021-04-14 11:26:45,303 INFO Written out 10000000 reads
2021-04-14 11:26:53,265 INFO Written out 10100000 reads
2021-04-14 11:27:01,466 INFO Written out 10200000 reads
2021-04-14 11:27:04,811 INFO Parsed 13000000 input reads
2021-04-14 11:27:26,789 INFO Written out 10300000 reads
2021-04-14 11:27:37,647 INFO Written out 10400000 reads
2021-04-14 11:27:43,270 INFO Written out 10500000 reads
2021-04-14 11:27:51,970 INFO Written out 10600000 reads
2021-04-14 11:27:59,821 INFO Written out 10700000 reads
2021-04-14 11:28:12,941 INFO Written out 10800000 reads
2021-04-14 11:28:15,032 INFO Written out 10900000 reads
2021-04-14 11:28:23,000 INFO Written out 11000000 reads
2021-04-14 11:28:24,822 INFO Parsed 14000000 input reads
2021-04-14 11:28:30,227 INFO Written out 11100000 reads
2021-04-14 11:28:39,288 INFO Written out 11200000 reads
2021-04-14 11:28:48,513 INFO Written out 11300000 reads
2021-04-14 11:28:55,856 INFO Written out 11400000 reads
2021-04-14 11:29:05,274 INFO Written out 11500000 reads
2021-04-14 11:29:14,529 INFO Written out 11600000 reads
2021-04-14 11:29:22,955 INFO Written out 11700000 reads
2021-04-14 11:29:32,360 INFO Written out 11800000 reads
2021-04-14 11:29:33,942 INFO Parsed 15000000 input reads
2021-04-14 11:29:40,785 INFO Written out 11900000 reads
2021-04-14 11:29:49,367 INFO Written out 12000000 reads
2021-04-14 11:29:59,128 INFO Written out 12100000 reads
2021-04-14 11:30:07,793 INFO Written out 12200000 reads
2021-04-14 11:30:16,610 INFO Written out 12300000 reads
2021-04-14 11:30:25,482 INFO Written out 12400000 reads
2021-04-14 11:30:35,636 INFO Written out 12500000 reads
2021-04-14 11:30:44,298 INFO Written out 12600000 reads
2021-04-14 11:30:44,498 INFO Parsed 16000000 input reads
2021-04-14 11:30:53,243 INFO Written out 12700000 reads
2021-04-14 11:31:22,863 INFO Written out 12800000 reads
2021-04-14 11:31:32,262 INFO Written out 12900000 reads
2021-04-14 11:31:42,942 INFO Written out 13000000 reads
2021-04-14 11:31:50,359 INFO Written out 13100000 reads
2021-04-14 11:31:58,869 INFO Written out 13200000 reads
2021-04-14 11:32:07,499 INFO Written out 13300000 reads
2021-04-14 11:32:15,977 INFO Parsed 17000000 input reads
2021-04-14 11:32:16,149 INFO Written out 13400000 reads
2021-04-14 11:32:24,965 INFO Written out 13500000 reads
2021-04-14 11:32:34,964 INFO Written out 13600000 reads
2021-04-14 11:32:43,791 INFO Written out 13700000 reads
2021-04-14 11:32:53,791 INFO Written out 13800000 reads
2021-04-14 11:33:02,733 INFO Written out 13900000 reads
2021-04-14 11:33:11,643 INFO Written out 14000000 reads
2021-04-14 11:33:22,902 INFO Written out 14100000 reads
2021-04-14 11:33:29,089 INFO Parsed 18000000 input reads
2021-04-14 11:33:31,971 INFO Written out 14200000 reads
2021-04-14 11:33:41,230 INFO Written out 14300000 reads
2021-04-14 11:33:50,513 INFO Written out 14400000 reads
2021-04-14 11:34:04,010 INFO Written out 14500000 reads
2021-04-14 11:34:09,275 INFO Written out 14600000 reads
2021-04-14 11:34:18,599 INFO Written out 14700000 reads
2021-04-14 11:34:29,325 INFO Written out 14800000 reads
2021-04-14 11:34:40,654 INFO Written out 14900000 reads
2021-04-14 11:34:45,024 INFO Parsed 19000000 input reads
2021-04-14 11:34:45,830 INFO Written out 15000000 reads
2021-04-14 11:34:57,217 INFO Written out 15100000 reads
2021-04-14 11:35:07,303 INFO Written out 15200000 reads
2021-04-14 11:35:22,488 INFO Written out 15300000 reads
2021-04-14 11:35:24,540 INFO Written out 15400000 reads
2021-04-14 11:35:28,078 INFO Written out 15500000 reads
2021-04-14 11:35:39,409 INFO Written out 15600000 reads
2021-04-14 11:35:49,763 INFO Written out 15700000 reads
2021-04-14 11:35:59,841 INFO Parsed 20000000 input reads
2021-04-14 11:36:00,602 INFO Written out 15800000 reads
2021-04-14 11:36:34,160 INFO Written out 15900000 reads
2021-04-14 11:36:43,920 INFO Written out 16000000 reads
2021-04-14 11:36:53,820 INFO Written out 16100000 reads
2021-04-14 11:37:03,634 INFO Written out 16200000 reads
2021-04-14 11:37:13,503 INFO Written out 16300000 reads
2021-04-14 11:37:24,913 INFO Written out 16400000 reads
2021-04-14 11:37:36,317 INFO Written out 16500000 reads
2021-04-14 11:37:40,481 INFO Parsed 21000000 input reads
2021-04-14 11:37:46,347 INFO Written out 16600000 reads
2021-04-14 11:37:56,517 INFO Written out 16700000 reads
2021-04-14 11:38:06,827 INFO Written out 16800000 reads
2021-04-14 11:38:17,096 INFO Written out 16900000 reads
2021-04-14 11:38:28,818 INFO Written out 17000000 reads
2021-04-14 11:38:41,080 INFO Written out 17100000 reads
2021-04-14 11:38:54,421 INFO Written out 17200000 reads
2021-04-14 11:39:03,336 INFO Written out 17300000 reads
2021-04-14 11:39:07,393 INFO Parsed 22000000 input reads
2021-04-14 11:39:17,046 INFO Written out 17400000 reads
2021-04-14 11:39:26,018 INFO Written out 17500000 reads
2021-04-14 11:39:35,113 INFO Written out 17600000 reads
2021-04-14 11:39:47,344 INFO Written out 17700000 reads
2021-04-14 11:39:59,727 INFO Written out 17800000 reads
2021-04-14 11:40:08,917 INFO Written out 17900000 reads
2021-04-14 11:40:21,523 INFO Written out 18000000 reads
2021-04-14 11:40:34,128 INFO Written out 18100000 reads
2021-04-14 11:40:34,851 INFO Parsed 23000000 input reads
2021-04-14 11:41:01,552 INFO Written out 18200000 reads
2021-04-14 11:41:14,988 INFO Written out 18300000 reads
2021-04-14 11:41:24,052 INFO Written out 18400000 reads
2021-04-14 11:41:34,848 INFO Written out 18500000 reads
2021-04-14 11:41:46,915 INFO Written out 18600000 reads
2021-04-14 11:41:57,680 INFO Written out 18700000 reads
2021-04-14 11:42:08,547 INFO Written out 18800000 reads
2021-04-14 11:42:21,185 INFO Written out 18900000 reads
2021-04-14 11:42:23,136 INFO Parsed 24000000 input reads
2021-04-14 11:42:35,503 INFO Written out 19000000 reads
2021-04-14 11:42:43,123 INFO Written out 19100000 reads
2021-04-14 11:42:55,763 INFO Written out 19200000 reads
2021-04-14 11:43:06,889 INFO Written out 19300000 reads
2021-04-14 11:43:17,952 INFO Written out 19400000 reads
2021-04-14 11:43:30,754 INFO Written out 19500000 reads
2021-04-14 11:43:42,099 INFO Written out 19600000 reads
2021-04-14 11:43:56,843 INFO Written out 19700000 reads
2021-04-14 11:43:56,860 INFO Parsed 25000000 input reads
2021-04-14 11:44:06,570 INFO Written out 19800000 reads
2021-04-14 11:44:19,626 INFO Written out 19900000 reads
2021-04-14 11:44:32,793 INFO Written out 20000000 reads
2021-04-14 11:44:44,412 INFO Written out 20100000 reads
2021-04-14 11:44:56,063 INFO Written out 20200000 reads
2021-04-14 11:45:08,033 INFO Written out 20300000 reads
2021-04-14 11:45:20,010 INFO Written out 20400000 reads
2021-04-14 11:45:31,554 INFO Parsed 26000000 input reads
2021-04-14 11:45:33,706 INFO Written out 20500000 reads
2021-04-14 11:45:48,373 INFO Written out 20600000 reads
2021-04-14 11:45:54,883 INFO Written out 20700000 reads
2021-04-14 11:46:08,500 INFO Written out 20800000 reads
2021-04-14 11:46:20,763 INFO Written out 20900000 reads
2021-04-14 11:46:33,131 INFO Written out 21000000 reads
2021-04-14 11:46:45,296 INFO Written out 21100000 reads
2021-04-14 11:46:57,362 INFO Written out 21200000 reads
2021-04-14 11:47:31,958 INFO Parsed 27000000 input reads
2021-04-14 11:47:34,546 INFO Written out 21300000 reads
2021-04-14 11:47:47,900 INFO Written out 21400000 reads
2021-04-14 11:48:01,426 INFO Written out 21500000 reads
2021-04-14 11:48:09,311 INFO Written out 21600000 reads
2021-04-14 11:48:22,661 INFO Written out 21700000 reads
2021-04-14 11:48:34,603 INFO Written out 21800000 reads
2021-04-14 11:48:46,535 INFO Written out 21900000 reads
2021-04-14 11:48:58,359 INFO Written out 22000000 reads
2021-04-14 11:49:07,277 INFO Parsed 28000000 input reads
2021-04-14 11:49:12,067 INFO Written out 22100000 reads
2021-04-14 11:49:24,377 INFO Written out 22200000 reads
2021-04-14 11:49:38,320 INFO Written out 22300000 reads
2021-04-14 11:49:50,491 INFO Written out 22400000 reads
2021-04-14 11:50:02,794 INFO Written out 22500000 reads
2021-04-14 11:50:15,098 INFO Written out 22600000 reads
2021-04-14 11:50:27,413 INFO Written out 22700000 reads
2021-04-14 11:50:41,690 INFO Written out 22800000 reads
2021-04-14 11:50:49,023 INFO Parsed 29000000 input reads
2021-04-14 11:50:54,139 INFO Written out 22900000 reads
2021-04-14 11:51:06,656 INFO Written out 23000000 reads
2021-04-14 11:51:21,016 INFO Written out 23100000 reads
2021-04-14 11:51:33,369 INFO Written out 23200000 reads
2021-04-14 11:51:47,539 INFO Written out 23300000 reads
2021-04-14 11:52:00,120 INFO Written out 23400000 reads
2021-04-14 11:52:31,941 INFO Written out 23500000 reads
2021-04-14 11:52:45,508 INFO Written out 23600000 reads
2021-04-14 11:52:48,430 INFO Parsed 30000000 input reads
2021-04-14 11:52:55,764 INFO Written out 23700000 reads
2021-04-14 11:53:09,835 INFO Written out 23800000 reads
2021-04-14 11:53:22,134 INFO Written out 23900000 reads
2021-04-14 11:53:34,681 INFO Written out 24000000 reads
2021-04-14 11:53:49,039 INFO Written out 24100000 reads
2021-04-14 11:54:01,844 INFO Written out 24200000 reads
2021-04-14 11:54:14,461 INFO Written out 24300000 reads
2021-04-14 11:54:31,241 INFO Written out 24400000 reads
2021-04-14 11:54:31,858 INFO Parsed 31000000 input reads
2021-04-14 11:54:40,116 INFO Written out 24500000 reads
2021-04-14 11:54:54,833 INFO Written out 24600000 reads
2021-04-14 11:55:07,763 INFO Written out 24700000 reads
2021-04-14 11:55:20,848 INFO Written out 24800000 reads
2021-04-14 11:55:34,022 INFO Written out 24900000 reads
2021-04-14 11:55:47,221 INFO Written out 25000000 reads
2021-04-14 11:56:02,554 INFO Written out 25100000 reads
2021-04-14 11:56:15,858 INFO Written out 25200000 reads
2021-04-14 11:56:18,420 INFO Parsed 32000000 input reads
2021-04-14 11:56:31,264 INFO Written out 25300000 reads
2021-04-14 11:56:46,785 INFO Written out 25400000 reads
2021-04-14 11:56:58,648 INFO Written out 25500000 reads
2021-04-14 11:57:35,551 INFO Written out 25600000 reads
2021-04-14 11:57:46,204 INFO Written out 25700000 reads
2021-04-14 11:58:01,136 INFO Written out 25800000 reads
2021-04-14 11:58:16,232 INFO Written out 25900000 reads
2021-04-14 11:58:29,255 INFO Written out 26000000 reads
2021-04-14 11:58:29,304 INFO Parsed 33000000 input reads
2021-04-14 11:58:48,187 INFO Written out 26100000 reads
2021-04-14 11:58:54,782 INFO Written out 26200000 reads
2021-04-14 11:59:07,738 INFO Written out 26300000 reads
2021-04-14 11:59:20,704 INFO Written out 26400000 reads
2021-04-14 11:59:35,734 INFO Written out 26500000 reads
2021-04-14 11:59:49,018 INFO Written out 26600000 reads
2021-04-14 12:00:04,261 INFO Written out 26700000 reads
2021-04-14 12:00:17,193 INFO Parsed 34000000 input reads
2021-04-14 12:00:17,539 INFO Written out 26800000 reads
2021-04-14 12:00:33,160 INFO Written out 26900000 reads
2021-04-14 12:00:44,608 INFO Written out 27000000 reads
2021-04-14 12:01:00,835 INFO Written out 27100000 reads
2021-04-14 12:01:14,611 INFO Written out 27200000 reads
2021-04-14 12:01:30,506 INFO Written out 27300000 reads
2021-04-14 12:01:57,163 INFO Written out 27400000 reads
2021-04-14 12:01:59,514 INFO Written out 27500000 reads
2021-04-14 12:02:01,024 INFO Parsed 35000000 input reads
2021-04-14 12:02:01,716 INFO Written out 27600000 reads
2021-04-14 12:02:03,763 INFO Written out 27700000 reads
2021-04-14 12:02:11,801 INFO Written out 27800000 reads
2021-04-14 12:02:28,207 INFO Written out 27900000 reads
2021-04-14 12:02:44,442 INFO Written out 28000000 reads
2021-04-14 12:03:03,704 INFO Written out 28100000 reads
2021-04-14 12:03:10,720 INFO Written out 28200000 reads
2021-04-14 12:03:29,672 INFO Written out 28300000 reads
2021-04-14 12:03:35,914 INFO Parsed 36000000 input reads
2021-04-14 12:03:44,152 INFO Written out 28400000 reads
2021-04-14 12:03:58,789 INFO Written out 28500000 reads
2021-04-14 12:04:13,597 INFO Written out 28600000 reads
2021-04-14 12:04:30,861 INFO Written out 28700000 reads
2021-04-14 12:04:46,133 INFO Written out 28800000 reads
2021-04-14 12:05:01,543 INFO Written out 28900000 reads
2021-04-14 12:05:19,227 INFO Written out 29000000 reads
2021-04-14 12:05:29,215 INFO Written out 29100000 reads
2021-04-14 12:05:37,763 INFO Parsed 37000000 input reads
2021-04-14 12:05:46,709 INFO Written out 29200000 reads
2021-04-14 12:06:02,061 INFO Written out 29300000 reads
2021-04-14 12:06:48,749 INFO Written out 29400000 reads
2021-04-14 12:07:05,153 INFO Written out 29500000 reads
2021-04-14 12:07:24,209 INFO Written out 29600000 reads
2021-04-14 12:07:33,896 INFO Written out 29700000 reads
2021-04-14 12:07:48,493 INFO Written out 29800000 reads
2021-04-14 12:08:05,394 INFO Written out 29900000 reads
2021-04-14 12:08:08,709 INFO Parsed 38000000 input reads
2021-04-14 12:08:20,032 INFO Written out 30000000 reads
2021-04-14 12:08:34,671 INFO Written out 30100000 reads
2021-04-14 12:08:55,035 INFO Written out 30200000 reads
2021-04-14 12:09:04,565 INFO Written out 30300000 reads
2021-04-14 12:09:19,406 INFO Written out 30400000 reads
2021-04-14 12:09:36,501 INFO Written out 30500000 reads
2021-04-14 12:09:51,588 INFO Written out 30600000 reads
2021-04-14 12:10:09,064 INFO Written out 30700000 reads
2021-04-14 12:10:12,145 INFO Parsed 39000000 input reads
2021-04-14 12:10:24,121 INFO Written out 30800000 reads
2021-04-14 12:10:39,355 INFO Written out 30900000 reads
2021-04-14 12:10:57,031 INFO Written out 31000000 reads
2021-04-14 12:11:12,480 INFO Written out 31100000 reads
2021-04-14 12:11:30,297 INFO Written out 31200000 reads
2021-04-14 12:11:45,631 INFO Written out 31300000 reads
2021-04-14 12:12:06,253 INFO Written out 31400000 reads
2021-04-14 12:12:21,831 INFO Written out 31500000 reads
2021-04-14 12:12:22,334 INFO Parsed 40000000 input reads
2021-04-14 12:12:37,798 INFO Written out 31600000 reads
2021-04-14 12:12:51,171 INFO Written out 31700000 reads
2021-04-14 12:13:15,272 INFO Written out 31800000 reads
2021-04-14 12:13:20,650 INFO Written out 31900000 reads
2021-04-14 12:13:39,113 INFO Written out 32000000 reads
2021-04-14 12:13:49,902 INFO Written out 32100000 reads
2021-04-14 12:14:08,442 INFO Written out 32200000 reads
2021-04-14 12:14:24,682 INFO Parsed 41000000 input reads
2021-04-14 12:14:24,684 INFO Written out 32300000 reads
2021-04-14 12:14:40,995 INFO Written out 32400000 reads
2021-04-14 12:14:56,932 INFO Written out 32500000 reads
2021-04-14 12:15:12,542 INFO Written out 32600000 reads
2021-04-14 12:15:31,127 INFO Written out 32700000 reads
2021-04-14 12:16:17,783 INFO Written out 32800000 reads
2021-04-14 12:16:36,599 INFO Written out 32900000 reads
2021-04-14 12:16:52,465 INFO Written out 33000000 reads
2021-04-14 12:17:08,091 INFO Parsed 42000000 input reads
2021-04-14 12:17:08,568 INFO Written out 33100000 reads
2021-04-14 12:17:24,422 INFO Written out 33200000 reads
2021-04-14 12:17:42,971 INFO Written out 33300000 reads
2021-04-14 12:17:58,986 INFO Written out 33400000 reads
2021-04-14 12:18:15,149 INFO Written out 33500000 reads
2021-04-14 12:18:37,133 INFO Written out 33600000 reads
2021-04-14 12:18:42,311 INFO Written out 33700000 reads
2021-04-14 12:19:01,215 INFO Written out 33800000 reads
2021-04-14 12:19:14,330 INFO Parsed 43000000 input reads
2021-04-14 12:19:17,676 INFO Written out 33900000 reads
2021-04-14 12:19:36,608 INFO Written out 34000000 reads
2021-04-14 12:19:52,977 INFO Written out 34100000 reads
2021-04-14 12:20:09,601 INFO Written out 34200000 reads
2021-04-14 12:20:29,480 INFO Written out 34300000 reads
2021-04-14 12:20:46,517 INFO Written out 34400000 reads
2021-04-14 12:21:03,325 INFO Written out 34500000 reads
2021-04-14 12:21:29,707 INFO Written out 34600000 reads
2021-04-14 12:21:31,100 INFO Parsed 44000000 input reads
2021-04-14 12:21:31,840 INFO Written out 34700000 reads
2021-04-14 12:21:49,716 INFO Written out 34800000 reads
2021-04-14 12:22:03,796 INFO Written out 34900000 reads
2021-04-14 12:22:20,915 INFO Written out 35000000 reads
2021-04-14 12:22:40,268 INFO Written out 35100000 reads
2021-04-14 12:22:54,027 INFO Written out 35200000 reads
2021-04-14 12:23:13,625 INFO Written out 35300000 reads
2021-04-14 12:23:27,765 INFO Written out 35400000 reads
2021-04-14 12:23:52,672 INFO Parsed 45000000 input reads
2021-04-14 12:23:53,513 INFO Written out 35500000 reads
2021-04-14 12:23:55,930 INFO Written out 35600000 reads
2021-04-14 12:24:10,378 INFO Written out 35700000 reads
2021-04-14 12:24:34,151 INFO Written out 35800000 reads
2021-04-14 12:25:10,062 INFO Written out 35900000 reads
2021-04-14 12:25:29,319 INFO Written out 36000000 reads
2021-04-14 12:25:48,809 INFO Written out 36100000 reads
2021-04-14 12:26:08,594 INFO Written out 36200000 reads
2021-04-14 12:26:12,438 INFO Parsed 46000000 input reads
2021-04-14 12:26:22,748 INFO Written out 36300000 reads
2021-04-14 12:26:39,839 INFO Written out 36400000 reads
2021-04-14 12:26:57,016 INFO Written out 36500000 reads
2021-04-14 12:27:16,647 INFO Written out 36600000 reads
2021-04-14 12:27:37,040 INFO Written out 36700000 reads
2021-04-14 12:27:51,229 INFO Written out 36800000 reads
2021-04-14 12:28:05,535 INFO Written out 36900000 reads
2021-04-14 12:28:25,230 INFO Written out 37000000 reads
2021-04-14 12:28:28,923 INFO Parsed 47000000 input reads
2021-04-14 12:28:45,012 INFO Written out 37100000 reads
2021-04-14 12:29:02,752 INFO Written out 37200000 reads
2021-04-14 12:29:20,050 INFO Written out 37300000 reads
2021-04-14 12:29:37,534 INFO Written out 37400000 reads
2021-04-14 12:29:57,757 INFO Written out 37500000 reads
2021-04-14 12:30:18,323 INFO Written out 37600000 reads
2021-04-14 12:30:30,172 INFO Written out 37700000 reads
2021-04-14 12:30:48,062 INFO Written out 37800000 reads
2021-04-14 12:30:51,488 INFO Parsed 48000000 input reads
2021-04-14 12:31:08,851 INFO Written out 37900000 reads
2021-04-14 12:31:26,896 INFO Written out 38000000 reads
2021-04-14 12:31:44,867 INFO Written out 38100000 reads
2021-04-14 12:32:02,149 INFO Written out 38200000 reads
2021-04-14 12:32:19,598 INFO Written out 38300000 reads
2021-04-14 12:32:37,070 INFO Written out 38400000 reads
2021-04-14 12:32:58,177 INFO Written out 38500000 reads
2021-04-14 12:33:15,446 INFO Written out 38600000 reads
2021-04-14 12:33:15,452 INFO Parsed 49000000 input reads
2021-04-14 12:33:33,145 INFO Written out 38700000 reads
2021-04-14 12:33:51,308 INFO Written out 38800000 reads
2021-04-14 12:34:39,578 INFO Written out 38900000 reads
2021-04-14 12:34:59,979 INFO Written out 39000000 reads
2021-04-14 12:35:17,097 INFO Written out 39100000 reads
2021-04-14 12:35:37,224 INFO Written out 39200000 reads
2021-04-14 12:35:54,635 INFO Written out 39300000 reads
2021-04-14 12:36:08,972 INFO Parsed 50000000 input reads
2021-04-14 12:36:12,287 INFO Written out 39400000 reads
2021-04-14 12:36:39,321 INFO Written out 39500000 reads
2021-04-14 12:36:47,945 INFO Written out 39600000 reads
2021-04-14 12:37:11,638 INFO Written out 39700000 reads
2021-04-14 12:37:26,214 INFO Written out 39800000 reads
2021-04-14 12:37:43,984 INFO Written out 39900000 reads
2021-04-14 12:38:05,350 INFO Written out 40000000 reads
2021-04-14 12:38:23,911 INFO Written out 40100000 reads
2021-04-14 12:38:38,573 INFO Parsed 51000000 input reads
2021-04-14 12:38:45,416 INFO Written out 40200000 reads
2021-04-14 12:39:04,289 INFO Written out 40300000 reads
2021-04-14 12:39:26,394 INFO Written out 40400000 reads
2021-04-14 12:39:44,980 INFO Written out 40500000 reads
2021-04-14 12:40:03,881 INFO Written out 40600000 reads
2021-04-14 12:40:23,660 INFO Written out 40700000 reads
2021-04-14 12:40:45,920 INFO Written out 40800000 reads
2021-04-14 12:41:24,421 INFO Written out 40900000 reads
2021-04-14 12:41:35,705 INFO Parsed 52000000 input reads
2021-04-14 12:41:45,985 INFO Written out 41000000 reads
2021-04-14 12:42:04,623 INFO Written out 41100000 reads
2021-04-14 12:42:23,273 INFO Written out 41200000 reads
2021-04-14 12:42:42,096 INFO Written out 41300000 reads
2021-04-14 12:43:00,999 INFO Written out 41400000 reads
2021-04-14 12:43:23,134 INFO Written out 41500000 reads
2021-04-14 12:43:42,236 INFO Written out 41600000 reads
2021-04-14 12:44:04,619 INFO Written out 41700000 reads
2021-04-14 12:44:16,083 INFO Parsed 53000000 input reads
2021-04-14 12:44:24,107 INFO Written out 41800000 reads
2021-04-14 12:44:46,721 INFO Written out 41900000 reads
2021-04-14 12:45:06,231 INFO Written out 42000000 reads
2021-04-14 12:45:25,860 INFO Written out 42100000 reads
2021-04-14 12:45:48,892 INFO Written out 42200000 reads
2021-04-14 12:46:08,852 INFO Written out 42300000 reads
2021-04-14 12:46:31,943 INFO Written out 42400000 reads
2021-04-14 12:46:55,355 INFO Written out 42500000 reads
2021-04-14 12:47:03,321 INFO Parsed 54000000 input reads
2021-04-14 12:47:18,542 INFO Written out 42600000 reads
2021-04-14 12:47:32,264 INFO Written out 42700000 reads
2021-04-14 12:47:56,744 INFO Written out 42800000 reads
2021-04-14 12:48:16,992 INFO Written out 42900000 reads
2021-04-14 12:48:37,400 INFO Written out 43000000 reads
2021-04-14 12:48:58,060 INFO Written out 43100000 reads
2021-04-14 12:49:07,795 INFO Written out 43200000 reads
2021-04-14 12:49:28,496 INFO Written out 43300000 reads
2021-04-14 12:49:36,331 INFO Parsed 55000000 input reads
2021-04-14 12:49:52,317 INFO Written out 43400000 reads
2021-04-14 12:50:23,586 INFO Written out 43500000 reads
2021-04-14 12:50:29,303 INFO Written out 43600000 reads
2021-04-14 12:51:17,936 INFO Written out 43700000 reads
2021-04-14 12:51:37,278 INFO Written out 43800000 reads
2021-04-14 12:51:56,585 INFO Written out 43900000 reads
2021-04-14 12:52:19,339 INFO Written out 44000000 reads
2021-04-14 12:52:38,744 INFO Written out 44100000 reads
2021-04-14 12:52:42,597 INFO Parsed 56000000 input reads
2021-04-14 12:52:58,481 INFO Written out 44200000 reads
2021-04-14 12:53:18,251 INFO Written out 44300000 reads
2021-04-14 12:53:38,200 INFO Written out 44400000 reads
2021-04-14 12:54:01,676 INFO Written out 44500000 reads
2021-04-14 12:54:21,652 INFO Written out 44600000 reads
2021-04-14 12:54:41,940 INFO Written out 44700000 reads
2021-04-14 12:55:06,655 INFO Written out 44800000 reads
2021-04-14 12:55:26,668 INFO Written out 44900000 reads
2021-04-14 12:55:26,946 INFO Parsed 57000000 input reads
2021-04-14 12:55:47,046 INFO Written out 45000000 reads
2021-04-14 12:56:07,346 INFO Written out 45100000 reads
2021-04-14 12:56:31,056 INFO Written out 45200000 reads
2021-04-14 12:56:51,598 INFO Written out 45300000 reads
2021-04-14 12:57:12,795 INFO Written out 45400000 reads
2021-04-14 12:57:55,933 INFO Written out 45500000 reads
2021-04-14 12:58:17,290 INFO Written out 45600000 reads
2021-04-14 12:58:37,560 INFO Parsed 58000000 input reads
2021-04-14 12:58:37,762 INFO Written out 45700000 reads
2021-04-14 12:59:13,010 INFO Written out 45800000 reads
2021-04-14 12:59:18,845 INFO Written out 45900000 reads
2021-04-14 12:59:39,893 INFO Written out 46000000 reads
2021-04-14 13:00:00,690 INFO Written out 46100000 reads
2021-04-14 13:00:21,838 INFO Written out 46200000 reads
2021-04-14 13:00:54,033 INFO Written out 46300000 reads
2021-04-14 13:01:00,402 INFO Written out 46400000 reads
2021-04-14 13:01:21,287 INFO Parsed 59000000 input reads
2021-04-14 13:01:28,944 INFO Written out 46500000 reads
2021-04-14 13:01:46,609 INFO Written out 46600000 reads
2021-04-14 13:02:12,534 INFO Written out 46700000 reads
2021-04-14 13:02:33,540 INFO Written out 46800000 reads
2021-04-14 13:02:54,488 INFO Written out 46900000 reads
2021-04-14 13:03:16,095 INFO Written out 47000000 reads
2021-04-14 13:03:41,363 INFO Written out 47100000 reads
2021-04-14 13:04:02,975 INFO Written out 47200000 reads
2021-04-14 13:04:20,278 INFO Parsed 60000000 input reads
2021-04-14 13:04:24,775 INFO Written out 47300000 reads
2021-04-14 13:04:50,336 INFO Written out 47400000 reads
2021-04-14 13:05:33,321 INFO Written out 47500000 reads
2021-04-14 13:05:35,419 INFO Written out 47600000 reads
2021-04-14 13:06:17,006 INFO Written out 47700000 reads
2021-04-14 13:06:41,844 INFO Written out 47800000 reads
2021-04-14 13:07:03,164 INFO Written out 47900000 reads
2021-04-14 13:07:28,142 INFO Written out 48000000 reads
2021-04-14 13:07:40,971 INFO Parsed 61000000 input reads
2021-04-14 13:07:49,678 INFO Written out 48100000 reads
2021-04-14 13:08:14,921 INFO Written out 48200000 reads
2021-04-14 13:08:36,415 INFO Written out 48300000 reads
2021-04-14 13:09:02,940 INFO Written out 48400000 reads
2021-04-14 13:09:24,629 INFO Written out 48500000 reads
2021-04-14 13:09:50,471 INFO Written out 48600000 reads
2021-04-14 13:10:08,529 INFO Written out 48700000 reads
2021-04-14 13:10:34,110 INFO Written out 48800000 reads
2021-04-14 13:10:46,896 INFO Parsed 62000000 input reads
2021-04-14 13:10:59,687 INFO Written out 48900000 reads
2021-04-14 13:11:21,642 INFO Written out 49000000 reads
2021-04-14 13:11:47,088 INFO Written out 49100000 reads
2021-04-14 13:12:09,066 INFO Written out 49200000 reads
2021-04-14 13:12:31,428 INFO Written out 49300000 reads
2021-04-14 13:12:58,580 INFO Written out 49400000 reads
2021-04-14 13:13:20,657 INFO Written out 49500000 reads
2021-04-14 13:13:42,941 INFO Written out 49600000 reads
2021-04-14 13:13:55,603 INFO Parsed 63000000 input reads
2021-04-14 13:14:09,060 INFO Written out 49700000 reads
2021-04-14 13:14:39,147 INFO Written out 49800000 reads
2021-04-14 13:15:01,741 INFO Written out 49900000 reads
2021-04-14 13:15:28,153 INFO Written out 50000000 reads
2021-04-14 13:15:50,895 INFO Written out 50100000 reads
2021-04-14 13:16:17,308 INFO Written out 50200000 reads
2021-04-14 13:16:44,312 INFO Written out 50300000 reads
2021-04-14 13:17:14,484 INFO Written out 50400000 reads
2021-04-14 13:17:15,041 INFO Parsed 64000000 input reads
2021-04-14 13:17:29,296 INFO Written out 50500000 reads
2021-04-14 13:18:01,331 INFO Written out 50600000 reads
2021-04-14 13:18:03,252 INFO Written out 50700000 reads
2021-04-14 13:18:25,940 INFO Written out 50800000 reads
2021-04-14 13:18:49,627 INFO Written out 50900000 reads
2021-04-14 13:19:13,703 INFO Written out 51000000 reads
2021-04-14 13:19:36,938 INFO Written out 51100000 reads
2021-04-14 13:20:04,551 INFO Written out 51200000 reads
2021-04-14 13:20:09,250 INFO Parsed 65000000 input reads
2021-04-14 13:20:29,343 INFO Written out 51300000 reads
2021-04-14 13:20:53,372 INFO Written out 51400000 reads
2021-04-14 13:21:26,113 INFO Written out 51500000 reads
2021-04-14 13:21:49,790 INFO Written out 51600000 reads
2021-04-14 13:22:17,266 INFO Written out 51700000 reads
2021-04-14 13:23:17,884 INFO Written out 51800000 reads
2021-04-14 13:23:44,483 INFO Written out 51900000 reads
2021-04-14 13:24:03,638 INFO Written out 52000000 reads
2021-04-14 13:24:03,650 INFO Parsed 66000000 input reads
2021-04-14 13:24:30,250 INFO Written out 52100000 reads
2021-04-14 13:24:53,327 INFO Written out 52200000 reads
2021-04-14 13:25:16,344 INFO Written out 52300000 reads
2021-04-14 13:25:44,318 INFO Written out 52400000 reads
2021-04-14 13:26:11,333 INFO Written out 52500000 reads
2021-04-14 13:26:34,296 INFO Written out 52600000 reads
2021-04-14 13:27:01,427 INFO Written out 52700000 reads
2021-04-14 13:27:24,179 INFO Parsed 67000000 input reads
2021-04-14 13:27:28,510 INFO Written out 52800000 reads
2021-04-14 13:27:55,631 INFO Written out 52900000 reads
2021-04-14 13:28:14,143 INFO Written out 53000000 reads
2021-04-14 13:28:40,871 INFO Written out 53100000 reads
2021-04-14 13:29:04,359 INFO Written out 53200000 reads
2021-04-14 13:29:28,349 INFO Written out 53300000 reads
2021-04-14 13:29:55,562 INFO Written out 53400000 reads
2021-04-14 13:30:15,581 INFO Written out 53500000 reads
2021-04-14 13:30:30,727 INFO Parsed 68000000 input reads
2021-04-14 13:30:31,722 INFO Written out 53600000 reads
2021-04-14 13:30:51,619 INFO Written out 53700000 reads
2021-04-14 13:31:15,263 INFO Written out 53800000 reads
2021-04-14 13:31:35,586 INFO Written out 53900000 reads
2021-04-14 13:32:03,775 INFO Written out 54000000 reads
2021-04-14 13:33:38,550 INFO Written out 54100000 reads
2021-04-14 13:33:40,792 INFO Written out 54200000 reads
2021-04-14 13:33:43,061 INFO Written out 54300000 reads
2021-04-14 13:33:44,549 INFO Parsed 69000000 input reads
2021-04-14 13:33:45,705 INFO Written out 54400000 reads
2021-04-14 13:33:47,912 INFO Written out 54500000 reads
2021-04-14 13:33:50,128 INFO Written out 54600000 reads
2021-04-14 13:33:52,403 INFO Written out 54700000 reads
2021-04-14 13:33:54,619 INFO Written out 54800000 reads
2021-04-14 13:34:06,770 INFO Written out 54900000 reads
2021-04-14 13:34:31,118 INFO Written out 55000000 reads
2021-04-14 13:34:51,015 INFO Written out 55100000 reads
2021-04-14 13:34:55,605 INFO Parsed 70000000 input reads
2021-04-14 13:35:14,902 INFO Written out 55200000 reads
2021-04-14 13:35:42,770 INFO Written out 55300000 reads
2021-04-14 13:36:06,695 INFO Written out 55400000 reads
2021-04-14 13:36:35,600 INFO Written out 55500000 reads
2021-04-14 13:37:03,603 INFO Written out 55600000 reads
2021-04-14 13:37:27,821 INFO Written out 55700000 reads
2021-04-14 13:37:55,391 INFO Written out 55800000 reads
2021-04-14 13:38:15,425 INFO Written out 55900000 reads
2021-04-14 13:38:19,738 INFO Parsed 71000000 input reads
2021-04-14 13:38:43,884 INFO Written out 56000000 reads
2021-04-14 13:39:08,494 INFO Written out 56100000 reads
2021-04-14 13:39:37,168 INFO Written out 56200000 reads
2021-04-14 13:40:02,754 INFO Written out 56300000 reads
2021-04-14 13:40:31,533 INFO Written out 56400000 reads
2021-04-14 13:40:56,202 INFO Written out 56500000 reads
2021-04-14 13:41:24,874 INFO Written out 56600000 reads
2021-04-14 13:41:53,020 INFO Parsed 72000000 input reads
2021-04-14 13:41:53,176 INFO Written out 56700000 reads
2021-04-14 13:42:45,868 INFO Written out 56800000 reads
2021-04-14 13:42:47,929 INFO Written out 56900000 reads
2021-04-14 13:42:51,014 INFO Written out 57000000 reads
2021-04-14 13:43:03,108 INFO Written out 57100000 reads
2021-04-14 13:43:33,644 INFO Written out 57200000 reads
2021-04-14 13:44:03,592 INFO Written out 57300000 reads
2021-04-14 13:44:24,670 INFO Written out 57400000 reads
2021-04-14 13:44:45,156 INFO Parsed 73000000 input reads
2021-04-14 13:44:55,232 INFO Written out 57500000 reads
2021-04-14 13:45:21,200 INFO Written out 57600000 reads
2021-04-14 13:45:42,656 INFO Written out 57700000 reads
2021-04-14 13:46:13,182 INFO Written out 57800000 reads
2021-04-14 13:46:39,123 INFO Written out 57900000 reads
2021-04-14 13:47:05,902 INFO Written out 58000000 reads
2021-04-14 13:47:37,075 INFO Written out 58100000 reads
2021-04-14 13:48:03,018 INFO Written out 58200000 reads
2021-04-14 13:48:14,661 INFO Parsed 74000000 input reads
2021-04-14 13:48:39,277 INFO Written out 58300000 reads
2021-04-14 13:48:56,148 INFO Written out 58400000 reads
2021-04-14 13:49:27,331 INFO Written out 58500000 reads
2021-04-14 13:50:39,815 INFO Written out 58600000 reads
2021-04-14 13:51:09,959 INFO Written out 58700000 reads
2021-04-14 13:51:31,207 INFO Written out 58800000 reads
2021-04-14 13:52:05,341 INFO Written out 58900000 reads
2021-04-14 13:52:26,155 INFO Written out 59000000 reads
2021-04-14 13:52:36,355 INFO Parsed 75000000 input reads
2021-04-14 13:52:51,354 INFO Written out 59100000 reads
2021-04-14 13:53:17,235 INFO Written out 59200000 reads
2021-04-14 13:53:42,817 INFO Written out 59300000 reads
2021-04-14 13:54:14,031 INFO Written out 59400000 reads
2021-04-14 13:54:39,826 INFO Written out 59500000 reads
2021-04-14 13:55:10,820 INFO Written out 59600000 reads
2021-04-14 13:55:36,871 INFO Written out 59700000 reads
2021-04-14 13:56:02,738 INFO Written out 59800000 reads
2021-04-14 13:56:12,874 INFO Parsed 76000000 input reads
2021-04-14 13:56:36,540 INFO Written out 59900000 reads
2021-04-14 13:56:56,241 INFO Written out 60000000 reads
2021-04-14 13:57:24,585 INFO Written out 60100000 reads
2021-04-14 13:57:49,120 INFO Written out 60200000 reads
2021-04-14 13:58:13,335 INFO Written out 60300000 reads
2021-04-14 13:58:37,767 INFO Written out 60400000 reads
2021-04-14 13:59:06,490 INFO Written out 60500000 reads
2021-04-14 13:59:31,162 INFO Written out 60600000 reads
2021-04-14 13:59:40,486 INFO Parsed 77000000 input reads
2021-04-14 13:59:59,897 INFO Written out 60700000 reads
2021-04-14 14:00:24,584 INFO Written out 60800000 reads
2021-04-14 14:00:53,420 INFO Written out 60900000 reads
2021-04-14 14:01:18,415 INFO Written out 61000000 reads
2021-04-14 14:01:52,125 INFO Written out 61100000 reads
2021-04-14 14:02:07,909 INFO Written out 61200000 reads
2021-04-14 14:02:37,158 INFO Written out 61300000 reads
2021-04-14 14:03:02,038 INFO Written out 61400000 reads
2021-04-14 14:03:06,836 INFO Parsed 78000000 input reads
2021-04-14 14:03:27,168 INFO Written out 61500000 reads
2021-04-14 14:04:49,642 INFO Written out 61600000 reads
2021-04-14 14:04:51,944 INFO Written out 61700000 reads
2021-04-14 14:04:53,854 INFO Written out 61800000 reads
2021-04-14 14:04:55,861 INFO Written out 61900000 reads
2021-04-14 14:05:25,069 INFO Written out 62000000 reads
2021-04-14 14:05:49,637 INFO Written out 62100000 reads
2021-04-14 14:06:13,893 INFO Parsed 79000000 input reads
2021-04-14 14:06:14,295 INFO Written out 62200000 reads
2021-04-14 14:06:38,802 INFO Written out 62300000 reads
2021-04-14 14:06:59,296 INFO Written out 62400000 reads
2021-04-14 14:07:28,475 INFO Written out 62500000 reads
2021-04-14 14:07:58,011 INFO Written out 62600000 reads
2021-04-14 14:08:22,948 INFO Written out 62700000 reads
2021-04-14 14:08:52,334 INFO Written out 62800000 reads
2021-04-14 14:09:30,681 INFO Written out 62900000 reads
2021-04-14 14:09:41,307 INFO Parsed 80000000 input reads
2021-04-14 14:10:00,186 INFO Written out 63000000 reads
2021-04-14 14:10:11,433 INFO Written out 63100000 reads
2021-04-14 14:10:32,277 INFO Written out 63200000 reads
2021-04-14 14:11:01,926 INFO Written out 63300000 reads
2021-04-14 14:11:31,602 INFO Written out 63400000 reads
2021-04-14 14:12:01,619 INFO Written out 63500000 reads
2021-04-14 14:12:22,521 INFO Written out 63600000 reads
2021-04-14 14:12:52,539 INFO Written out 63700000 reads
2021-04-14 14:13:07,863 INFO Parsed 81000000 input reads
2021-04-14 14:13:22,432 INFO Written out 63800000 reads
2021-04-14 14:13:43,331 INFO Written out 63900000 reads
2021-04-14 14:14:13,448 INFO Written out 64000000 reads
2021-04-14 14:14:43,627 INFO Written out 64100000 reads
2021-04-14 14:15:09,584 INFO Written out 64200000 reads
2021-04-14 14:15:35,635 INFO Written out 64300000 reads
2021-04-14 14:16:06,326 INFO Written out 64400000 reads
2021-04-14 14:16:36,699 INFO Written out 64500000 reads
2021-04-14 14:16:52,160 INFO Parsed 82000000 input reads
2021-04-14 14:17:02,759 INFO Written out 64600000 reads
2021-04-14 14:17:28,795 INFO Written out 64700000 reads
2021-04-14 14:17:54,667 INFO Written out 64800000 reads
2021-04-14 14:18:25,204 INFO Written out 64900000 reads
2021-04-14 14:19:01,061 INFO Written out 65000000 reads
2021-04-14 14:19:22,562 INFO Written out 65100000 reads
2021-04-14 14:20:20,337 INFO Written out 65200000 reads
2021-04-14 14:20:41,210 INFO Written out 65300000 reads
2021-04-14 14:20:55,864 INFO Parsed 83000000 input reads
2021-04-14 14:21:11,319 INFO Written out 65400000 reads
2021-04-14 14:21:45,876 INFO Written out 65500000 reads
2021-04-14 14:22:06,706 INFO Written out 65600000 reads
2021-04-14 14:22:32,786 INFO Written out 65700000 reads
2021-04-14 14:23:02,883 INFO Written out 65800000 reads
2021-04-14 14:23:28,709 INFO Written out 65900000 reads
2021-04-14 14:23:54,515 INFO Written out 66000000 reads
2021-04-14 14:24:24,814 INFO Written out 66100000 reads
2021-04-14 14:24:34,798 INFO Parsed 84000000 input reads
2021-04-14 14:24:54,838 INFO Written out 66200000 reads
2021-04-14 14:25:24,727 INFO Written out 66300000 reads
2021-04-14 14:25:50,164 INFO Written out 66400000 reads
2021-04-14 14:26:20,040 INFO Written out 66500000 reads
2021-04-14 14:26:46,124 INFO Written out 66600000 reads
2021-04-14 14:27:16,321 INFO Written out 66700000 reads
2021-04-14 14:27:42,352 INFO Written out 66800000 reads
2021-04-14 14:28:22,215 INFO Written out 66900000 reads
2021-04-14 14:28:22,632 INFO Parsed 85000000 input reads
2021-04-14 14:28:38,817 INFO Written out 67000000 reads
2021-04-14 14:29:04,838 INFO Written out 67100000 reads
2021-04-14 14:29:35,457 INFO Written out 67200000 reads
2021-04-14 14:30:01,509 INFO Written out 67300000 reads
2021-04-14 14:30:23,184 INFO Written out 67400000 reads
2021-04-14 14:30:49,186 INFO Written out 67500000 reads
2021-04-14 14:31:15,231 INFO Written out 67600000 reads
2021-04-14 14:31:41,411 INFO Written out 67700000 reads
2021-04-14 14:31:41,574 INFO Parsed 86000000 input reads
2021-04-14 14:32:16,952 INFO Written out 67800000 reads
2021-04-14 14:32:38,355 INFO Written out 67900000 reads
2021-04-14 14:33:05,179 INFO Written out 68000000 reads
2021-04-14 14:34:03,574 INFO Written out 68100000 reads
2021-04-14 14:34:30,899 INFO Written out 68200000 reads
2021-04-14 14:34:58,368 INFO Written out 68300000 reads
2021-04-14 14:35:25,903 INFO Written out 68400000 reads
2021-04-14 14:35:53,240 INFO Parsed 87000000 input reads
2021-04-14 14:35:53,435 INFO Written out 68500000 reads
2021-04-14 14:36:26,027 INFO Written out 68600000 reads
2021-04-14 14:36:54,609 INFO Written out 68700000 reads
2021-04-14 14:37:28,104 INFO Written out 68800000 reads
2021-04-14 14:38:02,536 INFO Written out 68900000 reads
2021-04-14 14:38:30,980 INFO Written out 69000000 reads
2021-04-14 14:39:10,449 INFO Written out 69100000 reads
2021-04-14 14:39:33,921 INFO Written out 69200000 reads
2021-04-14 14:39:57,301 INFO Parsed 88000000 input reads
2021-04-14 14:40:03,220 INFO Written out 69300000 reads
2021-04-14 14:40:36,935 INFO Written out 69400000 reads
2021-04-14 14:41:05,797 INFO Written out 69500000 reads
2021-04-14 14:41:30,261 INFO Written out 69600000 reads
2021-04-14 14:42:04,635 INFO Written out 69700000 reads
2021-04-14 14:42:33,856 INFO Written out 69800000 reads
2021-04-14 14:43:03,149 INFO Written out 69900000 reads
2021-04-14 14:43:32,672 INFO Written out 70000000 reads
2021-04-14 14:44:01,832 INFO Parsed 89000000 input reads
2021-04-14 14:44:07,726 INFO Written out 70100000 reads
2021-04-14 14:44:31,811 INFO Written out 70200000 reads
2021-04-14 14:48:16,799 INFO Written out 70300000 reads
2021-04-14 14:48:19,191 INFO Written out 70400000 reads
2021-04-14 14:48:22,397 INFO Written out 70500000 reads
2021-04-14 14:48:24,681 INFO Written out 70600000 reads
2021-04-14 14:48:26,859 INFO Written out 70700000 reads
2021-04-14 14:48:29,070 INFO Written out 70800000 reads
2021-04-14 14:48:30,767 INFO Parsed 90000000 input reads
2021-04-14 14:48:31,699 INFO Written out 70900000 reads
2021-04-14 14:48:33,954 INFO Written out 71000000 reads
2021-04-14 14:48:36,137 INFO Written out 71100000 reads
2021-04-14 14:48:41,979 INFO Written out 71200000 reads
2021-04-14 14:48:44,291 INFO Written out 71300000 reads
2021-04-14 14:48:47,103 INFO Written out 71400000 reads
2021-04-14 14:48:50,215 INFO Written out 71500000 reads
2021-04-14 14:48:53,531 INFO Written out 71600000 reads
2021-04-14 14:48:54,671 INFO Parsed 91000000 input reads
2021-04-14 14:48:58,545 INFO Written out 71700000 reads
2021-04-14 14:49:03,742 INFO Written out 71800000 reads
2021-04-14 14:49:09,397 INFO Written out 71900000 reads
2021-04-14 14:49:13,864 INFO Written out 72000000 reads
2021-04-14 14:49:18,110 INFO Written out 72100000 reads
2021-04-14 14:49:27,114 INFO Written out 72200000 reads
2021-04-14 14:49:32,470 INFO Written out 72300000 reads
2021-04-14 14:49:35,890 INFO Parsed 92000000 input reads
2021-04-14 14:49:36,165 INFO Written out 72400000 reads
2021-04-14 14:49:39,979 INFO Written out 72500000 reads
2021-04-14 14:49:47,178 INFO Written out 72600000 reads
2021-04-14 14:49:52,108 INFO Written out 72700000 reads
2021-04-14 14:49:59,556 INFO Written out 72800000 reads
2021-04-14 14:50:04,185 INFO Written out 72900000 reads
2021-04-14 14:50:07,936 INFO Written out 73000000 reads
2021-04-14 14:50:11,191 INFO Written out 73100000 reads
2021-04-14 14:50:13,121 INFO Parsed 93000000 input reads
2021-04-14 14:50:14,722 INFO Written out 73200000 reads
2021-04-14 14:50:19,686 INFO Written out 73300000 reads
2021-04-14 14:50:23,408 INFO Written out 73400000 reads
2021-04-14 14:50:26,389 INFO Written out 73500000 reads
2021-04-14 14:50:30,107 INFO Written out 73600000 reads
2021-04-14 14:50:34,467 INFO Written out 73700000 reads
2021-04-14 14:50:37,583 INFO Written out 73800000 reads
2021-04-14 14:50:41,000 INFO Written out 73900000 reads
2021-04-14 14:50:42,292 INFO Parsed 94000000 input reads
2021-04-14 14:50:44,255 INFO Written out 74000000 reads
2021-04-14 14:50:49,224 INFO Written out 74100000 reads
2021-04-14 14:50:55,580 INFO Written out 74200000 reads
2021-04-14 14:51:00,421 INFO Written out 74300000 reads
2021-04-14 14:51:04,497 INFO Written out 74400000 reads
2021-04-14 14:51:09,839 INFO Written out 74500000 reads
2021-04-14 14:51:12,955 INFO Written out 74600000 reads
2021-04-14 14:51:15,158 INFO Parsed 95000000 input reads
2021-04-14 14:51:15,170 INFO Written out 74700000 reads
2021-04-14 14:51:17,357 INFO Written out 74800000 reads
2021-04-14 14:51:20,330 INFO Written out 74900000 reads
2021-04-14 14:51:22,637 INFO Written out 75000000 reads
2021-04-14 14:51:24,754 INFO Written out 75100000 reads
2021-04-14 14:51:26,895 INFO Written out 75200000 reads
2021-04-14 14:51:28,985 INFO Written out 75300000 reads
2021-04-14 14:51:33,597 INFO Written out 75400000 reads
2021-04-14 14:51:35,778 INFO Parsed 96000000 input reads
2021-04-14 14:51:36,106 INFO Written out 75500000 reads
2021-04-14 14:51:38,583 INFO Written out 75600000 reads
2021-04-14 14:51:40,970 INFO Written out 75700000 reads
2021-04-14 14:52:35,568 INFO Written out 75800000 reads
2021-04-14 14:52:40,977 INFO Written out 75900000 reads
2021-04-14 14:52:46,317 INFO Written out 76000000 reads
2021-04-14 14:52:59,096 INFO Written out 76100000 reads
2021-04-14 14:53:31,070 INFO Written out 76200000 reads
2021-04-14 14:53:57,330 INFO Parsed 97000000 input reads
2021-04-14 14:54:26,712 INFO Written out 76300000 reads
2021-04-14 14:54:28,785 INFO Written out 76400000 reads
2021-04-14 14:54:51,187 INFO Written out 76500000 reads
2021-04-14 14:55:25,532 INFO Written out 76600000 reads
2021-04-14 14:55:59,072 INFO Written out 76700000 reads
2021-04-14 14:55:59,796 INFO Searching for mates for 0 unmatched alignments
2021-04-14 15:00:41,299 INFO 0 mates never found
2021-04-14 15:18:24,633 INFO Reads: Input Reads: 97567118, Read pairs: 97567118, Read 2 unmapped: 6006
2021-04-14 15:18:24,648 INFO Number of reads out: 76708913
2021-04-14 15:18:24,648 INFO Total number of positions deduplicated: 60970209
2021-04-14 15:18:24,648 INFO Mean number of unique UMIs per position: 1.27
2021-04-14 15:18:24,649 INFO Max. number of unique UMIs per position: 4215
# job finished in 15181 seconds at Wed Apr 14 15:18:24 2021 -- 14788.03 315.40  0.00  0.00 -- de00b604-11fc-4628-b9b0-b3935d2af5d5
