# UMI-tools version: 1.1.1
# output generated by dedup -I 03_alignedData/bam/19_KB_C3Aligned.sortedByCoord.out.bam -L 04_dedupUmis/log/19_KB_C3.log -S 04_dedupUmis/bam/19_KB_C3.bam --umi-separator=: --temp-dir=. --paired --output-stats=04_dedupUmis/log/19_KB_C3
# job started at Wed Apr 14 11:05:24 2021 on r25-n13 -- bb314412-2667-4c4c-b21f-da199095296f
# pid: 212165, system: Linux 3.10.0-1062.9.1.el7.x86_64 #1 SMP Mon Dec 2 08:31:54 EST 2019 x86_64
# assigned_tag                            : None
# cell_tag                                : None
# cell_tag_delim                          : None
# cell_tag_split                          : -
# chimeric_pairs                          : use
# chrom                                   : None
# compresslevel                           : 6
# detection_method                        : None
# filter_umi                              : None
# gene_tag                                : None
# gene_transcript_map                     : None
# get_umi_method                          : read_id
# ignore_tlen                             : False
# ignore_umi                              : False
# in_sam                                  : False
# log2stderr                              : False
# loglevel                                : 1
# mapping_quality                         : 0
# method                                  : directional
# no_sort_output                          : False
# out_sam                                 : False
# output_unmapped                         : False
# paired                                  : True
# per_cell                                : False
# per_contig                              : False
# per_gene                                : False
# random_seed                             : None
# read_length                             : False
# short_help                              : None
# skip_regex                              : ^(__|Unassigned)
# soft_clip_threshold                     : 4
# spliced                                 : False
# stats                                   : 04_dedupUmis/log/19_KB_C3
# stderr                                  : <_io.TextIOWrapper name='<stderr>' mode='w' encoding='UTF-8'>
# stdin                                   : <_io.TextIOWrapper name='03_alignedData/bam/19_KB_C3Aligned.sortedByCoord.out.bam' mode='r' encoding='UTF-8'>
# stdlog                                  : <_io.TextIOWrapper name='04_dedupUmis/log/19_KB_C3.log' mode='a' encoding='UTF-8'>
# stdout                                  : <_io.TextIOWrapper name='04_dedupUmis/bam/19_KB_C3.bam' mode='w' encoding='UTF-8'>
# subset                                  : None
# threshold                               : 1
# timeit_file                             : None
# timeit_header                           : None
# timeit_name                             : all
# tmpdir                                  : .
# umi_sep                                 : :
# umi_tag                                 : RX
# umi_tag_delim                           : None
# umi_tag_split                           : None
# umi_whitelist                           : None
# umi_whitelist_paired                    : None
# unmapped_reads                          : discard
# unpaired_reads                          : use
# whole_contig                            : False
2021-04-14 11:05:24,012 WARNING Chimeric read pairs are being used. Some read pair UMIs may be grouped/deduplicated using just the mapping coordinates from read1.This may also increase the run time and memory usage. Consider --chimeric-pairs==discard to discard these reads or --chimeric-pairs==output (group command only) to output them without grouping
2021-04-14 11:05:24,012 WARNING Unpaired read pairs are being used. Some read pair UMIs may be grouped/deduplicated using just the mapping coordinates from read1.This may also increase the run time and memory usage. Consider --unpared-reads==discard to discard these reads or --unpared-reads==output (group command only) to output them without grouping
2021-04-14 11:05:24,012 INFO command: dedup -I 03_alignedData/bam/19_KB_C3Aligned.sortedByCoord.out.bam -L 04_dedupUmis/log/19_KB_C3.log -S 04_dedupUmis/bam/19_KB_C3.bam --umi-separator=: --temp-dir=. --paired --output-stats=04_dedupUmis/log/19_KB_C3
2021-04-14 11:10:55,500 INFO total_umis 81806603
2021-04-14 11:10:55,521 INFO #umis 66055
2021-04-14 11:15:02,023 INFO Written out 100000 reads
2021-04-14 11:15:06,377 INFO Written out 200000 reads
2021-04-14 11:15:11,113 INFO Written out 300000 reads
2021-04-14 11:15:16,303 INFO Written out 400000 reads
2021-04-14 11:15:20,804 INFO Written out 500000 reads
2021-04-14 11:15:26,046 INFO Written out 600000 reads
2021-04-14 11:15:30,677 INFO Written out 700000 reads
2021-04-14 11:15:35,727 INFO Written out 800000 reads
2021-04-14 11:15:38,620 INFO Parsed 1000000 input reads
2021-04-14 11:15:41,118 INFO Written out 900000 reads
2021-04-14 11:15:47,181 INFO Written out 1000000 reads
2021-04-14 11:15:52,338 INFO Written out 1100000 reads
2021-04-14 11:15:58,345 INFO Written out 1200000 reads
2021-04-14 11:16:04,039 INFO Written out 1300000 reads
2021-04-14 11:16:10,022 INFO Written out 1400000 reads
2021-04-14 11:16:16,519 INFO Written out 1500000 reads
2021-04-14 11:16:22,825 INFO Written out 1600000 reads
2021-04-14 11:16:28,670 INFO Written out 1700000 reads
2021-04-14 11:16:30,182 INFO Parsed 2000000 input reads
2021-04-14 11:16:35,686 INFO Written out 1800000 reads
2021-04-14 11:16:42,607 INFO Written out 1900000 reads
2021-04-14 11:16:49,384 INFO Written out 2000000 reads
2021-04-14 11:16:56,302 INFO Written out 2100000 reads
2021-04-14 11:17:03,174 INFO Written out 2200000 reads
2021-04-14 11:17:10,631 INFO Written out 2300000 reads
2021-04-14 11:17:17,257 INFO Written out 2400000 reads
2021-04-14 11:17:25,024 INFO Written out 2500000 reads
2021-04-14 11:17:29,878 INFO Parsed 3000000 input reads
2021-04-14 11:17:34,114 INFO Written out 2600000 reads
2021-04-14 11:17:38,666 INFO Written out 2700000 reads
2021-04-14 11:18:10,130 INFO Written out 2800000 reads
2021-04-14 11:18:16,691 INFO Written out 2900000 reads
2021-04-14 11:18:22,620 INFO Written out 3000000 reads
2021-04-14 11:18:29,145 INFO Written out 3100000 reads
2021-04-14 11:18:35,348 INFO Written out 3200000 reads
2021-04-14 11:18:41,271 INFO Written out 3300000 reads
2021-04-14 11:18:47,942 INFO Written out 3400000 reads
2021-04-14 11:18:49,403 INFO Parsed 4000000 input reads
2021-04-14 11:18:54,175 INFO Written out 3500000 reads
2021-04-14 11:19:01,585 INFO Written out 3600000 reads
2021-04-14 11:19:08,178 INFO Written out 3700000 reads
2021-04-14 11:19:15,502 INFO Written out 3800000 reads
2021-04-14 11:19:24,773 INFO Written out 3900000 reads
2021-04-14 11:19:31,379 INFO Written out 4000000 reads
2021-04-14 11:19:37,126 INFO Written out 4100000 reads
2021-04-14 11:19:45,172 INFO Written out 4200000 reads
2021-04-14 11:19:50,287 INFO Parsed 5000000 input reads
2021-04-14 11:19:52,625 INFO Written out 4300000 reads
2021-04-14 11:19:59,992 INFO Written out 4400000 reads
2021-04-14 11:20:07,303 INFO Written out 4500000 reads
2021-04-14 11:20:14,694 INFO Written out 4600000 reads
2021-04-14 11:20:22,339 INFO Written out 4700000 reads
2021-04-14 11:20:31,114 INFO Written out 4800000 reads
2021-04-14 11:20:38,085 INFO Written out 4900000 reads
2021-04-14 11:20:46,312 INFO Written out 5000000 reads
2021-04-14 11:20:56,571 INFO Written out 5100000 reads
2021-04-14 11:20:57,211 INFO Parsed 6000000 input reads
2021-04-14 11:21:02,675 INFO Written out 5200000 reads
2021-04-14 11:21:31,296 INFO Written out 5300000 reads
2021-04-14 11:21:38,695 INFO Written out 5400000 reads
2021-04-14 11:21:45,474 INFO Written out 5500000 reads
2021-04-14 11:21:52,475 INFO Written out 5600000 reads
2021-04-14 11:21:59,820 INFO Written out 5700000 reads
2021-04-14 11:22:07,273 INFO Written out 5800000 reads
2021-04-14 11:22:15,872 INFO Written out 5900000 reads
2021-04-14 11:22:21,846 INFO Parsed 7000000 input reads
2021-04-14 11:22:23,448 INFO Written out 6000000 reads
2021-04-14 11:22:31,386 INFO Written out 6100000 reads
2021-04-14 11:22:39,327 INFO Written out 6200000 reads
2021-04-14 11:22:47,363 INFO Written out 6300000 reads
2021-04-14 11:22:56,374 INFO Written out 6400000 reads
2021-04-14 11:23:04,493 INFO Written out 6500000 reads
2021-04-14 11:23:12,663 INFO Written out 6600000 reads
2021-04-14 11:23:21,128 INFO Written out 6700000 reads
2021-04-14 11:23:30,195 INFO Written out 6800000 reads
2021-04-14 11:23:33,500 INFO Parsed 8000000 input reads
2021-04-14 11:23:39,438 INFO Written out 6900000 reads
2021-04-14 11:23:47,945 INFO Written out 7000000 reads
2021-04-14 11:23:56,685 INFO Written out 7100000 reads
2021-04-14 11:24:06,281 INFO Written out 7200000 reads
2021-04-14 11:24:15,360 INFO Written out 7300000 reads
2021-04-14 11:24:24,258 INFO Written out 7400000 reads
2021-04-14 11:24:33,610 INFO Written out 7500000 reads
2021-04-14 11:25:05,102 INFO Written out 7600000 reads
2021-04-14 11:25:12,859 INFO Parsed 9000000 input reads
2021-04-14 11:25:13,055 INFO Written out 7700000 reads
2021-04-14 11:25:21,912 INFO Written out 7800000 reads
2021-04-14 11:25:31,074 INFO Written out 7900000 reads
2021-04-14 11:25:40,241 INFO Written out 8000000 reads
2021-04-14 11:25:48,136 INFO Written out 8100000 reads
2021-04-14 11:25:56,699 INFO Written out 8200000 reads
2021-04-14 11:26:06,338 INFO Written out 8300000 reads
2021-04-14 11:26:16,445 INFO Written out 8400000 reads
2021-04-14 11:26:26,681 INFO Written out 8500000 reads
2021-04-14 11:26:28,900 INFO Parsed 10000000 input reads
2021-04-14 11:26:39,131 INFO Written out 8600000 reads
2021-04-14 11:26:41,996 INFO Written out 8700000 reads
2021-04-14 11:26:49,824 INFO Written out 8800000 reads
2021-04-14 11:26:59,763 INFO Written out 8900000 reads
2021-04-14 11:27:09,205 INFO Written out 9000000 reads
2021-04-14 11:27:19,501 INFO Written out 9100000 reads
2021-04-14 11:27:28,976 INFO Written out 9200000 reads
2021-04-14 11:27:38,775 INFO Written out 9300000 reads
2021-04-14 11:27:47,407 INFO Written out 9400000 reads
2021-04-14 11:27:48,910 INFO Parsed 11000000 input reads
2021-04-14 11:28:16,119 INFO Written out 9500000 reads
2021-04-14 11:28:26,021 INFO Written out 9600000 reads
2021-04-14 11:28:34,548 INFO Written out 9700000 reads
2021-04-14 11:28:44,317 INFO Written out 9800000 reads
2021-04-14 11:28:53,502 INFO Written out 9900000 reads
2021-04-14 11:29:04,357 INFO Written out 10000000 reads
2021-04-14 11:29:12,225 INFO Written out 10100000 reads
2021-04-14 11:29:21,769 INFO Written out 10200000 reads
2021-04-14 11:29:27,530 INFO Parsed 12000000 input reads
2021-04-14 11:29:31,299 INFO Written out 10300000 reads
2021-04-14 11:29:42,020 INFO Written out 10400000 reads
2021-04-14 11:29:51,947 INFO Written out 10500000 reads
2021-04-14 11:30:02,931 INFO Written out 10600000 reads
2021-04-14 11:30:14,571 INFO Written out 10700000 reads
2021-04-14 11:30:24,497 INFO Written out 10800000 reads
2021-04-14 11:30:35,866 INFO Written out 10900000 reads
2021-04-14 11:30:45,940 INFO Written out 11000000 reads
2021-04-14 11:30:55,689 INFO Written out 11100000 reads
2021-04-14 11:30:57,782 INFO Parsed 13000000 input reads
2021-04-14 11:31:05,974 INFO Written out 11200000 reads
2021-04-14 11:31:18,182 INFO Written out 11300000 reads
2021-04-14 11:31:28,789 INFO Written out 11400000 reads
2021-04-14 11:31:40,540 INFO Written out 11500000 reads
2021-04-14 11:31:52,712 INFO Written out 11600000 reads
2021-04-14 11:32:01,864 INFO Written out 11700000 reads
2021-04-14 11:32:13,012 INFO Written out 11800000 reads
2021-04-14 11:32:46,625 INFO Written out 11900000 reads
2021-04-14 11:32:52,531 INFO Parsed 14000000 input reads
2021-04-14 11:32:58,685 INFO Written out 12000000 reads
2021-04-14 11:33:05,641 INFO Written out 12100000 reads
2021-04-14 11:33:15,608 INFO Written out 12200000 reads
2021-04-14 11:33:25,852 INFO Written out 12300000 reads
2021-04-14 11:33:36,253 INFO Written out 12400000 reads
2021-04-14 11:33:46,695 INFO Written out 12500000 reads
2021-04-14 11:33:58,459 INFO Written out 12600000 reads
2021-04-14 11:34:09,389 INFO Written out 12700000 reads
2021-04-14 11:34:23,087 INFO Written out 12800000 reads
2021-04-14 11:34:23,939 INFO Parsed 15000000 input reads
2021-04-14 11:34:31,697 INFO Written out 12900000 reads
2021-04-14 11:34:42,409 INFO Written out 13000000 reads
2021-04-14 11:34:53,721 INFO Written out 13100000 reads
2021-04-14 11:35:03,405 INFO Written out 13200000 reads
2021-04-14 11:35:11,241 INFO Written out 13300000 reads
2021-04-14 11:35:20,195 INFO Written out 13400000 reads
2021-04-14 11:35:28,229 INFO Written out 13500000 reads
2021-04-14 11:35:36,160 INFO Written out 13600000 reads
2021-04-14 11:35:43,917 INFO Parsed 16000000 input reads
2021-04-14 11:35:45,203 INFO Written out 13700000 reads
2021-04-14 11:35:56,007 INFO Written out 13800000 reads
2021-04-14 11:35:59,402 INFO Written out 13900000 reads
2021-04-14 11:36:08,753 INFO Written out 14000000 reads
2021-04-14 11:36:26,731 INFO Written out 14100000 reads
2021-04-14 11:36:28,553 INFO Written out 14200000 reads
2021-04-14 11:36:30,476 INFO Written out 14300000 reads
2021-04-14 11:36:37,146 INFO Written out 14400000 reads
2021-04-14 11:36:44,573 INFO Written out 14500000 reads
2021-04-14 11:36:49,205 INFO Parsed 17000000 input reads
2021-04-14 11:36:57,066 INFO Written out 14600000 reads
2021-04-14 11:37:01,886 INFO Written out 14700000 reads
2021-04-14 11:37:30,077 INFO Written out 14800000 reads
2021-04-14 11:37:39,378 INFO Written out 14900000 reads
2021-04-14 11:37:47,711 INFO Written out 15000000 reads
2021-04-14 11:37:55,110 INFO Written out 15100000 reads
2021-04-14 11:38:04,646 INFO Written out 15200000 reads
2021-04-14 11:38:13,216 INFO Written out 15300000 reads
2021-04-14 11:38:21,592 INFO Parsed 18000000 input reads
2021-04-14 11:38:22,941 INFO Written out 15400000 reads
2021-04-14 11:38:31,628 INFO Written out 15500000 reads
2021-04-14 11:38:40,348 INFO Written out 15600000 reads
2021-04-14 11:38:50,349 INFO Written out 15700000 reads
2021-04-14 11:38:59,116 INFO Written out 15800000 reads
2021-04-14 11:39:09,146 INFO Written out 15900000 reads
2021-04-14 11:39:18,110 INFO Written out 16000000 reads
2021-04-14 11:39:28,289 INFO Written out 16100000 reads
2021-04-14 11:39:38,587 INFO Written out 16200000 reads
2021-04-14 11:39:43,975 INFO Parsed 19000000 input reads
2021-04-14 11:39:46,394 INFO Written out 16300000 reads
2021-04-14 11:39:56,727 INFO Written out 16400000 reads
2021-04-14 11:40:06,039 INFO Written out 16500000 reads
2021-04-14 11:40:15,254 INFO Written out 16600000 reads
2021-04-14 11:40:24,694 INFO Written out 16700000 reads
2021-04-14 11:40:52,217 INFO Written out 16800000 reads
2021-04-14 11:41:02,268 INFO Written out 16900000 reads
2021-04-14 11:41:12,376 INFO Written out 17000000 reads
2021-04-14 11:41:22,726 INFO Written out 17100000 reads
2021-04-14 11:41:24,327 INFO Parsed 20000000 input reads
2021-04-14 11:41:34,259 INFO Written out 17200000 reads
2021-04-14 11:41:44,583 INFO Written out 17300000 reads
2021-04-14 11:41:54,834 INFO Written out 17400000 reads
2021-04-14 11:42:06,520 INFO Written out 17500000 reads
2021-04-14 11:42:18,309 INFO Written out 17600000 reads
2021-04-14 11:42:27,373 INFO Written out 17700000 reads
2021-04-14 11:42:39,399 INFO Written out 17800000 reads
2021-04-14 11:42:50,044 INFO Written out 17900000 reads
2021-04-14 11:42:58,034 INFO Parsed 21000000 input reads
2021-04-14 11:43:00,779 INFO Written out 18000000 reads
2021-04-14 11:43:15,741 INFO Written out 18100000 reads
2021-04-14 11:43:27,234 INFO Written out 18200000 reads
2021-04-14 11:43:40,530 INFO Written out 18300000 reads
2021-04-14 11:43:52,141 INFO Written out 18400000 reads
2021-04-14 11:44:05,405 INFO Written out 18500000 reads
2021-04-14 11:44:16,964 INFO Written out 18600000 reads
2021-04-14 11:44:29,007 INFO Written out 18700000 reads
2021-04-14 11:44:41,269 INFO Written out 18800000 reads
2021-04-14 11:44:45,377 INFO Parsed 22000000 input reads
2021-04-14 11:44:55,011 INFO Written out 18900000 reads
2021-04-14 11:45:13,598 INFO Written out 19000000 reads
2021-04-14 11:45:17,890 INFO Written out 19100000 reads
2021-04-14 11:45:32,056 INFO Written out 19200000 reads
2021-04-14 11:45:42,699 INFO Written out 19300000 reads
2021-04-14 11:45:57,190 INFO Written out 19400000 reads
2021-04-14 11:46:09,881 INFO Written out 19500000 reads
2021-04-14 11:46:24,545 INFO Written out 19600000 reads
2021-04-14 11:46:58,180 INFO Parsed 23000000 input reads
2021-04-14 11:47:00,521 INFO Written out 19700000 reads
2021-04-14 11:47:12,443 INFO Written out 19800000 reads
2021-04-14 11:47:26,055 INFO Written out 19900000 reads
2021-04-14 11:47:34,444 INFO Written out 20000000 reads
2021-04-14 11:47:48,496 INFO Written out 20100000 reads
2021-04-14 11:48:00,401 INFO Written out 20200000 reads
2021-04-14 11:48:12,921 INFO Written out 20300000 reads
2021-04-14 11:48:26,678 INFO Written out 20400000 reads
2021-04-14 11:48:41,268 INFO Written out 20500000 reads
2021-04-14 11:48:46,103 INFO Parsed 24000000 input reads
2021-04-14 11:48:53,674 INFO Written out 20600000 reads
2021-04-14 11:49:06,446 INFO Written out 20700000 reads
2021-04-14 11:49:22,680 INFO Written out 20800000 reads
2021-04-14 11:49:33,452 INFO Written out 20900000 reads
2021-04-14 11:49:48,040 INFO Written out 21000000 reads
2021-04-14 11:50:01,103 INFO Written out 21100000 reads
2021-04-14 11:50:14,010 INFO Written out 21200000 reads
2021-04-14 11:50:27,181 INFO Written out 21300000 reads
2021-04-14 11:50:42,253 INFO Parsed 25000000 input reads
2021-04-14 11:50:42,545 INFO Written out 21400000 reads
2021-04-14 11:50:55,806 INFO Written out 21500000 reads
2021-04-14 11:51:11,356 INFO Written out 21600000 reads
2021-04-14 11:51:24,866 INFO Written out 21700000 reads
2021-04-14 11:51:58,091 INFO Written out 21800000 reads
2021-04-14 11:52:08,549 INFO Written out 21900000 reads
2021-04-14 11:52:21,431 INFO Written out 22000000 reads
2021-04-14 11:52:35,950 INFO Written out 22100000 reads
2021-04-14 11:52:48,995 INFO Written out 22200000 reads
2021-04-14 11:52:54,296 INFO Parsed 26000000 input reads
2021-04-14 11:53:03,803 INFO Written out 22300000 reads
2021-04-14 11:53:16,868 INFO Written out 22400000 reads
2021-04-14 11:53:30,225 INFO Written out 22500000 reads
2021-04-14 11:53:45,195 INFO Written out 22600000 reads
2021-04-14 11:53:56,679 INFO Written out 22700000 reads
2021-04-14 11:54:09,856 INFO Written out 22800000 reads
2021-04-14 11:54:23,306 INFO Written out 22900000 reads
2021-04-14 11:54:38,706 INFO Written out 23000000 reads
2021-04-14 11:54:52,486 INFO Parsed 27000000 input reads
2021-04-14 11:54:52,551 INFO Written out 23100000 reads
2021-04-14 11:55:06,199 INFO Written out 23200000 reads
2021-04-14 11:55:22,020 INFO Written out 23300000 reads
2021-04-14 11:55:35,966 INFO Written out 23400000 reads
2021-04-14 11:55:51,846 INFO Written out 23500000 reads
2021-04-14 11:56:06,204 INFO Written out 23600000 reads
2021-04-14 11:56:42,695 INFO Written out 23700000 reads
2021-04-14 11:56:53,455 INFO Written out 23800000 reads
2021-04-14 11:57:08,893 INFO Written out 23900000 reads
2021-04-14 11:57:16,623 INFO Parsed 28000000 input reads
2021-04-14 11:57:22,223 INFO Written out 24000000 reads
2021-04-14 11:57:42,103 INFO Written out 24100000 reads
2021-04-14 11:57:51,044 INFO Written out 24200000 reads
2021-04-14 11:58:04,947 INFO Written out 24300000 reads
2021-04-14 11:58:20,509 INFO Written out 24400000 reads
2021-04-14 11:58:32,263 INFO Written out 24500000 reads
2021-04-14 11:58:48,314 INFO Written out 24600000 reads
2021-04-14 11:59:02,149 INFO Written out 24700000 reads
2021-04-14 11:59:18,292 INFO Written out 24800000 reads
2021-04-14 11:59:18,617 INFO Parsed 29000000 input reads
2021-04-14 11:59:31,985 INFO Written out 24900000 reads
2021-04-14 11:59:48,249 INFO Written out 25000000 reads
2021-04-14 12:00:02,014 INFO Written out 25100000 reads
2021-04-14 12:00:16,123 INFO Written out 25200000 reads
2021-04-14 12:00:39,113 INFO Written out 25300000 reads
2021-04-14 12:00:41,649 INFO Written out 25400000 reads
2021-04-14 12:00:48,963 INFO Written out 25500000 reads
2021-04-14 12:01:00,952 INFO Written out 25600000 reads
2021-04-14 12:01:06,871 INFO Parsed 30000000 input reads
2021-04-14 12:01:17,207 INFO Written out 25700000 reads
2021-04-14 12:01:33,921 INFO Written out 25800000 reads
2021-04-14 12:01:53,732 INFO Written out 25900000 reads
2021-04-14 12:02:01,011 INFO Written out 26000000 reads
2021-04-14 12:02:15,538 INFO Written out 26100000 reads
2021-04-14 12:02:32,301 INFO Written out 26200000 reads
2021-04-14 12:02:47,044 INFO Written out 26300000 reads
2021-04-14 12:03:01,897 INFO Written out 26400000 reads
2021-04-14 12:03:16,922 INFO Written out 26500000 reads
2021-04-14 12:03:19,619 INFO Parsed 31000000 input reads
2021-04-14 12:03:37,066 INFO Written out 26600000 reads
2021-04-14 12:03:57,876 INFO Written out 26700000 reads
2021-04-14 12:04:03,115 INFO Written out 26800000 reads
2021-04-14 12:04:18,899 INFO Written out 26900000 reads
2021-04-14 12:04:37,233 INFO Written out 27000000 reads
2021-04-14 12:05:22,246 INFO Written out 27100000 reads
2021-04-14 12:05:36,463 INFO Written out 27200000 reads
2021-04-14 12:05:53,028 INFO Written out 27300000 reads
2021-04-14 12:06:01,530 INFO Parsed 32000000 input reads
2021-04-14 12:06:07,319 INFO Written out 27400000 reads
2021-04-14 12:06:22,363 INFO Written out 27500000 reads
2021-04-14 12:06:37,159 INFO Written out 27600000 reads
2021-04-14 12:06:53,977 INFO Written out 27700000 reads
2021-04-14 12:07:16,930 INFO Written out 27800000 reads
2021-04-14 12:07:21,744 INFO Written out 27900000 reads
2021-04-14 12:07:38,878 INFO Written out 28000000 reads
2021-04-14 12:07:53,875 INFO Written out 28100000 reads
2021-04-14 12:08:11,403 INFO Written out 28200000 reads
2021-04-14 12:08:14,583 INFO Parsed 33000000 input reads
2021-04-14 12:08:26,714 INFO Written out 28300000 reads
2021-04-14 12:08:44,260 INFO Written out 28400000 reads
2021-04-14 12:08:59,563 INFO Written out 28500000 reads
2021-04-14 12:09:15,355 INFO Written out 28600000 reads
2021-04-14 12:09:33,276 INFO Written out 28700000 reads
2021-04-14 12:09:49,000 INFO Written out 28800000 reads
2021-04-14 12:10:07,151 INFO Written out 28900000 reads
2021-04-14 12:10:25,596 INFO Written out 29000000 reads
2021-04-14 12:10:38,324 INFO Parsed 34000000 input reads
2021-04-14 12:10:41,655 INFO Written out 29100000 reads
2021-04-14 12:10:57,103 INFO Written out 29200000 reads
2021-04-14 12:11:15,678 INFO Written out 29300000 reads
2021-04-14 12:11:23,741 INFO Written out 29400000 reads
2021-04-14 12:11:39,344 INFO Written out 29500000 reads
2021-04-14 12:11:57,624 INFO Written out 29600000 reads
2021-04-14 12:12:15,933 INFO Written out 29700000 reads
2021-04-14 12:12:32,086 INFO Written out 29800000 reads
2021-04-14 12:12:48,054 INFO Written out 29900000 reads
2021-04-14 12:12:54,072 INFO Parsed 35000000 input reads
2021-04-14 12:13:04,026 INFO Written out 30000000 reads
2021-04-14 12:13:22,813 INFO Written out 30100000 reads
2021-04-14 12:14:06,467 INFO Written out 30200000 reads
2021-04-14 12:14:21,472 INFO Written out 30300000 reads
2021-04-14 12:14:38,806 INFO Written out 30400000 reads
2021-04-14 12:14:56,677 INFO Written out 30500000 reads
2021-04-14 12:15:11,988 INFO Written out 30600000 reads
2021-04-14 12:15:27,209 INFO Written out 30700000 reads
2021-04-14 12:15:39,622 INFO Parsed 36000000 input reads
2021-04-14 12:15:42,527 INFO Written out 30800000 reads
2021-04-14 12:16:08,925 INFO Written out 30900000 reads
2021-04-14 12:16:11,140 INFO Written out 31000000 reads
2021-04-14 12:16:27,061 INFO Written out 31100000 reads
2021-04-14 12:16:42,712 INFO Written out 31200000 reads
2021-04-14 12:17:00,184 INFO Written out 31300000 reads
2021-04-14 12:17:17,946 INFO Written out 31400000 reads
2021-04-14 12:17:33,269 INFO Written out 31500000 reads
2021-04-14 12:17:51,271 INFO Written out 31600000 reads
2021-04-14 12:17:57,655 INFO Parsed 37000000 input reads
2021-04-14 12:18:06,964 INFO Written out 31700000 reads
2021-04-14 12:18:36,906 INFO Written out 31800000 reads
2021-04-14 12:18:39,206 INFO Written out 31900000 reads
2021-04-14 12:18:41,988 INFO Written out 32000000 reads
2021-04-14 12:18:57,948 INFO Written out 32100000 reads
2021-04-14 12:19:14,241 INFO Written out 32200000 reads
2021-04-14 12:19:35,688 INFO Written out 32300000 reads
2021-04-14 12:19:44,177 INFO Written out 32400000 reads
2021-04-14 12:20:03,060 INFO Parsed 38000000 input reads
2021-04-14 12:20:03,110 INFO Written out 32500000 reads
2021-04-14 12:20:19,688 INFO Written out 32600000 reads
2021-04-14 12:20:38,865 INFO Written out 32700000 reads
2021-04-14 12:20:47,588 INFO Written out 32800000 reads
2021-04-14 12:21:04,407 INFO Written out 32900000 reads
2021-04-14 12:21:46,051 INFO Written out 33000000 reads
2021-04-14 12:22:02,045 INFO Written out 33100000 reads
2021-04-14 12:22:20,311 INFO Written out 33200000 reads
2021-04-14 12:22:38,978 INFO Written out 33300000 reads
2021-04-14 12:22:48,360 INFO Parsed 39000000 input reads
2021-04-14 12:22:52,233 INFO Written out 33400000 reads
2021-04-14 12:23:08,670 INFO Written out 33500000 reads
2021-04-14 12:23:30,309 INFO Written out 33600000 reads
2021-04-14 12:23:43,898 INFO Written out 33700000 reads
2021-04-14 12:24:02,832 INFO Written out 33800000 reads
2021-04-14 12:24:16,524 INFO Written out 33900000 reads
2021-04-14 12:24:36,022 INFO Written out 34000000 reads
2021-04-14 12:24:55,438 INFO Written out 34100000 reads
2021-04-14 12:25:10,111 INFO Written out 34200000 reads
2021-04-14 12:25:13,064 INFO Parsed 40000000 input reads
2021-04-14 12:25:29,532 INFO Written out 34300000 reads
2021-04-14 12:25:46,553 INFO Written out 34400000 reads
2021-04-14 12:26:06,353 INFO Written out 34500000 reads
2021-04-14 12:26:20,518 INFO Written out 34600000 reads
2021-04-14 12:26:37,767 INFO Written out 34700000 reads
2021-04-14 12:26:55,103 INFO Written out 34800000 reads
2021-04-14 12:27:15,378 INFO Written out 34900000 reads
2021-04-14 12:27:32,750 INFO Written out 35000000 reads
2021-04-14 12:27:46,549 INFO Parsed 41000000 input reads
2021-04-14 12:27:53,508 INFO Written out 35100000 reads
2021-04-14 12:28:14,425 INFO Written out 35200000 reads
2021-04-14 12:28:20,606 INFO Written out 35300000 reads
2021-04-14 12:28:41,419 INFO Written out 35400000 reads
2021-04-14 12:28:59,409 INFO Written out 35500000 reads
2021-04-14 12:29:17,526 INFO Written out 35600000 reads
2021-04-14 12:29:38,332 INFO Written out 35700000 reads
2021-04-14 12:30:23,160 INFO Written out 35800000 reads
2021-04-14 12:30:42,628 INFO Written out 35900000 reads
2021-04-14 12:30:45,932 INFO Parsed 42000000 input reads
2021-04-14 12:31:02,516 INFO Written out 36000000 reads
2021-04-14 12:31:22,925 INFO Written out 36100000 reads
2021-04-14 12:31:37,964 INFO Written out 36200000 reads
2021-04-14 12:31:58,395 INFO Written out 36300000 reads
2021-04-14 12:32:15,965 INFO Written out 36400000 reads
2021-04-14 12:32:39,240 INFO Written out 36500000 reads
2021-04-14 12:32:54,028 INFO Written out 36600000 reads
2021-04-14 12:33:14,711 INFO Written out 36700000 reads
2021-04-14 12:33:28,557 INFO Parsed 43000000 input reads
2021-04-14 12:33:32,514 INFO Written out 36800000 reads
2021-04-14 12:33:53,562 INFO Written out 36900000 reads
2021-04-14 12:34:11,359 INFO Written out 37000000 reads
2021-04-14 12:34:29,743 INFO Written out 37100000 reads
2021-04-14 12:34:47,842 INFO Written out 37200000 reads
2021-04-14 12:35:09,243 INFO Written out 37300000 reads
2021-04-14 12:35:27,646 INFO Written out 37400000 reads
2021-04-14 12:35:48,897 INFO Written out 37500000 reads
2021-04-14 12:36:25,840 INFO Written out 37600000 reads
2021-04-14 12:36:29,647 INFO Parsed 44000000 input reads
2021-04-14 12:36:43,465 INFO Written out 37700000 reads
2021-04-14 12:37:01,433 INFO Written out 37800000 reads
2021-04-14 12:37:24,926 INFO Written out 37900000 reads
2021-04-14 12:37:39,965 INFO Written out 38000000 reads
2021-04-14 12:38:00,329 INFO Written out 38100000 reads
2021-04-14 12:38:20,639 INFO Written out 38200000 reads
2021-04-14 12:38:38,337 INFO Written out 38300000 reads
2021-04-14 12:38:56,126 INFO Written out 38400000 reads
2021-04-14 12:39:10,789 INFO Parsed 45000000 input reads
2021-04-14 12:39:14,068 INFO Written out 38500000 reads
2021-04-14 12:39:34,727 INFO Written out 38600000 reads
2021-04-14 12:39:52,264 INFO Written out 38700000 reads
2021-04-14 12:40:13,245 INFO Written out 38800000 reads
2021-04-14 12:40:31,180 INFO Written out 38900000 reads
2021-04-14 12:40:49,073 INFO Written out 39000000 reads
2021-04-14 12:41:09,892 INFO Written out 39100000 reads
2021-04-14 12:41:28,065 INFO Written out 39200000 reads
2021-04-14 12:41:46,139 INFO Written out 39300000 reads
2021-04-14 12:41:53,488 INFO Parsed 46000000 input reads
2021-04-14 12:42:07,198 INFO Written out 39400000 reads
2021-04-14 12:42:32,444 INFO Written out 39500000 reads
2021-04-14 12:42:51,067 INFO Written out 39600000 reads
2021-04-14 12:42:53,234 INFO Written out 39700000 reads
2021-04-14 12:43:08,456 INFO Written out 39800000 reads
2021-04-14 12:43:30,178 INFO Written out 39900000 reads
2021-04-14 12:43:48,993 INFO Written out 40000000 reads
2021-04-14 12:44:07,425 INFO Written out 40100000 reads
2021-04-14 12:44:23,914 INFO Parsed 47000000 input reads
2021-04-14 12:44:23,920 INFO Written out 40200000 reads
2021-04-14 12:45:09,566 INFO Written out 40300000 reads
2021-04-14 12:45:27,551 INFO Written out 40400000 reads
2021-04-14 12:45:48,980 INFO Written out 40500000 reads
2021-04-14 12:46:07,123 INFO Written out 40600000 reads
2021-04-14 12:46:25,002 INFO Written out 40700000 reads
2021-04-14 12:46:43,050 INFO Written out 40800000 reads
2021-04-14 12:47:01,268 INFO Written out 40900000 reads
2021-04-14 12:47:19,590 INFO Written out 41000000 reads
2021-04-14 12:47:33,786 INFO Parsed 48000000 input reads
2021-04-14 12:47:41,456 INFO Written out 41100000 reads
2021-04-14 12:48:00,513 INFO Written out 41200000 reads
2021-04-14 12:48:19,821 INFO Written out 41300000 reads
2021-04-14 12:48:42,046 INFO Written out 41400000 reads
2021-04-14 12:49:00,873 INFO Written out 41500000 reads
2021-04-14 12:49:22,431 INFO Written out 41600000 reads
2021-04-14 12:49:41,243 INFO Written out 41700000 reads
2021-04-14 12:50:03,142 INFO Written out 41800000 reads
2021-04-14 12:50:35,967 INFO Written out 41900000 reads
2021-04-14 12:50:39,461 INFO Parsed 49000000 input reads
2021-04-14 12:50:55,175 INFO Written out 42000000 reads
2021-04-14 12:51:17,637 INFO Written out 42100000 reads
2021-04-14 12:51:37,390 INFO Written out 42200000 reads
2021-04-14 12:51:57,330 INFO Written out 42300000 reads
2021-04-14 12:52:16,973 INFO Written out 42400000 reads
2021-04-14 12:52:37,103 INFO Written out 42500000 reads
2021-04-14 12:53:01,094 INFO Written out 42600000 reads
2021-04-14 12:53:17,894 INFO Written out 42700000 reads
2021-04-14 12:53:33,590 INFO Parsed 50000000 input reads
2021-04-14 12:53:38,307 INFO Written out 42800000 reads
2021-04-14 12:54:05,811 INFO Written out 42900000 reads
2021-04-14 12:54:27,024 INFO Written out 43000000 reads
2021-04-14 12:54:48,728 INFO Written out 43100000 reads
2021-04-14 12:55:09,963 INFO Written out 43200000 reads
2021-04-14 12:55:31,706 INFO Written out 43300000 reads
2021-04-14 12:55:53,825 INFO Written out 43400000 reads
2021-04-14 12:56:22,502 INFO Written out 43500000 reads
2021-04-14 12:56:40,938 INFO Written out 43600000 reads
2021-04-14 12:56:49,490 INFO Parsed 51000000 input reads
2021-04-14 12:57:19,416 INFO Written out 43700000 reads
2021-04-14 12:57:22,471 INFO Written out 43800000 reads
2021-04-14 12:58:08,241 INFO Written out 43900000 reads
2021-04-14 12:58:30,802 INFO Written out 44000000 reads
2021-04-14 12:58:53,763 INFO Written out 44100000 reads
2021-04-14 12:59:21,609 INFO Written out 44200000 reads
2021-04-14 12:59:49,380 INFO Written out 44300000 reads
2021-04-14 13:00:12,875 INFO Written out 44400000 reads
2021-04-14 13:00:32,603 INFO Parsed 52000000 input reads
2021-04-14 13:00:37,415 INFO Written out 44500000 reads
2021-04-14 13:01:02,062 INFO Written out 44600000 reads
2021-04-14 13:01:35,963 INFO Written out 44700000 reads
2021-04-14 13:01:51,960 INFO Written out 44800000 reads
2021-04-14 13:02:21,752 INFO Written out 44900000 reads
2021-04-14 13:02:51,491 INFO Written out 45000000 reads
2021-04-14 13:03:25,544 INFO Written out 45100000 reads
2021-04-14 13:03:47,111 INFO Written out 45200000 reads
2021-04-14 13:04:13,791 INFO Written out 45300000 reads
2021-04-14 13:04:33,271 INFO Parsed 53000000 input reads
2021-04-14 13:04:44,269 INFO Written out 45400000 reads
2021-04-14 13:05:10,067 INFO Written out 45500000 reads
2021-04-14 13:05:41,048 INFO Written out 45600000 reads
2021-04-14 13:06:11,833 INFO Written out 45700000 reads
2021-04-14 13:06:37,696 INFO Written out 45800000 reads
2021-04-14 13:07:07,897 INFO Written out 45900000 reads
2021-04-14 13:07:38,875 INFO Written out 46000000 reads
2021-04-14 13:08:14,772 INFO Written out 46100000 reads
2021-04-14 13:08:36,454 INFO Parsed 54000000 input reads
2021-04-14 13:08:36,582 INFO Written out 46200000 reads
2021-04-14 13:09:07,645 INFO Written out 46300000 reads
2021-04-14 13:09:34,340 INFO Written out 46400000 reads
2021-04-14 13:10:16,518 INFO Written out 46500000 reads
2021-04-14 13:10:18,714 INFO Written out 46600000 reads
2021-04-14 13:10:37,069 INFO Written out 46700000 reads
2021-04-14 13:11:14,586 INFO Written out 46800000 reads
2021-04-14 13:11:37,302 INFO Written out 46900000 reads
2021-04-14 13:12:04,737 INFO Written out 47000000 reads
2021-04-14 13:12:21,202 INFO Parsed 55000000 input reads
2021-04-14 13:12:37,789 INFO Written out 47100000 reads
2021-04-14 13:13:05,470 INFO Written out 47200000 reads
2021-04-14 13:13:38,072 INFO Written out 47300000 reads
2021-04-14 13:14:06,541 INFO Written out 47400000 reads
2021-04-14 13:14:44,844 INFO Written out 47500000 reads
2021-04-14 13:15:49,616 INFO Written out 47600000 reads
2021-04-14 13:16:16,487 INFO Written out 47700000 reads
2021-04-14 13:16:42,588 INFO Written out 47800000 reads
2021-04-14 13:17:13,015 INFO Written out 47900000 reads
2021-04-14 13:17:13,184 INFO Parsed 56000000 input reads
2021-04-14 13:17:39,453 INFO Written out 48000000 reads
2021-04-14 13:18:11,298 INFO Written out 48100000 reads
2021-04-14 13:18:37,369 INFO Written out 48200000 reads
2021-04-14 13:19:08,289 INFO Written out 48300000 reads
2021-04-14 13:19:39,684 INFO Written out 48400000 reads
2021-04-14 13:20:06,382 INFO Written out 48500000 reads
2021-04-14 13:20:32,713 INFO Written out 48600000 reads
2021-04-14 13:21:04,874 INFO Written out 48700000 reads
2021-04-14 13:21:21,171 INFO Parsed 57000000 input reads
2021-04-14 13:21:36,396 INFO Written out 48800000 reads
2021-04-14 13:22:03,333 INFO Written out 48900000 reads
2021-04-14 13:22:35,136 INFO Written out 49000000 reads
2021-04-14 13:22:58,094 INFO Written out 49100000 reads
2021-04-14 13:23:21,103 INFO Written out 49200000 reads
2021-04-14 13:23:43,986 INFO Written out 49300000 reads
2021-04-14 13:24:06,991 INFO Written out 49400000 reads
2021-04-14 13:24:30,374 INFO Written out 49500000 reads
2021-04-14 13:25:18,244 INFO Written out 49600000 reads
2021-04-14 13:25:23,847 INFO Parsed 58000000 input reads
2021-04-14 13:26:06,371 INFO Written out 49700000 reads
2021-04-14 13:26:08,914 INFO Written out 49800000 reads
2021-04-14 13:26:11,584 INFO Written out 49900000 reads
2021-04-14 13:26:52,920 INFO Written out 50000000 reads
2021-04-14 13:26:55,469 INFO Written out 50100000 reads
2021-04-14 13:26:58,120 INFO Written out 50200000 reads
2021-04-14 13:27:02,337 INFO Written out 50300000 reads
2021-04-14 13:27:25,584 INFO Written out 50400000 reads
2021-04-14 13:27:37,027 INFO Parsed 59000000 input reads
2021-04-14 13:27:53,131 INFO Written out 50500000 reads
2021-04-14 13:28:21,174 INFO Written out 50600000 reads
2021-04-14 13:28:48,678 INFO Written out 50700000 reads
2021-04-14 13:29:21,105 INFO Written out 50800000 reads
2021-04-14 13:29:53,849 INFO Written out 50900000 reads
2021-04-14 13:30:21,639 INFO Written out 51000000 reads
2021-04-14 13:30:54,821 INFO Written out 51100000 reads
2021-04-14 13:31:18,212 INFO Written out 51200000 reads
2021-04-14 13:31:51,676 INFO Written out 51300000 reads
2021-04-14 13:31:51,911 INFO Parsed 60000000 input reads
2021-04-14 13:32:19,507 INFO Written out 51400000 reads
2021-04-14 13:32:53,015 INFO Written out 51500000 reads
2021-04-14 13:33:21,560 INFO Written out 51600000 reads
2021-04-14 13:33:55,592 INFO Written out 51700000 reads
2021-04-14 13:34:24,104 INFO Written out 51800000 reads
2021-04-14 13:34:52,450 INFO Written out 51900000 reads
2021-04-14 13:35:26,472 INFO Written out 52000000 reads
2021-04-14 13:36:21,077 INFO Written out 52100000 reads
2021-04-14 13:36:22,573 INFO Parsed 61000000 input reads
2021-04-14 13:36:23,625 INFO Written out 52200000 reads
2021-04-14 13:36:27,139 INFO Written out 52300000 reads
2021-04-14 13:36:31,817 INFO Written out 52400000 reads
2021-04-14 13:37:01,775 INFO Written out 52500000 reads
2021-04-14 13:37:37,123 INFO Written out 52600000 reads
2021-04-14 13:38:07,173 INFO Written out 52700000 reads
2021-04-14 13:38:37,399 INFO Written out 52800000 reads
2021-04-14 13:39:13,219 INFO Written out 52900000 reads
2021-04-14 13:39:43,844 INFO Written out 53000000 reads
2021-04-14 13:39:49,619 INFO Parsed 62000000 input reads
2021-04-14 13:40:14,375 INFO Written out 53100000 reads
2021-04-14 13:40:45,635 INFO Written out 53200000 reads
2021-04-14 13:41:21,913 INFO Written out 53300000 reads
2021-04-14 13:41:53,223 INFO Written out 53400000 reads
2021-04-14 13:42:24,194 INFO Written out 53500000 reads
2021-04-14 13:43:00,832 INFO Written out 53600000 reads
2021-04-14 13:43:37,394 INFO Written out 53700000 reads
2021-04-14 13:44:46,130 INFO Written out 53800000 reads
2021-04-14 13:45:08,235 INFO Parsed 63000000 input reads
2021-04-14 13:45:19,152 INFO Written out 53900000 reads
2021-04-14 13:45:52,106 INFO Written out 54000000 reads
2021-04-14 13:46:20,161 INFO Written out 54100000 reads
2021-04-14 13:46:48,200 INFO Written out 54200000 reads
2021-04-14 13:47:22,415 INFO Written out 54300000 reads
2021-04-14 13:47:46,613 INFO Written out 54400000 reads
2021-04-14 13:48:16,300 INFO Written out 54500000 reads
2021-04-14 13:48:50,885 INFO Written out 54600000 reads
2021-04-14 13:49:20,053 INFO Written out 54700000 reads
2021-04-14 13:49:25,601 INFO Parsed 64000000 input reads
2021-04-14 13:49:48,284 INFO Written out 54800000 reads
2021-04-14 13:50:23,092 INFO Written out 54900000 reads
2021-04-14 13:50:58,283 INFO Written out 55000000 reads
2021-04-14 13:51:23,487 INFO Written out 55100000 reads
2021-04-14 13:52:04,136 INFO Written out 55200000 reads
2021-04-14 13:52:33,918 INFO Written out 55300000 reads
2021-04-14 13:53:04,437 INFO Written out 55400000 reads
2021-04-14 13:53:35,352 INFO Written out 55500000 reads
2021-04-14 13:54:05,266 INFO Parsed 65000000 input reads
2021-04-14 13:54:11,590 INFO Written out 55600000 reads
2021-04-14 13:54:42,468 INFO Written out 55700000 reads
2021-04-14 13:55:18,997 INFO Written out 55800000 reads
2021-04-14 13:55:49,812 INFO Written out 55900000 reads
2021-04-14 13:56:21,417 INFO Written out 56000000 reads
2021-04-14 13:56:48,408 INFO Written out 56100000 reads
2021-04-14 13:57:10,881 INFO Written out 56200000 reads
2021-04-14 13:57:37,808 INFO Written out 56300000 reads
2021-04-14 13:58:00,757 INFO Written out 56400000 reads
2021-04-14 13:58:09,798 INFO Parsed 66000000 input reads
2021-04-14 13:58:27,888 INFO Written out 56500000 reads
2021-04-14 13:59:29,878 INFO Written out 56600000 reads
2021-04-14 13:59:32,097 INFO Written out 56700000 reads
2021-04-14 13:59:34,297 INFO Written out 56800000 reads
2021-04-14 13:59:57,145 INFO Written out 56900000 reads
2021-04-14 14:00:23,017 INFO Written out 57000000 reads
2021-04-14 14:00:49,263 INFO Written out 57100000 reads
2021-04-14 14:01:07,075 INFO Written out 57200000 reads
2021-04-14 14:01:24,637 INFO Parsed 67000000 input reads
2021-04-14 14:01:29,032 INFO Written out 57300000 reads
2021-04-14 14:01:51,226 INFO Written out 57400000 reads
2021-04-14 14:02:20,824 INFO Written out 57500000 reads
2021-04-14 14:02:47,053 INFO Written out 57600000 reads
2021-04-14 14:03:09,085 INFO Written out 57700000 reads
2021-04-14 14:03:42,828 INFO Written out 57800000 reads
2021-04-14 14:03:56,936 INFO Written out 57900000 reads
2021-04-14 14:04:19,361 INFO Written out 58000000 reads
2021-04-14 14:04:41,799 INFO Written out 58100000 reads
2021-04-14 14:04:50,890 INFO Parsed 68000000 input reads
2021-04-14 14:05:12,266 INFO Written out 58200000 reads
2021-04-14 14:05:34,532 INFO Written out 58300000 reads
2021-04-14 14:05:57,388 INFO Written out 58400000 reads
2021-04-14 14:06:19,914 INFO Written out 58500000 reads
2021-04-14 14:06:46,583 INFO Written out 58600000 reads
2021-04-14 14:07:09,563 INFO Written out 58700000 reads
2021-04-14 14:07:36,179 INFO Written out 58800000 reads
2021-04-14 14:07:59,421 INFO Written out 58900000 reads
2021-04-14 14:08:22,262 INFO Parsed 69000000 input reads
2021-04-14 14:08:22,392 INFO Written out 59000000 reads
2021-04-14 14:08:45,246 INFO Written out 59100000 reads
2021-04-14 14:09:12,507 INFO Written out 59200000 reads
2021-04-14 14:09:35,485 INFO Written out 59300000 reads
2021-04-14 14:09:58,697 INFO Written out 59400000 reads
2021-04-14 14:10:26,133 INFO Written out 59500000 reads
2021-04-14 14:10:49,305 INFO Written out 59600000 reads
2021-04-14 14:11:16,936 INFO Written out 59700000 reads
2021-04-14 14:12:09,179 INFO Written out 59800000 reads
2021-04-14 14:12:22,921 INFO Parsed 70000000 input reads
2021-04-14 14:12:32,228 INFO Written out 59900000 reads
2021-04-14 14:12:54,717 INFO Written out 60000000 reads
2021-04-14 14:13:25,832 INFO Written out 60100000 reads
2021-04-14 14:13:44,427 INFO Written out 60200000 reads
2021-04-14 14:14:11,255 INFO Written out 60300000 reads
2021-04-14 14:14:34,226 INFO Written out 60400000 reads
2021-04-14 14:15:04,865 INFO Written out 60500000 reads
2021-04-14 14:15:24,062 INFO Written out 60600000 reads
2021-04-14 14:15:51,029 INFO Written out 60700000 reads
2021-04-14 14:15:51,388 INFO Parsed 71000000 input reads
2021-04-14 14:16:14,053 INFO Written out 60800000 reads
2021-04-14 14:16:40,978 INFO Written out 60900000 reads
2021-04-14 14:17:07,786 INFO Written out 61000000 reads
2021-04-14 14:17:35,033 INFO Written out 61100000 reads
2021-04-14 14:18:01,827 INFO Written out 61200000 reads
2021-04-14 14:18:25,128 INFO Written out 61300000 reads
2021-04-14 14:18:52,198 INFO Written out 61400000 reads
2021-04-14 14:19:11,035 INFO Written out 61500000 reads
2021-04-14 14:19:29,359 INFO Parsed 72000000 input reads
2021-04-14 14:19:38,508 INFO Written out 61600000 reads
2021-04-14 14:20:05,461 INFO Written out 61700000 reads
2021-04-14 14:20:33,309 INFO Written out 61800000 reads
2021-04-14 14:20:56,339 INFO Written out 61900000 reads
2021-04-14 14:21:11,288 INFO Written out 62000000 reads
2021-04-14 14:21:34,809 INFO Written out 62100000 reads
2021-04-14 14:21:58,290 INFO Written out 62200000 reads
2021-04-14 14:22:25,505 INFO Written out 62300000 reads
2021-04-14 14:22:53,291 INFO Written out 62400000 reads
2021-04-14 14:23:22,068 INFO Parsed 73000000 input reads
2021-04-14 14:23:40,420 INFO Written out 62500000 reads
2021-04-14 14:24:03,259 INFO Written out 62600000 reads
2021-04-14 14:24:26,023 INFO Written out 62700000 reads
2021-04-14 14:24:49,163 INFO Written out 62800000 reads
2021-04-14 14:25:15,929 INFO Written out 62900000 reads
2021-04-14 14:25:43,258 INFO Written out 63000000 reads
2021-04-14 14:26:02,124 INFO Written out 63100000 reads
2021-04-14 14:26:28,708 INFO Written out 63200000 reads
2021-04-14 14:26:51,187 INFO Parsed 74000000 input reads
2021-04-14 14:26:55,904 INFO Written out 63300000 reads
2021-04-14 14:27:18,754 INFO Written out 63400000 reads
2021-04-14 14:27:45,728 INFO Written out 63500000 reads
2021-04-14 14:28:12,822 INFO Written out 63600000 reads
2021-04-14 14:28:35,457 INFO Written out 63700000 reads
2021-04-14 14:28:58,645 INFO Written out 63800000 reads
2021-04-14 14:29:21,723 INFO Written out 63900000 reads
2021-04-14 14:29:49,133 INFO Written out 64000000 reads
2021-04-14 14:30:12,616 INFO Written out 64100000 reads
2021-04-14 14:30:21,659 INFO Parsed 75000000 input reads
2021-04-14 14:30:35,606 INFO Written out 64200000 reads
2021-04-14 14:31:03,011 INFO Written out 64300000 reads
2021-04-14 14:31:26,029 INFO Written out 64400000 reads
2021-04-14 14:34:15,257 INFO Written out 64500000 reads
2021-04-14 14:34:17,517 INFO Written out 64600000 reads
2021-04-14 14:34:19,569 INFO Written out 64700000 reads
2021-04-14 14:34:21,427 INFO Written out 64800000 reads
2021-04-14 14:34:23,466 INFO Written out 64900000 reads
2021-04-14 14:34:25,200 INFO Parsed 76000000 input reads
2021-04-14 14:34:25,368 INFO Written out 65000000 reads
2021-04-14 14:34:27,253 INFO Written out 65100000 reads
2021-04-14 14:34:31,779 INFO Written out 65200000 reads
2021-04-14 14:34:33,889 INFO Written out 65300000 reads
2021-04-14 14:34:36,701 INFO Written out 65400000 reads
2021-04-14 14:34:39,297 INFO Written out 65500000 reads
2021-04-14 14:34:42,139 INFO Written out 65600000 reads
2021-04-14 14:34:47,894 INFO Written out 65700000 reads
2021-04-14 14:34:52,678 INFO Written out 65800000 reads
2021-04-14 14:34:53,322 INFO Parsed 77000000 input reads
2021-04-14 14:34:56,904 INFO Written out 65900000 reads
2021-04-14 14:35:00,071 INFO Written out 66000000 reads
2021-04-14 14:35:08,720 INFO Written out 66100000 reads
2021-04-14 14:35:12,763 INFO Written out 66200000 reads
2021-04-14 14:35:15,964 INFO Written out 66300000 reads
2021-04-14 14:35:21,950 INFO Written out 66400000 reads
2021-04-14 14:35:26,702 INFO Written out 66500000 reads
2021-04-14 14:35:32,089 INFO Written out 66600000 reads
2021-04-14 14:35:33,952 INFO Parsed 78000000 input reads
2021-04-14 14:35:35,732 INFO Written out 66700000 reads
2021-04-14 14:35:38,330 INFO Written out 66800000 reads
2021-04-14 14:35:41,386 INFO Written out 66900000 reads
2021-04-14 14:35:45,590 INFO Written out 67000000 reads
2021-04-14 14:35:48,624 INFO Written out 67100000 reads
2021-04-14 14:35:51,416 INFO Written out 67200000 reads
2021-04-14 14:35:54,430 INFO Written out 67300000 reads
2021-04-14 14:35:58,171 INFO Written out 67400000 reads
2021-04-14 14:36:00,805 INFO Parsed 79000000 input reads
2021-04-14 14:36:00,978 INFO Written out 67500000 reads
2021-04-14 14:36:03,784 INFO Written out 67600000 reads
2021-04-14 14:36:09,248 INFO Written out 67700000 reads
2021-04-14 14:36:13,819 INFO Written out 67800000 reads
2021-04-14 14:36:17,129 INFO Written out 67900000 reads
2021-04-14 14:36:21,677 INFO Written out 68000000 reads
2021-04-14 14:36:23,922 INFO Written out 68100000 reads
2021-04-14 14:36:25,887 INFO Written out 68200000 reads
2021-04-14 14:36:28,346 INFO Written out 68300000 reads
2021-04-14 14:36:29,102 INFO Parsed 80000000 input reads
2021-04-14 14:36:30,402 INFO Written out 68400000 reads
2021-04-14 14:36:32,315 INFO Written out 68500000 reads
2021-04-14 14:36:34,269 INFO Written out 68600000 reads
2021-04-14 14:36:37,903 INFO Written out 68700000 reads
2021-04-14 14:36:40,247 INFO Written out 68800000 reads
2021-04-14 14:36:42,449 INFO Written out 68900000 reads
2021-04-14 14:36:44,657 INFO Written out 69000000 reads
2021-04-14 14:37:23,614 INFO Written out 69100000 reads
2021-04-14 14:37:27,874 INFO Parsed 81000000 input reads
2021-04-14 14:37:28,351 INFO Written out 69200000 reads
2021-04-14 14:37:32,990 INFO Written out 69300000 reads
2021-04-14 14:37:37,961 INFO Written out 69400000 reads
2021-04-14 14:37:43,465 INFO Written out 69500000 reads
2021-04-14 14:37:46,849 INFO Written out 69600000 reads
2021-04-14 14:37:52,387 INFO Written out 69700000 reads
2021-04-14 14:38:12,532 INFO Written out 69800000 reads
2021-04-14 14:38:28,720 INFO Searching for mates for 0 unmatched alignments
2021-04-14 14:42:06,826 INFO 0 mates never found
2021-04-14 14:56:48,303 INFO Reads: Input Reads: 81806603, Read pairs: 81806603, Read 2 unmapped: 5213
2021-04-14 14:56:48,311 INFO Number of reads out: 69871520
2021-04-14 14:56:48,312 INFO Total number of positions deduplicated: 56505848
2021-04-14 14:56:48,312 INFO Mean number of unique UMIs per position: 1.24
2021-04-14 14:56:48,312 INFO Max. number of unique UMIs per position: 4164
# job finished in 13884 seconds at Wed Apr 14 14:56:48 2021 -- 13590.29 240.49  0.00  0.00 -- bb314412-2667-4c4c-b21f-da199095296f
