# UMI-tools version: 1.1.1
# output generated by dedup -I 03_alignedData/bam/1_KB_A10Aligned.sortedByCoord.out.bam -L 04_dedupUmis/log/1_KB_A10.log -S 04_dedupUmis/bam/1_KB_A10.bam --umi-separator=: --temp-dir=. --paired --output-stats=04_dedupUmis/log/1_KB_A10
# job started at Wed Apr 14 11:02:30 2021 on r5-n38 -- 1af385f0-015b-4ffa-8425-64b677e886f5
# pid: 112822, system: Linux 3.10.0-1062.9.1.el7.x86_64 #1 SMP Mon Dec 2 08:31:54 EST 2019 x86_64
# assigned_tag                            : None
# cell_tag                                : None
# cell_tag_delim                          : None
# cell_tag_split                          : -
# chimeric_pairs                          : use
# chrom                                   : None
# compresslevel                           : 6
# detection_method                        : None
# filter_umi                              : None
# gene_tag                                : None
# gene_transcript_map                     : None
# get_umi_method                          : read_id
# ignore_tlen                             : False
# ignore_umi                              : False
# in_sam                                  : False
# log2stderr                              : False
# loglevel                                : 1
# mapping_quality                         : 0
# method                                  : directional
# no_sort_output                          : False
# out_sam                                 : False
# output_unmapped                         : False
# paired                                  : True
# per_cell                                : False
# per_contig                              : False
# per_gene                                : False
# random_seed                             : None
# read_length                             : False
# short_help                              : None
# skip_regex                              : ^(__|Unassigned)
# soft_clip_threshold                     : 4
# spliced                                 : False
# stats                                   : 04_dedupUmis/log/1_KB_A10
# stderr                                  : <_io.TextIOWrapper name='<stderr>' mode='w' encoding='UTF-8'>
# stdin                                   : <_io.TextIOWrapper name='03_alignedData/bam/1_KB_A10Aligned.sortedByCoord.out.bam' mode='r' encoding='UTF-8'>
# stdlog                                  : <_io.TextIOWrapper name='04_dedupUmis/log/1_KB_A10.log' mode='a' encoding='UTF-8'>
# stdout                                  : <_io.TextIOWrapper name='04_dedupUmis/bam/1_KB_A10.bam' mode='w' encoding='UTF-8'>
# subset                                  : None
# threshold                               : 1
# timeit_file                             : None
# timeit_header                           : None
# timeit_name                             : all
# tmpdir                                  : .
# umi_sep                                 : :
# umi_tag                                 : RX
# umi_tag_delim                           : None
# umi_tag_split                           : None
# umi_whitelist                           : None
# umi_whitelist_paired                    : None
# unmapped_reads                          : discard
# unpaired_reads                          : use
# whole_contig                            : False
2021-04-14 11:02:30,678 WARNING Chimeric read pairs are being used. Some read pair UMIs may be grouped/deduplicated using just the mapping coordinates from read1.This may also increase the run time and memory usage. Consider --chimeric-pairs==discard to discard these reads or --chimeric-pairs==output (group command only) to output them without grouping
2021-04-14 11:02:30,678 WARNING Unpaired read pairs are being used. Some read pair UMIs may be grouped/deduplicated using just the mapping coordinates from read1.This may also increase the run time and memory usage. Consider --unpared-reads==discard to discard these reads or --unpared-reads==output (group command only) to output them without grouping
2021-04-14 11:02:30,679 INFO command: dedup -I 03_alignedData/bam/1_KB_A10Aligned.sortedByCoord.out.bam -L 04_dedupUmis/log/1_KB_A10.log -S 04_dedupUmis/bam/1_KB_A10.bam --umi-separator=: --temp-dir=. --paired --output-stats=04_dedupUmis/log/1_KB_A10
2021-04-14 11:05:51,495 INFO total_umis 74117298
2021-04-14 11:05:51,497 INFO #umis 66038
2021-04-14 11:08:51,906 INFO Written out 100000 reads
2021-04-14 11:08:55,364 INFO Written out 200000 reads
2021-04-14 11:08:59,097 INFO Written out 300000 reads
2021-04-14 11:09:02,858 INFO Written out 400000 reads
2021-04-14 11:09:06,681 INFO Written out 500000 reads
2021-04-14 11:09:10,529 INFO Written out 600000 reads
2021-04-14 11:09:14,380 INFO Written out 700000 reads
2021-04-14 11:09:18,537 INFO Written out 800000 reads
2021-04-14 11:09:20,914 INFO Parsed 1000000 input reads
2021-04-14 11:09:22,617 INFO Written out 900000 reads
2021-04-14 11:09:26,799 INFO Written out 1000000 reads
2021-04-14 11:09:30,987 INFO Written out 1100000 reads
2021-04-14 11:09:35,212 INFO Written out 1200000 reads
2021-04-14 11:09:39,459 INFO Written out 1300000 reads
2021-04-14 11:09:44,180 INFO Written out 1400000 reads
2021-04-14 11:09:49,475 INFO Written out 1500000 reads
2021-04-14 11:09:52,873 INFO Written out 1600000 reads
2021-04-14 11:09:57,750 INFO Written out 1700000 reads
2021-04-14 11:09:58,190 INFO Parsed 2000000 input reads
2021-04-14 11:10:02,361 INFO Written out 1800000 reads
2021-04-14 11:10:07,219 INFO Written out 1900000 reads
2021-04-14 11:10:12,273 INFO Written out 2000000 reads
2021-04-14 11:10:16,968 INFO Written out 2100000 reads
2021-04-14 11:10:22,006 INFO Written out 2200000 reads
2021-04-14 11:10:27,018 INFO Written out 2300000 reads
2021-04-14 11:10:32,864 INFO Written out 2400000 reads
2021-04-14 11:10:37,048 INFO Written out 2500000 reads
2021-04-14 11:10:57,668 INFO Parsed 3000000 input reads
2021-04-14 11:10:59,047 INFO Written out 2600000 reads
2021-04-14 11:11:04,106 INFO Written out 2700000 reads
2021-04-14 11:11:08,222 INFO Written out 2800000 reads
2021-04-14 11:11:13,215 INFO Written out 2900000 reads
2021-04-14 11:11:17,743 INFO Written out 3000000 reads
2021-04-14 11:11:22,787 INFO Written out 3100000 reads
2021-04-14 11:11:27,341 INFO Written out 3200000 reads
2021-04-14 11:11:32,367 INFO Written out 3300000 reads
2021-04-14 11:11:37,512 INFO Written out 3400000 reads
2021-04-14 11:11:38,557 INFO Parsed 4000000 input reads
2021-04-14 11:11:42,157 INFO Written out 3500000 reads
2021-04-14 11:11:48,851 INFO Written out 3600000 reads
2021-04-14 11:11:53,704 INFO Written out 3700000 reads
2021-04-14 11:11:57,315 INFO Written out 3800000 reads
2021-04-14 11:12:02,678 INFO Written out 3900000 reads
2021-04-14 11:12:07,822 INFO Written out 4000000 reads
2021-04-14 11:12:13,381 INFO Written out 4100000 reads
2021-04-14 11:12:18,517 INFO Written out 4200000 reads
2021-04-14 11:12:22,705 INFO Parsed 5000000 input reads
2021-04-14 11:12:23,862 INFO Written out 4300000 reads
2021-04-14 11:12:29,148 INFO Written out 4400000 reads
2021-04-14 11:12:34,543 INFO Written out 4500000 reads
2021-04-14 11:12:40,507 INFO Written out 4600000 reads
2021-04-14 11:12:48,210 INFO Written out 4700000 reads
2021-04-14 11:12:51,611 INFO Written out 4800000 reads
2021-04-14 11:13:12,598 INFO Written out 4900000 reads
2021-04-14 11:13:17,975 INFO Written out 5000000 reads
2021-04-14 11:13:22,956 INFO Written out 5100000 reads
2021-04-14 11:13:24,281 INFO Parsed 6000000 input reads
2021-04-14 11:13:28,202 INFO Written out 5200000 reads
2021-04-14 11:13:33,424 INFO Written out 5300000 reads
2021-04-14 11:13:39,159 INFO Written out 5400000 reads
2021-04-14 11:13:44,437 INFO Written out 5500000 reads
2021-04-14 11:13:49,957 INFO Written out 5600000 reads
2021-04-14 11:13:55,368 INFO Written out 5700000 reads
2021-04-14 11:14:01,476 INFO Written out 5800000 reads
2021-04-14 11:14:07,537 INFO Written out 5900000 reads
2021-04-14 11:14:12,222 INFO Parsed 7000000 input reads
2021-04-14 11:14:13,173 INFO Written out 6000000 reads
2021-04-14 11:14:18,231 INFO Written out 6100000 reads
2021-04-14 11:14:24,545 INFO Written out 6200000 reads
2021-04-14 11:14:30,845 INFO Written out 6300000 reads
2021-04-14 11:14:36,717 INFO Written out 6400000 reads
2021-04-14 11:14:43,128 INFO Written out 6500000 reads
2021-04-14 11:14:49,528 INFO Written out 6600000 reads
2021-04-14 11:14:55,492 INFO Written out 6700000 reads
2021-04-14 11:15:02,115 INFO Written out 6800000 reads
2021-04-14 11:15:04,701 INFO Parsed 8000000 input reads
2021-04-14 11:15:08,218 INFO Written out 6900000 reads
2021-04-14 11:15:14,941 INFO Written out 7000000 reads
2021-04-14 11:15:36,672 INFO Written out 7100000 reads
2021-04-14 11:15:42,346 INFO Written out 7200000 reads
2021-04-14 11:15:48,651 INFO Written out 7300000 reads
2021-04-14 11:15:55,719 INFO Written out 7400000 reads
2021-04-14 11:16:00,901 INFO Written out 7500000 reads
2021-04-14 11:16:06,936 INFO Written out 7600000 reads
2021-04-14 11:16:13,030 INFO Written out 7700000 reads
2021-04-14 11:16:13,047 INFO Parsed 9000000 input reads
2021-04-14 11:16:19,591 INFO Written out 7800000 reads
2021-04-14 11:16:25,739 INFO Written out 7900000 reads
2021-04-14 11:16:31,743 INFO Written out 8000000 reads
2021-04-14 11:16:38,569 INFO Written out 8100000 reads
2021-04-14 11:16:43,831 INFO Written out 8200000 reads
2021-04-14 11:16:50,676 INFO Written out 8300000 reads
2021-04-14 11:16:57,100 INFO Written out 8400000 reads
2021-04-14 11:17:04,089 INFO Written out 8500000 reads
2021-04-14 11:17:08,548 INFO Parsed 10000000 input reads
2021-04-14 11:17:10,493 INFO Written out 8600000 reads
2021-04-14 11:17:17,534 INFO Written out 8700000 reads
2021-04-14 11:17:24,176 INFO Written out 8800000 reads
2021-04-14 11:17:43,353 INFO Written out 8900000 reads
2021-04-14 11:17:51,466 INFO Written out 9000000 reads
2021-04-14 11:17:56,212 INFO Written out 9100000 reads
2021-04-14 11:18:02,481 INFO Written out 9200000 reads
2021-04-14 11:18:09,515 INFO Written out 9300000 reads
2021-04-14 11:18:16,719 INFO Written out 9400000 reads
2021-04-14 11:18:16,964 INFO Parsed 11000000 input reads
2021-04-14 11:18:21,580 INFO Written out 9500000 reads
2021-04-14 11:18:28,132 INFO Written out 9600000 reads
2021-04-14 11:18:35,344 INFO Written out 9700000 reads
2021-04-14 11:18:42,013 INFO Written out 9800000 reads
2021-04-14 11:18:49,311 INFO Written out 9900000 reads
2021-04-14 11:18:56,015 INFO Written out 10000000 reads
2021-04-14 11:19:03,358 INFO Written out 10100000 reads
2021-04-14 11:19:10,832 INFO Written out 10200000 reads
2021-04-14 11:19:15,200 INFO Parsed 12000000 input reads
2021-04-14 11:19:18,774 INFO Written out 10300000 reads
2021-04-14 11:19:24,444 INFO Written out 10400000 reads
2021-04-14 11:19:31,519 INFO Written out 10500000 reads
2021-04-14 11:19:39,364 INFO Written out 10600000 reads
2021-04-14 11:19:46,453 INFO Written out 10700000 reads
2021-04-14 11:19:54,451 INFO Written out 10800000 reads
2021-04-14 11:20:01,375 INFO Written out 10900000 reads
2021-04-14 11:20:08,650 INFO Written out 11000000 reads
2021-04-14 11:20:31,302 INFO Written out 11100000 reads
2021-04-14 11:20:33,851 INFO Parsed 13000000 input reads
2021-04-14 11:20:38,744 INFO Written out 11200000 reads
2021-04-14 11:20:45,551 INFO Written out 11300000 reads
2021-04-14 11:20:53,117 INFO Written out 11400000 reads
2021-04-14 11:20:59,902 INFO Written out 11500000 reads
2021-04-14 11:21:06,117 INFO Written out 11600000 reads
2021-04-14 11:21:13,924 INFO Written out 11700000 reads
2021-04-14 11:21:21,995 INFO Written out 11800000 reads
2021-04-14 11:21:28,982 INFO Written out 11900000 reads
2021-04-14 11:21:36,669 INFO Parsed 14000000 input reads
2021-04-14 11:21:36,999 INFO Written out 12000000 reads
2021-04-14 11:21:43,371 INFO Written out 12100000 reads
2021-04-14 11:21:51,494 INFO Written out 12200000 reads
2021-04-14 11:21:59,762 INFO Written out 12300000 reads
2021-04-14 11:22:07,253 INFO Written out 12400000 reads
2021-04-14 11:22:15,534 INFO Written out 12500000 reads
2021-04-14 11:22:22,909 INFO Written out 12600000 reads
2021-04-14 11:22:31,254 INFO Written out 12700000 reads
2021-04-14 11:22:39,540 INFO Written out 12800000 reads
2021-04-14 11:22:44,890 INFO Parsed 15000000 input reads
2021-04-14 11:22:46,225 INFO Written out 12900000 reads
2021-04-14 11:22:53,814 INFO Written out 13000000 reads
2021-04-14 11:23:12,058 INFO Written out 13100000 reads
2021-04-14 11:23:13,943 INFO Written out 13200000 reads
2021-04-14 11:23:15,818 INFO Written out 13300000 reads
2021-04-14 11:23:19,187 INFO Written out 13400000 reads
2021-04-14 11:23:28,257 INFO Written out 13500000 reads
2021-04-14 11:23:35,137 INFO Written out 13600000 reads
2021-04-14 11:23:44,261 INFO Parsed 16000000 input reads
2021-04-14 11:23:44,323 INFO Written out 13700000 reads
2021-04-14 11:24:09,002 INFO Written out 13800000 reads
2021-04-14 11:24:16,493 INFO Written out 13900000 reads
2021-04-14 11:24:24,786 INFO Written out 14000000 reads
2021-04-14 11:24:32,495 INFO Written out 14100000 reads
2021-04-14 11:24:40,977 INFO Written out 14200000 reads
2021-04-14 11:24:48,465 INFO Written out 14300000 reads
2021-04-14 11:24:56,887 INFO Written out 14400000 reads
2021-04-14 11:25:04,647 INFO Written out 14500000 reads
2021-04-14 11:25:09,157 INFO Parsed 17000000 input reads
2021-04-14 11:25:12,515 INFO Written out 14600000 reads
2021-04-14 11:25:22,261 INFO Written out 14700000 reads
2021-04-14 11:25:29,194 INFO Written out 14800000 reads
2021-04-14 11:25:39,082 INFO Written out 14900000 reads
2021-04-14 11:25:46,879 INFO Written out 15000000 reads
2021-04-14 11:25:55,867 INFO Written out 15100000 reads
2021-04-14 11:26:06,398 INFO Written out 15200000 reads
2021-04-14 11:26:11,994 INFO Written out 15300000 reads
2021-04-14 11:26:20,237 INFO Written out 15400000 reads
2021-04-14 11:26:21,591 INFO Parsed 18000000 input reads
2021-04-14 11:26:29,429 INFO Written out 15500000 reads
2021-04-14 11:26:39,035 INFO Written out 15600000 reads
2021-04-14 11:26:47,471 INFO Written out 15700000 reads
2021-04-14 11:27:09,282 INFO Written out 15800000 reads
2021-04-14 11:27:18,500 INFO Written out 15900000 reads
2021-04-14 11:27:26,577 INFO Written out 16000000 reads
2021-04-14 11:27:35,757 INFO Written out 16100000 reads
2021-04-14 11:27:43,772 INFO Written out 16200000 reads
2021-04-14 11:27:48,939 INFO Parsed 19000000 input reads
2021-04-14 11:27:53,126 INFO Written out 16300000 reads
2021-04-14 11:28:01,452 INFO Written out 16400000 reads
2021-04-14 11:28:11,050 INFO Written out 16500000 reads
2021-04-14 11:28:18,279 INFO Written out 16600000 reads
2021-04-14 11:28:27,877 INFO Written out 16700000 reads
2021-04-14 11:28:36,407 INFO Written out 16800000 reads
2021-04-14 11:28:45,924 INFO Written out 16900000 reads
2021-04-14 11:28:54,655 INFO Written out 17000000 reads
2021-04-14 11:29:04,370 INFO Written out 17100000 reads
2021-04-14 11:29:06,241 INFO Parsed 20000000 input reads
2021-04-14 11:29:14,397 INFO Written out 17200000 reads
2021-04-14 11:29:23,024 INFO Written out 17300000 reads
2021-04-14 11:29:32,890 INFO Written out 17400000 reads
2021-04-14 11:29:40,824 INFO Written out 17500000 reads
2021-04-14 11:29:51,032 INFO Written out 17600000 reads
2021-04-14 11:30:00,169 INFO Written out 17700000 reads
2021-04-14 11:30:11,959 INFO Written out 17800000 reads
2021-04-14 11:30:17,069 INFO Written out 17900000 reads
2021-04-14 11:30:25,366 INFO Parsed 21000000 input reads
2021-04-14 11:30:27,240 INFO Written out 18000000 reads
2021-04-14 11:30:37,729 INFO Written out 18100000 reads
2021-04-14 11:30:46,911 INFO Written out 18200000 reads
2021-04-14 11:30:56,087 INFO Written out 18300000 reads
2021-04-14 11:31:24,723 INFO Written out 18400000 reads
2021-04-14 11:31:33,451 INFO Written out 18500000 reads
2021-04-14 11:31:46,262 INFO Written out 18600000 reads
2021-04-14 11:31:50,825 INFO Written out 18700000 reads
2021-04-14 11:31:59,808 INFO Written out 18800000 reads
2021-04-14 11:32:03,284 INFO Parsed 22000000 input reads
2021-04-14 11:32:08,702 INFO Written out 18900000 reads
2021-04-14 11:32:18,802 INFO Written out 19000000 reads
2021-04-14 11:32:28,711 INFO Written out 19100000 reads
2021-04-14 11:32:39,022 INFO Written out 19200000 reads
2021-04-14 11:32:47,999 INFO Written out 19300000 reads
2021-04-14 11:32:57,160 INFO Written out 19400000 reads
2021-04-14 11:33:07,571 INFO Written out 19500000 reads
2021-04-14 11:33:16,676 INFO Written out 19600000 reads
2021-04-14 11:33:25,728 INFO Parsed 23000000 input reads
2021-04-14 11:33:26,054 INFO Written out 19700000 reads
2021-04-14 11:33:36,638 INFO Written out 19800000 reads
2021-04-14 11:33:46,237 INFO Written out 19900000 reads
2021-04-14 11:33:57,139 INFO Written out 20000000 reads
2021-04-14 11:34:06,863 INFO Written out 20100000 reads
2021-04-14 11:34:17,785 INFO Written out 20200000 reads
2021-04-14 11:34:27,554 INFO Written out 20300000 reads
2021-04-14 11:34:51,907 INFO Written out 20400000 reads
2021-04-14 11:35:01,122 INFO Written out 20500000 reads
2021-04-14 11:35:05,028 INFO Parsed 24000000 input reads
2021-04-14 11:35:10,543 INFO Written out 20600000 reads
2021-04-14 11:35:19,902 INFO Written out 20700000 reads
2021-04-14 11:35:30,588 INFO Written out 20800000 reads
2021-04-14 11:35:41,328 INFO Written out 20900000 reads
2021-04-14 11:35:50,910 INFO Written out 21000000 reads
2021-04-14 11:36:01,776 INFO Written out 21100000 reads
2021-04-14 11:36:12,831 INFO Written out 21200000 reads
2021-04-14 11:36:22,398 INFO Written out 21300000 reads
2021-04-14 11:36:32,156 INFO Parsed 25000000 input reads
2021-04-14 11:36:32,165 INFO Written out 21400000 reads
2021-04-14 11:36:42,070 INFO Written out 21500000 reads
2021-04-14 11:36:52,049 INFO Written out 21600000 reads
2021-04-14 11:37:02,094 INFO Written out 21700000 reads
2021-04-14 11:37:13,640 INFO Written out 21800000 reads
2021-04-14 11:37:23,824 INFO Written out 21900000 reads
2021-04-14 11:37:35,252 INFO Written out 22000000 reads
2021-04-14 11:37:46,847 INFO Written out 22100000 reads
2021-04-14 11:38:10,887 INFO Written out 22200000 reads
2021-04-14 11:38:16,400 INFO Parsed 26000000 input reads
2021-04-14 11:38:21,769 INFO Written out 22300000 reads
2021-04-14 11:38:31,623 INFO Written out 22400000 reads
2021-04-14 11:38:44,482 INFO Written out 22500000 reads
2021-04-14 11:38:52,762 INFO Written out 22600000 reads
2021-04-14 11:39:07,403 INFO Written out 22700000 reads
2021-04-14 11:39:12,622 INFO Written out 22800000 reads
2021-04-14 11:39:24,026 INFO Written out 22900000 reads
2021-04-14 11:39:35,509 INFO Written out 23000000 reads
2021-04-14 11:39:44,157 INFO Written out 23100000 reads
2021-04-14 11:39:47,553 INFO Parsed 27000000 input reads
2021-04-14 11:39:55,828 INFO Written out 23200000 reads
2021-04-14 11:40:06,139 INFO Written out 23300000 reads
2021-04-14 11:40:16,521 INFO Written out 23400000 reads
2021-04-14 11:40:28,345 INFO Written out 23500000 reads
2021-04-14 11:40:38,934 INFO Written out 23600000 reads
2021-04-14 11:40:57,681 INFO Written out 23700000 reads
2021-04-14 11:40:59,602 INFO Written out 23800000 reads
2021-04-14 11:41:01,682 INFO Written out 23900000 reads
2021-04-14 11:41:05,128 INFO Parsed 28000000 input reads
2021-04-14 11:41:10,912 INFO Written out 24000000 reads
2021-04-14 11:41:23,156 INFO Written out 24100000 reads
2021-04-14 11:41:33,991 INFO Written out 24200000 reads
2021-04-14 11:41:44,580 INFO Written out 24300000 reads
2021-04-14 11:41:57,033 INFO Written out 24400000 reads
2021-04-14 11:42:07,894 INFO Written out 24500000 reads
2021-04-14 11:42:20,548 INFO Written out 24600000 reads
2021-04-14 11:42:31,735 INFO Written out 24700000 reads
2021-04-14 11:42:42,944 INFO Written out 24800000 reads
2021-04-14 11:42:44,904 INFO Parsed 29000000 input reads
2021-04-14 11:42:55,732 INFO Written out 24900000 reads
2021-04-14 11:43:06,752 INFO Written out 25000000 reads
2021-04-14 11:43:16,649 INFO Written out 25100000 reads
2021-04-14 11:43:29,927 INFO Written out 25200000 reads
2021-04-14 11:44:02,875 INFO Written out 25300000 reads
2021-04-14 11:44:15,065 INFO Written out 25400000 reads
2021-04-14 11:44:25,844 INFO Written out 25500000 reads
2021-04-14 11:44:36,774 INFO Written out 25600000 reads
2021-04-14 11:44:45,145 INFO Parsed 30000000 input reads
2021-04-14 11:44:49,247 INFO Written out 25700000 reads
2021-04-14 11:45:01,919 INFO Written out 25800000 reads
2021-04-14 11:45:12,935 INFO Written out 25900000 reads
2021-04-14 11:45:23,981 INFO Written out 26000000 reads
2021-04-14 11:45:35,327 INFO Written out 26100000 reads
2021-04-14 11:45:46,569 INFO Written out 26200000 reads
2021-04-14 11:45:59,427 INFO Written out 26300000 reads
2021-04-14 11:46:10,763 INFO Written out 26400000 reads
2021-04-14 11:46:22,269 INFO Written out 26500000 reads
2021-04-14 11:46:26,342 INFO Parsed 31000000 input reads
2021-04-14 11:46:35,447 INFO Written out 26600000 reads
2021-04-14 11:46:47,010 INFO Written out 26700000 reads
2021-04-14 11:47:00,291 INFO Written out 26800000 reads
2021-04-14 11:47:11,805 INFO Written out 26900000 reads
2021-04-14 11:47:25,248 INFO Written out 27000000 reads
2021-04-14 11:47:38,781 INFO Written out 27100000 reads
2021-04-14 11:47:50,349 INFO Written out 27200000 reads
2021-04-14 11:48:06,385 INFO Written out 27300000 reads
2021-04-14 11:48:08,160 INFO Parsed 32000000 input reads
2021-04-14 11:48:10,699 INFO Written out 27400000 reads
2021-04-14 11:48:24,349 INFO Written out 27500000 reads
2021-04-14 11:48:36,384 INFO Written out 27600000 reads
2021-04-14 11:48:48,523 INFO Written out 27700000 reads
2021-04-14 11:49:02,461 INFO Written out 27800000 reads
2021-04-14 11:49:14,706 INFO Written out 27900000 reads
2021-04-14 11:49:28,764 INFO Written out 28000000 reads
2021-04-14 11:49:40,963 INFO Written out 28100000 reads
2021-04-14 11:50:12,570 INFO Written out 28200000 reads
2021-04-14 11:50:16,925 INFO Parsed 33000000 input reads
2021-04-14 11:50:25,845 INFO Written out 28300000 reads
2021-04-14 11:50:39,223 INFO Written out 28400000 reads
2021-04-14 11:50:50,957 INFO Written out 28500000 reads
2021-04-14 11:51:04,516 INFO Written out 28600000 reads
2021-04-14 11:51:16,258 INFO Written out 28700000 reads
2021-04-14 11:51:29,992 INFO Written out 28800000 reads
2021-04-14 11:51:42,121 INFO Written out 28900000 reads
2021-04-14 11:51:51,988 INFO Written out 29000000 reads
2021-04-14 11:52:03,859 INFO Parsed 34000000 input reads
2021-04-14 11:52:04,203 INFO Written out 29100000 reads
2021-04-14 11:52:18,108 INFO Written out 29200000 reads
2021-04-14 11:52:32,088 INFO Written out 29300000 reads
2021-04-14 11:52:44,288 INFO Written out 29400000 reads
2021-04-14 11:52:58,402 INFO Written out 29500000 reads
2021-04-14 11:53:10,912 INFO Written out 29600000 reads
2021-04-14 11:53:27,554 INFO Written out 29700000 reads
2021-04-14 11:53:29,775 INFO Written out 29800000 reads
2021-04-14 11:53:40,174 INFO Written out 29900000 reads
2021-04-14 11:53:47,175 INFO Parsed 35000000 input reads
2021-04-14 11:53:54,350 INFO Written out 30000000 reads
2021-04-14 11:54:06,748 INFO Written out 30100000 reads
2021-04-14 11:54:19,243 INFO Written out 30200000 reads
2021-04-14 11:54:31,784 INFO Written out 30300000 reads
2021-04-14 11:54:50,716 INFO Written out 30400000 reads
2021-04-14 11:54:54,921 INFO Written out 30500000 reads
2021-04-14 11:55:09,541 INFO Written out 30600000 reads
2021-04-14 11:55:40,688 INFO Written out 30700000 reads
2021-04-14 11:55:54,400 INFO Written out 30800000 reads
2021-04-14 11:55:54,430 INFO Parsed 36000000 input reads
2021-04-14 11:56:06,654 INFO Written out 30900000 reads
2021-04-14 11:56:20,558 INFO Written out 31000000 reads
2021-04-14 11:56:30,752 INFO Written out 31100000 reads
2021-04-14 11:56:44,736 INFO Written out 31200000 reads
2021-04-14 11:56:57,001 INFO Written out 31300000 reads
2021-04-14 11:57:11,103 INFO Written out 31400000 reads
2021-04-14 11:57:23,157 INFO Written out 31500000 reads
2021-04-14 11:57:33,502 INFO Written out 31600000 reads
2021-04-14 11:57:40,915 INFO Parsed 37000000 input reads
2021-04-14 11:57:47,709 INFO Written out 31700000 reads
2021-04-14 11:57:59,996 INFO Written out 31800000 reads
2021-04-14 11:58:14,250 INFO Written out 31900000 reads
2021-04-14 11:58:26,745 INFO Written out 32000000 reads
2021-04-14 11:58:41,138 INFO Written out 32100000 reads
2021-04-14 11:58:53,657 INFO Written out 32200000 reads
2021-04-14 11:59:06,484 INFO Written out 32300000 reads
2021-04-14 11:59:21,176 INFO Written out 32400000 reads
2021-04-14 11:59:34,057 INFO Written out 32500000 reads
2021-04-14 11:59:36,406 INFO Parsed 38000000 input reads
2021-04-14 11:59:46,959 INFO Written out 32600000 reads
2021-04-14 12:00:01,889 INFO Written out 32700000 reads
2021-04-14 12:00:14,847 INFO Written out 32800000 reads
2021-04-14 12:00:25,790 INFO Written out 32900000 reads
2021-04-14 12:00:40,881 INFO Written out 33000000 reads
2021-04-14 12:00:54,041 INFO Written out 33100000 reads
2021-04-14 12:01:07,210 INFO Written out 33200000 reads
2021-04-14 12:01:40,329 INFO Written out 33300000 reads
2021-04-14 12:01:49,834 INFO Parsed 39000000 input reads
2021-04-14 12:01:54,571 INFO Written out 33400000 reads
2021-04-14 12:02:08,829 INFO Written out 33500000 reads
2021-04-14 12:02:22,948 INFO Written out 33600000 reads
2021-04-14 12:02:35,307 INFO Written out 33700000 reads
2021-04-14 12:02:49,504 INFO Written out 33800000 reads
2021-04-14 12:03:03,626 INFO Written out 33900000 reads
2021-04-14 12:03:13,871 INFO Written out 34000000 reads
2021-04-14 12:03:26,208 INFO Written out 34100000 reads
2021-04-14 12:03:42,460 INFO Written out 34200000 reads
2021-04-14 12:03:42,936 INFO Parsed 40000000 input reads
2021-04-14 12:03:54,634 INFO Written out 34300000 reads
2021-04-14 12:04:07,052 INFO Written out 34400000 reads
2021-04-14 12:04:21,475 INFO Written out 34500000 reads
2021-04-14 12:04:34,014 INFO Written out 34600000 reads
2021-04-14 12:04:46,522 INFO Written out 34700000 reads
2021-04-14 12:04:59,348 INFO Written out 34800000 reads
2021-04-14 12:05:24,552 INFO Written out 34900000 reads
2021-04-14 12:05:38,670 INFO Written out 35000000 reads
2021-04-14 12:05:50,455 INFO Parsed 41000000 input reads
2021-04-14 12:05:51,087 INFO Written out 35100000 reads
2021-04-14 12:06:06,057 INFO Written out 35200000 reads
2021-04-14 12:06:21,915 INFO Written out 35300000 reads
2021-04-14 12:06:35,584 INFO Written out 35400000 reads
2021-04-14 12:06:49,368 INFO Written out 35500000 reads
2021-04-14 12:07:05,033 INFO Written out 35600000 reads
2021-04-14 12:07:18,269 INFO Written out 35700000 reads
2021-04-14 12:07:33,647 INFO Written out 35800000 reads
2021-04-14 12:07:49,065 INFO Written out 35900000 reads
2021-04-14 12:07:54,284 INFO Parsed 42000000 input reads
2021-04-14 12:08:02,484 INFO Written out 36000000 reads
2021-04-14 12:08:16,232 INFO Written out 36100000 reads
2021-04-14 12:08:34,401 INFO Written out 36200000 reads
2021-04-14 12:08:46,048 INFO Written out 36300000 reads
2021-04-14 12:09:04,445 INFO Written out 36400000 reads
2021-04-14 12:09:18,486 INFO Written out 36500000 reads
2021-04-14 12:09:32,369 INFO Written out 36600000 reads
2021-04-14 12:09:46,331 INFO Written out 36700000 reads
2021-04-14 12:10:13,037 INFO Parsed 43000000 input reads
2021-04-14 12:10:13,210 INFO Written out 36800000 reads
2021-04-14 12:10:15,152 INFO Written out 36900000 reads
2021-04-14 12:10:19,691 INFO Written out 37000000 reads
2021-04-14 12:10:36,172 INFO Written out 37100000 reads
2021-04-14 12:10:50,647 INFO Written out 37200000 reads
2021-04-14 12:11:09,972 INFO Written out 37300000 reads
2021-04-14 12:11:19,306 INFO Written out 37400000 reads
2021-04-14 12:11:53,718 INFO Written out 37500000 reads
2021-04-14 12:12:12,165 INFO Written out 37600000 reads
2021-04-14 12:12:15,466 INFO Parsed 44000000 input reads
2021-04-14 12:12:23,787 INFO Written out 37700000 reads
2021-04-14 12:12:37,977 INFO Written out 37800000 reads
2021-04-14 12:12:52,216 INFO Written out 37900000 reads
2021-04-14 12:13:06,211 INFO Written out 38000000 reads
2021-04-14 12:13:20,555 INFO Written out 38100000 reads
2021-04-14 12:13:37,119 INFO Written out 38200000 reads
2021-04-14 12:13:51,368 INFO Written out 38300000 reads
2021-04-14 12:14:07,927 INFO Written out 38400000 reads
2021-04-14 12:14:22,432 INFO Written out 38500000 reads
2021-04-14 12:14:22,569 INFO Parsed 45000000 input reads
2021-04-14 12:14:39,062 INFO Written out 38600000 reads
2021-04-14 12:14:55,445 INFO Written out 38700000 reads
2021-04-14 12:15:09,610 INFO Written out 38800000 reads
2021-04-14 12:15:24,284 INFO Written out 38900000 reads
2021-04-14 12:15:51,569 INFO Written out 39000000 reads
2021-04-14 12:16:08,228 INFO Written out 39100000 reads
2021-04-14 12:16:24,988 INFO Written out 39200000 reads
2021-04-14 12:16:39,136 INFO Written out 39300000 reads
2021-04-14 12:16:47,703 INFO Parsed 46000000 input reads
2021-04-14 12:16:53,592 INFO Written out 39400000 reads
2021-04-14 12:17:08,111 INFO Written out 39500000 reads
2021-04-14 12:17:32,778 INFO Written out 39600000 reads
2021-04-14 12:17:37,399 INFO Written out 39700000 reads
2021-04-14 12:17:54,510 INFO Written out 39800000 reads
2021-04-14 12:18:09,257 INFO Written out 39900000 reads
2021-04-14 12:18:26,318 INFO Written out 40000000 reads
2021-04-14 12:18:43,736 INFO Written out 40100000 reads
2021-04-14 12:18:58,557 INFO Written out 40200000 reads
2021-04-14 12:19:01,358 INFO Parsed 47000000 input reads
2021-04-14 12:19:13,539 INFO Written out 40300000 reads
2021-04-14 12:19:28,757 INFO Written out 40400000 reads
2021-04-14 12:19:43,890 INFO Written out 40500000 reads
2021-04-14 12:20:01,180 INFO Written out 40600000 reads
2021-04-14 12:20:26,723 INFO Written out 40700000 reads
2021-04-14 12:20:42,515 INFO Written out 40800000 reads
2021-04-14 12:20:59,723 INFO Written out 40900000 reads
2021-04-14 12:21:16,930 INFO Written out 41000000 reads
2021-04-14 12:21:28,410 INFO Parsed 48000000 input reads
2021-04-14 12:21:31,783 INFO Written out 41100000 reads
2021-04-14 12:21:48,982 INFO Written out 41200000 reads
2021-04-14 12:22:06,152 INFO Written out 41300000 reads
2021-04-14 12:22:20,870 INFO Written out 41400000 reads
2021-04-14 12:22:35,837 INFO Written out 41500000 reads
2021-04-14 12:22:53,207 INFO Written out 41600000 reads
2021-04-14 12:23:08,147 INFO Written out 41700000 reads
2021-04-14 12:23:23,142 INFO Written out 41800000 reads
2021-04-14 12:23:40,673 INFO Written out 41900000 reads
2021-04-14 12:23:48,819 INFO Parsed 49000000 input reads
2021-04-14 12:23:58,315 INFO Written out 42000000 reads
2021-04-14 12:24:15,964 INFO Written out 42100000 reads
2021-04-14 12:24:31,428 INFO Written out 42200000 reads
2021-04-14 12:24:46,834 INFO Written out 42300000 reads
2021-04-14 12:25:04,818 INFO Written out 42400000 reads
2021-04-14 12:25:22,804 INFO Written out 42500000 reads
2021-04-14 12:25:41,040 INFO Written out 42600000 reads
2021-04-14 12:25:59,262 INFO Written out 42700000 reads
2021-04-14 12:26:12,049 INFO Parsed 50000000 input reads
2021-04-14 12:26:15,115 INFO Written out 42800000 reads
2021-04-14 12:26:33,377 INFO Written out 42900000 reads
2021-04-14 12:26:51,802 INFO Written out 43000000 reads
2021-04-14 12:27:10,320 INFO Written out 43100000 reads
2021-04-14 12:27:26,282 INFO Written out 43200000 reads
2021-04-14 12:27:56,746 INFO Written out 43300000 reads
2021-04-14 12:27:58,541 INFO Written out 43400000 reads
2021-04-14 12:28:06,436 INFO Written out 43500000 reads
2021-04-14 12:28:24,732 INFO Written out 43600000 reads
2021-04-14 12:28:33,894 INFO Parsed 51000000 input reads
2021-04-14 12:28:38,143 INFO Written out 43700000 reads
2021-04-14 12:28:56,797 INFO Written out 43800000 reads
2021-04-14 12:29:12,974 INFO Written out 43900000 reads
2021-04-14 12:29:29,132 INFO Written out 44000000 reads
2021-04-14 12:29:50,952 INFO Written out 44100000 reads
2021-04-14 12:30:07,028 INFO Written out 44200000 reads
2021-04-14 12:30:49,822 INFO Written out 44300000 reads
2021-04-14 12:31:07,599 INFO Written out 44400000 reads
2021-04-14 12:31:23,048 INFO Parsed 52000000 input reads
2021-04-14 12:31:23,265 INFO Written out 44500000 reads
2021-04-14 12:31:41,525 INFO Written out 44600000 reads
2021-04-14 12:31:57,458 INFO Written out 44700000 reads
2021-04-14 12:32:13,291 INFO Written out 44800000 reads
2021-04-14 12:32:31,658 INFO Written out 44900000 reads
2021-04-14 12:32:50,243 INFO Written out 45000000 reads
2021-04-14 12:33:08,749 INFO Written out 45100000 reads
2021-04-14 12:33:24,734 INFO Written out 45200000 reads
2021-04-14 12:33:46,286 INFO Written out 45300000 reads
2021-04-14 12:33:52,725 INFO Parsed 53000000 input reads
2021-04-14 12:33:59,605 INFO Written out 45400000 reads
2021-04-14 12:34:18,392 INFO Written out 45500000 reads
2021-04-14 12:34:37,023 INFO Written out 45600000 reads
2021-04-14 12:34:53,434 INFO Written out 45700000 reads
2021-04-14 12:35:07,306 INFO Written out 45800000 reads
2021-04-14 12:35:21,227 INFO Written out 45900000 reads
2021-04-14 12:35:35,024 INFO Written out 46000000 reads
2021-04-14 12:35:46,434 INFO Written out 46100000 reads
2021-04-14 12:36:05,759 INFO Written out 46200000 reads
2021-04-14 12:36:05,898 INFO Parsed 54000000 input reads
2021-04-14 12:36:41,222 INFO Written out 46300000 reads
2021-04-14 12:36:58,082 INFO Written out 46400000 reads
2021-04-14 12:37:00,001 INFO Written out 46500000 reads
2021-04-14 12:37:10,886 INFO Written out 46600000 reads
2021-04-14 12:37:27,005 INFO Written out 46700000 reads
2021-04-14 12:37:43,413 INFO Written out 46800000 reads
2021-04-14 12:38:02,631 INFO Written out 46900000 reads
2021-04-14 12:38:21,797 INFO Written out 47000000 reads
2021-04-14 12:38:28,795 INFO Parsed 55000000 input reads
2021-04-14 12:38:38,294 INFO Written out 47100000 reads
2021-04-14 12:38:57,669 INFO Written out 47200000 reads
2021-04-14 12:39:14,315 INFO Written out 47300000 reads
2021-04-14 12:39:30,762 INFO Written out 47400000 reads
2021-04-14 12:39:50,314 INFO Written out 47500000 reads
2021-04-14 12:40:07,132 INFO Written out 47600000 reads
2021-04-14 12:40:26,757 INFO Written out 47700000 reads
2021-04-14 12:40:46,364 INFO Written out 47800000 reads
2021-04-14 12:41:03,343 INFO Written out 47900000 reads
2021-04-14 12:41:09,458 INFO Parsed 56000000 input reads
2021-04-14 12:41:25,971 INFO Written out 48000000 reads
2021-04-14 12:41:42,835 INFO Written out 48100000 reads
2021-04-14 12:42:19,539 INFO Written out 48200000 reads
2021-04-14 12:42:21,486 INFO Written out 48300000 reads
2021-04-14 12:42:24,286 INFO Written out 48400000 reads
2021-04-14 12:42:38,618 INFO Written out 48500000 reads
2021-04-14 12:43:02,211 INFO Written out 48600000 reads
2021-04-14 12:43:16,734 INFO Written out 48700000 reads
2021-04-14 12:43:27,172 INFO Parsed 57000000 input reads
2021-04-14 12:43:34,306 INFO Written out 48800000 reads
2021-04-14 12:43:54,989 INFO Written out 48900000 reads
2021-04-14 12:44:12,684 INFO Written out 49000000 reads
2021-04-14 12:44:30,384 INFO Written out 49100000 reads
2021-04-14 12:44:51,112 INFO Written out 49200000 reads
2021-04-14 12:45:09,141 INFO Written out 49300000 reads
2021-04-14 12:45:30,071 INFO Written out 49400000 reads
2021-04-14 12:45:47,840 INFO Written out 49500000 reads
2021-04-14 12:46:09,043 INFO Written out 49600000 reads
2021-04-14 12:46:12,470 INFO Parsed 58000000 input reads
2021-04-14 12:46:27,194 INFO Written out 49700000 reads
2021-04-14 12:47:11,903 INFO Written out 49800000 reads
2021-04-14 12:47:31,867 INFO Written out 49900000 reads
2021-04-14 12:47:48,949 INFO Written out 50000000 reads
2021-04-14 12:48:06,059 INFO Written out 50100000 reads
2021-04-14 12:48:23,490 INFO Written out 50200000 reads
2021-04-14 12:48:43,550 INFO Written out 50300000 reads
2021-04-14 12:49:00,807 INFO Written out 50400000 reads
2021-04-14 12:49:14,409 INFO Parsed 59000000 input reads
2021-04-14 12:49:21,076 INFO Written out 50500000 reads
2021-04-14 12:49:38,263 INFO Written out 50600000 reads
2021-04-14 12:49:55,619 INFO Written out 50700000 reads
2021-04-14 12:50:15,950 INFO Written out 50800000 reads
2021-04-14 12:50:36,438 INFO Written out 50900000 reads
2021-04-14 12:50:54,070 INFO Written out 51000000 reads
2021-04-14 12:51:11,902 INFO Written out 51100000 reads
2021-04-14 12:51:32,775 INFO Written out 51200000 reads
2021-04-14 12:51:53,618 INFO Written out 51300000 reads
2021-04-14 12:51:57,564 INFO Parsed 60000000 input reads
2021-04-14 12:52:11,610 INFO Written out 51400000 reads
2021-04-14 12:52:32,866 INFO Written out 51500000 reads
2021-04-14 12:52:53,747 INFO Written out 51600000 reads
2021-04-14 12:53:11,993 INFO Written out 51700000 reads
2021-04-14 12:53:30,206 INFO Written out 51800000 reads
2021-04-14 12:53:48,341 INFO Written out 51900000 reads
2021-04-14 12:54:09,547 INFO Written out 52000000 reads
2021-04-14 12:54:34,120 INFO Written out 52100000 reads
2021-04-14 12:54:46,051 INFO Parsed 61000000 input reads
2021-04-14 12:54:49,495 INFO Written out 52200000 reads
2021-04-14 12:55:11,027 INFO Written out 52300000 reads
2021-04-14 12:55:47,052 INFO Written out 52400000 reads
2021-04-14 12:56:02,057 INFO Written out 52500000 reads
2021-04-14 12:56:20,013 INFO Written out 52600000 reads
2021-04-14 12:56:41,246 INFO Written out 52700000 reads
2021-04-14 12:56:55,981 INFO Written out 52800000 reads
2021-04-14 12:57:13,825 INFO Written out 52900000 reads
2021-04-14 12:57:34,772 INFO Written out 53000000 reads
2021-04-14 12:57:41,918 INFO Parsed 62000000 input reads
2021-04-14 12:57:55,779 INFO Written out 53100000 reads
2021-04-14 12:58:13,726 INFO Written out 53200000 reads
2021-04-14 12:58:34,704 INFO Written out 53300000 reads
2021-04-14 12:58:52,774 INFO Written out 53400000 reads
2021-04-14 12:59:10,930 INFO Written out 53500000 reads
2021-04-14 12:59:32,266 INFO Written out 53600000 reads
2021-04-14 12:59:50,648 INFO Written out 53700000 reads
2021-04-14 13:00:12,207 INFO Written out 53800000 reads
2021-04-14 13:00:33,848 INFO Parsed 63000000 input reads
2021-04-14 13:00:34,000 INFO Written out 53900000 reads
2021-04-14 13:00:52,867 INFO Written out 54000000 reads
2021-04-14 13:01:14,529 INFO Written out 54100000 reads
2021-04-14 13:01:33,214 INFO Written out 54200000 reads
2021-04-14 13:01:55,096 INFO Written out 54300000 reads
2021-04-14 13:02:17,148 INFO Written out 54400000 reads
2021-04-14 13:02:36,179 INFO Written out 54500000 reads
2021-04-14 13:02:58,579 INFO Written out 54600000 reads
2021-04-14 13:03:17,682 INFO Written out 54700000 reads
2021-04-14 13:03:28,995 INFO Parsed 64000000 input reads
2021-04-14 13:03:40,200 INFO Written out 54800000 reads
2021-04-14 13:03:59,467 INFO Written out 54900000 reads
2021-04-14 13:04:21,918 INFO Written out 55000000 reads
2021-04-14 13:04:47,808 INFO Written out 55100000 reads
2021-04-14 13:05:24,130 INFO Written out 55200000 reads
2021-04-14 13:05:45,879 INFO Written out 55300000 reads
2021-04-14 13:06:05,007 INFO Written out 55400000 reads
2021-04-14 13:06:30,477 INFO Written out 55500000 reads
2021-04-14 13:06:46,275 INFO Written out 55600000 reads
2021-04-14 13:06:46,524 INFO Parsed 65000000 input reads
2021-04-14 13:07:05,386 INFO Written out 55700000 reads
2021-04-14 13:07:30,964 INFO Written out 55800000 reads
2021-04-14 13:07:53,743 INFO Written out 55900000 reads
2021-04-14 13:08:09,636 INFO Written out 56000000 reads
2021-04-14 13:08:32,209 INFO Written out 56100000 reads
2021-04-14 13:08:58,051 INFO Written out 56200000 reads
2021-04-14 13:09:17,424 INFO Written out 56300000 reads
2021-04-14 13:09:36,953 INFO Written out 56400000 reads
2021-04-14 13:09:52,254 INFO Parsed 66000000 input reads
2021-04-14 13:10:00,063 INFO Written out 56500000 reads
2021-04-14 13:10:19,617 INFO Written out 56600000 reads
2021-04-14 13:10:42,429 INFO Written out 56700000 reads
2021-04-14 13:11:02,211 INFO Written out 56800000 reads
2021-04-14 13:11:25,450 INFO Written out 56900000 reads
2021-04-14 13:11:45,228 INFO Written out 57000000 reads
2021-04-14 13:12:08,571 INFO Written out 57100000 reads
2021-04-14 13:12:31,874 INFO Written out 57200000 reads
2021-04-14 13:12:48,537 INFO Written out 57300000 reads
2021-04-14 13:12:48,954 INFO Parsed 67000000 input reads
2021-04-14 13:13:08,353 INFO Written out 57400000 reads
2021-04-14 13:13:28,407 INFO Written out 57500000 reads
2021-04-14 13:13:55,082 INFO Written out 57600000 reads
2021-04-14 13:14:32,528 INFO Written out 57700000 reads
2021-04-14 13:14:55,049 INFO Written out 57800000 reads
2021-04-14 13:15:14,659 INFO Written out 57900000 reads
2021-04-14 13:15:34,223 INFO Written out 58000000 reads
2021-04-14 13:15:57,073 INFO Written out 58100000 reads
2021-04-14 13:16:12,895 INFO Parsed 68000000 input reads
2021-04-14 13:16:16,964 INFO Written out 58200000 reads
2021-04-14 13:16:39,981 INFO Written out 58300000 reads
2021-04-14 13:16:59,636 INFO Written out 58400000 reads
2021-04-14 13:17:22,942 INFO Written out 58500000 reads
2021-04-14 13:17:42,886 INFO Written out 58600000 reads
2021-04-14 13:18:06,097 INFO Written out 58700000 reads
2021-04-14 13:18:29,534 INFO Written out 58800000 reads
2021-04-14 13:18:56,513 INFO Written out 58900000 reads
2021-04-14 13:19:16,438 INFO Written out 59000000 reads
2021-04-14 13:19:17,269 INFO Parsed 69000000 input reads
2021-04-14 13:19:36,713 INFO Written out 59100000 reads
2021-04-14 13:19:56,784 INFO Written out 59200000 reads
2021-04-14 13:20:13,547 INFO Written out 59300000 reads
2021-04-14 13:20:34,031 INFO Written out 59400000 reads
2021-04-14 13:20:54,419 INFO Written out 59500000 reads
2021-04-14 13:21:18,395 INFO Written out 59600000 reads
2021-04-14 13:23:12,830 INFO Written out 59700000 reads
2021-04-14 13:23:14,791 INFO Written out 59800000 reads
2021-04-14 13:23:16,411 INFO Parsed 70000000 input reads
2021-04-14 13:23:16,619 INFO Written out 59900000 reads
2021-04-14 13:23:18,489 INFO Written out 60000000 reads
2021-04-14 13:23:21,109 INFO Written out 60100000 reads
2021-04-14 13:23:23,213 INFO Written out 60200000 reads
2021-04-14 13:23:25,378 INFO Written out 60300000 reads
2021-04-14 13:23:27,670 INFO Written out 60400000 reads
2021-04-14 13:23:31,680 INFO Written out 60500000 reads
2021-04-14 13:23:34,981 INFO Written out 60600000 reads
2021-04-14 13:23:39,300 INFO Written out 60700000 reads
2021-04-14 13:23:40,326 INFO Parsed 71000000 input reads
2021-04-14 13:23:42,396 INFO Written out 60800000 reads
2021-04-14 13:23:45,906 INFO Written out 60900000 reads
2021-04-14 13:23:49,640 INFO Written out 61000000 reads
2021-04-14 13:23:53,179 INFO Written out 61100000 reads
2021-04-14 13:23:55,496 INFO Written out 61200000 reads
2021-04-14 13:23:58,056 INFO Written out 61300000 reads
2021-04-14 13:24:00,742 INFO Written out 61400000 reads
2021-04-14 13:24:03,065 INFO Written out 61500000 reads
2021-04-14 13:24:05,218 INFO Parsed 72000000 input reads
2021-04-14 13:24:05,609 INFO Written out 61600000 reads
2021-04-14 13:24:07,919 INFO Written out 61700000 reads
2021-04-14 13:24:11,315 INFO Written out 61800000 reads
2021-04-14 13:24:14,401 INFO Written out 61900000 reads
2021-04-14 13:24:17,340 INFO Written out 62000000 reads
2021-04-14 13:24:19,244 INFO Written out 62100000 reads
2021-04-14 13:24:21,292 INFO Written out 62200000 reads
2021-04-14 13:24:23,177 INFO Written out 62300000 reads
2021-04-14 13:24:25,038 INFO Written out 62400000 reads
2021-04-14 13:24:26,159 INFO Parsed 73000000 input reads
2021-04-14 13:24:27,627 INFO Written out 62500000 reads
2021-04-14 13:24:29,564 INFO Written out 62600000 reads
2021-04-14 13:24:53,638 INFO Written out 62700000 reads
2021-04-14 13:24:58,138 INFO Written out 62800000 reads
2021-04-14 13:25:02,645 INFO Written out 62900000 reads
2021-04-14 13:25:29,144 INFO Written out 63000000 reads
2021-04-14 13:25:52,090 INFO Written out 63100000 reads
2021-04-14 13:26:14,236 INFO Written out 63200000 reads
2021-04-14 13:26:37,179 INFO Parsed 74000000 input reads
2021-04-14 13:26:37,902 INFO Written out 63300000 reads
2021-04-14 13:26:57,429 INFO Searching for mates for 0 unmatched alignments
2021-04-14 13:29:59,056 INFO 0 mates never found
2021-04-14 13:43:07,460 INFO Reads: Input Reads: 74117298, Read pairs: 74117298, Read 2 unmapped: 4942
2021-04-14 13:43:07,461 INFO Number of reads out: 63384823
2021-04-14 13:43:07,461 INFO Total number of positions deduplicated: 53434511
2021-04-14 13:43:07,461 INFO Mean number of unique UMIs per position: 1.19
2021-04-14 13:43:07,461 INFO Max. number of unique UMIs per position: 2651
# job finished in 9636 seconds at Wed Apr 14 13:43:07 2021 -- 9468.52 120.43  0.00  0.00 -- 1af385f0-015b-4ffa-8425-64b677e886f5
