# UMI-tools version: 1.1.1
# output generated by dedup -I 03_alignedData/bam/20_KB_C4Aligned.sortedByCoord.out.bam -L 04_dedupUmis/log/20_KB_C4.log -S 04_dedupUmis/bam/20_KB_C4.bam --umi-separator=: --temp-dir=. --paired --output-stats=04_dedupUmis/log/20_KB_C4
# job started at Wed Apr 14 11:05:24 2021 on r25-n13 -- 973e1050-7030-4a9b-953c-6d9e30a2be70
# pid: 212164, system: Linux 3.10.0-1062.9.1.el7.x86_64 #1 SMP Mon Dec 2 08:31:54 EST 2019 x86_64
# assigned_tag                            : None
# cell_tag                                : None
# cell_tag_delim                          : None
# cell_tag_split                          : -
# chimeric_pairs                          : use
# chrom                                   : None
# compresslevel                           : 6
# detection_method                        : None
# filter_umi                              : None
# gene_tag                                : None
# gene_transcript_map                     : None
# get_umi_method                          : read_id
# ignore_tlen                             : False
# ignore_umi                              : False
# in_sam                                  : False
# log2stderr                              : False
# loglevel                                : 1
# mapping_quality                         : 0
# method                                  : directional
# no_sort_output                          : False
# out_sam                                 : False
# output_unmapped                         : False
# paired                                  : True
# per_cell                                : False
# per_contig                              : False
# per_gene                                : False
# random_seed                             : None
# read_length                             : False
# short_help                              : None
# skip_regex                              : ^(__|Unassigned)
# soft_clip_threshold                     : 4
# spliced                                 : False
# stats                                   : 04_dedupUmis/log/20_KB_C4
# stderr                                  : <_io.TextIOWrapper name='<stderr>' mode='w' encoding='UTF-8'>
# stdin                                   : <_io.TextIOWrapper name='03_alignedData/bam/20_KB_C4Aligned.sortedByCoord.out.bam' mode='r' encoding='UTF-8'>
# stdlog                                  : <_io.TextIOWrapper name='04_dedupUmis/log/20_KB_C4.log' mode='a' encoding='UTF-8'>
# stdout                                  : <_io.TextIOWrapper name='04_dedupUmis/bam/20_KB_C4.bam' mode='w' encoding='UTF-8'>
# subset                                  : None
# threshold                               : 1
# timeit_file                             : None
# timeit_header                           : None
# timeit_name                             : all
# tmpdir                                  : .
# umi_sep                                 : :
# umi_tag                                 : RX
# umi_tag_delim                           : None
# umi_tag_split                           : None
# umi_whitelist                           : None
# umi_whitelist_paired                    : None
# unmapped_reads                          : discard
# unpaired_reads                          : use
# whole_contig                            : False
2021-04-14 11:05:24,011 WARNING Chimeric read pairs are being used. Some read pair UMIs may be grouped/deduplicated using just the mapping coordinates from read1.This may also increase the run time and memory usage. Consider --chimeric-pairs==discard to discard these reads or --chimeric-pairs==output (group command only) to output them without grouping
2021-04-14 11:05:24,012 WARNING Unpaired read pairs are being used. Some read pair UMIs may be grouped/deduplicated using just the mapping coordinates from read1.This may also increase the run time and memory usage. Consider --unpared-reads==discard to discard these reads or --unpared-reads==output (group command only) to output them without grouping
2021-04-14 11:05:24,012 INFO command: dedup -I 03_alignedData/bam/20_KB_C4Aligned.sortedByCoord.out.bam -L 04_dedupUmis/log/20_KB_C4.log -S 04_dedupUmis/bam/20_KB_C4.bam --umi-separator=: --temp-dir=. --paired --output-stats=04_dedupUmis/log/20_KB_C4
2021-04-14 11:11:11,966 INFO total_umis 84526828
2021-04-14 11:11:11,981 INFO #umis 66097
2021-04-14 11:15:36,713 INFO Written out 100000 reads
2021-04-14 11:15:41,308 INFO Written out 200000 reads
2021-04-14 11:15:46,371 INFO Written out 300000 reads
2021-04-14 11:15:51,457 INFO Written out 400000 reads
2021-04-14 11:15:56,667 INFO Written out 500000 reads
2021-04-14 11:16:01,596 INFO Written out 600000 reads
2021-04-14 11:16:06,944 INFO Written out 700000 reads
2021-04-14 11:16:12,338 INFO Parsed 1000000 input reads
2021-04-14 11:16:12,507 INFO Written out 800000 reads
2021-04-14 11:16:18,379 INFO Written out 900000 reads
2021-04-14 11:16:24,013 INFO Written out 1000000 reads
2021-04-14 11:16:29,868 INFO Written out 1100000 reads
2021-04-14 11:16:35,893 INFO Written out 1200000 reads
2021-04-14 11:16:41,865 INFO Written out 1300000 reads
2021-04-14 11:16:47,946 INFO Written out 1400000 reads
2021-04-14 11:16:54,052 INFO Written out 1500000 reads
2021-04-14 11:17:01,184 INFO Parsed 2000000 input reads
2021-04-14 11:17:01,319 INFO Written out 1600000 reads
2021-04-14 11:17:07,481 INFO Written out 1700000 reads
2021-04-14 11:17:13,887 INFO Written out 1800000 reads
2021-04-14 11:17:20,468 INFO Written out 1900000 reads
2021-04-14 11:17:27,718 INFO Written out 2000000 reads
2021-04-14 11:17:35,070 INFO Written out 2100000 reads
2021-04-14 11:17:41,811 INFO Written out 2200000 reads
2021-04-14 11:17:49,369 INFO Written out 2300000 reads
2021-04-14 11:17:55,520 INFO Parsed 3000000 input reads
2021-04-14 11:17:56,430 INFO Written out 2400000 reads
2021-04-14 11:18:03,364 INFO Written out 2500000 reads
2021-04-14 11:18:10,042 INFO Written out 2600000 reads
2021-04-14 11:18:41,216 INFO Written out 2700000 reads
2021-04-14 11:18:48,344 INFO Written out 2800000 reads
2021-04-14 11:18:53,888 INFO Written out 2900000 reads
2021-04-14 11:19:00,735 INFO Written out 3000000 reads
2021-04-14 11:19:07,362 INFO Written out 3100000 reads
2021-04-14 11:19:12,713 INFO Parsed 4000000 input reads
2021-04-14 11:19:13,812 INFO Written out 3200000 reads
2021-04-14 11:19:20,062 INFO Written out 3300000 reads
2021-04-14 11:19:27,008 INFO Written out 3400000 reads
2021-04-14 11:19:33,539 INFO Written out 3500000 reads
2021-04-14 11:19:40,608 INFO Written out 3600000 reads
2021-04-14 11:19:47,478 INFO Written out 3700000 reads
2021-04-14 11:19:55,106 INFO Written out 3800000 reads
2021-04-14 11:20:01,889 INFO Written out 3900000 reads
2021-04-14 11:20:06,931 INFO Parsed 5000000 input reads
2021-04-14 11:20:08,776 INFO Written out 4000000 reads
2021-04-14 11:20:16,221 INFO Written out 4100000 reads
2021-04-14 11:20:24,426 INFO Written out 4200000 reads
2021-04-14 11:20:30,978 INFO Written out 4300000 reads
2021-04-14 11:20:39,194 INFO Written out 4400000 reads
2021-04-14 11:20:48,341 INFO Written out 4500000 reads
2021-04-14 11:20:54,749 INFO Written out 4600000 reads
2021-04-14 11:21:02,012 INFO Written out 4700000 reads
2021-04-14 11:21:08,066 INFO Parsed 6000000 input reads
2021-04-14 11:21:10,636 INFO Written out 4800000 reads
2021-04-14 11:21:23,416 INFO Written out 4900000 reads
2021-04-14 11:21:26,030 INFO Written out 5000000 reads
2021-04-14 11:21:56,054 INFO Written out 5100000 reads
2021-04-14 11:22:03,724 INFO Written out 5200000 reads
2021-04-14 11:22:11,924 INFO Written out 5300000 reads
2021-04-14 11:22:18,616 INFO Written out 5400000 reads
2021-04-14 11:22:25,802 INFO Written out 5500000 reads
2021-04-14 11:22:30,568 INFO Parsed 7000000 input reads
2021-04-14 11:22:33,251 INFO Written out 5600000 reads
2021-04-14 11:22:41,699 INFO Written out 5700000 reads
2021-04-14 11:22:48,475 INFO Written out 5800000 reads
2021-04-14 11:22:56,325 INFO Written out 5900000 reads
2021-04-14 11:23:04,283 INFO Written out 6000000 reads
2021-04-14 11:23:13,340 INFO Written out 6100000 reads
2021-04-14 11:23:21,287 INFO Written out 6200000 reads
2021-04-14 11:23:31,121 INFO Written out 6300000 reads
2021-04-14 11:23:33,860 INFO Parsed 8000000 input reads
2021-04-14 11:23:36,868 INFO Written out 6400000 reads
2021-04-14 11:23:46,105 INFO Written out 6500000 reads
2021-04-14 11:23:54,560 INFO Written out 6600000 reads
2021-04-14 11:24:04,120 INFO Written out 6700000 reads
2021-04-14 11:24:14,908 INFO Written out 6800000 reads
2021-04-14 11:24:22,152 INFO Written out 6900000 reads
2021-04-14 11:24:31,257 INFO Written out 7000000 reads
2021-04-14 11:24:40,285 INFO Written out 7100000 reads
2021-04-14 11:24:45,222 INFO Parsed 9000000 input reads
2021-04-14 11:24:49,820 INFO Written out 7200000 reads
2021-04-14 11:25:19,494 INFO Written out 7300000 reads
2021-04-14 11:25:28,579 INFO Written out 7400000 reads
2021-04-14 11:25:37,316 INFO Written out 7500000 reads
2021-04-14 11:25:45,980 INFO Written out 7600000 reads
2021-04-14 11:25:55,357 INFO Written out 7700000 reads
2021-04-14 11:26:02,993 INFO Written out 7800000 reads
2021-04-14 11:26:12,561 INFO Written out 7900000 reads
2021-04-14 11:26:17,466 INFO Parsed 10000000 input reads
2021-04-14 11:26:20,818 INFO Written out 8000000 reads
2021-04-14 11:26:30,734 INFO Written out 8100000 reads
2021-04-14 11:26:41,656 INFO Written out 8200000 reads
2021-04-14 11:26:53,373 INFO Written out 8300000 reads
2021-04-14 11:26:56,142 INFO Written out 8400000 reads
2021-04-14 11:27:03,594 INFO Written out 8500000 reads
2021-04-14 11:27:13,874 INFO Written out 8600000 reads
2021-04-14 11:27:23,100 INFO Written out 8700000 reads
2021-04-14 11:27:29,585 INFO Parsed 11000000 input reads
2021-04-14 11:27:33,539 INFO Written out 8800000 reads
2021-04-14 11:27:42,864 INFO Written out 8900000 reads
2021-04-14 11:27:52,573 INFO Written out 9000000 reads
2021-04-14 11:28:02,085 INFO Written out 9100000 reads
2021-04-14 11:28:30,319 INFO Written out 9200000 reads
2021-04-14 11:28:41,261 INFO Written out 9300000 reads
2021-04-14 11:28:47,609 INFO Written out 9400000 reads
2021-04-14 11:28:56,626 INFO Written out 9500000 reads
2021-04-14 11:29:01,609 INFO Parsed 12000000 input reads
2021-04-14 11:29:06,847 INFO Written out 9600000 reads
2021-04-14 11:29:19,818 INFO Written out 9700000 reads
2021-04-14 11:29:23,179 INFO Written out 9800000 reads
2021-04-14 11:29:33,936 INFO Written out 9900000 reads
2021-04-14 11:29:43,237 INFO Written out 10000000 reads
2021-04-14 11:29:54,125 INFO Written out 10100000 reads
2021-04-14 11:30:03,444 INFO Written out 10200000 reads
2021-04-14 11:30:14,591 INFO Written out 10300000 reads
2021-04-14 11:30:18,825 INFO Parsed 13000000 input reads
2021-04-14 11:30:24,528 INFO Written out 10400000 reads
2021-04-14 11:30:35,530 INFO Written out 10500000 reads
2021-04-14 11:30:45,646 INFO Written out 10600000 reads
2021-04-14 11:30:56,887 INFO Written out 10700000 reads
2021-04-14 11:31:05,454 INFO Written out 10800000 reads
2021-04-14 11:31:17,152 INFO Written out 10900000 reads
2021-04-14 11:31:27,228 INFO Written out 11000000 reads
2021-04-14 11:31:39,123 INFO Written out 11100000 reads
2021-04-14 11:31:43,293 INFO Parsed 14000000 input reads
2021-04-14 11:31:49,478 INFO Written out 11200000 reads
2021-04-14 11:32:00,412 INFO Written out 11300000 reads
2021-04-14 11:32:11,193 INFO Written out 11400000 reads
2021-04-14 11:32:46,316 INFO Written out 11500000 reads
2021-04-14 11:32:53,247 INFO Written out 11600000 reads
2021-04-14 11:33:04,180 INFO Written out 11700000 reads
2021-04-14 11:33:13,976 INFO Written out 11800000 reads
2021-04-14 11:33:26,577 INFO Written out 11900000 reads
2021-04-14 11:33:27,796 INFO Parsed 15000000 input reads
2021-04-14 11:33:33,932 INFO Written out 12000000 reads
2021-04-14 11:33:44,410 INFO Written out 12100000 reads
2021-04-14 11:33:56,515 INFO Written out 12200000 reads
2021-04-14 11:34:07,300 INFO Written out 12300000 reads
2021-04-14 11:34:17,537 INFO Written out 12400000 reads
2021-04-14 11:34:28,992 INFO Written out 12500000 reads
2021-04-14 11:34:40,797 INFO Written out 12600000 reads
2021-04-14 11:34:51,743 INFO Written out 12700000 reads
2021-04-14 11:34:55,911 INFO Parsed 16000000 input reads
2021-04-14 11:35:01,783 INFO Written out 12800000 reads
2021-04-14 11:35:09,303 INFO Written out 12900000 reads
2021-04-14 11:35:17,667 INFO Written out 13000000 reads
2021-04-14 11:35:25,387 INFO Written out 13100000 reads
2021-04-14 11:35:34,046 INFO Written out 13200000 reads
2021-04-14 11:35:45,307 INFO Written out 13300000 reads
2021-04-14 11:35:47,437 INFO Written out 13400000 reads
2021-04-14 11:35:56,330 INFO Written out 13500000 reads
2021-04-14 11:35:58,324 INFO Parsed 17000000 input reads
2021-04-14 11:36:04,192 INFO Written out 13600000 reads
2021-04-14 11:36:15,813 INFO Written out 13700000 reads
2021-04-14 11:36:17,487 INFO Written out 13800000 reads
2021-04-14 11:36:22,970 INFO Written out 13900000 reads
2021-04-14 11:36:33,367 INFO Written out 14000000 reads
2021-04-14 11:36:40,431 INFO Written out 14100000 reads
2021-04-14 11:36:48,719 INFO Written out 14200000 reads
2021-04-14 11:37:14,179 INFO Written out 14300000 reads
2021-04-14 11:37:18,141 INFO Parsed 18000000 input reads
2021-04-14 11:37:23,025 INFO Written out 14400000 reads
2021-04-14 11:37:31,130 INFO Written out 14500000 reads
2021-04-14 11:37:39,180 INFO Written out 14600000 reads
2021-04-14 11:37:48,277 INFO Written out 14700000 reads
2021-04-14 11:37:56,440 INFO Written out 14800000 reads
2021-04-14 11:38:04,650 INFO Written out 14900000 reads
2021-04-14 11:38:12,959 INFO Written out 15000000 reads
2021-04-14 11:38:22,380 INFO Written out 15100000 reads
2021-04-14 11:38:24,406 INFO Parsed 19000000 input reads
2021-04-14 11:38:30,888 INFO Written out 15200000 reads
2021-04-14 11:38:40,290 INFO Written out 15300000 reads
2021-04-14 11:38:49,830 INFO Written out 15400000 reads
2021-04-14 11:38:58,189 INFO Written out 15500000 reads
2021-04-14 11:39:06,809 INFO Written out 15600000 reads
2021-04-14 11:39:15,529 INFO Written out 15700000 reads
2021-04-14 11:39:23,004 INFO Written out 15800000 reads
2021-04-14 11:39:32,790 INFO Written out 15900000 reads
2021-04-14 11:39:36,147 INFO Parsed 20000000 input reads
2021-04-14 11:39:41,545 INFO Written out 16000000 reads
2021-04-14 11:39:50,517 INFO Written out 16100000 reads
2021-04-14 11:40:00,700 INFO Written out 16200000 reads
2021-04-14 11:40:22,763 INFO Written out 16300000 reads
2021-04-14 11:40:34,117 INFO Written out 16400000 reads
2021-04-14 11:40:40,603 INFO Written out 16500000 reads
2021-04-14 11:40:51,017 INFO Written out 16600000 reads
2021-04-14 11:41:00,050 INFO Written out 16700000 reads
2021-04-14 11:41:02,148 INFO Parsed 21000000 input reads
2021-04-14 11:41:10,720 INFO Written out 16800000 reads
2021-04-14 11:41:19,742 INFO Written out 16900000 reads
2021-04-14 11:41:31,946 INFO Written out 17000000 reads
2021-04-14 11:41:38,509 INFO Written out 17100000 reads
2021-04-14 11:41:48,090 INFO Written out 17200000 reads
2021-04-14 11:41:58,719 INFO Written out 17300000 reads
2021-04-14 11:42:08,247 INFO Written out 17400000 reads
2021-04-14 11:42:19,361 INFO Written out 17500000 reads
2021-04-14 11:42:21,286 INFO Parsed 22000000 input reads
2021-04-14 11:42:28,718 INFO Written out 17600000 reads
2021-04-14 11:42:39,489 INFO Written out 17700000 reads
2021-04-14 11:42:50,363 INFO Written out 17800000 reads
2021-04-14 11:43:00,063 INFO Written out 17900000 reads
2021-04-14 11:43:09,671 INFO Written out 18000000 reads
2021-04-14 11:43:19,577 INFO Written out 18100000 reads
2021-04-14 11:43:29,590 INFO Written out 18200000 reads
2021-04-14 11:43:40,913 INFO Written out 18300000 reads
2021-04-14 11:43:43,065 INFO Parsed 23000000 input reads
2021-04-14 11:43:54,860 INFO Written out 18400000 reads
2021-04-14 11:44:00,201 INFO Written out 18500000 reads
2021-04-14 11:44:12,089 INFO Written out 18600000 reads
2021-04-14 11:44:22,764 INFO Written out 18700000 reads
2021-04-14 11:44:33,973 INFO Written out 18800000 reads
2021-04-14 11:44:45,424 INFO Written out 18900000 reads
2021-04-14 11:45:19,683 INFO Written out 19000000 reads
2021-04-14 11:45:33,253 INFO Written out 19100000 reads
2021-04-14 11:45:33,646 INFO Parsed 24000000 input reads
2021-04-14 11:45:44,048 INFO Written out 19200000 reads
2021-04-14 11:45:49,508 INFO Written out 19300000 reads
2021-04-14 11:45:59,830 INFO Written out 19400000 reads
2021-04-14 11:46:10,209 INFO Written out 19500000 reads
2021-04-14 11:46:21,908 INFO Written out 19600000 reads
2021-04-14 11:46:32,164 INFO Written out 19700000 reads
2021-04-14 11:46:44,412 INFO Written out 19800000 reads
2021-04-14 11:46:55,016 INFO Written out 19900000 reads
2021-04-14 11:46:57,150 INFO Parsed 25000000 input reads
2021-04-14 11:47:07,236 INFO Written out 20000000 reads
2021-04-14 11:47:17,724 INFO Written out 20100000 reads
2021-04-14 11:47:28,528 INFO Written out 20200000 reads
2021-04-14 11:47:39,451 INFO Written out 20300000 reads
2021-04-14 11:47:52,090 INFO Written out 20400000 reads
2021-04-14 11:48:03,054 INFO Written out 20500000 reads
2021-04-14 11:48:14,508 INFO Written out 20600000 reads
2021-04-14 11:48:27,260 INFO Written out 20700000 reads
2021-04-14 11:48:29,326 INFO Parsed 26000000 input reads
2021-04-14 11:48:38,830 INFO Written out 20800000 reads
2021-04-14 11:48:52,064 INFO Written out 20900000 reads
2021-04-14 11:49:20,111 INFO Written out 21000000 reads
2021-04-14 11:49:30,914 INFO Written out 21100000 reads
2021-04-14 11:49:43,379 INFO Written out 21200000 reads
2021-04-14 11:49:54,518 INFO Written out 21300000 reads
2021-04-14 11:50:05,713 INFO Written out 21400000 reads
2021-04-14 11:50:18,398 INFO Written out 21500000 reads
2021-04-14 11:50:18,616 INFO Parsed 27000000 input reads
2021-04-14 11:50:29,632 INFO Written out 21600000 reads
2021-04-14 11:50:40,823 INFO Written out 21700000 reads
2021-04-14 11:50:53,994 INFO Written out 21800000 reads
2021-04-14 11:51:03,729 INFO Written out 21900000 reads
2021-04-14 11:51:16,664 INFO Written out 22000000 reads
2021-04-14 11:51:28,020 INFO Written out 22100000 reads
2021-04-14 11:51:39,790 INFO Written out 22200000 reads
2021-04-14 11:51:51,702 INFO Written out 22300000 reads
2021-04-14 11:51:51,878 INFO Parsed 28000000 input reads
2021-04-14 11:52:03,853 INFO Written out 22400000 reads
2021-04-14 11:52:17,889 INFO Written out 22500000 reads
2021-04-14 11:52:29,834 INFO Written out 22600000 reads
2021-04-14 11:52:43,522 INFO Written out 22700000 reads
2021-04-14 11:52:55,725 INFO Written out 22800000 reads
2021-04-14 11:53:27,388 INFO Written out 22900000 reads
2021-04-14 11:53:36,733 INFO Written out 23000000 reads
2021-04-14 11:53:48,096 INFO Parsed 29000000 input reads
2021-04-14 11:53:48,176 INFO Written out 23100000 reads
2021-04-14 11:54:01,306 INFO Written out 23200000 reads
2021-04-14 11:54:16,516 INFO Written out 23300000 reads
2021-04-14 11:54:24,628 INFO Written out 23400000 reads
2021-04-14 11:54:36,319 INFO Written out 23500000 reads
2021-04-14 11:54:49,783 INFO Written out 23600000 reads
2021-04-14 11:55:03,390 INFO Written out 23700000 reads
2021-04-14 11:55:15,171 INFO Written out 23800000 reads
2021-04-14 11:55:27,034 INFO Parsed 30000000 input reads
2021-04-14 11:55:27,245 INFO Written out 23900000 reads
2021-04-14 11:55:39,451 INFO Written out 24000000 reads
2021-04-14 11:55:51,698 INFO Written out 24100000 reads
2021-04-14 11:56:05,998 INFO Written out 24200000 reads
2021-04-14 11:56:18,313 INFO Written out 24300000 reads
2021-04-14 11:56:46,982 INFO Written out 24400000 reads
2021-04-14 11:56:49,380 INFO Written out 24500000 reads
2021-04-14 11:56:51,574 INFO Written out 24600000 reads
2021-04-14 11:56:53,988 INFO Parsed 31000000 input reads
2021-04-14 11:56:54,336 INFO Written out 24700000 reads
2021-04-14 11:57:07,298 INFO Written out 24800000 reads
2021-04-14 11:57:20,328 INFO Written out 24900000 reads
2021-04-14 11:57:36,917 INFO Written out 25000000 reads
2021-04-14 11:57:49,685 INFO Written out 25100000 reads
2021-04-14 11:58:02,625 INFO Written out 25200000 reads
2021-04-14 11:58:15,495 INFO Written out 25300000 reads
2021-04-14 11:58:28,360 INFO Written out 25400000 reads
2021-04-14 11:58:40,885 INFO Parsed 32000000 input reads
2021-04-14 11:58:43,532 INFO Written out 25500000 reads
2021-04-14 11:58:56,667 INFO Written out 25600000 reads
2021-04-14 11:59:12,418 INFO Written out 25700000 reads
2021-04-14 11:59:30,827 INFO Written out 25800000 reads
2021-04-14 11:59:37,514 INFO Written out 25900000 reads
2021-04-14 11:59:51,199 INFO Written out 26000000 reads
2021-04-14 12:00:05,113 INFO Written out 26100000 reads
2021-04-14 12:00:46,534 INFO Written out 26200000 reads
2021-04-14 12:00:56,275 INFO Parsed 33000000 input reads
2021-04-14 12:00:59,070 INFO Written out 26300000 reads
2021-04-14 12:01:11,562 INFO Written out 26400000 reads
2021-04-14 12:01:24,598 INFO Written out 26500000 reads
2021-04-14 12:01:37,760 INFO Written out 26600000 reads
2021-04-14 12:01:52,633 INFO Written out 26700000 reads
2021-04-14 12:02:05,720 INFO Written out 26800000 reads
2021-04-14 12:02:21,052 INFO Written out 26900000 reads
2021-04-14 12:02:31,888 INFO Written out 27000000 reads
2021-04-14 12:02:42,093 INFO Parsed 34000000 input reads
2021-04-14 12:02:45,045 INFO Written out 27100000 reads
2021-04-14 12:03:02,515 INFO Written out 27200000 reads
2021-04-14 12:03:13,476 INFO Written out 27300000 reads
2021-04-14 12:03:26,944 INFO Written out 27400000 reads
2021-04-14 12:03:42,465 INFO Written out 27500000 reads
2021-04-14 12:03:56,146 INFO Written out 27600000 reads
2021-04-14 12:04:12,336 INFO Written out 27700000 reads
2021-04-14 12:04:26,263 INFO Written out 27800000 reads
2021-04-14 12:04:37,015 INFO Parsed 35000000 input reads
2021-04-14 12:04:40,228 INFO Written out 27900000 reads
2021-04-14 12:04:56,387 INFO Written out 28000000 reads
2021-04-14 12:05:12,572 INFO Written out 28100000 reads
2021-04-14 12:05:24,507 INFO Written out 28200000 reads
2021-04-14 12:05:43,465 INFO Written out 28300000 reads
2021-04-14 12:05:50,472 INFO Written out 28400000 reads
2021-04-14 12:06:04,740 INFO Written out 28500000 reads
2021-04-14 12:06:19,433 INFO Written out 28600000 reads
2021-04-14 12:06:28,370 INFO Parsed 36000000 input reads
2021-04-14 12:06:34,066 INFO Written out 28700000 reads
2021-04-14 12:06:50,620 INFO Written out 28800000 reads
2021-04-14 12:07:07,654 INFO Written out 28900000 reads
2021-04-14 12:07:21,996 INFO Written out 29000000 reads
2021-04-14 12:07:34,570 INFO Written out 29100000 reads
2021-04-14 12:08:13,715 INFO Written out 29200000 reads
2021-04-14 12:08:29,391 INFO Written out 29300000 reads
2021-04-14 12:08:43,254 INFO Written out 29400000 reads
2021-04-14 12:08:53,500 INFO Parsed 37000000 input reads
2021-04-14 12:08:58,948 INFO Written out 29500000 reads
2021-04-14 12:09:12,610 INFO Written out 29600000 reads
2021-04-14 12:09:26,465 INFO Written out 29700000 reads
2021-04-14 12:09:42,488 INFO Written out 29800000 reads
2021-04-14 12:09:54,390 INFO Written out 29900000 reads
2021-04-14 12:10:05,964 INFO Written out 30000000 reads
2021-04-14 12:10:22,645 INFO Written out 30100000 reads
2021-04-14 12:10:37,138 INFO Written out 30200000 reads
2021-04-14 12:10:45,689 INFO Parsed 38000000 input reads
2021-04-14 12:10:53,617 INFO Written out 30300000 reads
2021-04-14 12:11:07,858 INFO Written out 30400000 reads
2021-04-14 12:11:24,245 INFO Written out 30500000 reads
2021-04-14 12:11:38,701 INFO Written out 30600000 reads
2021-04-14 12:11:55,450 INFO Written out 30700000 reads
2021-04-14 12:12:09,702 INFO Written out 30800000 reads
2021-04-14 12:12:14,368 INFO Written out 30900000 reads
2021-04-14 12:12:26,530 INFO Written out 31000000 reads
2021-04-14 12:12:35,366 INFO Parsed 39000000 input reads
2021-04-14 12:12:43,656 INFO Written out 31100000 reads
2021-04-14 12:13:00,729 INFO Written out 31200000 reads
2021-04-14 12:13:10,366 INFO Written out 31300000 reads
2021-04-14 12:13:25,169 INFO Written out 31400000 reads
2021-04-14 12:13:40,036 INFO Written out 31500000 reads
2021-04-14 12:13:57,172 INFO Written out 31600000 reads
2021-04-14 12:14:07,062 INFO Written out 31700000 reads
2021-04-14 12:14:21,809 INFO Written out 31800000 reads
2021-04-14 12:14:28,108 INFO Parsed 40000000 input reads
2021-04-14 12:14:58,992 INFO Written out 31900000 reads
2021-04-14 12:15:15,343 INFO Written out 32000000 reads
2021-04-14 12:15:29,645 INFO Written out 32100000 reads
2021-04-14 12:15:46,157 INFO Written out 32200000 reads
2021-04-14 12:15:57,749 INFO Written out 32300000 reads
2021-04-14 12:16:14,029 INFO Written out 32400000 reads
2021-04-14 12:16:28,153 INFO Written out 32500000 reads
2021-04-14 12:16:44,731 INFO Written out 32600000 reads
2021-04-14 12:16:50,606 INFO Parsed 41000000 input reads
2021-04-14 12:17:03,900 INFO Written out 32700000 reads
2021-04-14 12:17:11,349 INFO Written out 32800000 reads
2021-04-14 12:17:28,151 INFO Written out 32900000 reads
2021-04-14 12:17:43,097 INFO Written out 33000000 reads
2021-04-14 12:18:00,150 INFO Written out 33100000 reads
2021-04-14 12:18:14,970 INFO Written out 33200000 reads
2021-04-14 12:18:31,769 INFO Written out 33300000 reads
2021-04-14 12:18:49,188 INFO Written out 33400000 reads
2021-04-14 12:18:50,291 INFO Parsed 42000000 input reads
2021-04-14 12:18:59,267 INFO Written out 33500000 reads
2021-04-14 12:19:16,657 INFO Written out 33600000 reads
2021-04-14 12:19:34,172 INFO Written out 33700000 reads
2021-04-14 12:19:47,095 INFO Written out 33800000 reads
2021-04-14 12:20:02,162 INFO Written out 33900000 reads
2021-04-14 12:20:19,669 INFO Written out 34000000 reads
2021-04-14 12:20:29,832 INFO Written out 34100000 reads
2021-04-14 12:20:52,832 INFO Written out 34200000 reads
2021-04-14 12:20:53,608 INFO Parsed 43000000 input reads
2021-04-14 12:21:05,255 INFO Written out 34300000 reads
2021-04-14 12:21:20,671 INFO Written out 34400000 reads
2021-04-14 12:21:38,219 INFO Written out 34500000 reads
2021-04-14 12:22:17,864 INFO Written out 34600000 reads
2021-04-14 12:22:34,661 INFO Written out 34700000 reads
2021-04-14 12:22:52,061 INFO Written out 34800000 reads
2021-04-14 12:23:09,882 INFO Written out 34900000 reads
2021-04-14 12:23:22,420 INFO Written out 35000000 reads
2021-04-14 12:23:27,991 INFO Parsed 44000000 input reads
2021-04-14 12:23:42,012 INFO Written out 35100000 reads
2021-04-14 12:23:57,034 INFO Written out 35200000 reads
2021-04-14 12:24:09,253 INFO Written out 35300000 reads
2021-04-14 12:24:26,538 INFO Written out 35400000 reads
2021-04-14 12:24:43,945 INFO Written out 35500000 reads
2021-04-14 12:24:58,729 INFO Written out 35600000 reads
2021-04-14 12:25:14,031 INFO Written out 35700000 reads
2021-04-14 12:25:29,213 INFO Written out 35800000 reads
2021-04-14 12:25:34,795 INFO Parsed 45000000 input reads
2021-04-14 12:25:46,585 INFO Written out 35900000 reads
2021-04-14 12:26:01,915 INFO Written out 36000000 reads
2021-04-14 12:26:17,118 INFO Written out 36100000 reads
2021-04-14 12:26:35,164 INFO Written out 36200000 reads
2021-04-14 12:27:04,129 INFO Written out 36300000 reads
2021-04-14 12:27:21,653 INFO Written out 36400000 reads
2021-04-14 12:27:36,729 INFO Written out 36500000 reads
2021-04-14 12:27:56,542 INFO Written out 36600000 reads
2021-04-14 12:27:57,164 INFO Parsed 46000000 input reads
2021-04-14 12:28:09,286 INFO Written out 36700000 reads
2021-04-14 12:28:27,255 INFO Written out 36800000 reads
2021-04-14 12:28:42,546 INFO Written out 36900000 reads
2021-04-14 12:28:57,777 INFO Written out 37000000 reads
2021-04-14 12:29:15,442 INFO Written out 37100000 reads
2021-04-14 12:29:30,849 INFO Written out 37200000 reads
2021-04-14 12:29:51,396 INFO Written out 37300000 reads
2021-04-14 12:30:04,370 INFO Written out 37400000 reads
2021-04-14 12:30:07,563 INFO Parsed 47000000 input reads
2021-04-14 12:30:20,135 INFO Written out 37500000 reads
2021-04-14 12:30:38,366 INFO Written out 37600000 reads
2021-04-14 12:30:56,433 INFO Written out 37700000 reads
2021-04-14 12:31:14,708 INFO Written out 37800000 reads
2021-04-14 12:31:27,693 INFO Written out 37900000 reads
2021-04-14 12:31:43,955 INFO Written out 38000000 reads
2021-04-14 12:32:08,328 INFO Written out 38100000 reads
2021-04-14 12:32:27,090 INFO Written out 38200000 reads
2021-04-14 12:32:27,432 INFO Parsed 48000000 input reads
2021-04-14 12:32:29,037 INFO Written out 38300000 reads
2021-04-14 12:32:40,254 INFO Written out 38400000 reads
2021-04-14 12:32:56,681 INFO Written out 38500000 reads
2021-04-14 12:33:24,113 INFO Written out 38600000 reads
2021-04-14 12:33:28,869 INFO Written out 38700000 reads
2021-04-14 12:34:06,061 INFO Written out 38800000 reads
2021-04-14 12:34:26,501 INFO Written out 38900000 reads
2021-04-14 12:34:42,241 INFO Written out 39000000 reads
2021-04-14 12:34:42,506 INFO Parsed 49000000 input reads
2021-04-14 12:34:57,814 INFO Written out 39100000 reads
2021-04-14 12:35:13,681 INFO Written out 39200000 reads
2021-04-14 12:35:29,538 INFO Written out 39300000 reads
2021-04-14 12:35:45,729 INFO Written out 39400000 reads
2021-04-14 12:36:04,539 INFO Written out 39500000 reads
2021-04-14 12:36:17,698 INFO Written out 39600000 reads
2021-04-14 12:36:36,024 INFO Written out 39700000 reads
2021-04-14 12:36:52,067 INFO Written out 39800000 reads
2021-04-14 12:36:55,006 INFO Parsed 50000000 input reads
2021-04-14 12:37:10,873 INFO Written out 39900000 reads
2021-04-14 12:37:26,722 INFO Written out 40000000 reads
2021-04-14 12:37:42,919 INFO Written out 40100000 reads
2021-04-14 12:37:59,296 INFO Written out 40200000 reads
2021-04-14 12:38:21,001 INFO Written out 40300000 reads
2021-04-14 12:38:49,896 INFO Written out 40400000 reads
2021-04-14 12:39:06,286 INFO Written out 40500000 reads
2021-04-14 12:39:24,739 INFO Written out 40600000 reads
2021-04-14 12:39:24,906 INFO Parsed 51000000 input reads
2021-04-14 12:39:40,931 INFO Written out 40700000 reads
2021-04-14 12:39:57,170 INFO Written out 40800000 reads
2021-04-14 12:40:13,391 INFO Written out 40900000 reads
2021-04-14 12:40:40,922 INFO Written out 41000000 reads
2021-04-14 12:40:45,840 INFO Written out 41100000 reads
2021-04-14 12:41:05,106 INFO Written out 41200000 reads
2021-04-14 12:41:21,482 INFO Written out 41300000 reads
2021-04-14 12:41:40,619 INFO Written out 41400000 reads
2021-04-14 12:41:40,694 INFO Parsed 52000000 input reads
2021-04-14 12:41:57,373 INFO Written out 41500000 reads
2021-04-14 12:42:14,021 INFO Written out 41600000 reads
2021-04-14 12:42:30,751 INFO Written out 41700000 reads
2021-04-14 12:42:50,098 INFO Written out 41800000 reads
2021-04-14 12:43:07,432 INFO Written out 41900000 reads
2021-04-14 12:43:24,207 INFO Written out 42000000 reads
2021-04-14 12:43:55,871 INFO Written out 42100000 reads
2021-04-14 12:43:58,010 INFO Written out 42200000 reads
2021-04-14 12:43:58,030 INFO Parsed 53000000 input reads
2021-04-14 12:44:33,918 INFO Written out 42300000 reads
2021-04-14 12:44:50,538 INFO Written out 42400000 reads
2021-04-14 12:45:07,091 INFO Written out 42500000 reads
2021-04-14 12:45:26,483 INFO Written out 42600000 reads
2021-04-14 12:45:42,742 INFO Written out 42700000 reads
2021-04-14 12:45:59,278 INFO Written out 42800000 reads
2021-04-14 12:46:18,709 INFO Written out 42900000 reads
2021-04-14 12:46:34,999 INFO Parsed 54000000 input reads
2021-04-14 12:46:35,112 INFO Written out 43000000 reads
2021-04-14 12:46:51,739 INFO Written out 43100000 reads
2021-04-14 12:47:11,543 INFO Written out 43200000 reads
2021-04-14 12:47:31,118 INFO Written out 43300000 reads
2021-04-14 12:47:47,886 INFO Written out 43400000 reads
2021-04-14 12:48:07,797 INFO Written out 43500000 reads
2021-04-14 12:48:27,826 INFO Written out 43600000 reads
2021-04-14 12:48:44,846 INFO Written out 43700000 reads
2021-04-14 12:48:59,193 INFO Parsed 55000000 input reads
2021-04-14 12:49:02,212 INFO Written out 43800000 reads
2021-04-14 12:49:22,474 INFO Written out 43900000 reads
2021-04-14 12:49:39,798 INFO Written out 44000000 reads
2021-04-14 12:49:59,960 INFO Written out 44100000 reads
2021-04-14 12:50:20,679 INFO Written out 44200000 reads
2021-04-14 12:50:41,097 INFO Written out 44300000 reads
2021-04-14 12:50:58,635 INFO Written out 44400000 reads
2021-04-14 12:51:19,405 INFO Written out 44500000 reads
2021-04-14 12:51:37,075 INFO Parsed 56000000 input reads
2021-04-14 12:51:40,176 INFO Written out 44600000 reads
2021-04-14 12:51:57,908 INFO Written out 44700000 reads
2021-04-14 12:52:22,930 INFO Written out 44800000 reads
2021-04-14 12:52:24,821 INFO Written out 44900000 reads
2021-04-14 12:52:43,189 INFO Written out 45000000 reads
2021-04-14 12:53:07,852 INFO Written out 45100000 reads
2021-04-14 12:53:26,769 INFO Written out 45200000 reads
2021-04-14 12:53:42,187 INFO Written out 45300000 reads
2021-04-14 12:54:00,539 INFO Parsed 57000000 input reads
2021-04-14 12:54:00,761 INFO Written out 45400000 reads
2021-04-14 12:54:22,682 INFO Written out 45500000 reads
2021-04-14 12:54:41,463 INFO Written out 45600000 reads
2021-04-14 12:55:03,346 INFO Written out 45700000 reads
2021-04-14 12:55:55,810 INFO Written out 45800000 reads
2021-04-14 12:56:13,343 INFO Written out 45900000 reads
2021-04-14 12:56:31,411 INFO Written out 46000000 reads
2021-04-14 12:56:52,488 INFO Written out 46100000 reads
2021-04-14 12:57:07,045 INFO Parsed 58000000 input reads
2021-04-14 12:57:10,571 INFO Written out 46200000 reads
2021-04-14 12:57:28,604 INFO Written out 46300000 reads
2021-04-14 12:57:49,778 INFO Written out 46400000 reads
2021-04-14 12:58:10,603 INFO Written out 46500000 reads
2021-04-14 12:58:28,538 INFO Written out 46600000 reads
2021-04-14 12:58:49,786 INFO Written out 46700000 reads
2021-04-14 12:59:08,001 INFO Written out 46800000 reads
2021-04-14 12:59:29,238 INFO Written out 46900000 reads
2021-04-14 12:59:44,040 INFO Parsed 59000000 input reads
2021-04-14 12:59:47,900 INFO Written out 47000000 reads
2021-04-14 13:00:06,157 INFO Written out 47100000 reads
2021-04-14 13:00:27,662 INFO Written out 47200000 reads
2021-04-14 13:00:43,476 INFO Written out 47300000 reads
2021-04-14 13:00:59,337 INFO Written out 47400000 reads
2021-04-14 13:01:15,008 INFO Written out 47500000 reads
2021-04-14 13:01:30,610 INFO Written out 47600000 reads
2021-04-14 13:01:46,549 INFO Written out 47700000 reads
2021-04-14 13:02:16,468 INFO Parsed 60000000 input reads
2021-04-14 13:02:52,664 INFO Written out 47800000 reads
2021-04-14 13:02:54,641 INFO Written out 47900000 reads
2021-04-14 13:02:56,684 INFO Written out 48000000 reads
2021-04-14 13:02:58,679 INFO Written out 48100000 reads
2021-04-14 13:03:00,680 INFO Written out 48200000 reads
2021-04-14 13:03:16,003 INFO Written out 48300000 reads
2021-04-14 13:03:34,459 INFO Written out 48400000 reads
2021-04-14 13:03:53,360 INFO Written out 48500000 reads
2021-04-14 13:04:01,203 INFO Parsed 61000000 input reads
2021-04-14 13:04:12,274 INFO Written out 48600000 reads
2021-04-14 13:04:34,193 INFO Written out 48700000 reads
2021-04-14 13:04:53,418 INFO Written out 48800000 reads
2021-04-14 13:05:15,541 INFO Written out 48900000 reads
2021-04-14 13:05:34,487 INFO Written out 49000000 reads
2021-04-14 13:05:53,482 INFO Written out 49100000 reads
2021-04-14 13:06:12,464 INFO Written out 49200000 reads
2021-04-14 13:06:31,358 INFO Written out 49300000 reads
2021-04-14 13:06:42,458 INFO Parsed 62000000 input reads
2021-04-14 13:06:53,957 INFO Written out 49400000 reads
2021-04-14 13:07:16,471 INFO Written out 49500000 reads
2021-04-14 13:07:35,661 INFO Written out 49600000 reads
2021-04-14 13:07:55,081 INFO Written out 49700000 reads
2021-04-14 13:08:14,659 INFO Written out 49800000 reads
2021-04-14 13:08:37,060 INFO Written out 49900000 reads
2021-04-14 13:09:07,770 INFO Written out 50000000 reads
2021-04-14 13:09:10,174 INFO Written out 50100000 reads
2021-04-14 13:09:17,855 INFO Parsed 63000000 input reads
2021-04-14 13:09:29,231 INFO Written out 50200000 reads
2021-04-14 13:09:51,558 INFO Written out 50300000 reads
2021-04-14 13:10:10,849 INFO Written out 50400000 reads
2021-04-14 13:10:33,484 INFO Written out 50500000 reads
2021-04-14 13:10:49,675 INFO Written out 50600000 reads
2021-04-14 13:11:12,598 INFO Written out 50700000 reads
2021-04-14 13:11:32,347 INFO Written out 50800000 reads
2021-04-14 13:11:52,059 INFO Written out 50900000 reads
2021-04-14 13:11:59,868 INFO Parsed 64000000 input reads
2021-04-14 13:12:12,239 INFO Written out 51000000 reads
2021-04-14 13:12:39,119 INFO Written out 51100000 reads
2021-04-14 13:12:55,433 INFO Written out 51200000 reads
2021-04-14 13:13:19,155 INFO Written out 51300000 reads
2021-04-14 13:13:39,393 INFO Written out 51400000 reads
2021-04-14 13:14:30,178 INFO Written out 51500000 reads
2021-04-14 13:14:49,079 INFO Written out 51600000 reads
2021-04-14 13:15:11,452 INFO Written out 51700000 reads
2021-04-14 13:15:15,418 INFO Parsed 65000000 input reads
2021-04-14 13:15:30,573 INFO Written out 51800000 reads
2021-04-14 13:15:49,634 INFO Written out 51900000 reads
2021-04-14 13:16:09,182 INFO Written out 52000000 reads
2021-04-14 13:16:28,696 INFO Written out 52100000 reads
2021-04-14 13:16:51,622 INFO Written out 52200000 reads
2021-04-14 13:17:11,537 INFO Written out 52300000 reads
2021-04-14 13:17:35,019 INFO Written out 52400000 reads
2021-04-14 13:17:54,933 INFO Written out 52500000 reads
2021-04-14 13:18:02,405 INFO Parsed 66000000 input reads
2021-04-14 13:18:18,573 INFO Written out 52600000 reads
2021-04-14 13:18:42,259 INFO Written out 52700000 reads
2021-04-14 13:18:58,746 INFO Written out 52800000 reads
2021-04-14 13:19:22,823 INFO Written out 52900000 reads
2021-04-14 13:19:43,184 INFO Written out 53000000 reads
2021-04-14 13:20:06,922 INFO Written out 53100000 reads
2021-04-14 13:20:27,726 INFO Written out 53200000 reads
2021-04-14 13:20:51,762 INFO Written out 53300000 reads
2021-04-14 13:20:59,532 INFO Parsed 67000000 input reads
2021-04-14 13:21:12,483 INFO Written out 53400000 reads
2021-04-14 13:21:40,596 INFO Written out 53500000 reads
2021-04-14 13:21:57,678 INFO Written out 53600000 reads
2021-04-14 13:22:22,394 INFO Written out 53700000 reads
2021-04-14 13:22:39,847 INFO Written out 53800000 reads
2021-04-14 13:23:11,786 INFO Written out 53900000 reads
2021-04-14 13:23:29,329 INFO Written out 54000000 reads
2021-04-14 13:23:54,411 INFO Written out 54100000 reads
2021-04-14 13:23:54,804 INFO Parsed 68000000 input reads
2021-04-14 13:24:44,986 INFO Written out 54200000 reads
2021-04-14 13:24:47,122 INFO Written out 54300000 reads
2021-04-14 13:25:01,101 INFO Written out 54400000 reads
2021-04-14 13:25:21,700 INFO Written out 54500000 reads
2021-04-14 13:25:46,025 INFO Written out 54600000 reads
2021-04-14 13:26:02,648 INFO Written out 54700000 reads
2021-04-14 13:26:20,047 INFO Written out 54800000 reads
2021-04-14 13:26:44,604 INFO Written out 54900000 reads
2021-04-14 13:26:44,881 INFO Parsed 69000000 input reads
2021-04-14 13:27:05,311 INFO Written out 55000000 reads
2021-04-14 13:27:33,451 INFO Written out 55100000 reads
2021-04-14 13:27:54,335 INFO Written out 55200000 reads
2021-04-14 13:28:22,816 INFO Written out 55300000 reads
2021-04-14 13:28:39,840 INFO Written out 55400000 reads
2021-04-14 13:28:57,558 INFO Written out 55500000 reads
2021-04-14 13:29:22,194 INFO Written out 55600000 reads
2021-04-14 13:29:43,313 INFO Written out 55700000 reads
2021-04-14 13:29:46,983 INFO Parsed 70000000 input reads
2021-04-14 13:30:07,706 INFO Written out 55800000 reads
2021-04-14 13:30:36,567 INFO Written out 55900000 reads
2021-04-14 13:30:53,885 INFO Written out 56000000 reads
2021-04-14 13:31:15,044 INFO Written out 56100000 reads
2021-04-14 13:31:40,251 INFO Written out 56200000 reads
2021-04-14 13:32:01,619 INFO Written out 56300000 reads
2021-04-14 13:32:26,521 INFO Written out 56400000 reads
2021-04-14 13:32:48,174 INFO Written out 56500000 reads
2021-04-14 13:32:48,246 INFO Parsed 71000000 input reads
2021-04-14 13:33:17,197 INFO Written out 56600000 reads
2021-04-14 13:33:35,299 INFO Written out 56700000 reads
2021-04-14 13:33:57,205 INFO Written out 56800000 reads
2021-04-14 13:34:22,433 INFO Written out 56900000 reads
2021-04-14 13:34:44,979 INFO Written out 57000000 reads
2021-04-14 13:35:14,654 INFO Written out 57100000 reads
2021-04-14 13:35:57,596 INFO Written out 57200000 reads
2021-04-14 13:36:22,284 INFO Written out 57300000 reads
2021-04-14 13:36:22,286 INFO Parsed 72000000 input reads
2021-04-14 13:36:43,715 INFO Written out 57400000 reads
2021-04-14 13:37:09,071 INFO Written out 57500000 reads
2021-04-14 13:37:30,056 INFO Written out 57600000 reads
2021-04-14 13:37:51,928 INFO Written out 57700000 reads
2021-04-14 13:38:17,349 INFO Written out 57800000 reads
2021-04-14 13:38:38,889 INFO Written out 57900000 reads
2021-04-14 13:39:04,817 INFO Written out 58000000 reads
2021-04-14 13:39:26,409 INFO Parsed 73000000 input reads
2021-04-14 13:39:30,107 INFO Written out 58100000 reads
2021-04-14 13:39:55,902 INFO Written out 58200000 reads
2021-04-14 13:40:17,879 INFO Written out 58300000 reads
2021-04-14 13:40:47,368 INFO Written out 58400000 reads
2021-04-14 13:41:05,801 INFO Written out 58500000 reads
2021-04-14 13:41:31,631 INFO Written out 58600000 reads
2021-04-14 13:41:57,943 INFO Written out 58700000 reads
2021-04-14 13:42:20,474 INFO Written out 58800000 reads
2021-04-14 13:42:42,706 INFO Parsed 74000000 input reads
2021-04-14 13:42:42,805 INFO Written out 58900000 reads
2021-04-14 13:43:05,603 INFO Written out 59000000 reads
2021-04-14 13:43:32,055 INFO Written out 59100000 reads
2021-04-14 13:43:58,795 INFO Written out 59200000 reads
2021-04-14 13:44:17,351 INFO Written out 59300000 reads
2021-04-14 13:44:39,891 INFO Written out 59400000 reads
2021-04-14 13:45:11,032 INFO Written out 59500000 reads
2021-04-14 13:45:25,821 INFO Written out 59600000 reads
2021-04-14 13:45:52,216 INFO Parsed 75000000 input reads
2021-04-14 13:46:17,294 INFO Written out 59700000 reads
2021-04-14 13:46:39,266 INFO Written out 59800000 reads
2021-04-14 13:47:01,274 INFO Written out 59900000 reads
2021-04-14 13:47:27,589 INFO Written out 60000000 reads
2021-04-14 13:47:49,810 INFO Written out 60100000 reads
2021-04-14 13:48:12,261 INFO Written out 60200000 reads
2021-04-14 13:48:38,786 INFO Written out 60300000 reads
2021-04-14 13:49:05,002 INFO Written out 60400000 reads
2021-04-14 13:49:27,399 INFO Parsed 76000000 input reads
2021-04-14 13:49:31,785 INFO Written out 60500000 reads
2021-04-14 13:49:54,289 INFO Written out 60600000 reads
2021-04-14 13:50:25,286 INFO Written out 60700000 reads
2021-04-14 13:50:43,933 INFO Written out 60800000 reads
2021-04-14 13:51:06,777 INFO Written out 60900000 reads
2021-04-14 13:51:34,206 INFO Written out 61000000 reads
2021-04-14 13:51:57,164 INFO Written out 61100000 reads
2021-04-14 13:52:20,591 INFO Written out 61200000 reads
2021-04-14 13:52:43,414 INFO Parsed 77000000 input reads
2021-04-14 13:52:48,048 INFO Written out 61300000 reads
2021-04-14 13:53:11,450 INFO Written out 61400000 reads
2021-04-14 13:53:43,695 INFO Written out 61500000 reads
2021-04-14 13:53:58,263 INFO Written out 61600000 reads
2021-04-14 13:56:56,711 INFO Written out 61700000 reads
2021-04-14 13:56:58,998 INFO Written out 61800000 reads
2021-04-14 13:57:01,562 INFO Written out 61900000 reads
2021-04-14 13:57:03,609 INFO Written out 62000000 reads
2021-04-14 13:57:05,115 INFO Parsed 78000000 input reads
2021-04-14 13:57:05,519 INFO Written out 62100000 reads
2021-04-14 13:57:07,652 INFO Written out 62200000 reads
2021-04-14 13:57:09,648 INFO Written out 62300000 reads
2021-04-14 13:57:11,642 INFO Written out 62400000 reads
2021-04-14 13:57:16,285 INFO Written out 62500000 reads
2021-04-14 13:57:18,390 INFO Written out 62600000 reads
2021-04-14 13:57:21,138 INFO Written out 62700000 reads
2021-04-14 13:57:23,615 INFO Written out 62800000 reads
2021-04-14 13:57:25,645 INFO Parsed 79000000 input reads
2021-04-14 13:57:26,662 INFO Written out 62900000 reads
2021-04-14 13:57:33,038 INFO Written out 63000000 reads
2021-04-14 13:57:38,198 INFO Written out 63100000 reads
2021-04-14 13:57:42,601 INFO Written out 63200000 reads
2021-04-14 13:57:45,703 INFO Written out 63300000 reads
2021-04-14 13:57:53,657 INFO Written out 63400000 reads
2021-04-14 13:57:57,842 INFO Written out 63500000 reads
2021-04-14 13:58:01,609 INFO Written out 63600000 reads
2021-04-14 13:58:03,000 INFO Parsed 80000000 input reads
2021-04-14 13:58:08,153 INFO Written out 63700000 reads
2021-04-14 13:58:12,342 INFO Written out 63800000 reads
2021-04-14 13:58:19,724 INFO Written out 63900000 reads
2021-04-14 13:58:23,849 INFO Written out 64000000 reads
2021-04-14 13:58:27,174 INFO Written out 64100000 reads
2021-04-14 13:58:30,327 INFO Written out 64200000 reads
2021-04-14 13:58:33,414 INFO Written out 64300000 reads
2021-04-14 13:58:37,819 INFO Written out 64400000 reads
2021-04-14 13:58:38,427 INFO Parsed 81000000 input reads
2021-04-14 13:58:40,798 INFO Written out 64500000 reads
2021-04-14 13:58:44,026 INFO Written out 64600000 reads
2021-04-14 13:58:47,656 INFO Written out 64700000 reads
2021-04-14 13:58:50,239 INFO Written out 64800000 reads
2021-04-14 13:58:53,610 INFO Written out 64900000 reads
2021-04-14 13:58:56,688 INFO Written out 65000000 reads
2021-04-14 13:59:02,546 INFO Written out 65100000 reads
2021-04-14 13:59:06,912 INFO Parsed 82000000 input reads
2021-04-14 13:59:07,172 INFO Written out 65200000 reads
2021-04-14 13:59:10,655 INFO Written out 65300000 reads
2021-04-14 13:59:15,419 INFO Written out 65400000 reads
2021-04-14 13:59:17,673 INFO Written out 65500000 reads
2021-04-14 13:59:19,652 INFO Written out 65600000 reads
2021-04-14 13:59:22,242 INFO Written out 65700000 reads
2021-04-14 13:59:24,275 INFO Written out 65800000 reads
2021-04-14 13:59:26,202 INFO Written out 65900000 reads
2021-04-14 13:59:28,010 INFO Parsed 83000000 input reads
2021-04-14 13:59:28,170 INFO Written out 66000000 reads
2021-04-14 13:59:31,910 INFO Written out 66100000 reads
2021-04-14 13:59:34,133 INFO Written out 66200000 reads
2021-04-14 13:59:36,332 INFO Written out 66300000 reads
2021-04-14 13:59:38,594 INFO Written out 66400000 reads
2021-04-14 14:00:21,377 INFO Written out 66500000 reads
2021-04-14 14:00:26,488 INFO Written out 66600000 reads
2021-04-14 14:00:31,096 INFO Written out 66700000 reads
2021-04-14 14:00:35,671 INFO Parsed 84000000 input reads
2021-04-14 14:00:36,369 INFO Written out 66800000 reads
2021-04-14 14:00:42,900 INFO Written out 66900000 reads
2021-04-14 14:00:46,698 INFO Written out 67000000 reads
2021-04-14 14:00:52,910 INFO Written out 67100000 reads
2021-04-14 14:00:59,186 INFO Searching for mates for 0 unmatched alignments
2021-04-14 14:04:45,898 INFO 0 mates never found
2021-04-14 14:18:40,386 INFO Reads: Input Reads: 84526828, Read pairs: 84526828, Read 2 unmapped: 5562
2021-04-14 14:18:40,387 INFO Number of reads out: 67197959
2021-04-14 14:18:40,387 INFO Total number of positions deduplicated: 54441015
2021-04-14 14:18:40,388 INFO Mean number of unique UMIs per position: 1.24
2021-04-14 14:18:40,389 INFO Max. number of unique UMIs per position: 3603
# job finished in 11596 seconds at Wed Apr 14 14:18:40 2021 -- 11400.15 166.89  0.00  0.00 -- 973e1050-7030-4a9b-953c-6d9e30a2be70
