# UMI-tools version: 1.1.1
# output generated by dedup -I 03_alignedData/bam/21_KB_C5Aligned.sortedByCoord.out.bam -L 04_dedupUmis/log/21_KB_C5.log -S 04_dedupUmis/bam/21_KB_C5.bam --umi-separator=: --temp-dir=. --paired --output-stats=04_dedupUmis/log/21_KB_C5
# job started at Wed Apr 14 11:09:11 2021 on r25-n4 -- 9c26fc31-0795-4bb0-b389-0e2f06b47dd2
# pid: 297485, system: Linux 3.10.0-1062.9.1.el7.x86_64 #1 SMP Mon Dec 2 08:31:54 EST 2019 x86_64
# assigned_tag                            : None
# cell_tag                                : None
# cell_tag_delim                          : None
# cell_tag_split                          : -
# chimeric_pairs                          : use
# chrom                                   : None
# compresslevel                           : 6
# detection_method                        : None
# filter_umi                              : None
# gene_tag                                : None
# gene_transcript_map                     : None
# get_umi_method                          : read_id
# ignore_tlen                             : False
# ignore_umi                              : False
# in_sam                                  : False
# log2stderr                              : False
# loglevel                                : 1
# mapping_quality                         : 0
# method                                  : directional
# no_sort_output                          : False
# out_sam                                 : False
# output_unmapped                         : False
# paired                                  : True
# per_cell                                : False
# per_contig                              : False
# per_gene                                : False
# random_seed                             : None
# read_length                             : False
# short_help                              : None
# skip_regex                              : ^(__|Unassigned)
# soft_clip_threshold                     : 4
# spliced                                 : False
# stats                                   : 04_dedupUmis/log/21_KB_C5
# stderr                                  : <_io.TextIOWrapper name='<stderr>' mode='w' encoding='UTF-8'>
# stdin                                   : <_io.TextIOWrapper name='03_alignedData/bam/21_KB_C5Aligned.sortedByCoord.out.bam' mode='r' encoding='UTF-8'>
# stdlog                                  : <_io.TextIOWrapper name='04_dedupUmis/log/21_KB_C5.log' mode='a' encoding='UTF-8'>
# stdout                                  : <_io.TextIOWrapper name='04_dedupUmis/bam/21_KB_C5.bam' mode='w' encoding='UTF-8'>
# subset                                  : None
# threshold                               : 1
# timeit_file                             : None
# timeit_header                           : None
# timeit_name                             : all
# tmpdir                                  : .
# umi_sep                                 : :
# umi_tag                                 : RX
# umi_tag_delim                           : None
# umi_tag_split                           : None
# umi_whitelist                           : None
# umi_whitelist_paired                    : None
# unmapped_reads                          : discard
# unpaired_reads                          : use
# whole_contig                            : False
2021-04-14 11:09:11,850 WARNING Chimeric read pairs are being used. Some read pair UMIs may be grouped/deduplicated using just the mapping coordinates from read1.This may also increase the run time and memory usage. Consider --chimeric-pairs==discard to discard these reads or --chimeric-pairs==output (group command only) to output them without grouping
2021-04-14 11:09:11,850 WARNING Unpaired read pairs are being used. Some read pair UMIs may be grouped/deduplicated using just the mapping coordinates from read1.This may also increase the run time and memory usage. Consider --unpared-reads==discard to discard these reads or --unpared-reads==output (group command only) to output them without grouping
2021-04-14 11:09:11,850 INFO command: dedup -I 03_alignedData/bam/21_KB_C5Aligned.sortedByCoord.out.bam -L 04_dedupUmis/log/21_KB_C5.log -S 04_dedupUmis/bam/21_KB_C5.bam --umi-separator=: --temp-dir=. --paired --output-stats=04_dedupUmis/log/21_KB_C5
2021-04-14 11:14:06,137 INFO total_umis 89798903
2021-04-14 11:14:06,138 INFO #umis 66136
2021-04-14 11:17:53,873 INFO Written out 100000 reads
2021-04-14 11:17:57,416 INFO Written out 200000 reads
2021-04-14 11:18:00,959 INFO Written out 300000 reads
2021-04-14 11:18:05,283 INFO Written out 400000 reads
2021-04-14 11:18:08,436 INFO Written out 500000 reads
2021-04-14 11:18:12,862 INFO Written out 600000 reads
2021-04-14 11:18:16,145 INFO Written out 700000 reads
2021-04-14 11:18:19,577 INFO Parsed 1000000 input reads
2021-04-14 11:18:19,977 INFO Written out 800000 reads
2021-04-14 11:18:24,137 INFO Written out 900000 reads
2021-04-14 11:18:28,266 INFO Written out 1000000 reads
2021-04-14 11:18:32,368 INFO Written out 1100000 reads
2021-04-14 11:18:36,492 INFO Written out 1200000 reads
2021-04-14 11:18:40,737 INFO Written out 1300000 reads
2021-04-14 11:18:45,240 INFO Written out 1400000 reads
2021-04-14 11:18:49,667 INFO Written out 1500000 reads
2021-04-14 11:18:53,135 INFO Parsed 2000000 input reads
2021-04-14 11:18:54,203 INFO Written out 1600000 reads
2021-04-14 11:18:59,061 INFO Written out 1700000 reads
2021-04-14 11:19:03,544 INFO Written out 1800000 reads
2021-04-14 11:19:08,202 INFO Written out 1900000 reads
2021-04-14 11:19:13,262 INFO Written out 2000000 reads
2021-04-14 11:19:18,287 INFO Written out 2100000 reads
2021-04-14 11:19:23,129 INFO Written out 2200000 reads
2021-04-14 11:19:27,982 INFO Written out 2300000 reads
2021-04-14 11:19:31,741 INFO Parsed 3000000 input reads
2021-04-14 11:19:33,647 INFO Written out 2400000 reads
2021-04-14 11:19:38,508 INFO Written out 2500000 reads
2021-04-14 11:19:43,486 INFO Written out 2600000 reads
2021-04-14 11:19:48,545 INFO Written out 2700000 reads
2021-04-14 11:19:54,066 INFO Written out 2800000 reads
2021-04-14 11:20:18,953 INFO Written out 2900000 reads
2021-04-14 11:20:24,174 INFO Written out 3000000 reads
2021-04-14 11:20:28,860 INFO Written out 3100000 reads
2021-04-14 11:20:31,379 INFO Parsed 4000000 input reads
2021-04-14 11:20:33,772 INFO Written out 3200000 reads
2021-04-14 11:20:39,061 INFO Written out 3300000 reads
2021-04-14 11:20:44,131 INFO Written out 3400000 reads
2021-04-14 11:20:49,642 INFO Written out 3500000 reads
2021-04-14 11:20:54,875 INFO Written out 3600000 reads
2021-04-14 11:21:01,138 INFO Written out 3700000 reads
2021-04-14 11:21:05,692 INFO Written out 3800000 reads
2021-04-14 11:21:11,404 INFO Written out 3900000 reads
2021-04-14 11:21:13,488 INFO Parsed 5000000 input reads
2021-04-14 11:21:18,654 INFO Written out 4000000 reads
2021-04-14 11:21:24,776 INFO Written out 4100000 reads
2021-04-14 11:21:28,202 INFO Written out 4200000 reads
2021-04-14 11:21:33,688 INFO Written out 4300000 reads
2021-04-14 11:21:39,324 INFO Written out 4400000 reads
2021-04-14 11:21:45,445 INFO Written out 4500000 reads
2021-04-14 11:21:51,126 INFO Written out 4600000 reads
2021-04-14 11:21:56,888 INFO Written out 4700000 reads
2021-04-14 11:21:58,044 INFO Parsed 6000000 input reads
2021-04-14 11:22:02,774 INFO Written out 4800000 reads
2021-04-14 11:22:08,601 INFO Written out 4900000 reads
2021-04-14 11:22:14,546 INFO Written out 5000000 reads
2021-04-14 11:22:20,592 INFO Written out 5100000 reads
2021-04-14 11:22:27,269 INFO Written out 5200000 reads
2021-04-14 11:22:33,620 INFO Written out 5300000 reads
2021-04-14 11:22:38,922 INFO Written out 5400000 reads
2021-04-14 11:23:03,709 INFO Parsed 7000000 input reads
2021-04-14 11:23:03,762 INFO Written out 5500000 reads
2021-04-14 11:23:10,056 INFO Written out 5600000 reads
2021-04-14 11:23:14,354 INFO Written out 5700000 reads
2021-04-14 11:23:20,111 INFO Written out 5800000 reads
2021-04-14 11:23:26,432 INFO Written out 5900000 reads
2021-04-14 11:23:32,323 INFO Written out 6000000 reads
2021-04-14 11:23:38,836 INFO Written out 6100000 reads
2021-04-14 11:23:44,683 INFO Written out 6200000 reads
2021-04-14 11:23:50,442 INFO Parsed 8000000 input reads
2021-04-14 11:23:50,706 INFO Written out 6300000 reads
2021-04-14 11:23:56,872 INFO Written out 6400000 reads
2021-04-14 11:24:03,090 INFO Written out 6500000 reads
2021-04-14 11:24:09,907 INFO Written out 6600000 reads
2021-04-14 11:24:16,221 INFO Written out 6700000 reads
2021-04-14 11:24:22,355 INFO Written out 6800000 reads
2021-04-14 11:24:29,400 INFO Written out 6900000 reads
2021-04-14 11:24:35,839 INFO Written out 7000000 reads
2021-04-14 11:24:41,577 INFO Parsed 9000000 input reads
2021-04-14 11:24:42,960 INFO Written out 7100000 reads
2021-04-14 11:24:50,223 INFO Written out 7200000 reads
2021-04-14 11:24:58,542 INFO Written out 7300000 reads
2021-04-14 11:25:04,261 INFO Written out 7400000 reads
2021-04-14 11:25:10,894 INFO Written out 7500000 reads
2021-04-14 11:25:18,468 INFO Written out 7600000 reads
2021-04-14 11:25:25,269 INFO Written out 7700000 reads
2021-04-14 11:25:32,972 INFO Written out 7800000 reads
2021-04-14 11:25:55,211 INFO Parsed 10000000 input reads
2021-04-14 11:25:57,002 INFO Written out 7900000 reads
2021-04-14 11:26:04,557 INFO Written out 8000000 reads
2021-04-14 11:26:10,737 INFO Written out 8100000 reads
2021-04-14 11:26:18,791 INFO Written out 8200000 reads
2021-04-14 11:26:24,518 INFO Written out 8300000 reads
2021-04-14 11:26:30,415 INFO Written out 8400000 reads
2021-04-14 11:26:37,799 INFO Written out 8500000 reads
2021-04-14 11:26:44,456 INFO Written out 8600000 reads
2021-04-14 11:26:48,186 INFO Parsed 11000000 input reads
2021-04-14 11:26:52,014 INFO Written out 8700000 reads
2021-04-14 11:27:00,698 INFO Written out 8800000 reads
2021-04-14 11:27:09,788 INFO Written out 8900000 reads
2021-04-14 11:27:11,600 INFO Written out 9000000 reads
2021-04-14 11:27:18,454 INFO Written out 9100000 reads
2021-04-14 11:27:26,168 INFO Written out 9200000 reads
2021-04-14 11:27:33,269 INFO Written out 9300000 reads
2021-04-14 11:27:41,208 INFO Written out 9400000 reads
2021-04-14 11:27:44,072 INFO Parsed 12000000 input reads
2021-04-14 11:27:49,211 INFO Written out 9500000 reads
2021-04-14 11:27:57,450 INFO Written out 9600000 reads
2021-04-14 11:28:02,984 INFO Written out 9700000 reads
2021-04-14 11:28:10,330 INFO Written out 9800000 reads
2021-04-14 11:28:32,706 INFO Written out 9900000 reads
2021-04-14 11:28:40,328 INFO Written out 10000000 reads
2021-04-14 11:28:47,213 INFO Written out 10100000 reads
2021-04-14 11:28:55,015 INFO Written out 10200000 reads
2021-04-14 11:28:57,450 INFO Parsed 13000000 input reads
2021-04-14 11:29:02,113 INFO Written out 10300000 reads
2021-04-14 11:29:11,417 INFO Written out 10400000 reads
2021-04-14 11:29:15,689 INFO Written out 10500000 reads
2021-04-14 11:29:23,742 INFO Written out 10600000 reads
2021-04-14 11:29:31,109 INFO Written out 10700000 reads
2021-04-14 11:29:38,556 INFO Written out 10800000 reads
2021-04-14 11:29:46,978 INFO Written out 10900000 reads
2021-04-14 11:29:54,404 INFO Written out 11000000 reads
2021-04-14 11:29:55,631 INFO Parsed 14000000 input reads
2021-04-14 11:30:02,862 INFO Written out 11100000 reads
2021-04-14 11:30:11,344 INFO Written out 11200000 reads
2021-04-14 11:30:18,933 INFO Written out 11300000 reads
2021-04-14 11:30:28,865 INFO Written out 11400000 reads
2021-04-14 11:30:34,240 INFO Written out 11500000 reads
2021-04-14 11:30:43,073 INFO Written out 11600000 reads
2021-04-14 11:30:51,945 INFO Written out 11700000 reads
2021-04-14 11:30:59,883 INFO Parsed 15000000 input reads
2021-04-14 11:30:59,900 INFO Written out 11800000 reads
2021-04-14 11:31:07,918 INFO Written out 11900000 reads
2021-04-14 11:31:15,970 INFO Written out 12000000 reads
2021-04-14 11:31:24,142 INFO Written out 12100000 reads
2021-04-14 11:31:33,421 INFO Written out 12200000 reads
2021-04-14 11:32:01,429 INFO Written out 12300000 reads
2021-04-14 11:32:06,880 INFO Written out 12400000 reads
2021-04-14 11:32:15,515 INFO Written out 12500000 reads
2021-04-14 11:32:22,981 INFO Parsed 16000000 input reads
2021-04-14 11:32:23,234 INFO Written out 12600000 reads
2021-04-14 11:32:31,939 INFO Written out 12700000 reads
2021-04-14 11:32:38,643 INFO Written out 12800000 reads
2021-04-14 11:32:47,481 INFO Written out 12900000 reads
2021-04-14 11:32:55,506 INFO Written out 13000000 reads
2021-04-14 11:33:04,561 INFO Written out 13100000 reads
2021-04-14 11:33:13,824 INFO Written out 13200000 reads
2021-04-14 11:33:21,803 INFO Written out 13300000 reads
2021-04-14 11:33:28,209 INFO Parsed 17000000 input reads
2021-04-14 11:33:30,078 INFO Written out 13400000 reads
2021-04-14 11:33:39,301 INFO Written out 13500000 reads
2021-04-14 11:33:48,305 INFO Written out 13600000 reads
2021-04-14 11:33:57,515 INFO Written out 13700000 reads
2021-04-14 11:34:05,658 INFO Written out 13800000 reads
2021-04-14 11:34:13,793 INFO Written out 13900000 reads
2021-04-14 11:34:22,014 INFO Written out 14000000 reads
2021-04-14 11:34:30,368 INFO Written out 14100000 reads
2021-04-14 11:34:41,956 INFO Parsed 18000000 input reads
2021-04-14 11:34:42,659 INFO Written out 14200000 reads
2021-04-14 11:34:47,033 INFO Written out 14300000 reads
2021-04-14 11:34:55,588 INFO Written out 14400000 reads
2021-04-14 11:35:16,577 INFO Written out 14500000 reads
2021-04-14 11:35:18,420 INFO Written out 14600000 reads
2021-04-14 11:35:20,204 INFO Written out 14700000 reads
2021-04-14 11:35:22,090 INFO Written out 14800000 reads
2021-04-14 11:35:29,906 INFO Written out 14900000 reads
2021-04-14 11:35:36,214 INFO Parsed 19000000 input reads
2021-04-14 11:35:38,785 INFO Written out 15000000 reads
2021-04-14 11:35:53,953 INFO Written out 15100000 reads
2021-04-14 11:35:55,965 INFO Written out 15200000 reads
2021-04-14 11:36:26,510 INFO Written out 15300000 reads
2021-04-14 11:36:35,158 INFO Written out 15400000 reads
2021-04-14 11:36:44,968 INFO Written out 15500000 reads
2021-04-14 11:36:53,693 INFO Written out 15600000 reads
2021-04-14 11:37:03,720 INFO Written out 15700000 reads
2021-04-14 11:37:07,024 INFO Parsed 20000000 input reads
2021-04-14 11:37:13,732 INFO Written out 15800000 reads
2021-04-14 11:37:23,153 INFO Written out 15900000 reads
2021-04-14 11:37:31,779 INFO Written out 16000000 reads
2021-04-14 11:37:41,679 INFO Written out 16100000 reads
2021-04-14 11:37:52,987 INFO Written out 16200000 reads
2021-04-14 11:38:04,443 INFO Written out 16300000 reads
2021-04-14 11:38:14,851 INFO Written out 16400000 reads
2021-04-14 11:38:28,165 INFO Written out 16500000 reads
2021-04-14 11:38:28,706 INFO Parsed 21000000 input reads
2021-04-14 11:38:37,011 INFO Written out 16600000 reads
2021-04-14 11:38:47,673 INFO Written out 16700000 reads
2021-04-14 11:38:58,418 INFO Written out 16800000 reads
2021-04-14 11:39:08,897 INFO Written out 16900000 reads
2021-04-14 11:39:19,687 INFO Written out 17000000 reads
2021-04-14 11:39:33,826 INFO Written out 17100000 reads
2021-04-14 11:39:42,881 INFO Written out 17200000 reads
2021-04-14 11:39:53,817 INFO Written out 17300000 reads
2021-04-14 11:39:55,753 INFO Parsed 22000000 input reads
2021-04-14 11:40:06,375 INFO Written out 17400000 reads
2021-04-14 11:40:35,308 INFO Written out 17500000 reads
2021-04-14 11:40:47,830 INFO Written out 17600000 reads
2021-04-14 11:40:59,008 INFO Written out 17700000 reads
2021-04-14 11:41:10,156 INFO Written out 17800000 reads
2021-04-14 11:41:22,770 INFO Written out 17900000 reads
2021-04-14 11:41:34,076 INFO Written out 18000000 reads
2021-04-14 11:41:45,584 INFO Parsed 23000000 input reads
2021-04-14 11:41:45,598 INFO Written out 18100000 reads
2021-04-14 11:41:58,670 INFO Written out 18200000 reads
2021-04-14 11:42:10,193 INFO Written out 18300000 reads
2021-04-14 11:42:22,032 INFO Written out 18400000 reads
2021-04-14 11:42:35,489 INFO Written out 18500000 reads
2021-04-14 11:42:47,478 INFO Written out 18600000 reads
2021-04-14 11:42:59,724 INFO Written out 18700000 reads
2021-04-14 11:43:13,500 INFO Written out 18800000 reads
2021-04-14 11:43:26,887 INFO Parsed 24000000 input reads
2021-04-14 11:43:27,168 INFO Written out 18900000 reads
2021-04-14 11:43:39,452 INFO Written out 19000000 reads
2021-04-14 11:43:55,267 INFO Written out 19100000 reads
2021-04-14 11:44:13,450 INFO Written out 19200000 reads
2021-04-14 11:44:20,065 INFO Written out 19300000 reads
2021-04-14 11:44:32,631 INFO Written out 19400000 reads
2021-04-14 11:44:45,214 INFO Written out 19500000 reads
2021-04-14 11:44:59,643 INFO Written out 19600000 reads
2021-04-14 11:45:18,879 INFO Parsed 25000000 input reads
2021-04-14 11:45:19,376 INFO Written out 19700000 reads
2021-04-14 11:45:22,108 INFO Written out 19800000 reads
2021-04-14 11:45:35,022 INFO Written out 19900000 reads
2021-04-14 11:45:48,078 INFO Written out 20000000 reads
2021-04-14 11:46:03,084 INFO Written out 20100000 reads
2021-04-14 11:46:16,289 INFO Written out 20200000 reads
2021-04-14 11:46:54,632 INFO Written out 20300000 reads
2021-04-14 11:47:08,609 INFO Written out 20400000 reads
2021-04-14 11:47:16,104 INFO Parsed 26000000 input reads
2021-04-14 11:47:24,516 INFO Written out 20500000 reads
2021-04-14 11:47:37,312 INFO Written out 20600000 reads
2021-04-14 11:47:45,291 INFO Written out 20700000 reads
2021-04-14 11:47:57,682 INFO Written out 20800000 reads
2021-04-14 11:48:12,215 INFO Written out 20900000 reads
2021-04-14 11:48:24,820 INFO Written out 21000000 reads
2021-04-14 11:48:37,338 INFO Written out 21100000 reads
2021-04-14 11:48:52,032 INFO Written out 21200000 reads
2021-04-14 11:48:57,596 INFO Parsed 27000000 input reads
2021-04-14 11:49:04,969 INFO Written out 21300000 reads
2021-04-14 11:49:17,878 INFO Written out 21400000 reads
2021-04-14 11:49:32,647 INFO Written out 21500000 reads
2021-04-14 11:49:49,556 INFO Written out 21600000 reads
2021-04-14 11:49:58,583 INFO Written out 21700000 reads
2021-04-14 11:50:11,816 INFO Written out 21800000 reads
2021-04-14 11:50:26,840 INFO Written out 21900000 reads
2021-04-14 11:50:40,333 INFO Written out 22000000 reads
2021-04-14 11:50:47,752 INFO Parsed 28000000 input reads
2021-04-14 11:50:56,011 INFO Written out 22100000 reads
2021-04-14 11:51:09,743 INFO Written out 22200000 reads
2021-04-14 11:51:25,299 INFO Written out 22300000 reads
2021-04-14 11:51:39,192 INFO Written out 22400000 reads
2021-04-14 11:52:14,245 INFO Written out 22500000 reads
2021-04-14 11:52:26,803 INFO Written out 22600000 reads
2021-04-14 11:52:39,789 INFO Written out 22700000 reads
2021-04-14 11:52:54,852 INFO Written out 22800000 reads
2021-04-14 11:52:57,725 INFO Parsed 29000000 input reads
2021-04-14 11:53:07,975 INFO Written out 22900000 reads
2021-04-14 11:53:23,131 INFO Written out 23000000 reads
2021-04-14 11:53:36,529 INFO Written out 23100000 reads
2021-04-14 11:53:52,157 INFO Written out 23200000 reads
2021-04-14 11:54:05,676 INFO Written out 23300000 reads
2021-04-14 11:54:21,082 INFO Written out 23400000 reads
2021-04-14 11:54:34,729 INFO Written out 23500000 reads
2021-04-14 11:54:48,320 INFO Written out 23600000 reads
2021-04-14 11:54:52,898 INFO Parsed 30000000 input reads
2021-04-14 11:55:04,073 INFO Written out 23700000 reads
2021-04-14 11:55:18,146 INFO Written out 23800000 reads
2021-04-14 11:55:32,177 INFO Written out 23900000 reads
2021-04-14 11:55:48,303 INFO Written out 24000000 reads
2021-04-14 11:56:02,758 INFO Written out 24100000 reads
2021-04-14 11:56:17,072 INFO Written out 24200000 reads
2021-04-14 11:56:35,630 INFO Written out 24300000 reads
2021-04-14 11:56:47,717 INFO Written out 24400000 reads
2021-04-14 11:56:47,796 INFO Parsed 31000000 input reads
2021-04-14 11:57:22,552 INFO Written out 24500000 reads
2021-04-14 11:57:42,098 INFO Written out 24600000 reads
2021-04-14 11:57:53,613 INFO Written out 24700000 reads
2021-04-14 11:58:09,351 INFO Written out 24800000 reads
2021-04-14 11:58:23,201 INFO Written out 24900000 reads
2021-04-14 11:58:46,050 INFO Written out 25000000 reads
2021-04-14 11:58:50,923 INFO Written out 25100000 reads
2021-04-14 11:59:09,205 INFO Parsed 32000000 input reads
2021-04-14 11:59:09,577 INFO Written out 25200000 reads
2021-04-14 11:59:18,784 INFO Written out 25300000 reads
2021-04-14 11:59:34,669 INFO Written out 25400000 reads
2021-04-14 11:59:50,357 INFO Written out 25500000 reads
2021-04-14 12:00:01,880 INFO Written out 25600000 reads
2021-04-14 12:00:17,568 INFO Written out 25700000 reads
2021-04-14 12:00:31,467 INFO Written out 25800000 reads
2021-04-14 12:00:45,287 INFO Written out 25900000 reads
2021-04-14 12:00:56,435 INFO Parsed 33000000 input reads
2021-04-14 12:01:01,679 INFO Written out 26000000 reads
2021-04-14 12:01:15,855 INFO Written out 26100000 reads
2021-04-14 12:01:51,440 INFO Written out 26200000 reads
2021-04-14 12:01:53,871 INFO Written out 26300000 reads
2021-04-14 12:01:56,159 INFO Written out 26400000 reads
2021-04-14 12:01:58,724 INFO Written out 26500000 reads
2021-04-14 12:02:11,468 INFO Written out 26600000 reads
2021-04-14 12:02:28,547 INFO Written out 26700000 reads
2021-04-14 12:02:39,510 INFO Parsed 34000000 input reads
2021-04-14 12:02:43,277 INFO Written out 26800000 reads
2021-04-14 12:03:00,293 INFO Written out 26900000 reads
2021-04-14 12:03:12,709 INFO Written out 27000000 reads
2021-04-14 12:03:29,820 INFO Written out 27100000 reads
2021-04-14 12:03:45,017 INFO Written out 27200000 reads
2021-04-14 12:04:02,659 INFO Written out 27300000 reads
2021-04-14 12:04:18,747 INFO Written out 27400000 reads
2021-04-14 12:04:34,669 INFO Written out 27500000 reads
2021-04-14 12:04:43,444 INFO Parsed 35000000 input reads
2021-04-14 12:04:52,857 INFO Written out 27600000 reads
2021-04-14 12:05:11,354 INFO Written out 27700000 reads
2021-04-14 12:05:22,403 INFO Written out 27800000 reads
2021-04-14 12:05:38,811 INFO Written out 27900000 reads
2021-04-14 12:06:29,157 INFO Written out 28000000 reads
2021-04-14 12:06:43,518 INFO Written out 28100000 reads
2021-04-14 12:06:58,344 INFO Written out 28200000 reads
2021-04-14 12:07:15,436 INFO Written out 28300000 reads
2021-04-14 12:07:18,724 INFO Parsed 36000000 input reads
2021-04-14 12:07:30,575 INFO Written out 28400000 reads
2021-04-14 12:07:45,670 INFO Written out 28500000 reads
2021-04-14 12:08:03,028 INFO Written out 28600000 reads
2021-04-14 12:08:18,451 INFO Written out 28700000 reads
2021-04-14 12:08:38,577 INFO Written out 28800000 reads
2021-04-14 12:08:48,330 INFO Written out 28900000 reads
2021-04-14 12:09:03,133 INFO Written out 29000000 reads
2021-04-14 12:09:18,144 INFO Written out 29100000 reads
2021-04-14 12:09:21,052 INFO Parsed 37000000 input reads
2021-04-14 12:09:35,544 INFO Written out 29200000 reads
2021-04-14 12:09:53,121 INFO Written out 29300000 reads
2021-04-14 12:10:08,426 INFO Written out 29400000 reads
2021-04-14 12:10:24,072 INFO Written out 29500000 reads
2021-04-14 12:10:42,085 INFO Written out 29600000 reads
2021-04-14 12:10:57,729 INFO Written out 29700000 reads
2021-04-14 12:11:15,628 INFO Written out 29800000 reads
2021-04-14 12:11:36,462 INFO Written out 29900000 reads
2021-04-14 12:11:36,566 INFO Parsed 38000000 input reads
2021-04-14 12:11:49,790 INFO Written out 30000000 reads
2021-04-14 12:12:05,875 INFO Written out 30100000 reads
2021-04-14 12:12:21,681 INFO Written out 30200000 reads
2021-04-14 12:12:43,489 INFO Written out 30300000 reads
2021-04-14 12:12:48,962 INFO Written out 30400000 reads
2021-04-14 12:13:07,594 INFO Written out 30500000 reads
2021-04-14 12:13:24,017 INFO Written out 30600000 reads
2021-04-14 12:13:40,079 INFO Parsed 39000000 input reads
2021-04-14 12:13:40,442 INFO Written out 30700000 reads
2021-04-14 12:13:59,587 INFO Written out 30800000 reads
2021-04-14 12:14:18,809 INFO Written out 30900000 reads
2021-04-14 12:14:32,795 INFO Written out 31000000 reads
2021-04-14 12:14:51,876 INFO Written out 31100000 reads
2021-04-14 12:15:38,948 INFO Written out 31200000 reads
2021-04-14 12:15:54,533 INFO Written out 31300000 reads
2021-04-14 12:16:12,329 INFO Written out 31400000 reads
2021-04-14 12:16:24,825 INFO Parsed 40000000 input reads
2021-04-14 12:16:30,488 INFO Written out 31500000 reads
2021-04-14 12:16:49,043 INFO Written out 31600000 reads
2021-04-14 12:17:02,417 INFO Written out 31700000 reads
2021-04-14 12:17:20,631 INFO Written out 31800000 reads
2021-04-14 12:17:36,747 INFO Written out 31900000 reads
2021-04-14 12:18:03,132 INFO Written out 32000000 reads
2021-04-14 12:18:05,467 INFO Written out 32100000 reads
2021-04-14 12:18:21,241 INFO Written out 32200000 reads
2021-04-14 12:18:33,454 INFO Parsed 41000000 input reads
2021-04-14 12:18:39,745 INFO Written out 32300000 reads
2021-04-14 12:18:55,740 INFO Written out 32400000 reads
2021-04-14 12:19:11,581 INFO Written out 32500000 reads
2021-04-14 12:19:30,187 INFO Written out 32600000 reads
2021-04-14 12:19:48,986 INFO Written out 32700000 reads
2021-04-14 12:20:10,823 INFO Written out 32800000 reads
2021-04-14 12:20:24,633 INFO Written out 32900000 reads
2021-04-14 12:20:41,104 INFO Written out 33000000 reads
2021-04-14 12:20:42,286 INFO Parsed 42000000 input reads
2021-04-14 12:20:46,634 INFO Written out 33100000 reads
2021-04-14 12:21:03,093 INFO Written out 33200000 reads
2021-04-14 12:21:19,704 INFO Written out 33300000 reads
2021-04-14 12:21:41,562 INFO Written out 33400000 reads
2021-04-14 12:21:52,944 INFO Written out 33500000 reads
2021-04-14 12:22:09,831 INFO Written out 33600000 reads
2021-04-14 12:22:27,011 INFO Written out 33700000 reads
2021-04-14 12:22:46,793 INFO Written out 33800000 reads
2021-04-14 12:22:47,967 INFO Parsed 43000000 input reads
2021-04-14 12:22:55,533 INFO Written out 33900000 reads
2021-04-14 12:23:15,432 INFO Written out 34000000 reads
2021-04-14 12:23:58,761 INFO Written out 34100000 reads
2021-04-14 12:24:17,898 INFO Written out 34200000 reads
2021-04-14 12:24:34,672 INFO Written out 34300000 reads
2021-04-14 12:24:57,057 INFO Written out 34400000 reads
2021-04-14 12:25:10,849 INFO Written out 34500000 reads
2021-04-14 12:25:27,750 INFO Written out 34600000 reads
2021-04-14 12:25:34,221 INFO Parsed 44000000 input reads
2021-04-14 12:25:50,962 INFO Written out 34700000 reads
2021-04-14 12:26:05,175 INFO Written out 34800000 reads
2021-04-14 12:26:22,313 INFO Written out 34900000 reads
2021-04-14 12:26:39,573 INFO Written out 35000000 reads
2021-04-14 12:26:54,387 INFO Written out 35100000 reads
2021-04-14 12:27:14,965 INFO Written out 35200000 reads
2021-04-14 12:27:32,487 INFO Written out 35300000 reads
2021-04-14 12:27:53,221 INFO Written out 35400000 reads
2021-04-14 12:27:53,723 INFO Parsed 45000000 input reads
2021-04-14 12:28:11,252 INFO Written out 35500000 reads
2021-04-14 12:28:29,588 INFO Written out 35600000 reads
2021-04-14 12:28:54,042 INFO Written out 35700000 reads
2021-04-14 12:29:08,722 INFO Written out 35800000 reads
2021-04-14 12:29:26,766 INFO Written out 35900000 reads
2021-04-14 12:29:44,839 INFO Written out 36000000 reads
2021-04-14 12:30:05,841 INFO Written out 36100000 reads
2021-04-14 12:30:24,094 INFO Written out 36200000 reads
2021-04-14 12:30:24,223 INFO Parsed 46000000 input reads
2021-04-14 12:30:55,601 INFO Written out 36300000 reads
2021-04-14 12:31:01,137 INFO Written out 36400000 reads
2021-04-14 12:31:16,393 INFO Written out 36500000 reads
2021-04-14 12:31:38,267 INFO Written out 36600000 reads
2021-04-14 12:32:00,299 INFO Written out 36700000 reads
2021-04-14 12:32:19,153 INFO Written out 36800000 reads
2021-04-14 12:32:44,250 INFO Written out 36900000 reads
2021-04-14 12:33:28,299 INFO Parsed 47000000 input reads
2021-04-14 12:33:28,833 INFO Written out 37000000 reads
2021-04-14 12:33:48,916 INFO Written out 37100000 reads
2021-04-14 12:34:09,329 INFO Written out 37200000 reads
2021-04-14 12:34:26,946 INFO Written out 37300000 reads
2021-04-14 12:34:47,192 INFO Written out 37400000 reads
2021-04-14 12:35:04,963 INFO Written out 37500000 reads
2021-04-14 12:35:28,470 INFO Written out 37600000 reads
2021-04-14 12:35:42,999 INFO Written out 37700000 reads
2021-04-14 12:35:54,063 INFO Parsed 48000000 input reads
2021-04-14 12:36:00,980 INFO Written out 37800000 reads
2021-04-14 12:36:18,921 INFO Written out 37900000 reads
2021-04-14 12:36:39,271 INFO Written out 38000000 reads
2021-04-14 12:36:59,729 INFO Written out 38100000 reads
2021-04-14 12:37:17,678 INFO Written out 38200000 reads
2021-04-14 12:37:38,668 INFO Written out 38300000 reads
2021-04-14 12:37:57,177 INFO Written out 38400000 reads
2021-04-14 12:38:15,542 INFO Written out 38500000 reads
2021-04-14 12:38:26,196 INFO Parsed 49000000 input reads
2021-04-14 12:38:36,672 INFO Written out 38600000 reads
2021-04-14 12:38:54,695 INFO Written out 38700000 reads
2021-04-14 12:39:31,607 INFO Written out 38800000 reads
2021-04-14 12:39:49,140 INFO Written out 38900000 reads
2021-04-14 12:40:09,335 INFO Written out 39000000 reads
2021-04-14 12:40:29,510 INFO Written out 39100000 reads
2021-04-14 12:40:46,497 INFO Written out 39200000 reads
2021-04-14 12:41:01,554 INFO Written out 39300000 reads
2021-04-14 12:41:12,057 INFO Parsed 50000000 input reads
2021-04-14 12:41:22,897 INFO Written out 39400000 reads
2021-04-14 12:41:43,714 INFO Written out 39500000 reads
2021-04-14 12:42:01,921 INFO Written out 39600000 reads
2021-04-14 12:42:26,851 INFO Written out 39700000 reads
2021-04-14 12:42:42,227 INFO Written out 39800000 reads
2021-04-14 12:43:01,391 INFO Written out 39900000 reads
2021-04-14 12:43:20,296 INFO Written out 40000000 reads
2021-04-14 12:43:42,514 INFO Written out 40100000 reads
2021-04-14 12:43:49,957 INFO Parsed 51000000 input reads
2021-04-14 12:44:08,173 INFO Written out 40200000 reads
2021-04-14 12:44:24,179 INFO Written out 40300000 reads
2021-04-14 12:44:46,744 INFO Written out 40400000 reads
2021-04-14 12:45:09,395 INFO Written out 40500000 reads
2021-04-14 12:45:25,478 INFO Written out 40600000 reads
2021-04-14 12:45:44,942 INFO Written out 40700000 reads
2021-04-14 12:46:20,426 INFO Written out 40800000 reads
2021-04-14 12:46:36,519 INFO Written out 40900000 reads
2021-04-14 12:46:36,919 INFO Parsed 52000000 input reads
2021-04-14 12:46:38,577 INFO Written out 41000000 reads
2021-04-14 12:46:54,453 INFO Written out 41100000 reads
2021-04-14 12:47:16,840 INFO Written out 41200000 reads
2021-04-14 12:47:36,120 INFO Written out 41300000 reads
2021-04-14 12:48:02,214 INFO Written out 41400000 reads
2021-04-14 12:48:11,595 INFO Written out 41500000 reads
2021-04-14 12:48:58,437 INFO Written out 41600000 reads
2021-04-14 12:49:19,802 INFO Written out 41700000 reads
2021-04-14 12:49:19,932 INFO Parsed 53000000 input reads
2021-04-14 12:49:38,010 INFO Written out 41800000 reads
2021-04-14 12:49:56,363 INFO Written out 41900000 reads
2021-04-14 12:50:14,926 INFO Written out 42000000 reads
2021-04-14 12:50:33,588 INFO Written out 42100000 reads
2021-04-14 12:50:53,091 INFO Written out 42200000 reads
2021-04-14 12:51:12,601 INFO Written out 42300000 reads
2021-04-14 12:51:35,321 INFO Written out 42400000 reads
2021-04-14 12:51:51,639 INFO Parsed 54000000 input reads
2021-04-14 12:51:54,952 INFO Written out 42500000 reads
2021-04-14 12:52:17,932 INFO Written out 42600000 reads
2021-04-14 12:52:34,298 INFO Written out 42700000 reads
2021-04-14 12:52:57,318 INFO Written out 42800000 reads
2021-04-14 12:53:16,965 INFO Written out 42900000 reads
2021-04-14 12:53:39,823 INFO Written out 43000000 reads
2021-04-14 12:53:59,850 INFO Written out 43100000 reads
2021-04-14 12:54:37,435 INFO Written out 43200000 reads
2021-04-14 12:54:56,483 INFO Parsed 55000000 input reads
2021-04-14 12:55:00,508 INFO Written out 43300000 reads
2021-04-14 12:55:20,087 INFO Written out 43400000 reads
2021-04-14 12:55:42,913 INFO Written out 43500000 reads
2021-04-14 12:56:02,534 INFO Written out 43600000 reads
2021-04-14 12:56:22,404 INFO Written out 43700000 reads
2021-04-14 12:56:42,087 INFO Written out 43800000 reads
2021-04-14 12:57:06,157 INFO Written out 43900000 reads
2021-04-14 12:57:27,057 INFO Written out 44000000 reads
2021-04-14 12:57:36,233 INFO Parsed 56000000 input reads
2021-04-14 12:57:44,649 INFO Written out 44100000 reads
2021-04-14 12:58:06,714 INFO Written out 44200000 reads
2021-04-14 12:58:43,987 INFO Written out 44300000 reads
2021-04-14 12:58:51,069 INFO Written out 44400000 reads
2021-04-14 12:59:16,772 INFO Written out 44500000 reads
2021-04-14 12:59:39,101 INFO Written out 44600000 reads
2021-04-14 13:00:01,409 INFO Written out 44700000 reads
2021-04-14 13:00:27,765 INFO Written out 44800000 reads
2021-04-14 13:00:40,947 INFO Parsed 57000000 input reads
2021-04-14 13:00:49,789 INFO Written out 44900000 reads
2021-04-14 13:01:15,524 INFO Written out 45000000 reads
2021-04-14 13:01:41,540 INFO Written out 45100000 reads
2021-04-14 13:02:04,170 INFO Written out 45200000 reads
2021-04-14 13:02:42,818 INFO Written out 45300000 reads
2021-04-14 13:03:04,750 INFO Written out 45400000 reads
2021-04-14 13:03:26,545 INFO Written out 45500000 reads
2021-04-14 13:03:52,675 INFO Written out 45600000 reads
2021-04-14 13:04:01,700 INFO Parsed 58000000 input reads
2021-04-14 13:04:15,152 INFO Written out 45700000 reads
2021-04-14 13:04:41,033 INFO Written out 45800000 reads
2021-04-14 13:05:06,604 INFO Written out 45900000 reads
2021-04-14 13:05:28,954 INFO Written out 46000000 reads
2021-04-14 13:05:51,082 INFO Written out 46100000 reads
2021-04-14 13:06:17,053 INFO Written out 46200000 reads
2021-04-14 13:06:39,403 INFO Written out 46300000 reads
2021-04-14 13:07:02,139 INFO Written out 46400000 reads
2021-04-14 13:07:10,574 INFO Parsed 59000000 input reads
2021-04-14 13:07:32,411 INFO Written out 46500000 reads
2021-04-14 13:07:55,506 INFO Written out 46600000 reads
2021-04-14 13:08:30,148 INFO Written out 46700000 reads
2021-04-14 13:08:45,007 INFO Written out 46800000 reads
2021-04-14 13:09:07,838 INFO Written out 46900000 reads
2021-04-14 13:09:30,875 INFO Written out 47000000 reads
2021-04-14 13:10:01,481 INFO Written out 47100000 reads
2021-04-14 13:10:24,145 INFO Written out 47200000 reads
2021-04-14 13:10:28,665 INFO Parsed 60000000 input reads
2021-04-14 13:10:58,411 INFO Written out 47300000 reads
2021-04-14 13:11:16,313 INFO Written out 47400000 reads
2021-04-14 13:11:38,729 INFO Written out 47500000 reads
2021-04-14 13:12:04,877 INFO Written out 47600000 reads
2021-04-14 13:12:30,841 INFO Written out 47700000 reads
2021-04-14 13:12:57,038 INFO Written out 47800000 reads
2021-04-14 13:13:23,207 INFO Written out 47900000 reads
2021-04-14 13:13:45,758 INFO Written out 48000000 reads
2021-04-14 13:13:45,969 INFO Parsed 61000000 input reads
2021-04-14 13:14:13,299 INFO Written out 48100000 reads
2021-04-14 13:14:15,457 INFO Written out 48200000 reads
2021-04-14 13:14:38,668 INFO Written out 48300000 reads
2021-04-14 13:15:18,009 INFO Written out 48400000 reads
2021-04-14 13:15:28,986 INFO Written out 48500000 reads
2021-04-14 13:15:52,558 INFO Written out 48600000 reads
2021-04-14 13:16:16,507 INFO Written out 48700000 reads
2021-04-14 13:16:43,603 INFO Parsed 62000000 input reads
2021-04-14 13:16:43,801 INFO Written out 48800000 reads
2021-04-14 13:17:11,685 INFO Written out 48900000 reads
2021-04-14 13:17:35,444 INFO Written out 49000000 reads
2021-04-14 13:18:07,432 INFO Written out 49100000 reads
2021-04-14 13:19:09,816 INFO Written out 49200000 reads
2021-04-14 13:19:32,041 INFO Written out 49300000 reads
2021-04-14 13:19:57,984 INFO Written out 49400000 reads
2021-04-14 13:20:20,435 INFO Written out 49500000 reads
2021-04-14 13:20:38,257 INFO Parsed 63000000 input reads
2021-04-14 13:20:46,431 INFO Written out 49600000 reads
2021-04-14 13:21:09,051 INFO Written out 49700000 reads
2021-04-14 13:21:31,684 INFO Written out 49800000 reads
2021-04-14 13:21:57,924 INFO Written out 49900000 reads
2021-04-14 13:22:24,509 INFO Written out 50000000 reads
2021-04-14 13:22:47,242 INFO Written out 50100000 reads
2021-04-14 13:23:14,028 INFO Written out 50200000 reads
2021-04-14 13:23:37,089 INFO Written out 50300000 reads
2021-04-14 13:23:54,867 INFO Parsed 64000000 input reads
2021-04-14 13:24:04,099 INFO Written out 50400000 reads
2021-04-14 13:24:39,454 INFO Written out 50500000 reads
2021-04-14 13:24:54,463 INFO Written out 50600000 reads
2021-04-14 13:25:18,096 INFO Written out 50700000 reads
2021-04-14 13:25:41,938 INFO Written out 50800000 reads
2021-04-14 13:26:01,934 INFO Written out 50900000 reads
2021-04-14 13:26:18,452 INFO Written out 51000000 reads
2021-04-14 13:26:38,901 INFO Written out 51100000 reads
2021-04-14 13:26:53,386 INFO Parsed 65000000 input reads
2021-04-14 13:27:03,718 INFO Written out 51200000 reads
2021-04-14 13:27:32,560 INFO Written out 51300000 reads
2021-04-14 13:28:40,130 INFO Written out 51400000 reads
2021-04-14 13:28:42,656 INFO Written out 51500000 reads
2021-04-14 13:28:45,925 INFO Written out 51600000 reads
2021-04-14 13:29:02,047 INFO Written out 51700000 reads
2021-04-14 13:29:30,267 INFO Written out 51800000 reads
2021-04-14 13:29:50,418 INFO Written out 51900000 reads
2021-04-14 13:29:59,525 INFO Parsed 66000000 input reads
2021-04-14 13:30:18,820 INFO Written out 52000000 reads
2021-04-14 13:30:47,758 INFO Written out 52100000 reads
2021-04-14 13:31:12,587 INFO Written out 52200000 reads
2021-04-14 13:31:41,903 INFO Written out 52300000 reads
2021-04-14 13:32:11,838 INFO Written out 52400000 reads
2021-04-14 13:32:41,767 INFO Written out 52500000 reads
2021-04-14 13:32:58,108 INFO Written out 52600000 reads
2021-04-14 13:33:27,553 INFO Written out 52700000 reads
2021-04-14 13:33:32,547 INFO Parsed 67000000 input reads
2021-04-14 13:33:57,308 INFO Written out 52800000 reads
2021-04-14 13:34:22,385 INFO Written out 52900000 reads
2021-04-14 13:34:51,249 INFO Written out 53000000 reads
2021-04-14 13:35:15,559 INFO Written out 53100000 reads
2021-04-14 13:35:43,616 INFO Written out 53200000 reads
2021-04-14 13:36:07,163 INFO Written out 53300000 reads
2021-04-14 13:36:52,957 INFO Written out 53400000 reads
2021-04-14 13:36:55,301 INFO Written out 53500000 reads
2021-04-14 13:36:55,345 INFO Parsed 68000000 input reads
2021-04-14 13:37:06,682 INFO Written out 53600000 reads
2021-04-14 13:37:34,747 INFO Written out 53700000 reads
2021-04-14 13:38:02,454 INFO Written out 53800000 reads
2021-04-14 13:38:22,749 INFO Written out 53900000 reads
2021-04-14 13:38:52,283 INFO Written out 54000000 reads
2021-04-14 13:39:16,557 INFO Written out 54100000 reads
2021-04-14 13:39:40,942 INFO Written out 54200000 reads
2021-04-14 13:40:04,668 INFO Parsed 69000000 input reads
2021-04-14 13:40:09,294 INFO Written out 54300000 reads
2021-04-14 13:40:34,101 INFO Written out 54400000 reads
2021-04-14 13:40:58,686 INFO Written out 54500000 reads
2021-04-14 13:41:27,504 INFO Written out 54600000 reads
2021-04-14 13:41:52,195 INFO Written out 54700000 reads
2021-04-14 13:42:21,141 INFO Written out 54800000 reads
2021-04-14 13:42:46,338 INFO Written out 54900000 reads
2021-04-14 13:43:15,866 INFO Written out 55000000 reads
2021-04-14 13:44:07,987 INFO Parsed 70000000 input reads
2021-04-14 13:44:17,115 INFO Written out 55100000 reads
2021-04-14 13:44:45,955 INFO Written out 55200000 reads
2021-04-14 13:45:05,970 INFO Written out 55300000 reads
2021-04-14 13:45:34,182 INFO Written out 55400000 reads
2021-04-14 13:45:58,378 INFO Written out 55500000 reads
2021-04-14 13:46:22,521 INFO Written out 55600000 reads
2021-04-14 13:46:50,720 INFO Written out 55700000 reads
2021-04-14 13:47:15,133 INFO Written out 55800000 reads
2021-04-14 13:47:29,802 INFO Parsed 71000000 input reads
2021-04-14 13:47:39,862 INFO Written out 55900000 reads
2021-04-14 13:48:09,659 INFO Written out 56000000 reads
2021-04-14 13:48:35,053 INFO Written out 56100000 reads
2021-04-14 13:49:04,747 INFO Written out 56200000 reads
2021-04-14 13:49:34,678 INFO Written out 56300000 reads
2021-04-14 13:50:00,095 INFO Written out 56400000 reads
2021-04-14 13:50:25,814 INFO Written out 56500000 reads
2021-04-14 13:50:56,246 INFO Written out 56600000 reads
2021-04-14 13:51:07,039 INFO Parsed 72000000 input reads
2021-04-14 13:51:22,258 INFO Written out 56700000 reads
2021-04-14 13:51:52,235 INFO Written out 56800000 reads
2021-04-14 13:52:18,052 INFO Written out 56900000 reads
2021-04-14 13:52:48,130 INFO Written out 57000000 reads
2021-04-14 13:53:14,360 INFO Written out 57100000 reads
2021-04-14 13:53:45,700 INFO Written out 57200000 reads
2021-04-14 13:54:12,254 INFO Written out 57300000 reads
2021-04-14 13:54:53,353 INFO Written out 57400000 reads
2021-04-14 13:54:54,192 INFO Parsed 73000000 input reads
2021-04-14 13:55:13,428 INFO Written out 57500000 reads
2021-04-14 13:55:57,426 INFO Written out 57600000 reads
2021-04-14 13:56:28,078 INFO Written out 57700000 reads
2021-04-14 13:56:52,034 INFO Written out 57800000 reads
2021-04-14 13:58:03,197 INFO Written out 57900000 reads
2021-04-14 13:58:10,242 INFO Written out 58000000 reads
2021-04-14 13:58:33,417 INFO Written out 58100000 reads
2021-04-14 13:58:56,682 INFO Written out 58200000 reads
2021-04-14 13:59:01,324 INFO Parsed 74000000 input reads
2021-04-14 13:59:24,055 INFO Written out 58300000 reads
2021-04-14 13:59:43,268 INFO Written out 58400000 reads
2021-04-14 14:00:06,563 INFO Written out 58500000 reads
2021-04-14 14:00:34,069 INFO Written out 58600000 reads
2021-04-14 14:01:01,588 INFO Written out 58700000 reads
2021-04-14 14:01:25,029 INFO Written out 58800000 reads
2021-04-14 14:01:52,897 INFO Written out 58900000 reads
2021-04-14 14:02:20,292 INFO Written out 59000000 reads
2021-04-14 14:02:20,398 INFO Parsed 75000000 input reads
2021-04-14 14:02:43,735 INFO Written out 59100000 reads
2021-04-14 14:03:07,298 INFO Written out 59200000 reads
2021-04-14 14:03:34,987 INFO Written out 59300000 reads
2021-04-14 14:03:58,934 INFO Written out 59400000 reads
2021-04-14 14:04:26,888 INFO Written out 59500000 reads
2021-04-14 14:04:51,685 INFO Written out 59600000 reads
2021-04-14 14:05:19,996 INFO Written out 59700000 reads
2021-04-14 14:05:39,828 INFO Parsed 76000000 input reads
2021-04-14 14:05:44,218 INFO Written out 59800000 reads
2021-04-14 14:06:12,674 INFO Written out 59900000 reads
2021-04-14 14:06:36,850 INFO Written out 60000000 reads
2021-04-14 14:07:05,333 INFO Written out 60100000 reads
2021-04-14 14:07:29,526 INFO Written out 60200000 reads
2021-04-14 14:07:58,375 INFO Written out 60300000 reads
2021-04-14 14:08:22,743 INFO Written out 60400000 reads
2021-04-14 14:08:47,426 INFO Written out 60500000 reads
2021-04-14 14:09:07,219 INFO Parsed 77000000 input reads
2021-04-14 14:09:12,018 INFO Written out 60600000 reads
2021-04-14 14:09:40,883 INFO Written out 60700000 reads
2021-04-14 14:10:06,226 INFO Written out 60800000 reads
2021-04-14 14:10:35,521 INFO Written out 60900000 reads
2021-04-14 14:11:09,563 INFO Written out 61000000 reads
2021-04-14 14:11:57,134 INFO Written out 61100000 reads
2021-04-14 14:12:21,269 INFO Written out 61200000 reads
2021-04-14 14:12:45,118 INFO Written out 61300000 reads
2021-04-14 14:13:08,545 INFO Parsed 78000000 input reads
2021-04-14 14:13:13,768 INFO Written out 61400000 reads
2021-04-14 14:13:41,876 INFO Written out 61500000 reads
2021-04-14 14:14:06,459 INFO Written out 61600000 reads
2021-04-14 14:14:35,143 INFO Written out 61700000 reads
2021-04-14 14:14:59,531 INFO Written out 61800000 reads
2021-04-14 14:15:24,136 INFO Written out 61900000 reads
2021-04-14 14:15:53,283 INFO Written out 62000000 reads
2021-04-14 14:16:22,558 INFO Written out 62100000 reads
2021-04-14 14:16:37,309 INFO Parsed 79000000 input reads
2021-04-14 14:16:51,433 INFO Written out 62200000 reads
2021-04-14 14:17:16,399 INFO Written out 62300000 reads
2021-04-14 14:17:45,650 INFO Written out 62400000 reads
2021-04-14 14:18:14,910 INFO Written out 62500000 reads
2021-04-14 14:18:44,366 INFO Written out 62600000 reads
2021-04-14 14:19:05,125 INFO Written out 62700000 reads
2021-04-14 14:19:34,763 INFO Written out 62800000 reads
2021-04-14 14:20:00,039 INFO Written out 62900000 reads
2021-04-14 14:20:14,833 INFO Parsed 80000000 input reads
2021-04-14 14:20:30,131 INFO Written out 63000000 reads
2021-04-14 14:20:55,395 INFO Written out 63100000 reads
2021-04-14 14:21:21,051 INFO Written out 63200000 reads
2021-04-14 14:21:51,595 INFO Written out 63300000 reads
2021-04-14 14:22:12,533 INFO Written out 63400000 reads
2021-04-14 14:22:43,016 INFO Written out 63500000 reads
2021-04-14 14:23:18,096 INFO Written out 63600000 reads
2021-04-14 14:23:34,696 INFO Written out 63700000 reads
2021-04-14 14:23:53,951 INFO Parsed 81000000 input reads
2021-04-14 14:24:05,114 INFO Written out 63800000 reads
2021-04-14 14:25:01,708 INFO Written out 63900000 reads
2021-04-14 14:25:26,238 INFO Written out 64000000 reads
2021-04-14 14:25:51,314 INFO Written out 64100000 reads
2021-04-14 14:26:16,172 INFO Written out 64200000 reads
2021-04-14 14:26:45,772 INFO Written out 64300000 reads
2021-04-14 14:27:14,970 INFO Written out 64400000 reads
2021-04-14 14:27:39,730 INFO Written out 64500000 reads
2021-04-14 14:27:44,706 INFO Parsed 82000000 input reads
2021-04-14 14:28:04,615 INFO Written out 64600000 reads
2021-04-14 14:28:33,691 INFO Written out 64700000 reads
2021-04-14 14:29:03,078 INFO Written out 64800000 reads
2021-04-14 14:29:32,204 INFO Written out 64900000 reads
2021-04-14 14:29:57,381 INFO Written out 65000000 reads
2021-04-14 14:30:22,238 INFO Written out 65100000 reads
2021-04-14 14:30:51,901 INFO Written out 65200000 reads
2021-04-14 14:31:16,880 INFO Written out 65300000 reads
2021-04-14 14:31:17,066 INFO Parsed 83000000 input reads
2021-04-14 14:31:42,427 INFO Written out 65400000 reads
2021-04-14 14:32:07,803 INFO Written out 65500000 reads
2021-04-14 14:32:33,143 INFO Written out 65600000 reads
2021-04-14 14:32:58,621 INFO Written out 65700000 reads
2021-04-14 14:33:28,365 INFO Written out 65800000 reads
2021-04-14 14:33:49,330 INFO Written out 65900000 reads
2021-04-14 14:36:37,197 INFO Written out 66000000 reads
2021-04-14 14:36:39,385 INFO Parsed 84000000 input reads
2021-04-14 14:36:39,555 INFO Written out 66100000 reads
2021-04-14 14:36:41,531 INFO Written out 66200000 reads
2021-04-14 14:36:43,491 INFO Written out 66300000 reads
2021-04-14 14:36:45,678 INFO Written out 66400000 reads
2021-04-14 14:36:47,709 INFO Written out 66500000 reads
2021-04-14 14:36:51,194 INFO Written out 66600000 reads
2021-04-14 14:36:53,250 INFO Written out 66700000 reads
2021-04-14 14:36:55,774 INFO Written out 66800000 reads
2021-04-14 14:36:57,684 INFO Parsed 85000000 input reads
2021-04-14 14:36:58,387 INFO Written out 66900000 reads
2021-04-14 14:37:02,821 INFO Written out 67000000 reads
2021-04-14 14:37:07,010 INFO Written out 67100000 reads
2021-04-14 14:37:10,942 INFO Written out 67200000 reads
2021-04-14 14:37:16,631 INFO Written out 67300000 reads
2021-04-14 14:37:20,245 INFO Written out 67400000 reads
2021-04-14 14:37:24,244 INFO Written out 67500000 reads
2021-04-14 14:37:28,473 INFO Written out 67600000 reads
2021-04-14 14:37:30,916 INFO Parsed 86000000 input reads
2021-04-14 14:37:33,701 INFO Written out 67700000 reads
2021-04-14 14:37:36,999 INFO Written out 67800000 reads
2021-04-14 14:37:39,633 INFO Written out 67900000 reads
2021-04-14 14:37:42,772 INFO Written out 68000000 reads
2021-04-14 14:37:46,701 INFO Written out 68100000 reads
2021-04-14 14:37:49,297 INFO Written out 68200000 reads
2021-04-14 14:37:52,564 INFO Written out 68300000 reads
2021-04-14 14:37:56,483 INFO Written out 68400000 reads
2021-04-14 14:37:56,999 INFO Parsed 87000000 input reads
2021-04-14 14:37:58,847 INFO Written out 68500000 reads
2021-04-14 14:38:01,535 INFO Written out 68600000 reads
2021-04-14 14:38:05,730 INFO Written out 68700000 reads
2021-04-14 14:38:09,672 INFO Written out 68800000 reads
2021-04-14 14:38:13,095 INFO Written out 68900000 reads
2021-04-14 14:38:15,878 INFO Written out 69000000 reads
2021-04-14 14:38:17,874 INFO Written out 69100000 reads
2021-04-14 14:38:20,272 INFO Written out 69200000 reads
2021-04-14 14:38:20,321 INFO Parsed 88000000 input reads
2021-04-14 14:38:22,303 INFO Written out 69300000 reads
2021-04-14 14:38:24,279 INFO Written out 69400000 reads
2021-04-14 14:38:26,208 INFO Written out 69500000 reads
2021-04-14 14:38:29,370 INFO Written out 69600000 reads
2021-04-14 14:38:31,673 INFO Written out 69700000 reads
2021-04-14 14:38:33,795 INFO Written out 69800000 reads
2021-04-14 14:39:10,138 INFO Written out 69900000 reads
2021-04-14 14:39:14,782 INFO Parsed 89000000 input reads
2021-04-14 14:39:15,220 INFO Written out 70000000 reads
2021-04-14 14:39:19,850 INFO Written out 70100000 reads
2021-04-14 14:39:25,051 INFO Written out 70200000 reads
2021-04-14 14:39:30,609 INFO Written out 70300000 reads
2021-04-14 14:39:35,549 INFO Written out 70400000 reads
2021-04-14 14:40:01,690 INFO Written out 70500000 reads
2021-04-14 14:40:31,221 INFO Written out 70600000 reads
2021-04-14 14:40:32,012 INFO Searching for mates for 0 unmatched alignments
2021-04-14 14:44:38,504 INFO 0 mates never found
2021-04-14 15:00:26,342 INFO Reads: Input Reads: 89798903, Read pairs: 89798903, Read 2 unmapped: 5635
2021-04-14 15:00:26,342 INFO Number of reads out: 70614300
2021-04-14 15:00:26,343 INFO Total number of positions deduplicated: 58313466
2021-04-14 15:00:26,343 INFO Mean number of unique UMIs per position: 1.22
2021-04-14 15:00:26,343 INFO Max. number of unique UMIs per position: 3156
# job finished in 13874 seconds at Wed Apr 14 15:00:26 2021 -- 13577.11 259.33  0.00  0.00 -- 9c26fc31-0795-4bb0-b389-0e2f06b47dd2
