# UMI-tools version: 1.1.1
# output generated by dedup -I 03_alignedData/bam/22_KB_C6Aligned.sortedByCoord.out.bam -L 04_dedupUmis/log/22_KB_C6.log -S 04_dedupUmis/bam/22_KB_C6.bam --umi-separator=: --temp-dir=. --paired --output-stats=04_dedupUmis/log/22_KB_C6
# job started at Wed Apr 14 11:09:11 2021 on r25-n4 -- 05abcac8-c447-4010-aa06-728567128b32
# pid: 297483, system: Linux 3.10.0-1062.9.1.el7.x86_64 #1 SMP Mon Dec 2 08:31:54 EST 2019 x86_64
# assigned_tag                            : None
# cell_tag                                : None
# cell_tag_delim                          : None
# cell_tag_split                          : -
# chimeric_pairs                          : use
# chrom                                   : None
# compresslevel                           : 6
# detection_method                        : None
# filter_umi                              : None
# gene_tag                                : None
# gene_transcript_map                     : None
# get_umi_method                          : read_id
# ignore_tlen                             : False
# ignore_umi                              : False
# in_sam                                  : False
# log2stderr                              : False
# loglevel                                : 1
# mapping_quality                         : 0
# method                                  : directional
# no_sort_output                          : False
# out_sam                                 : False
# output_unmapped                         : False
# paired                                  : True
# per_cell                                : False
# per_contig                              : False
# per_gene                                : False
# random_seed                             : None
# read_length                             : False
# short_help                              : None
# skip_regex                              : ^(__|Unassigned)
# soft_clip_threshold                     : 4
# spliced                                 : False
# stats                                   : 04_dedupUmis/log/22_KB_C6
# stderr                                  : <_io.TextIOWrapper name='<stderr>' mode='w' encoding='UTF-8'>
# stdin                                   : <_io.TextIOWrapper name='03_alignedData/bam/22_KB_C6Aligned.sortedByCoord.out.bam' mode='r' encoding='UTF-8'>
# stdlog                                  : <_io.TextIOWrapper name='04_dedupUmis/log/22_KB_C6.log' mode='a' encoding='UTF-8'>
# stdout                                  : <_io.TextIOWrapper name='04_dedupUmis/bam/22_KB_C6.bam' mode='w' encoding='UTF-8'>
# subset                                  : None
# threshold                               : 1
# timeit_file                             : None
# timeit_header                           : None
# timeit_name                             : all
# tmpdir                                  : .
# umi_sep                                 : :
# umi_tag                                 : RX
# umi_tag_delim                           : None
# umi_tag_split                           : None
# umi_whitelist                           : None
# umi_whitelist_paired                    : None
# unmapped_reads                          : discard
# unpaired_reads                          : use
# whole_contig                            : False
2021-04-14 11:09:11,849 WARNING Chimeric read pairs are being used. Some read pair UMIs may be grouped/deduplicated using just the mapping coordinates from read1.This may also increase the run time and memory usage. Consider --chimeric-pairs==discard to discard these reads or --chimeric-pairs==output (group command only) to output them without grouping
2021-04-14 11:09:11,850 WARNING Unpaired read pairs are being used. Some read pair UMIs may be grouped/deduplicated using just the mapping coordinates from read1.This may also increase the run time and memory usage. Consider --unpared-reads==discard to discard these reads or --unpared-reads==output (group command only) to output them without grouping
2021-04-14 11:09:11,850 INFO command: dedup -I 03_alignedData/bam/22_KB_C6Aligned.sortedByCoord.out.bam -L 04_dedupUmis/log/22_KB_C6.log -S 04_dedupUmis/bam/22_KB_C6.bam --umi-separator=: --temp-dir=. --paired --output-stats=04_dedupUmis/log/22_KB_C6
2021-04-14 11:13:48,593 INFO total_umis 84709625
2021-04-14 11:13:48,603 INFO #umis 66115
2021-04-14 11:17:08,260 INFO Written out 100000 reads
2021-04-14 11:17:11,159 INFO Written out 200000 reads
2021-04-14 11:17:14,564 INFO Written out 300000 reads
2021-04-14 11:17:18,083 INFO Written out 400000 reads
2021-04-14 11:17:21,488 INFO Written out 500000 reads
2021-04-14 11:17:25,690 INFO Written out 600000 reads
2021-04-14 11:17:28,640 INFO Written out 700000 reads
2021-04-14 11:17:32,226 INFO Written out 800000 reads
2021-04-14 11:17:34,173 INFO Parsed 1000000 input reads
2021-04-14 11:17:35,954 INFO Written out 900000 reads
2021-04-14 11:17:39,913 INFO Written out 1000000 reads
2021-04-14 11:17:43,944 INFO Written out 1100000 reads
2021-04-14 11:17:47,552 INFO Written out 1200000 reads
2021-04-14 11:17:51,507 INFO Written out 1300000 reads
2021-04-14 11:17:55,910 INFO Written out 1400000 reads
2021-04-14 11:17:59,882 INFO Written out 1500000 reads
2021-04-14 11:18:04,183 INFO Written out 1600000 reads
2021-04-14 11:18:09,190 INFO Written out 1700000 reads
2021-04-14 11:18:09,257 INFO Parsed 2000000 input reads
2021-04-14 11:18:12,877 INFO Written out 1800000 reads
2021-04-14 11:18:17,582 INFO Written out 1900000 reads
2021-04-14 11:18:22,307 INFO Written out 2000000 reads
2021-04-14 11:18:26,763 INFO Written out 2100000 reads
2021-04-14 11:18:31,645 INFO Written out 2200000 reads
2021-04-14 11:18:36,223 INFO Written out 2300000 reads
2021-04-14 11:18:41,197 INFO Written out 2400000 reads
2021-04-14 11:18:46,145 INFO Written out 2500000 reads
2021-04-14 11:18:48,902 INFO Parsed 3000000 input reads
2021-04-14 11:18:50,944 INFO Written out 2600000 reads
2021-04-14 11:18:55,730 INFO Written out 2700000 reads
2021-04-14 11:19:00,970 INFO Written out 2800000 reads
2021-04-14 11:19:24,800 INFO Written out 2900000 reads
2021-04-14 11:19:30,048 INFO Written out 3000000 reads
2021-04-14 11:19:34,299 INFO Written out 3100000 reads
2021-04-14 11:19:38,898 INFO Written out 3200000 reads
2021-04-14 11:19:43,522 INFO Written out 3300000 reads
2021-04-14 11:19:48,557 INFO Written out 3400000 reads
2021-04-14 11:19:48,663 INFO Parsed 4000000 input reads
2021-04-14 11:19:53,356 INFO Written out 3500000 reads
2021-04-14 11:19:58,678 INFO Written out 3600000 reads
2021-04-14 11:20:04,103 INFO Written out 3700000 reads
2021-04-14 11:20:08,892 INFO Written out 3800000 reads
2021-04-14 11:20:13,870 INFO Written out 3900000 reads
2021-04-14 11:20:19,250 INFO Written out 4000000 reads
2021-04-14 11:20:24,828 INFO Written out 4100000 reads
2021-04-14 11:20:30,670 INFO Written out 4200000 reads
2021-04-14 11:20:31,897 INFO Parsed 5000000 input reads
2021-04-14 11:20:34,696 INFO Written out 4300000 reads
2021-04-14 11:20:40,428 INFO Written out 4400000 reads
2021-04-14 11:20:45,785 INFO Written out 4500000 reads
2021-04-14 11:20:51,581 INFO Written out 4600000 reads
2021-04-14 11:20:56,977 INFO Written out 4700000 reads
2021-04-14 11:21:02,484 INFO Written out 4800000 reads
2021-04-14 11:21:08,593 INFO Written out 4900000 reads
2021-04-14 11:21:14,112 INFO Written out 5000000 reads
2021-04-14 11:21:19,796 INFO Written out 5100000 reads
2021-04-14 11:21:19,887 INFO Parsed 6000000 input reads
2021-04-14 11:21:25,558 INFO Written out 5200000 reads
2021-04-14 11:21:32,024 INFO Written out 5300000 reads
2021-04-14 11:21:37,913 INFO Written out 5400000 reads
2021-04-14 11:21:43,064 INFO Written out 5500000 reads
2021-04-14 11:22:06,153 INFO Written out 5600000 reads
2021-04-14 11:22:12,560 INFO Written out 5700000 reads
2021-04-14 11:22:16,665 INFO Written out 5800000 reads
2021-04-14 11:22:22,066 INFO Written out 5900000 reads
2021-04-14 11:22:26,201 INFO Parsed 7000000 input reads
2021-04-14 11:22:28,008 INFO Written out 6000000 reads
2021-04-14 11:22:33,529 INFO Written out 6100000 reads
2021-04-14 11:22:40,308 INFO Written out 6200000 reads
2021-04-14 11:22:45,313 INFO Written out 6300000 reads
2021-04-14 11:22:51,085 INFO Written out 6400000 reads
2021-04-14 11:22:56,790 INFO Written out 6500000 reads
2021-04-14 11:23:02,641 INFO Written out 6600000 reads
2021-04-14 11:23:09,113 INFO Written out 6700000 reads
2021-04-14 11:23:15,013 INFO Parsed 8000000 input reads
2021-04-14 11:23:15,144 INFO Written out 6800000 reads
2021-04-14 11:23:21,044 INFO Written out 6900000 reads
2021-04-14 11:23:27,666 INFO Written out 7000000 reads
2021-04-14 11:23:33,772 INFO Written out 7100000 reads
2021-04-14 11:23:40,560 INFO Written out 7200000 reads
2021-04-14 11:23:46,800 INFO Written out 7300000 reads
2021-04-14 11:23:53,705 INFO Written out 7400000 reads
2021-04-14 11:24:00,747 INFO Written out 7500000 reads
2021-04-14 11:24:07,132 INFO Written out 7600000 reads
2021-04-14 11:24:10,674 INFO Parsed 9000000 input reads
2021-04-14 11:24:14,187 INFO Written out 7700000 reads
2021-04-14 11:24:20,818 INFO Written out 7800000 reads
2021-04-14 11:24:27,915 INFO Written out 7900000 reads
2021-04-14 11:24:51,701 INFO Written out 8000000 reads
2021-04-14 11:24:57,634 INFO Written out 8100000 reads
2021-04-14 11:25:04,155 INFO Written out 8200000 reads
2021-04-14 11:25:11,596 INFO Written out 8300000 reads
2021-04-14 11:25:17,682 INFO Written out 8400000 reads
2021-04-14 11:25:23,715 INFO Parsed 10000000 input reads
2021-04-14 11:25:23,728 INFO Written out 8500000 reads
2021-04-14 11:25:29,994 INFO Written out 8600000 reads
2021-04-14 11:25:36,350 INFO Written out 8700000 reads
2021-04-14 11:25:43,268 INFO Written out 8800000 reads
2021-04-14 11:25:50,476 INFO Written out 8900000 reads
2021-04-14 11:25:56,759 INFO Written out 9000000 reads
2021-04-14 11:26:03,215 INFO Written out 9100000 reads
2021-04-14 11:26:09,678 INFO Written out 9200000 reads
2021-04-14 11:26:15,284 INFO Written out 9300000 reads
2021-04-14 11:26:19,861 INFO Parsed 11000000 input reads
2021-04-14 11:26:22,637 INFO Written out 9400000 reads
2021-04-14 11:26:29,441 INFO Written out 9500000 reads
2021-04-14 11:26:36,920 INFO Written out 9600000 reads
2021-04-14 11:26:44,620 INFO Written out 9700000 reads
2021-04-14 11:26:51,393 INFO Written out 9800000 reads
2021-04-14 11:26:58,298 INFO Written out 9900000 reads
2021-04-14 11:27:05,326 INFO Written out 10000000 reads
2021-04-14 11:27:26,546 INFO Written out 10100000 reads
2021-04-14 11:27:34,803 INFO Written out 10200000 reads
2021-04-14 11:27:34,838 INFO Parsed 12000000 input reads
2021-04-14 11:27:39,485 INFO Written out 10300000 reads
2021-04-14 11:27:46,811 INFO Written out 10400000 reads
2021-04-14 11:27:54,188 INFO Written out 10500000 reads
2021-04-14 11:28:04,081 INFO Written out 10600000 reads
2021-04-14 11:28:07,687 INFO Written out 10700000 reads
2021-04-14 11:28:14,498 INFO Written out 10800000 reads
2021-04-14 11:28:22,212 INFO Written out 10900000 reads
2021-04-14 11:28:29,201 INFO Written out 11000000 reads
2021-04-14 11:28:33,189 INFO Parsed 13000000 input reads
2021-04-14 11:28:37,037 INFO Written out 11100000 reads
2021-04-14 11:28:44,100 INFO Written out 11200000 reads
2021-04-14 11:28:52,000 INFO Written out 11300000 reads
2021-04-14 11:29:00,015 INFO Written out 11400000 reads
2021-04-14 11:29:07,185 INFO Written out 11500000 reads
2021-04-14 11:29:15,260 INFO Written out 11600000 reads
2021-04-14 11:29:22,577 INFO Written out 11700000 reads
2021-04-14 11:29:29,819 INFO Written out 11800000 reads
2021-04-14 11:29:38,231 INFO Written out 11900000 reads
2021-04-14 11:29:38,322 INFO Parsed 14000000 input reads
2021-04-14 11:29:46,613 INFO Written out 12000000 reads
2021-04-14 11:29:54,193 INFO Written out 12100000 reads
2021-04-14 11:30:02,974 INFO Written out 12200000 reads
2021-04-14 11:30:10,451 INFO Written out 12300000 reads
2021-04-14 11:30:17,079 INFO Written out 12400000 reads
2021-04-14 11:30:41,811 INFO Written out 12500000 reads
2021-04-14 11:30:49,851 INFO Written out 12600000 reads
2021-04-14 11:30:58,860 INFO Written out 12700000 reads
2021-04-14 11:31:01,889 INFO Parsed 15000000 input reads
2021-04-14 11:31:04,857 INFO Written out 12800000 reads
2021-04-14 11:31:12,066 INFO Written out 12900000 reads
2021-04-14 11:31:19,345 INFO Written out 13000000 reads
2021-04-14 11:31:26,553 INFO Written out 13100000 reads
2021-04-14 11:31:34,830 INFO Written out 13200000 reads
2021-04-14 11:31:43,282 INFO Written out 13300000 reads
2021-04-14 11:31:50,786 INFO Written out 13400000 reads
2021-04-14 11:31:58,470 INFO Written out 13500000 reads
2021-04-14 11:32:05,887 INFO Written out 13600000 reads
2021-04-14 11:32:05,964 INFO Parsed 16000000 input reads
2021-04-14 11:32:13,175 INFO Written out 13700000 reads
2021-04-14 11:32:21,488 INFO Written out 13800000 reads
2021-04-14 11:32:30,009 INFO Written out 13900000 reads
2021-04-14 11:32:39,936 INFO Written out 14000000 reads
2021-04-14 11:32:45,310 INFO Written out 14100000 reads
2021-04-14 11:32:55,092 INFO Written out 14200000 reads
2021-04-14 11:33:02,855 INFO Written out 14300000 reads
2021-04-14 11:33:10,616 INFO Written out 14400000 reads
2021-04-14 11:33:15,242 INFO Parsed 17000000 input reads
2021-04-14 11:33:20,688 INFO Written out 14500000 reads
2021-04-14 11:33:28,861 INFO Written out 14600000 reads
2021-04-14 11:33:34,639 INFO Written out 14700000 reads
2021-04-14 11:33:42,625 INFO Written out 14800000 reads
2021-04-14 11:34:01,681 INFO Written out 14900000 reads
2021-04-14 11:34:03,427 INFO Written out 15000000 reads
2021-04-14 11:34:05,152 INFO Written out 15100000 reads
2021-04-14 11:34:06,931 INFO Written out 15200000 reads
2021-04-14 11:34:12,812 INFO Written out 15300000 reads
2021-04-14 11:34:13,180 INFO Parsed 18000000 input reads
2021-04-14 11:34:22,679 INFO Written out 15400000 reads
2021-04-14 11:34:31,351 INFO Written out 15500000 reads
2021-04-14 11:34:41,918 INFO Written out 15600000 reads
2021-04-14 11:34:47,771 INFO Written out 15700000 reads
2021-04-14 11:35:17,231 INFO Written out 15800000 reads
2021-04-14 11:35:26,393 INFO Written out 15900000 reads
2021-04-14 11:35:34,572 INFO Written out 16000000 reads
2021-04-14 11:35:42,818 INFO Written out 16100000 reads
2021-04-14 11:35:47,320 INFO Parsed 19000000 input reads
2021-04-14 11:35:53,368 INFO Written out 16200000 reads
2021-04-14 11:36:00,428 INFO Written out 16300000 reads
2021-04-14 11:36:09,892 INFO Written out 16400000 reads
2021-04-14 11:36:19,399 INFO Written out 16500000 reads
2021-04-14 11:36:27,983 INFO Written out 16600000 reads
2021-04-14 11:36:36,603 INFO Written out 16700000 reads
2021-04-14 11:36:46,410 INFO Written out 16800000 reads
2021-04-14 11:36:56,423 INFO Written out 16900000 reads
2021-04-14 11:37:05,219 INFO Parsed 20000000 input reads
2021-04-14 11:37:05,248 INFO Written out 17000000 reads
2021-04-14 11:37:14,001 INFO Written out 17100000 reads
2021-04-14 11:37:24,455 INFO Written out 17200000 reads
2021-04-14 11:37:35,322 INFO Written out 17300000 reads
2021-04-14 11:37:43,503 INFO Written out 17400000 reads
2021-04-14 11:37:52,961 INFO Written out 17500000 reads
2021-04-14 11:38:03,894 INFO Written out 17600000 reads
2021-04-14 11:38:14,646 INFO Written out 17700000 reads
2021-04-14 11:38:24,310 INFO Written out 17800000 reads
2021-04-14 11:38:29,806 INFO Parsed 21000000 input reads
2021-04-14 11:38:35,290 INFO Written out 17900000 reads
2021-04-14 11:39:00,589 INFO Written out 18000000 reads
2021-04-14 11:39:11,052 INFO Written out 18100000 reads
2021-04-14 11:39:20,297 INFO Written out 18200000 reads
2021-04-14 11:39:29,649 INFO Written out 18300000 reads
2021-04-14 11:39:40,108 INFO Written out 18400000 reads
2021-04-14 11:39:49,347 INFO Written out 18500000 reads
2021-04-14 11:39:59,682 INFO Written out 18600000 reads
2021-04-14 11:40:08,934 INFO Written out 18700000 reads
2021-04-14 11:40:08,955 INFO Parsed 22000000 input reads
2021-04-14 11:40:19,355 INFO Written out 18800000 reads
2021-04-14 11:40:28,620 INFO Written out 18900000 reads
2021-04-14 11:40:38,608 INFO Written out 19000000 reads
2021-04-14 11:40:49,959 INFO Written out 19100000 reads
2021-04-14 11:40:59,862 INFO Written out 19200000 reads
2021-04-14 11:41:11,291 INFO Written out 19300000 reads
2021-04-14 11:41:23,123 INFO Written out 19400000 reads
2021-04-14 11:41:33,495 INFO Written out 19500000 reads
2021-04-14 11:41:40,998 INFO Parsed 23000000 input reads
2021-04-14 11:41:48,425 INFO Written out 19600000 reads
2021-04-14 11:41:58,888 INFO Written out 19700000 reads
2021-04-14 11:42:14,368 INFO Written out 19800000 reads
2021-04-14 11:42:18,363 INFO Written out 19900000 reads
2021-04-14 11:42:30,527 INFO Written out 20000000 reads
2021-04-14 11:42:41,252 INFO Written out 20100000 reads
2021-04-14 11:42:53,640 INFO Written out 20200000 reads
2021-04-14 11:43:10,081 INFO Written out 20300000 reads
2021-04-14 11:43:13,906 INFO Written out 20400000 reads
2021-04-14 11:43:14,052 INFO Parsed 24000000 input reads
2021-04-14 11:43:28,004 INFO Written out 20500000 reads
2021-04-14 11:43:37,218 INFO Written out 20600000 reads
2021-04-14 11:43:50,239 INFO Written out 20700000 reads
2021-04-14 11:44:02,362 INFO Written out 20800000 reads
2021-04-14 11:44:14,393 INFO Written out 20900000 reads
2021-04-14 11:44:51,369 INFO Written out 21000000 reads
2021-04-14 11:45:01,946 INFO Written out 21100000 reads
2021-04-14 11:45:14,146 INFO Written out 21200000 reads
2021-04-14 11:45:18,812 INFO Parsed 25000000 input reads
2021-04-14 11:45:26,385 INFO Written out 21300000 reads
2021-04-14 11:45:33,550 INFO Written out 21400000 reads
2021-04-14 11:45:44,051 INFO Written out 21500000 reads
2021-04-14 11:45:56,221 INFO Written out 21600000 reads
2021-04-14 11:46:06,948 INFO Written out 21700000 reads
2021-04-14 11:46:19,177 INFO Written out 21800000 reads
2021-04-14 11:46:30,266 INFO Written out 21900000 reads
2021-04-14 11:46:42,816 INFO Written out 22000000 reads
2021-04-14 11:46:53,842 INFO Written out 22100000 reads
2021-04-14 11:46:55,720 INFO Parsed 26000000 input reads
2021-04-14 11:47:06,709 INFO Written out 22200000 reads
2021-04-14 11:47:19,417 INFO Written out 22300000 reads
2021-04-14 11:47:28,980 INFO Written out 22400000 reads
2021-04-14 11:47:42,245 INFO Written out 22500000 reads
2021-04-14 11:47:53,842 INFO Written out 22600000 reads
2021-04-14 11:48:07,163 INFO Written out 22700000 reads
2021-04-14 11:48:19,421 INFO Written out 22800000 reads
2021-04-14 11:48:31,367 INFO Written out 22900000 reads
2021-04-14 11:48:40,228 INFO Parsed 27000000 input reads
2021-04-14 11:48:45,017 INFO Written out 23000000 reads
2021-04-14 11:48:59,064 INFO Written out 23100000 reads
2021-04-14 11:49:11,148 INFO Written out 23200000 reads
2021-04-14 11:49:42,778 INFO Written out 23300000 reads
2021-04-14 11:49:54,078 INFO Written out 23400000 reads
2021-04-14 11:50:07,264 INFO Written out 23500000 reads
2021-04-14 11:50:19,028 INFO Written out 23600000 reads
2021-04-14 11:50:30,589 INFO Written out 23700000 reads
2021-04-14 11:50:44,029 INFO Written out 23800000 reads
2021-04-14 11:50:46,032 INFO Parsed 28000000 input reads
2021-04-14 11:50:57,719 INFO Written out 23900000 reads
2021-04-14 11:51:11,191 INFO Written out 24000000 reads
2021-04-14 11:51:22,958 INFO Written out 24100000 reads
2021-04-14 11:51:34,799 INFO Written out 24200000 reads
2021-04-14 11:51:48,929 INFO Written out 24300000 reads
2021-04-14 11:52:00,713 INFO Written out 24400000 reads
2021-04-14 11:52:12,865 INFO Written out 24500000 reads
2021-04-14 11:52:25,329 INFO Written out 24600000 reads
2021-04-14 11:52:34,641 INFO Parsed 29000000 input reads
2021-04-14 11:52:39,463 INFO Written out 24700000 reads
2021-04-14 11:52:53,821 INFO Written out 24800000 reads
2021-04-14 11:53:06,266 INFO Written out 24900000 reads
2021-04-14 11:53:18,716 INFO Written out 25000000 reads
2021-04-14 11:53:31,425 INFO Written out 25100000 reads
2021-04-14 11:53:46,286 INFO Written out 25200000 reads
2021-04-14 11:54:02,772 INFO Written out 25300000 reads
2021-04-14 11:54:31,108 INFO Written out 25400000 reads
2021-04-14 11:54:46,508 INFO Written out 25500000 reads
2021-04-14 11:54:46,734 INFO Parsed 30000000 input reads
2021-04-14 11:54:58,340 INFO Written out 25600000 reads
2021-04-14 11:55:10,365 INFO Written out 25700000 reads
2021-04-14 11:55:26,397 INFO Written out 25800000 reads
2021-04-14 11:55:36,495 INFO Written out 25900000 reads
2021-04-14 11:55:48,181 INFO Written out 26000000 reads
2021-04-14 11:56:02,083 INFO Written out 26100000 reads
2021-04-14 11:56:11,924 INFO Written out 26200000 reads
2021-04-14 11:56:25,978 INFO Written out 26300000 reads
2021-04-14 11:56:33,199 INFO Parsed 31000000 input reads
2021-04-14 11:56:38,210 INFO Written out 26400000 reads
2021-04-14 11:56:52,250 INFO Written out 26500000 reads
2021-04-14 11:57:06,499 INFO Written out 26600000 reads
2021-04-14 11:57:17,229 INFO Written out 26700000 reads
2021-04-14 11:57:29,696 INFO Written out 26800000 reads
2021-04-14 11:57:44,630 INFO Written out 26900000 reads
2021-04-14 11:57:57,457 INFO Written out 27000000 reads
2021-04-14 11:58:19,387 INFO Written out 27100000 reads
2021-04-14 11:58:21,192 INFO Parsed 32000000 input reads
2021-04-14 11:58:21,509 INFO Written out 27200000 reads
2021-04-14 11:58:30,555 INFO Written out 27300000 reads
2021-04-14 11:58:43,566 INFO Written out 27400000 reads
2021-04-14 11:58:58,533 INFO Written out 27500000 reads
2021-04-14 11:59:13,668 INFO Written out 27600000 reads
2021-04-14 11:59:26,953 INFO Written out 27700000 reads
2021-04-14 11:59:40,189 INFO Written out 27800000 reads
2021-04-14 11:59:55,424 INFO Written out 27900000 reads
2021-04-14 12:00:10,785 INFO Written out 28000000 reads
2021-04-14 12:00:16,018 INFO Parsed 33000000 input reads
2021-04-14 12:00:24,217 INFO Written out 28100000 reads
2021-04-14 12:00:40,193 INFO Written out 28200000 reads
2021-04-14 12:00:54,351 INFO Written out 28300000 reads
2021-04-14 12:01:10,397 INFO Written out 28400000 reads
2021-04-14 12:01:24,348 INFO Written out 28500000 reads
2021-04-14 12:01:36,187 INFO Written out 28600000 reads
2021-04-14 12:01:52,966 INFO Written out 28700000 reads
2021-04-14 12:02:36,517 INFO Written out 28800000 reads
2021-04-14 12:02:46,770 INFO Parsed 34000000 input reads
2021-04-14 12:02:49,295 INFO Written out 28900000 reads
2021-04-14 12:03:04,214 INFO Written out 29000000 reads
2021-04-14 12:03:15,456 INFO Written out 29100000 reads
2021-04-14 12:03:30,513 INFO Written out 29200000 reads
2021-04-14 12:03:43,772 INFO Written out 29300000 reads
2021-04-14 12:03:59,242 INFO Written out 29400000 reads
2021-04-14 12:04:15,219 INFO Written out 29500000 reads
2021-04-14 12:04:33,467 INFO Written out 29600000 reads
2021-04-14 12:04:40,251 INFO Written out 29700000 reads
2021-04-14 12:04:45,590 INFO Parsed 35000000 input reads
2021-04-14 12:04:53,885 INFO Written out 29800000 reads
2021-04-14 12:05:09,940 INFO Written out 29900000 reads
2021-04-14 12:05:23,836 INFO Written out 30000000 reads
2021-04-14 12:05:40,101 INFO Written out 30100000 reads
2021-04-14 12:05:53,974 INFO Written out 30200000 reads
2021-04-14 12:06:07,950 INFO Written out 30300000 reads
2021-04-14 12:06:24,450 INFO Written out 30400000 reads
2021-04-14 12:06:41,087 INFO Written out 30500000 reads
2021-04-14 12:06:54,959 INFO Parsed 36000000 input reads
2021-04-14 12:06:57,516 INFO Written out 30600000 reads
2021-04-14 12:07:11,802 INFO Written out 30700000 reads
2021-04-14 12:07:28,229 INFO Written out 30800000 reads
2021-04-14 12:07:45,223 INFO Written out 30900000 reads
2021-04-14 12:07:59,848 INFO Written out 31000000 reads
2021-04-14 12:08:22,108 INFO Written out 31100000 reads
2021-04-14 12:08:27,075 INFO Written out 31200000 reads
2021-04-14 12:08:44,068 INFO Written out 31300000 reads
2021-04-14 12:08:56,162 INFO Written out 31400000 reads
2021-04-14 12:09:04,341 INFO Parsed 37000000 input reads
2021-04-14 12:09:16,023 INFO Written out 31500000 reads
2021-04-14 12:09:30,836 INFO Written out 31600000 reads
2021-04-14 12:09:48,312 INFO Written out 31700000 reads
2021-04-14 12:10:03,757 INFO Written out 31800000 reads
2021-04-14 12:10:21,120 INFO Written out 31900000 reads
2021-04-14 12:10:36,190 INFO Written out 32000000 reads
2021-04-14 12:11:17,881 INFO Written out 32100000 reads
2021-04-14 12:11:32,061 INFO Written out 32200000 reads
2021-04-14 12:11:45,772 INFO Parsed 38000000 input reads
2021-04-14 12:11:48,243 INFO Written out 32300000 reads
2021-04-14 12:12:02,802 INFO Written out 32400000 reads
2021-04-14 12:12:19,672 INFO Written out 32500000 reads
2021-04-14 12:12:36,232 INFO Written out 32600000 reads
2021-04-14 12:12:50,435 INFO Written out 32700000 reads
2021-04-14 12:13:05,136 INFO Written out 32800000 reads
2021-04-14 12:13:24,171 INFO Written out 32900000 reads
2021-04-14 12:13:31,493 INFO Written out 33000000 reads
2021-04-14 12:13:47,968 INFO Written out 33100000 reads
2021-04-14 12:13:53,761 INFO Parsed 39000000 input reads
2021-04-14 12:14:04,829 INFO Written out 33200000 reads
2021-04-14 12:14:19,269 INFO Written out 33300000 reads
2021-04-14 12:14:36,177 INFO Written out 33400000 reads
2021-04-14 12:14:50,392 INFO Written out 33500000 reads
2021-04-14 12:15:05,278 INFO Written out 33600000 reads
2021-04-14 12:15:22,726 INFO Written out 33700000 reads
2021-04-14 12:15:35,307 INFO Written out 33800000 reads
2021-04-14 12:15:47,769 INFO Written out 33900000 reads
2021-04-14 12:16:05,069 INFO Parsed 40000000 input reads
2021-04-14 12:16:05,215 INFO Written out 34000000 reads
2021-04-14 12:16:15,371 INFO Written out 34100000 reads
2021-04-14 12:16:35,911 INFO Written out 34200000 reads
2021-04-14 12:16:46,023 INFO Written out 34300000 reads
2021-04-14 12:17:01,261 INFO Written out 34400000 reads
2021-04-14 12:17:16,790 INFO Written out 34500000 reads
2021-04-14 12:17:34,817 INFO Written out 34600000 reads
2021-04-14 12:17:47,680 INFO Written out 34700000 reads
2021-04-14 12:18:03,829 INFO Written out 34800000 reads
2021-04-14 12:18:10,440 INFO Parsed 41000000 input reads
2021-04-14 12:18:19,997 INFO Written out 34900000 reads
2021-04-14 12:19:03,566 INFO Written out 35000000 reads
2021-04-14 12:19:18,509 INFO Written out 35100000 reads
2021-04-14 12:19:33,869 INFO Written out 35200000 reads
2021-04-14 12:19:51,350 INFO Written out 35300000 reads
2021-04-14 12:20:06,367 INFO Written out 35400000 reads
2021-04-14 12:20:21,647 INFO Written out 35500000 reads
2021-04-14 12:20:42,073 INFO Written out 35600000 reads
2021-04-14 12:20:52,154 INFO Parsed 42000000 input reads
2021-04-14 12:20:54,886 INFO Written out 35700000 reads
2021-04-14 12:21:10,194 INFO Written out 35800000 reads
2021-04-14 12:21:31,288 INFO Written out 35900000 reads
2021-04-14 12:21:41,770 INFO Written out 36000000 reads
2021-04-14 12:22:00,091 INFO Written out 36100000 reads
2021-04-14 12:22:15,764 INFO Written out 36200000 reads
2021-04-14 12:22:34,204 INFO Written out 36300000 reads
2021-04-14 12:22:50,328 INFO Written out 36400000 reads
2021-04-14 12:23:09,015 INFO Written out 36500000 reads
2021-04-14 12:23:18,294 INFO Parsed 43000000 input reads
2021-04-14 12:23:30,751 INFO Written out 36600000 reads
2021-04-14 12:23:41,357 INFO Written out 36700000 reads
2021-04-14 12:23:57,965 INFO Written out 36800000 reads
2021-04-14 12:24:17,133 INFO Written out 36900000 reads
2021-04-14 12:24:33,892 INFO Written out 37000000 reads
2021-04-14 12:24:50,499 INFO Written out 37100000 reads
2021-04-14 12:25:09,620 INFO Written out 37200000 reads
2021-04-14 12:25:29,225 INFO Written out 37300000 reads
2021-04-14 12:25:37,465 INFO Parsed 44000000 input reads
2021-04-14 12:25:40,555 INFO Written out 37400000 reads
2021-04-14 12:26:03,286 INFO Written out 37500000 reads
2021-04-14 12:26:16,837 INFO Written out 37600000 reads
2021-04-14 12:26:36,563 INFO Written out 37700000 reads
2021-04-14 12:26:53,515 INFO Written out 37800000 reads
2021-04-14 12:27:40,213 INFO Written out 37900000 reads
2021-04-14 12:27:56,562 INFO Written out 38000000 reads
2021-04-14 12:28:15,067 INFO Written out 38100000 reads
2021-04-14 12:28:33,750 INFO Written out 38200000 reads
2021-04-14 12:28:40,309 INFO Parsed 45000000 input reads
2021-04-14 12:28:49,970 INFO Written out 38300000 reads
2021-04-14 12:29:06,346 INFO Written out 38400000 reads
2021-04-14 12:29:25,238 INFO Written out 38500000 reads
2021-04-14 12:29:47,000 INFO Written out 38600000 reads
2021-04-14 12:30:00,725 INFO Written out 38700000 reads
2021-04-14 12:30:17,880 INFO Written out 38800000 reads
2021-04-14 12:30:37,337 INFO Written out 38900000 reads
2021-04-14 12:30:57,071 INFO Written out 39000000 reads
2021-04-14 12:31:16,548 INFO Parsed 46000000 input reads
2021-04-14 12:31:16,740 INFO Written out 39100000 reads
2021-04-14 12:31:33,620 INFO Written out 39200000 reads
2021-04-14 12:31:50,826 INFO Written out 39300000 reads
2021-04-14 12:32:10,767 INFO Written out 39400000 reads
2021-04-14 12:32:27,922 INFO Written out 39500000 reads
2021-04-14 12:32:47,901 INFO Written out 39600000 reads
2021-04-14 12:33:07,950 INFO Written out 39700000 reads
2021-04-14 12:33:39,892 INFO Written out 39800000 reads
2021-04-14 12:33:58,665 INFO Written out 39900000 reads
2021-04-14 12:34:07,853 INFO Parsed 47000000 input reads
2021-04-14 12:34:17,462 INFO Written out 40000000 reads
2021-04-14 12:34:36,219 INFO Written out 40100000 reads
2021-04-14 12:34:52,355 INFO Written out 40200000 reads
2021-04-14 12:35:08,941 INFO Written out 40300000 reads
2021-04-14 12:35:25,527 INFO Written out 40400000 reads
2021-04-14 12:35:44,581 INFO Written out 40500000 reads
2021-04-14 12:36:03,951 INFO Written out 40600000 reads
2021-04-14 12:36:23,414 INFO Written out 40700000 reads
2021-04-14 12:36:39,775 INFO Parsed 48000000 input reads
2021-04-14 12:36:39,998 INFO Written out 40800000 reads
2021-04-14 12:36:56,896 INFO Written out 40900000 reads
2021-04-14 12:37:16,506 INFO Written out 41000000 reads
2021-04-14 12:37:36,332 INFO Written out 41100000 reads
2021-04-14 12:37:56,506 INFO Written out 41200000 reads
2021-04-14 12:38:13,550 INFO Written out 41300000 reads
2021-04-14 12:38:31,019 INFO Written out 41400000 reads
2021-04-14 12:38:51,023 INFO Written out 41500000 reads
2021-04-14 12:39:08,531 INFO Written out 41600000 reads
2021-04-14 12:39:18,751 INFO Parsed 49000000 input reads
2021-04-14 12:39:26,329 INFO Written out 41700000 reads
2021-04-14 12:39:46,846 INFO Written out 41800000 reads
2021-04-14 12:40:11,111 INFO Written out 41900000 reads
2021-04-14 12:40:26,031 INFO Written out 42000000 reads
2021-04-14 12:40:34,405 INFO Written out 42100000 reads
2021-04-14 12:40:52,387 INFO Written out 42200000 reads
2021-04-14 12:41:10,983 INFO Written out 42300000 reads
2021-04-14 12:41:42,279 INFO Written out 42400000 reads
2021-04-14 12:41:47,565 INFO Parsed 50000000 input reads
2021-04-14 12:41:47,681 INFO Written out 42500000 reads
2021-04-14 12:42:29,442 INFO Written out 42600000 reads
2021-04-14 12:42:50,144 INFO Written out 42700000 reads
2021-04-14 12:43:07,506 INFO Written out 42800000 reads
2021-04-14 12:43:27,946 INFO Written out 42900000 reads
2021-04-14 12:43:48,654 INFO Written out 43000000 reads
2021-04-14 12:44:06,447 INFO Written out 43100000 reads
2021-04-14 12:44:24,404 INFO Written out 43200000 reads
2021-04-14 12:44:42,555 INFO Written out 43300000 reads
2021-04-14 12:44:53,094 INFO Parsed 51000000 input reads
2021-04-14 12:45:00,764 INFO Written out 43400000 reads
2021-04-14 12:45:22,202 INFO Written out 43500000 reads
2021-04-14 12:45:40,643 INFO Written out 43600000 reads
2021-04-14 12:45:59,467 INFO Written out 43700000 reads
2021-04-14 12:46:20,799 INFO Written out 43800000 reads
2021-04-14 12:46:39,256 INFO Written out 43900000 reads
2021-04-14 12:47:04,052 INFO Written out 44000000 reads
2021-04-14 12:47:19,154 INFO Written out 44100000 reads
2021-04-14 12:47:40,692 INFO Parsed 52000000 input reads
2021-04-14 12:47:40,790 INFO Written out 44200000 reads
2021-04-14 12:48:19,337 INFO Written out 44300000 reads
2021-04-14 12:48:34,405 INFO Written out 44400000 reads
2021-04-14 12:48:58,648 INFO Written out 44500000 reads
2021-04-14 12:49:16,533 INFO Written out 44600000 reads
2021-04-14 12:49:31,879 INFO Written out 44700000 reads
2021-04-14 12:49:53,453 INFO Written out 44800000 reads
2021-04-14 12:50:11,865 INFO Written out 44900000 reads
2021-04-14 12:50:33,423 INFO Written out 45000000 reads
2021-04-14 12:50:54,443 INFO Parsed 53000000 input reads
2021-04-14 12:50:55,556 INFO Written out 45100000 reads
2021-04-14 12:51:04,539 INFO Written out 45200000 reads
2021-04-14 12:51:26,655 INFO Written out 45300000 reads
2021-04-14 12:51:45,915 INFO Written out 45400000 reads
2021-04-14 12:52:04,960 INFO Written out 45500000 reads
2021-04-14 12:52:27,014 INFO Written out 45600000 reads
2021-04-14 12:52:46,158 INFO Written out 45700000 reads
2021-04-14 12:53:05,306 INFO Written out 45800000 reads
2021-04-14 12:53:24,420 INFO Parsed 54000000 input reads
2021-04-14 12:53:24,520 INFO Written out 45900000 reads
2021-04-14 12:53:47,013 INFO Written out 46000000 reads
2021-04-14 12:54:12,958 INFO Written out 46100000 reads
2021-04-14 12:54:28,914 INFO Written out 46200000 reads
2021-04-14 12:55:02,146 INFO Written out 46300000 reads
2021-04-14 12:55:04,631 INFO Written out 46400000 reads
2021-04-14 12:55:46,777 INFO Written out 46500000 reads
2021-04-14 12:56:02,316 INFO Written out 46600000 reads
2021-04-14 12:56:24,052 INFO Written out 46700000 reads
2021-04-14 12:56:31,771 INFO Parsed 55000000 input reads
2021-04-14 12:56:46,087 INFO Written out 46800000 reads
2021-04-14 12:57:05,310 INFO Written out 46900000 reads
2021-04-14 12:57:34,353 INFO Written out 47000000 reads
2021-04-14 12:57:47,248 INFO Written out 47100000 reads
2021-04-14 12:58:10,433 INFO Written out 47200000 reads
2021-04-14 12:58:30,290 INFO Written out 47300000 reads
2021-04-14 12:58:53,854 INFO Written out 47400000 reads
2021-04-14 12:59:10,800 INFO Written out 47500000 reads
2021-04-14 12:59:34,173 INFO Parsed 56000000 input reads
2021-04-14 12:59:37,699 INFO Written out 47600000 reads
2021-04-14 12:59:58,145 INFO Written out 47700000 reads
2021-04-14 13:00:22,211 INFO Written out 47800000 reads
2021-04-14 13:00:48,956 INFO Written out 47900000 reads
2021-04-14 13:01:05,436 INFO Written out 48000000 reads
2021-04-14 13:01:29,000 INFO Written out 48100000 reads
2021-04-14 13:01:48,926 INFO Written out 48200000 reads
2021-04-14 13:02:12,860 INFO Written out 48300000 reads
2021-04-14 13:02:33,226 INFO Written out 48400000 reads
2021-04-14 13:02:48,421 INFO Parsed 57000000 input reads
2021-04-14 13:02:56,834 INFO Written out 48500000 reads
2021-04-14 13:03:20,746 INFO Written out 48600000 reads
2021-04-14 13:03:44,713 INFO Written out 48700000 reads
2021-04-14 13:04:08,856 INFO Written out 48800000 reads
2021-04-14 13:04:32,962 INFO Written out 48900000 reads
2021-04-14 13:04:57,188 INFO Written out 49000000 reads
2021-04-14 13:05:18,108 INFO Written out 49100000 reads
2021-04-14 13:05:42,666 INFO Written out 49200000 reads
2021-04-14 13:06:16,580 INFO Written out 49300000 reads
2021-04-14 13:06:16,592 INFO Parsed 58000000 input reads
2021-04-14 13:06:18,585 INFO Written out 49400000 reads
2021-04-14 13:06:36,335 INFO Written out 49500000 reads
2021-04-14 13:07:13,230 INFO Written out 49600000 reads
2021-04-14 13:07:19,857 INFO Written out 49700000 reads
2021-04-14 13:07:45,578 INFO Written out 49800000 reads
2021-04-14 13:08:07,789 INFO Written out 49900000 reads
2021-04-14 13:08:29,944 INFO Written out 50000000 reads
2021-04-14 13:08:56,055 INFO Written out 50100000 reads
2021-04-14 13:09:08,896 INFO Parsed 59000000 input reads
2021-04-14 13:09:21,858 INFO Written out 50200000 reads
2021-04-14 13:09:47,827 INFO Written out 50300000 reads
2021-04-14 13:10:13,643 INFO Written out 50400000 reads
2021-04-14 13:11:09,971 INFO Written out 50500000 reads
2021-04-14 13:11:37,552 INFO Written out 50600000 reads
2021-04-14 13:11:58,252 INFO Written out 50700000 reads
2021-04-14 13:12:18,914 INFO Written out 50800000 reads
2021-04-14 13:12:43,339 INFO Written out 50900000 reads
2021-04-14 13:13:04,206 INFO Parsed 60000000 input reads
2021-04-14 13:13:04,243 INFO Written out 51000000 reads
2021-04-14 13:13:28,657 INFO Written out 51100000 reads
2021-04-14 13:13:53,187 INFO Written out 51200000 reads
2021-04-14 13:14:17,862 INFO Written out 51300000 reads
2021-04-14 13:14:42,512 INFO Written out 51400000 reads
2021-04-14 13:15:03,730 INFO Written out 51500000 reads
2021-04-14 13:15:28,706 INFO Written out 51600000 reads
2021-04-14 13:15:50,255 INFO Written out 51700000 reads
2021-04-14 13:16:15,493 INFO Written out 51800000 reads
2021-04-14 13:16:27,917 INFO Parsed 61000000 input reads
2021-04-14 13:16:36,679 INFO Written out 51900000 reads
2021-04-14 13:17:02,007 INFO Written out 52000000 reads
2021-04-14 13:17:23,977 INFO Written out 52100000 reads
2021-04-14 13:17:38,599 INFO Written out 52200000 reads
2021-04-14 13:18:00,829 INFO Written out 52300000 reads
2021-04-14 13:18:15,650 INFO Written out 52400000 reads
2021-04-14 13:18:34,181 INFO Written out 52500000 reads
2021-04-14 13:19:00,130 INFO Written out 52600000 reads
2021-04-14 13:19:45,430 INFO Parsed 62000000 input reads
2021-04-14 13:19:45,490 INFO Written out 52700000 reads
2021-04-14 13:20:22,395 INFO Written out 52800000 reads
2021-04-14 13:20:24,712 INFO Written out 52900000 reads
2021-04-14 13:20:45,977 INFO Written out 53000000 reads
2021-04-14 13:21:07,625 INFO Written out 53100000 reads
2021-04-14 13:21:29,606 INFO Written out 53200000 reads
2021-04-14 13:21:51,353 INFO Written out 53300000 reads
2021-04-14 13:22:16,653 INFO Written out 53400000 reads
2021-04-14 13:22:38,643 INFO Written out 53500000 reads
2021-04-14 13:22:51,171 INFO Parsed 63000000 input reads
2021-04-14 13:23:04,141 INFO Written out 53600000 reads
2021-04-14 13:23:26,002 INFO Written out 53700000 reads
2021-04-14 13:23:51,557 INFO Written out 53800000 reads
2021-04-14 13:24:13,689 INFO Written out 53900000 reads
2021-04-14 13:24:39,391 INFO Written out 54000000 reads
2021-04-14 13:25:04,821 INFO Written out 54100000 reads
2021-04-14 13:25:26,821 INFO Written out 54200000 reads
2021-04-14 13:25:52,475 INFO Written out 54300000 reads
2021-04-14 13:26:18,187 INFO Parsed 64000000 input reads
2021-04-14 13:26:18,276 INFO Written out 54400000 reads
2021-04-14 13:26:40,577 INFO Written out 54500000 reads
2021-04-14 13:27:06,530 INFO Written out 54600000 reads
2021-04-14 13:27:32,586 INFO Written out 54700000 reads
2021-04-14 13:28:15,944 INFO Written out 54800000 reads
2021-04-14 13:28:18,393 INFO Written out 54900000 reads
2021-04-14 13:28:29,671 INFO Written out 55000000 reads
2021-04-14 13:28:52,796 INFO Written out 55100000 reads
2021-04-14 13:29:19,671 INFO Written out 55200000 reads
2021-04-14 13:29:29,201 INFO Parsed 65000000 input reads
2021-04-14 13:29:42,946 INFO Written out 55300000 reads
2021-04-14 13:30:09,998 INFO Written out 55400000 reads
2021-04-14 13:30:33,075 INFO Written out 55500000 reads
2021-04-14 13:31:00,357 INFO Written out 55600000 reads
2021-04-14 13:31:23,820 INFO Written out 55700000 reads
2021-04-14 13:31:47,494 INFO Written out 55800000 reads
2021-04-14 13:32:15,283 INFO Written out 55900000 reads
2021-04-14 13:32:39,116 INFO Written out 56000000 reads
2021-04-14 13:33:06,808 INFO Parsed 66000000 input reads
2021-04-14 13:33:06,907 INFO Written out 56100000 reads
2021-04-14 13:33:34,938 INFO Written out 56200000 reads
2021-04-14 13:33:58,781 INFO Written out 56300000 reads
2021-04-14 13:34:22,084 INFO Written out 56400000 reads
2021-04-14 13:35:26,517 INFO Written out 56500000 reads
2021-04-14 13:35:52,734 INFO Written out 56600000 reads
2021-04-14 13:36:15,522 INFO Written out 56700000 reads
2021-04-14 13:36:38,267 INFO Written out 56800000 reads
2021-04-14 13:37:00,905 INFO Written out 56900000 reads
2021-04-14 13:37:10,399 INFO Parsed 67000000 input reads
2021-04-14 13:37:27,930 INFO Written out 57000000 reads
2021-04-14 13:37:50,811 INFO Written out 57100000 reads
2021-04-14 13:38:14,019 INFO Written out 57200000 reads
2021-04-14 13:38:40,659 INFO Written out 57300000 reads
2021-04-14 13:39:03,265 INFO Written out 57400000 reads
2021-04-14 13:39:29,966 INFO Written out 57500000 reads
2021-04-14 13:39:56,891 INFO Written out 57600000 reads
2021-04-14 13:40:19,672 INFO Written out 57700000 reads
2021-04-14 13:40:46,269 INFO Parsed 68000000 input reads
2021-04-14 13:40:46,349 INFO Written out 57800000 reads
2021-04-14 13:41:09,209 INFO Written out 57900000 reads
2021-04-14 13:41:36,306 INFO Written out 58000000 reads
2021-04-14 13:42:07,588 INFO Written out 58100000 reads
2021-04-14 13:42:26,793 INFO Written out 58200000 reads
2021-04-14 13:42:49,990 INFO Written out 58300000 reads
2021-04-14 13:43:17,469 INFO Written out 58400000 reads
2021-04-14 13:43:44,848 INFO Written out 58500000 reads
2021-04-14 13:44:08,465 INFO Written out 58600000 reads
2021-04-14 13:44:22,344 INFO Parsed 69000000 input reads
2021-04-14 13:44:36,564 INFO Written out 58700000 reads
2021-04-14 13:45:00,571 INFO Written out 58800000 reads
2021-04-14 13:45:29,043 INFO Written out 58900000 reads
2021-04-14 13:45:48,688 INFO Written out 59000000 reads
2021-04-14 13:46:21,407 INFO Written out 59100000 reads
2021-04-14 13:46:41,211 INFO Written out 59200000 reads
2021-04-14 13:47:09,369 INFO Written out 59300000 reads
2021-04-14 13:47:37,775 INFO Written out 59400000 reads
2021-04-14 13:48:22,757 INFO Parsed 70000000 input reads
2021-04-14 13:48:27,472 INFO Written out 59500000 reads
2021-04-14 13:48:54,316 INFO Written out 59600000 reads
2021-04-14 13:49:13,558 INFO Written out 59700000 reads
2021-04-14 13:49:40,976 INFO Written out 59800000 reads
2021-04-14 13:50:04,515 INFO Written out 59900000 reads
2021-04-14 13:50:32,043 INFO Written out 60000000 reads
2021-04-14 13:50:55,275 INFO Written out 60100000 reads
2021-04-14 13:51:18,486 INFO Written out 60200000 reads
2021-04-14 13:51:45,348 INFO Written out 60300000 reads
2021-04-14 13:51:58,756 INFO Parsed 71000000 input reads
2021-04-14 13:52:12,329 INFO Written out 60400000 reads
2021-04-14 13:52:43,738 INFO Written out 60500000 reads
2021-04-14 13:53:15,059 INFO Written out 60600000 reads
2021-04-14 13:53:21,789 INFO Written out 60700000 reads
2021-04-14 13:53:45,507 INFO Written out 60800000 reads
2021-04-14 13:54:13,358 INFO Written out 60900000 reads
2021-04-14 13:54:42,302 INFO Written out 61000000 reads
2021-04-14 13:55:11,303 INFO Written out 61100000 reads
2021-04-14 13:55:35,152 INFO Parsed 72000000 input reads
2021-04-14 13:55:35,180 INFO Written out 61200000 reads
2021-04-14 13:55:59,012 INFO Written out 61300000 reads
2021-04-14 13:56:27,120 INFO Written out 61400000 reads
2021-04-14 13:56:55,234 INFO Written out 61500000 reads
2021-04-14 13:57:23,400 INFO Written out 61600000 reads
2021-04-14 13:57:47,483 INFO Written out 61700000 reads
2021-04-14 13:58:11,708 INFO Written out 61800000 reads
2021-04-14 13:58:39,986 INFO Written out 61900000 reads
2021-04-14 13:59:04,354 INFO Written out 62000000 reads
2021-04-14 13:59:18,783 INFO Parsed 73000000 input reads
2021-04-14 13:59:33,094 INFO Written out 62100000 reads
2021-04-14 13:59:58,107 INFO Written out 62200000 reads
2021-04-14 14:00:27,215 INFO Written out 62300000 reads
2021-04-14 14:00:52,052 INFO Written out 62400000 reads
2021-04-14 14:01:21,294 INFO Written out 62500000 reads
2021-04-14 14:01:59,435 INFO Written out 62600000 reads
2021-04-14 14:02:47,253 INFO Written out 62700000 reads
2021-04-14 14:03:12,245 INFO Written out 62800000 reads
2021-04-14 14:03:40,505 INFO Written out 62900000 reads
2021-04-14 14:03:40,561 INFO Parsed 74000000 input reads
2021-04-14 14:04:04,739 INFO Written out 63000000 reads
2021-04-14 14:04:28,847 INFO Written out 63100000 reads
2021-04-14 14:04:57,458 INFO Written out 63200000 reads
2021-04-14 14:05:26,171 INFO Written out 63300000 reads
2021-04-14 14:05:59,235 INFO Written out 63400000 reads
2021-04-14 14:06:19,428 INFO Written out 63500000 reads
2021-04-14 14:06:48,024 INFO Written out 63600000 reads
2021-04-14 14:07:16,810 INFO Written out 63700000 reads
2021-04-14 14:07:27,180 INFO Parsed 75000000 input reads
2021-04-14 14:07:41,348 INFO Written out 63800000 reads
2021-04-14 14:08:10,228 INFO Written out 63900000 reads
2021-04-14 14:08:39,182 INFO Written out 64000000 reads
2021-04-14 14:09:08,184 INFO Written out 64100000 reads
2021-04-14 14:09:37,309 INFO Written out 64200000 reads
2021-04-14 14:10:06,463 INFO Written out 64300000 reads
2021-04-14 14:10:31,599 INFO Written out 64400000 reads
2021-04-14 14:11:00,854 INFO Written out 64500000 reads
2021-04-14 14:11:21,503 INFO Written out 64600000 reads
2021-04-14 14:11:26,040 INFO Parsed 76000000 input reads
2021-04-14 14:11:51,038 INFO Written out 64700000 reads
2021-04-14 14:12:20,678 INFO Written out 64800000 reads
2021-04-14 14:12:46,180 INFO Written out 64900000 reads
2021-04-14 14:13:11,564 INFO Written out 65000000 reads
2021-04-14 14:13:37,078 INFO Written out 65100000 reads
2021-04-14 14:14:02,563 INFO Written out 65200000 reads
2021-04-14 14:14:32,542 INFO Written out 65300000 reads
2021-04-14 14:15:02,681 INFO Written out 65400000 reads
2021-04-14 14:15:17,769 INFO Parsed 77000000 input reads
2021-04-14 14:15:32,498 INFO Written out 65500000 reads
2021-04-14 14:16:21,036 INFO Written out 65600000 reads
2021-04-14 14:16:49,968 INFO Written out 65700000 reads
2021-04-14 14:17:18,962 INFO Written out 65800000 reads
2021-04-14 14:17:43,841 INFO Written out 65900000 reads
2021-04-14 14:18:13,051 INFO Written out 66000000 reads
2021-04-14 14:18:37,996 INFO Written out 66100000 reads
2021-04-14 14:19:07,489 INFO Written out 66200000 reads
2021-04-14 14:19:32,490 INFO Written out 66300000 reads
2021-04-14 14:19:32,686 INFO Parsed 78000000 input reads
2021-04-14 14:20:02,112 INFO Written out 66400000 reads
2021-04-14 14:20:31,779 INFO Written out 66500000 reads
2021-04-14 14:20:57,245 INFO Written out 66600000 reads
2021-04-14 14:21:26,845 INFO Written out 66700000 reads
2021-04-14 14:21:56,969 INFO Written out 66800000 reads
2021-04-14 14:22:22,209 INFO Written out 66900000 reads
2021-04-14 14:22:52,264 INFO Written out 67000000 reads
2021-04-14 14:23:17,453 INFO Written out 67100000 reads
2021-04-14 14:23:32,555 INFO Parsed 79000000 input reads
2021-04-14 14:23:47,351 INFO Written out 67200000 reads
2021-04-14 14:24:17,655 INFO Written out 67300000 reads
2021-04-14 14:24:38,789 INFO Written out 67400000 reads
2021-04-14 14:25:04,668 INFO Written out 67500000 reads
2021-04-14 14:25:30,361 INFO Written out 67600000 reads
2021-04-14 14:26:00,824 INFO Written out 67700000 reads
2021-04-14 14:28:38,536 INFO Written out 67800000 reads
2021-04-14 14:28:40,840 INFO Written out 67900000 reads
2021-04-14 14:28:42,827 INFO Written out 68000000 reads
2021-04-14 14:28:42,986 INFO Parsed 80000000 input reads
2021-04-14 14:28:44,805 INFO Written out 68100000 reads
2021-04-14 14:28:46,911 INFO Written out 68200000 reads
2021-04-14 14:28:48,879 INFO Written out 68300000 reads
2021-04-14 14:28:51,930 INFO Written out 68400000 reads
2021-04-14 14:28:54,342 INFO Written out 68500000 reads
2021-04-14 14:28:56,779 INFO Written out 68600000 reads
2021-04-14 14:29:00,776 INFO Written out 68700000 reads
2021-04-14 14:29:04,991 INFO Written out 68800000 reads
2021-04-14 14:29:06,909 INFO Parsed 81000000 input reads
2021-04-14 14:29:08,753 INFO Written out 68900000 reads
2021-04-14 14:29:14,086 INFO Written out 69000000 reads
2021-04-14 14:29:17,644 INFO Written out 69100000 reads
2021-04-14 14:29:21,918 INFO Written out 69200000 reads
2021-04-14 14:29:26,175 INFO Written out 69300000 reads
2021-04-14 14:29:29,741 INFO Written out 69400000 reads
2021-04-14 14:29:32,214 INFO Written out 69500000 reads
2021-04-14 14:29:35,206 INFO Written out 69600000 reads
2021-04-14 14:29:37,830 INFO Parsed 82000000 input reads
2021-04-14 14:29:38,410 INFO Written out 69700000 reads
2021-04-14 14:29:41,019 INFO Written out 69800000 reads
2021-04-14 14:29:44,220 INFO Written out 69900000 reads
2021-04-14 14:29:46,656 INFO Written out 70000000 reads
2021-04-14 14:29:49,247 INFO Written out 70100000 reads
2021-04-14 14:29:53,871 INFO Written out 70200000 reads
2021-04-14 14:29:56,767 INFO Written out 70300000 reads
2021-04-14 14:30:00,052 INFO Written out 70400000 reads
2021-04-14 14:30:02,055 INFO Written out 70500000 reads
2021-04-14 14:30:02,503 INFO Parsed 83000000 input reads
2021-04-14 14:30:04,461 INFO Written out 70600000 reads
2021-04-14 14:30:06,497 INFO Written out 70700000 reads
2021-04-14 14:30:08,497 INFO Written out 70800000 reads
2021-04-14 14:30:11,201 INFO Written out 70900000 reads
2021-04-14 14:30:13,351 INFO Written out 71000000 reads
2021-04-14 14:30:15,453 INFO Written out 71100000 reads
2021-04-14 14:30:45,873 INFO Written out 71200000 reads
2021-04-14 14:30:50,510 INFO Written out 71300000 reads
2021-04-14 14:30:53,939 INFO Parsed 84000000 input reads
2021-04-14 14:30:55,258 INFO Written out 71400000 reads
2021-04-14 14:30:59,880 INFO Written out 71500000 reads
2021-04-14 14:31:04,977 INFO Written out 71600000 reads
2021-04-14 14:31:10,590 INFO Written out 71700000 reads
2021-04-14 14:31:15,690 INFO Written out 71800000 reads
2021-04-14 14:31:33,347 INFO Written out 71900000 reads
2021-04-14 14:31:51,844 INFO Searching for mates for 0 unmatched alignments
2021-04-14 14:35:43,591 INFO 0 mates never found
2021-04-14 14:51:20,442 INFO Reads: Input Reads: 84709625, Read pairs: 84709625, Read 2 unmapped: 5570
2021-04-14 14:51:20,450 INFO Number of reads out: 71970087
2021-04-14 14:51:20,451 INFO Total number of positions deduplicated: 60232081
2021-04-14 14:51:20,452 INFO Mean number of unique UMIs per position: 1.20
2021-04-14 14:51:20,452 INFO Max. number of unique UMIs per position: 2942
# job finished in 13328 seconds at Wed Apr 14 14:51:20 2021 -- 13063.68 226.08  0.00  0.00 -- 05abcac8-c447-4010-aa06-728567128b32
