# UMI-tools version: 1.1.1
# output generated by dedup -I 03_alignedData/bam/23_KB_C7Aligned.sortedByCoord.out.bam -L 04_dedupUmis/log/23_KB_C7.log -S 04_dedupUmis/bam/23_KB_C7.bam --umi-separator=: --temp-dir=. --paired --output-stats=04_dedupUmis/log/23_KB_C7
# job started at Wed Apr 14 11:02:30 2021 on r5-n44 -- 93c01e61-537d-430e-a032-6e50bda3d4e7
# pid: 179134, system: Linux 3.10.0-1062.9.1.el7.x86_64 #1 SMP Mon Dec 2 08:31:54 EST 2019 x86_64
# assigned_tag                            : None
# cell_tag                                : None
# cell_tag_delim                          : None
# cell_tag_split                          : -
# chimeric_pairs                          : use
# chrom                                   : None
# compresslevel                           : 6
# detection_method                        : None
# filter_umi                              : None
# gene_tag                                : None
# gene_transcript_map                     : None
# get_umi_method                          : read_id
# ignore_tlen                             : False
# ignore_umi                              : False
# in_sam                                  : False
# log2stderr                              : False
# loglevel                                : 1
# mapping_quality                         : 0
# method                                  : directional
# no_sort_output                          : False
# out_sam                                 : False
# output_unmapped                         : False
# paired                                  : True
# per_cell                                : False
# per_contig                              : False
# per_gene                                : False
# random_seed                             : None
# read_length                             : False
# short_help                              : None
# skip_regex                              : ^(__|Unassigned)
# soft_clip_threshold                     : 4
# spliced                                 : False
# stats                                   : 04_dedupUmis/log/23_KB_C7
# stderr                                  : <_io.TextIOWrapper name='<stderr>' mode='w' encoding='UTF-8'>
# stdin                                   : <_io.TextIOWrapper name='03_alignedData/bam/23_KB_C7Aligned.sortedByCoord.out.bam' mode='r' encoding='UTF-8'>
# stdlog                                  : <_io.TextIOWrapper name='04_dedupUmis/log/23_KB_C7.log' mode='a' encoding='UTF-8'>
# stdout                                  : <_io.TextIOWrapper name='04_dedupUmis/bam/23_KB_C7.bam' mode='w' encoding='UTF-8'>
# subset                                  : None
# threshold                               : 1
# timeit_file                             : None
# timeit_header                           : None
# timeit_name                             : all
# tmpdir                                  : .
# umi_sep                                 : :
# umi_tag                                 : RX
# umi_tag_delim                           : None
# umi_tag_split                           : None
# umi_whitelist                           : None
# umi_whitelist_paired                    : None
# unmapped_reads                          : discard
# unpaired_reads                          : use
# whole_contig                            : False
2021-04-14 11:02:30,680 WARNING Chimeric read pairs are being used. Some read pair UMIs may be grouped/deduplicated using just the mapping coordinates from read1.This may also increase the run time and memory usage. Consider --chimeric-pairs==discard to discard these reads or --chimeric-pairs==output (group command only) to output them without grouping
2021-04-14 11:02:30,680 WARNING Unpaired read pairs are being used. Some read pair UMIs may be grouped/deduplicated using just the mapping coordinates from read1.This may also increase the run time and memory usage. Consider --unpared-reads==discard to discard these reads or --unpared-reads==output (group command only) to output them without grouping
2021-04-14 11:02:30,681 INFO command: dedup -I 03_alignedData/bam/23_KB_C7Aligned.sortedByCoord.out.bam -L 04_dedupUmis/log/23_KB_C7.log -S 04_dedupUmis/bam/23_KB_C7.bam --umi-separator=: --temp-dir=. --paired --output-stats=04_dedupUmis/log/23_KB_C7
2021-04-14 11:06:20,066 INFO total_umis 75903506
2021-04-14 11:06:20,068 INFO #umis 66026
2021-04-14 11:09:22,522 INFO Written out 100000 reads
2021-04-14 11:09:25,999 INFO Written out 200000 reads
2021-04-14 11:09:29,720 INFO Written out 300000 reads
2021-04-14 11:09:33,627 INFO Written out 400000 reads
2021-04-14 11:09:37,340 INFO Written out 500000 reads
2021-04-14 11:09:41,086 INFO Written out 600000 reads
2021-04-14 11:09:45,003 INFO Written out 700000 reads
2021-04-14 11:09:49,061 INFO Written out 800000 reads
2021-04-14 11:09:51,390 INFO Parsed 1000000 input reads
2021-04-14 11:09:53,377 INFO Written out 900000 reads
2021-04-14 11:09:57,460 INFO Written out 1000000 reads
2021-04-14 11:10:01,610 INFO Written out 1100000 reads
2021-04-14 11:10:05,893 INFO Written out 1200000 reads
2021-04-14 11:10:10,446 INFO Written out 1300000 reads
2021-04-14 11:10:14,827 INFO Written out 1400000 reads
2021-04-14 11:10:19,697 INFO Written out 1500000 reads
2021-04-14 11:10:24,188 INFO Written out 1600000 reads
2021-04-14 11:10:28,900 INFO Written out 1700000 reads
2021-04-14 11:10:29,593 INFO Parsed 2000000 input reads
2021-04-14 11:10:33,903 INFO Written out 1800000 reads
2021-04-14 11:10:38,659 INFO Written out 1900000 reads
2021-04-14 11:10:43,858 INFO Written out 2000000 reads
2021-04-14 11:10:48,765 INFO Written out 2100000 reads
2021-04-14 11:10:54,084 INFO Written out 2200000 reads
2021-04-14 11:10:59,075 INFO Written out 2300000 reads
2021-04-14 11:11:04,184 INFO Written out 2400000 reads
2021-04-14 11:11:10,291 INFO Written out 2500000 reads
2021-04-14 11:11:12,993 INFO Parsed 3000000 input reads
2021-04-14 11:11:14,919 INFO Written out 2600000 reads
2021-04-14 11:11:38,061 INFO Written out 2700000 reads
2021-04-14 11:11:43,238 INFO Written out 2800000 reads
2021-04-14 11:11:47,896 INFO Written out 2900000 reads
2021-04-14 11:11:52,756 INFO Written out 3000000 reads
2021-04-14 11:11:58,038 INFO Written out 3100000 reads
2021-04-14 11:12:02,840 INFO Written out 3200000 reads
2021-04-14 11:12:07,727 INFO Written out 3300000 reads
2021-04-14 11:12:13,017 INFO Written out 3400000 reads
2021-04-14 11:12:13,883 INFO Parsed 4000000 input reads
2021-04-14 11:12:17,940 INFO Written out 3500000 reads
2021-04-14 11:12:23,338 INFO Written out 3600000 reads
2021-04-14 11:12:31,164 INFO Written out 3700000 reads
2021-04-14 11:12:33,957 INFO Written out 3800000 reads
2021-04-14 11:12:39,083 INFO Written out 3900000 reads
2021-04-14 11:12:44,462 INFO Written out 4000000 reads
2021-04-14 11:12:50,444 INFO Written out 4100000 reads
2021-04-14 11:12:56,679 INFO Written out 4200000 reads
2021-04-14 11:13:00,128 INFO Parsed 5000000 input reads
2021-04-14 11:13:01,657 INFO Written out 4300000 reads
2021-04-14 11:13:07,358 INFO Written out 4400000 reads
2021-04-14 11:13:14,430 INFO Written out 4500000 reads
2021-04-14 11:13:19,563 INFO Written out 4600000 reads
2021-04-14 11:13:25,550 INFO Written out 4700000 reads
2021-04-14 11:13:31,640 INFO Written out 4800000 reads
2021-04-14 11:13:40,241 INFO Written out 4900000 reads
2021-04-14 11:13:43,836 INFO Written out 5000000 reads
2021-04-14 11:14:06,564 INFO Written out 5100000 reads
2021-04-14 11:14:07,663 INFO Parsed 6000000 input reads
2021-04-14 11:14:12,607 INFO Written out 5200000 reads
2021-04-14 11:14:17,928 INFO Written out 5300000 reads
2021-04-14 11:14:23,562 INFO Written out 5400000 reads
2021-04-14 11:14:29,704 INFO Written out 5500000 reads
2021-04-14 11:14:35,397 INFO Written out 5600000 reads
2021-04-14 11:14:41,053 INFO Written out 5700000 reads
2021-04-14 11:14:46,999 INFO Written out 5800000 reads
2021-04-14 11:14:53,420 INFO Written out 5900000 reads
2021-04-14 11:14:57,529 INFO Parsed 7000000 input reads
2021-04-14 11:14:59,485 INFO Written out 6000000 reads
2021-04-14 11:15:05,668 INFO Written out 6100000 reads
2021-04-14 11:15:12,265 INFO Written out 6200000 reads
2021-04-14 11:15:18,903 INFO Written out 6300000 reads
2021-04-14 11:15:24,156 INFO Written out 6400000 reads
2021-04-14 11:15:30,502 INFO Written out 6500000 reads
2021-04-14 11:15:37,548 INFO Written out 6600000 reads
2021-04-14 11:15:44,664 INFO Written out 6700000 reads
2021-04-14 11:15:52,030 INFO Written out 6800000 reads
2021-04-14 11:15:53,421 INFO Parsed 8000000 input reads
2021-04-14 11:15:58,334 INFO Written out 6900000 reads
2021-04-14 11:16:05,014 INFO Written out 7000000 reads
2021-04-14 11:16:12,444 INFO Written out 7100000 reads
2021-04-14 11:16:19,077 INFO Written out 7200000 reads
2021-04-14 11:16:42,393 INFO Written out 7300000 reads
2021-04-14 11:16:48,587 INFO Written out 7400000 reads
2021-04-14 11:16:55,327 INFO Written out 7500000 reads
2021-04-14 11:17:01,571 INFO Written out 7600000 reads
2021-04-14 11:17:07,413 INFO Parsed 9000000 input reads
2021-04-14 11:17:08,543 INFO Written out 7700000 reads
2021-04-14 11:17:14,975 INFO Written out 7800000 reads
2021-04-14 11:17:21,510 INFO Written out 7900000 reads
2021-04-14 11:17:28,679 INFO Written out 8000000 reads
2021-04-14 11:17:36,089 INFO Written out 8100000 reads
2021-04-14 11:17:44,405 INFO Written out 8200000 reads
2021-04-14 11:17:52,412 INFO Written out 8300000 reads
2021-04-14 11:17:55,282 INFO Written out 8400000 reads
2021-04-14 11:18:02,061 INFO Written out 8500000 reads
2021-04-14 11:18:04,823 INFO Parsed 10000000 input reads
2021-04-14 11:18:08,978 INFO Written out 8600000 reads
2021-04-14 11:18:16,699 INFO Written out 8700000 reads
2021-04-14 11:18:24,525 INFO Written out 8800000 reads
2021-04-14 11:18:31,686 INFO Written out 8900000 reads
2021-04-14 11:18:38,850 INFO Written out 9000000 reads
2021-04-14 11:18:46,176 INFO Written out 9100000 reads
2021-04-14 11:19:07,045 INFO Written out 9200000 reads
2021-04-14 11:19:15,206 INFO Written out 9300000 reads
2021-04-14 11:19:20,880 INFO Parsed 11000000 input reads
2021-04-14 11:19:21,004 INFO Written out 9400000 reads
2021-04-14 11:19:28,575 INFO Written out 9500000 reads
2021-04-14 11:19:36,185 INFO Written out 9600000 reads
2021-04-14 11:19:43,207 INFO Written out 9700000 reads
2021-04-14 11:19:50,209 INFO Written out 9800000 reads
2021-04-14 11:19:57,404 INFO Written out 9900000 reads
2021-04-14 11:20:04,488 INFO Written out 10000000 reads
2021-04-14 11:20:11,784 INFO Written out 10100000 reads
2021-04-14 11:20:19,917 INFO Written out 10200000 reads
2021-04-14 11:20:24,001 INFO Parsed 12000000 input reads
2021-04-14 11:20:28,135 INFO Written out 10300000 reads
2021-04-14 11:20:35,574 INFO Written out 10400000 reads
2021-04-14 11:20:43,868 INFO Written out 10500000 reads
2021-04-14 11:20:53,523 INFO Written out 10600000 reads
2021-04-14 11:20:58,825 INFO Written out 10700000 reads
2021-04-14 11:21:07,378 INFO Written out 10800000 reads
2021-04-14 11:21:16,087 INFO Written out 10900000 reads
2021-04-14 11:21:23,966 INFO Written out 11000000 reads
2021-04-14 11:21:34,055 INFO Written out 11100000 reads
2021-04-14 11:21:34,163 INFO Parsed 13000000 input reads
2021-04-14 11:21:40,814 INFO Written out 11200000 reads
2021-04-14 11:21:47,739 INFO Written out 11300000 reads
2021-04-14 11:22:12,509 INFO Written out 11400000 reads
2021-04-14 11:22:19,845 INFO Written out 11500000 reads
2021-04-14 11:22:28,872 INFO Written out 11600000 reads
2021-04-14 11:22:38,535 INFO Written out 11700000 reads
2021-04-14 11:22:44,849 INFO Written out 11800000 reads
2021-04-14 11:22:51,271 INFO Written out 11900000 reads
2021-04-14 11:22:55,812 INFO Parsed 14000000 input reads
2021-04-14 11:22:59,950 INFO Written out 12000000 reads
2021-04-14 11:23:07,655 INFO Written out 12100000 reads
2021-04-14 11:23:15,595 INFO Written out 12200000 reads
2021-04-14 11:23:24,451 INFO Written out 12300000 reads
2021-04-14 11:23:32,349 INFO Written out 12400000 reads
2021-04-14 11:23:40,362 INFO Written out 12500000 reads
2021-04-14 11:23:49,428 INFO Written out 12600000 reads
2021-04-14 11:23:57,697 INFO Written out 12700000 reads
2021-04-14 11:24:06,769 INFO Written out 12800000 reads
2021-04-14 11:24:08,184 INFO Parsed 15000000 input reads
2021-04-14 11:24:16,122 INFO Written out 12900000 reads
2021-04-14 11:24:24,278 INFO Written out 13000000 reads
2021-04-14 11:24:32,639 INFO Written out 13100000 reads
2021-04-14 11:24:42,053 INFO Written out 13200000 reads
2021-04-14 11:24:49,511 INFO Written out 13300000 reads
2021-04-14 11:24:57,951 INFO Written out 13400000 reads
2021-04-14 11:25:06,662 INFO Written out 13500000 reads
2021-04-14 11:25:22,096 INFO Written out 13600000 reads
2021-04-14 11:25:23,470 INFO Parsed 16000000 input reads
2021-04-14 11:25:24,061 INFO Written out 13700000 reads
2021-04-14 11:25:26,093 INFO Written out 13800000 reads
2021-04-14 11:25:33,969 INFO Written out 13900000 reads
2021-04-14 11:25:44,046 INFO Written out 14000000 reads
2021-04-14 11:25:58,669 INFO Written out 14100000 reads
2021-04-14 11:26:00,986 INFO Written out 14200000 reads
2021-04-14 11:26:30,409 INFO Written out 14300000 reads
2021-04-14 11:26:38,906 INFO Written out 14400000 reads
2021-04-14 11:26:48,433 INFO Written out 14500000 reads
2021-04-14 11:26:49,038 INFO Parsed 17000000 input reads
2021-04-14 11:26:57,099 INFO Written out 14600000 reads
2021-04-14 11:27:06,940 INFO Written out 14700000 reads
2021-04-14 11:27:15,709 INFO Written out 14800000 reads
2021-04-14 11:27:25,690 INFO Written out 14900000 reads
2021-04-14 11:27:34,692 INFO Written out 15000000 reads
2021-04-14 11:27:43,757 INFO Written out 15100000 reads
2021-04-14 11:27:54,026 INFO Written out 15200000 reads
2021-04-14 11:28:04,484 INFO Written out 15300000 reads
2021-04-14 11:28:11,546 INFO Parsed 18000000 input reads
2021-04-14 11:28:14,900 INFO Written out 15400000 reads
2021-04-14 11:28:24,120 INFO Written out 15500000 reads
2021-04-14 11:28:34,840 INFO Written out 15600000 reads
2021-04-14 11:28:44,281 INFO Written out 15700000 reads
2021-04-14 11:28:53,562 INFO Written out 15800000 reads
2021-04-14 11:29:03,095 INFO Written out 15900000 reads
2021-04-14 11:29:13,993 INFO Written out 16000000 reads
2021-04-14 11:29:25,185 INFO Written out 16100000 reads
2021-04-14 11:29:34,887 INFO Written out 16200000 reads
2021-04-14 11:29:52,930 INFO Parsed 19000000 input reads
2021-04-14 11:29:58,761 INFO Written out 16300000 reads
2021-04-14 11:30:09,088 INFO Written out 16400000 reads
2021-04-14 11:30:18,311 INFO Written out 16500000 reads
2021-04-14 11:30:27,555 INFO Written out 16600000 reads
2021-04-14 11:30:36,645 INFO Written out 16700000 reads
2021-04-14 11:30:47,375 INFO Written out 16800000 reads
2021-04-14 11:30:57,960 INFO Written out 16900000 reads
2021-04-14 11:31:09,014 INFO Written out 17000000 reads
2021-04-14 11:31:15,167 INFO Parsed 20000000 input reads
2021-04-14 11:31:17,021 INFO Written out 17100000 reads
2021-04-14 11:31:28,007 INFO Written out 17200000 reads
2021-04-14 11:31:37,675 INFO Written out 17300000 reads
2021-04-14 11:31:48,648 INFO Written out 17400000 reads
2021-04-14 11:31:58,529 INFO Written out 17500000 reads
2021-04-14 11:32:09,709 INFO Written out 17600000 reads
2021-04-14 11:32:21,178 INFO Written out 17700000 reads
2021-04-14 11:32:32,380 INFO Written out 17800000 reads
2021-04-14 11:32:45,551 INFO Written out 17900000 reads
2021-04-14 11:32:46,349 INFO Parsed 21000000 input reads
2021-04-14 11:32:52,539 INFO Written out 18000000 reads
2021-04-14 11:33:02,872 INFO Written out 18100000 reads
2021-04-14 11:33:13,307 INFO Written out 18200000 reads
2021-04-14 11:33:25,100 INFO Written out 18300000 reads
2021-04-14 11:33:34,078 INFO Written out 18400000 reads
2021-04-14 11:33:46,057 INFO Written out 18500000 reads
2021-04-14 11:33:54,967 INFO Written out 18600000 reads
2021-04-14 11:34:07,103 INFO Written out 18700000 reads
2021-04-14 11:34:17,669 INFO Parsed 22000000 input reads
2021-04-14 11:34:19,419 INFO Written out 18800000 reads
2021-04-14 11:34:48,424 INFO Written out 18900000 reads
2021-04-14 11:34:59,481 INFO Written out 19000000 reads
2021-04-14 11:35:10,584 INFO Written out 19100000 reads
2021-04-14 11:35:20,698 INFO Written out 19200000 reads
2021-04-14 11:35:28,825 INFO Written out 19300000 reads
2021-04-14 11:35:38,491 INFO Written out 19400000 reads
2021-04-14 11:35:49,400 INFO Written out 19500000 reads
2021-04-14 11:35:59,224 INFO Written out 19600000 reads
2021-04-14 11:36:03,310 INFO Parsed 23000000 input reads
2021-04-14 11:36:08,933 INFO Written out 19700000 reads
2021-04-14 11:36:20,258 INFO Written out 19800000 reads
2021-04-14 11:36:30,281 INFO Written out 19900000 reads
2021-04-14 11:36:41,611 INFO Written out 20000000 reads
2021-04-14 11:36:54,805 INFO Written out 20100000 reads
2021-04-14 11:37:01,754 INFO Written out 20200000 reads
2021-04-14 11:37:13,293 INFO Written out 20300000 reads
2021-04-14 11:37:23,691 INFO Written out 20400000 reads
2021-04-14 11:37:35,716 INFO Written out 20500000 reads
2021-04-14 11:37:35,922 INFO Parsed 24000000 input reads
2021-04-14 11:37:46,324 INFO Written out 20600000 reads
2021-04-14 11:37:57,032 INFO Written out 20700000 reads
2021-04-14 11:38:09,295 INFO Written out 20800000 reads
2021-04-14 11:38:20,121 INFO Written out 20900000 reads
2021-04-14 11:38:46,905 INFO Written out 21000000 reads
2021-04-14 11:38:57,017 INFO Written out 21100000 reads
2021-04-14 11:39:07,347 INFO Written out 21200000 reads
2021-04-14 11:39:19,152 INFO Written out 21300000 reads
2021-04-14 11:39:25,257 INFO Parsed 25000000 input reads
2021-04-14 11:39:30,895 INFO Written out 21400000 reads
2021-04-14 11:39:41,496 INFO Written out 21500000 reads
2021-04-14 11:39:52,111 INFO Written out 21600000 reads
2021-04-14 11:40:04,177 INFO Written out 21700000 reads
2021-04-14 11:40:14,893 INFO Written out 21800000 reads
2021-04-14 11:40:27,182 INFO Written out 21900000 reads
2021-04-14 11:40:36,386 INFO Written out 22000000 reads
2021-04-14 11:40:48,784 INFO Written out 22100000 reads
2021-04-14 11:40:59,742 INFO Written out 22200000 reads
2021-04-14 11:41:01,745 INFO Parsed 26000000 input reads
2021-04-14 11:41:10,775 INFO Written out 22300000 reads
2021-04-14 11:41:23,365 INFO Written out 22400000 reads
2021-04-14 11:41:34,623 INFO Written out 22500000 reads
2021-04-14 11:41:45,779 INFO Written out 22600000 reads
2021-04-14 11:41:58,635 INFO Written out 22700000 reads
2021-04-14 11:42:25,689 INFO Written out 22800000 reads
2021-04-14 11:42:37,659 INFO Written out 22900000 reads
2021-04-14 11:42:49,944 INFO Written out 23000000 reads
2021-04-14 11:42:56,643 INFO Parsed 27000000 input reads
2021-04-14 11:43:00,810 INFO Written out 23100000 reads
2021-04-14 11:43:15,061 INFO Written out 23200000 reads
2021-04-14 11:43:25,736 INFO Written out 23300000 reads
2021-04-14 11:43:35,126 INFO Written out 23400000 reads
2021-04-14 11:43:46,359 INFO Written out 23500000 reads
2021-04-14 11:43:59,130 INFO Written out 23600000 reads
2021-04-14 11:44:10,276 INFO Written out 23700000 reads
2021-04-14 11:44:21,266 INFO Written out 23800000 reads
2021-04-14 11:44:34,339 INFO Written out 23900000 reads
2021-04-14 11:44:36,623 INFO Parsed 28000000 input reads
2021-04-14 11:44:45,959 INFO Written out 24000000 reads
2021-04-14 11:44:57,350 INFO Written out 24100000 reads
2021-04-14 11:45:10,672 INFO Written out 24200000 reads
2021-04-14 11:45:22,307 INFO Written out 24300000 reads
2021-04-14 11:45:44,760 INFO Written out 24400000 reads
2021-04-14 11:45:46,896 INFO Written out 24500000 reads
2021-04-14 11:45:49,090 INFO Written out 24600000 reads
2021-04-14 11:45:59,354 INFO Written out 24700000 reads
2021-04-14 11:46:08,529 INFO Parsed 29000000 input reads
2021-04-14 11:46:12,975 INFO Written out 24800000 reads
2021-04-14 11:46:26,679 INFO Written out 24900000 reads
2021-04-14 11:46:36,803 INFO Written out 25000000 reads
2021-04-14 11:46:50,631 INFO Written out 25100000 reads
2021-04-14 11:47:02,870 INFO Written out 25200000 reads
2021-04-14 11:47:16,834 INFO Written out 25300000 reads
2021-04-14 11:47:29,218 INFO Written out 25400000 reads
2021-04-14 11:47:43,448 INFO Written out 25500000 reads
2021-04-14 11:47:55,826 INFO Written out 25600000 reads
2021-04-14 11:47:58,662 INFO Parsed 30000000 input reads
2021-04-14 11:48:10,899 INFO Written out 25700000 reads
2021-04-14 11:48:21,428 INFO Written out 25800000 reads
2021-04-14 11:48:34,376 INFO Written out 25900000 reads
2021-04-14 11:49:10,814 INFO Written out 26000000 reads
2021-04-14 11:49:24,306 INFO Written out 26100000 reads
2021-04-14 11:49:36,219 INFO Written out 26200000 reads
2021-04-14 11:49:48,206 INFO Written out 26300000 reads
2021-04-14 11:50:02,247 INFO Written out 26400000 reads
2021-04-14 11:50:12,149 INFO Parsed 31000000 input reads
2021-04-14 11:50:14,622 INFO Written out 26500000 reads
2021-04-14 11:50:27,071 INFO Written out 26600000 reads
2021-04-14 11:50:41,397 INFO Written out 26700000 reads
2021-04-14 11:50:51,901 INFO Written out 26800000 reads
2021-04-14 11:51:04,553 INFO Written out 26900000 reads
2021-04-14 11:51:19,048 INFO Written out 27000000 reads
2021-04-14 11:51:31,845 INFO Written out 27100000 reads
2021-04-14 11:51:46,534 INFO Written out 27200000 reads
2021-04-14 11:52:01,458 INFO Written out 27300000 reads
2021-04-14 11:52:04,436 INFO Parsed 32000000 input reads
2021-04-14 11:52:14,325 INFO Written out 27400000 reads
2021-04-14 11:52:27,440 INFO Written out 27500000 reads
2021-04-14 11:52:42,636 INFO Written out 27600000 reads
2021-04-14 11:52:55,746 INFO Written out 27700000 reads
2021-04-14 11:53:10,975 INFO Written out 27800000 reads
2021-04-14 11:53:26,375 INFO Written out 27900000 reads
2021-04-14 11:53:39,769 INFO Written out 28000000 reads
2021-04-14 11:54:00,041 INFO Written out 28100000 reads
2021-04-14 11:54:01,922 INFO Parsed 33000000 input reads
2021-04-14 11:54:02,321 INFO Written out 28200000 reads
2021-04-14 11:54:20,247 INFO Written out 28300000 reads
2021-04-14 11:54:31,699 INFO Written out 28400000 reads
2021-04-14 11:54:45,456 INFO Written out 28500000 reads
2021-04-14 11:55:01,309 INFO Written out 28600000 reads
2021-04-14 11:55:17,319 INFO Written out 28700000 reads
2021-04-14 11:55:30,865 INFO Written out 28800000 reads
2021-04-14 11:55:46,563 INFO Written out 28900000 reads
2021-04-14 11:56:20,842 INFO Written out 29000000 reads
2021-04-14 11:56:27,854 INFO Parsed 34000000 input reads
2021-04-14 11:56:35,334 INFO Written out 29100000 reads
2021-04-14 11:56:48,130 INFO Written out 29200000 reads
2021-04-14 11:57:02,900 INFO Written out 29300000 reads
2021-04-14 11:57:15,802 INFO Written out 29400000 reads
2021-04-14 11:57:30,668 INFO Written out 29500000 reads
2021-04-14 11:57:43,692 INFO Written out 29600000 reads
2021-04-14 11:58:03,147 INFO Written out 29700000 reads
2021-04-14 11:58:07,604 INFO Written out 29800000 reads
2021-04-14 11:58:20,698 INFO Parsed 35000000 input reads
2021-04-14 11:58:20,769 INFO Written out 29900000 reads
2021-04-14 11:58:35,870 INFO Written out 30000000 reads
2021-04-14 11:58:49,002 INFO Written out 30100000 reads
2021-04-14 11:59:04,123 INFO Written out 30200000 reads
2021-04-14 11:59:17,381 INFO Written out 30300000 reads
2021-04-14 11:59:32,836 INFO Written out 30400000 reads
2021-04-14 11:59:57,594 INFO Written out 30500000 reads
2021-04-14 11:59:59,512 INFO Written out 30600000 reads
2021-04-14 12:00:08,723 INFO Written out 30700000 reads
2021-04-14 12:00:11,854 INFO Parsed 36000000 input reads
2021-04-14 12:00:19,645 INFO Written out 30800000 reads
2021-04-14 12:00:33,190 INFO Written out 30900000 reads
2021-04-14 12:00:44,519 INFO Written out 31000000 reads
2021-04-14 12:01:00,302 INFO Written out 31100000 reads
2021-04-14 12:01:13,991 INFO Written out 31200000 reads
2021-04-14 12:01:32,508 INFO Written out 31300000 reads
2021-04-14 12:01:39,193 INFO Written out 31400000 reads
2021-04-14 12:01:53,088 INFO Written out 31500000 reads
2021-04-14 12:02:28,720 INFO Written out 31600000 reads
2021-04-14 12:02:28,881 INFO Parsed 37000000 input reads
2021-04-14 12:02:41,766 INFO Written out 31700000 reads
2021-04-14 12:02:56,991 INFO Written out 31800000 reads
2021-04-14 12:03:12,153 INFO Written out 31900000 reads
2021-04-14 12:03:23,234 INFO Written out 32000000 reads
2021-04-14 12:03:38,582 INFO Written out 32100000 reads
2021-04-14 12:03:51,629 INFO Written out 32200000 reads
2021-04-14 12:04:04,887 INFO Written out 32300000 reads
2021-04-14 12:04:20,108 INFO Written out 32400000 reads
2021-04-14 12:04:32,501 INFO Parsed 38000000 input reads
2021-04-14 12:04:33,386 INFO Written out 32500000 reads
2021-04-14 12:04:47,062 INFO Written out 32600000 reads
2021-04-14 12:05:00,538 INFO Written out 32700000 reads
2021-04-14 12:05:16,267 INFO Written out 32800000 reads
2021-04-14 12:05:29,960 INFO Written out 32900000 reads
2021-04-14 12:05:46,075 INFO Written out 33000000 reads
2021-04-14 12:06:04,548 INFO Written out 33100000 reads
2021-04-14 12:06:13,731 INFO Written out 33200000 reads
2021-04-14 12:06:27,820 INFO Written out 33300000 reads
2021-04-14 12:06:30,566 INFO Parsed 39000000 input reads
2021-04-14 12:06:42,070 INFO Written out 33400000 reads
2021-04-14 12:06:58,533 INFO Written out 33500000 reads
2021-04-14 12:07:13,131 INFO Written out 33600000 reads
2021-04-14 12:07:32,736 INFO Written out 33700000 reads
2021-04-14 12:07:37,517 INFO Written out 33800000 reads
2021-04-14 12:07:58,881 INFO Written out 33900000 reads
2021-04-14 12:08:10,777 INFO Written out 34000000 reads
2021-04-14 12:08:25,189 INFO Written out 34100000 reads
2021-04-14 12:08:36,461 INFO Parsed 40000000 input reads
2021-04-14 12:08:42,088 INFO Written out 34200000 reads
2021-04-14 12:09:18,532 INFO Written out 34300000 reads
2021-04-14 12:09:34,308 INFO Written out 34400000 reads
2021-04-14 12:09:50,328 INFO Written out 34500000 reads
2021-04-14 12:10:04,295 INFO Written out 34600000 reads
2021-04-14 12:10:18,213 INFO Written out 34700000 reads
2021-04-14 12:10:34,218 INFO Written out 34800000 reads
2021-04-14 12:10:50,415 INFO Written out 34900000 reads
2021-04-14 12:11:01,893 INFO Written out 35000000 reads
2021-04-14 12:11:06,953 INFO Parsed 41000000 input reads
2021-04-14 12:11:18,146 INFO Written out 35100000 reads
2021-04-14 12:11:34,613 INFO Written out 35200000 reads
2021-04-14 12:11:50,850 INFO Written out 35300000 reads
2021-04-14 12:12:04,996 INFO Written out 35400000 reads
2021-04-14 12:12:19,334 INFO Written out 35500000 reads
2021-04-14 12:12:35,962 INFO Written out 35600000 reads
2021-04-14 12:12:48,275 INFO Written out 35700000 reads
2021-04-14 12:13:05,237 INFO Written out 35800000 reads
2021-04-14 12:13:19,277 INFO Parsed 42000000 input reads
2021-04-14 12:13:19,966 INFO Written out 35900000 reads
2021-04-14 12:13:49,116 INFO Written out 36000000 reads
2021-04-14 12:14:07,869 INFO Written out 36100000 reads
2021-04-14 12:14:22,097 INFO Written out 36200000 reads
2021-04-14 12:14:40,804 INFO Written out 36300000 reads
2021-04-14 12:14:52,471 INFO Written out 36400000 reads
2021-04-14 12:15:06,844 INFO Written out 36500000 reads
2021-04-14 12:15:25,714 INFO Written out 36600000 reads
2021-04-14 12:15:37,587 INFO Written out 36700000 reads
2021-04-14 12:15:43,082 INFO Parsed 43000000 input reads
2021-04-14 12:15:54,225 INFO Written out 36800000 reads
2021-04-14 12:16:11,002 INFO Written out 36900000 reads
2021-04-14 12:16:25,509 INFO Written out 37000000 reads
2021-04-14 12:16:39,977 INFO Written out 37100000 reads
2021-04-14 12:16:54,620 INFO Written out 37200000 reads
2021-04-14 12:17:11,766 INFO Written out 37300000 reads
2021-04-14 12:17:26,429 INFO Written out 37400000 reads
2021-04-14 12:17:43,429 INFO Written out 37500000 reads
2021-04-14 12:17:57,785 INFO Parsed 44000000 input reads
2021-04-14 12:17:58,086 INFO Written out 37600000 reads
2021-04-14 12:18:15,229 INFO Written out 37700000 reads
2021-04-14 12:18:30,015 INFO Written out 37800000 reads
2021-04-14 12:18:47,480 INFO Written out 37900000 reads
2021-04-14 12:19:02,321 INFO Written out 38000000 reads
2021-04-14 12:19:07,051 INFO Written out 38100000 reads
2021-04-14 12:19:24,472 INFO Written out 38200000 reads
2021-04-14 12:19:39,553 INFO Written out 38300000 reads
2021-04-14 12:19:59,923 INFO Written out 38400000 reads
2021-04-14 12:20:00,706 INFO Parsed 45000000 input reads
2021-04-14 12:20:07,145 INFO Written out 38500000 reads
2021-04-14 12:20:41,811 INFO Written out 38600000 reads
2021-04-14 12:20:55,714 INFO Written out 38700000 reads
2021-04-14 12:21:12,071 INFO Written out 38800000 reads
2021-04-14 12:21:26,122 INFO Written out 38900000 reads
2021-04-14 12:21:40,323 INFO Written out 39000000 reads
2021-04-14 12:21:54,451 INFO Written out 39100000 reads
2021-04-14 12:22:10,888 INFO Written out 39200000 reads
2021-04-14 12:22:24,952 INFO Parsed 46000000 input reads
2021-04-14 12:22:25,039 INFO Written out 39300000 reads
2021-04-14 12:22:39,349 INFO Written out 39400000 reads
2021-04-14 12:22:55,907 INFO Written out 39500000 reads
2021-04-14 12:23:10,357 INFO Written out 39600000 reads
2021-04-14 12:23:24,832 INFO Written out 39700000 reads
2021-04-14 12:23:41,591 INFO Written out 39800000 reads
2021-04-14 12:23:56,019 INFO Written out 39900000 reads
2021-04-14 12:24:12,976 INFO Written out 40000000 reads
2021-04-14 12:24:40,152 INFO Written out 40100000 reads
2021-04-14 12:24:48,441 INFO Parsed 47000000 input reads
2021-04-14 12:24:54,506 INFO Written out 40200000 reads
2021-04-14 12:25:11,076 INFO Written out 40300000 reads
2021-04-14 12:25:30,382 INFO Written out 40400000 reads
2021-04-14 12:25:40,076 INFO Written out 40500000 reads
2021-04-14 12:25:56,782 INFO Written out 40600000 reads
2021-04-14 12:26:11,391 INFO Written out 40700000 reads
2021-04-14 12:26:28,525 INFO Written out 40800000 reads
2021-04-14 12:26:40,643 INFO Written out 40900000 reads
2021-04-14 12:26:55,402 INFO Written out 41000000 reads
2021-04-14 12:26:55,497 INFO Parsed 48000000 input reads
2021-04-14 12:27:15,073 INFO Written out 41100000 reads
2021-04-14 12:27:27,404 INFO Written out 41200000 reads
2021-04-14 12:27:42,025 INFO Written out 41300000 reads
2021-04-14 12:27:56,848 INFO Written out 41400000 reads
2021-04-14 12:28:13,650 INFO Written out 41500000 reads
2021-04-14 12:28:28,404 INFO Written out 41600000 reads
2021-04-14 12:28:43,002 INFO Written out 41700000 reads
2021-04-14 12:29:00,052 INFO Written out 41800000 reads
2021-04-14 12:29:19,091 INFO Parsed 49000000 input reads
2021-04-14 12:29:19,765 INFO Written out 41900000 reads
2021-04-14 12:29:39,144 INFO Written out 42000000 reads
2021-04-14 12:29:55,803 INFO Written out 42100000 reads
2021-04-14 12:30:10,227 INFO Written out 42200000 reads
2021-04-14 12:30:24,567 INFO Written out 42300000 reads
2021-04-14 12:30:41,346 INFO Written out 42400000 reads
2021-04-14 12:30:58,199 INFO Written out 42500000 reads
2021-04-14 12:31:12,424 INFO Written out 42600000 reads
2021-04-14 12:31:29,224 INFO Written out 42700000 reads
2021-04-14 12:31:29,573 INFO Parsed 50000000 input reads
2021-04-14 12:31:43,827 INFO Written out 42800000 reads
2021-04-14 12:31:56,064 INFO Written out 42900000 reads
2021-04-14 12:32:13,016 INFO Written out 43000000 reads
2021-04-14 12:32:32,815 INFO Written out 43100000 reads
2021-04-14 12:32:47,529 INFO Written out 43200000 reads
2021-04-14 12:33:07,473 INFO Written out 43300000 reads
2021-04-14 12:33:19,597 INFO Written out 43400000 reads
2021-04-14 12:33:34,801 INFO Written out 43500000 reads
2021-04-14 12:33:46,555 INFO Parsed 51000000 input reads
2021-04-14 12:33:49,864 INFO Written out 43600000 reads
2021-04-14 12:34:07,451 INFO Written out 43700000 reads
2021-04-14 12:34:27,737 INFO Written out 43800000 reads
2021-04-14 12:34:42,800 INFO Written out 43900000 reads
2021-04-14 12:35:00,479 INFO Written out 44000000 reads
2021-04-14 12:35:18,280 INFO Written out 44100000 reads
2021-04-14 12:35:33,598 INFO Written out 44200000 reads
2021-04-14 12:35:51,585 INFO Written out 44300000 reads
2021-04-14 12:36:09,551 INFO Written out 44400000 reads
2021-04-14 12:36:15,364 INFO Parsed 52000000 input reads
2021-04-14 12:36:27,458 INFO Written out 44500000 reads
2021-04-14 12:36:49,004 INFO Written out 44600000 reads
2021-04-14 12:36:50,787 INFO Written out 44700000 reads
2021-04-14 12:37:03,970 INFO Written out 44800000 reads
2021-04-14 12:37:25,353 INFO Written out 44900000 reads
2021-04-14 12:37:35,841 INFO Written out 45000000 reads
2021-04-14 12:37:51,975 INFO Written out 45100000 reads
2021-04-14 12:38:10,919 INFO Written out 45200000 reads
2021-04-14 12:38:23,583 INFO Parsed 53000000 input reads
2021-04-14 12:38:26,782 INFO Written out 45300000 reads
2021-04-14 12:38:45,828 INFO Written out 45400000 reads
2021-04-14 12:39:02,023 INFO Written out 45500000 reads
2021-04-14 12:39:43,538 INFO Written out 45600000 reads
2021-04-14 12:40:01,347 INFO Written out 45700000 reads
2021-04-14 12:40:19,192 INFO Written out 45800000 reads
2021-04-14 12:40:34,678 INFO Written out 45900000 reads
2021-04-14 12:40:52,710 INFO Written out 46000000 reads
2021-04-14 12:41:08,332 INFO Written out 46100000 reads
2021-04-14 12:41:14,299 INFO Parsed 54000000 input reads
2021-04-14 12:41:26,443 INFO Written out 46200000 reads
2021-04-14 12:41:42,088 INFO Written out 46300000 reads
2021-04-14 12:42:00,564 INFO Written out 46400000 reads
2021-04-14 12:42:18,872 INFO Written out 46500000 reads
2021-04-14 12:42:34,749 INFO Written out 46600000 reads
2021-04-14 12:42:53,181 INFO Written out 46700000 reads
2021-04-14 12:43:09,452 INFO Written out 46800000 reads
2021-04-14 12:43:25,353 INFO Written out 46900000 reads
2021-04-14 12:43:40,948 INFO Parsed 55000000 input reads
2021-04-14 12:43:46,795 INFO Written out 47000000 reads
2021-04-14 12:44:00,126 INFO Written out 47100000 reads
2021-04-14 12:44:13,827 INFO Written out 47200000 reads
2021-04-14 12:44:27,481 INFO Written out 47300000 reads
2021-04-14 12:44:41,140 INFO Written out 47400000 reads
2021-04-14 12:44:52,204 INFO Written out 47500000 reads
2021-04-14 12:45:08,694 INFO Written out 47600000 reads
2021-04-14 12:45:49,077 INFO Written out 47700000 reads
2021-04-14 12:46:08,263 INFO Written out 47800000 reads
2021-04-14 12:46:08,844 INFO Parsed 56000000 input reads
2021-04-14 12:46:09,991 INFO Written out 47900000 reads
2021-04-14 12:46:15,354 INFO Written out 48000000 reads
2021-04-14 12:46:31,375 INFO Written out 48100000 reads
2021-04-14 12:46:47,506 INFO Written out 48200000 reads
2021-04-14 12:47:03,787 INFO Written out 48300000 reads
2021-04-14 12:47:22,692 INFO Written out 48400000 reads
2021-04-14 12:47:38,949 INFO Written out 48500000 reads
2021-04-14 12:47:57,937 INFO Written out 48600000 reads
2021-04-14 12:48:11,205 INFO Parsed 57000000 input reads
2021-04-14 12:48:17,090 INFO Written out 48700000 reads
2021-04-14 12:48:33,440 INFO Written out 48800000 reads
2021-04-14 12:48:49,896 INFO Written out 48900000 reads
2021-04-14 12:49:09,238 INFO Written out 49000000 reads
2021-04-14 12:49:25,830 INFO Written out 49100000 reads
2021-04-14 12:49:45,183 INFO Written out 49200000 reads
2021-04-14 12:50:04,564 INFO Written out 49300000 reads
2021-04-14 12:50:21,423 INFO Written out 49400000 reads
2021-04-14 12:50:41,112 INFO Written out 49500000 reads
2021-04-14 12:50:47,788 INFO Parsed 58000000 input reads
2021-04-14 12:50:57,681 INFO Written out 49600000 reads
2021-04-14 12:51:17,910 INFO Written out 49700000 reads
2021-04-14 12:51:28,695 INFO Written out 49800000 reads
2021-04-14 12:51:48,220 INFO Written out 49900000 reads
2021-04-14 12:52:05,011 INFO Written out 50000000 reads
2021-04-14 12:52:24,750 INFO Written out 50100000 reads
2021-04-14 12:52:41,608 INFO Written out 50200000 reads
2021-04-14 12:53:01,420 INFO Written out 50300000 reads
2021-04-14 12:53:15,367 INFO Parsed 59000000 input reads
2021-04-14 12:53:18,528 INFO Written out 50400000 reads
2021-04-14 12:53:35,387 INFO Written out 50500000 reads
2021-04-14 12:53:52,590 INFO Written out 50600000 reads
2021-04-14 12:54:12,791 INFO Written out 50700000 reads
2021-04-14 12:54:27,295 INFO Written out 50800000 reads
2021-04-14 12:54:50,736 INFO Written out 50900000 reads
2021-04-14 12:55:08,270 INFO Written out 51000000 reads
2021-04-14 12:55:49,982 INFO Written out 51100000 reads
2021-04-14 12:56:09,560 INFO Written out 51200000 reads
2021-04-14 12:56:16,433 INFO Parsed 60000000 input reads
2021-04-14 12:56:26,222 INFO Written out 51300000 reads
2021-04-14 12:56:43,249 INFO Written out 51400000 reads
2021-04-14 12:57:00,166 INFO Written out 51500000 reads
2021-04-14 12:57:20,020 INFO Written out 51600000 reads
2021-04-14 12:57:37,097 INFO Written out 51700000 reads
2021-04-14 12:57:54,234 INFO Written out 51800000 reads
2021-04-14 12:58:11,586 INFO Written out 51900000 reads
2021-04-14 12:58:31,716 INFO Written out 52000000 reads
2021-04-14 12:58:51,958 INFO Written out 52100000 reads
2021-04-14 12:58:52,019 INFO Parsed 61000000 input reads
2021-04-14 12:59:09,433 INFO Written out 52200000 reads
2021-04-14 12:59:26,674 INFO Written out 52300000 reads
2021-04-14 12:59:47,070 INFO Written out 52400000 reads
2021-04-14 13:00:04,549 INFO Written out 52500000 reads
2021-04-14 13:00:24,877 INFO Written out 52600000 reads
2021-04-14 13:00:42,488 INFO Written out 52700000 reads
2021-04-14 13:01:03,148 INFO Written out 52800000 reads
2021-04-14 13:01:23,636 INFO Written out 52900000 reads
2021-04-14 13:01:34,166 INFO Parsed 62000000 input reads
2021-04-14 13:01:41,293 INFO Written out 53000000 reads
2021-04-14 13:01:59,119 INFO Written out 53100000 reads
2021-04-14 13:02:19,830 INFO Written out 53200000 reads
2021-04-14 13:02:40,826 INFO Written out 53300000 reads
2021-04-14 13:02:55,808 INFO Written out 53400000 reads
2021-04-14 13:03:17,033 INFO Written out 53500000 reads
2021-04-14 13:03:35,240 INFO Written out 53600000 reads
2021-04-14 13:03:59,599 INFO Written out 53700000 reads
2021-04-14 13:04:38,190 INFO Written out 53800000 reads
2021-04-14 13:04:38,392 INFO Parsed 63000000 input reads
2021-04-14 13:04:46,840 INFO Written out 53900000 reads
2021-04-14 13:05:04,615 INFO Written out 54000000 reads
2021-04-14 13:05:22,236 INFO Written out 54100000 reads
2021-04-14 13:05:39,791 INFO Written out 54200000 reads
2021-04-14 13:05:57,631 INFO Written out 54300000 reads
2021-04-14 13:06:18,444 INFO Written out 54400000 reads
2021-04-14 13:06:39,139 INFO Written out 54500000 reads
2021-04-14 13:06:57,114 INFO Written out 54600000 reads
2021-04-14 13:07:08,029 INFO Parsed 64000000 input reads
2021-04-14 13:07:18,046 INFO Written out 54700000 reads
2021-04-14 13:07:35,873 INFO Written out 54800000 reads
2021-04-14 13:07:56,952 INFO Written out 54900000 reads
2021-04-14 13:08:15,134 INFO Written out 55000000 reads
2021-04-14 13:08:33,264 INFO Written out 55100000 reads
2021-04-14 13:08:54,683 INFO Written out 55200000 reads
2021-04-14 13:09:16,101 INFO Written out 55300000 reads
2021-04-14 13:09:40,725 INFO Written out 55400000 reads
2021-04-14 13:09:55,666 INFO Written out 55500000 reads
2021-04-14 13:09:59,238 INFO Parsed 65000000 input reads
2021-04-14 13:10:13,743 INFO Written out 55600000 reads
2021-04-14 13:10:35,003 INFO Written out 55700000 reads
2021-04-14 13:10:53,236 INFO Written out 55800000 reads
2021-04-14 13:11:11,656 INFO Written out 55900000 reads
2021-04-14 13:11:33,126 INFO Written out 56000000 reads
2021-04-14 13:11:54,644 INFO Written out 56100000 reads
2021-04-14 13:12:13,069 INFO Written out 56200000 reads
2021-04-14 13:12:35,210 INFO Written out 56300000 reads
2021-04-14 13:12:51,086 INFO Parsed 66000000 input reads
2021-04-14 13:12:55,321 INFO Written out 56400000 reads
2021-04-14 13:13:16,022 INFO Written out 56500000 reads
2021-04-14 13:13:48,844 INFO Written out 56600000 reads
2021-04-14 13:14:30,018 INFO Written out 56700000 reads
2021-04-14 13:14:51,580 INFO Written out 56800000 reads
2021-04-14 13:15:12,674 INFO Written out 56900000 reads
2021-04-14 13:15:37,798 INFO Written out 57000000 reads
2021-04-14 13:16:02,958 INFO Written out 57100000 reads
2021-04-14 13:16:25,149 INFO Written out 57200000 reads
2021-04-14 13:16:33,798 INFO Parsed 67000000 input reads
2021-04-14 13:16:51,210 INFO Written out 57300000 reads
2021-04-14 13:17:13,260 INFO Written out 57400000 reads
2021-04-14 13:17:39,436 INFO Written out 57500000 reads
2021-04-14 13:18:01,926 INFO Written out 57600000 reads
2021-04-14 13:18:28,306 INFO Written out 57700000 reads
2021-04-14 13:18:54,702 INFO Written out 57800000 reads
2021-04-14 13:19:21,111 INFO Written out 57900000 reads
2021-04-14 13:19:47,862 INFO Written out 58000000 reads
2021-04-14 13:20:10,118 INFO Parsed 68000000 input reads
2021-04-14 13:20:10,589 INFO Written out 58100000 reads
2021-04-14 13:20:33,434 INFO Written out 58200000 reads
2021-04-14 13:21:00,205 INFO Written out 58300000 reads
2021-04-14 13:21:23,235 INFO Written out 58400000 reads
2021-04-14 13:21:46,528 INFO Written out 58500000 reads
2021-04-14 13:22:13,628 INFO Written out 58600000 reads
2021-04-14 13:22:36,845 INFO Written out 58700000 reads
2021-04-14 13:23:00,278 INFO Written out 58800000 reads
2021-04-14 13:23:23,549 INFO Written out 58900000 reads
2021-04-14 13:23:37,309 INFO Parsed 69000000 input reads
2021-04-14 13:23:47,327 INFO Written out 59000000 reads
2021-04-14 13:24:14,340 INFO Written out 59100000 reads
2021-04-14 13:24:42,020 INFO Written out 59200000 reads
2021-04-14 13:25:28,520 INFO Written out 59300000 reads
2021-04-14 13:25:51,236 INFO Written out 59400000 reads
2021-04-14 13:26:17,993 INFO Written out 59500000 reads
2021-04-14 13:26:41,044 INFO Written out 59600000 reads
2021-04-14 13:27:08,178 INFO Written out 59700000 reads
2021-04-14 13:27:27,122 INFO Parsed 70000000 input reads
2021-04-14 13:27:31,201 INFO Written out 59800000 reads
2021-04-14 13:27:54,417 INFO Written out 59900000 reads
2021-04-14 13:28:21,490 INFO Written out 60000000 reads
2021-04-14 13:28:44,695 INFO Written out 60100000 reads
2021-04-14 13:29:12,233 INFO Written out 60200000 reads
2021-04-14 13:29:39,413 INFO Written out 60300000 reads
2021-04-14 13:30:07,118 INFO Written out 60400000 reads
2021-04-14 13:30:38,932 INFO Written out 60500000 reads
2021-04-14 13:30:58,345 INFO Written out 60600000 reads
2021-04-14 13:31:08,038 INFO Parsed 71000000 input reads
2021-04-14 13:31:21,923 INFO Written out 60700000 reads
2021-04-14 13:31:49,870 INFO Written out 60800000 reads
2021-04-14 13:32:09,581 INFO Written out 60900000 reads
2021-04-14 13:32:33,368 INFO Written out 61000000 reads
2021-04-14 13:32:57,341 INFO Written out 61100000 reads
2021-04-14 13:33:21,412 INFO Written out 61200000 reads
2021-04-14 13:35:30,176 INFO Written out 61300000 reads
2021-04-14 13:35:32,205 INFO Written out 61400000 reads
2021-04-14 13:35:34,264 INFO Written out 61500000 reads
2021-04-14 13:35:34,354 INFO Parsed 72000000 input reads
2021-04-14 13:35:36,313 INFO Written out 61600000 reads
2021-04-14 13:35:39,028 INFO Written out 61700000 reads
2021-04-14 13:35:41,282 INFO Written out 61800000 reads
2021-04-14 13:35:43,592 INFO Written out 61900000 reads
2021-04-14 13:35:47,301 INFO Written out 62000000 reads
2021-04-14 13:35:50,991 INFO Written out 62100000 reads
2021-04-14 13:35:55,455 INFO Written out 62200000 reads
2021-04-14 13:35:58,728 INFO Written out 62300000 reads
2021-04-14 13:36:00,064 INFO Parsed 73000000 input reads
2021-04-14 13:36:02,432 INFO Written out 62400000 reads
2021-04-14 13:36:06,554 INFO Written out 62500000 reads
2021-04-14 13:36:09,635 INFO Written out 62600000 reads
2021-04-14 13:36:12,143 INFO Written out 62700000 reads
2021-04-14 13:36:15,152 INFO Written out 62800000 reads
2021-04-14 13:36:17,809 INFO Written out 62900000 reads
2021-04-14 13:36:20,755 INFO Written out 63000000 reads
2021-04-14 13:36:23,148 INFO Written out 63100000 reads
2021-04-14 13:36:26,045 INFO Parsed 74000000 input reads
2021-04-14 13:36:26,246 INFO Written out 63200000 reads
2021-04-14 13:36:29,868 INFO Written out 63300000 reads
2021-04-14 13:36:32,996 INFO Written out 63400000 reads
2021-04-14 13:36:35,151 INFO Written out 63500000 reads
2021-04-14 13:36:37,331 INFO Written out 63600000 reads
2021-04-14 13:36:39,351 INFO Written out 63700000 reads
2021-04-14 13:36:41,328 INFO Written out 63800000 reads
2021-04-14 13:36:43,945 INFO Written out 63900000 reads
2021-04-14 13:36:46,055 INFO Written out 64000000 reads
2021-04-14 13:36:47,081 INFO Parsed 75000000 input reads
2021-04-14 13:37:11,949 INFO Written out 64100000 reads
2021-04-14 13:37:17,007 INFO Written out 64200000 reads
2021-04-14 13:37:22,103 INFO Written out 64300000 reads
2021-04-14 13:37:26,504 INFO Written out 64400000 reads
2021-04-14 13:37:58,159 INFO Written out 64500000 reads
2021-04-14 13:38:24,784 INFO Written out 64600000 reads
2021-04-14 13:38:51,040 INFO Written out 64700000 reads
2021-04-14 13:39:15,247 INFO Written out 64800000 reads
2021-04-14 13:39:20,071 INFO Searching for mates for 0 unmatched alignments
2021-04-14 13:42:45,762 INFO 0 mates never found
2021-04-14 13:56:50,463 INFO Reads: Input Reads: 75903506, Read pairs: 75903506, Read 2 unmapped: 5728
2021-04-14 13:56:50,463 INFO Number of reads out: 64810832
2021-04-14 13:56:50,463 INFO Total number of positions deduplicated: 54557052
2021-04-14 13:56:50,463 INFO Mean number of unique UMIs per position: 1.19
2021-04-14 13:56:50,463 INFO Max. number of unique UMIs per position: 2341
# job finished in 10459 seconds at Wed Apr 14 13:56:50 2021 -- 10273.77 145.03  0.00  0.00 -- 93c01e61-537d-430e-a032-6e50bda3d4e7
