# UMI-tools version: 1.1.1
# output generated by dedup -I 03_alignedData/bam/24_KB_C8Aligned.sortedByCoord.out.bam -L 04_dedupUmis/log/24_KB_C8.log -S 04_dedupUmis/bam/24_KB_C8.bam --umi-separator=: --temp-dir=. --paired --output-stats=04_dedupUmis/log/24_KB_C8
# job started at Wed Apr 14 11:02:30 2021 on r5-n43 -- eaacefa9-74d3-4d5a-a5e9-befe36637ad5
# pid: 132046, system: Linux 3.10.0-1062.9.1.el7.x86_64 #1 SMP Mon Dec 2 08:31:54 EST 2019 x86_64
# assigned_tag                            : None
# cell_tag                                : None
# cell_tag_delim                          : None
# cell_tag_split                          : -
# chimeric_pairs                          : use
# chrom                                   : None
# compresslevel                           : 6
# detection_method                        : None
# filter_umi                              : None
# gene_tag                                : None
# gene_transcript_map                     : None
# get_umi_method                          : read_id
# ignore_tlen                             : False
# ignore_umi                              : False
# in_sam                                  : False
# log2stderr                              : False
# loglevel                                : 1
# mapping_quality                         : 0
# method                                  : directional
# no_sort_output                          : False
# out_sam                                 : False
# output_unmapped                         : False
# paired                                  : True
# per_cell                                : False
# per_contig                              : False
# per_gene                                : False
# random_seed                             : None
# read_length                             : False
# short_help                              : None
# skip_regex                              : ^(__|Unassigned)
# soft_clip_threshold                     : 4
# spliced                                 : False
# stats                                   : 04_dedupUmis/log/24_KB_C8
# stderr                                  : <_io.TextIOWrapper name='<stderr>' mode='w' encoding='UTF-8'>
# stdin                                   : <_io.TextIOWrapper name='03_alignedData/bam/24_KB_C8Aligned.sortedByCoord.out.bam' mode='r' encoding='UTF-8'>
# stdlog                                  : <_io.TextIOWrapper name='04_dedupUmis/log/24_KB_C8.log' mode='a' encoding='UTF-8'>
# stdout                                  : <_io.TextIOWrapper name='04_dedupUmis/bam/24_KB_C8.bam' mode='w' encoding='UTF-8'>
# subset                                  : None
# threshold                               : 1
# timeit_file                             : None
# timeit_header                           : None
# timeit_name                             : all
# tmpdir                                  : .
# umi_sep                                 : :
# umi_tag                                 : RX
# umi_tag_delim                           : None
# umi_tag_split                           : None
# umi_whitelist                           : None
# umi_whitelist_paired                    : None
# unmapped_reads                          : discard
# unpaired_reads                          : use
# whole_contig                            : False
2021-04-14 11:02:30,678 WARNING Chimeric read pairs are being used. Some read pair UMIs may be grouped/deduplicated using just the mapping coordinates from read1.This may also increase the run time and memory usage. Consider --chimeric-pairs==discard to discard these reads or --chimeric-pairs==output (group command only) to output them without grouping
2021-04-14 11:02:30,679 WARNING Unpaired read pairs are being used. Some read pair UMIs may be grouped/deduplicated using just the mapping coordinates from read1.This may also increase the run time and memory usage. Consider --unpared-reads==discard to discard these reads or --unpared-reads==output (group command only) to output them without grouping
2021-04-14 11:02:30,679 INFO command: dedup -I 03_alignedData/bam/24_KB_C8Aligned.sortedByCoord.out.bam -L 04_dedupUmis/log/24_KB_C8.log -S 04_dedupUmis/bam/24_KB_C8.bam --umi-separator=: --temp-dir=. --paired --output-stats=04_dedupUmis/log/24_KB_C8
2021-04-14 11:07:43,523 INFO total_umis 88971888
2021-04-14 11:07:43,525 INFO #umis 66114
2021-04-14 11:11:47,449 INFO Written out 100000 reads
2021-04-14 11:11:51,521 INFO Written out 200000 reads
2021-04-14 11:11:55,949 INFO Written out 300000 reads
2021-04-14 11:12:00,712 INFO Written out 400000 reads
2021-04-14 11:12:04,990 INFO Written out 500000 reads
2021-04-14 11:12:10,324 INFO Written out 600000 reads
2021-04-14 11:12:14,307 INFO Written out 700000 reads
2021-04-14 11:12:18,997 INFO Written out 800000 reads
2021-04-14 11:12:21,683 INFO Parsed 1000000 input reads
2021-04-14 11:12:23,801 INFO Written out 900000 reads
2021-04-14 11:12:29,028 INFO Written out 1000000 reads
2021-04-14 11:12:34,316 INFO Written out 1100000 reads
2021-04-14 11:12:38,804 INFO Written out 1200000 reads
2021-04-14 11:12:43,934 INFO Written out 1300000 reads
2021-04-14 11:12:49,326 INFO Written out 1400000 reads
2021-04-14 11:12:55,242 INFO Written out 1500000 reads
2021-04-14 11:13:00,339 INFO Written out 1600000 reads
2021-04-14 11:13:05,868 INFO Written out 1700000 reads
2021-04-14 11:13:06,649 INFO Parsed 2000000 input reads
2021-04-14 11:13:12,566 INFO Written out 1800000 reads
2021-04-14 11:13:17,281 INFO Written out 1900000 reads
2021-04-14 11:13:23,467 INFO Written out 2000000 reads
2021-04-14 11:13:29,243 INFO Written out 2100000 reads
2021-04-14 11:13:34,989 INFO Written out 2200000 reads
2021-04-14 11:13:41,371 INFO Written out 2300000 reads
2021-04-14 11:13:47,404 INFO Written out 2400000 reads
2021-04-14 11:13:53,954 INFO Written out 2500000 reads
2021-04-14 11:13:57,791 INFO Parsed 3000000 input reads
2021-04-14 11:14:00,480 INFO Written out 2600000 reads
2021-04-14 11:14:06,555 INFO Written out 2700000 reads
2021-04-14 11:14:12,790 INFO Written out 2800000 reads
2021-04-14 11:14:20,907 INFO Written out 2900000 reads
2021-04-14 11:14:26,809 INFO Written out 3000000 reads
2021-04-14 11:14:57,042 INFO Written out 3100000 reads
2021-04-14 11:15:04,003 INFO Written out 3200000 reads
2021-04-14 11:15:08,577 INFO Written out 3300000 reads
2021-04-14 11:15:14,494 INFO Written out 3400000 reads
2021-04-14 11:15:16,754 INFO Parsed 4000000 input reads
2021-04-14 11:15:20,875 INFO Written out 3500000 reads
2021-04-14 11:15:27,005 INFO Written out 3600000 reads
2021-04-14 11:15:33,183 INFO Written out 3700000 reads
2021-04-14 11:15:39,969 INFO Written out 3800000 reads
2021-04-14 11:15:46,954 INFO Written out 3900000 reads
2021-04-14 11:15:54,120 INFO Written out 4000000 reads
2021-04-14 11:16:00,345 INFO Written out 4100000 reads
2021-04-14 11:16:06,867 INFO Written out 4200000 reads
2021-04-14 11:16:11,867 INFO Parsed 5000000 input reads
2021-04-14 11:16:16,508 INFO Written out 4300000 reads
2021-04-14 11:16:20,690 INFO Written out 4400000 reads
2021-04-14 11:16:27,459 INFO Written out 4500000 reads
2021-04-14 11:16:35,039 INFO Written out 4600000 reads
2021-04-14 11:16:41,970 INFO Written out 4700000 reads
2021-04-14 11:16:49,162 INFO Written out 4800000 reads
2021-04-14 11:16:57,030 INFO Written out 4900000 reads
2021-04-14 11:17:04,031 INFO Written out 5000000 reads
2021-04-14 11:17:11,300 INFO Written out 5100000 reads
2021-04-14 11:17:13,025 INFO Parsed 6000000 input reads
2021-04-14 11:17:19,657 INFO Written out 5200000 reads
2021-04-14 11:17:26,103 INFO Written out 5300000 reads
2021-04-14 11:17:33,493 INFO Written out 5400000 reads
2021-04-14 11:17:41,109 INFO Written out 5500000 reads
2021-04-14 11:17:48,828 INFO Written out 5600000 reads
2021-04-14 11:17:57,364 INFO Written out 5700000 reads
2021-04-14 11:18:04,054 INFO Written out 5800000 reads
2021-04-14 11:18:33,371 INFO Written out 5900000 reads
2021-04-14 11:18:39,342 INFO Parsed 7000000 input reads
2021-04-14 11:18:39,975 INFO Written out 6000000 reads
2021-04-14 11:18:47,256 INFO Written out 6100000 reads
2021-04-14 11:18:53,255 INFO Written out 6200000 reads
2021-04-14 11:19:01,855 INFO Written out 6300000 reads
2021-04-14 11:19:07,835 INFO Written out 6400000 reads
2021-04-14 11:19:15,718 INFO Written out 6500000 reads
2021-04-14 11:19:21,776 INFO Written out 6600000 reads
2021-04-14 11:19:29,084 INFO Written out 6700000 reads
2021-04-14 11:19:36,146 INFO Written out 6800000 reads
2021-04-14 11:19:38,605 INFO Parsed 8000000 input reads
2021-04-14 11:19:44,321 INFO Written out 6900000 reads
2021-04-14 11:19:51,759 INFO Written out 7000000 reads
2021-04-14 11:19:59,161 INFO Written out 7100000 reads
2021-04-14 11:20:07,431 INFO Written out 7200000 reads
2021-04-14 11:20:14,818 INFO Written out 7300000 reads
2021-04-14 11:20:23,188 INFO Written out 7400000 reads
2021-04-14 11:20:30,971 INFO Written out 7500000 reads
2021-04-14 11:20:39,461 INFO Written out 7600000 reads
2021-04-14 11:20:46,765 INFO Parsed 9000000 input reads
2021-04-14 11:20:47,247 INFO Written out 7700000 reads
2021-04-14 11:20:55,921 INFO Written out 7800000 reads
2021-04-14 11:21:03,615 INFO Written out 7900000 reads
2021-04-14 11:21:12,982 INFO Written out 8000000 reads
2021-04-14 11:21:19,903 INFO Written out 8100000 reads
2021-04-14 11:21:28,584 INFO Written out 8200000 reads
2021-04-14 11:21:36,581 INFO Written out 8300000 reads
2021-04-14 11:21:45,619 INFO Written out 8400000 reads
2021-04-14 11:22:14,532 INFO Written out 8500000 reads
2021-04-14 11:22:17,381 INFO Parsed 10000000 input reads
2021-04-14 11:22:22,753 INFO Written out 8600000 reads
2021-04-14 11:22:29,758 INFO Written out 8700000 reads
2021-04-14 11:22:37,938 INFO Written out 8800000 reads
2021-04-14 11:22:45,171 INFO Written out 8900000 reads
2021-04-14 11:22:52,603 INFO Written out 9000000 reads
2021-04-14 11:23:00,158 INFO Written out 9100000 reads
2021-04-14 11:23:08,398 INFO Written out 9200000 reads
2021-04-14 11:23:15,868 INFO Written out 9300000 reads
2021-04-14 11:23:24,085 INFO Parsed 11000000 input reads
2021-04-14 11:23:24,279 INFO Written out 9400000 reads
2021-04-14 11:23:34,023 INFO Written out 9500000 reads
2021-04-14 11:23:44,040 INFO Written out 9600000 reads
2021-04-14 11:23:46,653 INFO Written out 9700000 reads
2021-04-14 11:23:53,355 INFO Written out 9800000 reads
2021-04-14 11:24:03,142 INFO Written out 9900000 reads
2021-04-14 11:24:10,551 INFO Written out 10000000 reads
2021-04-14 11:24:19,745 INFO Written out 10100000 reads
2021-04-14 11:24:29,030 INFO Written out 10200000 reads
2021-04-14 11:24:33,794 INFO Parsed 12000000 input reads
2021-04-14 11:24:37,721 INFO Written out 10300000 reads
2021-04-14 11:24:46,237 INFO Written out 10400000 reads
2021-04-14 11:24:54,881 INFO Written out 10500000 reads
2021-04-14 11:25:04,567 INFO Written out 10600000 reads
2021-04-14 11:25:31,346 INFO Written out 10700000 reads
2021-04-14 11:25:39,267 INFO Written out 10800000 reads
2021-04-14 11:25:47,174 INFO Written out 10900000 reads
2021-04-14 11:25:55,938 INFO Written out 11000000 reads
2021-04-14 11:26:03,997 INFO Written out 11100000 reads
2021-04-14 11:26:05,111 INFO Parsed 13000000 input reads
2021-04-14 11:26:16,577 INFO Written out 11200000 reads
2021-04-14 11:26:19,243 INFO Written out 11300000 reads
2021-04-14 11:26:27,484 INFO Written out 11400000 reads
2021-04-14 11:26:36,661 INFO Written out 11500000 reads
2021-04-14 11:26:45,257 INFO Written out 11600000 reads
2021-04-14 11:26:54,595 INFO Written out 11700000 reads
2021-04-14 11:27:03,204 INFO Written out 11800000 reads
2021-04-14 11:27:12,913 INFO Written out 11900000 reads
2021-04-14 11:27:18,132 INFO Parsed 14000000 input reads
2021-04-14 11:27:22,760 INFO Written out 12000000 reads
2021-04-14 11:27:31,655 INFO Written out 12100000 reads
2021-04-14 11:27:41,350 INFO Written out 12200000 reads
2021-04-14 11:27:52,766 INFO Written out 12300000 reads
2021-04-14 11:27:58,825 INFO Written out 12400000 reads
2021-04-14 11:28:07,872 INFO Written out 12500000 reads
2021-04-14 11:28:18,015 INFO Written out 12600000 reads
2021-04-14 11:28:27,292 INFO Written out 12700000 reads
2021-04-14 11:28:36,659 INFO Written out 12800000 reads
2021-04-14 11:28:38,350 INFO Parsed 15000000 input reads
2021-04-14 11:28:47,182 INFO Written out 12900000 reads
2021-04-14 11:28:56,478 INFO Written out 13000000 reads
2021-04-14 11:29:06,052 INFO Written out 13100000 reads
2021-04-14 11:29:36,382 INFO Written out 13200000 reads
2021-04-14 11:29:46,094 INFO Written out 13300000 reads
2021-04-14 11:29:56,797 INFO Written out 13400000 reads
2021-04-14 11:30:05,163 INFO Written out 13500000 reads
2021-04-14 11:30:12,776 INFO Written out 13600000 reads
2021-04-14 11:30:20,476 INFO Parsed 16000000 input reads
2021-04-14 11:30:22,741 INFO Written out 13700000 reads
2021-04-14 11:30:31,483 INFO Written out 13800000 reads
2021-04-14 11:30:40,606 INFO Written out 13900000 reads
2021-04-14 11:30:50,351 INFO Written out 14000000 reads
2021-04-14 11:31:00,605 INFO Written out 14100000 reads
2021-04-14 11:31:08,726 INFO Written out 14200000 reads
2021-04-14 11:31:18,796 INFO Written out 14300000 reads
2021-04-14 11:31:28,072 INFO Written out 14400000 reads
2021-04-14 11:31:37,395 INFO Written out 14500000 reads
2021-04-14 11:31:40,468 INFO Parsed 17000000 input reads
2021-04-14 11:31:48,896 INFO Written out 14600000 reads
2021-04-14 11:31:59,759 INFO Written out 14700000 reads
2021-04-14 11:32:09,085 INFO Written out 14800000 reads
2021-04-14 11:32:23,199 INFO Written out 14900000 reads
2021-04-14 11:32:28,623 INFO Written out 15000000 reads
2021-04-14 11:32:39,586 INFO Written out 15100000 reads
2021-04-14 11:32:49,399 INFO Written out 15200000 reads
2021-04-14 11:33:03,730 INFO Written out 15300000 reads
2021-04-14 11:33:06,081 INFO Parsed 18000000 input reads
2021-04-14 11:33:07,922 INFO Written out 15400000 reads
2021-04-14 11:33:19,340 INFO Written out 15500000 reads
2021-04-14 11:33:29,657 INFO Written out 15600000 reads
2021-04-14 11:33:48,469 INFO Written out 15700000 reads
2021-04-14 11:33:50,758 INFO Written out 15800000 reads
2021-04-14 11:33:53,083 INFO Written out 15900000 reads
2021-04-14 11:33:56,085 INFO Written out 16000000 reads
2021-04-14 11:34:10,599 INFO Written out 16100000 reads
2021-04-14 11:34:18,276 INFO Written out 16200000 reads
2021-04-14 11:34:22,469 INFO Parsed 19000000 input reads
2021-04-14 11:34:36,199 INFO Written out 16300000 reads
2021-04-14 11:34:38,558 INFO Written out 16400000 reads
2021-04-14 11:35:16,230 INFO Written out 16500000 reads
2021-04-14 11:35:27,728 INFO Written out 16600000 reads
2021-04-14 11:35:39,458 INFO Written out 16700000 reads
2021-04-14 11:35:48,731 INFO Written out 16800000 reads
2021-04-14 11:35:59,217 INFO Written out 16900000 reads
2021-04-14 11:36:10,872 INFO Written out 17000000 reads
2021-04-14 11:36:20,718 INFO Parsed 20000000 input reads
2021-04-14 11:36:22,717 INFO Written out 17100000 reads
2021-04-14 11:36:33,391 INFO Written out 17200000 reads
2021-04-14 11:36:45,684 INFO Written out 17300000 reads
2021-04-14 11:36:56,350 INFO Written out 17400000 reads
2021-04-14 11:37:07,144 INFO Written out 17500000 reads
2021-04-14 11:37:19,452 INFO Written out 17600000 reads
2021-04-14 11:37:32,435 INFO Written out 17700000 reads
2021-04-14 11:37:43,411 INFO Written out 17800000 reads
2021-04-14 11:37:56,070 INFO Written out 17900000 reads
2021-04-14 11:38:00,846 INFO Parsed 21000000 input reads
2021-04-14 11:38:07,694 INFO Written out 18000000 reads
2021-04-14 11:38:18,856 INFO Written out 18100000 reads
2021-04-14 11:38:31,917 INFO Written out 18200000 reads
2021-04-14 11:38:43,477 INFO Written out 18300000 reads
2021-04-14 11:38:54,741 INFO Written out 18400000 reads
2021-04-14 11:39:06,406 INFO Written out 18500000 reads
2021-04-14 11:39:19,947 INFO Written out 18600000 reads
2021-04-14 11:39:33,331 INFO Written out 18700000 reads
2021-04-14 11:40:04,395 INFO Parsed 22000000 input reads
2021-04-14 11:40:04,610 INFO Written out 18800000 reads
2021-04-14 11:40:15,597 INFO Written out 18900000 reads
2021-04-14 11:40:27,730 INFO Written out 19000000 reads
2021-04-14 11:40:38,808 INFO Written out 19100000 reads
2021-04-14 11:40:51,620 INFO Written out 19200000 reads
2021-04-14 11:41:04,561 INFO Written out 19300000 reads
2021-04-14 11:41:16,247 INFO Written out 19400000 reads
2021-04-14 11:41:25,839 INFO Written out 19500000 reads
2021-04-14 11:41:39,147 INFO Written out 19600000 reads
2021-04-14 11:41:45,748 INFO Parsed 23000000 input reads
2021-04-14 11:41:50,854 INFO Written out 19700000 reads
2021-04-14 11:42:02,434 INFO Written out 19800000 reads
2021-04-14 11:42:14,303 INFO Written out 19900000 reads
2021-04-14 11:42:27,853 INFO Written out 20000000 reads
2021-04-14 11:42:39,803 INFO Written out 20100000 reads
2021-04-14 11:42:53,460 INFO Written out 20200000 reads
2021-04-14 11:43:06,713 INFO Written out 20300000 reads
2021-04-14 11:43:18,540 INFO Written out 20400000 reads
2021-04-14 11:43:32,028 INFO Written out 20500000 reads
2021-04-14 11:43:32,328 INFO Parsed 24000000 input reads
2021-04-14 11:43:45,627 INFO Written out 20600000 reads
2021-04-14 11:43:57,058 INFO Written out 20700000 reads
2021-04-14 11:44:07,755 INFO Written out 20800000 reads
2021-04-14 11:44:19,122 INFO Written out 20900000 reads
2021-04-14 11:44:30,349 INFO Written out 21000000 reads
2021-04-14 11:44:44,462 INFO Written out 21100000 reads
2021-04-14 11:44:53,984 INFO Written out 21200000 reads
2021-04-14 11:45:07,389 INFO Written out 21300000 reads
2021-04-14 11:45:10,758 INFO Parsed 25000000 input reads
2021-04-14 11:45:15,218 INFO Written out 21400000 reads
2021-04-14 11:45:26,822 INFO Written out 21500000 reads
2021-04-14 11:45:38,635 INFO Written out 21600000 reads
2021-04-14 11:45:53,866 INFO Written out 21700000 reads
2021-04-14 11:46:03,627 INFO Written out 21800000 reads
2021-04-14 11:46:15,049 INFO Written out 21900000 reads
2021-04-14 11:46:50,744 INFO Written out 22000000 reads
2021-04-14 11:47:01,597 INFO Written out 22100000 reads
2021-04-14 11:47:12,308 INFO Written out 22200000 reads
2021-04-14 11:47:21,375 INFO Parsed 26000000 input reads
2021-04-14 11:47:23,082 INFO Written out 22300000 reads
2021-04-14 11:47:33,875 INFO Written out 22400000 reads
2021-04-14 11:47:44,810 INFO Written out 22500000 reads
2021-04-14 11:47:55,617 INFO Written out 22600000 reads
2021-04-14 11:48:08,571 INFO Written out 22700000 reads
2021-04-14 11:48:18,024 INFO Written out 22800000 reads
2021-04-14 11:48:31,168 INFO Written out 22900000 reads
2021-04-14 11:48:42,813 INFO Written out 23000000 reads
2021-04-14 11:48:53,514 INFO Parsed 27000000 input reads
2021-04-14 11:48:56,016 INFO Written out 23100000 reads
2021-04-14 11:49:07,727 INFO Written out 23200000 reads
2021-04-14 11:49:24,983 INFO Written out 23300000 reads
2021-04-14 11:49:30,698 INFO Written out 23400000 reads
2021-04-14 11:49:44,067 INFO Written out 23500000 reads
2021-04-14 11:49:55,764 INFO Written out 23600000 reads
2021-04-14 11:50:09,287 INFO Written out 23700000 reads
2021-04-14 11:50:21,191 INFO Written out 23800000 reads
2021-04-14 11:50:33,327 INFO Written out 23900000 reads
2021-04-14 11:50:37,815 INFO Parsed 28000000 input reads
2021-04-14 11:50:47,330 INFO Written out 24000000 reads
2021-04-14 11:51:01,318 INFO Written out 24100000 reads
2021-04-14 11:51:13,614 INFO Written out 24200000 reads
2021-04-14 11:51:44,609 INFO Written out 24300000 reads
2021-04-14 11:51:55,986 INFO Written out 24400000 reads
2021-04-14 11:52:07,556 INFO Written out 24500000 reads
2021-04-14 11:52:19,024 INFO Written out 24600000 reads
2021-04-14 11:52:32,351 INFO Written out 24700000 reads
2021-04-14 11:52:41,742 INFO Parsed 29000000 input reads
2021-04-14 11:52:45,762 INFO Written out 24800000 reads
2021-04-14 11:52:57,647 INFO Written out 24900000 reads
2021-04-14 11:53:11,163 INFO Written out 25000000 reads
2021-04-14 11:53:22,772 INFO Written out 25100000 reads
2021-04-14 11:53:36,325 INFO Written out 25200000 reads
2021-04-14 11:53:48,101 INFO Written out 25300000 reads
2021-04-14 11:54:00,123 INFO Written out 25400000 reads
2021-04-14 11:54:13,967 INFO Written out 25500000 reads
2021-04-14 11:54:25,912 INFO Written out 25600000 reads
2021-04-14 11:54:30,569 INFO Parsed 30000000 input reads
2021-04-14 11:54:38,006 INFO Written out 25700000 reads
2021-04-14 11:54:50,354 INFO Written out 25800000 reads
2021-04-14 11:55:04,319 INFO Written out 25900000 reads
2021-04-14 11:55:16,812 INFO Written out 26000000 reads
2021-04-14 11:55:30,984 INFO Written out 26100000 reads
2021-04-14 11:55:43,213 INFO Written out 26200000 reads
2021-04-14 11:55:55,797 INFO Written out 26300000 reads
2021-04-14 11:56:12,032 INFO Written out 26400000 reads
2021-04-14 11:56:39,296 INFO Parsed 31000000 input reads
2021-04-14 11:56:39,522 INFO Written out 26500000 reads
2021-04-14 11:56:54,189 INFO Written out 26600000 reads
2021-04-14 11:57:05,700 INFO Written out 26700000 reads
2021-04-14 11:57:17,254 INFO Written out 26800000 reads
2021-04-14 11:57:28,890 INFO Written out 26900000 reads
2021-04-14 11:57:46,131 INFO Written out 27000000 reads
2021-04-14 11:57:53,830 INFO Written out 27100000 reads
2021-04-14 11:58:07,659 INFO Written out 27200000 reads
2021-04-14 11:58:15,485 INFO Written out 27300000 reads
2021-04-14 11:58:20,234 INFO Parsed 32000000 input reads
2021-04-14 11:58:30,743 INFO Written out 27400000 reads
2021-04-14 11:58:44,672 INFO Written out 27500000 reads
2021-04-14 11:58:54,716 INFO Written out 27600000 reads
2021-04-14 11:59:06,741 INFO Written out 27700000 reads
2021-04-14 11:59:20,553 INFO Written out 27800000 reads
2021-04-14 11:59:33,019 INFO Written out 27900000 reads
2021-04-14 11:59:45,485 INFO Written out 28000000 reads
2021-04-14 11:59:59,816 INFO Written out 28100000 reads
2021-04-14 12:00:12,396 INFO Parsed 33000000 input reads
2021-04-14 12:00:12,431 INFO Written out 28200000 reads
2021-04-14 12:00:40,453 INFO Written out 28300000 reads
2021-04-14 12:00:42,881 INFO Written out 28400000 reads
2021-04-14 12:00:44,940 INFO Written out 28500000 reads
2021-04-14 12:00:46,984 INFO Written out 28600000 reads
2021-04-14 12:00:54,163 INFO Written out 28700000 reads
2021-04-14 12:01:08,965 INFO Written out 28800000 reads
2021-04-14 12:01:23,452 INFO Written out 28900000 reads
2021-04-14 12:01:37,946 INFO Written out 29000000 reads
2021-04-14 12:01:44,689 INFO Parsed 34000000 input reads
2021-04-14 12:01:48,857 INFO Written out 29100000 reads
2021-04-14 12:02:01,992 INFO Written out 29200000 reads
2021-04-14 12:02:17,455 INFO Written out 29300000 reads
2021-04-14 12:02:30,866 INFO Written out 29400000 reads
2021-04-14 12:02:46,625 INFO Written out 29500000 reads
2021-04-14 12:03:02,612 INFO Written out 29600000 reads
2021-04-14 12:03:16,389 INFO Written out 29700000 reads
2021-04-14 12:03:32,374 INFO Written out 29800000 reads
2021-04-14 12:03:45,594 INFO Parsed 35000000 input reads
2021-04-14 12:03:46,428 INFO Written out 29900000 reads
2021-04-14 12:03:58,079 INFO Written out 30000000 reads
2021-04-14 12:04:12,178 INFO Written out 30100000 reads
2021-04-14 12:04:28,210 INFO Written out 30200000 reads
2021-04-14 12:05:08,277 INFO Written out 30300000 reads
2021-04-14 12:05:22,941 INFO Written out 30400000 reads
2021-04-14 12:05:35,705 INFO Written out 30500000 reads
2021-04-14 12:05:48,489 INFO Written out 30600000 reads
2021-04-14 12:06:01,394 INFO Written out 30700000 reads
2021-04-14 12:06:03,666 INFO Parsed 36000000 input reads
2021-04-14 12:06:16,406 INFO Written out 30800000 reads
2021-04-14 12:06:31,289 INFO Written out 30900000 reads
2021-04-14 12:06:44,450 INFO Written out 31000000 reads
2021-04-14 12:07:01,811 INFO Written out 31100000 reads
2021-04-14 12:07:10,688 INFO Written out 31200000 reads
2021-04-14 12:07:23,980 INFO Written out 31300000 reads
2021-04-14 12:07:37,278 INFO Written out 31400000 reads
2021-04-14 12:07:50,371 INFO Written out 31500000 reads
2021-04-14 12:08:00,700 INFO Parsed 37000000 input reads
2021-04-14 12:08:05,838 INFO Written out 31600000 reads
2021-04-14 12:08:21,427 INFO Written out 31700000 reads
2021-04-14 12:08:34,964 INFO Written out 31800000 reads
2021-04-14 12:08:48,424 INFO Written out 31900000 reads
2021-04-14 12:09:04,341 INFO Written out 32000000 reads
2021-04-14 12:09:17,972 INFO Written out 32100000 reads
2021-04-14 12:09:33,841 INFO Written out 32200000 reads
2021-04-14 12:09:49,870 INFO Written out 32300000 reads
2021-04-14 12:10:05,801 INFO Written out 32400000 reads
2021-04-14 12:10:08,642 INFO Parsed 38000000 input reads
2021-04-14 12:10:24,284 INFO Written out 32500000 reads
2021-04-14 12:10:31,088 INFO Written out 32600000 reads
2021-04-14 12:10:49,682 INFO Written out 32700000 reads
2021-04-14 12:10:54,447 INFO Written out 32800000 reads
2021-04-14 12:11:10,514 INFO Written out 32900000 reads
2021-04-14 12:11:24,263 INFO Written out 33000000 reads
2021-04-14 12:11:40,579 INFO Written out 33100000 reads
2021-04-14 12:11:54,690 INFO Written out 33200000 reads
2021-04-14 12:12:05,753 INFO Parsed 39000000 input reads
2021-04-14 12:12:08,750 INFO Written out 33300000 reads
2021-04-14 12:12:25,269 INFO Written out 33400000 reads
2021-04-14 12:12:39,228 INFO Written out 33500000 reads
2021-04-14 12:12:55,769 INFO Written out 33600000 reads
2021-04-14 12:13:33,526 INFO Written out 33700000 reads
2021-04-14 12:13:46,994 INFO Written out 33800000 reads
2021-04-14 12:14:02,531 INFO Written out 33900000 reads
2021-04-14 12:14:16,201 INFO Written out 34000000 reads
2021-04-14 12:14:31,917 INFO Written out 34100000 reads
2021-04-14 12:14:37,127 INFO Parsed 40000000 input reads
2021-04-14 12:14:45,567 INFO Written out 34200000 reads
2021-04-14 12:15:01,500 INFO Written out 34300000 reads
2021-04-14 12:15:15,257 INFO Written out 34400000 reads
2021-04-14 12:15:29,190 INFO Written out 34500000 reads
2021-04-14 12:15:50,248 INFO Written out 34600000 reads
2021-04-14 12:15:52,424 INFO Written out 34700000 reads
2021-04-14 12:16:06,582 INFO Written out 34800000 reads
2021-04-14 12:16:22,948 INFO Written out 34900000 reads
2021-04-14 12:16:36,600 INFO Parsed 41000000 input reads
2021-04-14 12:16:39,264 INFO Written out 35000000 reads
2021-04-14 12:16:53,461 INFO Written out 35100000 reads
2021-04-14 12:17:07,585 INFO Written out 35200000 reads
2021-04-14 12:17:24,118 INFO Written out 35300000 reads
2021-04-14 12:17:40,754 INFO Written out 35400000 reads
2021-04-14 12:17:54,919 INFO Written out 35500000 reads
2021-04-14 12:18:12,646 INFO Written out 35600000 reads
2021-04-14 12:18:14,508 INFO Written out 35700000 reads
2021-04-14 12:18:29,075 INFO Written out 35800000 reads
2021-04-14 12:18:29,758 INFO Parsed 42000000 input reads
2021-04-14 12:18:43,312 INFO Written out 35900000 reads
2021-04-14 12:18:55,512 INFO Written out 36000000 reads
2021-04-14 12:19:12,371 INFO Written out 36100000 reads
2021-04-14 12:19:22,244 INFO Written out 36200000 reads
2021-04-14 12:19:39,525 INFO Written out 36300000 reads
2021-04-14 12:19:54,393 INFO Written out 36400000 reads
2021-04-14 12:20:16,973 INFO Written out 36500000 reads
2021-04-14 12:20:19,306 INFO Written out 36600000 reads
2021-04-14 12:20:34,071 INFO Parsed 43000000 input reads
2021-04-14 12:20:34,293 INFO Written out 36700000 reads
2021-04-14 12:20:51,958 INFO Written out 36800000 reads
2021-04-14 12:21:30,065 INFO Written out 36900000 reads
2021-04-14 12:21:44,340 INFO Written out 37000000 reads
2021-04-14 12:22:01,062 INFO Written out 37100000 reads
2021-04-14 12:22:15,445 INFO Written out 37200000 reads
2021-04-14 12:22:29,980 INFO Written out 37300000 reads
2021-04-14 12:22:44,361 INFO Written out 37400000 reads
2021-04-14 12:23:06,398 INFO Written out 37500000 reads
2021-04-14 12:23:07,201 INFO Parsed 44000000 input reads
2021-04-14 12:23:15,994 INFO Written out 37600000 reads
2021-04-14 12:23:33,259 INFO Written out 37700000 reads
2021-04-14 12:23:45,197 INFO Written out 37800000 reads
2021-04-14 12:23:59,561 INFO Written out 37900000 reads
2021-04-14 12:24:14,152 INFO Written out 38000000 reads
2021-04-14 12:24:31,135 INFO Written out 38100000 reads
2021-04-14 12:24:45,595 INFO Written out 38200000 reads
2021-04-14 12:25:00,427 INFO Written out 38300000 reads
2021-04-14 12:25:15,327 INFO Written out 38400000 reads
2021-04-14 12:25:15,340 INFO Parsed 45000000 input reads
2021-04-14 12:25:32,589 INFO Written out 38500000 reads
2021-04-14 12:25:52,464 INFO Written out 38600000 reads
2021-04-14 12:26:02,157 INFO Written out 38700000 reads
2021-04-14 12:26:17,027 INFO Written out 38800000 reads
2021-04-14 12:26:34,583 INFO Written out 38900000 reads
2021-04-14 12:26:49,628 INFO Written out 39000000 reads
2021-04-14 12:27:04,987 INFO Written out 39100000 reads
2021-04-14 12:27:22,811 INFO Written out 39200000 reads
2021-04-14 12:27:40,181 INFO Parsed 46000000 input reads
2021-04-14 12:27:40,988 INFO Written out 39300000 reads
2021-04-14 12:27:45,856 INFO Written out 39400000 reads
2021-04-14 12:28:03,787 INFO Written out 39500000 reads
2021-04-14 12:28:19,376 INFO Written out 39600000 reads
2021-04-14 12:28:43,130 INFO Written out 39700000 reads
2021-04-14 12:28:53,624 INFO Written out 39800000 reads
2021-04-14 12:29:12,099 INFO Written out 39900000 reads
2021-04-14 12:29:52,331 INFO Written out 40000000 reads
2021-04-14 12:30:09,912 INFO Written out 40100000 reads
2021-04-14 12:30:10,012 INFO Parsed 47000000 input reads
2021-04-14 12:30:27,653 INFO Written out 40200000 reads
2021-04-14 12:30:45,564 INFO Written out 40300000 reads
2021-04-14 12:31:00,949 INFO Written out 40400000 reads
2021-04-14 12:31:16,488 INFO Written out 40500000 reads
2021-04-14 12:31:32,047 INFO Written out 40600000 reads
2021-04-14 12:31:49,990 INFO Written out 40700000 reads
2021-04-14 12:32:08,252 INFO Written out 40800000 reads
2021-04-14 12:32:21,400 INFO Written out 40900000 reads
2021-04-14 12:32:33,290 INFO Parsed 48000000 input reads
2021-04-14 12:32:45,005 INFO Written out 41000000 reads
2021-04-14 12:32:57,944 INFO Written out 41100000 reads
2021-04-14 12:33:16,381 INFO Written out 41200000 reads
2021-04-14 12:33:32,343 INFO Written out 41300000 reads
2021-04-14 12:33:48,407 INFO Written out 41400000 reads
2021-04-14 12:34:04,483 INFO Written out 41500000 reads
2021-04-14 12:34:23,236 INFO Written out 41600000 reads
2021-04-14 12:34:39,763 INFO Written out 41700000 reads
2021-04-14 12:35:00,126 INFO Written out 41800000 reads
2021-04-14 12:35:00,631 INFO Parsed 49000000 input reads
2021-04-14 12:35:35,569 INFO Written out 41900000 reads
2021-04-14 12:35:51,985 INFO Written out 42000000 reads
2021-04-14 12:36:10,961 INFO Written out 42100000 reads
2021-04-14 12:36:30,053 INFO Written out 42200000 reads
2021-04-14 12:36:49,711 INFO Written out 42300000 reads
2021-04-14 12:37:06,409 INFO Written out 42400000 reads
2021-04-14 12:37:23,528 INFO Written out 42500000 reads
2021-04-14 12:37:43,478 INFO Written out 42600000 reads
2021-04-14 12:37:56,789 INFO Parsed 50000000 input reads
2021-04-14 12:38:03,266 INFO Written out 42700000 reads
2021-04-14 12:38:20,104 INFO Written out 42800000 reads
2021-04-14 12:38:39,825 INFO Written out 42900000 reads
2021-04-14 12:38:57,197 INFO Written out 43000000 reads
2021-04-14 12:39:14,640 INFO Written out 43100000 reads
2021-04-14 12:39:32,012 INFO Written out 43200000 reads
2021-04-14 12:39:52,243 INFO Written out 43300000 reads
2021-04-14 12:40:09,547 INFO Written out 43400000 reads
2021-04-14 12:40:29,852 INFO Written out 43500000 reads
2021-04-14 12:40:33,482 INFO Parsed 51000000 input reads
2021-04-14 12:40:56,586 INFO Written out 43600000 reads
2021-04-14 12:41:17,565 INFO Written out 43700000 reads
2021-04-14 12:41:25,980 INFO Written out 43800000 reads
2021-04-14 12:41:43,906 INFO Written out 43900000 reads
2021-04-14 12:42:04,826 INFO Written out 44000000 reads
2021-04-14 12:42:36,456 INFO Written out 44100000 reads
2021-04-14 12:42:38,487 INFO Written out 44200000 reads
2021-04-14 12:42:46,913 INFO Written out 44300000 reads
2021-04-14 12:42:58,146 INFO Parsed 52000000 input reads
2021-04-14 12:43:01,897 INFO Written out 44400000 reads
2021-04-14 12:43:20,215 INFO Written out 44500000 reads
2021-04-14 12:43:41,869 INFO Written out 44600000 reads
2021-04-14 12:44:06,872 INFO Written out 44700000 reads
2021-04-14 12:44:12,153 INFO Written out 44800000 reads
2021-04-14 12:45:00,053 INFO Written out 44900000 reads
2021-04-14 12:45:20,929 INFO Written out 45000000 reads
2021-04-14 12:45:38,725 INFO Written out 45100000 reads
2021-04-14 12:45:56,419 INFO Written out 45200000 reads
2021-04-14 12:46:03,327 INFO Parsed 53000000 input reads
2021-04-14 12:46:17,137 INFO Written out 45300000 reads
2021-04-14 12:46:35,016 INFO Written out 45400000 reads
2021-04-14 12:46:52,754 INFO Written out 45500000 reads
2021-04-14 12:47:10,790 INFO Written out 45600000 reads
2021-04-14 12:47:28,808 INFO Written out 45700000 reads
2021-04-14 12:47:49,742 INFO Written out 45800000 reads
2021-04-14 12:48:07,765 INFO Written out 45900000 reads
2021-04-14 12:48:26,014 INFO Written out 46000000 reads
2021-04-14 12:48:43,730 INFO Parsed 54000000 input reads
2021-04-14 12:48:47,156 INFO Written out 46100000 reads
2021-04-14 12:49:05,674 INFO Written out 46200000 reads
2021-04-14 12:49:27,237 INFO Written out 46300000 reads
2021-04-14 12:49:48,932 INFO Written out 46400000 reads
2021-04-14 12:50:04,048 INFO Written out 46500000 reads
2021-04-14 12:50:25,648 INFO Written out 46600000 reads
2021-04-14 12:51:00,568 INFO Written out 46700000 reads
2021-04-14 12:51:18,674 INFO Written out 46800000 reads
2021-04-14 12:51:40,419 INFO Written out 46900000 reads
2021-04-14 12:51:47,641 INFO Parsed 55000000 input reads
2021-04-14 12:52:01,590 INFO Written out 47000000 reads
2021-04-14 12:52:16,792 INFO Written out 47100000 reads
2021-04-14 12:52:37,988 INFO Written out 47200000 reads
2021-04-14 12:52:56,291 INFO Written out 47300000 reads
2021-04-14 12:53:17,960 INFO Written out 47400000 reads
2021-04-14 12:53:40,127 INFO Written out 47500000 reads
2021-04-14 12:53:52,113 INFO Written out 47600000 reads
2021-04-14 12:54:10,813 INFO Written out 47700000 reads
2021-04-14 12:54:29,385 INFO Parsed 56000000 input reads
2021-04-14 12:54:32,590 INFO Written out 47800000 reads
2021-04-14 12:54:51,263 INFO Written out 47900000 reads
2021-04-14 12:55:10,325 INFO Written out 48000000 reads
2021-04-14 12:55:29,262 INFO Written out 48100000 reads
2021-04-14 12:55:51,495 INFO Written out 48200000 reads
2021-04-14 12:56:10,510 INFO Written out 48300000 reads
2021-04-14 12:56:29,608 INFO Written out 48400000 reads
2021-04-14 12:56:51,883 INFO Written out 48500000 reads
2021-04-14 12:57:14,289 INFO Written out 48600000 reads
2021-04-14 12:57:22,506 INFO Parsed 57000000 input reads
2021-04-14 12:57:36,999 INFO Written out 48700000 reads
2021-04-14 12:58:00,026 INFO Written out 48800000 reads
2021-04-14 12:58:26,053 INFO Written out 48900000 reads
2021-04-14 12:58:47,535 INFO Written out 49000000 reads
2021-04-14 12:59:06,254 INFO Written out 49100000 reads
2021-04-14 12:59:28,155 INFO Written out 49200000 reads
2021-04-14 12:59:50,336 INFO Written out 49300000 reads
2021-04-14 13:00:09,247 INFO Written out 49400000 reads
2021-04-14 13:00:34,188 INFO Written out 49500000 reads
2021-04-14 13:00:34,273 INFO Parsed 58000000 input reads
2021-04-14 13:00:49,523 INFO Written out 49600000 reads
2021-04-14 13:01:08,009 INFO Written out 49700000 reads
2021-04-14 13:01:29,430 INFO Written out 49800000 reads
2021-04-14 13:01:47,628 INFO Written out 49900000 reads
2021-04-14 13:02:05,830 INFO Written out 50000000 reads
2021-04-14 13:02:27,061 INFO Written out 50100000 reads
2021-04-14 13:02:51,794 INFO Written out 50200000 reads
2021-04-14 13:03:06,992 INFO Written out 50300000 reads
2021-04-14 13:03:21,105 INFO Parsed 59000000 input reads
2021-04-14 13:03:28,372 INFO Written out 50400000 reads
2021-04-14 13:03:46,867 INFO Written out 50500000 reads
2021-04-14 13:04:05,645 INFO Written out 50600000 reads
2021-04-14 13:04:24,391 INFO Written out 50700000 reads
2021-04-14 13:04:46,179 INFO Written out 50800000 reads
2021-04-14 13:05:04,968 INFO Written out 50900000 reads
2021-04-14 13:05:33,602 INFO Written out 51000000 reads
2021-04-14 13:05:52,687 INFO Written out 51100000 reads
2021-04-14 13:06:11,605 INFO Written out 51200000 reads
2021-04-14 13:06:15,259 INFO Parsed 60000000 input reads
2021-04-14 13:06:33,700 INFO Written out 51300000 reads
2021-04-14 13:06:55,947 INFO Written out 51400000 reads
2021-04-14 13:07:18,378 INFO Written out 51500000 reads
2021-04-14 13:07:37,610 INFO Written out 51600000 reads
2021-04-14 13:08:00,294 INFO Written out 51700000 reads
2021-04-14 13:08:23,307 INFO Written out 51800000 reads
2021-04-14 13:08:54,517 INFO Written out 51900000 reads
2021-04-14 13:08:56,359 INFO Written out 52000000 reads
2021-04-14 13:09:01,675 INFO Parsed 61000000 input reads
2021-04-14 13:09:09,348 INFO Written out 52100000 reads
2021-04-14 13:09:32,810 INFO Written out 52200000 reads
2021-04-14 13:09:52,828 INFO Written out 52300000 reads
2021-04-14 13:10:16,693 INFO Written out 52400000 reads
2021-04-14 13:10:33,208 INFO Written out 52500000 reads
2021-04-14 13:10:56,723 INFO Written out 52600000 reads
2021-04-14 13:11:16,801 INFO Written out 52700000 reads
2021-04-14 13:11:37,112 INFO Written out 52800000 reads
2021-04-14 13:12:00,961 INFO Written out 52900000 reads
2021-04-14 13:12:05,259 INFO Parsed 62000000 input reads
2021-04-14 13:12:36,180 INFO Written out 53000000 reads
2021-04-14 13:13:20,010 INFO Written out 53100000 reads
2021-04-14 13:13:43,248 INFO Written out 53200000 reads
2021-04-14 13:14:06,280 INFO Written out 53300000 reads
2021-04-14 13:14:25,983 INFO Written out 53400000 reads
2021-04-14 13:14:48,972 INFO Written out 53500000 reads
2021-04-14 13:15:08,728 INFO Written out 53600000 reads
2021-04-14 13:15:31,836 INFO Written out 53700000 reads
2021-04-14 13:15:47,751 INFO Parsed 63000000 input reads
2021-04-14 13:15:51,917 INFO Written out 53800000 reads
2021-04-14 13:16:15,828 INFO Written out 53900000 reads
2021-04-14 13:16:39,813 INFO Written out 54000000 reads
2021-04-14 13:17:04,873 INFO Written out 54100000 reads
2021-04-14 13:17:26,071 INFO Written out 54200000 reads
2021-04-14 13:17:50,228 INFO Written out 54300000 reads
2021-04-14 13:18:10,987 INFO Written out 54400000 reads
2021-04-14 13:18:35,348 INFO Written out 54500000 reads
2021-04-14 13:18:56,128 INFO Written out 54600000 reads
2021-04-14 13:19:04,255 INFO Parsed 64000000 input reads
2021-04-14 13:19:21,163 INFO Written out 54700000 reads
2021-04-14 13:19:39,154 INFO Written out 54800000 reads
2021-04-14 13:19:54,221 INFO Written out 54900000 reads
2021-04-14 13:20:16,360 INFO Written out 55000000 reads
2021-04-14 13:20:33,534 INFO Written out 55100000 reads
2021-04-14 13:20:50,834 INFO Written out 55200000 reads
2021-04-14 13:21:08,049 INFO Written out 55300000 reads
2021-04-14 13:21:28,477 INFO Written out 55400000 reads
2021-04-14 13:22:28,524 INFO Parsed 65000000 input reads
2021-04-14 13:22:28,821 INFO Written out 55500000 reads
2021-04-14 13:22:30,867 INFO Written out 55600000 reads
2021-04-14 13:22:32,863 INFO Written out 55700000 reads
2021-04-14 13:22:46,289 INFO Written out 55800000 reads
2021-04-14 13:23:06,634 INFO Written out 55900000 reads
2021-04-14 13:23:27,257 INFO Written out 56000000 reads
2021-04-14 13:23:47,935 INFO Written out 56100000 reads
2021-04-14 13:24:12,081 INFO Written out 56200000 reads
2021-04-14 13:24:35,789 INFO Written out 56300000 reads
2021-04-14 13:24:43,698 INFO Parsed 66000000 input reads
2021-04-14 13:24:56,143 INFO Written out 56400000 reads
2021-04-14 13:25:20,292 INFO Written out 56500000 reads
2021-04-14 13:25:41,440 INFO Written out 56600000 reads
2021-04-14 13:26:09,071 INFO Written out 56700000 reads
2021-04-14 13:26:25,855 INFO Written out 56800000 reads
2021-04-14 13:26:46,496 INFO Written out 56900000 reads
2021-04-14 13:27:11,034 INFO Written out 57000000 reads
2021-04-14 13:27:32,150 INFO Written out 57100000 reads
2021-04-14 13:27:56,363 INFO Parsed 67000000 input reads
2021-04-14 13:27:56,769 INFO Written out 57200000 reads
2021-04-14 13:28:21,649 INFO Written out 57300000 reads
2021-04-14 13:28:42,913 INFO Written out 57400000 reads
2021-04-14 13:29:08,104 INFO Written out 57500000 reads
2021-04-14 13:29:37,052 INFO Written out 57600000 reads
2021-04-14 13:29:54,797 INFO Written out 57700000 reads
2021-04-14 13:30:20,702 INFO Written out 57800000 reads
2021-04-14 13:30:23,891 INFO Written out 57900000 reads
2021-04-14 13:30:45,484 INFO Written out 58000000 reads
2021-04-14 13:30:54,121 INFO Parsed 68000000 input reads
2021-04-14 13:31:14,457 INFO Written out 58100000 reads
2021-04-14 13:31:32,283 INFO Written out 58200000 reads
2021-04-14 13:31:54,845 INFO Written out 58300000 reads
2021-04-14 13:32:21,083 INFO Written out 58400000 reads
2021-04-14 13:32:44,541 INFO Written out 58500000 reads
2021-04-14 13:33:11,519 INFO Written out 58600000 reads
2021-04-14 13:33:38,806 INFO Written out 58700000 reads
2021-04-14 13:33:57,992 INFO Written out 58800000 reads
2021-04-14 13:34:21,012 INFO Parsed 69000000 input reads
2021-04-14 13:34:25,286 INFO Written out 58900000 reads
2021-04-14 13:34:48,618 INFO Written out 59000000 reads
2021-04-14 13:35:15,934 INFO Written out 59100000 reads
2021-04-14 13:35:43,610 INFO Written out 59200000 reads
2021-04-14 13:36:07,267 INFO Written out 59300000 reads
2021-04-14 13:36:34,968 INFO Written out 59400000 reads
2021-04-14 13:37:33,210 INFO Written out 59500000 reads
2021-04-14 13:37:59,350 INFO Written out 59600000 reads
2021-04-14 13:38:21,474 INFO Written out 59700000 reads
2021-04-14 13:38:30,663 INFO Parsed 70000000 input reads
2021-04-14 13:38:43,951 INFO Written out 59800000 reads
2021-04-14 13:39:06,204 INFO Written out 59900000 reads
2021-04-14 13:39:36,836 INFO Written out 60000000 reads
2021-04-14 13:39:55,093 INFO Written out 60100000 reads
2021-04-14 13:40:21,586 INFO Written out 60200000 reads
2021-04-14 13:40:44,644 INFO Written out 60300000 reads
2021-04-14 13:41:07,122 INFO Written out 60400000 reads
2021-04-14 13:41:29,908 INFO Written out 60500000 reads
2021-04-14 13:41:56,549 INFO Parsed 71000000 input reads
2021-04-14 13:41:56,551 INFO Written out 60600000 reads
2021-04-14 13:42:23,400 INFO Written out 60700000 reads
2021-04-14 13:42:46,439 INFO Written out 60800000 reads
2021-04-14 13:43:13,258 INFO Written out 60900000 reads
2021-04-14 13:43:35,791 INFO Written out 61000000 reads
2021-04-14 13:43:58,433 INFO Written out 61100000 reads
2021-04-14 13:44:21,000 INFO Written out 61200000 reads
2021-04-14 13:44:47,610 INFO Written out 61300000 reads
2021-04-14 13:45:14,407 INFO Written out 61400000 reads
2021-04-14 13:45:27,967 INFO Parsed 72000000 input reads
2021-04-14 13:45:38,461 INFO Written out 61500000 reads
2021-04-14 13:46:05,279 INFO Written out 61600000 reads
2021-04-14 13:46:28,291 INFO Written out 61700000 reads
2021-04-14 13:46:55,228 INFO Written out 61800000 reads
2021-04-14 13:47:18,294 INFO Written out 61900000 reads
2021-04-14 13:47:45,261 INFO Written out 62000000 reads
2021-04-14 13:48:04,663 INFO Written out 62100000 reads
2021-04-14 13:48:31,857 INFO Written out 62200000 reads
2021-04-14 13:48:55,355 INFO Written out 62300000 reads
2021-04-14 13:48:55,792 INFO Parsed 73000000 input reads
2021-04-14 13:49:18,725 INFO Written out 62400000 reads
2021-04-14 13:49:47,029 INFO Written out 62500000 reads
2021-04-14 13:50:35,552 INFO Written out 62600000 reads
2021-04-14 13:50:59,354 INFO Written out 62700000 reads
2021-04-14 13:51:21,815 INFO Written out 62800000 reads
2021-04-14 13:51:44,534 INFO Written out 62900000 reads
2021-04-14 13:52:11,043 INFO Written out 63000000 reads
2021-04-14 13:52:33,958 INFO Written out 63100000 reads
2021-04-14 13:52:43,701 INFO Parsed 74000000 input reads
2021-04-14 13:52:52,847 INFO Written out 63200000 reads
2021-04-14 13:53:19,599 INFO Written out 63300000 reads
2021-04-14 13:53:46,124 INFO Written out 63400000 reads
2021-04-14 13:54:08,924 INFO Written out 63500000 reads
2021-04-14 13:54:36,659 INFO Written out 63600000 reads
2021-04-14 13:55:03,671 INFO Written out 63700000 reads
2021-04-14 13:55:26,424 INFO Written out 63800000 reads
2021-04-14 13:55:45,673 INFO Written out 63900000 reads
2021-04-14 13:56:12,990 INFO Written out 64000000 reads
2021-04-14 13:56:17,521 INFO Parsed 75000000 input reads
2021-04-14 13:56:35,962 INFO Written out 64100000 reads
2021-04-14 13:57:02,475 INFO Written out 64200000 reads
2021-04-14 13:57:28,990 INFO Written out 64300000 reads
2021-04-14 13:57:51,853 INFO Written out 64400000 reads
2021-04-14 13:58:18,276 INFO Written out 64500000 reads
2021-04-14 13:58:41,309 INFO Written out 64600000 reads
2021-04-14 13:59:08,371 INFO Written out 64700000 reads
2021-04-14 13:59:31,435 INFO Written out 64800000 reads
2021-04-14 13:59:50,019 INFO Parsed 76000000 input reads
2021-04-14 13:59:54,839 INFO Written out 64900000 reads
2021-04-14 14:00:21,961 INFO Written out 65000000 reads
2021-04-14 14:00:49,358 INFO Written out 65100000 reads
2021-04-14 14:01:12,743 INFO Written out 65200000 reads
2021-04-14 14:01:40,196 INFO Written out 65300000 reads
2021-04-14 14:02:04,057 INFO Written out 65400000 reads
2021-04-14 14:02:27,906 INFO Written out 65500000 reads
2021-04-14 14:02:55,947 INFO Written out 65600000 reads
2021-04-14 14:03:19,828 INFO Written out 65700000 reads
2021-04-14 14:03:33,343 INFO Parsed 77000000 input reads
2021-04-14 14:03:47,827 INFO Written out 65800000 reads
2021-04-14 14:04:11,581 INFO Written out 65900000 reads
2021-04-14 14:05:05,086 INFO Written out 66000000 reads
2021-04-14 14:05:28,096 INFO Written out 66100000 reads
2021-04-14 14:05:54,978 INFO Written out 66200000 reads
2021-04-14 14:06:26,079 INFO Written out 66300000 reads
2021-04-14 14:06:44,734 INFO Written out 66400000 reads
2021-04-14 14:07:11,773 INFO Written out 66500000 reads
2021-04-14 14:07:30,476 INFO Parsed 78000000 input reads
2021-04-14 14:07:30,988 INFO Written out 66600000 reads
2021-04-14 14:07:57,971 INFO Written out 66700000 reads
2021-04-14 14:08:21,200 INFO Written out 66800000 reads
2021-04-14 14:08:48,521 INFO Written out 66900000 reads
2021-04-14 14:09:11,990 INFO Written out 67000000 reads
2021-04-14 14:09:39,618 INFO Written out 67100000 reads
2021-04-14 14:10:07,250 INFO Written out 67200000 reads
2021-04-14 14:10:30,892 INFO Written out 67300000 reads
2021-04-14 14:11:02,848 INFO Written out 67400000 reads
2021-04-14 14:11:12,423 INFO Parsed 79000000 input reads
2021-04-14 14:11:26,628 INFO Written out 67500000 reads
2021-04-14 14:11:54,459 INFO Written out 67600000 reads
2021-04-14 14:12:14,292 INFO Written out 67700000 reads
2021-04-14 14:12:42,116 INFO Written out 67800000 reads
2021-04-14 14:13:06,115 INFO Written out 67900000 reads
2021-04-14 14:13:30,169 INFO Written out 68000000 reads
2021-04-14 14:13:58,362 INFO Written out 68100000 reads
2021-04-14 14:14:26,804 INFO Written out 68200000 reads
2021-04-14 14:14:55,157 INFO Parsed 80000000 input reads
2021-04-14 14:14:55,245 INFO Written out 68300000 reads
2021-04-14 14:15:10,690 INFO Written out 68400000 reads
2021-04-14 14:15:34,943 INFO Written out 68500000 reads
2021-04-14 14:15:59,284 INFO Written out 68600000 reads
2021-04-14 14:16:27,855 INFO Written out 68700000 reads
2021-04-14 14:17:00,961 INFO Written out 68800000 reads
2021-04-14 14:17:46,818 INFO Written out 68900000 reads
2021-04-14 14:18:10,270 INFO Written out 69000000 reads
2021-04-14 14:18:38,044 INFO Written out 69100000 reads
2021-04-14 14:18:47,822 INFO Parsed 81000000 input reads
2021-04-14 14:19:01,785 INFO Written out 69200000 reads
2021-04-14 14:19:25,603 INFO Written out 69300000 reads
2021-04-14 14:19:53,644 INFO Written out 69400000 reads
2021-04-14 14:20:17,581 INFO Written out 69500000 reads
2021-04-14 14:20:41,647 INFO Written out 69600000 reads
2021-04-14 14:21:09,782 INFO Written out 69700000 reads
2021-04-14 14:21:38,150 INFO Written out 69800000 reads
2021-04-14 14:22:01,769 INFO Written out 69900000 reads
2021-04-14 14:22:29,670 INFO Written out 70000000 reads
2021-04-14 14:22:34,130 INFO Parsed 82000000 input reads
2021-04-14 14:22:57,560 INFO Written out 70100000 reads
2021-04-14 14:23:25,157 INFO Written out 70200000 reads
2021-04-14 14:23:52,460 INFO Written out 70300000 reads
2021-04-14 14:24:11,414 INFO Written out 70400000 reads
2021-04-14 14:24:34,602 INFO Written out 70500000 reads
2021-04-14 14:24:57,973 INFO Written out 70600000 reads
2021-04-14 14:25:25,522 INFO Written out 70700000 reads
2021-04-14 14:25:48,981 INFO Written out 70800000 reads
2021-04-14 14:26:07,223 INFO Parsed 83000000 input reads
2021-04-14 14:26:16,756 INFO Written out 70900000 reads
2021-04-14 14:26:40,366 INFO Written out 71000000 reads
2021-04-14 14:27:04,008 INFO Written out 71100000 reads
2021-04-14 14:29:39,195 INFO Written out 71200000 reads
2021-04-14 14:29:41,353 INFO Written out 71300000 reads
2021-04-14 14:29:43,346 INFO Written out 71400000 reads
2021-04-14 14:29:45,077 INFO Written out 71500000 reads
2021-04-14 14:29:46,984 INFO Written out 71600000 reads
2021-04-14 14:29:48,761 INFO Written out 71700000 reads
2021-04-14 14:29:48,997 INFO Parsed 84000000 input reads
2021-04-14 14:29:50,478 INFO Written out 71800000 reads
2021-04-14 14:29:53,429 INFO Written out 71900000 reads
2021-04-14 14:29:55,460 INFO Written out 72000000 reads
2021-04-14 14:29:57,774 INFO Written out 72100000 reads
2021-04-14 14:30:00,345 INFO Written out 72200000 reads
2021-04-14 14:30:05,325 INFO Written out 72300000 reads
2021-04-14 14:30:08,839 INFO Written out 72400000 reads
2021-04-14 14:30:12,370 INFO Written out 72500000 reads
2021-04-14 14:30:14,582 INFO Parsed 85000000 input reads
2021-04-14 14:30:18,839 INFO Written out 72600000 reads
2021-04-14 14:30:21,859 INFO Written out 72700000 reads
2021-04-14 14:30:25,866 INFO Written out 72800000 reads
2021-04-14 14:30:29,280 INFO Written out 72900000 reads
2021-04-14 14:30:34,116 INFO Written out 73000000 reads
2021-04-14 14:30:37,228 INFO Written out 73100000 reads
2021-04-14 14:30:39,553 INFO Written out 73200000 reads
2021-04-14 14:30:42,496 INFO Written out 73300000 reads
2021-04-14 14:30:45,020 INFO Parsed 86000000 input reads
2021-04-14 14:30:45,552 INFO Written out 73400000 reads
2021-04-14 14:30:48,002 INFO Written out 73500000 reads
2021-04-14 14:30:50,484 INFO Written out 73600000 reads
2021-04-14 14:30:53,519 INFO Written out 73700000 reads
2021-04-14 14:30:55,989 INFO Written out 73800000 reads
2021-04-14 14:30:59,428 INFO Written out 73900000 reads
2021-04-14 14:31:03,576 INFO Written out 74000000 reads
2021-04-14 14:31:06,211 INFO Written out 74100000 reads
2021-04-14 14:31:09,472 INFO Written out 74200000 reads
2021-04-14 14:31:09,863 INFO Parsed 87000000 input reads
2021-04-14 14:31:11,205 INFO Written out 74300000 reads
2021-04-14 14:31:13,284 INFO Written out 74400000 reads
2021-04-14 14:31:15,140 INFO Written out 74500000 reads
2021-04-14 14:31:16,842 INFO Written out 74600000 reads
2021-04-14 14:31:18,506 INFO Written out 74700000 reads
2021-04-14 14:31:21,220 INFO Written out 74800000 reads
2021-04-14 14:31:23,066 INFO Written out 74900000 reads
2021-04-14 14:31:24,896 INFO Written out 75000000 reads
2021-04-14 14:31:51,364 INFO Parsed 88000000 input reads
2021-04-14 14:31:52,298 INFO Written out 75100000 reads
2021-04-14 14:31:56,466 INFO Written out 75200000 reads
2021-04-14 14:32:00,354 INFO Written out 75300000 reads
2021-04-14 14:32:26,701 INFO Written out 75400000 reads
2021-04-14 14:32:51,944 INFO Written out 75500000 reads
2021-04-14 14:33:26,386 INFO Written out 75600000 reads
2021-04-14 14:33:43,118 INFO Written out 75700000 reads
2021-04-14 14:34:09,242 INFO Written out 75800000 reads
2021-04-14 14:34:36,318 INFO Searching for mates for 0 unmatched alignments
2021-04-14 14:38:13,315 INFO 0 mates never found
2021-04-14 14:52:52,269 INFO Reads: Input Reads: 88971888, Read pairs: 88971888, Read 2 unmapped: 5055
2021-04-14 14:52:52,271 INFO Number of reads out: 75897917
2021-04-14 14:52:52,271 INFO Total number of positions deduplicated: 62165799
2021-04-14 14:52:52,271 INFO Mean number of unique UMIs per position: 1.23
2021-04-14 14:52:52,271 INFO Max. number of unique UMIs per position: 3568
# job finished in 13821 seconds at Wed Apr 14 14:52:52 2021 -- 13527.52 209.05  0.00  0.00 -- eaacefa9-74d3-4d5a-a5e9-befe36637ad5
