# UMI-tools version: 1.1.1
# output generated by dedup -I 03_alignedData/bam/2_KB_A11Aligned.sortedByCoord.out.bam -L 04_dedupUmis/log/2_KB_A11.log -S 04_dedupUmis/bam/2_KB_A11.bam --umi-separator=: --temp-dir=. --paired --output-stats=04_dedupUmis/log/2_KB_A11
# job started at Wed Apr 14 11:02:30 2021 on r5-n43 -- 00999bb1-9a57-480f-ada0-69baabb5623b
# pid: 132034, system: Linux 3.10.0-1062.9.1.el7.x86_64 #1 SMP Mon Dec 2 08:31:54 EST 2019 x86_64
# assigned_tag                            : None
# cell_tag                                : None
# cell_tag_delim                          : None
# cell_tag_split                          : -
# chimeric_pairs                          : use
# chrom                                   : None
# compresslevel                           : 6
# detection_method                        : None
# filter_umi                              : None
# gene_tag                                : None
# gene_transcript_map                     : None
# get_umi_method                          : read_id
# ignore_tlen                             : False
# ignore_umi                              : False
# in_sam                                  : False
# log2stderr                              : False
# loglevel                                : 1
# mapping_quality                         : 0
# method                                  : directional
# no_sort_output                          : False
# out_sam                                 : False
# output_unmapped                         : False
# paired                                  : True
# per_cell                                : False
# per_contig                              : False
# per_gene                                : False
# random_seed                             : None
# read_length                             : False
# short_help                              : None
# skip_regex                              : ^(__|Unassigned)
# soft_clip_threshold                     : 4
# spliced                                 : False
# stats                                   : 04_dedupUmis/log/2_KB_A11
# stderr                                  : <_io.TextIOWrapper name='<stderr>' mode='w' encoding='UTF-8'>
# stdin                                   : <_io.TextIOWrapper name='03_alignedData/bam/2_KB_A11Aligned.sortedByCoord.out.bam' mode='r' encoding='UTF-8'>
# stdlog                                  : <_io.TextIOWrapper name='04_dedupUmis/log/2_KB_A11.log' mode='a' encoding='UTF-8'>
# stdout                                  : <_io.TextIOWrapper name='04_dedupUmis/bam/2_KB_A11.bam' mode='w' encoding='UTF-8'>
# subset                                  : None
# threshold                               : 1
# timeit_file                             : None
# timeit_header                           : None
# timeit_name                             : all
# tmpdir                                  : .
# umi_sep                                 : :
# umi_tag                                 : RX
# umi_tag_delim                           : None
# umi_tag_split                           : None
# umi_whitelist                           : None
# umi_whitelist_paired                    : None
# unmapped_reads                          : discard
# unpaired_reads                          : use
# whole_contig                            : False
2021-04-14 11:02:30,679 WARNING Chimeric read pairs are being used. Some read pair UMIs may be grouped/deduplicated using just the mapping coordinates from read1.This may also increase the run time and memory usage. Consider --chimeric-pairs==discard to discard these reads or --chimeric-pairs==output (group command only) to output them without grouping
2021-04-14 11:02:30,679 WARNING Unpaired read pairs are being used. Some read pair UMIs may be grouped/deduplicated using just the mapping coordinates from read1.This may also increase the run time and memory usage. Consider --unpared-reads==discard to discard these reads or --unpared-reads==output (group command only) to output them without grouping
2021-04-14 11:02:30,680 INFO command: dedup -I 03_alignedData/bam/2_KB_A11Aligned.sortedByCoord.out.bam -L 04_dedupUmis/log/2_KB_A11.log -S 04_dedupUmis/bam/2_KB_A11.bam --umi-separator=: --temp-dir=. --paired --output-stats=04_dedupUmis/log/2_KB_A11
2021-04-14 11:07:05,370 INFO total_umis 79615550
2021-04-14 11:07:05,371 INFO #umis 66108
2021-04-14 11:10:44,952 INFO Written out 100000 reads
2021-04-14 11:10:49,440 INFO Written out 200000 reads
2021-04-14 11:10:54,067 INFO Written out 300000 reads
2021-04-14 11:10:58,873 INFO Written out 400000 reads
2021-04-14 11:11:03,564 INFO Written out 500000 reads
2021-04-14 11:11:08,102 INFO Written out 600000 reads
2021-04-14 11:11:12,917 INFO Written out 700000 reads
2021-04-14 11:11:17,923 INFO Written out 800000 reads
2021-04-14 11:11:19,535 INFO Parsed 1000000 input reads
2021-04-14 11:11:23,157 INFO Written out 900000 reads
2021-04-14 11:11:28,061 INFO Written out 1000000 reads
2021-04-14 11:11:33,403 INFO Written out 1100000 reads
2021-04-14 11:11:38,221 INFO Written out 1200000 reads
2021-04-14 11:11:43,736 INFO Written out 1300000 reads
2021-04-14 11:11:48,815 INFO Written out 1400000 reads
2021-04-14 11:11:54,253 INFO Written out 1500000 reads
2021-04-14 11:12:00,036 INFO Written out 1600000 reads
2021-04-14 11:12:03,030 INFO Parsed 2000000 input reads
2021-04-14 11:12:05,199 INFO Written out 1700000 reads
2021-04-14 11:12:11,228 INFO Written out 1800000 reads
2021-04-14 11:12:16,923 INFO Written out 1900000 reads
2021-04-14 11:12:23,038 INFO Written out 2000000 reads
2021-04-14 11:12:29,323 INFO Written out 2100000 reads
2021-04-14 11:12:35,179 INFO Written out 2200000 reads
2021-04-14 11:12:41,632 INFO Written out 2300000 reads
2021-04-14 11:12:47,683 INFO Written out 2400000 reads
2021-04-14 11:12:54,749 INFO Parsed 3000000 input reads
2021-04-14 11:12:54,947 INFO Written out 2500000 reads
2021-04-14 11:13:00,343 INFO Written out 2600000 reads
2021-04-14 11:13:27,223 INFO Written out 2700000 reads
2021-04-14 11:13:33,078 INFO Written out 2800000 reads
2021-04-14 11:13:38,452 INFO Written out 2900000 reads
2021-04-14 11:13:44,116 INFO Written out 3000000 reads
2021-04-14 11:13:50,199 INFO Written out 3100000 reads
2021-04-14 11:13:55,830 INFO Written out 3200000 reads
2021-04-14 11:14:01,610 INFO Written out 3300000 reads
2021-04-14 11:14:02,760 INFO Parsed 4000000 input reads
2021-04-14 11:14:07,885 INFO Written out 3400000 reads
2021-04-14 11:14:13,548 INFO Written out 3500000 reads
2021-04-14 11:14:19,888 INFO Written out 3600000 reads
2021-04-14 11:14:26,032 INFO Written out 3700000 reads
2021-04-14 11:14:32,074 INFO Written out 3800000 reads
2021-04-14 11:14:38,297 INFO Written out 3900000 reads
2021-04-14 11:14:44,323 INFO Written out 4000000 reads
2021-04-14 11:14:51,140 INFO Written out 4100000 reads
2021-04-14 11:14:54,169 INFO Parsed 5000000 input reads
2021-04-14 11:14:58,199 INFO Written out 4200000 reads
2021-04-14 11:15:04,003 INFO Written out 4300000 reads
2021-04-14 11:15:11,063 INFO Written out 4400000 reads
2021-04-14 11:15:18,138 INFO Written out 4500000 reads
2021-04-14 11:15:24,234 INFO Written out 4600000 reads
2021-04-14 11:15:30,992 INFO Written out 4700000 reads
2021-04-14 11:15:37,856 INFO Written out 4800000 reads
2021-04-14 11:15:47,264 INFO Written out 4900000 reads
2021-04-14 11:15:49,218 INFO Parsed 6000000 input reads
2021-04-14 11:15:52,471 INFO Written out 5000000 reads
2021-04-14 11:16:18,101 INFO Written out 5100000 reads
2021-04-14 11:16:25,866 INFO Written out 5200000 reads
2021-04-14 11:16:30,670 INFO Written out 5300000 reads
2021-04-14 11:16:37,103 INFO Written out 5400000 reads
2021-04-14 11:16:44,105 INFO Written out 5500000 reads
2021-04-14 11:16:50,714 INFO Written out 5600000 reads
2021-04-14 11:16:57,826 INFO Written out 5700000 reads
2021-04-14 11:17:04,736 INFO Written out 5800000 reads
2021-04-14 11:17:04,817 INFO Parsed 7000000 input reads
2021-04-14 11:17:11,636 INFO Written out 5900000 reads
2021-04-14 11:17:19,223 INFO Written out 6000000 reads
2021-04-14 11:17:27,101 INFO Written out 6100000 reads
2021-04-14 11:17:33,753 INFO Written out 6200000 reads
2021-04-14 11:17:41,408 INFO Written out 6300000 reads
2021-04-14 11:17:47,281 INFO Written out 6400000 reads
2021-04-14 11:17:55,156 INFO Written out 6500000 reads
2021-04-14 11:18:02,419 INFO Written out 6600000 reads
2021-04-14 11:18:04,990 INFO Parsed 8000000 input reads
2021-04-14 11:18:11,170 INFO Written out 6700000 reads
2021-04-14 11:18:17,602 INFO Written out 6800000 reads
2021-04-14 11:18:26,424 INFO Written out 6900000 reads
2021-04-14 11:18:33,774 INFO Written out 7000000 reads
2021-04-14 11:18:41,446 INFO Written out 7100000 reads
2021-04-14 11:18:48,998 INFO Written out 7200000 reads
2021-04-14 11:18:57,420 INFO Written out 7300000 reads
2021-04-14 11:19:23,590 INFO Written out 7400000 reads
2021-04-14 11:19:27,921 INFO Parsed 9000000 input reads
2021-04-14 11:19:30,440 INFO Written out 7500000 reads
2021-04-14 11:19:38,184 INFO Written out 7600000 reads
2021-04-14 11:19:45,761 INFO Written out 7700000 reads
2021-04-14 11:19:52,837 INFO Written out 7800000 reads
2021-04-14 11:20:00,083 INFO Written out 7900000 reads
2021-04-14 11:20:07,420 INFO Written out 8000000 reads
2021-04-14 11:20:15,380 INFO Written out 8100000 reads
2021-04-14 11:20:22,847 INFO Written out 8200000 reads
2021-04-14 11:20:29,765 INFO Parsed 10000000 input reads
2021-04-14 11:20:30,009 INFO Written out 8300000 reads
2021-04-14 11:20:38,524 INFO Written out 8400000 reads
2021-04-14 11:20:44,749 INFO Written out 8500000 reads
2021-04-14 11:20:53,144 INFO Written out 8600000 reads
2021-04-14 11:21:00,851 INFO Written out 8700000 reads
2021-04-14 11:21:08,635 INFO Written out 8800000 reads
2021-04-14 11:21:18,138 INFO Written out 8900000 reads
2021-04-14 11:21:25,241 INFO Written out 9000000 reads
2021-04-14 11:21:33,269 INFO Written out 9100000 reads
2021-04-14 11:21:35,091 INFO Parsed 11000000 input reads
2021-04-14 11:21:41,348 INFO Written out 9200000 reads
2021-04-14 11:22:05,372 INFO Written out 9300000 reads
2021-04-14 11:22:12,697 INFO Written out 9400000 reads
2021-04-14 11:22:21,946 INFO Written out 9500000 reads
2021-04-14 11:22:29,369 INFO Written out 9600000 reads
2021-04-14 11:22:37,249 INFO Written out 9700000 reads
2021-04-14 11:22:44,544 INFO Written out 9800000 reads
2021-04-14 11:22:51,707 INFO Written out 9900000 reads
2021-04-14 11:22:56,250 INFO Parsed 12000000 input reads
2021-04-14 11:23:00,500 INFO Written out 10000000 reads
2021-04-14 11:23:08,463 INFO Written out 10100000 reads
2021-04-14 11:23:16,410 INFO Written out 10200000 reads
2021-04-14 11:23:25,463 INFO Written out 10300000 reads
2021-04-14 11:23:34,454 INFO Written out 10400000 reads
2021-04-14 11:23:42,530 INFO Written out 10500000 reads
2021-04-14 11:23:51,863 INFO Written out 10600000 reads
2021-04-14 11:24:00,030 INFO Written out 10700000 reads
2021-04-14 11:24:07,601 INFO Parsed 13000000 input reads
2021-04-14 11:24:08,234 INFO Written out 10800000 reads
2021-04-14 11:24:17,444 INFO Written out 10900000 reads
2021-04-14 11:24:26,974 INFO Written out 11000000 reads
2021-04-14 11:24:35,740 INFO Written out 11100000 reads
2021-04-14 11:24:45,176 INFO Written out 11200000 reads
2021-04-14 11:24:53,803 INFO Written out 11300000 reads
2021-04-14 11:25:02,864 INFO Written out 11400000 reads
2021-04-14 11:25:30,388 INFO Written out 11500000 reads
2021-04-14 11:25:39,456 INFO Written out 11600000 reads
2021-04-14 11:25:40,805 INFO Parsed 14000000 input reads
2021-04-14 11:25:49,430 INFO Written out 11700000 reads
2021-04-14 11:25:56,773 INFO Written out 11800000 reads
2021-04-14 11:26:07,053 INFO Written out 11900000 reads
2021-04-14 11:26:14,176 INFO Written out 12000000 reads
2021-04-14 11:26:22,593 INFO Written out 12100000 reads
2021-04-14 11:26:31,041 INFO Written out 12200000 reads
2021-04-14 11:26:41,912 INFO Written out 12300000 reads
2021-04-14 11:26:50,444 INFO Written out 12400000 reads
2021-04-14 11:26:54,213 INFO Parsed 15000000 input reads
2021-04-14 11:26:59,278 INFO Written out 12500000 reads
2021-04-14 11:27:07,996 INFO Written out 12600000 reads
2021-04-14 11:27:17,900 INFO Written out 12700000 reads
2021-04-14 11:27:27,885 INFO Written out 12800000 reads
2021-04-14 11:27:37,882 INFO Written out 12900000 reads
2021-04-14 11:27:46,913 INFO Written out 13000000 reads
2021-04-14 11:27:56,990 INFO Written out 13100000 reads
2021-04-14 11:28:07,106 INFO Written out 13200000 reads
2021-04-14 11:28:14,229 INFO Parsed 16000000 input reads
2021-04-14 11:28:16,178 INFO Written out 13300000 reads
2021-04-14 11:28:29,266 INFO Written out 13400000 reads
2021-04-14 11:28:33,315 INFO Written out 13500000 reads
2021-04-14 11:28:42,664 INFO Written out 13600000 reads
2021-04-14 11:29:07,097 INFO Written out 13700000 reads
2021-04-14 11:29:09,516 INFO Written out 13800000 reads
2021-04-14 11:29:11,809 INFO Written out 13900000 reads
2021-04-14 11:29:14,198 INFO Written out 14000000 reads
2021-04-14 11:29:17,782 INFO Written out 14100000 reads
2021-04-14 11:29:18,476 INFO Parsed 17000000 input reads
2021-04-14 11:29:27,375 INFO Written out 14200000 reads
2021-04-14 11:29:36,880 INFO Written out 14300000 reads
2021-04-14 11:29:46,901 INFO Written out 14400000 reads
2021-04-14 11:30:20,240 INFO Written out 14500000 reads
2021-04-14 11:30:29,881 INFO Written out 14600000 reads
2021-04-14 11:30:39,238 INFO Written out 14700000 reads
2021-04-14 11:30:50,065 INFO Written out 14800000 reads
2021-04-14 11:30:59,552 INFO Written out 14900000 reads
2021-04-14 11:31:03,419 INFO Parsed 18000000 input reads
2021-04-14 11:31:09,174 INFO Written out 15000000 reads
2021-04-14 11:31:20,009 INFO Written out 15100000 reads
2021-04-14 11:31:29,610 INFO Written out 15200000 reads
2021-04-14 11:31:40,755 INFO Written out 15300000 reads
2021-04-14 11:31:50,727 INFO Written out 15400000 reads
2021-04-14 11:32:02,011 INFO Written out 15500000 reads
2021-04-14 11:32:14,886 INFO Written out 15600000 reads
2021-04-14 11:32:23,401 INFO Written out 15700000 reads
2021-04-14 11:32:32,722 INFO Parsed 19000000 input reads
2021-04-14 11:32:35,230 INFO Written out 15800000 reads
2021-04-14 11:32:46,528 INFO Written out 15900000 reads
2021-04-14 11:32:56,706 INFO Written out 16000000 reads
2021-04-14 11:33:07,033 INFO Written out 16100000 reads
2021-04-14 11:33:19,203 INFO Written out 16200000 reads
2021-04-14 11:33:31,249 INFO Written out 16300000 reads
2021-04-14 11:33:40,453 INFO Written out 16400000 reads
2021-04-14 11:34:09,633 INFO Written out 16500000 reads
2021-04-14 11:34:19,686 INFO Written out 16600000 reads
2021-04-14 11:34:19,786 INFO Parsed 20000000 input reads
2021-04-14 11:34:30,832 INFO Written out 16700000 reads
2021-04-14 11:34:41,228 INFO Written out 16800000 reads
2021-04-14 11:34:52,743 INFO Written out 16900000 reads
2021-04-14 11:35:02,947 INFO Written out 17000000 reads
2021-04-14 11:35:13,262 INFO Written out 17100000 reads
2021-04-14 11:35:25,532 INFO Written out 17200000 reads
2021-04-14 11:35:37,832 INFO Written out 17300000 reads
2021-04-14 11:35:48,589 INFO Written out 17400000 reads
2021-04-14 11:35:52,825 INFO Parsed 21000000 input reads
2021-04-14 11:35:59,755 INFO Written out 17500000 reads
2021-04-14 11:36:10,703 INFO Written out 17600000 reads
2021-04-14 11:36:24,448 INFO Written out 17700000 reads
2021-04-14 11:36:34,088 INFO Written out 17800000 reads
2021-04-14 11:36:46,874 INFO Written out 17900000 reads
2021-04-14 11:36:59,797 INFO Written out 18000000 reads
2021-04-14 11:37:12,168 INFO Written out 18100000 reads
2021-04-14 11:37:26,849 INFO Written out 18200000 reads
2021-04-14 11:37:30,252 INFO Parsed 22000000 input reads
2021-04-14 11:37:34,638 INFO Written out 18300000 reads
2021-04-14 11:37:46,247 INFO Written out 18400000 reads
2021-04-14 11:37:59,288 INFO Written out 18500000 reads
2021-04-14 11:38:10,917 INFO Written out 18600000 reads
2021-04-14 11:38:24,530 INFO Written out 18700000 reads
2021-04-14 11:38:38,027 INFO Written out 18800000 reads
2021-04-14 11:38:46,474 INFO Written out 18900000 reads
2021-04-14 11:38:58,849 INFO Written out 19000000 reads
2021-04-14 11:39:12,439 INFO Parsed 23000000 input reads
2021-04-14 11:39:12,648 INFO Written out 19100000 reads
2021-04-14 11:39:24,943 INFO Written out 19200000 reads
2021-04-14 11:40:01,011 INFO Written out 19300000 reads
2021-04-14 11:40:14,298 INFO Written out 19400000 reads
2021-04-14 11:40:23,739 INFO Written out 19500000 reads
2021-04-14 11:40:30,882 INFO Written out 19600000 reads
2021-04-14 11:40:43,090 INFO Written out 19700000 reads
2021-04-14 11:40:54,003 INFO Written out 19800000 reads
2021-04-14 11:41:05,122 INFO Written out 19900000 reads
2021-04-14 11:41:08,918 INFO Parsed 24000000 input reads
2021-04-14 11:41:17,278 INFO Written out 20000000 reads
2021-04-14 11:41:30,007 INFO Written out 20100000 reads
2021-04-14 11:41:41,211 INFO Written out 20200000 reads
2021-04-14 11:41:53,786 INFO Written out 20300000 reads
2021-04-14 11:42:05,123 INFO Written out 20400000 reads
2021-04-14 11:42:16,498 INFO Written out 20500000 reads
2021-04-14 11:42:29,454 INFO Written out 20600000 reads
2021-04-14 11:42:42,411 INFO Written out 20700000 reads
2021-04-14 11:42:47,736 INFO Parsed 25000000 input reads
2021-04-14 11:42:54,332 INFO Written out 20800000 reads
2021-04-14 11:43:07,799 INFO Written out 20900000 reads
2021-04-14 11:43:19,545 INFO Written out 21000000 reads
2021-04-14 11:43:31,295 INFO Written out 21100000 reads
2021-04-14 11:43:44,103 INFO Written out 21200000 reads
2021-04-14 11:44:12,296 INFO Written out 21300000 reads
2021-04-14 11:44:22,652 INFO Written out 21400000 reads
2021-04-14 11:44:33,192 INFO Written out 21500000 reads
2021-04-14 11:44:43,178 INFO Parsed 26000000 input reads
2021-04-14 11:44:43,822 INFO Written out 21600000 reads
2021-04-14 11:44:55,821 INFO Written out 21700000 reads
2021-04-14 11:45:07,924 INFO Written out 21800000 reads
2021-04-14 11:45:18,422 INFO Written out 21900000 reads
2021-04-14 11:45:30,576 INFO Written out 22000000 reads
2021-04-14 11:45:42,873 INFO Written out 22100000 reads
2021-04-14 11:45:52,337 INFO Written out 22200000 reads
2021-04-14 11:46:04,388 INFO Written out 22300000 reads
2021-04-14 11:46:15,177 INFO Written out 22400000 reads
2021-04-14 11:46:17,117 INFO Parsed 27000000 input reads
2021-04-14 11:46:26,097 INFO Written out 22500000 reads
2021-04-14 11:46:38,377 INFO Written out 22600000 reads
2021-04-14 11:46:49,481 INFO Written out 22700000 reads
2021-04-14 11:47:01,985 INFO Written out 22800000 reads
2021-04-14 11:47:12,956 INFO Written out 22900000 reads
2021-04-14 11:47:25,574 INFO Written out 23000000 reads
2021-04-14 11:47:36,908 INFO Written out 23100000 reads
2021-04-14 11:48:05,229 INFO Written out 23200000 reads
2021-04-14 11:48:09,464 INFO Parsed 28000000 input reads
2021-04-14 11:48:16,011 INFO Written out 23300000 reads
2021-04-14 11:48:28,458 INFO Written out 23400000 reads
2021-04-14 11:48:39,457 INFO Written out 23500000 reads
2021-04-14 11:48:53,675 INFO Written out 23600000 reads
2021-04-14 11:49:01,405 INFO Written out 23700000 reads
2021-04-14 11:49:14,291 INFO Written out 23800000 reads
2021-04-14 11:49:25,054 INFO Written out 23900000 reads
2021-04-14 11:49:36,270 INFO Written out 24000000 reads
2021-04-14 11:49:44,928 INFO Parsed 29000000 input reads
2021-04-14 11:49:49,024 INFO Written out 24100000 reads
2021-04-14 11:50:00,569 INFO Written out 24200000 reads
2021-04-14 11:50:13,610 INFO Written out 24300000 reads
2021-04-14 11:50:24,925 INFO Written out 24400000 reads
2021-04-14 11:50:36,460 INFO Written out 24500000 reads
2021-04-14 11:50:49,743 INFO Written out 24600000 reads
2021-04-14 11:51:14,179 INFO Written out 24700000 reads
2021-04-14 11:51:16,324 INFO Written out 24800000 reads
2021-04-14 11:51:18,852 INFO Parsed 30000000 input reads
2021-04-14 11:51:18,935 INFO Written out 24900000 reads
2021-04-14 11:51:30,218 INFO Written out 25000000 reads
2021-04-14 11:51:41,980 INFO Written out 25100000 reads
2021-04-14 11:51:55,972 INFO Written out 25200000 reads
2021-04-14 11:52:11,784 INFO Written out 25300000 reads
2021-04-14 11:52:20,047 INFO Written out 25400000 reads
2021-04-14 11:52:33,978 INFO Written out 25500000 reads
2021-04-14 11:52:46,187 INFO Written out 25600000 reads
2021-04-14 11:53:00,085 INFO Written out 25700000 reads
2021-04-14 11:53:02,712 INFO Parsed 31000000 input reads
2021-04-14 11:53:12,461 INFO Written out 25800000 reads
2021-04-14 11:53:26,566 INFO Written out 25900000 reads
2021-04-14 11:53:39,038 INFO Written out 26000000 reads
2021-04-14 11:53:49,686 INFO Written out 26100000 reads
2021-04-14 11:54:02,456 INFO Written out 26200000 reads
2021-04-14 11:54:17,197 INFO Written out 26300000 reads
2021-04-14 11:54:55,127 INFO Written out 26400000 reads
2021-04-14 11:55:06,884 INFO Written out 26500000 reads
2021-04-14 11:55:13,797 INFO Parsed 32000000 input reads
2021-04-14 11:55:18,892 INFO Written out 26600000 reads
2021-04-14 11:55:30,666 INFO Written out 26700000 reads
2021-04-14 11:55:44,259 INFO Written out 26800000 reads
2021-04-14 11:55:56,219 INFO Written out 26900000 reads
2021-04-14 11:56:08,176 INFO Written out 27000000 reads
2021-04-14 11:56:23,880 INFO Written out 27100000 reads
2021-04-14 11:56:31,944 INFO Written out 27200000 reads
2021-04-14 11:56:45,773 INFO Written out 27300000 reads
2021-04-14 11:56:55,599 INFO Parsed 33000000 input reads
2021-04-14 11:56:59,678 INFO Written out 27400000 reads
2021-04-14 11:57:10,075 INFO Written out 27500000 reads
2021-04-14 11:57:24,427 INFO Written out 27600000 reads
2021-04-14 11:57:36,838 INFO Written out 27700000 reads
2021-04-14 11:57:51,172 INFO Written out 27800000 reads
2021-04-14 11:58:05,401 INFO Written out 27900000 reads
2021-04-14 11:58:18,202 INFO Written out 28000000 reads
2021-04-14 11:58:32,897 INFO Written out 28100000 reads
2021-04-14 11:58:45,584 INFO Written out 28200000 reads
2021-04-14 11:58:48,120 INFO Parsed 34000000 input reads
2021-04-14 11:59:00,492 INFO Written out 28300000 reads
2021-04-14 11:59:11,262 INFO Written out 28400000 reads
2021-04-14 11:59:28,723 INFO Written out 28500000 reads
2021-04-14 11:59:37,134 INFO Written out 28600000 reads
2021-04-14 11:59:50,101 INFO Written out 28700000 reads
2021-04-14 12:00:05,220 INFO Written out 28800000 reads
2021-04-14 12:00:18,445 INFO Written out 28900000 reads
2021-04-14 12:00:33,926 INFO Written out 29000000 reads
2021-04-14 12:00:41,485 INFO Parsed 35000000 input reads
2021-04-14 12:00:47,224 INFO Written out 29100000 reads
2021-04-14 12:01:02,429 INFO Written out 29200000 reads
2021-04-14 12:01:15,625 INFO Written out 29300000 reads
2021-04-14 12:01:52,000 INFO Written out 29400000 reads
2021-04-14 12:02:06,499 INFO Written out 29500000 reads
2021-04-14 12:02:19,186 INFO Written out 29600000 reads
2021-04-14 12:02:33,582 INFO Written out 29700000 reads
2021-04-14 12:02:46,477 INFO Written out 29800000 reads
2021-04-14 12:02:56,407 INFO Parsed 36000000 input reads
2021-04-14 12:02:59,212 INFO Written out 29900000 reads
2021-04-14 12:03:14,133 INFO Written out 30000000 reads
2021-04-14 12:03:31,118 INFO Written out 30100000 reads
2021-04-14 12:03:37,925 INFO Written out 30200000 reads
2021-04-14 12:03:50,973 INFO Written out 30300000 reads
2021-04-14 12:04:06,024 INFO Written out 30400000 reads
2021-04-14 12:04:21,378 INFO Written out 30500000 reads
2021-04-14 12:04:34,450 INFO Written out 30600000 reads
2021-04-14 12:04:47,470 INFO Written out 30700000 reads
2021-04-14 12:04:49,645 INFO Parsed 37000000 input reads
2021-04-14 12:05:02,189 INFO Written out 30800000 reads
2021-04-14 12:05:17,252 INFO Written out 30900000 reads
2021-04-14 12:05:28,024 INFO Written out 31000000 reads
2021-04-14 12:05:40,800 INFO Written out 31100000 reads
2021-04-14 12:05:49,535 INFO Written out 31200000 reads
2021-04-14 12:06:06,803 INFO Written out 31300000 reads
2021-04-14 12:06:17,554 INFO Written out 31400000 reads
2021-04-14 12:06:31,034 INFO Written out 31500000 reads
2021-04-14 12:06:36,390 INFO Parsed 38000000 input reads
2021-04-14 12:06:44,589 INFO Written out 31600000 reads
2021-04-14 12:07:02,640 INFO Written out 31700000 reads
2021-04-14 12:07:09,353 INFO Written out 31800000 reads
2021-04-14 12:07:25,017 INFO Written out 31900000 reads
2021-04-14 12:08:00,136 INFO Written out 32000000 reads
2021-04-14 12:08:12,893 INFO Written out 32100000 reads
2021-04-14 12:08:25,770 INFO Written out 32200000 reads
2021-04-14 12:08:40,493 INFO Written out 32300000 reads
2021-04-14 12:08:48,280 INFO Parsed 39000000 input reads
2021-04-14 12:08:53,425 INFO Written out 32400000 reads
2021-04-14 12:09:08,385 INFO Written out 32500000 reads
2021-04-14 12:09:21,267 INFO Written out 32600000 reads
2021-04-14 12:09:34,226 INFO Written out 32700000 reads
2021-04-14 12:09:49,289 INFO Written out 32800000 reads
2021-04-14 12:10:00,358 INFO Written out 32900000 reads
2021-04-14 12:10:13,620 INFO Written out 33000000 reads
2021-04-14 12:10:28,636 INFO Written out 33100000 reads
2021-04-14 12:10:41,802 INFO Parsed 40000000 input reads
2021-04-14 12:10:41,933 INFO Written out 33200000 reads
2021-04-14 12:10:57,249 INFO Written out 33300000 reads
2021-04-14 12:11:10,736 INFO Written out 33400000 reads
2021-04-14 12:11:26,035 INFO Written out 33500000 reads
2021-04-14 12:11:39,365 INFO Written out 33600000 reads
2021-04-14 12:11:52,912 INFO Written out 33700000 reads
2021-04-14 12:12:06,496 INFO Written out 33800000 reads
2021-04-14 12:12:22,219 INFO Written out 33900000 reads
2021-04-14 12:12:35,915 INFO Written out 34000000 reads
2021-04-14 12:12:40,923 INFO Parsed 41000000 input reads
2021-04-14 12:12:59,198 INFO Written out 34100000 reads
2021-04-14 12:13:01,114 INFO Written out 34200000 reads
2021-04-14 12:13:14,976 INFO Written out 34300000 reads
2021-04-14 12:13:33,142 INFO Written out 34400000 reads
2021-04-14 12:13:49,252 INFO Written out 34500000 reads
2021-04-14 12:14:01,018 INFO Written out 34600000 reads
2021-04-14 12:14:36,765 INFO Written out 34700000 reads
2021-04-14 12:14:54,414 INFO Written out 34800000 reads
2021-04-14 12:15:00,156 INFO Parsed 42000000 input reads
2021-04-14 12:15:07,907 INFO Written out 34900000 reads
2021-04-14 12:15:23,622 INFO Written out 35000000 reads
2021-04-14 12:15:37,241 INFO Written out 35100000 reads
2021-04-14 12:15:52,901 INFO Written out 35200000 reads
2021-04-14 12:16:06,525 INFO Written out 35300000 reads
2021-04-14 12:16:20,144 INFO Written out 35400000 reads
2021-04-14 12:16:36,008 INFO Written out 35500000 reads
2021-04-14 12:16:52,006 INFO Written out 35600000 reads
2021-04-14 12:17:03,030 INFO Parsed 43000000 input reads
2021-04-14 12:17:08,003 INFO Written out 35700000 reads
2021-04-14 12:17:21,868 INFO Written out 35800000 reads
2021-04-14 12:17:35,788 INFO Written out 35900000 reads
2021-04-14 12:17:49,679 INFO Written out 36000000 reads
2021-04-14 12:18:05,765 INFO Written out 36100000 reads
2021-04-14 12:18:19,939 INFO Written out 36200000 reads
2021-04-14 12:18:36,339 INFO Written out 36300000 reads
2021-04-14 12:19:02,512 INFO Written out 36400000 reads
2021-04-14 12:19:18,563 INFO Written out 36500000 reads
2021-04-14 12:19:21,053 INFO Parsed 44000000 input reads
2021-04-14 12:19:34,639 INFO Written out 36600000 reads
2021-04-14 12:19:50,821 INFO Written out 36700000 reads
2021-04-14 12:20:04,758 INFO Written out 36800000 reads
2021-04-14 12:20:18,911 INFO Written out 36900000 reads
2021-04-14 12:20:35,331 INFO Written out 37000000 reads
2021-04-14 12:20:51,750 INFO Written out 37100000 reads
2021-04-14 12:21:05,899 INFO Written out 37200000 reads
2021-04-14 12:21:22,281 INFO Written out 37300000 reads
2021-04-14 12:21:28,166 INFO Parsed 45000000 input reads
2021-04-14 12:21:36,665 INFO Written out 37400000 reads
2021-04-14 12:21:51,030 INFO Written out 37500000 reads
2021-04-14 12:22:07,648 INFO Written out 37600000 reads
2021-04-14 12:22:24,505 INFO Written out 37700000 reads
2021-04-14 12:22:39,081 INFO Written out 37800000 reads
2021-04-14 12:22:56,017 INFO Written out 37900000 reads
2021-04-14 12:23:10,529 INFO Written out 38000000 reads
2021-04-14 12:23:25,126 INFO Written out 38100000 reads
2021-04-14 12:23:36,817 INFO Parsed 46000000 input reads
2021-04-14 12:23:42,289 INFO Written out 38200000 reads
2021-04-14 12:23:57,108 INFO Written out 38300000 reads
2021-04-14 12:24:14,479 INFO Written out 38400000 reads
2021-04-14 12:24:26,770 INFO Written out 38500000 reads
2021-04-14 12:24:36,678 INFO Written out 38600000 reads
2021-04-14 12:24:51,768 INFO Written out 38700000 reads
2021-04-14 12:25:06,919 INFO Written out 38800000 reads
2021-04-14 12:25:24,462 INFO Written out 38900000 reads
2021-04-14 12:25:36,849 INFO Written out 39000000 reads
2021-04-14 12:25:36,922 INFO Parsed 47000000 input reads
2021-04-14 12:26:12,901 INFO Written out 39100000 reads
2021-04-14 12:26:32,299 INFO Written out 39200000 reads
2021-04-14 12:26:44,545 INFO Written out 39300000 reads
2021-04-14 12:26:59,432 INFO Written out 39400000 reads
2021-04-14 12:27:14,317 INFO Written out 39500000 reads
2021-04-14 12:27:29,015 INFO Written out 39600000 reads
2021-04-14 12:27:46,050 INFO Written out 39700000 reads
2021-04-14 12:28:00,947 INFO Written out 39800000 reads
2021-04-14 12:28:06,796 INFO Parsed 48000000 input reads
2021-04-14 12:28:18,288 INFO Written out 39900000 reads
2021-04-14 12:28:33,187 INFO Written out 40000000 reads
2021-04-14 12:28:48,262 INFO Written out 40100000 reads
2021-04-14 12:29:05,792 INFO Written out 40200000 reads
2021-04-14 12:29:20,992 INFO Written out 40300000 reads
2021-04-14 12:29:40,827 INFO Written out 40400000 reads
2021-04-14 12:29:53,528 INFO Written out 40500000 reads
2021-04-14 12:30:27,215 INFO Written out 40600000 reads
2021-04-14 12:30:33,681 INFO Parsed 49000000 input reads
2021-04-14 12:30:39,727 INFO Written out 40700000 reads
2021-04-14 12:30:54,874 INFO Written out 40800000 reads
2021-04-14 12:31:15,088 INFO Written out 40900000 reads
2021-04-14 12:31:27,660 INFO Written out 41000000 reads
2021-04-14 12:31:42,894 INFO Written out 41100000 reads
2021-04-14 12:32:00,865 INFO Written out 41200000 reads
2021-04-14 12:32:18,932 INFO Written out 41300000 reads
2021-04-14 12:32:31,586 INFO Written out 41400000 reads
2021-04-14 12:32:44,444 INFO Parsed 50000000 input reads
2021-04-14 12:32:49,765 INFO Written out 41500000 reads
2021-04-14 12:33:10,719 INFO Written out 41600000 reads
2021-04-14 12:33:21,009 INFO Written out 41700000 reads
2021-04-14 12:33:36,742 INFO Written out 41800000 reads
2021-04-14 12:33:55,024 INFO Written out 41900000 reads
2021-04-14 12:34:10,933 INFO Written out 42000000 reads
2021-04-14 12:34:26,794 INFO Written out 42100000 reads
2021-04-14 12:34:46,020 INFO Written out 42200000 reads
2021-04-14 12:35:05,489 INFO Written out 42300000 reads
2021-04-14 12:35:09,039 INFO Parsed 51000000 input reads
2021-04-14 12:35:28,267 INFO Written out 42400000 reads
2021-04-14 12:35:51,415 INFO Written out 42500000 reads
2021-04-14 12:36:10,143 INFO Written out 42600000 reads
2021-04-14 12:36:26,459 INFO Written out 42700000 reads
2021-04-14 12:36:45,224 INFO Written out 42800000 reads
2021-04-14 12:37:01,654 INFO Written out 42900000 reads
2021-04-14 12:37:26,236 INFO Written out 43000000 reads
2021-04-14 12:37:37,244 INFO Written out 43100000 reads
2021-04-14 12:37:46,834 INFO Parsed 52000000 input reads
2021-04-14 12:37:56,398 INFO Written out 43200000 reads
2021-04-14 12:38:12,701 INFO Written out 43300000 reads
2021-04-14 12:38:29,138 INFO Written out 43400000 reads
2021-04-14 12:38:48,409 INFO Written out 43500000 reads
2021-04-14 12:39:07,904 INFO Written out 43600000 reads
2021-04-14 12:39:27,649 INFO Written out 43700000 reads
2021-04-14 12:39:44,461 INFO Written out 43800000 reads
2021-04-14 12:40:03,980 INFO Written out 43900000 reads
2021-04-14 12:40:20,555 INFO Parsed 53000000 input reads
2021-04-14 12:40:20,950 INFO Written out 44000000 reads
2021-04-14 12:40:40,867 INFO Written out 44100000 reads
2021-04-14 12:41:01,020 INFO Written out 44200000 reads
2021-04-14 12:41:18,395 INFO Written out 44300000 reads
2021-04-14 12:41:41,483 INFO Written out 44400000 reads
2021-04-14 12:41:58,829 INFO Written out 44500000 reads
2021-04-14 12:42:21,968 INFO Written out 44600000 reads
2021-04-14 12:42:39,457 INFO Written out 44700000 reads
2021-04-14 12:42:59,940 INFO Written out 44800000 reads
2021-04-14 12:43:00,502 INFO Parsed 54000000 input reads
2021-04-14 12:43:20,462 INFO Written out 44900000 reads
2021-04-14 12:43:38,211 INFO Written out 45000000 reads
2021-04-14 12:44:08,812 INFO Written out 45100000 reads
2021-04-14 12:44:10,745 INFO Written out 45200000 reads
2021-04-14 12:44:20,026 INFO Written out 45300000 reads
2021-04-14 12:44:51,684 INFO Written out 45400000 reads
2021-04-14 12:45:01,150 INFO Written out 45500000 reads
2021-04-14 12:45:23,266 INFO Written out 45600000 reads
2021-04-14 12:45:31,165 INFO Parsed 55000000 input reads
2021-04-14 12:45:42,309 INFO Written out 45700000 reads
2021-04-14 12:45:57,501 INFO Written out 45800000 reads
2021-04-14 12:46:19,150 INFO Written out 45900000 reads
2021-04-14 12:46:37,548 INFO Written out 46000000 reads
2021-04-14 12:47:05,642 INFO Written out 46100000 reads
2021-04-14 12:47:48,793 INFO Written out 46200000 reads
2021-04-14 12:48:12,574 INFO Written out 46300000 reads
2021-04-14 12:48:30,132 INFO Written out 46400000 reads
2021-04-14 12:48:43,928 INFO Parsed 56000000 input reads
2021-04-14 12:48:47,720 INFO Written out 46500000 reads
2021-04-14 12:49:08,917 INFO Written out 46600000 reads
2021-04-14 12:49:26,938 INFO Written out 46700000 reads
2021-04-14 12:49:48,027 INFO Written out 46800000 reads
2021-04-14 12:50:09,153 INFO Written out 46900000 reads
2021-04-14 12:50:30,138 INFO Written out 47000000 reads
2021-04-14 12:50:47,909 INFO Written out 47100000 reads
2021-04-14 12:51:12,568 INFO Written out 47200000 reads
2021-04-14 12:51:27,654 INFO Written out 47300000 reads
2021-04-14 12:51:27,744 INFO Parsed 57000000 input reads
2021-04-14 12:51:52,058 INFO Written out 47400000 reads
2021-04-14 12:52:10,453 INFO Written out 47500000 reads
2021-04-14 12:52:28,852 INFO Written out 47600000 reads
2021-04-14 12:52:47,290 INFO Written out 47700000 reads
2021-04-14 12:53:00,153 INFO Written out 47800000 reads
2021-04-14 12:53:16,115 INFO Written out 47900000 reads
2021-04-14 12:53:32,017 INFO Written out 48000000 reads
2021-04-14 12:53:48,039 INFO Written out 48100000 reads
2021-04-14 12:53:55,451 INFO Parsed 58000000 input reads
2021-04-14 12:54:25,371 INFO Written out 48200000 reads
2021-04-14 12:54:56,941 INFO Written out 48300000 reads
2021-04-14 12:54:58,970 INFO Written out 48400000 reads
2021-04-14 12:55:11,272 INFO Written out 48500000 reads
2021-04-14 12:55:29,655 INFO Written out 48600000 reads
2021-04-14 12:55:48,288 INFO Written out 48700000 reads
2021-04-14 12:56:06,889 INFO Written out 48800000 reads
2021-04-14 12:56:28,560 INFO Written out 48900000 reads
2021-04-14 12:56:39,447 INFO Parsed 59000000 input reads
2021-04-14 12:56:50,252 INFO Written out 49000000 reads
2021-04-14 12:57:08,830 INFO Written out 49100000 reads
2021-04-14 12:57:27,635 INFO Written out 49200000 reads
2021-04-14 12:57:56,164 INFO Written out 49300000 reads
2021-04-14 12:58:08,206 INFO Written out 49400000 reads
2021-04-14 12:58:30,134 INFO Written out 49500000 reads
2021-04-14 12:58:49,197 INFO Written out 49600000 reads
2021-04-14 12:59:11,460 INFO Written out 49700000 reads
2021-04-14 12:59:30,295 INFO Parsed 60000000 input reads
2021-04-14 12:59:30,770 INFO Written out 49800000 reads
2021-04-14 12:59:53,124 INFO Written out 49900000 reads
2021-04-14 13:00:15,480 INFO Written out 50000000 reads
2021-04-14 13:00:37,676 INFO Written out 50100000 reads
2021-04-14 13:01:14,173 INFO Written out 50200000 reads
2021-04-14 13:01:16,131 INFO Written out 50300000 reads
2021-04-14 13:01:19,159 INFO Written out 50400000 reads
2021-04-14 13:01:41,074 INFO Written out 50500000 reads
2021-04-14 13:02:02,965 INFO Written out 50600000 reads
2021-04-14 13:02:03,329 INFO Parsed 61000000 input reads
2021-04-14 13:02:21,630 INFO Written out 50700000 reads
2021-04-14 13:02:40,545 INFO Written out 50800000 reads
2021-04-14 13:02:59,504 INFO Written out 50900000 reads
2021-04-14 13:03:21,465 INFO Written out 51000000 reads
2021-04-14 13:03:43,878 INFO Written out 51100000 reads
2021-04-14 13:04:03,089 INFO Written out 51200000 reads
2021-04-14 13:04:22,410 INFO Written out 51300000 reads
2021-04-14 13:04:44,871 INFO Written out 51400000 reads
2021-04-14 13:04:52,506 INFO Parsed 62000000 input reads
2021-04-14 13:05:04,157 INFO Written out 51500000 reads
2021-04-14 13:05:26,790 INFO Written out 51600000 reads
2021-04-14 13:05:49,640 INFO Written out 51700000 reads
2021-04-14 13:06:37,389 INFO Written out 51800000 reads
2021-04-14 13:06:56,155 INFO Written out 51900000 reads
2021-04-14 13:07:17,952 INFO Written out 52000000 reads
2021-04-14 13:07:36,683 INFO Written out 52100000 reads
2021-04-14 13:07:55,776 INFO Written out 52200000 reads
2021-04-14 13:08:10,778 INFO Parsed 63000000 input reads
2021-04-14 13:08:14,918 INFO Written out 52300000 reads
2021-04-14 13:08:34,182 INFO Written out 52400000 reads
2021-04-14 13:08:56,668 INFO Written out 52500000 reads
2021-04-14 13:09:19,164 INFO Written out 52600000 reads
2021-04-14 13:09:38,554 INFO Written out 52700000 reads
2021-04-14 13:10:01,453 INFO Written out 52800000 reads
2021-04-14 13:10:20,874 INFO Written out 52900000 reads
2021-04-14 13:10:43,448 INFO Written out 53000000 reads
2021-04-14 13:11:02,752 INFO Written out 53100000 reads
2021-04-14 13:11:02,846 INFO Parsed 64000000 input reads
2021-04-14 13:11:25,435 INFO Written out 53200000 reads
2021-04-14 13:11:44,967 INFO Written out 53300000 reads
2021-04-14 13:12:08,032 INFO Written out 53400000 reads
2021-04-14 13:12:28,134 INFO Written out 53500000 reads
2021-04-14 13:12:51,311 INFO Written out 53600000 reads
2021-04-14 13:13:14,644 INFO Written out 53700000 reads
2021-04-14 13:13:35,113 INFO Written out 53800000 reads
2021-04-14 13:13:55,426 INFO Written out 53900000 reads
2021-04-14 13:14:03,465 INFO Parsed 65000000 input reads
2021-04-14 13:14:15,678 INFO Written out 54000000 reads
2021-04-14 13:14:43,040 INFO Written out 54100000 reads
2021-04-14 13:15:03,169 INFO Written out 54200000 reads
2021-04-14 13:15:23,605 INFO Written out 54300000 reads
2021-04-14 13:15:47,369 INFO Written out 54400000 reads
2021-04-14 13:16:32,807 INFO Written out 54500000 reads
2021-04-14 13:16:50,142 INFO Written out 54600000 reads
2021-04-14 13:17:10,380 INFO Written out 54700000 reads
2021-04-14 13:17:22,538 INFO Parsed 66000000 input reads
2021-04-14 13:17:30,734 INFO Written out 54800000 reads
2021-04-14 13:17:50,628 INFO Written out 54900000 reads
2021-04-14 13:18:11,259 INFO Written out 55000000 reads
2021-04-14 13:18:35,232 INFO Written out 55100000 reads
2021-04-14 13:18:59,089 INFO Written out 55200000 reads
2021-04-14 13:19:19,908 INFO Written out 55300000 reads
2021-04-14 13:19:47,358 INFO Written out 55400000 reads
2021-04-14 13:20:18,072 INFO Written out 55500000 reads
2021-04-14 13:20:23,731 INFO Parsed 67000000 input reads
2021-04-14 13:20:27,482 INFO Written out 55600000 reads
2021-04-14 13:20:47,735 INFO Written out 55700000 reads
2021-04-14 13:21:07,787 INFO Written out 55800000 reads
2021-04-14 13:21:34,603 INFO Written out 55900000 reads
2021-04-14 13:21:54,194 INFO Written out 56000000 reads
2021-04-14 13:22:17,714 INFO Written out 56100000 reads
2021-04-14 13:22:37,693 INFO Written out 56200000 reads
2021-04-14 13:23:01,416 INFO Written out 56300000 reads
2021-04-14 13:23:21,995 INFO Written out 56400000 reads
2021-04-14 13:23:26,182 INFO Parsed 68000000 input reads
2021-04-14 13:23:46,318 INFO Written out 56500000 reads
2021-04-14 13:24:07,202 INFO Written out 56600000 reads
2021-04-14 13:24:31,059 INFO Written out 56700000 reads
2021-04-14 13:24:59,175 INFO Written out 56800000 reads
2021-04-14 13:25:16,479 INFO Written out 56900000 reads
2021-04-14 13:25:37,986 INFO Written out 57000000 reads
2021-04-14 13:25:59,116 INFO Written out 57100000 reads
2021-04-14 13:26:23,862 INFO Written out 57200000 reads
2021-04-14 13:26:40,289 INFO Parsed 69000000 input reads
2021-04-14 13:26:49,170 INFO Written out 57300000 reads
2021-04-14 13:27:14,269 INFO Written out 57400000 reads
2021-04-14 13:27:58,102 INFO Written out 57500000 reads
2021-04-14 13:28:18,733 INFO Written out 57600000 reads
2021-04-14 13:28:43,037 INFO Written out 57700000 reads
2021-04-14 13:29:07,689 INFO Written out 57800000 reads
2021-04-14 13:29:28,950 INFO Written out 57900000 reads
2021-04-14 13:29:53,667 INFO Written out 58000000 reads
2021-04-14 13:30:14,046 INFO Parsed 70000000 input reads
2021-04-14 13:30:18,161 INFO Written out 58100000 reads
2021-04-14 13:30:39,044 INFO Written out 58200000 reads
2021-04-14 13:31:03,861 INFO Written out 58300000 reads
2021-04-14 13:31:28,654 INFO Written out 58400000 reads
2021-04-14 13:31:57,893 INFO Written out 58500000 reads
2021-04-14 13:32:15,490 INFO Written out 58600000 reads
2021-04-14 13:32:41,230 INFO Written out 58700000 reads
2021-04-14 13:33:07,243 INFO Written out 58800000 reads
2021-04-14 13:33:29,742 INFO Written out 58900000 reads
2021-04-14 13:33:34,031 INFO Parsed 71000000 input reads
2021-04-14 13:33:59,870 INFO Written out 59000000 reads
2021-04-14 13:34:18,512 INFO Written out 59100000 reads
2021-04-14 13:34:45,007 INFO Written out 59200000 reads
2021-04-14 13:35:07,793 INFO Written out 59300000 reads
2021-04-14 13:35:38,430 INFO Written out 59400000 reads
2021-04-14 13:35:53,329 INFO Written out 59500000 reads
2021-04-14 13:36:20,097 INFO Written out 59600000 reads
2021-04-14 13:36:43,054 INFO Written out 59700000 reads
2021-04-14 13:36:52,460 INFO Parsed 72000000 input reads
2021-04-14 13:37:05,955 INFO Written out 59800000 reads
2021-04-14 13:37:32,952 INFO Written out 59900000 reads
2021-04-14 13:38:20,873 INFO Written out 60000000 reads
2021-04-14 13:38:46,564 INFO Written out 60100000 reads
2021-04-14 13:39:09,095 INFO Written out 60200000 reads
2021-04-14 13:39:31,305 INFO Written out 60300000 reads
2021-04-14 13:39:53,619 INFO Written out 60400000 reads
2021-04-14 13:40:19,731 INFO Written out 60500000 reads
2021-04-14 13:40:37,917 INFO Parsed 73000000 input reads
2021-04-14 13:40:42,588 INFO Written out 60600000 reads
2021-04-14 13:41:08,721 INFO Written out 60700000 reads
2021-04-14 13:41:34,991 INFO Written out 60800000 reads
2021-04-14 13:41:57,406 INFO Written out 60900000 reads
2021-04-14 13:42:31,979 INFO Written out 61000000 reads
2021-04-14 13:42:50,426 INFO Written out 61100000 reads
2021-04-14 13:43:12,924 INFO Written out 61200000 reads
2021-04-14 13:43:39,007 INFO Written out 61300000 reads
2021-04-14 13:44:01,845 INFO Written out 61400000 reads
2021-04-14 13:44:01,988 INFO Parsed 74000000 input reads
2021-04-14 13:44:28,061 INFO Written out 61500000 reads
2021-04-14 13:44:54,411 INFO Written out 61600000 reads
2021-04-14 13:45:13,866 INFO Written out 61700000 reads
2021-04-14 13:45:36,507 INFO Written out 61800000 reads
2021-04-14 13:45:59,148 INFO Written out 61900000 reads
2021-04-14 13:48:30,626 INFO Written out 62000000 reads
2021-04-14 13:48:33,205 INFO Written out 62100000 reads
2021-04-14 13:48:35,383 INFO Written out 62200000 reads
2021-04-14 13:48:36,174 INFO Parsed 75000000 input reads
2021-04-14 13:48:37,499 INFO Written out 62300000 reads
2021-04-14 13:48:39,570 INFO Written out 62400000 reads
2021-04-14 13:48:42,027 INFO Written out 62500000 reads
2021-04-14 13:48:44,873 INFO Written out 62600000 reads
2021-04-14 13:48:47,383 INFO Written out 62700000 reads
2021-04-14 13:48:49,840 INFO Written out 62800000 reads
2021-04-14 13:48:53,870 INFO Written out 62900000 reads
2021-04-14 13:48:57,772 INFO Written out 63000000 reads
2021-04-14 13:48:59,893 INFO Parsed 76000000 input reads
2021-04-14 13:49:01,407 INFO Written out 63100000 reads
2021-04-14 13:49:06,658 INFO Written out 63200000 reads
2021-04-14 13:49:10,164 INFO Written out 63300000 reads
2021-04-14 13:49:14,390 INFO Written out 63400000 reads
2021-04-14 13:49:18,940 INFO Written out 63500000 reads
2021-04-14 13:49:22,964 INFO Written out 63600000 reads
2021-04-14 13:49:25,860 INFO Written out 63700000 reads
2021-04-14 13:49:28,498 INFO Written out 63800000 reads
2021-04-14 13:49:31,023 INFO Parsed 77000000 input reads
2021-04-14 13:49:31,882 INFO Written out 63900000 reads
2021-04-14 13:49:34,352 INFO Written out 64000000 reads
2021-04-14 13:49:37,396 INFO Written out 64100000 reads
2021-04-14 13:49:39,835 INFO Written out 64200000 reads
2021-04-14 13:49:42,474 INFO Written out 64300000 reads
2021-04-14 13:49:47,112 INFO Written out 64400000 reads
2021-04-14 13:49:49,954 INFO Written out 64500000 reads
2021-04-14 13:49:53,244 INFO Written out 64600000 reads
2021-04-14 13:49:55,153 INFO Parsed 78000000 input reads
2021-04-14 13:49:55,223 INFO Written out 64700000 reads
2021-04-14 13:49:57,584 INFO Written out 64800000 reads
2021-04-14 13:49:59,542 INFO Written out 64900000 reads
2021-04-14 13:50:01,502 INFO Written out 65000000 reads
2021-04-14 13:50:04,284 INFO Written out 65100000 reads
2021-04-14 13:50:06,337 INFO Written out 65200000 reads
2021-04-14 13:50:08,412 INFO Written out 65300000 reads
2021-04-14 13:50:44,388 INFO Written out 65400000 reads
2021-04-14 13:50:49,373 INFO Written out 65500000 reads
2021-04-14 13:50:50,929 INFO Parsed 79000000 input reads
2021-04-14 13:51:15,406 INFO Written out 65600000 reads
2021-04-14 13:51:45,076 INFO Written out 65700000 reads
2021-04-14 13:52:11,625 INFO Written out 65800000 reads
2021-04-14 13:52:37,639 INFO Written out 65900000 reads
2021-04-14 13:53:00,499 INFO Written out 66000000 reads
2021-04-14 13:53:06,678 INFO Searching for mates for 0 unmatched alignments
2021-04-14 13:57:10,225 INFO 0 mates never found
2021-04-14 14:11:19,490 INFO Reads: Input Reads: 79615550, Read pairs: 79615550, Read 2 unmapped: 4679
2021-04-14 14:11:19,492 INFO Number of reads out: 66030987
2021-04-14 14:11:19,492 INFO Total number of positions deduplicated: 55315627
2021-04-14 14:11:19,494 INFO Mean number of unique UMIs per position: 1.20
2021-04-14 14:11:19,494 INFO Max. number of unique UMIs per position: 2769
# job finished in 11328 seconds at Wed Apr 14 14:11:19 2021 -- 11071.15 177.93  0.00  0.00 -- 00999bb1-9a57-480f-ada0-69baabb5623b
