# UMI-tools version: 1.1.1
# output generated by dedup -I 03_alignedData/bam/3_KB_A1Aligned.sortedByCoord.out.bam -L 04_dedupUmis/log/3_KB_A1.log -S 04_dedupUmis/bam/3_KB_A1.bam --umi-separator=: --temp-dir=. --paired --output-stats=04_dedupUmis/log/3_KB_A1
# job started at Wed Apr 14 11:05:24 2021 on r25-n13 -- 2d14d10d-239f-4bcf-81a4-ef086984233e
# pid: 212166, system: Linux 3.10.0-1062.9.1.el7.x86_64 #1 SMP Mon Dec 2 08:31:54 EST 2019 x86_64
# assigned_tag                            : None
# cell_tag                                : None
# cell_tag_delim                          : None
# cell_tag_split                          : -
# chimeric_pairs                          : use
# chrom                                   : None
# compresslevel                           : 6
# detection_method                        : None
# filter_umi                              : None
# gene_tag                                : None
# gene_transcript_map                     : None
# get_umi_method                          : read_id
# ignore_tlen                             : False
# ignore_umi                              : False
# in_sam                                  : False
# log2stderr                              : False
# loglevel                                : 1
# mapping_quality                         : 0
# method                                  : directional
# no_sort_output                          : False
# out_sam                                 : False
# output_unmapped                         : False
# paired                                  : True
# per_cell                                : False
# per_contig                              : False
# per_gene                                : False
# random_seed                             : None
# read_length                             : False
# short_help                              : None
# skip_regex                              : ^(__|Unassigned)
# soft_clip_threshold                     : 4
# spliced                                 : False
# stats                                   : 04_dedupUmis/log/3_KB_A1
# stderr                                  : <_io.TextIOWrapper name='<stderr>' mode='w' encoding='UTF-8'>
# stdin                                   : <_io.TextIOWrapper name='03_alignedData/bam/3_KB_A1Aligned.sortedByCoord.out.bam' mode='r' encoding='UTF-8'>
# stdlog                                  : <_io.TextIOWrapper name='04_dedupUmis/log/3_KB_A1.log' mode='a' encoding='UTF-8'>
# stdout                                  : <_io.TextIOWrapper name='04_dedupUmis/bam/3_KB_A1.bam' mode='w' encoding='UTF-8'>
# subset                                  : None
# threshold                               : 1
# timeit_file                             : None
# timeit_header                           : None
# timeit_name                             : all
# tmpdir                                  : .
# umi_sep                                 : :
# umi_tag                                 : RX
# umi_tag_delim                           : None
# umi_tag_split                           : None
# umi_whitelist                           : None
# umi_whitelist_paired                    : None
# unmapped_reads                          : discard
# unpaired_reads                          : use
# whole_contig                            : False
2021-04-14 11:05:24,013 WARNING Chimeric read pairs are being used. Some read pair UMIs may be grouped/deduplicated using just the mapping coordinates from read1.This may also increase the run time and memory usage. Consider --chimeric-pairs==discard to discard these reads or --chimeric-pairs==output (group command only) to output them without grouping
2021-04-14 11:05:24,014 WARNING Unpaired read pairs are being used. Some read pair UMIs may be grouped/deduplicated using just the mapping coordinates from read1.This may also increase the run time and memory usage. Consider --unpared-reads==discard to discard these reads or --unpared-reads==output (group command only) to output them without grouping
2021-04-14 11:05:24,014 INFO command: dedup -I 03_alignedData/bam/3_KB_A1Aligned.sortedByCoord.out.bam -L 04_dedupUmis/log/3_KB_A1.log -S 04_dedupUmis/bam/3_KB_A1.bam --umi-separator=: --temp-dir=. --paired --output-stats=04_dedupUmis/log/3_KB_A1
2021-04-14 11:11:33,967 INFO total_umis 92364374
2021-04-14 11:11:33,976 INFO #umis 66195
2021-04-14 11:16:23,565 INFO Written out 100000 reads
2021-04-14 11:16:28,299 INFO Written out 200000 reads
2021-04-14 11:16:33,698 INFO Written out 300000 reads
2021-04-14 11:16:39,252 INFO Written out 400000 reads
2021-04-14 11:16:44,292 INFO Written out 500000 reads
2021-04-14 11:16:50,038 INFO Written out 600000 reads
2021-04-14 11:16:54,988 INFO Written out 700000 reads
2021-04-14 11:16:58,123 INFO Parsed 1000000 input reads
2021-04-14 11:17:00,783 INFO Written out 800000 reads
2021-04-14 11:17:06,639 INFO Written out 900000 reads
2021-04-14 11:17:13,357 INFO Written out 1000000 reads
2021-04-14 11:17:18,424 INFO Written out 1100000 reads
2021-04-14 11:17:24,548 INFO Written out 1200000 reads
2021-04-14 11:17:30,552 INFO Written out 1300000 reads
2021-04-14 11:17:36,752 INFO Written out 1400000 reads
2021-04-14 11:17:43,806 INFO Written out 1500000 reads
2021-04-14 11:17:44,124 INFO Parsed 2000000 input reads
2021-04-14 11:17:51,698 INFO Written out 1600000 reads
2021-04-14 11:17:56,492 INFO Written out 1700000 reads
2021-04-14 11:18:03,465 INFO Written out 1800000 reads
2021-04-14 11:18:10,033 INFO Written out 1900000 reads
2021-04-14 11:18:16,853 INFO Written out 2000000 reads
2021-04-14 11:18:23,845 INFO Written out 2100000 reads
2021-04-14 11:18:31,224 INFO Written out 2200000 reads
2021-04-14 11:18:36,196 INFO Parsed 3000000 input reads
2021-04-14 11:18:38,688 INFO Written out 2300000 reads
2021-04-14 11:18:45,430 INFO Written out 2400000 reads
2021-04-14 11:18:52,983 INFO Written out 2500000 reads
2021-04-14 11:19:00,201 INFO Written out 2600000 reads
2021-04-14 11:19:07,862 INFO Written out 2700000 reads
2021-04-14 11:19:40,043 INFO Written out 2800000 reads
2021-04-14 11:19:46,904 INFO Written out 2900000 reads
2021-04-14 11:19:53,812 INFO Written out 3000000 reads
2021-04-14 11:19:55,271 INFO Parsed 4000000 input reads
2021-04-14 11:20:00,692 INFO Written out 3100000 reads
2021-04-14 11:20:06,872 INFO Written out 3200000 reads
2021-04-14 11:20:13,387 INFO Written out 3300000 reads
2021-04-14 11:20:19,950 INFO Written out 3400000 reads
2021-04-14 11:20:26,962 INFO Written out 3500000 reads
2021-04-14 11:20:34,483 INFO Written out 3600000 reads
2021-04-14 11:20:41,122 INFO Written out 3700000 reads
2021-04-14 11:20:47,047 INFO Parsed 5000000 input reads
2021-04-14 11:20:48,734 INFO Written out 3800000 reads
2021-04-14 11:20:56,557 INFO Written out 3900000 reads
2021-04-14 11:21:03,404 INFO Written out 4000000 reads
2021-04-14 11:21:10,198 INFO Written out 4100000 reads
2021-04-14 11:21:18,384 INFO Written out 4200000 reads
2021-04-14 11:21:25,872 INFO Written out 4300000 reads
2021-04-14 11:21:34,159 INFO Written out 4400000 reads
2021-04-14 11:21:41,621 INFO Written out 4500000 reads
2021-04-14 11:21:43,554 INFO Parsed 6000000 input reads
2021-04-14 11:21:49,167 INFO Written out 4600000 reads
2021-04-14 11:21:57,652 INFO Written out 4700000 reads
2021-04-14 11:22:04,722 INFO Written out 4800000 reads
2021-04-14 11:22:13,681 INFO Written out 4900000 reads
2021-04-14 11:22:21,681 INFO Written out 5000000 reads
2021-04-14 11:22:32,323 INFO Written out 5100000 reads
2021-04-14 11:22:38,547 INFO Written out 5200000 reads
2021-04-14 11:23:07,424 INFO Parsed 7000000 input reads
2021-04-14 11:23:10,556 INFO Written out 5300000 reads
2021-04-14 11:23:17,211 INFO Written out 5400000 reads
2021-04-14 11:23:25,210 INFO Written out 5500000 reads
2021-04-14 11:23:32,934 INFO Written out 5600000 reads
2021-04-14 11:23:40,366 INFO Written out 5700000 reads
2021-04-14 11:23:49,008 INFO Written out 5800000 reads
2021-04-14 11:23:57,585 INFO Written out 5900000 reads
2021-04-14 11:24:05,362 INFO Written out 6000000 reads
2021-04-14 11:24:07,445 INFO Parsed 8000000 input reads
2021-04-14 11:24:13,387 INFO Written out 6100000 reads
2021-04-14 11:24:21,272 INFO Written out 6200000 reads
2021-04-14 11:24:30,175 INFO Written out 6300000 reads
2021-04-14 11:24:38,435 INFO Written out 6400000 reads
2021-04-14 11:24:47,251 INFO Written out 6500000 reads
2021-04-14 11:24:55,358 INFO Written out 6600000 reads
2021-04-14 11:25:04,568 INFO Written out 6700000 reads
2021-04-14 11:25:12,372 INFO Parsed 9000000 input reads
2021-04-14 11:25:13,842 INFO Written out 6800000 reads
2021-04-14 11:25:23,492 INFO Written out 6900000 reads
2021-04-14 11:25:32,094 INFO Written out 7000000 reads
2021-04-14 11:25:40,932 INFO Written out 7100000 reads
2021-04-14 11:25:50,991 INFO Written out 7200000 reads
2021-04-14 11:26:00,833 INFO Written out 7300000 reads
2021-04-14 11:26:10,218 INFO Written out 7400000 reads
2021-04-14 11:26:20,164 INFO Written out 7500000 reads
2021-04-14 11:26:24,293 INFO Parsed 10000000 input reads
2021-04-14 11:26:52,803 INFO Written out 7600000 reads
2021-04-14 11:27:00,857 INFO Written out 7700000 reads
2021-04-14 11:27:10,189 INFO Written out 7800000 reads
2021-04-14 11:27:19,397 INFO Written out 7900000 reads
2021-04-14 11:27:27,861 INFO Written out 8000000 reads
2021-04-14 11:27:37,411 INFO Written out 8100000 reads
2021-04-14 11:27:46,211 INFO Written out 8200000 reads
2021-04-14 11:27:56,094 INFO Parsed 11000000 input reads
2021-04-14 11:27:56,141 INFO Written out 8300000 reads
2021-04-14 11:28:04,889 INFO Written out 8400000 reads
2021-04-14 11:28:14,708 INFO Written out 8500000 reads
2021-04-14 11:28:23,679 INFO Written out 8600000 reads
2021-04-14 11:28:32,821 INFO Written out 8700000 reads
2021-04-14 11:28:41,750 INFO Written out 8800000 reads
2021-04-14 11:28:50,638 INFO Written out 8900000 reads
2021-04-14 11:29:00,948 INFO Written out 9000000 reads
2021-04-14 11:29:06,586 INFO Parsed 12000000 input reads
2021-04-14 11:29:11,912 INFO Written out 9100000 reads
2021-04-14 11:29:22,122 INFO Written out 9200000 reads
2021-04-14 11:29:32,421 INFO Written out 9300000 reads
2021-04-14 11:29:42,080 INFO Written out 9400000 reads
2021-04-14 11:29:52,314 INFO Written out 9500000 reads
2021-04-14 11:30:20,902 INFO Written out 9600000 reads
2021-04-14 11:30:30,678 INFO Written out 9700000 reads
2021-04-14 11:30:39,976 INFO Written out 9800000 reads
2021-04-14 11:30:42,516 INFO Parsed 13000000 input reads
2021-04-14 11:30:51,121 INFO Written out 9900000 reads
2021-04-14 11:31:00,416 INFO Written out 10000000 reads
2021-04-14 11:31:09,848 INFO Written out 10100000 reads
2021-04-14 11:31:18,381 INFO Written out 10200000 reads
2021-04-14 11:31:28,742 INFO Written out 10300000 reads
2021-04-14 11:31:38,745 INFO Written out 10400000 reads
2021-04-14 11:31:49,283 INFO Written out 10500000 reads
2021-04-14 11:31:55,649 INFO Parsed 14000000 input reads
2021-04-14 11:31:59,527 INFO Written out 10600000 reads
2021-04-14 11:32:10,743 INFO Written out 10700000 reads
2021-04-14 11:32:21,878 INFO Written out 10800000 reads
2021-04-14 11:32:31,743 INFO Written out 10900000 reads
2021-04-14 11:32:44,584 INFO Written out 11000000 reads
2021-04-14 11:32:56,345 INFO Written out 11100000 reads
2021-04-14 11:33:04,887 INFO Written out 11200000 reads
2021-04-14 11:33:15,432 INFO Written out 11300000 reads
2021-04-14 11:33:17,701 INFO Parsed 15000000 input reads
2021-04-14 11:33:27,301 INFO Written out 11400000 reads
2021-04-14 11:33:39,796 INFO Written out 11500000 reads
2021-04-14 11:33:53,440 INFO Written out 11600000 reads
2021-04-14 11:34:02,836 INFO Written out 11700000 reads
2021-04-14 11:34:12,000 INFO Written out 11800000 reads
2021-04-14 11:34:46,530 INFO Written out 11900000 reads
2021-04-14 11:34:57,242 INFO Written out 12000000 reads
2021-04-14 11:35:04,885 INFO Parsed 16000000 input reads
2021-04-14 11:35:05,363 INFO Written out 12100000 reads
2021-04-14 11:35:12,439 INFO Written out 12200000 reads
2021-04-14 11:35:20,638 INFO Written out 12300000 reads
2021-04-14 11:35:26,845 INFO Written out 12400000 reads
2021-04-14 11:35:34,168 INFO Written out 12500000 reads
2021-04-14 11:35:41,641 INFO Written out 12600000 reads
2021-04-14 11:35:51,035 INFO Written out 12700000 reads
2021-04-14 11:35:58,375 INFO Written out 12800000 reads
2021-04-14 11:36:01,160 INFO Parsed 17000000 input reads
2021-04-14 11:36:05,974 INFO Written out 12900000 reads
2021-04-14 11:36:14,471 INFO Written out 13000000 reads
2021-04-14 11:36:22,916 INFO Written out 13100000 reads
2021-04-14 11:36:30,449 INFO Written out 13200000 reads
2021-04-14 11:36:38,912 INFO Written out 13300000 reads
2021-04-14 11:36:47,683 INFO Written out 13400000 reads
2021-04-14 11:36:56,428 INFO Written out 13500000 reads
2021-04-14 11:37:02,629 INFO Parsed 18000000 input reads
2021-04-14 11:37:04,066 INFO Written out 13600000 reads
2021-04-14 11:37:11,844 INFO Written out 13700000 reads
2021-04-14 11:37:22,230 INFO Written out 13800000 reads
2021-04-14 11:37:27,737 INFO Written out 13900000 reads
2021-04-14 11:37:35,837 INFO Written out 14000000 reads
2021-04-14 11:37:55,062 INFO Written out 14100000 reads
2021-04-14 11:37:56,792 INFO Written out 14200000 reads
2021-04-14 11:37:58,484 INFO Written out 14300000 reads
2021-04-14 11:37:59,280 INFO Parsed 19000000 input reads
2021-04-14 11:38:00,282 INFO Written out 14400000 reads
2021-04-14 11:38:07,563 INFO Written out 14500000 reads
2021-04-14 11:38:15,857 INFO Written out 14600000 reads
2021-04-14 11:38:24,249 INFO Written out 14700000 reads
2021-04-14 11:38:33,063 INFO Written out 14800000 reads
2021-04-14 11:39:02,365 INFO Written out 14900000 reads
2021-04-14 11:39:10,560 INFO Written out 15000000 reads
2021-04-14 11:39:19,678 INFO Parsed 20000000 input reads
2021-04-14 11:39:19,785 INFO Written out 15100000 reads
2021-04-14 11:39:28,160 INFO Written out 15200000 reads
2021-04-14 11:39:37,560 INFO Written out 15300000 reads
2021-04-14 11:39:47,216 INFO Written out 15400000 reads
2021-04-14 11:39:55,554 INFO Written out 15500000 reads
2021-04-14 11:40:04,064 INFO Written out 15600000 reads
2021-04-14 11:40:13,691 INFO Written out 15700000 reads
2021-04-14 11:40:22,197 INFO Written out 15800000 reads
2021-04-14 11:40:28,461 INFO Parsed 21000000 input reads
2021-04-14 11:40:32,220 INFO Written out 15900000 reads
2021-04-14 11:40:46,973 INFO Written out 16000000 reads
2021-04-14 11:40:52,000 INFO Written out 16100000 reads
2021-04-14 11:41:02,444 INFO Written out 16200000 reads
2021-04-14 11:41:13,080 INFO Written out 16300000 reads
2021-04-14 11:41:25,359 INFO Written out 16400000 reads
2021-04-14 11:41:30,802 INFO Written out 16500000 reads
2021-04-14 11:41:41,528 INFO Written out 16600000 reads
2021-04-14 11:41:43,168 INFO Parsed 22000000 input reads
2021-04-14 11:41:51,042 INFO Written out 16700000 reads
2021-04-14 11:42:01,986 INFO Written out 16800000 reads
2021-04-14 11:42:13,196 INFO Written out 16900000 reads
2021-04-14 11:42:38,126 INFO Written out 17000000 reads
2021-04-14 11:42:48,635 INFO Written out 17100000 reads
2021-04-14 11:42:57,561 INFO Written out 17200000 reads
2021-04-14 11:43:06,863 INFO Written out 17300000 reads
2021-04-14 11:43:13,829 INFO Parsed 23000000 input reads
2021-04-14 11:43:17,370 INFO Written out 17400000 reads
2021-04-14 11:43:26,550 INFO Written out 17500000 reads
2021-04-14 11:43:38,804 INFO Written out 17600000 reads
2021-04-14 11:43:47,076 INFO Written out 17700000 reads
2021-04-14 11:43:58,251 INFO Written out 17800000 reads
2021-04-14 11:44:08,136 INFO Written out 17900000 reads
2021-04-14 11:44:18,307 INFO Written out 18000000 reads
2021-04-14 11:44:29,815 INFO Written out 18100000 reads
2021-04-14 11:44:31,951 INFO Parsed 24000000 input reads
2021-04-14 11:44:40,431 INFO Written out 18200000 reads
2021-04-14 11:44:51,258 INFO Written out 18300000 reads
2021-04-14 11:45:03,566 INFO Written out 18400000 reads
2021-04-14 11:45:16,014 INFO Written out 18500000 reads
2021-04-14 11:45:28,543 INFO Written out 18600000 reads
2021-04-14 11:45:39,607 INFO Written out 18700000 reads
2021-04-14 11:45:52,248 INFO Written out 18800000 reads
2021-04-14 11:45:59,620 INFO Parsed 25000000 input reads
2021-04-14 11:46:01,959 INFO Written out 18900000 reads
2021-04-14 11:46:14,836 INFO Written out 19000000 reads
2021-04-14 11:46:26,124 INFO Written out 19100000 reads
2021-04-14 11:46:45,152 INFO Written out 19200000 reads
2021-04-14 11:46:49,074 INFO Written out 19300000 reads
2021-04-14 11:47:03,923 INFO Written out 19400000 reads
2021-04-14 11:47:13,897 INFO Written out 19500000 reads
2021-04-14 11:47:25,821 INFO Written out 19600000 reads
2021-04-14 11:47:30,288 INFO Parsed 26000000 input reads
2021-04-14 11:47:39,311 INFO Written out 19700000 reads
2021-04-14 11:47:52,961 INFO Written out 19800000 reads
2021-04-14 11:48:27,806 INFO Written out 19900000 reads
2021-04-14 11:48:38,812 INFO Written out 20000000 reads
2021-04-14 11:48:49,577 INFO Written out 20100000 reads
2021-04-14 11:49:00,433 INFO Written out 20200000 reads
2021-04-14 11:49:11,523 INFO Written out 20300000 reads
2021-04-14 11:49:22,386 INFO Parsed 27000000 input reads
2021-04-14 11:49:24,463 INFO Written out 20400000 reads
2021-04-14 11:49:35,661 INFO Written out 20500000 reads
2021-04-14 11:49:46,900 INFO Written out 20600000 reads
2021-04-14 11:49:59,777 INFO Written out 20700000 reads
2021-04-14 11:50:12,921 INFO Written out 20800000 reads
2021-04-14 11:50:25,915 INFO Written out 20900000 reads
2021-04-14 11:50:37,471 INFO Written out 21000000 reads
2021-04-14 11:50:54,579 INFO Written out 21100000 reads
2021-04-14 11:50:55,559 INFO Parsed 28000000 input reads
2021-04-14 11:51:00,665 INFO Written out 21200000 reads
2021-04-14 11:51:13,913 INFO Written out 21300000 reads
2021-04-14 11:51:25,649 INFO Written out 21400000 reads
2021-04-14 11:51:39,380 INFO Written out 21500000 reads
2021-04-14 11:51:51,545 INFO Written out 21600000 reads
2021-04-14 11:52:05,774 INFO Written out 21700000 reads
2021-04-14 11:52:18,338 INFO Written out 21800000 reads
2021-04-14 11:52:32,654 INFO Written out 21900000 reads
2021-04-14 11:52:32,833 INFO Parsed 29000000 input reads
2021-04-14 11:53:03,879 INFO Written out 22000000 reads
2021-04-14 11:53:15,379 INFO Written out 22100000 reads
2021-04-14 11:53:26,849 INFO Written out 22200000 reads
2021-04-14 11:53:39,967 INFO Written out 22300000 reads
2021-04-14 11:53:51,454 INFO Written out 22400000 reads
2021-04-14 11:54:04,667 INFO Written out 22500000 reads
2021-04-14 11:54:16,737 INFO Written out 22600000 reads
2021-04-14 11:54:23,684 INFO Parsed 30000000 input reads
2021-04-14 11:54:28,514 INFO Written out 22700000 reads
2021-04-14 11:54:42,151 INFO Written out 22800000 reads
2021-04-14 11:54:54,102 INFO Written out 22900000 reads
2021-04-14 11:55:07,874 INFO Written out 23000000 reads
2021-04-14 11:55:21,738 INFO Written out 23100000 reads
2021-04-14 11:55:33,848 INFO Written out 23200000 reads
2021-04-14 11:55:46,391 INFO Written out 23300000 reads
2021-04-14 11:56:00,602 INFO Written out 23400000 reads
2021-04-14 11:56:02,765 INFO Parsed 31000000 input reads
2021-04-14 11:56:14,966 INFO Written out 23500000 reads
2021-04-14 11:56:27,817 INFO Written out 23600000 reads
2021-04-14 11:56:42,271 INFO Written out 23700000 reads
2021-04-14 11:56:57,131 INFO Written out 23800000 reads
2021-04-14 11:57:10,149 INFO Written out 23900000 reads
2021-04-14 11:57:41,739 INFO Written out 24000000 reads
2021-04-14 11:57:55,459 INFO Written out 24100000 reads
2021-04-14 11:58:04,582 INFO Parsed 32000000 input reads
2021-04-14 11:58:11,112 INFO Written out 24200000 reads
2021-04-14 11:58:23,240 INFO Written out 24300000 reads
2021-04-14 11:58:35,790 INFO Written out 24400000 reads
2021-04-14 11:58:47,972 INFO Written out 24500000 reads
2021-04-14 11:59:06,344 INFO Written out 24600000 reads
2021-04-14 11:59:10,961 INFO Written out 24700000 reads
2021-04-14 11:59:25,393 INFO Written out 24800000 reads
2021-04-14 11:59:41,807 INFO Written out 24900000 reads
2021-04-14 11:59:42,341 INFO Parsed 33000000 input reads
2021-04-14 11:59:52,186 INFO Written out 25000000 reads
2021-04-14 12:00:06,134 INFO Written out 25100000 reads
2021-04-14 12:00:20,476 INFO Written out 25200000 reads
2021-04-14 12:00:32,945 INFO Written out 25300000 reads
2021-04-14 12:00:45,553 INFO Written out 25400000 reads
2021-04-14 12:01:00,068 INFO Written out 25500000 reads
2021-04-14 12:01:32,938 INFO Written out 25600000 reads
2021-04-14 12:01:34,383 INFO Parsed 34000000 input reads
2021-04-14 12:01:35,230 INFO Written out 25700000 reads
2021-04-14 12:01:37,316 INFO Written out 25800000 reads
2021-04-14 12:01:39,413 INFO Written out 25900000 reads
2021-04-14 12:01:44,754 INFO Written out 26000000 reads
2021-04-14 12:01:59,810 INFO Written out 26100000 reads
2021-04-14 12:02:17,120 INFO Written out 26200000 reads
2021-04-14 12:02:34,931 INFO Written out 26300000 reads
2021-04-14 12:02:41,509 INFO Written out 26400000 reads
2021-04-14 12:02:44,232 INFO Parsed 35000000 input reads
2021-04-14 12:02:56,863 INFO Written out 26500000 reads
2021-04-14 12:03:10,231 INFO Written out 26600000 reads
2021-04-14 12:03:25,701 INFO Written out 26700000 reads
2021-04-14 12:03:41,581 INFO Written out 26800000 reads
2021-04-14 12:03:55,646 INFO Written out 26900000 reads
2021-04-14 12:04:10,177 INFO Written out 27000000 reads
2021-04-14 12:04:36,405 INFO Written out 27100000 reads
2021-04-14 12:04:37,962 INFO Parsed 36000000 input reads
2021-04-14 12:04:38,550 INFO Written out 27200000 reads
2021-04-14 12:04:50,884 INFO Written out 27300000 reads
2021-04-14 12:05:07,642 INFO Written out 27400000 reads
2021-04-14 12:05:53,513 INFO Written out 27500000 reads
2021-04-14 12:06:08,601 INFO Written out 27600000 reads
2021-04-14 12:06:21,949 INFO Written out 27700000 reads
2021-04-14 12:06:35,214 INFO Written out 27800000 reads
2021-04-14 12:06:48,641 INFO Written out 27900000 reads
2021-04-14 12:06:53,716 INFO Parsed 37000000 input reads
2021-04-14 12:07:04,291 INFO Written out 28000000 reads
2021-04-14 12:07:17,700 INFO Written out 28100000 reads
2021-04-14 12:07:33,486 INFO Written out 28200000 reads
2021-04-14 12:07:47,025 INFO Written out 28300000 reads
2021-04-14 12:08:00,971 INFO Written out 28400000 reads
2021-04-14 12:08:14,598 INFO Written out 28500000 reads
2021-04-14 12:08:32,707 INFO Written out 28600000 reads
2021-04-14 12:08:43,991 INFO Parsed 38000000 input reads
2021-04-14 12:08:46,561 INFO Written out 28700000 reads
2021-04-14 12:09:00,457 INFO Written out 28800000 reads
2021-04-14 12:09:14,364 INFO Written out 28900000 reads
2021-04-14 12:09:30,560 INFO Written out 29000000 reads
2021-04-14 12:09:46,854 INFO Written out 29100000 reads
2021-04-14 12:10:03,599 INFO Written out 29200000 reads
2021-04-14 12:10:17,814 INFO Written out 29300000 reads
2021-04-14 12:10:37,001 INFO Written out 29400000 reads
2021-04-14 12:10:43,070 INFO Parsed 39000000 input reads
2021-04-14 12:10:51,650 INFO Written out 29500000 reads
2021-04-14 12:11:08,305 INFO Written out 29600000 reads
2021-04-14 12:11:28,278 INFO Written out 29700000 reads
2021-04-14 12:11:33,402 INFO Written out 29800000 reads
2021-04-14 12:11:50,460 INFO Written out 29900000 reads
2021-04-14 12:12:02,825 INFO Written out 30000000 reads
2021-04-14 12:12:17,820 INFO Written out 30100000 reads
2021-04-14 12:12:35,281 INFO Parsed 40000000 input reads
2021-04-14 12:12:35,297 INFO Written out 30200000 reads
2021-04-14 12:12:52,985 INFO Written out 30300000 reads
2021-04-14 12:13:05,716 INFO Written out 30400000 reads
2021-04-14 12:13:23,195 INFO Written out 30500000 reads
2021-04-14 12:14:06,132 INFO Written out 30600000 reads
2021-04-14 12:14:22,178 INFO Written out 30700000 reads
2021-04-14 12:14:36,415 INFO Written out 30800000 reads
2021-04-14 12:14:53,009 INFO Written out 30900000 reads
2021-04-14 12:15:01,497 INFO Parsed 41000000 input reads
2021-04-14 12:15:12,221 INFO Written out 31000000 reads
2021-04-14 12:15:24,349 INFO Written out 31100000 reads
2021-04-14 12:15:41,251 INFO Written out 31200000 reads
2021-04-14 12:15:55,714 INFO Written out 31300000 reads
2021-04-14 12:16:10,268 INFO Written out 31400000 reads
2021-04-14 12:16:24,801 INFO Written out 31500000 reads
2021-04-14 12:16:37,071 INFO Written out 31600000 reads
2021-04-14 12:16:51,544 INFO Written out 31700000 reads
2021-04-14 12:16:54,065 INFO Parsed 42000000 input reads
2021-04-14 12:17:08,242 INFO Written out 31800000 reads
2021-04-14 12:17:25,144 INFO Written out 31900000 reads
2021-04-14 12:17:39,923 INFO Written out 32000000 reads
2021-04-14 12:17:57,493 INFO Written out 32100000 reads
2021-04-14 12:18:15,149 INFO Written out 32200000 reads
2021-04-14 12:18:27,516 INFO Written out 32300000 reads
2021-04-14 12:18:42,317 INFO Written out 32400000 reads
2021-04-14 12:18:46,656 INFO Parsed 43000000 input reads
2021-04-14 12:18:55,078 INFO Written out 32500000 reads
2021-04-14 12:19:07,977 INFO Written out 32600000 reads
2021-04-14 12:19:25,962 INFO Written out 32700000 reads
2021-04-14 12:19:36,511 INFO Written out 32800000 reads
2021-04-14 12:19:54,414 INFO Written out 32900000 reads
2021-04-14 12:20:09,846 INFO Written out 33000000 reads
2021-04-14 12:20:33,335 INFO Written out 33100000 reads
2021-04-14 12:20:36,030 INFO Written out 33200000 reads
2021-04-14 12:20:39,392 INFO Parsed 44000000 input reads
2021-04-14 12:20:54,182 INFO Written out 33300000 reads
2021-04-14 12:21:33,856 INFO Written out 33400000 reads
2021-04-14 12:21:51,101 INFO Written out 33500000 reads
2021-04-14 12:22:08,189 INFO Written out 33600000 reads
2021-04-14 12:22:25,402 INFO Written out 33700000 reads
2021-04-14 12:22:39,747 INFO Written out 33800000 reads
2021-04-14 12:22:52,477 INFO Written out 33900000 reads
2021-04-14 12:23:06,892 INFO Parsed 45000000 input reads
2021-04-14 12:23:10,101 INFO Written out 34000000 reads
2021-04-14 12:23:25,118 INFO Written out 34100000 reads
2021-04-14 12:23:42,827 INFO Written out 34200000 reads
2021-04-14 12:23:57,971 INFO Written out 34300000 reads
2021-04-14 12:24:13,117 INFO Written out 34400000 reads
2021-04-14 12:24:30,901 INFO Written out 34500000 reads
2021-04-14 12:24:43,720 INFO Written out 34600000 reads
2021-04-14 12:25:01,865 INFO Written out 34700000 reads
2021-04-14 12:25:07,770 INFO Parsed 46000000 input reads
2021-04-14 12:25:20,052 INFO Written out 34800000 reads
2021-04-14 12:25:35,829 INFO Written out 34900000 reads
2021-04-14 12:25:56,767 INFO Written out 35000000 reads
2021-04-14 12:26:09,758 INFO Written out 35100000 reads
2021-04-14 12:26:25,734 INFO Written out 35200000 reads
2021-04-14 12:26:44,473 INFO Written out 35300000 reads
2021-04-14 12:26:58,103 INFO Written out 35400000 reads
2021-04-14 12:27:14,019 INFO Parsed 47000000 input reads
2021-04-14 12:27:17,049 INFO Written out 35500000 reads
2021-04-14 12:27:44,405 INFO Written out 35600000 reads
2021-04-14 12:27:49,276 INFO Written out 35700000 reads
2021-04-14 12:28:03,000 INFO Written out 35800000 reads
2021-04-14 12:28:22,435 INFO Written out 35900000 reads
2021-04-14 12:28:41,382 INFO Written out 36000000 reads
2021-04-14 12:28:58,057 INFO Written out 36100000 reads
2021-04-14 12:29:17,390 INFO Written out 36200000 reads
2021-04-14 12:29:51,323 INFO Parsed 48000000 input reads
2021-04-14 12:30:01,372 INFO Written out 36300000 reads
2021-04-14 12:30:20,169 INFO Written out 36400000 reads
2021-04-14 12:30:39,056 INFO Written out 36500000 reads
2021-04-14 12:30:57,756 INFO Written out 36600000 reads
2021-04-14 12:31:11,605 INFO Written out 36700000 reads
2021-04-14 12:31:30,926 INFO Written out 36800000 reads
2021-04-14 12:31:50,471 INFO Written out 36900000 reads
2021-04-14 12:32:03,588 INFO Parsed 49000000 input reads
2021-04-14 12:32:03,989 INFO Written out 37000000 reads
2021-04-14 12:32:20,618 INFO Written out 37100000 reads
2021-04-14 12:32:40,225 INFO Written out 37200000 reads
2021-04-14 12:32:59,844 INFO Written out 37300000 reads
2021-04-14 12:33:19,714 INFO Written out 37400000 reads
2021-04-14 12:33:36,520 INFO Written out 37500000 reads
2021-04-14 12:33:56,446 INFO Written out 37600000 reads
2021-04-14 12:34:13,415 INFO Written out 37700000 reads
2021-04-14 12:34:20,382 INFO Parsed 50000000 input reads
2021-04-14 12:34:33,530 INFO Written out 37800000 reads
2021-04-14 12:34:50,735 INFO Written out 37900000 reads
2021-04-14 12:35:26,271 INFO Written out 38000000 reads
2021-04-14 12:35:45,800 INFO Written out 38100000 reads
2021-04-14 12:36:05,399 INFO Written out 38200000 reads
2021-04-14 12:36:21,987 INFO Written out 38300000 reads
2021-04-14 12:36:41,349 INFO Written out 38400000 reads
2021-04-14 12:36:58,477 INFO Written out 38500000 reads
2021-04-14 12:36:58,501 INFO Parsed 51000000 input reads
2021-04-14 12:37:18,470 INFO Written out 38600000 reads
2021-04-14 12:37:38,318 INFO Written out 38700000 reads
2021-04-14 12:37:58,413 INFO Written out 38800000 reads
2021-04-14 12:38:15,721 INFO Written out 38900000 reads
2021-04-14 12:38:35,896 INFO Written out 39000000 reads
2021-04-14 12:38:53,658 INFO Written out 39100000 reads
2021-04-14 12:39:14,000 INFO Written out 39200000 reads
2021-04-14 12:39:24,395 INFO Parsed 52000000 input reads
2021-04-14 12:39:31,624 INFO Written out 39300000 reads
2021-04-14 12:39:52,204 INFO Written out 39400000 reads
2021-04-14 12:40:12,746 INFO Written out 39500000 reads
2021-04-14 12:40:30,319 INFO Written out 39600000 reads
2021-04-14 12:40:47,913 INFO Written out 39700000 reads
2021-04-14 12:41:08,757 INFO Written out 39800000 reads
2021-04-14 12:41:29,419 INFO Written out 39900000 reads
2021-04-14 12:41:50,795 INFO Written out 40000000 reads
2021-04-14 12:41:51,049 INFO Parsed 53000000 input reads
2021-04-14 12:42:05,847 INFO Written out 40100000 reads
2021-04-14 12:42:14,383 INFO Written out 40200000 reads
2021-04-14 12:42:35,522 INFO Written out 40300000 reads
2021-04-14 12:42:53,953 INFO Written out 40400000 reads
2021-04-14 12:43:22,156 INFO Written out 40500000 reads
2021-04-14 12:43:30,503 INFO Written out 40600000 reads
2021-04-14 12:44:12,455 INFO Written out 40700000 reads
2021-04-14 12:44:25,699 INFO Parsed 54000000 input reads
2021-04-14 12:44:35,421 INFO Written out 40800000 reads
2021-04-14 12:44:52,734 INFO Written out 40900000 reads
2021-04-14 12:45:10,173 INFO Written out 41000000 reads
2021-04-14 12:45:28,003 INFO Written out 41100000 reads
2021-04-14 12:45:45,762 INFO Written out 41200000 reads
2021-04-14 12:46:06,577 INFO Written out 41300000 reads
2021-04-14 12:46:24,052 INFO Written out 41400000 reads
2021-04-14 12:46:44,232 INFO Written out 41500000 reads
2021-04-14 12:46:47,788 INFO Parsed 55000000 input reads
2021-04-14 12:47:05,128 INFO Written out 41600000 reads
2021-04-14 12:47:19,711 INFO Written out 41700000 reads
2021-04-14 12:47:40,060 INFO Written out 41800000 reads
2021-04-14 12:47:57,925 INFO Written out 41900000 reads
2021-04-14 12:48:18,619 INFO Written out 42000000 reads
2021-04-14 12:48:39,367 INFO Written out 42100000 reads
2021-04-14 12:48:57,249 INFO Written out 42200000 reads
2021-04-14 12:49:14,384 INFO Parsed 56000000 input reads
2021-04-14 12:49:34,686 INFO Written out 42300000 reads
2021-04-14 12:49:52,285 INFO Written out 42400000 reads
2021-04-14 12:50:10,071 INFO Written out 42500000 reads
2021-04-14 12:50:30,552 INFO Written out 42600000 reads
2021-04-14 12:50:48,305 INFO Written out 42700000 reads
2021-04-14 12:51:06,459 INFO Written out 42800000 reads
2021-04-14 12:51:24,161 INFO Written out 42900000 reads
2021-04-14 12:51:45,200 INFO Written out 43000000 reads
2021-04-14 12:52:01,845 INFO Parsed 57000000 input reads
2021-04-14 12:52:03,333 INFO Written out 43100000 reads
2021-04-14 12:52:21,316 INFO Written out 43200000 reads
2021-04-14 12:52:39,827 INFO Written out 43300000 reads
2021-04-14 12:53:04,611 INFO Written out 43400000 reads
2021-04-14 12:53:19,942 INFO Written out 43500000 reads
2021-04-14 12:53:41,415 INFO Written out 43600000 reads
2021-04-14 12:54:00,130 INFO Written out 43700000 reads
2021-04-14 12:54:18,208 INFO Parsed 58000000 input reads
2021-04-14 12:54:18,775 INFO Written out 43800000 reads
2021-04-14 12:54:40,361 INFO Written out 43900000 reads
2021-04-14 12:55:02,245 INFO Written out 44000000 reads
2021-04-14 12:55:21,013 INFO Written out 44100000 reads
2021-04-14 12:55:56,124 INFO Written out 44200000 reads
2021-04-14 12:55:58,646 INFO Written out 44300000 reads
2021-04-14 12:56:38,247 INFO Written out 44400000 reads
2021-04-14 12:56:56,685 INFO Written out 44500000 reads
2021-04-14 12:57:04,124 INFO Parsed 59000000 input reads
2021-04-14 12:57:18,253 INFO Written out 44600000 reads
2021-04-14 12:57:36,847 INFO Written out 44700000 reads
2021-04-14 12:57:58,253 INFO Written out 44800000 reads
2021-04-14 12:58:22,787 INFO Written out 44900000 reads
2021-04-14 12:58:38,209 INFO Written out 45000000 reads
2021-04-14 12:58:59,736 INFO Written out 45100000 reads
2021-04-14 12:59:18,501 INFO Written out 45200000 reads
2021-04-14 12:59:34,043 INFO Parsed 60000000 input reads
2021-04-14 12:59:37,278 INFO Written out 45300000 reads
2021-04-14 12:59:55,957 INFO Written out 45400000 reads
2021-04-14 13:00:21,098 INFO Written out 45500000 reads
2021-04-14 13:00:43,039 INFO Written out 45600000 reads
2021-04-14 13:01:08,497 INFO Written out 45700000 reads
2021-04-14 13:01:20,947 INFO Written out 45800000 reads
2021-04-14 13:01:42,996 INFO Written out 45900000 reads
2021-04-14 13:02:01,738 INFO Written out 46000000 reads
2021-04-14 13:02:12,790 INFO Parsed 61000000 input reads
2021-04-14 13:02:23,703 INFO Written out 46100000 reads
2021-04-14 13:02:48,966 INFO Written out 46200000 reads
2021-04-14 13:03:11,181 INFO Written out 46300000 reads
2021-04-14 13:03:30,196 INFO Written out 46400000 reads
2021-04-14 13:03:52,407 INFO Written out 46500000 reads
2021-04-14 13:04:15,052 INFO Written out 46600000 reads
2021-04-14 13:04:37,964 INFO Written out 46700000 reads
2021-04-14 13:05:00,955 INFO Written out 46800000 reads
2021-04-14 13:05:01,080 INFO Parsed 62000000 input reads
2021-04-14 13:05:20,443 INFO Written out 46900000 reads
2021-04-14 13:05:58,188 INFO Written out 47000000 reads
2021-04-14 13:06:00,053 INFO Written out 47100000 reads
2021-04-14 13:06:09,432 INFO Written out 47200000 reads
2021-04-14 13:06:29,553 INFO Written out 47300000 reads
2021-04-14 13:06:49,443 INFO Written out 47400000 reads
2021-04-14 13:07:12,704 INFO Written out 47500000 reads
2021-04-14 13:07:28,352 INFO Parsed 63000000 input reads
2021-04-14 13:07:32,966 INFO Written out 47600000 reads
2021-04-14 13:08:00,268 INFO Written out 47700000 reads
2021-04-14 13:08:13,058 INFO Written out 47800000 reads
2021-04-14 13:08:37,031 INFO Written out 47900000 reads
2021-04-14 13:08:57,173 INFO Written out 48000000 reads
2021-04-14 13:09:20,668 INFO Written out 48100000 reads
2021-04-14 13:10:14,530 INFO Written out 48200000 reads
2021-04-14 13:10:37,080 INFO Written out 48300000 reads
2021-04-14 13:10:47,348 INFO Parsed 64000000 input reads
2021-04-14 13:10:59,479 INFO Written out 48400000 reads
2021-04-14 13:11:18,770 INFO Written out 48500000 reads
2021-04-14 13:11:41,520 INFO Written out 48600000 reads
2021-04-14 13:12:00,985 INFO Written out 48700000 reads
2021-04-14 13:12:23,623 INFO Written out 48800000 reads
2021-04-14 13:12:46,612 INFO Written out 48900000 reads
2021-04-14 13:13:09,361 INFO Written out 49000000 reads
2021-04-14 13:13:24,449 INFO Parsed 65000000 input reads
2021-04-14 13:13:32,197 INFO Written out 49100000 reads
2021-04-14 13:13:51,974 INFO Written out 49200000 reads
2021-04-14 13:14:14,807 INFO Written out 49300000 reads
2021-04-14 13:14:34,428 INFO Written out 49400000 reads
2021-04-14 13:15:00,755 INFO Written out 49500000 reads
2021-04-14 13:15:20,365 INFO Written out 49600000 reads
2021-04-14 13:15:40,274 INFO Written out 49700000 reads
2021-04-14 13:15:57,175 INFO Written out 49800000 reads
2021-04-14 13:15:57,905 INFO Parsed 66000000 input reads
2021-04-14 13:16:14,207 INFO Written out 49900000 reads
2021-04-14 13:16:31,106 INFO Written out 50000000 reads
2021-04-14 13:16:48,449 INFO Written out 50100000 reads
2021-04-14 13:17:09,491 INFO Written out 50200000 reads
2021-04-14 13:17:30,349 INFO Written out 50300000 reads
2021-04-14 13:18:24,133 INFO Written out 50400000 reads
2021-04-14 13:18:44,449 INFO Written out 50500000 reads
2021-04-14 13:18:45,837 INFO Parsed 67000000 input reads
2021-04-14 13:18:46,606 INFO Written out 50600000 reads
2021-04-14 13:19:03,810 INFO Written out 50700000 reads
2021-04-14 13:19:27,580 INFO Written out 50800000 reads
2021-04-14 13:19:47,946 INFO Written out 50900000 reads
2021-04-14 13:20:08,469 INFO Written out 51000000 reads
2021-04-14 13:20:32,540 INFO Written out 51100000 reads
2021-04-14 13:20:56,460 INFO Written out 51200000 reads
2021-04-14 13:21:17,149 INFO Written out 51300000 reads
2021-04-14 13:21:21,297 INFO Parsed 68000000 input reads
2021-04-14 13:21:41,311 INFO Written out 51400000 reads
2021-04-14 13:22:05,956 INFO Written out 51500000 reads
2021-04-14 13:22:22,962 INFO Written out 51600000 reads
2021-04-14 13:22:47,476 INFO Written out 51700000 reads
2021-04-14 13:23:08,682 INFO Written out 51800000 reads
2021-04-14 13:23:33,520 INFO Written out 51900000 reads
2021-04-14 13:23:58,078 INFO Written out 52000000 reads
2021-04-14 13:24:14,662 INFO Parsed 69000000 input reads
2021-04-14 13:24:18,969 INFO Written out 52100000 reads
2021-04-14 13:24:43,261 INFO Written out 52200000 reads
2021-04-14 13:25:07,536 INFO Written out 52300000 reads
2021-04-14 13:25:28,467 INFO Written out 52400000 reads
2021-04-14 13:26:11,104 INFO Written out 52500000 reads
2021-04-14 13:26:13,178 INFO Written out 52600000 reads
2021-04-14 13:26:16,681 INFO Written out 52700000 reads
2021-04-14 13:26:23,978 INFO Written out 52800000 reads
2021-04-14 13:26:32,155 INFO Parsed 70000000 input reads
2021-04-14 13:26:49,217 INFO Written out 52900000 reads
2021-04-14 13:27:14,256 INFO Written out 53000000 reads
2021-04-14 13:27:35,576 INFO Written out 53100000 reads
2021-04-14 13:28:00,565 INFO Written out 53200000 reads
2021-04-14 13:28:18,811 INFO Written out 53300000 reads
2021-04-14 13:28:44,411 INFO Written out 53400000 reads
2021-04-14 13:29:10,076 INFO Written out 53500000 reads
2021-04-14 13:29:31,276 INFO Parsed 71000000 input reads
2021-04-14 13:29:31,978 INFO Written out 53600000 reads
2021-04-14 13:29:54,058 INFO Written out 53700000 reads
2021-04-14 13:30:19,985 INFO Written out 53800000 reads
2021-04-14 13:30:45,900 INFO Written out 53900000 reads
2021-04-14 13:31:11,986 INFO Written out 54000000 reads
2021-04-14 13:31:34,290 INFO Written out 54100000 reads
2021-04-14 13:32:00,499 INFO Written out 54200000 reads
2021-04-14 13:32:57,096 INFO Written out 54300000 reads
2021-04-14 13:33:05,121 INFO Parsed 72000000 input reads
2021-04-14 13:33:18,340 INFO Written out 54400000 reads
2021-04-14 13:33:43,255 INFO Written out 54500000 reads
2021-04-14 13:34:04,473 INFO Written out 54600000 reads
2021-04-14 13:34:25,935 INFO Written out 54700000 reads
2021-04-14 13:34:50,993 INFO Written out 54800000 reads
2021-04-14 13:35:12,327 INFO Written out 54900000 reads
2021-04-14 13:35:37,545 INFO Written out 55000000 reads
2021-04-14 13:35:54,761 INFO Parsed 73000000 input reads
2021-04-14 13:35:59,042 INFO Written out 55100000 reads
2021-04-14 13:36:24,418 INFO Written out 55200000 reads
2021-04-14 13:36:46,334 INFO Written out 55300000 reads
2021-04-14 13:37:12,024 INFO Written out 55400000 reads
2021-04-14 13:37:33,946 INFO Written out 55500000 reads
2021-04-14 13:37:59,559 INFO Written out 55600000 reads
2021-04-14 13:38:21,751 INFO Written out 55700000 reads
2021-04-14 13:38:47,859 INFO Written out 55800000 reads
2021-04-14 13:38:56,862 INFO Parsed 74000000 input reads
2021-04-14 13:39:10,243 INFO Written out 55900000 reads
2021-04-14 13:39:36,249 INFO Written out 56000000 reads
2021-04-14 13:40:06,407 INFO Written out 56100000 reads
2021-04-14 13:40:28,530 INFO Written out 56200000 reads
2021-04-14 13:40:51,079 INFO Written out 56300000 reads
2021-04-14 13:41:17,496 INFO Written out 56400000 reads
2021-04-14 13:41:52,208 INFO Written out 56500000 reads
2021-04-14 13:42:02,782 INFO Parsed 75000000 input reads
2021-04-14 13:42:02,836 INFO Written out 56600000 reads
2021-04-14 13:42:29,690 INFO Written out 56700000 reads
2021-04-14 13:42:52,722 INFO Written out 56800000 reads
2021-04-14 13:43:19,581 INFO Written out 56900000 reads
2021-04-14 13:44:25,656 INFO Written out 57000000 reads
2021-04-14 13:44:28,180 INFO Written out 57100000 reads
2021-04-14 13:44:54,719 INFO Written out 57200000 reads
2021-04-14 13:45:16,881 INFO Written out 57300000 reads
2021-04-14 13:45:29,872 INFO Parsed 76000000 input reads
2021-04-14 13:45:47,102 INFO Written out 57400000 reads
2021-04-14 13:46:05,137 INFO Written out 57500000 reads
2021-04-14 13:46:23,813 INFO Written out 57600000 reads
2021-04-14 13:46:50,093 INFO Written out 57700000 reads
2021-04-14 13:47:16,439 INFO Written out 57800000 reads
2021-04-14 13:47:38,809 INFO Written out 57900000 reads
2021-04-14 13:48:04,773 INFO Written out 58000000 reads
2021-04-14 13:48:30,907 INFO Written out 58100000 reads
2021-04-14 13:48:30,928 INFO Parsed 77000000 input reads
2021-04-14 13:48:52,931 INFO Written out 58200000 reads
2021-04-14 13:49:15,425 INFO Written out 58300000 reads
2021-04-14 13:49:41,916 INFO Written out 58400000 reads
2021-04-14 13:50:08,479 INFO Written out 58500000 reads
2021-04-14 13:50:35,123 INFO Written out 58600000 reads
2021-04-14 13:50:57,990 INFO Written out 58700000 reads
2021-04-14 13:51:21,082 INFO Written out 58800000 reads
2021-04-14 13:51:39,012 INFO Parsed 78000000 input reads
2021-04-14 13:51:48,280 INFO Written out 58900000 reads
2021-04-14 13:52:11,534 INFO Written out 59000000 reads
2021-04-14 13:52:38,727 INFO Written out 59100000 reads
2021-04-14 13:53:06,165 INFO Written out 59200000 reads
2021-04-14 13:53:37,740 INFO Written out 59300000 reads
2021-04-14 13:53:56,771 INFO Written out 59400000 reads
2021-04-14 13:54:20,098 INFO Written out 59500000 reads
2021-04-14 13:54:47,538 INFO Written out 59600000 reads
2021-04-14 13:54:48,067 INFO Parsed 79000000 input reads
2021-04-14 13:55:11,262 INFO Written out 59700000 reads
2021-04-14 13:55:39,226 INFO Written out 59800000 reads
2021-04-14 13:56:03,542 INFO Written out 59900000 reads
2021-04-14 13:56:40,233 INFO Written out 60000000 reads
2021-04-14 13:57:28,704 INFO Written out 60100000 reads
2021-04-14 13:57:52,326 INFO Written out 60200000 reads
2021-04-14 13:58:14,987 INFO Written out 60300000 reads
2021-04-14 13:58:37,073 INFO Parsed 80000000 input reads
2021-04-14 13:58:42,070 INFO Written out 60400000 reads
2021-04-14 13:59:04,908 INFO Written out 60500000 reads
2021-04-14 13:59:35,977 INFO Written out 60600000 reads
2021-04-14 13:59:59,240 INFO Written out 60700000 reads
2021-04-14 14:00:26,401 INFO Written out 60800000 reads
2021-04-14 14:00:49,719 INFO Written out 60900000 reads
2021-04-14 14:01:21,183 INFO Written out 61000000 reads
2021-04-14 14:01:44,572 INFO Written out 61100000 reads
2021-04-14 14:01:53,474 INFO Parsed 81000000 input reads
2021-04-14 14:02:12,069 INFO Written out 61200000 reads
2021-04-14 14:02:39,475 INFO Written out 61300000 reads
2021-04-14 14:03:02,996 INFO Written out 61400000 reads
2021-04-14 14:03:30,793 INFO Written out 61500000 reads
2021-04-14 14:03:58,430 INFO Written out 61600000 reads
2021-04-14 14:04:22,249 INFO Written out 61700000 reads
2021-04-14 14:04:50,066 INFO Written out 61800000 reads
2021-04-14 14:05:09,388 INFO Parsed 82000000 input reads
2021-04-14 14:05:18,442 INFO Written out 61900000 reads
2021-04-14 14:05:42,280 INFO Written out 62000000 reads
2021-04-14 14:06:06,310 INFO Written out 62100000 reads
2021-04-14 14:06:34,576 INFO Written out 62200000 reads
2021-04-14 14:06:58,697 INFO Written out 62300000 reads
2021-04-14 14:07:22,900 INFO Written out 62400000 reads
2021-04-14 14:07:51,467 INFO Written out 62500000 reads
2021-04-14 14:08:15,769 INFO Written out 62600000 reads
2021-04-14 14:08:25,397 INFO Parsed 83000000 input reads
2021-04-14 14:08:48,799 INFO Written out 62700000 reads
2021-04-14 14:09:38,899 INFO Written out 62800000 reads
2021-04-14 14:10:02,609 INFO Written out 62900000 reads
2021-04-14 14:10:30,344 INFO Written out 63000000 reads
2021-04-14 14:10:53,949 INFO Written out 63100000 reads
2021-04-14 14:11:21,373 INFO Written out 63200000 reads
2021-04-14 14:11:45,004 INFO Written out 63300000 reads
2021-04-14 14:12:08,152 INFO Parsed 84000000 input reads
2021-04-14 14:12:12,454 INFO Written out 63400000 reads
2021-04-14 14:12:36,095 INFO Written out 63500000 reads
2021-04-14 14:13:03,731 INFO Written out 63600000 reads
2021-04-14 14:13:31,282 INFO Written out 63700000 reads
2021-04-14 14:13:58,677 INFO Written out 63800000 reads
2021-04-14 14:14:21,718 INFO Written out 63900000 reads
2021-04-14 14:14:48,905 INFO Written out 64000000 reads
2021-04-14 14:15:24,423 INFO Written out 64100000 reads
2021-04-14 14:15:25,474 INFO Parsed 85000000 input reads
2021-04-14 14:15:39,399 INFO Written out 64200000 reads
2021-04-14 14:16:11,030 INFO Written out 64300000 reads
2021-04-14 14:16:34,343 INFO Written out 64400000 reads
2021-04-14 14:16:53,545 INFO Written out 64500000 reads
2021-04-14 14:17:21,650 INFO Written out 64600000 reads
2021-04-14 14:17:45,600 INFO Written out 64700000 reads
2021-04-14 14:18:04,924 INFO Written out 64800000 reads
2021-04-14 14:20:43,064 INFO Written out 64900000 reads
2021-04-14 14:20:43,083 INFO Parsed 86000000 input reads
2021-04-14 14:20:45,088 INFO Written out 65000000 reads
2021-04-14 14:20:46,845 INFO Written out 65100000 reads
2021-04-14 14:20:48,580 INFO Written out 65200000 reads
2021-04-14 14:20:50,387 INFO Written out 65300000 reads
2021-04-14 14:20:52,148 INFO Written out 65400000 reads
2021-04-14 14:20:55,298 INFO Written out 65500000 reads
2021-04-14 14:20:57,218 INFO Written out 65600000 reads
2021-04-14 14:20:58,298 INFO Parsed 87000000 input reads
2021-04-14 14:20:59,387 INFO Written out 65700000 reads
2021-04-14 14:21:01,437 INFO Written out 65800000 reads
2021-04-14 14:21:04,809 INFO Written out 65900000 reads
2021-04-14 14:21:08,267 INFO Written out 66000000 reads
2021-04-14 14:21:11,212 INFO Written out 66100000 reads
2021-04-14 14:21:14,092 INFO Written out 66200000 reads
2021-04-14 14:21:19,053 INFO Written out 66300000 reads
2021-04-14 14:21:21,719 INFO Parsed 88000000 input reads
2021-04-14 14:21:21,908 INFO Written out 66400000 reads
2021-04-14 14:21:25,484 INFO Written out 66500000 reads
2021-04-14 14:21:28,565 INFO Written out 66600000 reads
2021-04-14 14:21:33,325 INFO Written out 66700000 reads
2021-04-14 14:21:36,150 INFO Written out 66800000 reads
2021-04-14 14:21:38,471 INFO Written out 66900000 reads
2021-04-14 14:21:40,883 INFO Written out 67000000 reads
2021-04-14 14:21:44,016 INFO Written out 67100000 reads
2021-04-14 14:21:44,996 INFO Parsed 89000000 input reads
2021-04-14 14:21:46,281 INFO Written out 67200000 reads
2021-04-14 14:21:48,665 INFO Written out 67300000 reads
2021-04-14 14:21:51,378 INFO Written out 67400000 reads
2021-04-14 14:21:53,421 INFO Written out 67500000 reads
2021-04-14 14:21:55,784 INFO Written out 67600000 reads
2021-04-14 14:21:59,566 INFO Written out 67700000 reads
2021-04-14 14:22:03,045 INFO Written out 67800000 reads
2021-04-14 14:22:05,564 INFO Parsed 90000000 input reads
2021-04-14 14:22:05,835 INFO Written out 67900000 reads
2021-04-14 14:22:08,969 INFO Written out 68000000 reads
2021-04-14 14:22:10,697 INFO Written out 68100000 reads
2021-04-14 14:22:12,457 INFO Written out 68200000 reads
2021-04-14 14:22:14,484 INFO Written out 68300000 reads
2021-04-14 14:22:16,215 INFO Written out 68400000 reads
2021-04-14 14:22:17,948 INFO Written out 68500000 reads
2021-04-14 14:22:20,682 INFO Written out 68600000 reads
2021-04-14 14:22:21,497 INFO Parsed 91000000 input reads
2021-04-14 14:22:22,529 INFO Written out 68700000 reads
2021-04-14 14:22:24,402 INFO Written out 68800000 reads
2021-04-14 14:22:55,796 INFO Written out 68900000 reads
2021-04-14 14:23:00,448 INFO Written out 69000000 reads
2021-04-14 14:23:04,777 INFO Written out 69100000 reads
2021-04-14 14:23:08,846 INFO Written out 69200000 reads
2021-04-14 14:23:41,006 INFO Written out 69300000 reads
2021-04-14 14:24:07,464 INFO Written out 69400000 reads
2021-04-14 14:24:07,470 INFO Parsed 92000000 input reads
2021-04-14 14:24:33,386 INFO Written out 69500000 reads
2021-04-14 14:25:00,626 INFO Written out 69600000 reads
2021-04-14 14:25:21,539 INFO Searching for mates for 0 unmatched alignments
2021-04-14 14:29:13,112 INFO 0 mates never found
2021-04-14 14:43:13,724 INFO Reads: Input Reads: 92364374, Read pairs: 92364374, Read 2 unmapped: 6402
2021-04-14 14:43:13,735 INFO Number of reads out: 69668753
2021-04-14 14:43:13,735 INFO Total number of positions deduplicated: 57868832
2021-04-14 14:43:13,736 INFO Mean number of unique UMIs per position: 1.21
2021-04-14 14:43:13,736 INFO Max. number of unique UMIs per position: 2757
# job finished in 13069 seconds at Wed Apr 14 14:43:13 2021 -- 12803.99 229.83  0.00  0.00 -- 2d14d10d-239f-4bcf-81a4-ef086984233e
