# UMI-tools version: 1.1.1
# output generated by dedup -I 03_alignedData/bam/4_KB_A6Aligned.sortedByCoord.out.bam -L 04_dedupUmis/log/4_KB_A6.log -S 04_dedupUmis/bam/4_KB_A6.bam --umi-separator=: --temp-dir=. --paired --output-stats=04_dedupUmis/log/4_KB_A6
# job started at Wed Apr 14 11:02:30 2021 on r5-n43 -- 47ba043a-805b-499f-897a-4d5f54ed9948
# pid: 132042, system: Linux 3.10.0-1062.9.1.el7.x86_64 #1 SMP Mon Dec 2 08:31:54 EST 2019 x86_64
# assigned_tag                            : None
# cell_tag                                : None
# cell_tag_delim                          : None
# cell_tag_split                          : -
# chimeric_pairs                          : use
# chrom                                   : None
# compresslevel                           : 6
# detection_method                        : None
# filter_umi                              : None
# gene_tag                                : None
# gene_transcript_map                     : None
# get_umi_method                          : read_id
# ignore_tlen                             : False
# ignore_umi                              : False
# in_sam                                  : False
# log2stderr                              : False
# loglevel                                : 1
# mapping_quality                         : 0
# method                                  : directional
# no_sort_output                          : False
# out_sam                                 : False
# output_unmapped                         : False
# paired                                  : True
# per_cell                                : False
# per_contig                              : False
# per_gene                                : False
# random_seed                             : None
# read_length                             : False
# short_help                              : None
# skip_regex                              : ^(__|Unassigned)
# soft_clip_threshold                     : 4
# spliced                                 : False
# stats                                   : 04_dedupUmis/log/4_KB_A6
# stderr                                  : <_io.TextIOWrapper name='<stderr>' mode='w' encoding='UTF-8'>
# stdin                                   : <_io.TextIOWrapper name='03_alignedData/bam/4_KB_A6Aligned.sortedByCoord.out.bam' mode='r' encoding='UTF-8'>
# stdlog                                  : <_io.TextIOWrapper name='04_dedupUmis/log/4_KB_A6.log' mode='a' encoding='UTF-8'>
# stdout                                  : <_io.TextIOWrapper name='04_dedupUmis/bam/4_KB_A6.bam' mode='w' encoding='UTF-8'>
# subset                                  : None
# threshold                               : 1
# timeit_file                             : None
# timeit_header                           : None
# timeit_name                             : all
# tmpdir                                  : .
# umi_sep                                 : :
# umi_tag                                 : RX
# umi_tag_delim                           : None
# umi_tag_split                           : None
# umi_whitelist                           : None
# umi_whitelist_paired                    : None
# unmapped_reads                          : discard
# unpaired_reads                          : use
# whole_contig                            : False
2021-04-14 11:02:30,678 WARNING Chimeric read pairs are being used. Some read pair UMIs may be grouped/deduplicated using just the mapping coordinates from read1.This may also increase the run time and memory usage. Consider --chimeric-pairs==discard to discard these reads or --chimeric-pairs==output (group command only) to output them without grouping
2021-04-14 11:02:30,678 WARNING Unpaired read pairs are being used. Some read pair UMIs may be grouped/deduplicated using just the mapping coordinates from read1.This may also increase the run time and memory usage. Consider --unpared-reads==discard to discard these reads or --unpared-reads==output (group command only) to output them without grouping
2021-04-14 11:02:30,678 INFO command: dedup -I 03_alignedData/bam/4_KB_A6Aligned.sortedByCoord.out.bam -L 04_dedupUmis/log/4_KB_A6.log -S 04_dedupUmis/bam/4_KB_A6.bam --umi-separator=: --temp-dir=. --paired --output-stats=04_dedupUmis/log/4_KB_A6
2021-04-14 11:06:55,473 INFO total_umis 80040264
2021-04-14 11:06:55,474 INFO #umis 66018
2021-04-14 11:10:27,199 INFO Written out 100000 reads
2021-04-14 11:10:32,344 INFO Written out 200000 reads
2021-04-14 11:10:37,375 INFO Written out 300000 reads
2021-04-14 11:10:42,372 INFO Written out 400000 reads
2021-04-14 11:10:47,486 INFO Written out 500000 reads
2021-04-14 11:10:52,217 INFO Written out 600000 reads
2021-04-14 11:10:57,422 INFO Parsed 1000000 input reads
2021-04-14 11:10:57,527 INFO Written out 700000 reads
2021-04-14 11:11:03,054 INFO Written out 800000 reads
2021-04-14 11:11:08,118 INFO Written out 900000 reads
2021-04-14 11:11:13,497 INFO Written out 1000000 reads
2021-04-14 11:11:19,463 INFO Written out 1100000 reads
2021-04-14 11:11:24,436 INFO Written out 1200000 reads
2021-04-14 11:11:29,880 INFO Written out 1300000 reads
2021-04-14 11:11:35,730 INFO Written out 1400000 reads
2021-04-14 11:11:35,758 INFO Parsed 2000000 input reads
2021-04-14 11:11:41,452 INFO Written out 1500000 reads
2021-04-14 11:11:47,269 INFO Written out 1600000 reads
2021-04-14 11:11:53,413 INFO Written out 1700000 reads
2021-04-14 11:11:59,454 INFO Written out 1800000 reads
2021-04-14 11:12:05,707 INFO Written out 1900000 reads
2021-04-14 11:12:11,815 INFO Written out 2000000 reads
2021-04-14 11:12:18,278 INFO Parsed 3000000 input reads
2021-04-14 11:12:18,408 INFO Written out 2100000 reads
2021-04-14 11:12:24,596 INFO Written out 2200000 reads
2021-04-14 11:12:49,741 INFO Written out 2300000 reads
2021-04-14 11:12:55,716 INFO Written out 2400000 reads
2021-04-14 11:13:01,454 INFO Written out 2500000 reads
2021-04-14 11:13:07,273 INFO Written out 2600000 reads
2021-04-14 11:13:13,459 INFO Written out 2700000 reads
2021-04-14 11:13:19,338 INFO Parsed 4000000 input reads
2021-04-14 11:13:19,561 INFO Written out 2800000 reads
2021-04-14 11:13:25,874 INFO Written out 2900000 reads
2021-04-14 11:13:32,450 INFO Written out 3000000 reads
2021-04-14 11:13:38,599 INFO Written out 3100000 reads
2021-04-14 11:13:45,053 INFO Written out 3200000 reads
2021-04-14 11:13:51,168 INFO Written out 3300000 reads
2021-04-14 11:13:57,491 INFO Written out 3400000 reads
2021-04-14 11:14:03,860 INFO Parsed 5000000 input reads
2021-04-14 11:14:04,517 INFO Written out 3500000 reads
2021-04-14 11:14:11,520 INFO Written out 3600000 reads
2021-04-14 11:14:17,400 INFO Written out 3700000 reads
2021-04-14 11:14:24,541 INFO Written out 3800000 reads
2021-04-14 11:14:31,209 INFO Written out 3900000 reads
2021-04-14 11:14:37,616 INFO Written out 4000000 reads
2021-04-14 11:14:44,996 INFO Written out 4100000 reads
2021-04-14 11:14:51,745 INFO Parsed 6000000 input reads
2021-04-14 11:14:52,086 INFO Written out 4200000 reads
2021-04-14 11:15:16,178 INFO Written out 4300000 reads
2021-04-14 11:15:22,447 INFO Written out 4400000 reads
2021-04-14 11:15:29,157 INFO Written out 4500000 reads
2021-04-14 11:15:35,699 INFO Written out 4600000 reads
2021-04-14 11:15:42,167 INFO Written out 4700000 reads
2021-04-14 11:15:48,813 INFO Written out 4800000 reads
2021-04-14 11:15:54,811 INFO Parsed 7000000 input reads
2021-04-14 11:15:55,988 INFO Written out 4900000 reads
2021-04-14 11:16:02,739 INFO Written out 5000000 reads
2021-04-14 11:16:09,600 INFO Written out 5100000 reads
2021-04-14 11:16:17,136 INFO Written out 5200000 reads
2021-04-14 11:16:24,182 INFO Written out 5300000 reads
2021-04-14 11:16:31,151 INFO Written out 5400000 reads
2021-04-14 11:16:38,375 INFO Written out 5500000 reads
2021-04-14 11:16:44,865 INFO Parsed 8000000 input reads
2021-04-14 11:16:46,194 INFO Written out 5600000 reads
2021-04-14 11:16:53,542 INFO Written out 5700000 reads
2021-04-14 11:17:01,574 INFO Written out 5800000 reads
2021-04-14 11:17:09,540 INFO Written out 5900000 reads
2021-04-14 11:17:17,056 INFO Written out 6000000 reads
2021-04-14 11:17:25,326 INFO Written out 6100000 reads
2021-04-14 11:17:48,957 INFO Written out 6200000 reads
2021-04-14 11:17:55,178 INFO Parsed 9000000 input reads
2021-04-14 11:17:56,513 INFO Written out 6300000 reads
2021-04-14 11:18:03,382 INFO Written out 6400000 reads
2021-04-14 11:18:10,486 INFO Written out 6500000 reads
2021-04-14 11:18:18,042 INFO Written out 6600000 reads
2021-04-14 11:18:25,355 INFO Written out 6700000 reads
2021-04-14 11:18:32,668 INFO Written out 6800000 reads
2021-04-14 11:18:40,665 INFO Written out 6900000 reads
2021-04-14 11:18:46,321 INFO Parsed 10000000 input reads
2021-04-14 11:18:47,758 INFO Written out 7000000 reads
2021-04-14 11:18:54,890 INFO Written out 7100000 reads
2021-04-14 11:19:02,087 INFO Written out 7200000 reads
2021-04-14 11:19:09,590 INFO Written out 7300000 reads
2021-04-14 11:19:17,738 INFO Written out 7400000 reads
2021-04-14 11:19:26,108 INFO Written out 7500000 reads
2021-04-14 11:19:33,066 INFO Written out 7600000 reads
2021-04-14 11:19:39,480 INFO Parsed 11000000 input reads
2021-04-14 11:19:41,664 INFO Written out 7700000 reads
2021-04-14 11:20:03,171 INFO Written out 7800000 reads
2021-04-14 11:20:11,009 INFO Written out 7900000 reads
2021-04-14 11:20:18,212 INFO Written out 8000000 reads
2021-04-14 11:20:25,418 INFO Written out 8100000 reads
2021-04-14 11:20:35,305 INFO Written out 8200000 reads
2021-04-14 11:20:40,207 INFO Written out 8300000 reads
2021-04-14 11:20:45,852 INFO Parsed 12000000 input reads
2021-04-14 11:20:47,452 INFO Written out 8400000 reads
2021-04-14 11:20:55,729 INFO Written out 8500000 reads
2021-04-14 11:21:03,330 INFO Written out 8600000 reads
2021-04-14 11:21:11,112 INFO Written out 8700000 reads
2021-04-14 11:21:19,758 INFO Written out 8800000 reads
2021-04-14 11:21:27,506 INFO Written out 8900000 reads
2021-04-14 11:21:36,000 INFO Written out 9000000 reads
2021-04-14 11:21:42,038 INFO Parsed 13000000 input reads
2021-04-14 11:21:43,540 INFO Written out 9100000 reads
2021-04-14 11:21:52,124 INFO Written out 9200000 reads
2021-04-14 11:22:00,025 INFO Written out 9300000 reads
2021-04-14 11:22:08,340 INFO Written out 9400000 reads
2021-04-14 11:22:18,577 INFO Written out 9500000 reads
2021-04-14 11:22:26,152 INFO Written out 9600000 reads
2021-04-14 11:22:51,169 INFO Written out 9700000 reads
2021-04-14 11:22:57,469 INFO Parsed 14000000 input reads
2021-04-14 11:22:59,889 INFO Written out 9800000 reads
2021-04-14 11:23:08,562 INFO Written out 9900000 reads
2021-04-14 11:23:16,628 INFO Written out 10000000 reads
2021-04-14 11:23:24,568 INFO Written out 10100000 reads
2021-04-14 11:23:32,667 INFO Written out 10200000 reads
2021-04-14 11:23:41,761 INFO Written out 10300000 reads
2021-04-14 11:23:50,781 INFO Written out 10400000 reads
2021-04-14 11:23:58,332 INFO Parsed 15000000 input reads
2021-04-14 11:23:59,044 INFO Written out 10500000 reads
2021-04-14 11:24:07,516 INFO Written out 10600000 reads
2021-04-14 11:24:16,966 INFO Written out 10700000 reads
2021-04-14 11:24:25,676 INFO Written out 10800000 reads
2021-04-14 11:24:36,073 INFO Written out 10900000 reads
2021-04-14 11:24:44,544 INFO Written out 11000000 reads
2021-04-14 11:24:53,250 INFO Written out 11100000 reads
2021-04-14 11:25:00,152 INFO Parsed 16000000 input reads
2021-04-14 11:25:03,292 INFO Written out 11200000 reads
2021-04-14 11:25:10,816 INFO Written out 11300000 reads
2021-04-14 11:25:19,495 INFO Written out 11400000 reads
2021-04-14 11:25:38,068 INFO Written out 11500000 reads
2021-04-14 11:25:40,389 INFO Written out 11600000 reads
2021-04-14 11:25:42,882 INFO Written out 11700000 reads
2021-04-14 11:25:54,793 INFO Written out 11800000 reads
2021-04-14 11:26:01,094 INFO Parsed 17000000 input reads
2021-04-14 11:26:01,581 INFO Written out 11900000 reads
2021-04-14 11:26:12,034 INFO Written out 12000000 reads
2021-04-14 11:26:40,197 INFO Written out 12100000 reads
2021-04-14 11:26:48,893 INFO Written out 12200000 reads
2021-04-14 11:26:57,856 INFO Written out 12300000 reads
2021-04-14 11:27:06,581 INFO Written out 12400000 reads
2021-04-14 11:27:17,544 INFO Written out 12500000 reads
2021-04-14 11:27:24,690 INFO Parsed 18000000 input reads
2021-04-14 11:27:25,412 INFO Written out 12600000 reads
2021-04-14 11:27:35,406 INFO Written out 12700000 reads
2021-04-14 11:27:44,475 INFO Written out 12800000 reads
2021-04-14 11:27:54,379 INFO Written out 12900000 reads
2021-04-14 11:28:05,892 INFO Written out 13000000 reads
2021-04-14 11:28:13,530 INFO Written out 13100000 reads
2021-04-14 11:28:23,519 INFO Written out 13200000 reads
2021-04-14 11:28:31,094 INFO Parsed 19000000 input reads
2021-04-14 11:28:32,942 INFO Written out 13300000 reads
2021-04-14 11:28:42,145 INFO Written out 13400000 reads
2021-04-14 11:28:52,587 INFO Written out 13500000 reads
2021-04-14 11:29:02,287 INFO Written out 13600000 reads
2021-04-14 11:29:13,334 INFO Written out 13700000 reads
2021-04-14 11:29:37,375 INFO Written out 13800000 reads
2021-04-14 11:29:47,698 INFO Written out 13900000 reads
2021-04-14 11:29:55,074 INFO Parsed 20000000 input reads
2021-04-14 11:29:55,952 INFO Written out 14000000 reads
2021-04-14 11:30:06,228 INFO Written out 14100000 reads
2021-04-14 11:30:16,533 INFO Written out 14200000 reads
2021-04-14 11:30:25,780 INFO Written out 14300000 reads
2021-04-14 11:30:35,302 INFO Written out 14400000 reads
2021-04-14 11:30:44,960 INFO Written out 14500000 reads
2021-04-14 11:30:54,809 INFO Written out 14600000 reads
2021-04-14 11:31:03,668 INFO Parsed 21000000 input reads
2021-04-14 11:31:05,647 INFO Written out 14700000 reads
2021-04-14 11:31:15,011 INFO Written out 14800000 reads
2021-04-14 11:31:26,075 INFO Written out 14900000 reads
2021-04-14 11:31:36,149 INFO Written out 15000000 reads
2021-04-14 11:31:47,068 INFO Written out 15100000 reads
2021-04-14 11:32:01,120 INFO Written out 15200000 reads
2021-04-14 11:32:06,999 INFO Written out 15300000 reads
2021-04-14 11:32:15,240 INFO Parsed 22000000 input reads
2021-04-14 11:32:17,293 INFO Written out 15400000 reads
2021-04-14 11:32:28,898 INFO Written out 15500000 reads
2021-04-14 11:32:40,914 INFO Written out 15600000 reads
2021-04-14 11:32:52,617 INFO Written out 15700000 reads
2021-04-14 11:33:00,371 INFO Written out 15800000 reads
2021-04-14 11:33:10,866 INFO Written out 15900000 reads
2021-04-14 11:33:22,190 INFO Written out 16000000 reads
2021-04-14 11:33:50,076 INFO Parsed 23000000 input reads
2021-04-14 11:33:53,154 INFO Written out 16100000 reads
2021-04-14 11:34:04,649 INFO Written out 16200000 reads
2021-04-14 11:34:14,392 INFO Written out 16300000 reads
2021-04-14 11:34:22,951 INFO Written out 16400000 reads
2021-04-14 11:34:34,683 INFO Written out 16500000 reads
2021-04-14 11:34:46,406 INFO Written out 16600000 reads
2021-04-14 11:34:55,156 INFO Written out 16700000 reads
2021-04-14 11:35:04,884 INFO Parsed 24000000 input reads
2021-04-14 11:35:06,904 INFO Written out 16800000 reads
2021-04-14 11:35:17,543 INFO Written out 16900000 reads
2021-04-14 11:35:29,854 INFO Written out 17000000 reads
2021-04-14 11:35:41,952 INFO Written out 17100000 reads
2021-04-14 11:35:51,307 INFO Written out 17200000 reads
2021-04-14 11:36:03,791 INFO Written out 17300000 reads
2021-04-14 11:36:14,425 INFO Written out 17400000 reads
2021-04-14 11:36:23,243 INFO Parsed 25000000 input reads
2021-04-14 11:36:25,511 INFO Written out 17500000 reads
2021-04-14 11:36:37,949 INFO Written out 17600000 reads
2021-04-14 11:36:49,379 INFO Written out 17700000 reads
2021-04-14 11:37:17,851 INFO Written out 17800000 reads
2021-04-14 11:37:28,595 INFO Written out 17900000 reads
2021-04-14 11:37:39,509 INFO Written out 18000000 reads
2021-04-14 11:37:50,464 INFO Written out 18100000 reads
2021-04-14 11:38:00,310 INFO Parsed 26000000 input reads
2021-04-14 11:38:02,899 INFO Written out 18200000 reads
2021-04-14 11:38:13,982 INFO Written out 18300000 reads
2021-04-14 11:38:26,136 INFO Written out 18400000 reads
2021-04-14 11:38:37,054 INFO Written out 18500000 reads
2021-04-14 11:38:49,662 INFO Written out 18600000 reads
2021-04-14 11:39:00,675 INFO Written out 18700000 reads
2021-04-14 11:39:12,006 INFO Written out 18800000 reads
2021-04-14 11:39:20,685 INFO Parsed 27000000 input reads
2021-04-14 11:39:23,143 INFO Written out 18900000 reads
2021-04-14 11:39:35,803 INFO Written out 19000000 reads
2021-04-14 11:39:47,041 INFO Written out 19100000 reads
2021-04-14 11:39:58,313 INFO Written out 19200000 reads
2021-04-14 11:40:11,511 INFO Written out 19300000 reads
2021-04-14 11:40:39,054 INFO Written out 19400000 reads
2021-04-14 11:40:51,577 INFO Written out 19500000 reads
2021-04-14 11:41:00,284 INFO Parsed 28000000 input reads
2021-04-14 11:41:03,056 INFO Written out 19600000 reads
2021-04-14 11:41:15,966 INFO Written out 19700000 reads
2021-04-14 11:41:27,067 INFO Written out 19800000 reads
2021-04-14 11:41:39,448 INFO Written out 19900000 reads
2021-04-14 11:41:48,944 INFO Written out 20000000 reads
2021-04-14 11:42:03,402 INFO Written out 20100000 reads
2021-04-14 11:42:14,630 INFO Written out 20200000 reads
2021-04-14 11:42:21,666 INFO Parsed 29000000 input reads
2021-04-14 11:42:25,865 INFO Written out 20300000 reads
2021-04-14 11:42:37,370 INFO Written out 20400000 reads
2021-04-14 11:42:50,439 INFO Written out 20500000 reads
2021-04-14 11:43:01,972 INFO Written out 20600000 reads
2021-04-14 11:43:24,454 INFO Written out 20700000 reads
2021-04-14 11:43:26,857 INFO Written out 20800000 reads
2021-04-14 11:43:29,338 INFO Written out 20900000 reads
2021-04-14 11:43:36,641 INFO Parsed 30000000 input reads
2021-04-14 11:43:41,125 INFO Written out 21000000 reads
2021-04-14 11:43:54,340 INFO Written out 21100000 reads
2021-04-14 11:44:08,578 INFO Written out 21200000 reads
2021-04-14 11:44:16,057 INFO Written out 21300000 reads
2021-04-14 11:44:28,912 INFO Written out 21400000 reads
2021-04-14 11:44:41,573 INFO Written out 21500000 reads
2021-04-14 11:44:52,600 INFO Written out 21600000 reads
2021-04-14 11:44:59,441 INFO Parsed 31000000 input reads
2021-04-14 11:45:03,819 INFO Written out 21700000 reads
2021-04-14 11:45:22,509 INFO Written out 21800000 reads
2021-04-14 11:45:26,789 INFO Written out 21900000 reads
2021-04-14 11:45:39,665 INFO Written out 22000000 reads
2021-04-14 11:46:13,205 INFO Written out 22100000 reads
2021-04-14 11:46:25,119 INFO Written out 22200000 reads
2021-04-14 11:46:35,842 INFO Written out 22300000 reads
2021-04-14 11:46:42,073 INFO Parsed 32000000 input reads
2021-04-14 11:46:46,415 INFO Written out 22400000 reads
2021-04-14 11:46:57,246 INFO Written out 22500000 reads
2021-04-14 11:47:09,392 INFO Written out 22600000 reads
2021-04-14 11:47:20,280 INFO Written out 22700000 reads
2021-04-14 11:47:29,437 INFO Written out 22800000 reads
2021-04-14 11:47:41,918 INFO Written out 22900000 reads
2021-04-14 11:47:54,513 INFO Written out 23000000 reads
2021-04-14 11:48:00,920 INFO Parsed 33000000 input reads
2021-04-14 11:48:05,309 INFO Written out 23100000 reads
2021-04-14 11:48:16,463 INFO Written out 23200000 reads
2021-04-14 11:48:29,240 INFO Written out 23300000 reads
2021-04-14 11:48:42,275 INFO Written out 23400000 reads
2021-04-14 11:48:53,703 INFO Written out 23500000 reads
2021-04-14 11:49:06,794 INFO Written out 23600000 reads
2021-04-14 11:49:20,311 INFO Written out 23700000 reads
2021-04-14 11:49:25,863 INFO Parsed 34000000 input reads
2021-04-14 11:49:32,003 INFO Written out 23800000 reads
2021-04-14 11:49:47,543 INFO Written out 23900000 reads
2021-04-14 11:49:53,704 INFO Written out 24000000 reads
2021-04-14 11:50:05,488 INFO Written out 24100000 reads
2021-04-14 11:50:18,964 INFO Written out 24200000 reads
2021-04-14 11:50:30,918 INFO Written out 24300000 reads
2021-04-14 11:50:44,872 INFO Written out 24400000 reads
2021-04-14 11:50:51,918 INFO Parsed 35000000 input reads
2021-04-14 11:50:56,816 INFO Written out 24500000 reads
2021-04-14 11:51:30,616 INFO Written out 24600000 reads
2021-04-14 11:51:42,126 INFO Written out 24700000 reads
2021-04-14 11:51:55,208 INFO Written out 24800000 reads
2021-04-14 11:52:06,943 INFO Written out 24900000 reads
2021-04-14 11:52:20,127 INFO Written out 25000000 reads
2021-04-14 11:52:32,167 INFO Written out 25100000 reads
2021-04-14 11:52:39,206 INFO Parsed 36000000 input reads
2021-04-14 11:52:51,573 INFO Written out 25200000 reads
2021-04-14 11:52:54,039 INFO Written out 25300000 reads
2021-04-14 11:53:05,853 INFO Written out 25400000 reads
2021-04-14 11:53:19,243 INFO Written out 25500000 reads
2021-04-14 11:53:32,836 INFO Written out 25600000 reads
2021-04-14 11:53:44,373 INFO Written out 25700000 reads
2021-04-14 11:53:57,723 INFO Written out 25800000 reads
2021-04-14 11:54:04,767 INFO Parsed 37000000 input reads
2021-04-14 11:54:09,561 INFO Written out 25900000 reads
2021-04-14 11:54:21,996 INFO Written out 26000000 reads
2021-04-14 11:54:32,011 INFO Written out 26100000 reads
2021-04-14 11:54:40,119 INFO Written out 26200000 reads
2021-04-14 11:54:52,496 INFO Written out 26300000 reads
2021-04-14 11:55:04,862 INFO Written out 26400000 reads
2021-04-14 11:55:17,376 INFO Written out 26500000 reads
2021-04-14 11:55:24,802 INFO Parsed 38000000 input reads
2021-04-14 11:55:35,991 INFO Written out 26600000 reads
2021-04-14 11:55:40,498 INFO Written out 26700000 reads
2021-04-14 11:55:53,040 INFO Written out 26800000 reads
2021-04-14 11:56:24,727 INFO Written out 26900000 reads
2021-04-14 11:56:36,594 INFO Written out 27000000 reads
2021-04-14 11:56:50,121 INFO Written out 27100000 reads
2021-04-14 11:57:01,932 INFO Written out 27200000 reads
2021-04-14 11:57:09,035 INFO Parsed 39000000 input reads
2021-04-14 11:57:14,090 INFO Written out 27300000 reads
2021-04-14 11:57:27,873 INFO Written out 27400000 reads
2021-04-14 11:57:42,025 INFO Written out 27500000 reads
2021-04-14 11:57:52,165 INFO Written out 27600000 reads
2021-04-14 11:58:04,448 INFO Written out 27700000 reads
2021-04-14 11:58:18,633 INFO Written out 27800000 reads
2021-04-14 11:58:31,138 INFO Written out 27900000 reads
2021-04-14 11:58:38,559 INFO Parsed 40000000 input reads
2021-04-14 11:58:45,561 INFO Written out 28000000 reads
2021-04-14 11:59:04,326 INFO Written out 28100000 reads
2021-04-14 11:59:12,447 INFO Written out 28200000 reads
2021-04-14 11:59:24,909 INFO Written out 28300000 reads
2021-04-14 11:59:39,529 INFO Written out 28400000 reads
2021-04-14 11:59:52,415 INFO Written out 28500000 reads
2021-04-14 12:00:05,282 INFO Written out 28600000 reads
2021-04-14 12:00:12,682 INFO Parsed 41000000 input reads
2021-04-14 12:00:18,140 INFO Written out 28700000 reads
2021-04-14 12:00:31,151 INFO Written out 28800000 reads
2021-04-14 12:00:46,132 INFO Written out 28900000 reads
2021-04-14 12:00:59,285 INFO Written out 29000000 reads
2021-04-14 12:01:12,481 INFO Written out 29100000 reads
2021-04-14 12:01:47,501 INFO Written out 29200000 reads
2021-04-14 12:02:00,098 INFO Written out 29300000 reads
2021-04-14 12:02:07,247 INFO Parsed 42000000 input reads
2021-04-14 12:02:14,650 INFO Written out 29400000 reads
2021-04-14 12:02:27,389 INFO Written out 29500000 reads
2021-04-14 12:02:40,131 INFO Written out 29600000 reads
2021-04-14 12:02:54,584 INFO Written out 29700000 reads
2021-04-14 12:03:07,448 INFO Written out 29800000 reads
2021-04-14 12:03:21,999 INFO Written out 29900000 reads
2021-04-14 12:03:35,028 INFO Written out 30000000 reads
2021-04-14 12:03:42,381 INFO Parsed 43000000 input reads
2021-04-14 12:03:49,817 INFO Written out 30100000 reads
2021-04-14 12:04:03,149 INFO Written out 30200000 reads
2021-04-14 12:04:16,475 INFO Written out 30300000 reads
2021-04-14 12:04:31,617 INFO Written out 30400000 reads
2021-04-14 12:04:46,539 INFO Written out 30500000 reads
2021-04-14 12:05:10,355 INFO Written out 30600000 reads
2021-04-14 12:05:24,995 INFO Written out 30700000 reads
2021-04-14 12:05:30,301 INFO Parsed 44000000 input reads
2021-04-14 12:05:37,888 INFO Written out 30800000 reads
2021-04-14 12:05:52,572 INFO Written out 30900000 reads
2021-04-14 12:06:05,573 INFO Written out 31000000 reads
2021-04-14 12:06:20,428 INFO Written out 31100000 reads
2021-04-14 12:06:33,468 INFO Written out 31200000 reads
2021-04-14 12:06:50,616 INFO Written out 31300000 reads
2021-04-14 12:07:01,725 INFO Written out 31400000 reads
2021-04-14 12:07:07,142 INFO Parsed 45000000 input reads
2021-04-14 12:07:14,853 INFO Written out 31500000 reads
2021-04-14 12:07:30,052 INFO Written out 31600000 reads
2021-04-14 12:07:45,352 INFO Written out 31700000 reads
2021-04-14 12:07:58,544 INFO Written out 31800000 reads
2021-04-14 12:08:16,413 INFO Written out 31900000 reads
2021-04-14 12:08:27,598 INFO Written out 32000000 reads
2021-04-14 12:08:43,027 INFO Written out 32100000 reads
2021-04-14 12:08:48,534 INFO Parsed 46000000 input reads
2021-04-14 12:08:58,974 INFO Written out 32200000 reads
2021-04-14 12:09:08,063 INFO Written out 32300000 reads
2021-04-14 12:09:19,495 INFO Written out 32400000 reads
2021-04-14 12:09:35,518 INFO Written out 32500000 reads
2021-04-14 12:09:54,338 INFO Written out 32600000 reads
2021-04-14 12:10:03,257 INFO Written out 32700000 reads
2021-04-14 12:10:34,154 INFO Written out 32800000 reads
2021-04-14 12:10:39,499 INFO Parsed 47000000 input reads
2021-04-14 12:10:49,505 INFO Written out 32900000 reads
2021-04-14 12:11:05,166 INFO Written out 33000000 reads
2021-04-14 12:11:16,605 INFO Written out 33100000 reads
2021-04-14 12:11:32,196 INFO Written out 33200000 reads
2021-04-14 12:11:45,833 INFO Written out 33300000 reads
2021-04-14 12:11:59,618 INFO Written out 33400000 reads
2021-04-14 12:12:13,443 INFO Written out 33500000 reads
2021-04-14 12:12:18,893 INFO Parsed 48000000 input reads
2021-04-14 12:12:27,198 INFO Written out 33600000 reads
2021-04-14 12:12:43,070 INFO Written out 33700000 reads
2021-04-14 12:12:57,041 INFO Written out 33800000 reads
2021-04-14 12:13:13,007 INFO Written out 33900000 reads
2021-04-14 12:13:26,673 INFO Written out 34000000 reads
2021-04-14 12:13:52,639 INFO Written out 34100000 reads
2021-04-14 12:14:06,455 INFO Written out 34200000 reads
2021-04-14 12:14:12,013 INFO Parsed 49000000 input reads
2021-04-14 12:14:20,256 INFO Written out 34300000 reads
2021-04-14 12:14:35,980 INFO Written out 34400000 reads
2021-04-14 12:14:49,917 INFO Written out 34500000 reads
2021-04-14 12:15:06,171 INFO Written out 34600000 reads
2021-04-14 12:15:20,056 INFO Written out 34700000 reads
2021-04-14 12:15:34,151 INFO Written out 34800000 reads
2021-04-14 12:15:55,416 INFO Written out 34900000 reads
2021-04-14 12:15:56,190 INFO Parsed 50000000 input reads
2021-04-14 12:16:04,803 INFO Written out 35000000 reads
2021-04-14 12:16:21,243 INFO Written out 35100000 reads
2021-04-14 12:16:35,821 INFO Written out 35200000 reads
2021-04-14 12:16:50,085 INFO Written out 35300000 reads
2021-04-14 12:17:04,761 INFO Written out 35400000 reads
2021-04-14 12:17:19,096 INFO Written out 35500000 reads
2021-04-14 12:17:38,386 INFO Written out 35600000 reads
2021-04-14 12:17:39,057 INFO Parsed 51000000 input reads
2021-04-14 12:18:02,286 INFO Written out 35700000 reads
2021-04-14 12:18:16,345 INFO Written out 35800000 reads
2021-04-14 12:18:30,602 INFO Written out 35900000 reads
2021-04-14 12:18:46,942 INFO Written out 36000000 reads
2021-04-14 12:19:05,620 INFO Written out 36100000 reads
2021-04-14 12:19:17,571 INFO Written out 36200000 reads
2021-04-14 12:19:31,880 INFO Written out 36300000 reads
2021-04-14 12:19:37,432 INFO Parsed 52000000 input reads
2021-04-14 12:19:48,438 INFO Written out 36400000 reads
2021-04-14 12:20:02,920 INFO Written out 36500000 reads
2021-04-14 12:20:19,719 INFO Written out 36600000 reads
2021-04-14 12:20:36,581 INFO Written out 36700000 reads
2021-04-14 12:20:51,094 INFO Written out 36800000 reads
2021-04-14 12:21:07,970 INFO Written out 36900000 reads
2021-04-14 12:21:22,646 INFO Written out 37000000 reads
2021-04-14 12:21:26,034 INFO Parsed 53000000 input reads
2021-04-14 12:21:39,790 INFO Written out 37100000 reads
2021-04-14 12:21:56,874 INFO Written out 37200000 reads
2021-04-14 12:22:11,812 INFO Written out 37300000 reads
2021-04-14 12:22:31,410 INFO Written out 37400000 reads
2021-04-14 12:22:46,278 INFO Written out 37500000 reads
2021-04-14 12:23:03,643 INFO Written out 37600000 reads
2021-04-14 12:23:21,212 INFO Written out 37700000 reads
2021-04-14 12:23:24,574 INFO Parsed 54000000 input reads
2021-04-14 12:23:47,362 INFO Written out 37800000 reads
2021-04-14 12:23:49,122 INFO Written out 37900000 reads
2021-04-14 12:24:01,722 INFO Written out 38000000 reads
2021-04-14 12:24:19,637 INFO Written out 38100000 reads
2021-04-14 12:24:32,544 INFO Written out 38200000 reads
2021-04-14 12:24:50,415 INFO Written out 38300000 reads
2021-04-14 12:25:05,791 INFO Written out 38400000 reads
2021-04-14 12:25:11,713 INFO Parsed 55000000 input reads
2021-04-14 12:25:21,458 INFO Written out 38500000 reads
2021-04-14 12:25:39,669 INFO Written out 38600000 reads
2021-04-14 12:26:22,244 INFO Written out 38700000 reads
2021-04-14 12:26:37,029 INFO Written out 38800000 reads
2021-04-14 12:26:54,341 INFO Written out 38900000 reads
2021-04-14 12:27:09,407 INFO Written out 39000000 reads
2021-04-14 12:27:26,819 INFO Written out 39100000 reads
2021-04-14 12:27:30,093 INFO Parsed 56000000 input reads
2021-04-14 12:27:41,966 INFO Written out 39200000 reads
2021-04-14 12:27:59,534 INFO Written out 39300000 reads
2021-04-14 12:28:17,118 INFO Written out 39400000 reads
2021-04-14 12:28:32,454 INFO Written out 39500000 reads
2021-04-14 12:28:50,224 INFO Written out 39600000 reads
2021-04-14 12:29:05,658 INFO Written out 39700000 reads
2021-04-14 12:29:23,423 INFO Written out 39800000 reads
2021-04-14 12:29:26,659 INFO Parsed 57000000 input reads
2021-04-14 12:29:41,328 INFO Written out 39900000 reads
2021-04-14 12:29:54,549 INFO Written out 40000000 reads
2021-04-14 12:30:07,870 INFO Written out 40100000 reads
2021-04-14 12:30:18,702 INFO Written out 40200000 reads
2021-04-14 12:30:32,222 INFO Written out 40300000 reads
2021-04-14 12:30:48,147 INFO Written out 40400000 reads
2021-04-14 12:31:19,149 INFO Written out 40500000 reads
2021-04-14 12:31:30,603 INFO Parsed 58000000 input reads
2021-04-14 12:31:32,153 INFO Written out 40600000 reads
2021-04-14 12:31:45,211 INFO Written out 40700000 reads
2021-04-14 12:32:00,878 INFO Written out 40800000 reads
2021-04-14 12:32:14,168 INFO Written out 40900000 reads
2021-04-14 12:32:32,382 INFO Written out 41000000 reads
2021-04-14 12:32:50,594 INFO Written out 41100000 reads
2021-04-14 12:33:06,431 INFO Written out 41200000 reads
2021-04-14 12:33:09,352 INFO Parsed 59000000 input reads
2021-04-14 12:33:24,603 INFO Written out 41300000 reads
2021-04-14 12:33:40,361 INFO Written out 41400000 reads
2021-04-14 12:33:58,786 INFO Written out 41500000 reads
2021-04-14 12:34:14,800 INFO Written out 41600000 reads
2021-04-14 12:34:33,416 INFO Written out 41700000 reads
2021-04-14 12:34:50,457 INFO Written out 41800000 reads
2021-04-14 12:35:10,239 INFO Written out 41900000 reads
2021-04-14 12:35:13,514 INFO Parsed 60000000 input reads
2021-04-14 12:35:29,964 INFO Written out 42000000 reads
2021-04-14 12:36:05,911 INFO Written out 42100000 reads
2021-04-14 12:36:07,891 INFO Written out 42200000 reads
2021-04-14 12:36:10,608 INFO Written out 42300000 reads
2021-04-14 12:36:24,881 INFO Written out 42400000 reads
2021-04-14 12:36:44,929 INFO Written out 42500000 reads
2021-04-14 12:37:02,494 INFO Written out 42600000 reads
2021-04-14 12:37:02,616 INFO Parsed 61000000 input reads
2021-04-14 12:37:20,170 INFO Written out 42700000 reads
2021-04-14 12:37:40,686 INFO Written out 42800000 reads
2021-04-14 12:37:58,253 INFO Written out 42900000 reads
2021-04-14 12:38:15,716 INFO Written out 43000000 reads
2021-04-14 12:38:36,168 INFO Written out 43100000 reads
2021-04-14 12:38:54,178 INFO Written out 43200000 reads
2021-04-14 12:39:15,003 INFO Written out 43300000 reads
2021-04-14 12:39:15,090 INFO Parsed 62000000 input reads
2021-04-14 12:39:32,898 INFO Written out 43400000 reads
2021-04-14 12:40:16,981 INFO Written out 43500000 reads
2021-04-14 12:40:36,435 INFO Written out 43600000 reads
2021-04-14 12:40:56,479 INFO Written out 43700000 reads
2021-04-14 12:41:10,830 INFO Written out 43800000 reads
2021-04-14 12:41:28,033 INFO Written out 43900000 reads
2021-04-14 12:41:45,312 INFO Written out 44000000 reads
2021-04-14 12:41:45,317 INFO Parsed 63000000 input reads
2021-04-14 12:42:05,553 INFO Written out 44100000 reads
2021-04-14 12:42:22,897 INFO Written out 44200000 reads
2021-04-14 12:42:43,196 INFO Written out 44300000 reads
2021-04-14 12:43:01,163 INFO Written out 44400000 reads
2021-04-14 12:43:21,650 INFO Written out 44500000 reads
2021-04-14 12:43:39,326 INFO Written out 44600000 reads
2021-04-14 12:44:00,047 INFO Written out 44700000 reads
2021-04-14 12:44:00,104 INFO Parsed 64000000 input reads
2021-04-14 12:44:18,057 INFO Written out 44800000 reads
2021-04-14 12:44:39,354 INFO Written out 44900000 reads
2021-04-14 12:45:01,171 INFO Written out 45000000 reads
2021-04-14 12:45:19,763 INFO Written out 45100000 reads
2021-04-14 12:45:38,209 INFO Written out 45200000 reads
2021-04-14 12:45:59,184 INFO Written out 45300000 reads
2021-04-14 12:46:17,419 INFO Written out 45400000 reads
2021-04-14 12:46:17,447 INFO Parsed 65000000 input reads
2021-04-14 12:46:35,454 INFO Written out 45500000 reads
2021-04-14 12:46:56,770 INFO Written out 45600000 reads
2021-04-14 12:47:18,207 INFO Written out 45700000 reads
2021-04-14 12:47:51,544 INFO Written out 45800000 reads
2021-04-14 12:48:09,656 INFO Written out 45900000 reads
2021-04-14 12:48:27,621 INFO Written out 46000000 reads
2021-04-14 12:48:44,863 INFO Parsed 66000000 input reads
2021-04-14 12:48:45,083 INFO Written out 46100000 reads
2021-04-14 12:49:05,723 INFO Written out 46200000 reads
2021-04-14 12:49:23,968 INFO Written out 46300000 reads
2021-04-14 12:49:45,161 INFO Written out 46400000 reads
2021-04-14 12:50:06,099 INFO Written out 46500000 reads
2021-04-14 12:50:33,617 INFO Written out 46600000 reads
2021-04-14 12:50:45,036 INFO Written out 46700000 reads
2021-04-14 12:51:00,157 INFO Parsed 67000000 input reads
2021-04-14 12:51:03,363 INFO Written out 46800000 reads
2021-04-14 12:51:24,834 INFO Written out 46900000 reads
2021-04-14 12:51:43,408 INFO Written out 47000000 reads
2021-04-14 12:52:04,880 INFO Written out 47100000 reads
2021-04-14 12:52:26,326 INFO Written out 47200000 reads
2021-04-14 12:52:44,681 INFO Written out 47300000 reads
2021-04-14 12:53:03,539 INFO Written out 47400000 reads
2021-04-14 12:53:22,164 INFO Parsed 68000000 input reads
2021-04-14 12:53:25,442 INFO Written out 47500000 reads
2021-04-14 12:53:44,351 INFO Written out 47600000 reads
2021-04-14 12:54:09,526 INFO Written out 47700000 reads
2021-04-14 12:54:25,197 INFO Written out 47800000 reads
2021-04-14 12:54:44,214 INFO Written out 47900000 reads
2021-04-14 12:55:06,565 INFO Written out 48000000 reads
2021-04-14 12:55:32,281 INFO Written out 48100000 reads
2021-04-14 12:55:47,668 INFO Parsed 69000000 input reads
2021-04-14 12:56:10,510 INFO Written out 48200000 reads
2021-04-14 12:56:28,846 INFO Written out 48300000 reads
2021-04-14 12:56:46,717 INFO Written out 48400000 reads
2021-04-14 12:57:04,723 INFO Written out 48500000 reads
2021-04-14 12:57:25,762 INFO Written out 48600000 reads
2021-04-14 12:57:47,196 INFO Written out 48700000 reads
2021-04-14 12:58:08,394 INFO Written out 48800000 reads
2021-04-14 12:58:23,045 INFO Parsed 70000000 input reads
2021-04-14 12:58:23,430 INFO Written out 48900000 reads
2021-04-14 12:58:44,706 INFO Written out 49000000 reads
2021-04-14 12:59:09,379 INFO Written out 49100000 reads
2021-04-14 12:59:27,523 INFO Written out 49200000 reads
2021-04-14 12:59:46,230 INFO Written out 49300000 reads
2021-04-14 13:00:07,899 INFO Written out 49400000 reads
2021-04-14 13:00:26,586 INFO Written out 49500000 reads
2021-04-14 13:00:44,499 INFO Parsed 71000000 input reads
2021-04-14 13:00:47,738 INFO Written out 49600000 reads
2021-04-14 13:01:06,376 INFO Written out 49700000 reads
2021-04-14 13:01:24,714 INFO Written out 49800000 reads
2021-04-14 13:01:43,155 INFO Written out 49900000 reads
2021-04-14 13:02:04,854 INFO Written out 50000000 reads
2021-04-14 13:02:23,385 INFO Written out 50100000 reads
2021-04-14 13:02:41,952 INFO Written out 50200000 reads
2021-04-14 13:03:00,338 INFO Parsed 72000000 input reads
2021-04-14 13:03:03,723 INFO Written out 50300000 reads
2021-04-14 13:03:41,818 INFO Written out 50400000 reads
2021-04-14 13:04:00,067 INFO Written out 50500000 reads
2021-04-14 13:04:18,537 INFO Written out 50600000 reads
2021-04-14 13:04:39,949 INFO Written out 50700000 reads
2021-04-14 13:04:58,324 INFO Written out 50800000 reads
2021-04-14 13:05:19,916 INFO Written out 50900000 reads
2021-04-14 13:05:38,099 INFO Parsed 73000000 input reads
2021-04-14 13:05:41,741 INFO Written out 51000000 reads
2021-04-14 13:06:00,222 INFO Written out 51100000 reads
2021-04-14 13:06:25,052 INFO Written out 51200000 reads
2021-04-14 13:06:43,590 INFO Written out 51300000 reads
2021-04-14 13:07:09,021 INFO Written out 51400000 reads
2021-04-14 13:07:21,221 INFO Written out 51500000 reads
2021-04-14 13:07:43,250 INFO Written out 51600000 reads
2021-04-14 13:08:01,901 INFO Parsed 74000000 input reads
2021-04-14 13:08:02,197 INFO Written out 51700000 reads
2021-04-14 13:08:24,617 INFO Written out 51800000 reads
2021-04-14 13:08:40,576 INFO Written out 51900000 reads
2021-04-14 13:09:02,842 INFO Written out 52000000 reads
2021-04-14 13:11:00,222 INFO Written out 52100000 reads
2021-04-14 13:11:02,158 INFO Written out 52200000 reads
2021-04-14 13:11:04,112 INFO Written out 52300000 reads
2021-04-14 13:11:05,771 INFO Parsed 75000000 input reads
2021-04-14 13:11:06,033 INFO Written out 52400000 reads
2021-04-14 13:11:13,947 INFO Written out 52500000 reads
2021-04-14 13:11:15,906 INFO Written out 52600000 reads
2021-04-14 13:11:18,092 INFO Written out 52700000 reads
2021-04-14 13:11:20,509 INFO Written out 52800000 reads
2021-04-14 13:11:24,141 INFO Written out 52900000 reads
2021-04-14 13:11:27,375 INFO Written out 53000000 reads
2021-04-14 13:11:29,126 INFO Parsed 76000000 input reads
2021-04-14 13:11:30,899 INFO Written out 53100000 reads
2021-04-14 13:11:33,833 INFO Written out 53200000 reads
2021-04-14 13:11:36,694 INFO Written out 53300000 reads
2021-04-14 13:11:40,185 INFO Written out 53400000 reads
2021-04-14 13:11:44,157 INFO Written out 53500000 reads
2021-04-14 13:11:46,934 INFO Written out 53600000 reads
2021-04-14 13:11:49,274 INFO Written out 53700000 reads
2021-04-14 13:11:51,362 INFO Parsed 77000000 input reads
2021-04-14 13:11:52,189 INFO Written out 53800000 reads
2021-04-14 13:11:54,662 INFO Written out 53900000 reads
2021-04-14 13:11:57,164 INFO Written out 54000000 reads
2021-04-14 13:11:59,878 INFO Written out 54100000 reads
2021-04-14 13:12:02,231 INFO Written out 54200000 reads
2021-04-14 13:12:05,266 INFO Written out 54300000 reads
2021-04-14 13:12:08,793 INFO Written out 54400000 reads
2021-04-14 13:12:10,619 INFO Parsed 78000000 input reads
2021-04-14 13:12:11,736 INFO Written out 54500000 reads
2021-04-14 13:12:14,156 INFO Written out 54600000 reads
2021-04-14 13:12:16,090 INFO Written out 54700000 reads
2021-04-14 13:12:18,653 INFO Written out 54800000 reads
2021-04-14 13:12:20,588 INFO Written out 54900000 reads
2021-04-14 13:12:22,507 INFO Written out 55000000 reads
2021-04-14 13:12:25,163 INFO Written out 55100000 reads
2021-04-14 13:12:26,584 INFO Parsed 79000000 input reads
2021-04-14 13:12:27,169 INFO Written out 55200000 reads
2021-04-14 13:12:56,812 INFO Written out 55300000 reads
2021-04-14 13:13:02,226 INFO Written out 55400000 reads
2021-04-14 13:13:07,338 INFO Written out 55500000 reads
2021-04-14 13:13:12,839 INFO Written out 55600000 reads
2021-04-14 13:13:18,741 INFO Written out 55700000 reads
2021-04-14 13:13:24,609 INFO Written out 55800000 reads
2021-04-14 13:13:30,121 INFO Parsed 80000000 input reads
2021-04-14 13:13:31,812 INFO Searching for mates for 0 unmatched alignments
2021-04-14 13:17:01,366 INFO 0 mates never found
2021-04-14 13:29:03,804 INFO Reads: Input Reads: 80040264, Read pairs: 80040264, Read 2 unmapped: 6620
2021-04-14 13:29:03,818 INFO Number of reads out: 55890601
2021-04-14 13:29:03,819 INFO Total number of positions deduplicated: 47231855
2021-04-14 13:29:03,819 INFO Mean number of unique UMIs per position: 1.19
2021-04-14 13:29:03,819 INFO Max. number of unique UMIs per position: 1756
# job finished in 8793 seconds at Wed Apr 14 13:29:03 2021 -- 8633.87 123.98  0.00  0.00 -- 47ba043a-805b-499f-897a-4d5f54ed9948
