# UMI-tools version: 1.1.1
# output generated by dedup -I 03_alignedData/bam/5_KB_A7Aligned.sortedByCoord.out.bam -L 04_dedupUmis/log/5_KB_A7.log -S 04_dedupUmis/bam/5_KB_A7.bam --umi-separator=: --temp-dir=. --paired --output-stats=04_dedupUmis/log/5_KB_A7
# job started at Wed Apr 14 11:05:22 2021 on r25-n26 -- 17271634-aa1f-4d8b-a54b-d4130c156b4d
# pid: 272371, system: Linux 3.10.0-1062.9.1.el7.x86_64 #1 SMP Mon Dec 2 08:31:54 EST 2019 x86_64
# assigned_tag                            : None
# cell_tag                                : None
# cell_tag_delim                          : None
# cell_tag_split                          : -
# chimeric_pairs                          : use
# chrom                                   : None
# compresslevel                           : 6
# detection_method                        : None
# filter_umi                              : None
# gene_tag                                : None
# gene_transcript_map                     : None
# get_umi_method                          : read_id
# ignore_tlen                             : False
# ignore_umi                              : False
# in_sam                                  : False
# log2stderr                              : False
# loglevel                                : 1
# mapping_quality                         : 0
# method                                  : directional
# no_sort_output                          : False
# out_sam                                 : False
# output_unmapped                         : False
# paired                                  : True
# per_cell                                : False
# per_contig                              : False
# per_gene                                : False
# random_seed                             : None
# read_length                             : False
# short_help                              : None
# skip_regex                              : ^(__|Unassigned)
# soft_clip_threshold                     : 4
# spliced                                 : False
# stats                                   : 04_dedupUmis/log/5_KB_A7
# stderr                                  : <_io.TextIOWrapper name='<stderr>' mode='w' encoding='UTF-8'>
# stdin                                   : <_io.TextIOWrapper name='03_alignedData/bam/5_KB_A7Aligned.sortedByCoord.out.bam' mode='r' encoding='UTF-8'>
# stdlog                                  : <_io.TextIOWrapper name='04_dedupUmis/log/5_KB_A7.log' mode='a' encoding='UTF-8'>
# stdout                                  : <_io.TextIOWrapper name='04_dedupUmis/bam/5_KB_A7.bam' mode='w' encoding='UTF-8'>
# subset                                  : None
# threshold                               : 1
# timeit_file                             : None
# timeit_header                           : None
# timeit_name                             : all
# tmpdir                                  : .
# umi_sep                                 : :
# umi_tag                                 : RX
# umi_tag_delim                           : None
# umi_tag_split                           : None
# umi_whitelist                           : None
# umi_whitelist_paired                    : None
# unmapped_reads                          : discard
# unpaired_reads                          : use
# whole_contig                            : False
2021-04-14 11:05:22,805 WARNING Chimeric read pairs are being used. Some read pair UMIs may be grouped/deduplicated using just the mapping coordinates from read1.This may also increase the run time and memory usage. Consider --chimeric-pairs==discard to discard these reads or --chimeric-pairs==output (group command only) to output them without grouping
2021-04-14 11:05:22,806 WARNING Unpaired read pairs are being used. Some read pair UMIs may be grouped/deduplicated using just the mapping coordinates from read1.This may also increase the run time and memory usage. Consider --unpared-reads==discard to discard these reads or --unpared-reads==output (group command only) to output them without grouping
2021-04-14 11:05:22,806 INFO command: dedup -I 03_alignedData/bam/5_KB_A7Aligned.sortedByCoord.out.bam -L 04_dedupUmis/log/5_KB_A7.log -S 04_dedupUmis/bam/5_KB_A7.bam --umi-separator=: --temp-dir=. --paired --output-stats=04_dedupUmis/log/5_KB_A7
2021-04-14 11:09:58,856 INFO total_umis 81957360
2021-04-14 11:09:58,865 INFO #umis 66100
2021-04-14 11:13:50,870 INFO Written out 100000 reads
2021-04-14 11:13:54,704 INFO Written out 200000 reads
2021-04-14 11:13:58,637 INFO Written out 300000 reads
2021-04-14 11:14:03,249 INFO Written out 400000 reads
2021-04-14 11:14:07,098 INFO Written out 500000 reads
2021-04-14 11:14:11,825 INFO Written out 600000 reads
2021-04-14 11:14:15,300 INFO Written out 700000 reads
2021-04-14 11:14:19,631 INFO Written out 800000 reads
2021-04-14 11:14:21,915 INFO Parsed 1000000 input reads
2021-04-14 11:14:24,278 INFO Written out 900000 reads
2021-04-14 11:14:28,784 INFO Written out 1000000 reads
2021-04-14 11:14:33,104 INFO Written out 1100000 reads
2021-04-14 11:14:38,040 INFO Written out 1200000 reads
2021-04-14 11:14:42,393 INFO Written out 1300000 reads
2021-04-14 11:14:47,034 INFO Written out 1400000 reads
2021-04-14 11:14:52,170 INFO Written out 1500000 reads
2021-04-14 11:14:57,059 INFO Written out 1600000 reads
2021-04-14 11:15:01,996 INFO Written out 1700000 reads
2021-04-14 11:15:02,068 INFO Parsed 2000000 input reads
2021-04-14 11:15:06,936 INFO Written out 1800000 reads
2021-04-14 11:15:12,306 INFO Written out 1900000 reads
2021-04-14 11:15:17,430 INFO Written out 2000000 reads
2021-04-14 11:15:22,999 INFO Written out 2100000 reads
2021-04-14 11:15:28,607 INFO Written out 2200000 reads
2021-04-14 11:15:33,948 INFO Written out 2300000 reads
2021-04-14 11:15:39,574 INFO Written out 2400000 reads
2021-04-14 11:15:45,019 INFO Written out 2500000 reads
2021-04-14 11:15:48,174 INFO Parsed 3000000 input reads
2021-04-14 11:15:51,319 INFO Written out 2600000 reads
2021-04-14 11:15:56,549 INFO Written out 2700000 reads
2021-04-14 11:16:02,561 INFO Written out 2800000 reads
2021-04-14 11:16:29,629 INFO Written out 2900000 reads
2021-04-14 11:16:34,547 INFO Written out 3000000 reads
2021-04-14 11:16:39,267 INFO Written out 3100000 reads
2021-04-14 11:16:44,255 INFO Written out 3200000 reads
2021-04-14 11:16:49,389 INFO Written out 3300000 reads
2021-04-14 11:16:54,485 INFO Written out 3400000 reads
2021-04-14 11:16:54,558 INFO Parsed 4000000 input reads
2021-04-14 11:17:00,026 INFO Written out 3500000 reads
2021-04-14 11:17:05,430 INFO Written out 3600000 reads
2021-04-14 11:17:11,760 INFO Written out 3700000 reads
2021-04-14 11:17:16,521 INFO Written out 3800000 reads
2021-04-14 11:17:22,249 INFO Written out 3900000 reads
2021-04-14 11:17:29,096 INFO Written out 4000000 reads
2021-04-14 11:17:35,668 INFO Written out 4100000 reads
2021-04-14 11:17:39,246 INFO Written out 4200000 reads
2021-04-14 11:17:41,757 INFO Parsed 5000000 input reads
2021-04-14 11:17:44,853 INFO Written out 4300000 reads
2021-04-14 11:17:50,760 INFO Written out 4400000 reads
2021-04-14 11:17:57,148 INFO Written out 4500000 reads
2021-04-14 11:18:02,838 INFO Written out 4600000 reads
2021-04-14 11:18:08,498 INFO Written out 4700000 reads
2021-04-14 11:18:14,545 INFO Written out 4800000 reads
2021-04-14 11:18:21,215 INFO Written out 4900000 reads
2021-04-14 11:18:26,848 INFO Written out 5000000 reads
2021-04-14 11:18:33,637 INFO Written out 5100000 reads
2021-04-14 11:18:33,645 INFO Parsed 6000000 input reads
2021-04-14 11:18:39,883 INFO Written out 5200000 reads
2021-04-14 11:18:47,262 INFO Written out 5300000 reads
2021-04-14 11:18:52,755 INFO Written out 5400000 reads
2021-04-14 11:19:19,129 INFO Written out 5500000 reads
2021-04-14 11:19:26,289 INFO Written out 5600000 reads
2021-04-14 11:19:30,806 INFO Written out 5700000 reads
2021-04-14 11:19:36,728 INFO Written out 5800000 reads
2021-04-14 11:19:42,697 INFO Written out 5900000 reads
2021-04-14 11:19:45,936 INFO Parsed 7000000 input reads
2021-04-14 11:19:49,630 INFO Written out 6000000 reads
2021-04-14 11:19:56,817 INFO Written out 6100000 reads
2021-04-14 11:20:02,793 INFO Written out 6200000 reads
2021-04-14 11:20:08,998 INFO Written out 6300000 reads
2021-04-14 11:20:14,619 INFO Written out 6400000 reads
2021-04-14 11:20:21,505 INFO Written out 6500000 reads
2021-04-14 11:20:27,907 INFO Written out 6600000 reads
2021-04-14 11:20:34,883 INFO Written out 6700000 reads
2021-04-14 11:20:41,082 INFO Parsed 8000000 input reads
2021-04-14 11:20:41,172 INFO Written out 6800000 reads
2021-04-14 11:20:47,908 INFO Written out 6900000 reads
2021-04-14 11:20:55,208 INFO Written out 7000000 reads
2021-04-14 11:21:01,962 INFO Written out 7100000 reads
2021-04-14 11:21:09,373 INFO Written out 7200000 reads
2021-04-14 11:21:16,990 INFO Written out 7300000 reads
2021-04-14 11:21:23,868 INFO Written out 7400000 reads
2021-04-14 11:21:30,833 INFO Written out 7500000 reads
2021-04-14 11:21:37,895 INFO Written out 7600000 reads
2021-04-14 11:21:40,978 INFO Parsed 9000000 input reads
2021-04-14 11:21:45,621 INFO Written out 7700000 reads
2021-04-14 11:22:11,807 INFO Written out 7800000 reads
2021-04-14 11:22:19,034 INFO Written out 7900000 reads
2021-04-14 11:22:26,361 INFO Written out 8000000 reads
2021-04-14 11:22:33,736 INFO Written out 8100000 reads
2021-04-14 11:22:40,619 INFO Written out 8200000 reads
2021-04-14 11:22:47,509 INFO Written out 8300000 reads
2021-04-14 11:22:54,488 INFO Written out 8400000 reads
2021-04-14 11:23:02,180 INFO Parsed 10000000 input reads
2021-04-14 11:23:02,214 INFO Written out 8500000 reads
2021-04-14 11:23:09,940 INFO Written out 8600000 reads
2021-04-14 11:23:17,107 INFO Written out 8700000 reads
2021-04-14 11:23:24,810 INFO Written out 8800000 reads
2021-04-14 11:23:34,123 INFO Written out 8900000 reads
2021-04-14 11:23:36,466 INFO Written out 9000000 reads
2021-04-14 11:23:46,282 INFO Written out 9100000 reads
2021-04-14 11:23:52,783 INFO Written out 9200000 reads
2021-04-14 11:24:00,263 INFO Written out 9300000 reads
2021-04-14 11:24:04,459 INFO Parsed 11000000 input reads
2021-04-14 11:24:08,514 INFO Written out 9400000 reads
2021-04-14 11:24:16,087 INFO Written out 9500000 reads
2021-04-14 11:24:23,674 INFO Written out 9600000 reads
2021-04-14 11:24:31,353 INFO Written out 9700000 reads
2021-04-14 11:24:55,746 INFO Written out 9800000 reads
2021-04-14 11:25:03,784 INFO Written out 9900000 reads
2021-04-14 11:25:10,170 INFO Written out 10000000 reads
2021-04-14 11:25:18,408 INFO Written out 10100000 reads
2021-04-14 11:25:26,552 INFO Written out 10200000 reads
2021-04-14 11:25:26,579 INFO Parsed 12000000 input reads
2021-04-14 11:25:39,493 INFO Written out 10300000 reads
2021-04-14 11:25:41,599 INFO Written out 10400000 reads
2021-04-14 11:25:46,688 INFO Written out 10500000 reads
2021-04-14 11:25:54,448 INFO Written out 10600000 reads
2021-04-14 11:26:02,956 INFO Written out 10700000 reads
2021-04-14 11:26:11,586 INFO Written out 10800000 reads
2021-04-14 11:26:19,411 INFO Written out 10900000 reads
2021-04-14 11:26:28,182 INFO Written out 11000000 reads
2021-04-14 11:26:32,674 INFO Parsed 13000000 input reads
2021-04-14 11:26:36,145 INFO Written out 11100000 reads
2021-04-14 11:26:45,992 INFO Written out 11200000 reads
2021-04-14 11:26:53,881 INFO Written out 11300000 reads
2021-04-14 11:27:02,050 INFO Written out 11400000 reads
2021-04-14 11:27:09,868 INFO Written out 11500000 reads
2021-04-14 11:27:18,099 INFO Written out 11600000 reads
2021-04-14 11:27:27,429 INFO Written out 11700000 reads
2021-04-14 11:27:36,316 INFO Written out 11800000 reads
2021-04-14 11:27:44,730 INFO Written out 11900000 reads
2021-04-14 11:27:44,850 INFO Parsed 14000000 input reads
2021-04-14 11:27:53,985 INFO Written out 12000000 reads
2021-04-14 11:28:02,552 INFO Written out 12100000 reads
2021-04-14 11:28:30,267 INFO Written out 12200000 reads
2021-04-14 11:28:39,152 INFO Written out 12300000 reads
2021-04-14 11:28:49,267 INFO Written out 12400000 reads
2021-04-14 11:28:55,348 INFO Written out 12500000 reads
2021-04-14 11:29:04,336 INFO Written out 12600000 reads
2021-04-14 11:29:13,840 INFO Written out 12700000 reads
2021-04-14 11:29:17,328 INFO Parsed 15000000 input reads
2021-04-14 11:29:20,738 INFO Written out 12800000 reads
2021-04-14 11:29:29,186 INFO Written out 12900000 reads
2021-04-14 11:29:38,572 INFO Written out 13000000 reads
2021-04-14 11:29:47,975 INFO Written out 13100000 reads
2021-04-14 11:29:58,991 INFO Written out 13200000 reads
2021-04-14 11:30:04,941 INFO Written out 13300000 reads
2021-04-14 11:30:13,456 INFO Written out 13400000 reads
2021-04-14 11:30:23,089 INFO Written out 13500000 reads
2021-04-14 11:30:32,616 INFO Written out 13600000 reads
2021-04-14 11:30:32,766 INFO Parsed 16000000 input reads
2021-04-14 11:30:41,275 INFO Written out 13700000 reads
2021-04-14 11:30:55,150 INFO Written out 13800000 reads
2021-04-14 11:31:00,012 INFO Written out 13900000 reads
2021-04-14 11:31:09,086 INFO Written out 14000000 reads
2021-04-14 11:31:18,657 INFO Written out 14100000 reads
2021-04-14 11:31:30,104 INFO Written out 14200000 reads
2021-04-14 11:31:37,922 INFO Written out 14300000 reads
2021-04-14 11:31:45,780 INFO Written out 14400000 reads
2021-04-14 11:31:51,235 INFO Parsed 17000000 input reads
2021-04-14 11:32:06,904 INFO Written out 14500000 reads
2021-04-14 11:32:08,985 INFO Written out 14600000 reads
2021-04-14 11:32:11,027 INFO Written out 14700000 reads
2021-04-14 11:32:13,253 INFO Written out 14800000 reads
2021-04-14 11:32:22,931 INFO Written out 14900000 reads
2021-04-14 11:32:31,220 INFO Written out 15000000 reads
2021-04-14 11:32:47,408 INFO Written out 15100000 reads
2021-04-14 11:32:50,970 INFO Written out 15200000 reads
2021-04-14 11:33:23,481 INFO Parsed 18000000 input reads
2021-04-14 11:33:24,724 INFO Written out 15300000 reads
2021-04-14 11:33:34,119 INFO Written out 15400000 reads
2021-04-14 11:33:43,423 INFO Written out 15500000 reads
2021-04-14 11:33:52,810 INFO Written out 15600000 reads
2021-04-14 11:34:03,484 INFO Written out 15700000 reads
2021-04-14 11:34:14,314 INFO Written out 15800000 reads
2021-04-14 11:34:22,378 INFO Written out 15900000 reads
2021-04-14 11:34:33,188 INFO Written out 16000000 reads
2021-04-14 11:34:42,989 INFO Written out 16100000 reads
2021-04-14 11:34:48,359 INFO Parsed 19000000 input reads
2021-04-14 11:34:52,792 INFO Written out 16200000 reads
2021-04-14 11:35:04,292 INFO Written out 16300000 reads
2021-04-14 11:35:15,543 INFO Written out 16400000 reads
2021-04-14 11:35:26,851 INFO Written out 16500000 reads
2021-04-14 11:35:36,617 INFO Written out 16600000 reads
2021-04-14 11:35:49,697 INFO Written out 16700000 reads
2021-04-14 11:35:56,953 INFO Written out 16800000 reads
2021-04-14 11:36:06,986 INFO Written out 16900000 reads
2021-04-14 11:36:17,128 INFO Parsed 20000000 input reads
2021-04-14 11:36:17,149 INFO Written out 17000000 reads
2021-04-14 11:36:28,864 INFO Written out 17100000 reads
2021-04-14 11:36:39,156 INFO Written out 17200000 reads
2021-04-14 11:36:49,603 INFO Written out 17300000 reads
2021-04-14 11:37:17,870 INFO Written out 17400000 reads
2021-04-14 11:37:27,937 INFO Written out 17500000 reads
2021-04-14 11:37:39,336 INFO Written out 17600000 reads
2021-04-14 11:37:49,346 INFO Written out 17700000 reads
2021-04-14 11:38:00,711 INFO Written out 17800000 reads
2021-04-14 11:38:06,639 INFO Parsed 21000000 input reads
2021-04-14 11:38:09,315 INFO Written out 17900000 reads
2021-04-14 11:38:19,546 INFO Written out 18000000 reads
2021-04-14 11:38:31,191 INFO Written out 18100000 reads
2021-04-14 11:38:43,352 INFO Written out 18200000 reads
2021-04-14 11:38:53,687 INFO Written out 18300000 reads
2021-04-14 11:39:04,216 INFO Written out 18400000 reads
2021-04-14 11:39:16,417 INFO Written out 18500000 reads
2021-04-14 11:39:25,363 INFO Written out 18600000 reads
2021-04-14 11:39:37,604 INFO Written out 18700000 reads
2021-04-14 11:39:37,606 INFO Parsed 22000000 input reads
2021-04-14 11:39:49,859 INFO Written out 18800000 reads
2021-04-14 11:40:00,523 INFO Written out 18900000 reads
2021-04-14 11:40:13,024 INFO Written out 19000000 reads
2021-04-14 11:40:25,299 INFO Written out 19100000 reads
2021-04-14 11:40:42,887 INFO Written out 19200000 reads
2021-04-14 11:40:47,089 INFO Written out 19300000 reads
2021-04-14 11:40:58,262 INFO Written out 19400000 reads
2021-04-14 11:41:11,099 INFO Written out 19500000 reads
2021-04-14 11:41:17,559 INFO Parsed 23000000 input reads
2021-04-14 11:41:22,313 INFO Written out 19600000 reads
2021-04-14 11:41:37,554 INFO Written out 19700000 reads
2021-04-14 11:41:43,214 INFO Written out 19800000 reads
2021-04-14 11:41:54,536 INFO Written out 19900000 reads
2021-04-14 11:42:06,162 INFO Written out 20000000 reads
2021-04-14 11:42:18,327 INFO Written out 20100000 reads
2021-04-14 11:42:31,330 INFO Written out 20200000 reads
2021-04-14 11:43:05,905 INFO Written out 20300000 reads
2021-04-14 11:43:16,662 INFO Written out 20400000 reads
2021-04-14 11:43:16,730 INFO Parsed 24000000 input reads
2021-04-14 11:43:29,004 INFO Written out 20500000 reads
2021-04-14 11:43:40,246 INFO Written out 20600000 reads
2021-04-14 11:43:48,012 INFO Written out 20700000 reads
2021-04-14 11:44:00,727 INFO Written out 20800000 reads
2021-04-14 11:44:11,870 INFO Written out 20900000 reads
2021-04-14 11:44:24,794 INFO Written out 21000000 reads
2021-04-14 11:44:35,914 INFO Written out 21100000 reads
2021-04-14 11:44:48,894 INFO Written out 21200000 reads
2021-04-14 11:44:54,002 INFO Parsed 25000000 input reads
2021-04-14 11:45:00,480 INFO Written out 21300000 reads
2021-04-14 11:45:13,339 INFO Written out 21400000 reads
2021-04-14 11:45:26,737 INFO Written out 21500000 reads
2021-04-14 11:45:38,226 INFO Written out 21600000 reads
2021-04-14 11:45:48,373 INFO Written out 21700000 reads
2021-04-14 11:46:01,988 INFO Written out 21800000 reads
2021-04-14 11:46:13,655 INFO Written out 21900000 reads
2021-04-14 11:46:27,101 INFO Written out 22000000 reads
2021-04-14 11:46:39,209 INFO Written out 22100000 reads
2021-04-14 11:46:39,467 INFO Parsed 26000000 input reads
2021-04-14 11:46:52,907 INFO Written out 22200000 reads
2021-04-14 11:47:05,048 INFO Written out 22300000 reads
2021-04-14 11:47:19,015 INFO Written out 22400000 reads
2021-04-14 11:47:48,500 INFO Written out 22500000 reads
2021-04-14 11:47:59,898 INFO Written out 22600000 reads
2021-04-14 11:48:11,573 INFO Written out 22700000 reads
2021-04-14 11:48:24,997 INFO Written out 22800000 reads
2021-04-14 11:48:36,774 INFO Written out 22900000 reads
2021-04-14 11:48:43,586 INFO Parsed 27000000 input reads
2021-04-14 11:48:50,328 INFO Written out 23000000 reads
2021-04-14 11:49:02,297 INFO Written out 23100000 reads
2021-04-14 11:49:15,977 INFO Written out 23200000 reads
2021-04-14 11:49:30,320 INFO Written out 23300000 reads
2021-04-14 11:49:42,445 INFO Written out 23400000 reads
2021-04-14 11:49:54,553 INFO Written out 23500000 reads
2021-04-14 11:50:08,427 INFO Written out 23600000 reads
2021-04-14 11:50:20,764 INFO Written out 23700000 reads
2021-04-14 11:50:33,116 INFO Written out 23800000 reads
2021-04-14 11:50:33,266 INFO Parsed 28000000 input reads
2021-04-14 11:50:47,440 INFO Written out 23900000 reads
2021-04-14 11:50:58,103 INFO Written out 24000000 reads
2021-04-14 11:51:12,394 INFO Written out 24100000 reads
2021-04-14 11:51:24,955 INFO Written out 24200000 reads
2021-04-14 11:51:39,405 INFO Written out 24300000 reads
2021-04-14 11:51:54,016 INFO Written out 24400000 reads
2021-04-14 11:52:27,937 INFO Written out 24500000 reads
2021-04-14 11:52:36,216 INFO Written out 24600000 reads
2021-04-14 11:52:43,326 INFO Parsed 29000000 input reads
2021-04-14 11:52:50,189 INFO Written out 24700000 reads
2021-04-14 11:53:02,933 INFO Written out 24800000 reads
2021-04-14 11:53:23,259 INFO Written out 24900000 reads
2021-04-14 11:53:27,633 INFO Written out 25000000 reads
2021-04-14 11:53:44,228 INFO Written out 25100000 reads
2021-04-14 11:53:50,692 INFO Written out 25200000 reads
2021-04-14 11:54:05,185 INFO Written out 25300000 reads
2021-04-14 11:54:19,451 INFO Written out 25400000 reads
2021-04-14 11:54:31,746 INFO Written out 25500000 reads
2021-04-14 11:54:35,808 INFO Parsed 30000000 input reads
2021-04-14 11:54:46,039 INFO Written out 25600000 reads
2021-04-14 11:54:58,662 INFO Written out 25700000 reads
2021-04-14 11:55:11,093 INFO Written out 25800000 reads
2021-04-14 11:55:23,872 INFO Written out 25900000 reads
2021-04-14 11:55:38,475 INFO Written out 26000000 reads
2021-04-14 11:56:05,899 INFO Written out 26100000 reads
2021-04-14 11:56:08,149 INFO Written out 26200000 reads
2021-04-14 11:56:10,308 INFO Written out 26300000 reads
2021-04-14 11:56:15,605 INFO Parsed 31000000 input reads
2021-04-14 11:56:17,015 INFO Written out 26400000 reads
2021-04-14 11:56:32,000 INFO Written out 26500000 reads
2021-04-14 11:56:47,150 INFO Written out 26600000 reads
2021-04-14 11:57:00,604 INFO Written out 26700000 reads
2021-04-14 11:57:15,896 INFO Written out 26800000 reads
2021-04-14 11:57:28,985 INFO Written out 26900000 reads
2021-04-14 11:57:42,064 INFO Written out 27000000 reads
2021-04-14 11:57:55,350 INFO Written out 27100000 reads
2021-04-14 11:58:10,639 INFO Parsed 32000000 input reads
2021-04-14 11:58:10,714 INFO Written out 27200000 reads
2021-04-14 11:58:24,423 INFO Written out 27300000 reads
2021-04-14 11:58:40,201 INFO Written out 27400000 reads
2021-04-14 11:58:54,047 INFO Written out 27500000 reads
2021-04-14 11:59:08,028 INFO Written out 27600000 reads
2021-04-14 11:59:19,788 INFO Written out 27700000 reads
2021-04-14 11:59:36,082 INFO Written out 27800000 reads
2021-04-14 12:00:18,269 INFO Written out 27900000 reads
2021-04-14 12:00:33,627 INFO Written out 28000000 reads
2021-04-14 12:00:39,026 INFO Parsed 33000000 input reads
2021-04-14 12:00:46,787 INFO Written out 28100000 reads
2021-04-14 12:01:00,658 INFO Written out 28200000 reads
2021-04-14 12:01:14,232 INFO Written out 28300000 reads
2021-04-14 12:01:29,858 INFO Written out 28400000 reads
2021-04-14 12:01:45,540 INFO Written out 28500000 reads
2021-04-14 12:01:57,073 INFO Written out 28600000 reads
2021-04-14 12:02:12,891 INFO Written out 28700000 reads
2021-04-14 12:02:26,481 INFO Written out 28800000 reads
2021-04-14 12:02:40,297 INFO Parsed 34000000 input reads
2021-04-14 12:02:40,365 INFO Written out 28900000 reads
2021-04-14 12:02:54,138 INFO Written out 29000000 reads
2021-04-14 12:03:07,985 INFO Written out 29100000 reads
2021-04-14 12:03:24,164 INFO Written out 29200000 reads
2021-04-14 12:03:38,285 INFO Written out 29300000 reads
2021-04-14 12:03:54,464 INFO Written out 29400000 reads
2021-04-14 12:04:10,958 INFO Written out 29500000 reads
2021-04-14 12:04:25,381 INFO Written out 29600000 reads
2021-04-14 12:04:41,800 INFO Written out 29700000 reads
2021-04-14 12:04:50,794 INFO Parsed 35000000 input reads
2021-04-14 12:04:58,914 INFO Written out 29800000 reads
2021-04-14 12:05:15,739 INFO Written out 29900000 reads
2021-04-14 12:05:30,476 INFO Written out 30000000 reads
2021-04-14 12:05:42,537 INFO Written out 30100000 reads
2021-04-14 12:05:56,925 INFO Written out 30200000 reads
2021-04-14 12:06:09,506 INFO Written out 30300000 reads
2021-04-14 12:06:24,060 INFO Written out 30400000 reads
2021-04-14 12:06:41,198 INFO Written out 30500000 reads
2021-04-14 12:06:58,220 INFO Written out 30600000 reads
2021-04-14 12:06:58,230 INFO Parsed 36000000 input reads
2021-04-14 12:07:13,119 INFO Written out 30700000 reads
2021-04-14 12:07:28,029 INFO Written out 30800000 reads
2021-04-14 12:07:45,397 INFO Written out 30900000 reads
2021-04-14 12:08:00,480 INFO Written out 31000000 reads
2021-04-14 12:08:42,637 INFO Written out 31100000 reads
2021-04-14 12:08:59,384 INFO Written out 31200000 reads
2021-04-14 12:09:13,899 INFO Written out 31300000 reads
2021-04-14 12:09:30,884 INFO Written out 31400000 reads
2021-04-14 12:09:36,908 INFO Parsed 37000000 input reads
2021-04-14 12:09:45,397 INFO Written out 31500000 reads
2021-04-14 12:09:59,899 INFO Written out 31600000 reads
2021-04-14 12:10:14,688 INFO Written out 31700000 reads
2021-04-14 12:10:39,744 INFO Written out 31800000 reads
2021-04-14 12:10:41,935 INFO Written out 31900000 reads
2021-04-14 12:10:54,364 INFO Written out 32000000 reads
2021-04-14 12:11:11,226 INFO Written out 32100000 reads
2021-04-14 12:11:25,852 INFO Written out 32200000 reads
2021-04-14 12:11:42,686 INFO Parsed 38000000 input reads
2021-04-14 12:11:42,717 INFO Written out 32300000 reads
2021-04-14 12:11:59,606 INFO Written out 32400000 reads
2021-04-14 12:12:14,499 INFO Written out 32500000 reads
2021-04-14 12:12:29,514 INFO Written out 32600000 reads
2021-04-14 12:12:58,715 INFO Written out 32700000 reads
2021-04-14 12:13:00,820 INFO Written out 32800000 reads
2021-04-14 12:13:05,560 INFO Written out 32900000 reads
2021-04-14 12:13:20,364 INFO Written out 33000000 reads
2021-04-14 12:13:35,767 INFO Written out 33100000 reads
2021-04-14 12:13:49,794 INFO Parsed 39000000 input reads
2021-04-14 12:13:58,699 INFO Written out 33200000 reads
2021-04-14 12:14:03,969 INFO Written out 33300000 reads
2021-04-14 12:14:21,886 INFO Written out 33400000 reads
2021-04-14 12:14:37,500 INFO Written out 33500000 reads
2021-04-14 12:15:00,836 INFO Written out 33600000 reads
2021-04-14 12:15:03,627 INFO Written out 33700000 reads
2021-04-14 12:15:19,389 INFO Written out 33800000 reads
2021-04-14 12:16:01,273 INFO Written out 33900000 reads
2021-04-14 12:16:16,213 INFO Parsed 40000000 input reads
2021-04-14 12:16:16,342 INFO Written out 34000000 reads
2021-04-14 12:16:34,237 INFO Written out 34100000 reads
2021-04-14 12:16:49,763 INFO Written out 34200000 reads
2021-04-14 12:17:05,075 INFO Written out 34300000 reads
2021-04-14 12:17:20,499 INFO Written out 34400000 reads
2021-04-14 12:17:44,011 INFO Written out 34500000 reads
2021-04-14 12:17:54,144 INFO Written out 34600000 reads
2021-04-14 12:18:12,398 INFO Written out 34700000 reads
2021-04-14 12:18:27,875 INFO Written out 34800000 reads
2021-04-14 12:18:34,344 INFO Parsed 41000000 input reads
2021-04-14 12:18:41,306 INFO Written out 34900000 reads
2021-04-14 12:18:59,978 INFO Written out 35000000 reads
2021-04-14 12:19:15,715 INFO Written out 35100000 reads
2021-04-14 12:19:36,995 INFO Written out 35200000 reads
2021-04-14 12:19:50,412 INFO Written out 35300000 reads
2021-04-14 12:20:06,630 INFO Written out 35400000 reads
2021-04-14 12:20:34,264 INFO Written out 35500000 reads
2021-04-14 12:20:39,537 INFO Written out 35600000 reads
2021-04-14 12:20:55,856 INFO Parsed 42000000 input reads
2021-04-14 12:20:55,927 INFO Written out 35700000 reads
2021-04-14 12:21:14,961 INFO Written out 35800000 reads
2021-04-14 12:21:34,027 INFO Written out 35900000 reads
2021-04-14 12:21:47,882 INFO Written out 36000000 reads
2021-04-14 12:22:07,179 INFO Written out 36100000 reads
2021-04-14 12:22:29,617 INFO Written out 36200000 reads
2021-04-14 12:22:35,049 INFO Written out 36300000 reads
2021-04-14 12:22:54,685 INFO Written out 36400000 reads
2021-04-14 12:23:11,739 INFO Written out 36500000 reads
2021-04-14 12:23:18,666 INFO Parsed 43000000 input reads
2021-04-14 12:23:31,312 INFO Written out 36600000 reads
2021-04-14 12:23:47,959 INFO Written out 36700000 reads
2021-04-14 12:24:32,325 INFO Written out 36800000 reads
2021-04-14 12:24:50,832 INFO Written out 36900000 reads
2021-04-14 12:25:09,635 INFO Written out 37000000 reads
2021-04-14 12:25:26,100 INFO Written out 37100000 reads
2021-04-14 12:25:45,063 INFO Written out 37200000 reads
2021-04-14 12:26:01,701 INFO Written out 37300000 reads
2021-04-14 12:26:18,035 INFO Parsed 44000000 input reads
2021-04-14 12:26:18,302 INFO Written out 37400000 reads
2021-04-14 12:26:37,408 INFO Written out 37500000 reads
2021-04-14 12:26:54,188 INFO Written out 37600000 reads
2021-04-14 12:27:13,638 INFO Written out 37700000 reads
2021-04-14 12:27:33,280 INFO Written out 37800000 reads
2021-04-14 12:27:49,857 INFO Written out 37900000 reads
2021-04-14 12:28:06,883 INFO Written out 38000000 reads
2021-04-14 12:28:23,914 INFO Written out 38100000 reads
2021-04-14 12:28:43,740 INFO Written out 38200000 reads
2021-04-14 12:28:50,739 INFO Parsed 45000000 input reads
2021-04-14 12:29:01,218 INFO Written out 38300000 reads
2021-04-14 12:29:18,502 INFO Written out 38400000 reads
2021-04-14 12:29:38,506 INFO Written out 38500000 reads
2021-04-14 12:30:12,582 INFO Written out 38600000 reads
2021-04-14 12:30:29,570 INFO Written out 38700000 reads
2021-04-14 12:30:49,226 INFO Written out 38800000 reads
2021-04-14 12:31:11,004 INFO Written out 38900000 reads
2021-04-14 12:31:24,910 INFO Written out 39000000 reads
2021-04-14 12:31:39,035 INFO Parsed 46000000 input reads
2021-04-14 12:31:39,115 INFO Written out 39100000 reads
2021-04-14 12:31:58,571 INFO Written out 39200000 reads
2021-04-14 12:32:15,374 INFO Written out 39300000 reads
2021-04-14 12:32:35,033 INFO Written out 39400000 reads
2021-04-14 12:32:55,218 INFO Written out 39500000 reads
2021-04-14 12:33:12,221 INFO Written out 39600000 reads
2021-04-14 12:33:32,136 INFO Written out 39700000 reads
2021-04-14 12:33:49,351 INFO Written out 39800000 reads
2021-04-14 12:34:06,419 INFO Written out 39900000 reads
2021-04-14 12:34:16,303 INFO Parsed 47000000 input reads
2021-04-14 12:34:29,532 INFO Written out 40000000 reads
2021-04-14 12:34:46,906 INFO Written out 40100000 reads
2021-04-14 12:35:04,115 INFO Written out 40200000 reads
2021-04-14 12:35:21,551 INFO Written out 40300000 reads
2021-04-14 12:35:39,277 INFO Written out 40400000 reads
2021-04-14 12:35:57,042 INFO Written out 40500000 reads
2021-04-14 12:36:27,573 INFO Written out 40600000 reads
2021-04-14 12:36:29,704 INFO Written out 40700000 reads
2021-04-14 12:36:47,867 INFO Parsed 48000000 input reads
2021-04-14 12:36:47,892 INFO Written out 40800000 reads
2021-04-14 12:37:02,570 INFO Written out 40900000 reads
2021-04-14 12:37:20,589 INFO Written out 41000000 reads
2021-04-14 12:37:38,903 INFO Written out 41100000 reads
2021-04-14 12:38:03,362 INFO Written out 41200000 reads
2021-04-14 12:38:11,653 INFO Written out 41300000 reads
2021-04-14 12:38:56,229 INFO Written out 41400000 reads
2021-04-14 12:39:16,462 INFO Written out 41500000 reads
2021-04-14 12:39:33,740 INFO Written out 41600000 reads
2021-04-14 12:39:43,865 INFO Parsed 49000000 input reads
2021-04-14 12:39:51,329 INFO Written out 41700000 reads
2021-04-14 12:40:11,789 INFO Written out 41800000 reads
2021-04-14 12:40:29,760 INFO Written out 41900000 reads
2021-04-14 12:40:47,510 INFO Written out 42000000 reads
2021-04-14 12:41:05,465 INFO Written out 42100000 reads
2021-04-14 12:41:26,286 INFO Written out 42200000 reads
2021-04-14 12:41:44,194 INFO Written out 42300000 reads
2021-04-14 12:42:02,324 INFO Written out 42400000 reads
2021-04-14 12:42:20,386 INFO Parsed 50000000 input reads
2021-04-14 12:42:20,388 INFO Written out 42500000 reads
2021-04-14 12:42:41,442 INFO Written out 42600000 reads
2021-04-14 12:43:02,706 INFO Written out 42700000 reads
2021-04-14 12:43:20,802 INFO Written out 42800000 reads
2021-04-14 12:43:42,225 INFO Written out 42900000 reads
2021-04-14 12:44:17,577 INFO Written out 43000000 reads
2021-04-14 12:44:35,513 INFO Written out 43100000 reads
2021-04-14 12:44:53,805 INFO Written out 43200000 reads
2021-04-14 12:45:14,924 INFO Written out 43300000 reads
2021-04-14 12:45:28,585 INFO Parsed 51000000 input reads
2021-04-14 12:45:33,138 INFO Written out 43400000 reads
2021-04-14 12:45:51,595 INFO Written out 43500000 reads
2021-04-14 12:46:12,946 INFO Written out 43600000 reads
2021-04-14 12:46:31,186 INFO Written out 43700000 reads
2021-04-14 12:46:49,481 INFO Written out 43800000 reads
2021-04-14 12:47:05,298 INFO Written out 43900000 reads
2021-04-14 12:47:23,958 INFO Written out 44000000 reads
2021-04-14 12:47:49,679 INFO Written out 44100000 reads
2021-04-14 12:48:05,234 INFO Parsed 52000000 input reads
2021-04-14 12:48:05,271 INFO Written out 44200000 reads
2021-04-14 12:48:24,105 INFO Written out 44300000 reads
2021-04-14 12:48:42,996 INFO Written out 44400000 reads
2021-04-14 12:49:02,135 INFO Written out 44500000 reads
2021-04-14 12:49:21,235 INFO Written out 44600000 reads
2021-04-14 12:49:43,401 INFO Written out 44700000 reads
2021-04-14 12:50:05,736 INFO Written out 44800000 reads
2021-04-14 12:50:38,523 INFO Written out 44900000 reads
2021-04-14 12:50:44,197 INFO Written out 45000000 reads
2021-04-14 12:51:09,388 INFO Parsed 53000000 input reads
2021-04-14 12:51:23,758 INFO Written out 45100000 reads
2021-04-14 12:51:42,473 INFO Written out 45200000 reads
2021-04-14 12:52:01,338 INFO Written out 45300000 reads
2021-04-14 12:52:20,388 INFO Written out 45400000 reads
2021-04-14 12:52:42,461 INFO Written out 45500000 reads
2021-04-14 12:53:04,443 INFO Written out 45600000 reads
2021-04-14 12:53:23,512 INFO Written out 45700000 reads
2021-04-14 12:53:42,431 INFO Written out 45800000 reads
2021-04-14 12:54:04,835 INFO Parsed 54000000 input reads
2021-04-14 12:54:04,843 INFO Written out 45900000 reads
2021-04-14 12:54:20,859 INFO Written out 46000000 reads
2021-04-14 12:54:43,242 INFO Written out 46100000 reads
2021-04-14 12:55:09,545 INFO Written out 46200000 reads
2021-04-14 12:55:28,939 INFO Written out 46300000 reads
2021-04-14 12:55:48,108 INFO Written out 46400000 reads
2021-04-14 12:56:07,509 INFO Written out 46500000 reads
2021-04-14 12:56:30,299 INFO Written out 46600000 reads
2021-04-14 12:56:49,721 INFO Written out 46700000 reads
2021-04-14 12:56:58,035 INFO Parsed 55000000 input reads
2021-04-14 12:57:09,294 INFO Written out 46800000 reads
2021-04-14 12:57:32,252 INFO Written out 46900000 reads
2021-04-14 12:57:55,037 INFO Written out 47000000 reads
2021-04-14 12:58:18,237 INFO Written out 47100000 reads
2021-04-14 12:58:41,220 INFO Written out 47200000 reads
2021-04-14 12:59:03,636 INFO Written out 47300000 reads
2021-04-14 12:59:26,913 INFO Written out 47400000 reads
2021-04-14 12:59:46,832 INFO Written out 47500000 reads
2021-04-14 13:00:10,146 INFO Written out 47600000 reads
2021-04-14 13:00:10,299 INFO Parsed 56000000 input reads
2021-04-14 13:00:30,129 INFO Written out 47700000 reads
2021-04-14 13:00:57,827 INFO Written out 47800000 reads
2021-04-14 13:00:59,952 INFO Written out 47900000 reads
2021-04-14 13:01:20,507 INFO Written out 48000000 reads
2021-04-14 13:01:48,111 INFO Written out 48100000 reads
2021-04-14 13:02:09,397 INFO Written out 48200000 reads
2021-04-14 13:02:26,334 INFO Written out 48300000 reads
2021-04-14 13:02:54,288 INFO Written out 48400000 reads
2021-04-14 13:02:59,478 INFO Parsed 57000000 input reads
2021-04-14 13:03:11,369 INFO Written out 48500000 reads
2021-04-14 13:03:39,399 INFO Written out 48600000 reads
2021-04-14 13:03:56,752 INFO Written out 48700000 reads
2021-04-14 13:04:54,794 INFO Written out 48800000 reads
2021-04-14 13:05:14,821 INFO Written out 48900000 reads
2021-04-14 13:05:38,516 INFO Written out 49000000 reads
2021-04-14 13:05:58,734 INFO Written out 49100000 reads
2021-04-14 13:06:22,278 INFO Written out 49200000 reads
2021-04-14 13:06:42,620 INFO Written out 49300000 reads
2021-04-14 13:06:42,727 INFO Parsed 58000000 input reads
2021-04-14 13:07:06,514 INFO Written out 49400000 reads
2021-04-14 13:07:26,988 INFO Written out 49500000 reads
2021-04-14 13:07:50,951 INFO Written out 49600000 reads
2021-04-14 13:08:14,850 INFO Written out 49700000 reads
2021-04-14 13:08:38,883 INFO Written out 49800000 reads
2021-04-14 13:09:00,282 INFO Written out 49900000 reads
2021-04-14 13:09:21,071 INFO Written out 50000000 reads
2021-04-14 13:09:45,186 INFO Written out 50100000 reads
2021-04-14 13:09:57,383 INFO Parsed 59000000 input reads
2021-04-14 13:10:06,132 INFO Written out 50200000 reads
2021-04-14 13:10:30,550 INFO Written out 50300000 reads
2021-04-14 13:10:48,102 INFO Written out 50400000 reads
2021-04-14 13:11:06,063 INFO Written out 50500000 reads
2021-04-14 13:11:23,811 INFO Written out 50600000 reads
2021-04-14 13:11:41,607 INFO Written out 50700000 reads
2021-04-14 13:12:03,072 INFO Written out 50800000 reads
2021-04-14 13:12:56,643 INFO Written out 50900000 reads
2021-04-14 13:13:18,143 INFO Parsed 60000000 input reads
2021-04-14 13:13:18,219 INFO Written out 51000000 reads
2021-04-14 13:13:20,360 INFO Written out 51100000 reads
2021-04-14 13:13:33,873 INFO Written out 51200000 reads
2021-04-14 13:13:54,727 INFO Written out 51300000 reads
2021-04-14 13:14:15,857 INFO Written out 51400000 reads
2021-04-14 13:14:37,100 INFO Written out 51500000 reads
2021-04-14 13:14:58,126 INFO Written out 51600000 reads
2021-04-14 13:15:22,967 INFO Written out 51700000 reads
2021-04-14 13:15:47,930 INFO Written out 51800000 reads
2021-04-14 13:16:00,109 INFO Parsed 61000000 input reads
2021-04-14 13:16:09,176 INFO Written out 51900000 reads
2021-04-14 13:16:34,754 INFO Written out 52000000 reads
2021-04-14 13:16:56,284 INFO Written out 52100000 reads
2021-04-14 13:17:17,902 INFO Written out 52200000 reads
2021-04-14 13:17:43,012 INFO Written out 52300000 reads
2021-04-14 13:18:04,576 INFO Written out 52400000 reads
2021-04-14 13:18:30,291 INFO Written out 52500000 reads
2021-04-14 13:18:55,854 INFO Written out 52600000 reads
2021-04-14 13:19:17,610 INFO Parsed 62000000 input reads
2021-04-14 13:19:17,764 INFO Written out 52700000 reads
2021-04-14 13:19:43,164 INFO Written out 52800000 reads
2021-04-14 13:20:08,735 INFO Written out 52900000 reads
2021-04-14 13:20:47,115 INFO Written out 53000000 reads
2021-04-14 13:20:49,649 INFO Written out 53100000 reads
2021-04-14 13:21:07,835 INFO Written out 53200000 reads
2021-04-14 13:21:29,945 INFO Written out 53300000 reads
2021-04-14 13:21:55,723 INFO Written out 53400000 reads
2021-04-14 13:22:17,850 INFO Written out 53500000 reads
2021-04-14 13:22:30,607 INFO Parsed 63000000 input reads
2021-04-14 13:22:43,945 INFO Written out 53600000 reads
2021-04-14 13:23:06,379 INFO Written out 53700000 reads
2021-04-14 13:23:32,594 INFO Written out 53800000 reads
2021-04-14 13:23:55,105 INFO Written out 53900000 reads
2021-04-14 13:24:17,801 INFO Written out 54000000 reads
2021-04-14 13:24:40,638 INFO Written out 54100000 reads
2021-04-14 13:25:07,298 INFO Written out 54200000 reads
2021-04-14 13:25:34,545 INFO Written out 54300000 reads
2021-04-14 13:25:57,339 INFO Parsed 64000000 input reads
2021-04-14 13:25:57,530 INFO Written out 54400000 reads
2021-04-14 13:26:24,246 INFO Written out 54500000 reads
2021-04-14 13:27:20,810 INFO Written out 54600000 reads
2021-04-14 13:27:43,276 INFO Written out 54700000 reads
2021-04-14 13:28:09,126 INFO Written out 54800000 reads
2021-04-14 13:28:35,076 INFO Written out 54900000 reads
2021-04-14 13:28:53,537 INFO Written out 55000000 reads
2021-04-14 13:29:16,597 INFO Written out 55100000 reads
2021-04-14 13:29:42,952 INFO Written out 55200000 reads
2021-04-14 13:29:52,113 INFO Parsed 65000000 input reads
2021-04-14 13:30:01,659 INFO Written out 55300000 reads
2021-04-14 13:30:28,013 INFO Written out 55400000 reads
2021-04-14 13:30:50,742 INFO Written out 55500000 reads
2021-04-14 13:31:17,516 INFO Written out 55600000 reads
2021-04-14 13:31:44,253 INFO Written out 55700000 reads
2021-04-14 13:32:07,165 INFO Written out 55800000 reads
2021-04-14 13:32:30,213 INFO Written out 55900000 reads
2021-04-14 13:32:57,554 INFO Written out 56000000 reads
2021-04-14 13:33:20,563 INFO Parsed 66000000 input reads
2021-04-14 13:33:24,941 INFO Written out 56100000 reads
2021-04-14 13:33:43,726 INFO Written out 56200000 reads
2021-04-14 13:34:11,038 INFO Written out 56300000 reads
2021-04-14 13:34:38,254 INFO Written out 56400000 reads
2021-04-14 13:35:01,425 INFO Written out 56500000 reads
2021-04-14 13:35:28,561 INFO Written out 56600000 reads
2021-04-14 13:35:51,698 INFO Written out 56700000 reads
2021-04-14 13:36:19,422 INFO Written out 56800000 reads
2021-04-14 13:36:47,058 INFO Written out 56900000 reads
2021-04-14 13:36:52,200 INFO Parsed 67000000 input reads
2021-04-14 13:37:06,134 INFO Written out 57000000 reads
2021-04-14 13:37:33,692 INFO Written out 57100000 reads
2021-04-14 13:37:56,936 INFO Written out 57200000 reads
2021-04-14 13:38:20,727 INFO Written out 57300000 reads
2021-04-14 13:39:29,067 INFO Written out 57400000 reads
2021-04-14 13:39:31,570 INFO Written out 57500000 reads
2021-04-14 13:39:56,291 INFO Written out 57600000 reads
2021-04-14 13:40:23,802 INFO Written out 57700000 reads
2021-04-14 13:40:47,024 INFO Parsed 68000000 input reads
2021-04-14 13:40:47,207 INFO Written out 57800000 reads
2021-04-14 13:41:10,221 INFO Written out 57900000 reads
2021-04-14 13:41:33,773 INFO Written out 58000000 reads
2021-04-14 13:42:01,202 INFO Written out 58100000 reads
2021-04-14 13:42:28,897 INFO Written out 58200000 reads
2021-04-14 13:42:52,406 INFO Written out 58300000 reads
2021-04-14 13:43:15,926 INFO Written out 58400000 reads
2021-04-14 13:43:44,142 INFO Written out 58500000 reads
2021-04-14 13:44:07,335 INFO Written out 58600000 reads
2021-04-14 13:44:16,869 INFO Parsed 69000000 input reads
2021-04-14 13:44:31,019 INFO Written out 58700000 reads
2021-04-14 13:44:54,373 INFO Written out 58800000 reads
2021-04-14 13:45:22,072 INFO Written out 58900000 reads
2021-04-14 13:45:45,522 INFO Written out 59000000 reads
2021-04-14 13:46:13,003 INFO Written out 59100000 reads
2021-04-14 13:46:44,984 INFO Written out 59200000 reads
2021-04-14 13:47:04,626 INFO Written out 59300000 reads
2021-04-14 13:47:32,535 INFO Written out 59400000 reads
2021-04-14 13:47:56,206 INFO Parsed 70000000 input reads
2021-04-14 13:47:56,305 INFO Written out 59500000 reads
2021-04-14 13:48:23,967 INFO Written out 59600000 reads
2021-04-14 13:48:47,709 INFO Written out 59700000 reads
2021-04-14 13:49:15,467 INFO Written out 59800000 reads
2021-04-14 13:49:43,604 INFO Written out 59900000 reads
2021-04-14 13:50:07,419 INFO Written out 60000000 reads
2021-04-14 13:50:31,456 INFO Written out 60100000 reads
2021-04-14 13:51:00,721 INFO Written out 60200000 reads
2021-04-14 13:51:25,174 INFO Written out 60300000 reads
2021-04-14 13:51:39,573 INFO Parsed 71000000 input reads
2021-04-14 13:51:58,445 INFO Written out 60400000 reads
2021-04-14 13:52:22,607 INFO Written out 60500000 reads
2021-04-14 13:53:13,291 INFO Written out 60600000 reads
2021-04-14 13:53:37,094 INFO Written out 60700000 reads
2021-04-14 13:54:05,414 INFO Written out 60800000 reads
2021-04-14 13:54:29,806 INFO Written out 60900000 reads
2021-04-14 13:54:58,244 INFO Written out 61000000 reads
2021-04-14 13:55:26,485 INFO Written out 61100000 reads
2021-04-14 13:55:54,776 INFO Parsed 72000000 input reads
2021-04-14 13:55:54,795 INFO Written out 61200000 reads
2021-04-14 13:56:23,054 INFO Written out 61300000 reads
2021-04-14 13:56:42,981 INFO Written out 61400000 reads
2021-04-14 13:57:11,467 INFO Written out 61500000 reads
2021-04-14 13:57:40,785 INFO Written out 61600000 reads
2021-04-14 13:58:09,515 INFO Written out 61700000 reads
2021-04-14 13:58:33,617 INFO Written out 61800000 reads
2021-04-14 13:59:02,393 INFO Written out 61900000 reads
2021-04-14 13:59:31,301 INFO Written out 62000000 reads
2021-04-14 13:59:41,350 INFO Parsed 73000000 input reads
2021-04-14 13:59:55,849 INFO Written out 62100000 reads
2021-04-14 14:00:24,940 INFO Written out 62200000 reads
2021-04-14 14:00:49,823 INFO Written out 62300000 reads
2021-04-14 14:01:19,876 INFO Written out 62400000 reads
2021-04-14 14:01:44,732 INFO Written out 62500000 reads
2021-04-14 14:02:09,959 INFO Written out 62600000 reads
2021-04-14 14:02:44,090 INFO Written out 62700000 reads
2021-04-14 14:03:00,228 INFO Written out 62800000 reads
2021-04-14 14:03:25,371 INFO Written out 62900000 reads
2021-04-14 14:03:25,428 INFO Parsed 74000000 input reads
2021-04-14 14:03:54,959 INFO Written out 63000000 reads
2021-04-14 14:04:20,936 INFO Written out 63100000 reads
2021-04-14 14:04:50,663 INFO Written out 63200000 reads
2021-04-14 14:05:47,324 INFO Written out 63300000 reads
2021-04-14 14:06:12,279 INFO Written out 63400000 reads
2021-04-14 14:06:36,869 INFO Written out 63500000 reads
2021-04-14 14:07:05,736 INFO Written out 63600000 reads
2021-04-14 14:07:30,890 INFO Written out 63700000 reads
2021-04-14 14:07:45,610 INFO Parsed 75000000 input reads
2021-04-14 14:08:00,526 INFO Written out 63800000 reads
2021-04-14 14:08:26,032 INFO Written out 63900000 reads
2021-04-14 14:08:51,130 INFO Written out 64000000 reads
2021-04-14 14:09:20,502 INFO Written out 64100000 reads
2021-04-14 14:09:50,176 INFO Written out 64200000 reads
2021-04-14 14:10:19,921 INFO Written out 64300000 reads
2021-04-14 14:10:45,170 INFO Written out 64400000 reads
2021-04-14 14:11:14,854 INFO Written out 64500000 reads
2021-04-14 14:11:41,007 INFO Written out 64600000 reads
2021-04-14 14:11:41,048 INFO Parsed 76000000 input reads
2021-04-14 14:12:06,593 INFO Written out 64700000 reads
2021-04-14 14:12:32,366 INFO Written out 64800000 reads
2021-04-14 14:12:58,100 INFO Written out 64900000 reads
2021-04-14 14:13:23,531 INFO Written out 65000000 reads
2021-04-14 14:13:53,738 INFO Written out 65100000 reads
2021-04-14 14:14:14,633 INFO Written out 65200000 reads
2021-04-14 14:14:44,589 INFO Written out 65300000 reads
2021-04-14 14:17:12,386 INFO Written out 65400000 reads
2021-04-14 14:17:13,895 INFO Parsed 77000000 input reads
2021-04-14 14:17:14,871 INFO Written out 65500000 reads
2021-04-14 14:17:16,943 INFO Written out 65600000 reads
2021-04-14 14:17:19,097 INFO Written out 65700000 reads
2021-04-14 14:17:21,132 INFO Written out 65800000 reads
2021-04-14 14:17:24,606 INFO Written out 65900000 reads
2021-04-14 14:17:26,870 INFO Written out 66000000 reads
2021-04-14 14:17:29,416 INFO Written out 66100000 reads
2021-04-14 14:17:33,278 INFO Written out 66200000 reads
2021-04-14 14:17:37,552 INFO Parsed 78000000 input reads
2021-04-14 14:17:37,709 INFO Written out 66300000 reads
2021-04-14 14:17:41,474 INFO Written out 66400000 reads
2021-04-14 14:17:45,112 INFO Written out 66500000 reads
2021-04-14 14:17:52,315 INFO Written out 66600000 reads
2021-04-14 14:17:55,667 INFO Written out 66700000 reads
2021-04-14 14:18:00,920 INFO Written out 66800000 reads
2021-04-14 14:18:05,255 INFO Written out 66900000 reads
2021-04-14 14:18:10,295 INFO Written out 67000000 reads
2021-04-14 14:18:13,369 INFO Written out 67100000 reads
2021-04-14 14:18:14,004 INFO Parsed 79000000 input reads
2021-04-14 14:18:16,150 INFO Written out 67200000 reads
2021-04-14 14:18:19,928 INFO Written out 67300000 reads
2021-04-14 14:18:22,790 INFO Written out 67400000 reads
2021-04-14 14:18:25,722 INFO Written out 67500000 reads
2021-04-14 14:18:29,086 INFO Written out 67600000 reads
2021-04-14 14:18:31,737 INFO Written out 67700000 reads
2021-04-14 14:18:34,433 INFO Written out 67800000 reads
2021-04-14 14:18:39,754 INFO Written out 67900000 reads
2021-04-14 14:18:42,523 INFO Parsed 80000000 input reads
2021-04-14 14:18:43,557 INFO Written out 68000000 reads
2021-04-14 14:18:47,593 INFO Written out 68100000 reads
2021-04-14 14:18:50,154 INFO Written out 68200000 reads
2021-04-14 14:18:52,253 INFO Written out 68300000 reads
2021-04-14 14:18:54,643 INFO Written out 68400000 reads
2021-04-14 14:18:56,713 INFO Written out 68500000 reads
2021-04-14 14:18:58,753 INFO Written out 68600000 reads
2021-04-14 14:19:01,837 INFO Written out 68700000 reads
2021-04-14 14:19:04,029 INFO Written out 68800000 reads
2021-04-14 14:19:04,466 INFO Parsed 81000000 input reads
2021-04-14 14:19:35,875 INFO Written out 68900000 reads
2021-04-14 14:19:41,148 INFO Written out 69000000 reads
2021-04-14 14:19:46,294 INFO Written out 69100000 reads
2021-04-14 14:19:51,419 INFO Written out 69200000 reads
2021-04-14 14:20:13,186 INFO Written out 69300000 reads
2021-04-14 14:20:41,616 INFO Written out 69400000 reads
2021-04-14 14:21:10,200 INFO Written out 69500000 reads
2021-04-14 14:21:40,237 INFO Written out 69600000 reads
2021-04-14 14:21:46,585 INFO Searching for mates for 0 unmatched alignments
2021-04-14 14:25:43,385 INFO 0 mates never found
2021-04-14 14:42:09,393 INFO Reads: Input Reads: 81957360, Read pairs: 81957360, Read 2 unmapped: 5725
2021-04-14 14:42:09,393 INFO Number of reads out: 69626130
2021-04-14 14:42:09,393 INFO Total number of positions deduplicated: 57408701
2021-04-14 14:42:09,393 INFO Mean number of unique UMIs per position: 1.22
2021-04-14 14:42:09,393 INFO Max. number of unique UMIs per position: 3324
# job finished in 13006 seconds at Wed Apr 14 14:42:09 2021 -- 12728.80 242.05  0.00  0.00 -- 17271634-aa1f-4d8b-a54b-d4130c156b4d
