# UMI-tools version: 1.1.1
# output generated by dedup -I 03_alignedData/bam/6_KB_B11Aligned.sortedByCoord.out.bam -L 04_dedupUmis/log/6_KB_B11.log -S 04_dedupUmis/bam/6_KB_B11.bam --umi-separator=: --temp-dir=. --paired --output-stats=04_dedupUmis/log/6_KB_B11
# job started at Wed Apr 14 11:05:22 2021 on r25-n30 -- 9de5f280-5ccc-45a4-8d58-259c99f69ead
# pid: 175170, system: Linux 3.10.0-1062.9.1.el7.x86_64 #1 SMP Mon Dec 2 08:31:54 EST 2019 x86_64
# assigned_tag                            : None
# cell_tag                                : None
# cell_tag_delim                          : None
# cell_tag_split                          : -
# chimeric_pairs                          : use
# chrom                                   : None
# compresslevel                           : 6
# detection_method                        : None
# filter_umi                              : None
# gene_tag                                : None
# gene_transcript_map                     : None
# get_umi_method                          : read_id
# ignore_tlen                             : False
# ignore_umi                              : False
# in_sam                                  : False
# log2stderr                              : False
# loglevel                                : 1
# mapping_quality                         : 0
# method                                  : directional
# no_sort_output                          : False
# out_sam                                 : False
# output_unmapped                         : False
# paired                                  : True
# per_cell                                : False
# per_contig                              : False
# per_gene                                : False
# random_seed                             : None
# read_length                             : False
# short_help                              : None
# skip_regex                              : ^(__|Unassigned)
# soft_clip_threshold                     : 4
# spliced                                 : False
# stats                                   : 04_dedupUmis/log/6_KB_B11
# stderr                                  : <_io.TextIOWrapper name='<stderr>' mode='w' encoding='UTF-8'>
# stdin                                   : <_io.TextIOWrapper name='03_alignedData/bam/6_KB_B11Aligned.sortedByCoord.out.bam' mode='r' encoding='UTF-8'>
# stdlog                                  : <_io.TextIOWrapper name='04_dedupUmis/log/6_KB_B11.log' mode='a' encoding='UTF-8'>
# stdout                                  : <_io.TextIOWrapper name='04_dedupUmis/bam/6_KB_B11.bam' mode='w' encoding='UTF-8'>
# subset                                  : None
# threshold                               : 1
# timeit_file                             : None
# timeit_header                           : None
# timeit_name                             : all
# tmpdir                                  : .
# umi_sep                                 : :
# umi_tag                                 : RX
# umi_tag_delim                           : None
# umi_tag_split                           : None
# umi_whitelist                           : None
# umi_whitelist_paired                    : None
# unmapped_reads                          : discard
# unpaired_reads                          : use
# whole_contig                            : False
2021-04-14 11:05:22,682 WARNING Chimeric read pairs are being used. Some read pair UMIs may be grouped/deduplicated using just the mapping coordinates from read1.This may also increase the run time and memory usage. Consider --chimeric-pairs==discard to discard these reads or --chimeric-pairs==output (group command only) to output them without grouping
2021-04-14 11:05:22,682 WARNING Unpaired read pairs are being used. Some read pair UMIs may be grouped/deduplicated using just the mapping coordinates from read1.This may also increase the run time and memory usage. Consider --unpared-reads==discard to discard these reads or --unpared-reads==output (group command only) to output them without grouping
2021-04-14 11:05:22,682 INFO command: dedup -I 03_alignedData/bam/6_KB_B11Aligned.sortedByCoord.out.bam -L 04_dedupUmis/log/6_KB_B11.log -S 04_dedupUmis/bam/6_KB_B11.bam --umi-separator=: --temp-dir=. --paired --output-stats=04_dedupUmis/log/6_KB_B11
2021-04-14 11:09:40,297 INFO total_umis 81806422
2021-04-14 11:09:40,307 INFO #umis 66091
2021-04-14 11:13:31,927 INFO Written out 100000 reads
2021-04-14 11:13:35,876 INFO Written out 200000 reads
2021-04-14 11:13:40,064 INFO Written out 300000 reads
2021-04-14 11:13:44,282 INFO Written out 400000 reads
2021-04-14 11:13:48,880 INFO Written out 500000 reads
2021-04-14 11:13:53,020 INFO Written out 600000 reads
2021-04-14 11:13:57,184 INFO Written out 700000 reads
2021-04-14 11:14:01,293 INFO Parsed 1000000 input reads
2021-04-14 11:14:01,788 INFO Written out 800000 reads
2021-04-14 11:14:07,287 INFO Written out 900000 reads
2021-04-14 11:14:10,843 INFO Written out 1000000 reads
2021-04-14 11:14:15,953 INFO Written out 1100000 reads
2021-04-14 11:14:20,332 INFO Written out 1200000 reads
2021-04-14 11:14:25,188 INFO Written out 1300000 reads
2021-04-14 11:14:30,352 INFO Written out 1400000 reads
2021-04-14 11:14:36,270 INFO Written out 1500000 reads
2021-04-14 11:14:39,454 INFO Parsed 2000000 input reads
2021-04-14 11:14:40,637 INFO Written out 1600000 reads
2021-04-14 11:14:45,765 INFO Written out 1700000 reads
2021-04-14 11:14:51,384 INFO Written out 1800000 reads
2021-04-14 11:14:56,528 INFO Written out 1900000 reads
2021-04-14 11:15:02,228 INFO Written out 2000000 reads
2021-04-14 11:15:07,620 INFO Written out 2100000 reads
2021-04-14 11:15:13,377 INFO Written out 2200000 reads
2021-04-14 11:15:19,118 INFO Written out 2300000 reads
2021-04-14 11:15:23,296 INFO Parsed 3000000 input reads
2021-04-14 11:15:25,801 INFO Written out 2400000 reads
2021-04-14 11:15:30,058 INFO Written out 2500000 reads
2021-04-14 11:15:56,454 INFO Written out 2600000 reads
2021-04-14 11:16:01,954 INFO Written out 2700000 reads
2021-04-14 11:16:07,107 INFO Written out 2800000 reads
2021-04-14 11:16:12,379 INFO Written out 2900000 reads
2021-04-14 11:16:17,703 INFO Written out 3000000 reads
2021-04-14 11:16:23,140 INFO Written out 3100000 reads
2021-04-14 11:16:27,046 INFO Parsed 4000000 input reads
2021-04-14 11:16:29,013 INFO Written out 3200000 reads
2021-04-14 11:16:35,557 INFO Written out 3300000 reads
2021-04-14 11:16:40,246 INFO Written out 3400000 reads
2021-04-14 11:16:45,568 INFO Written out 3500000 reads
2021-04-14 11:16:52,515 INFO Written out 3600000 reads
2021-04-14 11:16:58,022 INFO Written out 3700000 reads
2021-04-14 11:17:02,579 INFO Written out 3800000 reads
2021-04-14 11:17:08,641 INFO Written out 3900000 reads
2021-04-14 11:17:11,960 INFO Parsed 5000000 input reads
2021-04-14 11:17:14,441 INFO Written out 4000000 reads
2021-04-14 11:17:20,657 INFO Written out 4100000 reads
2021-04-14 11:17:26,664 INFO Written out 4200000 reads
2021-04-14 11:17:33,367 INFO Written out 4300000 reads
2021-04-14 11:17:38,819 INFO Written out 4400000 reads
2021-04-14 11:17:45,030 INFO Written out 4500000 reads
2021-04-14 11:17:51,787 INFO Written out 4600000 reads
2021-04-14 11:17:59,300 INFO Written out 4700000 reads
2021-04-14 11:18:00,179 INFO Parsed 6000000 input reads
2021-04-14 11:18:04,571 INFO Written out 4800000 reads
2021-04-14 11:18:28,597 INFO Written out 4900000 reads
2021-04-14 11:18:36,224 INFO Written out 5000000 reads
2021-04-14 11:18:40,718 INFO Written out 5100000 reads
2021-04-14 11:18:46,798 INFO Written out 5200000 reads
2021-04-14 11:18:53,385 INFO Written out 5300000 reads
2021-04-14 11:18:59,478 INFO Written out 5400000 reads
2021-04-14 11:19:05,581 INFO Written out 5500000 reads
2021-04-14 11:19:07,293 INFO Parsed 7000000 input reads
2021-04-14 11:19:12,774 INFO Written out 5600000 reads
2021-04-14 11:19:18,230 INFO Written out 5700000 reads
2021-04-14 11:19:24,655 INFO Written out 5800000 reads
2021-04-14 11:19:31,202 INFO Written out 5900000 reads
2021-04-14 11:19:38,248 INFO Written out 6000000 reads
2021-04-14 11:19:44,725 INFO Written out 6100000 reads
2021-04-14 11:19:51,683 INFO Written out 6200000 reads
2021-04-14 11:19:59,085 INFO Written out 6300000 reads
2021-04-14 11:20:00,657 INFO Parsed 8000000 input reads
2021-04-14 11:20:06,582 INFO Written out 6400000 reads
2021-04-14 11:20:14,092 INFO Written out 6500000 reads
2021-04-14 11:20:20,137 INFO Written out 6600000 reads
2021-04-14 11:20:27,618 INFO Written out 6700000 reads
2021-04-14 11:20:34,561 INFO Written out 6800000 reads
2021-04-14 11:20:42,241 INFO Written out 6900000 reads
2021-04-14 11:21:06,961 INFO Written out 7000000 reads
2021-04-14 11:21:14,287 INFO Written out 7100000 reads
2021-04-14 11:21:14,791 INFO Parsed 9000000 input reads
2021-04-14 11:21:20,848 INFO Written out 7200000 reads
2021-04-14 11:21:28,305 INFO Written out 7300000 reads
2021-04-14 11:21:34,934 INFO Written out 7400000 reads
2021-04-14 11:21:41,880 INFO Written out 7500000 reads
2021-04-14 11:21:49,521 INFO Written out 7600000 reads
2021-04-14 11:21:56,468 INFO Written out 7700000 reads
2021-04-14 11:22:04,183 INFO Written out 7800000 reads
2021-04-14 11:22:11,153 INFO Written out 7900000 reads
2021-04-14 11:22:11,567 INFO Parsed 10000000 input reads
2021-04-14 11:22:18,620 INFO Written out 8000000 reads
2021-04-14 11:22:24,434 INFO Written out 8100000 reads
2021-04-14 11:22:31,654 INFO Written out 8200000 reads
2021-04-14 11:22:39,723 INFO Written out 8300000 reads
2021-04-14 11:22:47,126 INFO Written out 8400000 reads
2021-04-14 11:22:55,278 INFO Written out 8500000 reads
2021-04-14 11:23:02,707 INFO Written out 8600000 reads
2021-04-14 11:23:10,306 INFO Written out 8700000 reads
2021-04-14 11:23:10,475 INFO Parsed 11000000 input reads
2021-04-14 11:23:32,762 INFO Written out 8800000 reads
2021-04-14 11:23:42,321 INFO Written out 8900000 reads
2021-04-14 11:23:47,927 INFO Written out 9000000 reads
2021-04-14 11:23:55,380 INFO Written out 9100000 reads
2021-04-14 11:24:03,428 INFO Written out 9200000 reads
2021-04-14 11:24:12,071 INFO Written out 9300000 reads
2021-04-14 11:24:18,306 INFO Written out 9400000 reads
2021-04-14 11:24:24,585 INFO Parsed 12000000 input reads
2021-04-14 11:24:24,887 INFO Written out 9500000 reads
2021-04-14 11:24:32,488 INFO Written out 9600000 reads
2021-04-14 11:24:40,930 INFO Written out 9700000 reads
2021-04-14 11:24:48,737 INFO Written out 9800000 reads
2021-04-14 11:24:57,340 INFO Written out 9900000 reads
2021-04-14 11:25:05,210 INFO Written out 10000000 reads
2021-04-14 11:25:13,916 INFO Written out 10100000 reads
2021-04-14 11:25:23,981 INFO Written out 10200000 reads
2021-04-14 11:25:28,223 INFO Parsed 13000000 input reads
2021-04-14 11:25:29,630 INFO Written out 10300000 reads
2021-04-14 11:25:38,565 INFO Written out 10400000 reads
2021-04-14 11:25:46,613 INFO Written out 10500000 reads
2021-04-14 11:25:55,777 INFO Written out 10600000 reads
2021-04-14 11:26:04,058 INFO Written out 10700000 reads
2021-04-14 11:26:12,289 INFO Written out 10800000 reads
2021-04-14 11:26:20,690 INFO Written out 10900000 reads
2021-04-14 11:26:48,432 INFO Written out 11000000 reads
2021-04-14 11:26:53,344 INFO Parsed 14000000 input reads
2021-04-14 11:26:54,920 INFO Written out 11100000 reads
2021-04-14 11:27:03,704 INFO Written out 11200000 reads
2021-04-14 11:27:11,688 INFO Written out 11300000 reads
2021-04-14 11:27:20,703 INFO Written out 11400000 reads
2021-04-14 11:27:27,678 INFO Written out 11500000 reads
2021-04-14 11:27:37,044 INFO Written out 11600000 reads
2021-04-14 11:27:46,387 INFO Written out 11700000 reads
2021-04-14 11:27:54,599 INFO Written out 11800000 reads
2021-04-14 11:28:01,095 INFO Parsed 15000000 input reads
2021-04-14 11:28:02,902 INFO Written out 11900000 reads
2021-04-14 11:28:11,341 INFO Written out 12000000 reads
2021-04-14 11:28:20,927 INFO Written out 12100000 reads
2021-04-14 11:28:30,376 INFO Written out 12200000 reads
2021-04-14 11:28:40,275 INFO Written out 12300000 reads
2021-04-14 11:28:48,679 INFO Written out 12400000 reads
2021-04-14 11:28:57,096 INFO Written out 12500000 reads
2021-04-14 11:29:05,763 INFO Written out 12600000 reads
2021-04-14 11:29:11,099 INFO Parsed 16000000 input reads
2021-04-14 11:29:14,497 INFO Written out 12700000 reads
2021-04-14 11:29:25,857 INFO Written out 12800000 reads
2021-04-14 11:29:32,015 INFO Written out 12900000 reads
2021-04-14 11:29:42,020 INFO Written out 13000000 reads
2021-04-14 11:29:59,219 INFO Written out 13100000 reads
2021-04-14 11:30:01,240 INFO Written out 13200000 reads
2021-04-14 11:30:03,684 INFO Written out 13300000 reads
2021-04-14 11:30:14,649 INFO Written out 13400000 reads
2021-04-14 11:30:17,369 INFO Parsed 17000000 input reads
2021-04-14 11:30:21,183 INFO Written out 13500000 reads
2021-04-14 11:30:33,335 INFO Written out 13600000 reads
2021-04-14 11:31:02,210 INFO Written out 13700000 reads
2021-04-14 11:31:11,098 INFO Written out 13800000 reads
2021-04-14 11:31:21,164 INFO Written out 13900000 reads
2021-04-14 11:31:29,937 INFO Written out 14000000 reads
2021-04-14 11:31:39,769 INFO Written out 14100000 reads
2021-04-14 11:31:48,493 INFO Written out 14200000 reads
2021-04-14 11:31:52,154 INFO Parsed 18000000 input reads
2021-04-14 11:31:57,508 INFO Written out 14300000 reads
2021-04-14 11:32:06,480 INFO Written out 14400000 reads
2021-04-14 11:32:16,780 INFO Written out 14500000 reads
2021-04-14 11:32:25,724 INFO Written out 14600000 reads
2021-04-14 11:32:34,940 INFO Written out 14700000 reads
2021-04-14 11:32:45,233 INFO Written out 14800000 reads
2021-04-14 11:32:55,637 INFO Written out 14900000 reads
2021-04-14 11:33:04,945 INFO Written out 15000000 reads
2021-04-14 11:33:08,557 INFO Parsed 19000000 input reads
2021-04-14 11:33:16,882 INFO Written out 15100000 reads
2021-04-14 11:33:23,798 INFO Written out 15200000 reads
2021-04-14 11:33:33,385 INFO Written out 15300000 reads
2021-04-14 11:33:44,280 INFO Written out 15400000 reads
2021-04-14 11:33:53,953 INFO Written out 15500000 reads
2021-04-14 11:34:19,193 INFO Written out 15600000 reads
2021-04-14 11:34:29,689 INFO Written out 15700000 reads
2021-04-14 11:34:39,086 INFO Written out 15800000 reads
2021-04-14 11:34:41,221 INFO Parsed 20000000 input reads
2021-04-14 11:34:48,648 INFO Written out 15900000 reads
2021-04-14 11:34:59,533 INFO Written out 16000000 reads
2021-04-14 11:35:09,178 INFO Written out 16100000 reads
2021-04-14 11:35:20,225 INFO Written out 16200000 reads
2021-04-14 11:35:29,810 INFO Written out 16300000 reads
2021-04-14 11:35:39,549 INFO Written out 16400000 reads
2021-04-14 11:35:49,573 INFO Written out 16500000 reads
2021-04-14 11:36:00,716 INFO Written out 16600000 reads
2021-04-14 11:36:01,310 INFO Parsed 21000000 input reads
2021-04-14 11:36:10,535 INFO Written out 16700000 reads
2021-04-14 11:36:22,008 INFO Written out 16800000 reads
2021-04-14 11:36:33,365 INFO Written out 16900000 reads
2021-04-14 11:36:43,431 INFO Written out 17000000 reads
2021-04-14 11:36:54,934 INFO Written out 17100000 reads
2021-04-14 11:37:08,137 INFO Written out 17200000 reads
2021-04-14 11:37:15,569 INFO Written out 17300000 reads
2021-04-14 11:37:25,902 INFO Written out 17400000 reads
2021-04-14 11:37:27,626 INFO Parsed 22000000 input reads
2021-04-14 11:37:37,706 INFO Written out 17500000 reads
2021-04-14 11:37:48,298 INFO Written out 17600000 reads
2021-04-14 11:37:58,937 INFO Written out 17700000 reads
2021-04-14 11:38:10,833 INFO Written out 17800000 reads
2021-04-14 11:38:19,930 INFO Written out 17900000 reads
2021-04-14 11:38:32,353 INFO Written out 18000000 reads
2021-04-14 11:38:43,236 INFO Written out 18100000 reads
2021-04-14 11:39:15,296 INFO Written out 18200000 reads
2021-04-14 11:39:15,341 INFO Parsed 23000000 input reads
2021-04-14 11:39:25,596 INFO Written out 18300000 reads
2021-04-14 11:39:35,932 INFO Written out 18400000 reads
2021-04-14 11:39:46,164 INFO Written out 18500000 reads
2021-04-14 11:39:55,264 INFO Written out 18600000 reads
2021-04-14 11:40:07,104 INFO Written out 18700000 reads
2021-04-14 11:40:19,209 INFO Written out 18800000 reads
2021-04-14 11:40:29,319 INFO Written out 18900000 reads
2021-04-14 11:40:38,210 INFO Parsed 24000000 input reads
2021-04-14 11:40:41,374 INFO Written out 19000000 reads
2021-04-14 11:40:50,505 INFO Written out 19100000 reads
2021-04-14 11:41:02,517 INFO Written out 19200000 reads
2021-04-14 11:41:13,135 INFO Written out 19300000 reads
2021-04-14 11:41:23,767 INFO Written out 19400000 reads
2021-04-14 11:41:36,023 INFO Written out 19500000 reads
2021-04-14 11:41:47,010 INFO Written out 19600000 reads
2021-04-14 11:41:58,050 INFO Written out 19700000 reads
2021-04-14 11:42:08,790 INFO Parsed 25000000 input reads
2021-04-14 11:42:10,850 INFO Written out 19800000 reads
2021-04-14 11:42:23,884 INFO Written out 19900000 reads
2021-04-14 11:42:35,167 INFO Written out 20000000 reads
2021-04-14 11:42:46,501 INFO Written out 20100000 reads
2021-04-14 11:43:14,866 INFO Written out 20200000 reads
2021-04-14 11:43:25,757 INFO Written out 20300000 reads
2021-04-14 11:43:36,657 INFO Written out 20400000 reads
2021-04-14 11:43:49,294 INFO Written out 20500000 reads
2021-04-14 11:43:57,808 INFO Parsed 26000000 input reads
2021-04-14 11:44:00,286 INFO Written out 20600000 reads
2021-04-14 11:44:12,995 INFO Written out 20700000 reads
2021-04-14 11:44:24,319 INFO Written out 20800000 reads
2021-04-14 11:44:35,561 INFO Written out 20900000 reads
2021-04-14 11:44:48,408 INFO Written out 21000000 reads
2021-04-14 11:44:59,844 INFO Written out 21100000 reads
2021-04-14 11:45:11,242 INFO Written out 21200000 reads
2021-04-14 11:45:24,452 INFO Written out 21300000 reads
2021-04-14 11:45:31,687 INFO Parsed 27000000 input reads
2021-04-14 11:45:34,548 INFO Written out 21400000 reads
2021-04-14 11:45:47,992 INFO Written out 21500000 reads
2021-04-14 11:46:00,051 INFO Written out 21600000 reads
2021-04-14 11:46:13,346 INFO Written out 21700000 reads
2021-04-14 11:46:25,270 INFO Written out 21800000 reads
2021-04-14 11:46:38,810 INFO Written out 21900000 reads
2021-04-14 11:47:08,625 INFO Written out 22000000 reads
2021-04-14 11:47:20,086 INFO Written out 22100000 reads
2021-04-14 11:47:26,875 INFO Parsed 28000000 input reads
2021-04-14 11:47:31,675 INFO Written out 22200000 reads
2021-04-14 11:47:43,281 INFO Written out 22300000 reads
2021-04-14 11:47:58,132 INFO Written out 22400000 reads
2021-04-14 11:48:12,110 INFO Written out 22500000 reads
2021-04-14 11:48:19,941 INFO Written out 22600000 reads
2021-04-14 11:48:33,531 INFO Written out 22700000 reads
2021-04-14 11:48:45,364 INFO Written out 22800000 reads
2021-04-14 11:48:59,165 INFO Written out 22900000 reads
2021-04-14 11:49:04,140 INFO Parsed 29000000 input reads
2021-04-14 11:49:12,862 INFO Written out 23000000 reads
2021-04-14 11:49:23,610 INFO Written out 23100000 reads
2021-04-14 11:49:35,990 INFO Written out 23200000 reads
2021-04-14 11:49:49,931 INFO Written out 23300000 reads
2021-04-14 11:50:02,241 INFO Written out 23400000 reads
2021-04-14 11:50:22,657 INFO Written out 23500000 reads
2021-04-14 11:50:24,809 INFO Written out 23600000 reads
2021-04-14 11:50:29,461 INFO Written out 23700000 reads
2021-04-14 11:50:30,075 INFO Parsed 30000000 input reads
2021-04-14 11:50:37,951 INFO Written out 23800000 reads
2021-04-14 11:50:54,178 INFO Written out 23900000 reads
2021-04-14 11:51:06,748 INFO Written out 24000000 reads
2021-04-14 11:51:21,075 INFO Written out 24100000 reads
2021-04-14 11:51:33,286 INFO Written out 24200000 reads
2021-04-14 11:51:45,726 INFO Written out 24300000 reads
2021-04-14 11:51:59,996 INFO Written out 24400000 reads
2021-04-14 11:52:12,605 INFO Written out 24500000 reads
2021-04-14 11:52:15,246 INFO Parsed 31000000 input reads
2021-04-14 11:52:26,991 INFO Written out 24600000 reads
2021-04-14 11:52:39,557 INFO Written out 24700000 reads
2021-04-14 11:52:54,615 INFO Written out 24800000 reads
2021-04-14 11:53:05,647 INFO Written out 24900000 reads
2021-04-14 11:53:18,819 INFO Written out 25000000 reads
2021-04-14 11:54:00,379 INFO Written out 25100000 reads
2021-04-14 11:54:14,772 INFO Written out 25200000 reads
2021-04-14 11:54:27,528 INFO Written out 25300000 reads
2021-04-14 11:54:27,996 INFO Parsed 32000000 input reads
2021-04-14 11:54:40,356 INFO Written out 25400000 reads
2021-04-14 11:54:53,266 INFO Written out 25500000 reads
2021-04-14 11:55:06,214 INFO Written out 25600000 reads
2021-04-14 11:55:21,104 INFO Written out 25700000 reads
2021-04-14 11:55:40,842 INFO Written out 25800000 reads
2021-04-14 11:55:47,188 INFO Written out 25900000 reads
2021-04-14 11:56:00,503 INFO Written out 26000000 reads
2021-04-14 11:56:13,660 INFO Written out 26100000 reads
2021-04-14 11:56:15,749 INFO Parsed 33000000 input reads
2021-04-14 11:56:28,873 INFO Written out 26200000 reads
2021-04-14 11:56:44,255 INFO Written out 26300000 reads
2021-04-14 11:56:58,034 INFO Written out 26400000 reads
2021-04-14 11:57:13,754 INFO Written out 26500000 reads
2021-04-14 11:57:27,320 INFO Written out 26600000 reads
2021-04-14 11:57:43,165 INFO Written out 26700000 reads
2021-04-14 11:57:56,877 INFO Written out 26800000 reads
2021-04-14 11:58:12,440 INFO Parsed 34000000 input reads
2021-04-14 11:58:12,487 INFO Written out 26900000 reads
2021-04-14 11:58:26,308 INFO Written out 27000000 reads
2021-04-14 11:58:38,072 INFO Written out 27100000 reads
2021-04-14 11:58:54,335 INFO Written out 27200000 reads
2021-04-14 11:59:03,751 INFO Written out 27300000 reads
2021-04-14 11:59:17,740 INFO Written out 27400000 reads
2021-04-14 11:59:34,223 INFO Written out 27500000 reads
2021-04-14 11:59:50,718 INFO Written out 27600000 reads
2021-04-14 12:00:02,435 INFO Parsed 35000000 input reads
2021-04-14 12:00:05,005 INFO Written out 27700000 reads
2021-04-14 12:00:19,339 INFO Written out 27800000 reads
2021-04-14 12:00:36,074 INFO Written out 27900000 reads
2021-04-14 12:01:13,660 INFO Written out 28000000 reads
2021-04-14 12:01:29,454 INFO Written out 28100000 reads
2021-04-14 12:01:43,391 INFO Written out 28200000 reads
2021-04-14 12:01:59,705 INFO Written out 28300000 reads
2021-04-14 12:02:13,482 INFO Written out 28400000 reads
2021-04-14 12:02:26,748 INFO Parsed 36000000 input reads
2021-04-14 12:02:27,368 INFO Written out 28500000 reads
2021-04-14 12:02:41,530 INFO Written out 28600000 reads
2021-04-14 12:03:02,888 INFO Written out 28700000 reads
2021-04-14 12:03:07,589 INFO Written out 28800000 reads
2021-04-14 12:03:24,014 INFO Written out 28900000 reads
2021-04-14 12:03:40,585 INFO Written out 29000000 reads
2021-04-14 12:03:54,975 INFO Written out 29100000 reads
2021-04-14 12:04:11,573 INFO Written out 29200000 reads
2021-04-14 12:04:20,670 INFO Parsed 37000000 input reads
2021-04-14 12:04:28,350 INFO Written out 29300000 reads
2021-04-14 12:04:42,910 INFO Written out 29400000 reads
2021-04-14 12:05:08,918 INFO Written out 29500000 reads
2021-04-14 12:05:11,073 INFO Written out 29600000 reads
2021-04-14 12:05:25,575 INFO Written out 29700000 reads
2021-04-14 12:05:32,949 INFO Written out 29800000 reads
2021-04-14 12:05:49,803 INFO Written out 29900000 reads
2021-04-14 12:06:02,053 INFO Written out 30000000 reads
2021-04-14 12:06:11,003 INFO Parsed 38000000 input reads
2021-04-14 12:06:16,875 INFO Written out 30100000 reads
2021-04-14 12:06:31,783 INFO Written out 30200000 reads
2021-04-14 12:06:54,375 INFO Written out 30300000 reads
2021-04-14 12:06:56,997 INFO Written out 30400000 reads
2021-04-14 12:07:12,058 INFO Written out 30500000 reads
2021-04-14 12:07:48,683 INFO Written out 30600000 reads
2021-04-14 12:08:05,477 INFO Written out 30700000 reads
2021-04-14 12:08:22,241 INFO Written out 30800000 reads
2021-04-14 12:08:33,247 INFO Parsed 39000000 input reads
2021-04-14 12:08:36,861 INFO Written out 30900000 reads
2021-04-14 12:08:51,564 INFO Written out 31000000 reads
2021-04-14 12:09:08,558 INFO Written out 31100000 reads
2021-04-14 12:09:20,873 INFO Written out 31200000 reads
2021-04-14 12:09:37,724 INFO Written out 31300000 reads
2021-04-14 12:09:54,494 INFO Written out 31400000 reads
2021-04-14 12:10:06,979 INFO Written out 31500000 reads
2021-04-14 12:10:24,181 INFO Written out 31600000 reads
2021-04-14 12:10:32,577 INFO Parsed 40000000 input reads
2021-04-14 12:10:41,513 INFO Written out 31700000 reads
2021-04-14 12:10:56,357 INFO Written out 31800000 reads
2021-04-14 12:11:11,408 INFO Written out 31900000 reads
2021-04-14 12:11:28,957 INFO Written out 32000000 reads
2021-04-14 12:11:41,550 INFO Written out 32100000 reads
2021-04-14 12:11:59,268 INFO Written out 32200000 reads
2021-04-14 12:12:17,182 INFO Written out 32300000 reads
2021-04-14 12:12:32,522 INFO Written out 32400000 reads
2021-04-14 12:12:36,419 INFO Parsed 41000000 input reads
2021-04-14 12:12:48,384 INFO Written out 32500000 reads
2021-04-14 12:13:15,024 INFO Written out 32600000 reads
2021-04-14 12:13:17,106 INFO Written out 32700000 reads
2021-04-14 12:13:30,697 INFO Written out 32800000 reads
2021-04-14 12:13:49,054 INFO Written out 32900000 reads
2021-04-14 12:14:04,921 INFO Written out 33000000 reads
2021-04-14 12:14:23,271 INFO Written out 33100000 reads
2021-04-14 12:15:02,956 INFO Written out 33200000 reads
2021-04-14 12:15:06,032 INFO Parsed 42000000 input reads
2021-04-14 12:15:19,836 INFO Written out 33300000 reads
2021-04-14 12:15:37,343 INFO Written out 33400000 reads
2021-04-14 12:15:53,141 INFO Written out 33500000 reads
2021-04-14 12:16:08,955 INFO Written out 33600000 reads
2021-04-14 12:16:27,334 INFO Written out 33700000 reads
2021-04-14 12:16:46,433 INFO Written out 33800000 reads
2021-04-14 12:16:59,479 INFO Written out 33900000 reads
2021-04-14 12:17:17,768 INFO Written out 34000000 reads
2021-04-14 12:17:20,800 INFO Parsed 43000000 input reads
2021-04-14 12:17:36,339 INFO Written out 34100000 reads
2021-04-14 12:17:52,118 INFO Written out 34200000 reads
2021-04-14 12:18:08,109 INFO Written out 34300000 reads
2021-04-14 12:18:26,678 INFO Written out 34400000 reads
2021-04-14 12:18:43,010 INFO Written out 34500000 reads
2021-04-14 12:18:59,290 INFO Written out 34600000 reads
2021-04-14 12:19:18,065 INFO Written out 34700000 reads
2021-04-14 12:19:48,661 INFO Written out 34800000 reads
2021-04-14 12:19:51,612 INFO Parsed 44000000 input reads
2021-04-14 12:20:07,355 INFO Written out 34900000 reads
2021-04-14 12:20:26,046 INFO Written out 35000000 reads
2021-04-14 12:20:45,186 INFO Written out 35100000 reads
2021-04-14 12:21:01,380 INFO Written out 35200000 reads
2021-04-14 12:21:17,763 INFO Written out 35300000 reads
2021-04-14 12:21:37,035 INFO Written out 35400000 reads
2021-04-14 12:21:54,600 INFO Written out 35500000 reads
2021-04-14 12:22:13,596 INFO Parsed 45000000 input reads
2021-04-14 12:22:13,599 INFO Written out 35600000 reads
2021-04-14 12:22:29,524 INFO Written out 35700000 reads
2021-04-14 12:22:45,529 INFO Written out 35800000 reads
2021-04-14 12:23:01,612 INFO Written out 35900000 reads
2021-04-14 12:23:23,004 INFO Written out 36000000 reads
2021-04-14 12:23:39,003 INFO Written out 36100000 reads
2021-04-14 12:23:55,381 INFO Written out 36200000 reads
2021-04-14 12:24:17,238 INFO Written out 36300000 reads
2021-04-14 12:24:30,801 INFO Parsed 46000000 input reads
2021-04-14 12:24:31,027 INFO Written out 36400000 reads
2021-04-14 12:24:47,581 INFO Written out 36500000 reads
2021-04-14 12:25:13,168 INFO Written out 36600000 reads
2021-04-14 12:25:27,316 INFO Written out 36700000 reads
2021-04-14 12:25:35,354 INFO Written out 36800000 reads
2021-04-14 12:25:52,884 INFO Written out 36900000 reads
2021-04-14 12:26:13,210 INFO Written out 37000000 reads
2021-04-14 12:26:36,807 INFO Written out 37100000 reads
2021-04-14 12:26:41,574 INFO Parsed 47000000 input reads
2021-04-14 12:26:47,941 INFO Written out 37200000 reads
2021-04-14 12:27:26,626 INFO Written out 37300000 reads
2021-04-14 12:27:43,439 INFO Written out 37400000 reads
2021-04-14 12:28:02,973 INFO Written out 37500000 reads
2021-04-14 12:28:20,112 INFO Written out 37600000 reads
2021-04-14 12:28:37,259 INFO Written out 37700000 reads
2021-04-14 12:28:54,698 INFO Written out 37800000 reads
2021-04-14 12:29:12,256 INFO Written out 37900000 reads
2021-04-14 12:29:25,790 INFO Parsed 48000000 input reads
2021-04-14 12:29:29,660 INFO Written out 38000000 reads
2021-04-14 12:29:49,756 INFO Written out 38100000 reads
2021-04-14 12:30:07,221 INFO Written out 38200000 reads
2021-04-14 12:30:27,393 INFO Written out 38300000 reads
2021-04-14 12:30:44,823 INFO Written out 38400000 reads
2021-04-14 12:31:02,383 INFO Written out 38500000 reads
2021-04-14 12:31:22,832 INFO Written out 38600000 reads
2021-04-14 12:31:40,558 INFO Written out 38700000 reads
2021-04-14 12:32:05,317 INFO Parsed 49000000 input reads
2021-04-14 12:32:14,763 INFO Written out 38800000 reads
2021-04-14 12:32:29,053 INFO Written out 38900000 reads
2021-04-14 12:32:46,272 INFO Written out 39000000 reads
2021-04-14 12:33:05,776 INFO Written out 39100000 reads
2021-04-14 12:33:22,938 INFO Written out 39200000 reads
2021-04-14 12:33:39,914 INFO Written out 39300000 reads
2021-04-14 12:33:57,039 INFO Written out 39400000 reads
2021-04-14 12:34:14,016 INFO Written out 39500000 reads
2021-04-14 12:34:24,204 INFO Parsed 50000000 input reads
2021-04-14 12:34:31,407 INFO Written out 39600000 reads
2021-04-14 12:34:51,427 INFO Written out 39700000 reads
2021-04-14 12:35:08,878 INFO Written out 39800000 reads
2021-04-14 12:35:29,384 INFO Written out 39900000 reads
2021-04-14 12:35:46,627 INFO Written out 40000000 reads
2021-04-14 12:36:01,419 INFO Written out 40100000 reads
2021-04-14 12:36:21,950 INFO Written out 40200000 reads
2021-04-14 12:36:43,307 INFO Written out 40300000 reads
2021-04-14 12:36:50,407 INFO Parsed 51000000 input reads
2021-04-14 12:37:00,726 INFO Written out 40400000 reads
2021-04-14 12:37:28,073 INFO Written out 40500000 reads
2021-04-14 12:37:36,396 INFO Written out 40600000 reads
2021-04-14 12:38:10,473 INFO Written out 40700000 reads
2021-04-14 12:38:31,593 INFO Written out 40800000 reads
2021-04-14 12:38:49,979 INFO Written out 40900000 reads
2021-04-14 12:39:10,882 INFO Written out 41000000 reads
2021-04-14 12:39:35,079 INFO Written out 41100000 reads
2021-04-14 12:39:42,055 INFO Parsed 52000000 input reads
2021-04-14 12:39:50,102 INFO Written out 41200000 reads
2021-04-14 12:40:08,137 INFO Written out 41300000 reads
2021-04-14 12:40:29,741 INFO Written out 41400000 reads
2021-04-14 12:40:45,092 INFO Written out 41500000 reads
2021-04-14 12:41:06,390 INFO Written out 41600000 reads
2021-04-14 12:41:27,869 INFO Written out 41700000 reads
2021-04-14 12:41:46,519 INFO Written out 41800000 reads
2021-04-14 12:42:11,067 INFO Written out 41900000 reads
2021-04-14 12:42:11,823 INFO Parsed 53000000 input reads
2021-04-14 12:42:26,738 INFO Written out 42000000 reads
2021-04-14 12:42:45,779 INFO Written out 42100000 reads
2021-04-14 12:43:07,811 INFO Written out 42200000 reads
2021-04-14 12:43:29,878 INFO Written out 42300000 reads
2021-04-14 12:43:52,351 INFO Written out 42400000 reads
2021-04-14 12:44:11,895 INFO Written out 42500000 reads
2021-04-14 12:44:34,525 INFO Written out 42600000 reads
2021-04-14 12:44:57,388 INFO Written out 42700000 reads
2021-04-14 12:45:01,218 INFO Parsed 54000000 input reads
2021-04-14 12:45:20,108 INFO Written out 42800000 reads
2021-04-14 12:45:43,091 INFO Written out 42900000 reads
2021-04-14 12:46:06,069 INFO Written out 43000000 reads
2021-04-14 12:46:33,924 INFO Written out 43100000 reads
2021-04-14 12:46:35,991 INFO Written out 43200000 reads
2021-04-14 12:46:55,941 INFO Written out 43300000 reads
2021-04-14 12:47:26,590 INFO Written out 43400000 reads
2021-04-14 12:47:37,502 INFO Written out 43500000 reads
2021-04-14 12:47:45,306 INFO Parsed 55000000 input reads
2021-04-14 12:48:02,059 INFO Written out 43600000 reads
2021-04-14 12:48:22,740 INFO Written out 43700000 reads
2021-04-14 12:48:46,981 INFO Written out 43800000 reads
2021-04-14 12:49:11,339 INFO Written out 43900000 reads
2021-04-14 12:49:46,589 INFO Written out 44000000 reads
2021-04-14 12:50:27,377 INFO Written out 44100000 reads
2021-04-14 12:50:46,419 INFO Written out 44200000 reads
2021-04-14 12:51:05,761 INFO Parsed 56000000 input reads
2021-04-14 12:51:05,834 INFO Written out 44300000 reads
2021-04-14 12:51:29,909 INFO Written out 44400000 reads
2021-04-14 12:51:49,461 INFO Written out 44500000 reads
2021-04-14 12:52:12,219 INFO Written out 44600000 reads
2021-04-14 12:52:35,092 INFO Written out 44700000 reads
2021-04-14 12:52:54,763 INFO Written out 44800000 reads
2021-04-14 12:53:17,933 INFO Written out 44900000 reads
2021-04-14 12:53:41,436 INFO Written out 45000000 reads
2021-04-14 12:54:01,204 INFO Parsed 57000000 input reads
2021-04-14 12:54:01,449 INFO Written out 45100000 reads
2021-04-14 12:54:21,479 INFO Written out 45200000 reads
2021-04-14 12:54:52,962 INFO Written out 45300000 reads
2021-04-14 12:55:06,129 INFO Written out 45400000 reads
2021-04-14 12:55:26,766 INFO Written out 45500000 reads
2021-04-14 12:55:44,149 INFO Written out 45600000 reads
2021-04-14 12:56:01,295 INFO Written out 45700000 reads
2021-04-14 12:56:18,591 INFO Written out 45800000 reads
2021-04-14 12:56:28,494 INFO Parsed 58000000 input reads
2021-04-14 12:56:32,713 INFO Written out 45900000 reads
2021-04-14 12:56:53,948 INFO Written out 46000000 reads
2021-04-14 12:58:03,359 INFO Written out 46100000 reads
2021-04-14 12:58:05,662 INFO Written out 46200000 reads
2021-04-14 12:58:07,895 INFO Written out 46300000 reads
2021-04-14 12:58:10,760 INFO Written out 46400000 reads
2021-04-14 12:58:29,402 INFO Written out 46500000 reads
2021-04-14 12:58:49,908 INFO Written out 46600000 reads
2021-04-14 12:59:02,324 INFO Parsed 59000000 input reads
2021-04-14 12:59:10,683 INFO Written out 46700000 reads
2021-04-14 12:59:35,378 INFO Written out 46800000 reads
2021-04-14 12:59:56,563 INFO Written out 46900000 reads
2021-04-14 13:00:20,965 INFO Written out 47000000 reads
2021-04-14 13:00:42,215 INFO Written out 47100000 reads
2021-04-14 13:01:10,547 INFO Written out 47200000 reads
2021-04-14 13:01:24,193 INFO Written out 47300000 reads
2021-04-14 13:01:49,081 INFO Written out 47400000 reads
2021-04-14 13:02:02,784 INFO Parsed 60000000 input reads
2021-04-14 13:02:15,081 INFO Written out 47500000 reads
2021-04-14 13:02:36,127 INFO Written out 47600000 reads
2021-04-14 13:03:00,579 INFO Written out 47700000 reads
2021-04-14 13:03:22,062 INFO Written out 47800000 reads
2021-04-14 13:03:47,450 INFO Written out 47900000 reads
2021-04-14 13:04:08,868 INFO Written out 48000000 reads
2021-04-14 13:04:43,779 INFO Written out 48100000 reads
2021-04-14 13:04:46,462 INFO Written out 48200000 reads
2021-04-14 13:04:51,337 INFO Parsed 61000000 input reads
2021-04-14 13:05:04,443 INFO Written out 48300000 reads
2021-04-14 13:05:27,448 INFO Written out 48400000 reads
2021-04-14 13:05:53,804 INFO Written out 48500000 reads
2021-04-14 13:06:15,972 INFO Written out 48600000 reads
2021-04-14 13:06:38,498 INFO Written out 48700000 reads
2021-04-14 13:07:04,327 INFO Written out 48800000 reads
2021-04-14 13:07:26,704 INFO Written out 48900000 reads
2021-04-14 13:07:49,261 INFO Written out 49000000 reads
2021-04-14 13:07:57,852 INFO Parsed 62000000 input reads
2021-04-14 13:08:15,660 INFO Written out 49100000 reads
2021-04-14 13:08:42,133 INFO Written out 49200000 reads
2021-04-14 13:09:06,093 INFO Written out 49300000 reads
2021-04-14 13:09:32,703 INFO Written out 49400000 reads
2021-04-14 13:09:55,790 INFO Written out 49500000 reads
2021-04-14 13:10:50,813 INFO Written out 49600000 reads
2021-04-14 13:11:12,562 INFO Written out 49700000 reads
2021-04-14 13:11:34,307 INFO Written out 49800000 reads
2021-04-14 13:11:42,137 INFO Parsed 63000000 input reads
2021-04-14 13:11:59,748 INFO Written out 49900000 reads
2021-04-14 13:12:25,909 INFO Written out 50000000 reads
2021-04-14 13:12:44,936 INFO Written out 50100000 reads
2021-04-14 13:13:07,073 INFO Written out 50200000 reads
2021-04-14 13:13:32,956 INFO Written out 50300000 reads
2021-04-14 13:13:55,089 INFO Written out 50400000 reads
2021-04-14 13:14:21,350 INFO Written out 50500000 reads
2021-04-14 13:14:43,770 INFO Written out 50600000 reads
2021-04-14 13:14:44,128 INFO Parsed 64000000 input reads
2021-04-14 13:15:06,200 INFO Written out 50700000 reads
2021-04-14 13:15:28,854 INFO Written out 50800000 reads
2021-04-14 13:15:55,334 INFO Written out 50900000 reads
2021-04-14 13:16:17,739 INFO Written out 51000000 reads
2021-04-14 13:16:44,738 INFO Written out 51100000 reads
2021-04-14 13:17:07,001 INFO Written out 51200000 reads
2021-04-14 13:17:33,219 INFO Written out 51300000 reads
2021-04-14 13:17:59,496 INFO Written out 51400000 reads
2021-04-14 13:17:59,528 INFO Parsed 65000000 input reads
2021-04-14 13:18:21,983 INFO Written out 51500000 reads
2021-04-14 13:18:44,853 INFO Written out 51600000 reads
2021-04-14 13:19:07,995 INFO Written out 51700000 reads
2021-04-14 13:19:30,812 INFO Written out 51800000 reads
2021-04-14 13:19:57,402 INFO Written out 51900000 reads
2021-04-14 13:20:30,017 INFO Written out 52000000 reads
2021-04-14 13:21:28,657 INFO Written out 52100000 reads
2021-04-14 13:21:30,818 INFO Parsed 66000000 input reads
2021-04-14 13:21:31,325 INFO Written out 52200000 reads
2021-04-14 13:21:54,168 INFO Written out 52300000 reads
2021-04-14 13:22:16,392 INFO Written out 52400000 reads
2021-04-14 13:22:38,680 INFO Written out 52500000 reads
2021-04-14 13:23:04,901 INFO Written out 52600000 reads
2021-04-14 13:23:23,756 INFO Written out 52700000 reads
2021-04-14 13:23:50,610 INFO Written out 52800000 reads
2021-04-14 13:24:17,344 INFO Written out 52900000 reads
2021-04-14 13:24:35,616 INFO Parsed 67000000 input reads
2021-04-14 13:24:44,182 INFO Written out 53000000 reads
2021-04-14 13:25:07,265 INFO Written out 53100000 reads
2021-04-14 13:25:30,289 INFO Written out 53200000 reads
2021-04-14 13:25:54,646 INFO Written out 53300000 reads
2021-04-14 13:26:17,587 INFO Written out 53400000 reads
2021-04-14 13:26:44,981 INFO Written out 53500000 reads
2021-04-14 13:27:12,714 INFO Written out 53600000 reads
2021-04-14 13:27:39,883 INFO Written out 53700000 reads
2021-04-14 13:27:53,845 INFO Parsed 68000000 input reads
2021-04-14 13:28:02,793 INFO Written out 53800000 reads
2021-04-14 13:28:25,384 INFO Written out 53900000 reads
2021-04-14 13:28:52,072 INFO Written out 54000000 reads
2021-04-14 13:29:16,307 INFO Written out 54100000 reads
2021-04-14 13:29:39,140 INFO Written out 54200000 reads
2021-04-14 13:30:06,218 INFO Written out 54300000 reads
2021-04-14 13:30:34,013 INFO Written out 54400000 reads
2021-04-14 13:30:57,127 INFO Written out 54500000 reads
2021-04-14 13:31:15,514 INFO Parsed 69000000 input reads
2021-04-14 13:31:20,641 INFO Written out 54600000 reads
2021-04-14 13:31:44,609 INFO Written out 54700000 reads
2021-04-14 13:32:20,221 INFO Written out 54800000 reads
2021-04-14 13:32:39,969 INFO Written out 54900000 reads
2021-04-14 13:33:27,923 INFO Written out 55000000 reads
2021-04-14 13:33:51,348 INFO Written out 55100000 reads
2021-04-14 13:34:18,843 INFO Written out 55200000 reads
2021-04-14 13:34:46,380 INFO Written out 55300000 reads
2021-04-14 13:35:00,406 INFO Parsed 70000000 input reads
2021-04-14 13:35:09,745 INFO Written out 55400000 reads
2021-04-14 13:35:37,709 INFO Written out 55500000 reads
2021-04-14 13:36:01,434 INFO Written out 55600000 reads
2021-04-14 13:36:30,360 INFO Written out 55700000 reads
2021-04-14 13:36:58,595 INFO Written out 55800000 reads
2021-04-14 13:37:26,872 INFO Written out 55900000 reads
2021-04-14 13:37:54,531 INFO Written out 56000000 reads
2021-04-14 13:38:18,397 INFO Written out 56100000 reads
2021-04-14 13:38:32,608 INFO Parsed 71000000 input reads
2021-04-14 13:38:46,881 INFO Written out 56200000 reads
2021-04-14 13:39:11,302 INFO Written out 56300000 reads
2021-04-14 13:39:40,167 INFO Written out 56400000 reads
2021-04-14 13:40:05,397 INFO Written out 56500000 reads
2021-04-14 13:40:34,295 INFO Written out 56600000 reads
2021-04-14 13:40:58,961 INFO Written out 56700000 reads
2021-04-14 13:41:27,332 INFO Written out 56800000 reads
2021-04-14 13:41:51,916 INFO Written out 56900000 reads
2021-04-14 13:41:57,128 INFO Parsed 72000000 input reads
2021-04-14 13:42:11,611 INFO Written out 57000000 reads
2021-04-14 13:42:36,200 INFO Written out 57100000 reads
2021-04-14 13:43:09,370 INFO Written out 57200000 reads
2021-04-14 13:43:29,712 INFO Written out 57300000 reads
2021-04-14 13:44:24,977 INFO Written out 57400000 reads
2021-04-14 13:44:54,556 INFO Written out 57500000 reads
2021-04-14 13:45:19,088 INFO Written out 57600000 reads
2021-04-14 13:45:43,530 INFO Written out 57700000 reads
2021-04-14 13:45:53,002 INFO Parsed 73000000 input reads
2021-04-14 13:46:08,325 INFO Written out 57800000 reads
2021-04-14 13:46:37,204 INFO Written out 57900000 reads
2021-04-14 13:47:02,119 INFO Written out 58000000 reads
2021-04-14 13:47:31,613 INFO Written out 58100000 reads
2021-04-14 13:47:56,518 INFO Written out 58200000 reads
2021-04-14 13:48:30,912 INFO Written out 58300000 reads
2021-04-14 13:48:55,259 INFO Written out 58400000 reads
2021-04-14 13:49:20,449 INFO Written out 58500000 reads
2021-04-14 13:49:25,652 INFO Parsed 74000000 input reads
2021-04-14 13:49:49,947 INFO Written out 58600000 reads
2021-04-14 13:50:15,665 INFO Written out 58700000 reads
2021-04-14 13:50:41,823 INFO Written out 58800000 reads
2021-04-14 13:51:07,722 INFO Written out 58900000 reads
2021-04-14 13:51:38,131 INFO Written out 59000000 reads
2021-04-14 13:52:03,853 INFO Written out 59100000 reads
2021-04-14 13:52:34,314 INFO Written out 59200000 reads
2021-04-14 13:52:50,840 INFO Written out 59300000 reads
2021-04-14 13:55:53,082 INFO Parsed 75000000 input reads
2021-04-14 13:55:55,076 INFO Written out 59400000 reads
2021-04-14 13:55:57,629 INFO Written out 59500000 reads
2021-04-14 13:55:59,655 INFO Written out 59600000 reads
2021-04-14 13:56:01,684 INFO Written out 59700000 reads
2021-04-14 13:56:03,918 INFO Written out 59800000 reads
2021-04-14 13:56:06,025 INFO Written out 59900000 reads
2021-04-14 13:56:10,086 INFO Written out 60000000 reads
2021-04-14 13:56:12,663 INFO Written out 60100000 reads
2021-04-14 13:56:12,727 INFO Parsed 76000000 input reads
2021-04-14 13:56:15,009 INFO Written out 60200000 reads
2021-04-14 13:56:17,641 INFO Written out 60300000 reads
2021-04-14 13:56:20,441 INFO Written out 60400000 reads
2021-04-14 13:56:24,924 INFO Written out 60500000 reads
2021-04-14 13:56:29,420 INFO Written out 60600000 reads
2021-04-14 13:56:32,825 INFO Written out 60700000 reads
2021-04-14 13:56:36,652 INFO Written out 60800000 reads
2021-04-14 13:56:38,671 INFO Parsed 77000000 input reads
2021-04-14 13:56:42,104 INFO Written out 60900000 reads
2021-04-14 13:56:45,955 INFO Written out 61000000 reads
2021-04-14 13:56:48,819 INFO Written out 61100000 reads
2021-04-14 13:56:53,571 INFO Written out 61200000 reads
2021-04-14 13:56:57,580 INFO Written out 61300000 reads
2021-04-14 13:57:03,390 INFO Written out 61400000 reads
2021-04-14 13:57:06,782 INFO Written out 61500000 reads
2021-04-14 13:57:09,978 INFO Written out 61600000 reads
2021-04-14 13:57:11,181 INFO Parsed 78000000 input reads
2021-04-14 13:57:12,698 INFO Written out 61700000 reads
2021-04-14 13:57:15,931 INFO Written out 61800000 reads
2021-04-14 13:57:19,129 INFO Written out 61900000 reads
2021-04-14 13:57:21,735 INFO Written out 62000000 reads
2021-04-14 13:57:24,605 INFO Written out 62100000 reads
2021-04-14 13:57:28,011 INFO Written out 62200000 reads
2021-04-14 13:57:30,417 INFO Written out 62300000 reads
2021-04-14 13:57:33,481 INFO Written out 62400000 reads
2021-04-14 13:57:34,180 INFO Parsed 79000000 input reads
2021-04-14 13:57:36,145 INFO Written out 62500000 reads
2021-04-14 13:57:40,953 INFO Written out 62600000 reads
2021-04-14 13:57:44,934 INFO Written out 62700000 reads
2021-04-14 13:57:47,995 INFO Written out 62800000 reads
2021-04-14 13:57:51,819 INFO Written out 62900000 reads
2021-04-14 13:57:53,745 INFO Written out 63000000 reads
2021-04-14 13:57:55,691 INFO Written out 63100000 reads
2021-04-14 13:57:58,088 INFO Written out 63200000 reads
2021-04-14 13:57:58,340 INFO Parsed 80000000 input reads
2021-04-14 13:58:00,035 INFO Written out 63300000 reads
2021-04-14 13:58:01,926 INFO Written out 63400000 reads
2021-04-14 13:58:03,806 INFO Written out 63500000 reads
2021-04-14 13:58:07,319 INFO Written out 63600000 reads
2021-04-14 13:58:09,524 INFO Written out 63700000 reads
2021-04-14 13:58:11,685 INFO Written out 63800000 reads
2021-04-14 13:58:13,831 INFO Written out 63900000 reads
2021-04-14 13:58:54,307 INFO Written out 64000000 reads
2021-04-14 13:58:54,521 INFO Parsed 81000000 input reads
2021-04-14 13:58:59,115 INFO Written out 64100000 reads
2021-04-14 13:59:04,022 INFO Written out 64200000 reads
2021-04-14 13:59:09,327 INFO Written out 64300000 reads
2021-04-14 13:59:14,735 INFO Written out 64400000 reads
2021-04-14 13:59:19,921 INFO Written out 64500000 reads
2021-04-14 13:59:26,576 INFO Written out 64600000 reads
2021-04-14 13:59:28,703 INFO Searching for mates for 0 unmatched alignments
2021-04-14 14:03:13,961 INFO 0 mates never found
2021-04-14 14:16:16,840 INFO Reads: Input Reads: 81806422, Read pairs: 81806422, Read 2 unmapped: 6902
2021-04-14 14:16:16,840 INFO Number of reads out: 64634714
2021-04-14 14:16:16,840 INFO Total number of positions deduplicated: 52984762
2021-04-14 14:16:16,840 INFO Mean number of unique UMIs per position: 1.23
2021-04-14 14:16:16,840 INFO Max. number of unique UMIs per position: 3149
# job finished in 11454 seconds at Wed Apr 14 14:16:16 2021 -- 11203.10 209.01  0.00  0.00 -- 9de5f280-5ccc-45a4-8d58-259c99f69ead
