# UMI-tools version: 1.1.1
# output generated by dedup -I 03_alignedData/bam/7_KB_B12Aligned.sortedByCoord.out.bam -L 04_dedupUmis/log/7_KB_B12.log -S 04_dedupUmis/bam/7_KB_B12.bam --umi-separator=: --temp-dir=. --paired --output-stats=04_dedupUmis/log/7_KB_B12
# job started at Wed Apr 14 11:05:24 2021 on r25-n13 -- 90ce9e76-fd15-440c-8a3d-9fb8e47c6580
# pid: 212170, system: Linux 3.10.0-1062.9.1.el7.x86_64 #1 SMP Mon Dec 2 08:31:54 EST 2019 x86_64
# assigned_tag                            : None
# cell_tag                                : None
# cell_tag_delim                          : None
# cell_tag_split                          : -
# chimeric_pairs                          : use
# chrom                                   : None
# compresslevel                           : 6
# detection_method                        : None
# filter_umi                              : None
# gene_tag                                : None
# gene_transcript_map                     : None
# get_umi_method                          : read_id
# ignore_tlen                             : False
# ignore_umi                              : False
# in_sam                                  : False
# log2stderr                              : False
# loglevel                                : 1
# mapping_quality                         : 0
# method                                  : directional
# no_sort_output                          : False
# out_sam                                 : False
# output_unmapped                         : False
# paired                                  : True
# per_cell                                : False
# per_contig                              : False
# per_gene                                : False
# random_seed                             : None
# read_length                             : False
# short_help                              : None
# skip_regex                              : ^(__|Unassigned)
# soft_clip_threshold                     : 4
# spliced                                 : False
# stats                                   : 04_dedupUmis/log/7_KB_B12
# stderr                                  : <_io.TextIOWrapper name='<stderr>' mode='w' encoding='UTF-8'>
# stdin                                   : <_io.TextIOWrapper name='03_alignedData/bam/7_KB_B12Aligned.sortedByCoord.out.bam' mode='r' encoding='UTF-8'>
# stdlog                                  : <_io.TextIOWrapper name='04_dedupUmis/log/7_KB_B12.log' mode='a' encoding='UTF-8'>
# stdout                                  : <_io.TextIOWrapper name='04_dedupUmis/bam/7_KB_B12.bam' mode='w' encoding='UTF-8'>
# subset                                  : None
# threshold                               : 1
# timeit_file                             : None
# timeit_header                           : None
# timeit_name                             : all
# tmpdir                                  : .
# umi_sep                                 : :
# umi_tag                                 : RX
# umi_tag_delim                           : None
# umi_tag_split                           : None
# umi_whitelist                           : None
# umi_whitelist_paired                    : None
# unmapped_reads                          : discard
# unpaired_reads                          : use
# whole_contig                            : False
2021-04-14 11:05:24,014 WARNING Chimeric read pairs are being used. Some read pair UMIs may be grouped/deduplicated using just the mapping coordinates from read1.This may also increase the run time and memory usage. Consider --chimeric-pairs==discard to discard these reads or --chimeric-pairs==output (group command only) to output them without grouping
2021-04-14 11:05:24,014 WARNING Unpaired read pairs are being used. Some read pair UMIs may be grouped/deduplicated using just the mapping coordinates from read1.This may also increase the run time and memory usage. Consider --unpared-reads==discard to discard these reads or --unpared-reads==output (group command only) to output them without grouping
2021-04-14 11:05:24,014 INFO command: dedup -I 03_alignedData/bam/7_KB_B12Aligned.sortedByCoord.out.bam -L 04_dedupUmis/log/7_KB_B12.log -S 04_dedupUmis/bam/7_KB_B12.bam --umi-separator=: --temp-dir=. --paired --output-stats=04_dedupUmis/log/7_KB_B12
2021-04-14 11:11:17,119 INFO total_umis 85047789
2021-04-14 11:11:17,131 INFO #umis 66104
2021-04-14 11:15:48,153 INFO Written out 100000 reads
2021-04-14 11:15:53,078 INFO Written out 200000 reads
2021-04-14 11:15:58,206 INFO Written out 300000 reads
2021-04-14 11:16:03,615 INFO Written out 400000 reads
2021-04-14 11:16:08,626 INFO Written out 500000 reads
2021-04-14 11:16:14,100 INFO Written out 600000 reads
2021-04-14 11:16:19,218 INFO Written out 700000 reads
2021-04-14 11:16:24,710 INFO Parsed 1000000 input reads
2021-04-14 11:16:24,745 INFO Written out 800000 reads
2021-04-14 11:16:30,669 INFO Written out 900000 reads
2021-04-14 11:16:36,478 INFO Written out 1000000 reads
2021-04-14 11:16:41,874 INFO Written out 1100000 reads
2021-04-14 11:16:47,699 INFO Written out 1200000 reads
2021-04-14 11:16:53,820 INFO Written out 1300000 reads
2021-04-14 11:16:59,840 INFO Written out 1400000 reads
2021-04-14 11:17:06,112 INFO Written out 1500000 reads
2021-04-14 11:17:12,564 INFO Written out 1600000 reads
2021-04-14 11:17:12,592 INFO Parsed 2000000 input reads
2021-04-14 11:17:19,131 INFO Written out 1700000 reads
2021-04-14 11:17:25,640 INFO Written out 1800000 reads
2021-04-14 11:17:32,397 INFO Written out 1900000 reads
2021-04-14 11:17:39,314 INFO Written out 2000000 reads
2021-04-14 11:17:46,557 INFO Written out 2100000 reads
2021-04-14 11:17:53,318 INFO Written out 2200000 reads
2021-04-14 11:18:00,366 INFO Written out 2300000 reads
2021-04-14 11:18:07,461 INFO Written out 2400000 reads
2021-04-14 11:18:07,470 INFO Parsed 3000000 input reads
2021-04-14 11:18:14,602 INFO Written out 2500000 reads
2021-04-14 11:18:21,664 INFO Written out 2600000 reads
2021-04-14 11:18:53,357 INFO Written out 2700000 reads
2021-04-14 11:18:59,912 INFO Written out 2800000 reads
2021-04-14 11:19:06,457 INFO Written out 2900000 reads
2021-04-14 11:19:13,089 INFO Written out 3000000 reads
2021-04-14 11:19:19,598 INFO Written out 3100000 reads
2021-04-14 11:19:26,075 INFO Parsed 4000000 input reads
2021-04-14 11:19:26,243 INFO Written out 3200000 reads
2021-04-14 11:19:33,346 INFO Written out 3300000 reads
2021-04-14 11:19:40,559 INFO Written out 3400000 reads
2021-04-14 11:19:46,908 INFO Written out 3500000 reads
2021-04-14 11:19:53,701 INFO Written out 3600000 reads
2021-04-14 11:20:00,892 INFO Written out 3700000 reads
2021-04-14 11:20:08,220 INFO Written out 3800000 reads
2021-04-14 11:20:15,248 INFO Written out 3900000 reads
2021-04-14 11:20:22,077 INFO Parsed 5000000 input reads
2021-04-14 11:20:22,282 INFO Written out 4000000 reads
2021-04-14 11:20:29,961 INFO Written out 4100000 reads
2021-04-14 11:20:37,966 INFO Written out 4200000 reads
2021-04-14 11:20:44,625 INFO Written out 4300000 reads
2021-04-14 11:20:52,417 INFO Written out 4400000 reads
2021-04-14 11:21:01,629 INFO Written out 4500000 reads
2021-04-14 11:21:08,067 INFO Written out 4600000 reads
2021-04-14 11:21:15,942 INFO Written out 4700000 reads
2021-04-14 11:21:23,612 INFO Parsed 6000000 input reads
2021-04-14 11:21:23,889 INFO Written out 4800000 reads
2021-04-14 11:21:35,305 INFO Written out 4900000 reads
2021-04-14 11:21:39,319 INFO Written out 5000000 reads
2021-04-14 11:22:09,675 INFO Written out 5100000 reads
2021-04-14 11:22:17,719 INFO Written out 5200000 reads
2021-04-14 11:22:24,814 INFO Written out 5300000 reads
2021-04-14 11:22:32,096 INFO Written out 5400000 reads
2021-04-14 11:22:39,581 INFO Written out 5500000 reads
2021-04-14 11:22:45,907 INFO Parsed 7000000 input reads
2021-04-14 11:22:47,318 INFO Written out 5600000 reads
2021-04-14 11:22:56,205 INFO Written out 5700000 reads
2021-04-14 11:23:03,945 INFO Written out 5800000 reads
2021-04-14 11:23:11,975 INFO Written out 5900000 reads
2021-04-14 11:23:20,225 INFO Written out 6000000 reads
2021-04-14 11:23:28,676 INFO Written out 6100000 reads
2021-04-14 11:23:37,290 INFO Written out 6200000 reads
2021-04-14 11:23:45,483 INFO Written out 6300000 reads
2021-04-14 11:23:51,992 INFO Parsed 8000000 input reads
2021-04-14 11:23:53,372 INFO Written out 6400000 reads
2021-04-14 11:24:02,846 INFO Written out 6500000 reads
2021-04-14 11:24:12,244 INFO Written out 6600000 reads
2021-04-14 11:24:20,520 INFO Written out 6700000 reads
2021-04-14 11:24:29,507 INFO Written out 6800000 reads
2021-04-14 11:24:40,306 INFO Written out 6900000 reads
2021-04-14 11:24:48,543 INFO Written out 7000000 reads
2021-04-14 11:24:57,039 INFO Written out 7100000 reads
2021-04-14 11:25:04,455 INFO Parsed 9000000 input reads
2021-04-14 11:25:06,188 INFO Written out 7200000 reads
2021-04-14 11:25:14,926 INFO Written out 7300000 reads
2021-04-14 11:25:46,293 INFO Written out 7400000 reads
2021-04-14 11:25:55,541 INFO Written out 7500000 reads
2021-04-14 11:26:05,606 INFO Written out 7600000 reads
2021-04-14 11:26:14,176 INFO Written out 7700000 reads
2021-04-14 11:26:22,074 INFO Written out 7800000 reads
2021-04-14 11:26:29,904 INFO Written out 7900000 reads
2021-04-14 11:26:36,675 INFO Parsed 10000000 input reads
2021-04-14 11:26:39,292 INFO Written out 8000000 reads
2021-04-14 11:26:47,984 INFO Written out 8100000 reads
2021-04-14 11:26:57,722 INFO Written out 8200000 reads
2021-04-14 11:27:07,455 INFO Written out 8300000 reads
2021-04-14 11:27:18,098 INFO Written out 8400000 reads
2021-04-14 11:27:22,733 INFO Written out 8500000 reads
2021-04-14 11:27:33,259 INFO Written out 8600000 reads
2021-04-14 11:27:42,209 INFO Written out 8700000 reads
2021-04-14 11:27:50,940 INFO Parsed 11000000 input reads
2021-04-14 11:27:52,692 INFO Written out 8800000 reads
2021-04-14 11:28:03,112 INFO Written out 8900000 reads
2021-04-14 11:28:11,553 INFO Written out 9000000 reads
2021-04-14 11:28:22,031 INFO Written out 9100000 reads
2021-04-14 11:28:31,774 INFO Written out 9200000 reads
2021-04-14 11:28:58,775 INFO Written out 9300000 reads
2021-04-14 11:29:08,823 INFO Written out 9400000 reads
2021-04-14 11:29:17,968 INFO Written out 9500000 reads
2021-04-14 11:29:26,356 INFO Parsed 12000000 input reads
2021-04-14 11:29:29,267 INFO Written out 9600000 reads
2021-04-14 11:29:37,310 INFO Written out 9700000 reads
2021-04-14 11:29:49,260 INFO Written out 9800000 reads
2021-04-14 11:29:55,844 INFO Written out 9900000 reads
2021-04-14 11:30:05,402 INFO Written out 10000000 reads
2021-04-14 11:30:15,383 INFO Written out 10100000 reads
2021-04-14 11:30:26,161 INFO Written out 10200000 reads
2021-04-14 11:30:35,847 INFO Written out 10300000 reads
2021-04-14 11:30:45,246 INFO Parsed 13000000 input reads
2021-04-14 11:30:47,057 INFO Written out 10400000 reads
2021-04-14 11:30:59,716 INFO Written out 10500000 reads
2021-04-14 11:31:08,065 INFO Written out 10600000 reads
2021-04-14 11:31:19,955 INFO Written out 10700000 reads
2021-04-14 11:31:30,018 INFO Written out 10800000 reads
2021-04-14 11:31:41,262 INFO Written out 10900000 reads
2021-04-14 11:31:50,196 INFO Written out 11000000 reads
2021-04-14 11:32:01,920 INFO Written out 11100000 reads
2021-04-14 11:32:10,573 INFO Parsed 14000000 input reads
2021-04-14 11:32:12,811 INFO Written out 11200000 reads
2021-04-14 11:32:24,813 INFO Written out 11300000 reads
2021-04-14 11:32:33,630 INFO Written out 11400000 reads
2021-04-14 11:32:46,225 INFO Written out 11500000 reads
2021-04-14 11:33:20,691 INFO Written out 11600000 reads
2021-04-14 11:33:28,689 INFO Written out 11700000 reads
2021-04-14 11:33:40,168 INFO Written out 11800000 reads
2021-04-14 11:33:50,160 INFO Written out 11900000 reads
2021-04-14 11:33:59,706 INFO Parsed 15000000 input reads
2021-04-14 11:34:00,201 INFO Written out 12000000 reads
2021-04-14 11:34:10,441 INFO Written out 12100000 reads
2021-04-14 11:34:20,821 INFO Written out 12200000 reads
2021-04-14 11:34:32,327 INFO Written out 12300000 reads
2021-04-14 11:34:42,843 INFO Written out 12400000 reads
2021-04-14 11:34:56,481 INFO Written out 12500000 reads
2021-04-14 11:35:03,112 INFO Written out 12600000 reads
2021-04-14 11:35:11,911 INFO Written out 12700000 reads
2021-04-14 11:35:18,092 INFO Parsed 16000000 input reads
2021-04-14 11:35:19,686 INFO Written out 12800000 reads
2021-04-14 11:35:27,508 INFO Written out 12900000 reads
2021-04-14 11:35:36,230 INFO Written out 13000000 reads
2021-04-14 11:35:45,204 INFO Written out 13100000 reads
2021-04-14 11:35:52,167 INFO Written out 13200000 reads
2021-04-14 11:36:01,097 INFO Written out 13300000 reads
2021-04-14 11:36:09,155 INFO Written out 13400000 reads
2021-04-14 11:36:19,609 INFO Written out 13500000 reads
2021-04-14 11:36:23,704 INFO Parsed 17000000 input reads
2021-04-14 11:36:25,304 INFO Written out 13600000 reads
2021-04-14 11:36:33,558 INFO Written out 13700000 reads
2021-04-14 11:36:50,229 INFO Written out 13800000 reads
2021-04-14 11:36:52,001 INFO Written out 13900000 reads
2021-04-14 11:36:54,023 INFO Written out 14000000 reads
2021-04-14 11:37:01,596 INFO Written out 14100000 reads
2021-04-14 11:37:09,998 INFO Written out 14200000 reads
2021-04-14 11:37:20,976 INFO Written out 14300000 reads
2021-04-14 11:37:24,313 INFO Parsed 18000000 input reads
2021-04-14 11:37:46,860 INFO Written out 14400000 reads
2021-04-14 11:37:55,017 INFO Written out 14500000 reads
2021-04-14 11:38:04,434 INFO Written out 14600000 reads
2021-04-14 11:38:11,763 INFO Written out 14700000 reads
2021-04-14 11:38:20,107 INFO Written out 14800000 reads
2021-04-14 11:38:30,845 INFO Written out 14900000 reads
2021-04-14 11:38:39,213 INFO Written out 15000000 reads
2021-04-14 11:38:48,864 INFO Written out 15100000 reads
2021-04-14 11:38:55,882 INFO Parsed 19000000 input reads
2021-04-14 11:38:57,496 INFO Written out 15200000 reads
2021-04-14 11:39:06,228 INFO Written out 15300000 reads
2021-04-14 11:39:16,059 INFO Written out 15400000 reads
2021-04-14 11:39:27,445 INFO Written out 15500000 reads
2021-04-14 11:39:34,812 INFO Written out 15600000 reads
2021-04-14 11:39:44,915 INFO Written out 15700000 reads
2021-04-14 11:39:54,995 INFO Written out 15800000 reads
2021-04-14 11:40:04,009 INFO Written out 15900000 reads
2021-04-14 11:40:11,403 INFO Parsed 20000000 input reads
2021-04-14 11:40:11,822 INFO Written out 16000000 reads
2021-04-14 11:40:22,177 INFO Written out 16100000 reads
2021-04-14 11:40:33,106 INFO Written out 16200000 reads
2021-04-14 11:40:43,410 INFO Written out 16300000 reads
2021-04-14 11:41:12,164 INFO Written out 16400000 reads
2021-04-14 11:41:22,404 INFO Written out 16500000 reads
2021-04-14 11:41:32,334 INFO Written out 16600000 reads
2021-04-14 11:41:42,573 INFO Written out 16700000 reads
2021-04-14 11:41:52,092 INFO Parsed 21000000 input reads
2021-04-14 11:41:55,397 INFO Written out 16800000 reads
2021-04-14 11:42:04,077 INFO Written out 16900000 reads
2021-04-14 11:42:15,537 INFO Written out 17000000 reads
2021-04-14 11:42:27,254 INFO Written out 17100000 reads
2021-04-14 11:42:37,600 INFO Written out 17200000 reads
2021-04-14 11:42:48,006 INFO Written out 17300000 reads
2021-04-14 11:42:58,640 INFO Written out 17400000 reads
2021-04-14 11:43:09,769 INFO Written out 17500000 reads
2021-04-14 11:43:20,492 INFO Parsed 22000000 input reads
2021-04-14 11:43:22,637 INFO Written out 17600000 reads
2021-04-14 11:43:35,676 INFO Written out 17700000 reads
2021-04-14 11:43:48,563 INFO Written out 17800000 reads
2021-04-14 11:43:59,912 INFO Written out 17900000 reads
2021-04-14 11:44:14,611 INFO Written out 18000000 reads
2021-04-14 11:44:31,614 INFO Written out 18100000 reads
2021-04-14 11:44:35,972 INFO Written out 18200000 reads
2021-04-14 11:44:47,869 INFO Written out 18300000 reads
2021-04-14 11:44:59,013 INFO Parsed 23000000 input reads
2021-04-14 11:44:59,572 INFO Written out 18400000 reads
2021-04-14 11:45:12,990 INFO Written out 18500000 reads
2021-04-14 11:45:27,299 INFO Written out 18600000 reads
2021-04-14 11:45:35,428 INFO Written out 18700000 reads
2021-04-14 11:45:49,021 INFO Written out 18800000 reads
2021-04-14 11:46:01,482 INFO Written out 18900000 reads
2021-04-14 11:46:13,731 INFO Written out 19000000 reads
2021-04-14 11:46:27,727 INFO Written out 19100000 reads
2021-04-14 11:47:00,632 INFO Parsed 24000000 input reads
2021-04-14 11:47:04,431 INFO Written out 19200000 reads
2021-04-14 11:47:15,881 INFO Written out 19300000 reads
2021-04-14 11:47:27,312 INFO Written out 19400000 reads
2021-04-14 11:47:38,425 INFO Written out 19500000 reads
2021-04-14 11:47:49,826 INFO Written out 19600000 reads
2021-04-14 11:48:01,026 INFO Written out 19700000 reads
2021-04-14 11:48:14,083 INFO Written out 19800000 reads
2021-04-14 11:48:23,822 INFO Written out 19900000 reads
2021-04-14 11:48:34,645 INFO Parsed 25000000 input reads
2021-04-14 11:48:36,923 INFO Written out 20000000 reads
2021-04-14 11:48:50,165 INFO Written out 20100000 reads
2021-04-14 11:49:03,213 INFO Written out 20200000 reads
2021-04-14 11:49:15,126 INFO Written out 20300000 reads
2021-04-14 11:49:30,342 INFO Written out 20400000 reads
2021-04-14 11:49:40,021 INFO Written out 20500000 reads
2021-04-14 11:49:51,637 INFO Written out 20600000 reads
2021-04-14 11:50:03,749 INFO Written out 20700000 reads
2021-04-14 11:50:15,022 INFO Parsed 26000000 input reads
2021-04-14 11:50:17,297 INFO Written out 20800000 reads
2021-04-14 11:50:29,584 INFO Written out 20900000 reads
2021-04-14 11:50:42,044 INFO Written out 21000000 reads
2021-04-14 11:50:55,950 INFO Written out 21100000 reads
2021-04-14 11:51:08,536 INFO Written out 21200000 reads
2021-04-14 11:51:41,096 INFO Written out 21300000 reads
2021-04-14 11:51:52,801 INFO Written out 21400000 reads
2021-04-14 11:52:04,448 INFO Written out 21500000 reads
2021-04-14 11:52:15,543 INFO Parsed 27000000 input reads
2021-04-14 11:52:16,360 INFO Written out 21600000 reads
2021-04-14 11:52:29,969 INFO Written out 21700000 reads
2021-04-14 11:52:43,699 INFO Written out 21800000 reads
2021-04-14 11:52:56,120 INFO Written out 21900000 reads
2021-04-14 11:53:08,014 INFO Written out 22000000 reads
2021-04-14 11:53:21,805 INFO Written out 22100000 reads
2021-04-14 11:53:34,054 INFO Written out 22200000 reads
2021-04-14 11:53:47,972 INFO Written out 22300000 reads
2021-04-14 11:53:57,661 INFO Parsed 28000000 input reads
2021-04-14 11:54:00,133 INFO Written out 22400000 reads
2021-04-14 11:54:12,443 INFO Written out 22500000 reads
2021-04-14 11:54:26,633 INFO Written out 22600000 reads
2021-04-14 11:54:38,946 INFO Written out 22700000 reads
2021-04-14 11:54:51,632 INFO Written out 22800000 reads
2021-04-14 11:55:04,058 INFO Written out 22900000 reads
2021-04-14 11:55:18,552 INFO Written out 23000000 reads
2021-04-14 11:55:49,528 INFO Written out 23100000 reads
2021-04-14 11:56:01,130 INFO Parsed 29000000 input reads
2021-04-14 11:56:05,356 INFO Written out 23200000 reads
2021-04-14 11:56:15,796 INFO Written out 23300000 reads
2021-04-14 11:56:29,780 INFO Written out 23400000 reads
2021-04-14 11:56:43,717 INFO Written out 23500000 reads
2021-04-14 11:56:54,028 INFO Written out 23600000 reads
2021-04-14 11:57:12,293 INFO Written out 23700000 reads
2021-04-14 11:57:20,714 INFO Written out 23800000 reads
2021-04-14 11:57:33,093 INFO Written out 23900000 reads
2021-04-14 11:57:44,585 INFO Parsed 30000000 input reads
2021-04-14 11:57:47,244 INFO Written out 24000000 reads
2021-04-14 11:58:01,763 INFO Written out 24100000 reads
2021-04-14 11:58:14,489 INFO Written out 24200000 reads
2021-04-14 11:58:27,218 INFO Written out 24300000 reads
2021-04-14 11:58:41,970 INFO Written out 24400000 reads
2021-04-14 11:58:54,787 INFO Written out 24500000 reads
2021-04-14 11:59:07,930 INFO Written out 24600000 reads
2021-04-14 11:59:32,258 INFO Written out 24700000 reads
2021-04-14 11:59:33,982 INFO Parsed 31000000 input reads
2021-04-14 11:59:34,912 INFO Written out 24800000 reads
2021-04-14 11:59:37,351 INFO Written out 24900000 reads
2021-04-14 11:59:44,309 INFO Written out 25000000 reads
2021-04-14 11:59:57,540 INFO Written out 25100000 reads
2021-04-14 12:00:13,098 INFO Written out 25200000 reads
2021-04-14 12:00:30,409 INFO Written out 25300000 reads
2021-04-14 12:00:42,009 INFO Written out 25400000 reads
2021-04-14 12:00:57,628 INFO Written out 25500000 reads
2021-04-14 12:01:05,799 INFO Parsed 32000000 input reads
2021-04-14 12:01:13,132 INFO Written out 25600000 reads
2021-04-14 12:01:26,798 INFO Written out 25700000 reads
2021-04-14 12:01:42,850 INFO Written out 25800000 reads
2021-04-14 12:01:57,020 INFO Written out 25900000 reads
2021-04-14 12:02:13,326 INFO Written out 26000000 reads
2021-04-14 12:02:35,051 INFO Written out 26100000 reads
2021-04-14 12:02:37,730 INFO Written out 26200000 reads
2021-04-14 12:02:54,394 INFO Written out 26300000 reads
2021-04-14 12:03:02,923 INFO Parsed 33000000 input reads
2021-04-14 12:03:11,085 INFO Written out 26400000 reads
2021-04-14 12:03:53,451 INFO Written out 26500000 reads
2021-04-14 12:04:08,847 INFO Written out 26600000 reads
2021-04-14 12:04:22,561 INFO Written out 26700000 reads
2021-04-14 12:04:36,236 INFO Written out 26800000 reads
2021-04-14 12:04:51,817 INFO Written out 26900000 reads
2021-04-14 12:05:05,430 INFO Written out 27000000 reads
2021-04-14 12:05:19,359 INFO Written out 27100000 reads
2021-04-14 12:05:29,621 INFO Parsed 34000000 input reads
2021-04-14 12:05:39,867 INFO Written out 27200000 reads
2021-04-14 12:05:46,643 INFO Written out 27300000 reads
2021-04-14 12:06:00,417 INFO Written out 27400000 reads
2021-04-14 12:06:16,436 INFO Written out 27500000 reads
2021-04-14 12:06:30,703 INFO Written out 27600000 reads
2021-04-14 12:06:46,852 INFO Written out 27700000 reads
2021-04-14 12:07:03,179 INFO Written out 27800000 reads
2021-04-14 12:07:17,476 INFO Written out 27900000 reads
2021-04-14 12:07:26,324 INFO Parsed 35000000 input reads
2021-04-14 12:07:34,264 INFO Written out 28000000 reads
2021-04-14 12:07:48,615 INFO Written out 28100000 reads
2021-04-14 12:08:03,272 INFO Written out 28200000 reads
2021-04-14 12:08:20,111 INFO Written out 28300000 reads
2021-04-14 12:08:37,074 INFO Written out 28400000 reads
2021-04-14 12:08:49,405 INFO Written out 28500000 reads
2021-04-14 12:09:11,979 INFO Written out 28600000 reads
2021-04-14 12:09:16,795 INFO Written out 28700000 reads
2021-04-14 12:09:25,799 INFO Parsed 36000000 input reads
2021-04-14 12:09:36,743 INFO Written out 28800000 reads
2021-04-14 12:09:47,158 INFO Written out 28900000 reads
2021-04-14 12:10:04,538 INFO Written out 29000000 reads
2021-04-14 12:10:22,508 INFO Written out 29100000 reads
2021-04-14 12:10:37,810 INFO Written out 29200000 reads
2021-04-14 12:10:53,081 INFO Written out 29300000 reads
2021-04-14 12:11:10,462 INFO Written out 29400000 reads
2021-04-14 12:11:51,985 INFO Written out 29500000 reads
2021-04-14 12:12:00,285 INFO Parsed 37000000 input reads
2021-04-14 12:12:08,114 INFO Written out 29600000 reads
2021-04-14 12:12:24,579 INFO Written out 29700000 reads
2021-04-14 12:12:38,847 INFO Written out 29800000 reads
2021-04-14 12:12:53,078 INFO Written out 29900000 reads
2021-04-14 12:13:09,542 INFO Written out 30000000 reads
2021-04-14 12:13:23,988 INFO Written out 30100000 reads
2021-04-14 12:13:40,510 INFO Written out 30200000 reads
2021-04-14 12:13:55,408 INFO Written out 30300000 reads
2021-04-14 12:13:56,883 INFO Parsed 38000000 input reads
2021-04-14 12:14:02,956 INFO Written out 30400000 reads
2021-04-14 12:14:19,624 INFO Written out 30500000 reads
2021-04-14 12:14:36,756 INFO Written out 30600000 reads
2021-04-14 12:14:51,514 INFO Written out 30700000 reads
2021-04-14 12:15:06,253 INFO Written out 30800000 reads
2021-04-14 12:15:23,017 INFO Written out 30900000 reads
2021-04-14 12:15:42,655 INFO Written out 31000000 reads
2021-04-14 12:16:03,418 INFO Written out 31100000 reads
2021-04-14 12:16:04,578 INFO Parsed 39000000 input reads
2021-04-14 12:16:05,563 INFO Written out 31200000 reads
2021-04-14 12:16:20,251 INFO Written out 31300000 reads
2021-04-14 12:16:32,735 INFO Written out 31400000 reads
2021-04-14 12:16:53,052 INFO Written out 31500000 reads
2021-04-14 12:17:03,113 INFO Written out 31600000 reads
2021-04-14 12:17:16,213 INFO Written out 31700000 reads
2021-04-14 12:17:33,860 INFO Written out 31800000 reads
2021-04-14 12:17:59,797 INFO Written out 31900000 reads
2021-04-14 12:18:01,032 INFO Parsed 40000000 input reads
2021-04-14 12:18:02,247 INFO Written out 32000000 reads
2021-04-14 12:18:15,486 INFO Written out 32100000 reads
2021-04-14 12:18:33,181 INFO Written out 32200000 reads
2021-04-14 12:19:13,114 INFO Written out 32300000 reads
2021-04-14 12:19:30,022 INFO Written out 32400000 reads
2021-04-14 12:19:47,311 INFO Written out 32500000 reads
2021-04-14 12:20:01,734 INFO Written out 32600000 reads
2021-04-14 12:20:14,063 INFO Written out 32700000 reads
2021-04-14 12:20:22,688 INFO Parsed 41000000 input reads
2021-04-14 12:20:31,159 INFO Written out 32800000 reads
2021-04-14 12:20:46,295 INFO Written out 32900000 reads
2021-04-14 12:21:03,742 INFO Written out 33000000 reads
2021-04-14 12:21:21,341 INFO Written out 33100000 reads
2021-04-14 12:21:33,725 INFO Written out 33200000 reads
2021-04-14 12:21:54,352 INFO Written out 33300000 reads
2021-04-14 12:22:07,029 INFO Written out 33400000 reads
2021-04-14 12:22:22,148 INFO Written out 33500000 reads
2021-04-14 12:22:30,964 INFO Parsed 42000000 input reads
2021-04-14 12:22:39,834 INFO Written out 33600000 reads
2021-04-14 12:22:58,268 INFO Written out 33700000 reads
2021-04-14 12:23:11,420 INFO Written out 33800000 reads
2021-04-14 12:23:29,587 INFO Written out 33900000 reads
2021-04-14 12:23:45,157 INFO Written out 34000000 reads
2021-04-14 12:24:03,653 INFO Written out 34100000 reads
2021-04-14 12:24:19,920 INFO Written out 34200000 reads
2021-04-14 12:24:38,535 INFO Written out 34300000 reads
2021-04-14 12:24:53,886 INFO Parsed 43000000 input reads
2021-04-14 12:24:54,912 INFO Written out 34400000 reads
2021-04-14 12:25:06,094 INFO Written out 34500000 reads
2021-04-14 12:25:25,322 INFO Written out 34600000 reads
2021-04-14 12:25:43,968 INFO Written out 34700000 reads
2021-04-14 12:26:00,343 INFO Written out 34800000 reads
2021-04-14 12:26:19,653 INFO Written out 34900000 reads
2021-04-14 12:27:02,626 INFO Written out 35000000 reads
2021-04-14 12:27:21,034 INFO Written out 35100000 reads
2021-04-14 12:27:29,866 INFO Parsed 44000000 input reads
2021-04-14 12:27:39,333 INFO Written out 35200000 reads
2021-04-14 12:27:54,935 INFO Written out 35300000 reads
2021-04-14 12:28:10,925 INFO Written out 35400000 reads
2021-04-14 12:28:26,996 INFO Written out 35500000 reads
2021-04-14 12:28:45,331 INFO Written out 35600000 reads
2021-04-14 12:29:01,212 INFO Written out 35700000 reads
2021-04-14 12:29:17,520 INFO Written out 35800000 reads
2021-04-14 12:29:36,210 INFO Written out 35900000 reads
2021-04-14 12:29:42,776 INFO Parsed 45000000 input reads
2021-04-14 12:29:54,802 INFO Written out 36000000 reads
2021-04-14 12:30:11,191 INFO Written out 36100000 reads
2021-04-14 12:30:27,638 INFO Written out 36200000 reads
2021-04-14 12:30:46,660 INFO Written out 36300000 reads
2021-04-14 12:31:03,122 INFO Written out 36400000 reads
2021-04-14 12:31:20,334 INFO Written out 36500000 reads
2021-04-14 12:31:40,330 INFO Written out 36600000 reads
2021-04-14 12:32:17,626 INFO Written out 36700000 reads
2021-04-14 12:32:21,698 INFO Parsed 46000000 input reads
2021-04-14 12:32:33,937 INFO Written out 36800000 reads
2021-04-14 12:32:53,301 INFO Written out 36900000 reads
2021-04-14 12:33:12,174 INFO Written out 37000000 reads
2021-04-14 12:33:26,183 INFO Written out 37100000 reads
2021-04-14 12:33:45,871 INFO Written out 37200000 reads
2021-04-14 12:34:02,552 INFO Written out 37300000 reads
2021-04-14 12:34:22,102 INFO Written out 37400000 reads
2021-04-14 12:34:41,899 INFO Written out 37500000 reads
2021-04-14 12:34:48,761 INFO Parsed 47000000 input reads
2021-04-14 12:34:58,820 INFO Written out 37600000 reads
2021-04-14 12:35:18,555 INFO Written out 37700000 reads
2021-04-14 12:35:35,638 INFO Written out 37800000 reads
2021-04-14 12:35:53,130 INFO Written out 37900000 reads
2021-04-14 12:36:16,124 INFO Written out 38000000 reads
2021-04-14 12:36:30,793 INFO Written out 38100000 reads
2021-04-14 12:36:51,376 INFO Written out 38200000 reads
2021-04-14 12:37:11,199 INFO Written out 38300000 reads
2021-04-14 12:37:15,656 INFO Parsed 48000000 input reads
2021-04-14 12:37:28,857 INFO Written out 38400000 reads
2021-04-14 12:37:46,854 INFO Written out 38500000 reads
2021-04-14 12:38:07,394 INFO Written out 38600000 reads
2021-04-14 12:38:25,519 INFO Written out 38700000 reads
2021-04-14 12:38:31,079 INFO Written out 38800000 reads
2021-04-14 12:38:49,314 INFO Written out 38900000 reads
2021-04-14 12:39:10,232 INFO Written out 39000000 reads
2021-04-14 12:39:31,700 INFO Written out 39100000 reads
2021-04-14 12:39:32,596 INFO Parsed 49000000 input reads
2021-04-14 12:39:46,362 INFO Written out 39200000 reads
2021-04-14 12:40:27,338 INFO Written out 39300000 reads
2021-04-14 12:40:50,222 INFO Written out 39400000 reads
2021-04-14 12:41:03,858 INFO Written out 39500000 reads
2021-04-14 12:41:20,862 INFO Written out 39600000 reads
2021-04-14 12:41:38,090 INFO Written out 39700000 reads
2021-04-14 12:41:55,239 INFO Written out 39800000 reads
2021-04-14 12:42:12,283 INFO Written out 39900000 reads
2021-04-14 12:42:21,775 INFO Parsed 50000000 input reads
2021-04-14 12:42:31,999 INFO Written out 40000000 reads
2021-04-14 12:42:49,483 INFO Written out 40100000 reads
2021-04-14 12:43:09,649 INFO Written out 40200000 reads
2021-04-14 12:43:26,986 INFO Written out 40300000 reads
2021-04-14 12:43:44,743 INFO Written out 40400000 reads
2021-04-14 12:44:05,190 INFO Written out 40500000 reads
2021-04-14 12:44:23,561 INFO Written out 40600000 reads
2021-04-14 12:44:44,636 INFO Written out 40700000 reads
2021-04-14 12:44:52,088 INFO Parsed 51000000 input reads
2021-04-14 12:45:20,682 INFO Written out 40800000 reads
2021-04-14 12:45:38,230 INFO Written out 40900000 reads
2021-04-14 12:45:56,210 INFO Written out 41000000 reads
2021-04-14 12:46:16,584 INFO Written out 41100000 reads
2021-04-14 12:46:36,822 INFO Written out 41200000 reads
2021-04-14 12:46:54,588 INFO Written out 41300000 reads
2021-04-14 12:47:12,484 INFO Written out 41400000 reads
2021-04-14 12:47:43,318 INFO Written out 41500000 reads
2021-04-14 12:47:44,172 INFO Parsed 52000000 input reads
2021-04-14 12:47:49,023 INFO Written out 41600000 reads
2021-04-14 12:48:10,999 INFO Written out 41700000 reads
2021-04-14 12:48:30,059 INFO Written out 41800000 reads
2021-04-14 12:48:51,496 INFO Written out 41900000 reads
2021-04-14 12:49:07,090 INFO Written out 42000000 reads
2021-04-14 12:49:28,504 INFO Written out 42100000 reads
2021-04-14 12:49:46,620 INFO Written out 42200000 reads
2021-04-14 12:50:05,036 INFO Written out 42300000 reads
2021-04-14 12:50:12,504 INFO Parsed 53000000 input reads
2021-04-14 12:50:26,755 INFO Written out 42400000 reads
2021-04-14 12:50:45,675 INFO Written out 42500000 reads
2021-04-14 12:51:08,211 INFO Written out 42600000 reads
2021-04-14 12:51:28,304 INFO Written out 42700000 reads
2021-04-14 12:52:03,975 INFO Written out 42800000 reads
2021-04-14 12:52:25,999 INFO Written out 42900000 reads
2021-04-14 12:52:45,116 INFO Written out 43000000 reads
2021-04-14 12:53:07,496 INFO Written out 43100000 reads
2021-04-14 12:53:14,950 INFO Parsed 54000000 input reads
2021-04-14 12:53:26,527 INFO Written out 43200000 reads
2021-04-14 12:53:51,871 INFO Written out 43300000 reads
2021-04-14 12:54:11,716 INFO Written out 43400000 reads
2021-04-14 12:54:31,816 INFO Written out 43500000 reads
2021-04-14 12:54:51,896 INFO Written out 43600000 reads
2021-04-14 12:55:11,911 INFO Written out 43700000 reads
2021-04-14 12:55:32,593 INFO Written out 43800000 reads
2021-04-14 12:55:56,575 INFO Written out 43900000 reads
2021-04-14 12:56:07,822 INFO Parsed 55000000 input reads
2021-04-14 12:56:23,644 INFO Written out 44000000 reads
2021-04-14 12:56:44,726 INFO Written out 44100000 reads
2021-04-14 12:57:05,755 INFO Written out 44200000 reads
2021-04-14 12:57:31,092 INFO Written out 44300000 reads
2021-04-14 12:57:53,091 INFO Written out 44400000 reads
2021-04-14 12:58:19,166 INFO Written out 44500000 reads
2021-04-14 12:58:46,000 INFO Written out 44600000 reads
2021-04-14 12:59:12,983 INFO Written out 44700000 reads
2021-04-14 12:59:22,233 INFO Parsed 56000000 input reads
2021-04-14 12:59:36,699 INFO Written out 44800000 reads
2021-04-14 13:00:03,898 INFO Written out 44900000 reads
2021-04-14 13:00:31,996 INFO Written out 45000000 reads
2021-04-14 13:01:00,888 INFO Written out 45100000 reads
2021-04-14 13:01:30,063 INFO Written out 45200000 reads
2021-04-14 13:01:55,424 INFO Written out 45300000 reads
2021-04-14 13:02:40,115 INFO Written out 45400000 reads
2021-04-14 13:02:42,368 INFO Written out 45500000 reads
2021-04-14 13:02:43,153 INFO Parsed 57000000 input reads
2021-04-14 13:02:50,585 INFO Written out 45600000 reads
2021-04-14 13:03:20,422 INFO Written out 45700000 reads
2021-04-14 13:03:47,126 INFO Written out 45800000 reads
2021-04-14 13:04:18,483 INFO Written out 45900000 reads
2021-04-14 13:04:45,257 INFO Written out 46000000 reads
2021-04-14 13:05:11,857 INFO Written out 46100000 reads
2021-04-14 13:05:43,044 INFO Written out 46200000 reads
2021-04-14 13:06:14,591 INFO Written out 46300000 reads
2021-04-14 13:06:24,807 INFO Parsed 58000000 input reads
2021-04-14 13:06:45,549 INFO Written out 46400000 reads
2021-04-14 13:07:50,737 INFO Written out 46500000 reads
2021-04-14 13:08:20,051 INFO Written out 46600000 reads
2021-04-14 13:08:44,848 INFO Written out 46700000 reads
2021-04-14 13:09:14,388 INFO Written out 46800000 reads
2021-04-14 13:09:39,721 INFO Written out 46900000 reads
2021-04-14 13:10:09,788 INFO Written out 47000000 reads
2021-04-14 13:10:35,275 INFO Written out 47100000 reads
2021-04-14 13:10:45,156 INFO Parsed 59000000 input reads
2021-04-14 13:11:05,327 INFO Written out 47200000 reads
2021-04-14 13:11:31,297 INFO Written out 47300000 reads
2021-04-14 13:12:01,186 INFO Written out 47400000 reads
2021-04-14 13:12:31,646 INFO Written out 47500000 reads
2021-04-14 13:12:57,866 INFO Written out 47600000 reads
2021-04-14 13:13:32,731 INFO Written out 47700000 reads
2021-04-14 13:13:54,317 INFO Written out 47800000 reads
2021-04-14 13:14:20,887 INFO Written out 47900000 reads
2021-04-14 13:14:31,010 INFO Parsed 60000000 input reads
2021-04-14 13:14:43,005 INFO Written out 48000000 reads
2021-04-14 13:15:04,840 INFO Written out 48100000 reads
2021-04-14 13:15:26,747 INFO Written out 48200000 reads
2021-04-14 13:15:44,424 INFO Written out 48300000 reads
2021-04-14 13:16:12,395 INFO Written out 48400000 reads
2021-04-14 13:17:43,098 INFO Written out 48500000 reads
2021-04-14 13:17:45,716 INFO Written out 48600000 reads
2021-04-14 13:17:48,221 INFO Written out 48700000 reads
2021-04-14 13:17:48,660 INFO Parsed 61000000 input reads
2021-04-14 13:17:50,846 INFO Written out 48800000 reads
2021-04-14 13:17:58,602 INFO Written out 48900000 reads
2021-04-14 13:18:29,108 INFO Written out 49000000 reads
2021-04-14 13:18:54,416 INFO Written out 49100000 reads
2021-04-14 13:19:16,185 INFO Written out 49200000 reads
2021-04-14 13:19:47,157 INFO Written out 49300000 reads
2021-04-14 13:20:17,377 INFO Written out 49400000 reads
2021-04-14 13:20:48,431 INFO Written out 49500000 reads
2021-04-14 13:20:48,739 INFO Parsed 62000000 input reads
2021-04-14 13:21:15,091 INFO Written out 49600000 reads
2021-04-14 13:21:46,513 INFO Written out 49700000 reads
2021-04-14 13:22:07,554 INFO Written out 49800000 reads
2021-04-14 13:22:34,601 INFO Written out 49900000 reads
2021-04-14 13:23:05,997 INFO Written out 50000000 reads
2021-04-14 13:23:37,567 INFO Written out 50100000 reads
2021-04-14 13:24:04,452 INFO Written out 50200000 reads
2021-04-14 13:24:36,438 INFO Written out 50300000 reads
2021-04-14 13:24:36,693 INFO Parsed 63000000 input reads
2021-04-14 13:25:04,207 INFO Written out 50400000 reads
2021-04-14 13:25:35,531 INFO Written out 50500000 reads
2021-04-14 13:26:02,440 INFO Written out 50600000 reads
2021-04-14 13:27:00,222 INFO Written out 50700000 reads
2021-04-14 13:27:03,214 INFO Written out 50800000 reads
2021-04-14 13:27:06,320 INFO Written out 50900000 reads
2021-04-14 13:27:10,627 INFO Written out 51000000 reads
2021-04-14 13:27:28,689 INFO Written out 51100000 reads
2021-04-14 13:27:28,743 INFO Parsed 64000000 input reads
2021-04-14 13:28:01,294 INFO Written out 51200000 reads
2021-04-14 13:28:28,631 INFO Written out 51300000 reads
2021-04-14 13:28:56,757 INFO Written out 51400000 reads
2021-04-14 13:29:29,797 INFO Written out 51500000 reads
2021-04-14 13:29:58,388 INFO Written out 51600000 reads
2021-04-14 13:30:31,493 INFO Written out 51700000 reads
2021-04-14 13:31:00,479 INFO Written out 51800000 reads
2021-04-14 13:31:29,848 INFO Parsed 65000000 input reads
2021-04-14 13:31:29,892 INFO Written out 51900000 reads
2021-04-14 13:31:58,641 INFO Written out 52000000 reads
2021-04-14 13:32:27,156 INFO Written out 52100000 reads
2021-04-14 13:33:01,280 INFO Written out 52200000 reads
2021-04-14 13:33:36,028 INFO Written out 52300000 reads
2021-04-14 13:34:11,119 INFO Written out 52400000 reads
2021-04-14 13:35:17,005 INFO Written out 52500000 reads
2021-04-14 13:35:49,435 INFO Written out 52600000 reads
2021-04-14 13:36:17,855 INFO Parsed 66000000 input reads
2021-04-14 13:36:22,968 INFO Written out 52700000 reads
2021-04-14 13:36:50,714 INFO Written out 52800000 reads
2021-04-14 13:37:24,319 INFO Written out 52900000 reads
2021-04-14 13:37:47,339 INFO Written out 53000000 reads
2021-04-14 13:38:15,510 INFO Written out 53100000 reads
2021-04-14 13:38:49,237 INFO Written out 53200000 reads
2021-04-14 13:39:17,726 INFO Written out 53300000 reads
2021-04-14 13:39:51,853 INFO Written out 53400000 reads
2021-04-14 13:40:20,687 INFO Parsed 67000000 input reads
2021-04-14 13:40:20,840 INFO Written out 53500000 reads
2021-04-14 13:40:54,852 INFO Written out 53600000 reads
2021-04-14 13:41:23,930 INFO Written out 53700000 reads
2021-04-14 13:41:58,392 INFO Written out 53800000 reads
2021-04-14 13:42:33,331 INFO Written out 53900000 reads
2021-04-14 13:43:02,305 INFO Written out 54000000 reads
2021-04-14 13:43:32,064 INFO Written out 54100000 reads
2021-04-14 13:44:06,731 INFO Written out 54200000 reads
2021-04-14 13:44:35,243 INFO Parsed 68000000 input reads
2021-04-14 13:44:40,130 INFO Written out 54300000 reads
2021-04-14 13:45:09,183 INFO Written out 54400000 reads
2021-04-14 13:45:38,289 INFO Written out 54500000 reads
2021-04-14 13:46:12,350 INFO Written out 54600000 reads
2021-04-14 13:46:41,406 INFO Written out 54700000 reads
2021-04-14 13:47:16,953 INFO Written out 54800000 reads
2021-04-14 13:47:46,886 INFO Written out 54900000 reads
2021-04-14 13:48:16,818 INFO Written out 55000000 reads
2021-04-14 13:49:44,488 INFO Parsed 69000000 input reads
2021-04-14 13:49:44,620 INFO Written out 55100000 reads
2021-04-14 13:49:47,183 INFO Written out 55200000 reads
2021-04-14 13:50:01,519 INFO Written out 55300000 reads
2021-04-14 13:50:35,020 INFO Written out 55400000 reads
2021-04-14 13:51:04,860 INFO Written out 55500000 reads
2021-04-14 13:51:34,427 INFO Written out 55600000 reads
2021-04-14 13:52:03,937 INFO Written out 55700000 reads
2021-04-14 13:52:32,954 INFO Written out 55800000 reads
2021-04-14 13:53:07,932 INFO Parsed 70000000 input reads
2021-04-14 13:53:08,227 INFO Written out 55900000 reads
2021-04-14 13:53:42,864 INFO Written out 56000000 reads
2021-04-14 13:54:12,289 INFO Written out 56100000 reads
2021-04-14 13:54:46,375 INFO Written out 56200000 reads
2021-04-14 13:55:15,673 INFO Written out 56300000 reads
2021-04-14 13:55:50,073 INFO Written out 56400000 reads
2021-04-14 13:56:20,334 INFO Written out 56500000 reads
2021-04-14 13:56:50,337 INFO Written out 56600000 reads
2021-04-14 13:57:04,181 INFO Parsed 71000000 input reads
2021-04-14 13:57:12,144 INFO Written out 56700000 reads
2021-04-14 13:57:34,224 INFO Written out 56800000 reads
2021-04-14 13:57:56,043 INFO Written out 56900000 reads
2021-04-14 13:58:18,374 INFO Written out 57000000 reads
2021-04-14 13:58:44,299 INFO Written out 57100000 reads
2021-04-14 13:59:10,313 INFO Written out 57200000 reads
2021-04-14 13:59:32,632 INFO Written out 57300000 reads
2021-04-14 14:00:02,605 INFO Written out 57400000 reads
2021-04-14 14:00:20,832 INFO Parsed 72000000 input reads
2021-04-14 14:00:21,229 INFO Written out 57500000 reads
2021-04-14 14:00:47,599 INFO Written out 57600000 reads
2021-04-14 14:01:10,000 INFO Written out 57700000 reads
2021-04-14 14:01:32,801 INFO Written out 57800000 reads
2021-04-14 14:01:59,347 INFO Written out 57900000 reads
2021-04-14 14:02:26,607 INFO Written out 58000000 reads
2021-04-14 14:02:53,686 INFO Written out 58100000 reads
2021-04-14 14:03:41,511 INFO Written out 58200000 reads
2021-04-14 14:04:03,155 INFO Parsed 73000000 input reads
2021-04-14 14:04:03,527 INFO Written out 58300000 reads
2021-04-14 14:04:29,727 INFO Written out 58400000 reads
2021-04-14 14:04:52,122 INFO Written out 58500000 reads
2021-04-14 14:05:22,052 INFO Written out 58600000 reads
2021-04-14 14:05:44,672 INFO Written out 58700000 reads
2021-04-14 14:06:11,000 INFO Written out 58800000 reads
2021-04-14 14:06:33,610 INFO Written out 58900000 reads
2021-04-14 14:07:00,631 INFO Written out 59000000 reads
2021-04-14 14:07:18,988 INFO Parsed 74000000 input reads
2021-04-14 14:07:23,297 INFO Written out 59100000 reads
2021-04-14 14:07:54,330 INFO Written out 59200000 reads
2021-04-14 14:08:17,239 INFO Written out 59300000 reads
2021-04-14 14:08:40,129 INFO Written out 59400000 reads
2021-04-14 14:09:07,418 INFO Written out 59500000 reads
2021-04-14 14:09:34,340 INFO Written out 59600000 reads
2021-04-14 14:09:57,843 INFO Written out 59700000 reads
2021-04-14 14:10:20,886 INFO Written out 59800000 reads
2021-04-14 14:10:44,080 INFO Parsed 75000000 input reads
2021-04-14 14:10:48,450 INFO Written out 59900000 reads
2021-04-14 14:11:12,067 INFO Written out 60000000 reads
2021-04-14 14:11:35,528 INFO Written out 60100000 reads
2021-04-14 14:11:59,101 INFO Written out 60200000 reads
2021-04-14 14:12:22,627 INFO Written out 60300000 reads
2021-04-14 14:12:46,505 INFO Written out 60400000 reads
2021-04-14 14:13:10,457 INFO Written out 60500000 reads
2021-04-14 14:13:38,143 INFO Written out 60600000 reads
2021-04-14 14:14:06,120 INFO Parsed 76000000 input reads
2021-04-14 14:14:06,343 INFO Written out 60700000 reads
2021-04-14 14:14:55,831 INFO Written out 60800000 reads
2021-04-14 14:15:19,203 INFO Written out 60900000 reads
2021-04-14 14:15:42,214 INFO Written out 61000000 reads
2021-04-14 14:16:09,605 INFO Written out 61100000 reads
2021-04-14 14:16:32,798 INFO Written out 61200000 reads
2021-04-14 14:17:00,381 INFO Written out 61300000 reads
2021-04-14 14:17:23,865 INFO Written out 61400000 reads
2021-04-14 14:17:46,865 INFO Parsed 77000000 input reads
2021-04-14 14:17:47,189 INFO Written out 61500000 reads
2021-04-14 14:18:14,848 INFO Written out 61600000 reads
2021-04-14 14:18:42,263 INFO Written out 61700000 reads
2021-04-14 14:19:10,124 INFO Written out 61800000 reads
2021-04-14 14:19:37,705 INFO Written out 61900000 reads
2021-04-14 14:20:05,583 INFO Written out 62000000 reads
2021-04-14 14:20:25,293 INFO Written out 62100000 reads
2021-04-14 14:20:48,976 INFO Written out 62200000 reads
2021-04-14 14:21:12,566 INFO Parsed 78000000 input reads
2021-04-14 14:21:17,122 INFO Written out 62300000 reads
2021-04-14 14:21:41,363 INFO Written out 62400000 reads
2021-04-14 14:22:05,039 INFO Written out 62500000 reads
2021-04-14 14:22:29,442 INFO Written out 62600000 reads
2021-04-14 14:22:57,967 INFO Written out 62700000 reads
2021-04-14 14:25:52,062 INFO Written out 62800000 reads
2021-04-14 14:25:54,301 INFO Written out 62900000 reads
2021-04-14 14:25:56,637 INFO Written out 63000000 reads
2021-04-14 14:25:58,339 INFO Parsed 79000000 input reads
2021-04-14 14:25:58,609 INFO Written out 63100000 reads
2021-04-14 14:26:00,710 INFO Written out 63200000 reads
2021-04-14 14:26:02,720 INFO Written out 63300000 reads
2021-04-14 14:26:04,723 INFO Written out 63400000 reads
2021-04-14 14:26:09,237 INFO Written out 63500000 reads
2021-04-14 14:26:11,499 INFO Written out 63600000 reads
2021-04-14 14:26:14,257 INFO Written out 63700000 reads
2021-04-14 14:26:16,977 INFO Written out 63800000 reads
2021-04-14 14:26:19,216 INFO Parsed 80000000 input reads
2021-04-14 14:26:21,202 INFO Written out 63900000 reads
2021-04-14 14:26:25,994 INFO Written out 64000000 reads
2021-04-14 14:26:29,903 INFO Written out 64100000 reads
2021-04-14 14:26:41,517 INFO Written out 64200000 reads
2021-04-14 14:26:47,934 INFO Written out 64300000 reads
2021-04-14 14:26:52,159 INFO Written out 64400000 reads
2021-04-14 14:26:55,177 INFO Written out 64500000 reads
2021-04-14 14:27:00,685 INFO Written out 64600000 reads
2021-04-14 14:27:02,427 INFO Parsed 81000000 input reads
2021-04-14 14:27:04,489 INFO Written out 64700000 reads
2021-04-14 14:27:10,185 INFO Written out 64800000 reads
2021-04-14 14:27:13,915 INFO Written out 64900000 reads
2021-04-14 14:27:16,640 INFO Written out 65000000 reads
2021-04-14 14:27:19,552 INFO Written out 65100000 reads
2021-04-14 14:27:23,363 INFO Written out 65200000 reads
2021-04-14 14:27:26,233 INFO Written out 65300000 reads
2021-04-14 14:27:29,069 INFO Written out 65400000 reads
2021-04-14 14:27:30,185 INFO Parsed 82000000 input reads
2021-04-14 14:27:32,626 INFO Written out 65500000 reads
2021-04-14 14:27:35,215 INFO Written out 65600000 reads
2021-04-14 14:27:38,260 INFO Written out 65700000 reads
2021-04-14 14:27:41,662 INFO Written out 65800000 reads
2021-04-14 14:27:46,823 INFO Written out 65900000 reads
2021-04-14 14:27:50,115 INFO Written out 66000000 reads
2021-04-14 14:27:54,152 INFO Written out 66100000 reads
2021-04-14 14:27:56,749 INFO Written out 66200000 reads
2021-04-14 14:27:57,318 INFO Parsed 83000000 input reads
2021-04-14 14:27:58,744 INFO Written out 66300000 reads
2021-04-14 14:28:01,147 INFO Written out 66400000 reads
2021-04-14 14:28:03,237 INFO Written out 66500000 reads
2021-04-14 14:28:05,231 INFO Written out 66600000 reads
2021-04-14 14:28:07,208 INFO Written out 66700000 reads
2021-04-14 14:28:10,677 INFO Written out 66800000 reads
2021-04-14 14:28:12,889 INFO Written out 66900000 reads
2021-04-14 14:28:15,125 INFO Written out 67000000 reads
2021-04-14 14:28:15,675 INFO Parsed 84000000 input reads
2021-04-14 14:28:53,973 INFO Written out 67100000 reads
2021-04-14 14:28:59,142 INFO Written out 67200000 reads
2021-04-14 14:29:04,066 INFO Written out 67300000 reads
2021-04-14 14:29:09,047 INFO Written out 67400000 reads
2021-04-14 14:29:14,771 INFO Written out 67500000 reads
2021-04-14 14:29:20,596 INFO Written out 67600000 reads
2021-04-14 14:29:26,049 INFO Written out 67700000 reads
2021-04-14 14:29:56,610 INFO Written out 67800000 reads
2021-04-14 14:30:02,334 INFO Parsed 85000000 input reads
2021-04-14 14:30:08,779 INFO Searching for mates for 0 unmatched alignments
2021-04-14 14:34:06,383 INFO 0 mates never found
2021-04-14 14:48:50,108 INFO Reads: Input Reads: 85047789, Read pairs: 85047789, Read 2 unmapped: 5259
2021-04-14 14:48:50,118 INFO Number of reads out: 67855678
2021-04-14 14:48:50,118 INFO Total number of positions deduplicated: 55709812
2021-04-14 14:48:50,118 INFO Mean number of unique UMIs per position: 1.23
2021-04-14 14:48:50,118 INFO Max. number of unique UMIs per position: 3429
# job finished in 13406 seconds at Wed Apr 14 14:48:50 2021 -- 13125.63 219.81  0.00  0.00 -- 90ce9e76-fd15-440c-8a3d-9fb8e47c6580
