# UMI-tools version: 1.1.1
# output generated by dedup -I 03_alignedData/bam/8_KB_B3Aligned.sortedByCoord.out.bam -L 04_dedupUmis/log/8_KB_B3.log -S 04_dedupUmis/bam/8_KB_B3.bam --umi-separator=: --temp-dir=. --paired --output-stats=04_dedupUmis/log/8_KB_B3
# job started at Wed Apr 14 11:05:22 2021 on r25-n19 -- 6d792764-0dee-43f3-af4e-7dfc56d9cc38
# pid: 97687, system: Linux 3.10.0-1062.9.1.el7.x86_64 #1 SMP Mon Dec 2 08:31:54 EST 2019 x86_64
# assigned_tag                            : None
# cell_tag                                : None
# cell_tag_delim                          : None
# cell_tag_split                          : -
# chimeric_pairs                          : use
# chrom                                   : None
# compresslevel                           : 6
# detection_method                        : None
# filter_umi                              : None
# gene_tag                                : None
# gene_transcript_map                     : None
# get_umi_method                          : read_id
# ignore_tlen                             : False
# ignore_umi                              : False
# in_sam                                  : False
# log2stderr                              : False
# loglevel                                : 1
# mapping_quality                         : 0
# method                                  : directional
# no_sort_output                          : False
# out_sam                                 : False
# output_unmapped                         : False
# paired                                  : True
# per_cell                                : False
# per_contig                              : False
# per_gene                                : False
# random_seed                             : None
# read_length                             : False
# short_help                              : None
# skip_regex                              : ^(__|Unassigned)
# soft_clip_threshold                     : 4
# spliced                                 : False
# stats                                   : 04_dedupUmis/log/8_KB_B3
# stderr                                  : <_io.TextIOWrapper name='<stderr>' mode='w' encoding='UTF-8'>
# stdin                                   : <_io.TextIOWrapper name='03_alignedData/bam/8_KB_B3Aligned.sortedByCoord.out.bam' mode='r' encoding='UTF-8'>
# stdlog                                  : <_io.TextIOWrapper name='04_dedupUmis/log/8_KB_B3.log' mode='a' encoding='UTF-8'>
# stdout                                  : <_io.TextIOWrapper name='04_dedupUmis/bam/8_KB_B3.bam' mode='w' encoding='UTF-8'>
# subset                                  : None
# threshold                               : 1
# timeit_file                             : None
# timeit_header                           : None
# timeit_name                             : all
# tmpdir                                  : .
# umi_sep                                 : :
# umi_tag                                 : RX
# umi_tag_delim                           : None
# umi_tag_split                           : None
# umi_whitelist                           : None
# umi_whitelist_paired                    : None
# unmapped_reads                          : discard
# unpaired_reads                          : use
# whole_contig                            : False
2021-04-14 11:05:22,550 WARNING Chimeric read pairs are being used. Some read pair UMIs may be grouped/deduplicated using just the mapping coordinates from read1.This may also increase the run time and memory usage. Consider --chimeric-pairs==discard to discard these reads or --chimeric-pairs==output (group command only) to output them without grouping
2021-04-14 11:05:22,550 WARNING Unpaired read pairs are being used. Some read pair UMIs may be grouped/deduplicated using just the mapping coordinates from read1.This may also increase the run time and memory usage. Consider --unpared-reads==discard to discard these reads or --unpared-reads==output (group command only) to output them without grouping
2021-04-14 11:05:22,550 INFO command: dedup -I 03_alignedData/bam/8_KB_B3Aligned.sortedByCoord.out.bam -L 04_dedupUmis/log/8_KB_B3.log -S 04_dedupUmis/bam/8_KB_B3.bam --umi-separator=: --temp-dir=. --paired --output-stats=04_dedupUmis/log/8_KB_B3
2021-04-14 11:08:27,828 INFO total_umis 64930919
2021-04-14 11:08:27,829 INFO #umis 65963
2021-04-14 11:11:17,323 INFO Written out 100000 reads
2021-04-14 11:11:20,640 INFO Written out 200000 reads
2021-04-14 11:11:24,494 INFO Written out 300000 reads
2021-04-14 11:11:28,530 INFO Written out 400000 reads
2021-04-14 11:11:32,230 INFO Written out 500000 reads
2021-04-14 11:11:36,268 INFO Written out 600000 reads
2021-04-14 11:11:40,548 INFO Written out 700000 reads
2021-04-14 11:11:43,244 INFO Parsed 1000000 input reads
2021-04-14 11:11:44,656 INFO Written out 800000 reads
2021-04-14 11:11:48,998 INFO Written out 900000 reads
2021-04-14 11:11:53,373 INFO Written out 1000000 reads
2021-04-14 11:11:58,066 INFO Written out 1100000 reads
2021-04-14 11:12:02,557 INFO Written out 1200000 reads
2021-04-14 11:12:06,954 INFO Written out 1300000 reads
2021-04-14 11:12:11,555 INFO Written out 1400000 reads
2021-04-14 11:12:16,606 INFO Written out 1500000 reads
2021-04-14 11:12:18,541 INFO Parsed 2000000 input reads
2021-04-14 11:12:21,520 INFO Written out 1600000 reads
2021-04-14 11:12:26,628 INFO Written out 1700000 reads
2021-04-14 11:12:31,651 INFO Written out 1800000 reads
2021-04-14 11:12:36,632 INFO Written out 1900000 reads
2021-04-14 11:12:56,589 INFO Written out 2000000 reads
2021-04-14 11:13:01,157 INFO Written out 2100000 reads
2021-04-14 11:13:06,101 INFO Written out 2200000 reads
2021-04-14 11:13:11,240 INFO Written out 2300000 reads
2021-04-14 11:13:11,363 INFO Parsed 3000000 input reads
2021-04-14 11:13:15,768 INFO Written out 2400000 reads
2021-04-14 11:13:21,005 INFO Written out 2500000 reads
2021-04-14 11:13:26,131 INFO Written out 2600000 reads
2021-04-14 11:13:31,040 INFO Written out 2700000 reads
2021-04-14 11:13:36,998 INFO Written out 2800000 reads
2021-04-14 11:13:41,835 INFO Written out 2900000 reads
2021-04-14 11:13:46,534 INFO Written out 3000000 reads
2021-04-14 11:13:50,485 INFO Parsed 4000000 input reads
2021-04-14 11:13:52,185 INFO Written out 3100000 reads
2021-04-14 11:13:57,320 INFO Written out 3200000 reads
2021-04-14 11:14:02,652 INFO Written out 3300000 reads
2021-04-14 11:14:08,033 INFO Written out 3400000 reads
2021-04-14 11:14:13,500 INFO Written out 3500000 reads
2021-04-14 11:14:19,505 INFO Written out 3600000 reads
2021-04-14 11:14:25,788 INFO Written out 3700000 reads
2021-04-14 11:14:43,776 INFO Written out 3800000 reads
2021-04-14 11:14:45,771 INFO Parsed 5000000 input reads
2021-04-14 11:14:48,888 INFO Written out 3900000 reads
2021-04-14 11:14:54,090 INFO Written out 4000000 reads
2021-04-14 11:14:59,767 INFO Written out 4100000 reads
2021-04-14 11:15:06,295 INFO Written out 4200000 reads
2021-04-14 11:15:10,568 INFO Written out 4300000 reads
2021-04-14 11:15:16,406 INFO Written out 4400000 reads
2021-04-14 11:15:21,932 INFO Written out 4500000 reads
2021-04-14 11:15:27,605 INFO Written out 4600000 reads
2021-04-14 11:15:27,782 INFO Parsed 6000000 input reads
2021-04-14 11:15:34,560 INFO Written out 4700000 reads
2021-04-14 11:15:39,340 INFO Written out 4800000 reads
2021-04-14 11:15:45,173 INFO Written out 4900000 reads
2021-04-14 11:15:51,586 INFO Written out 5000000 reads
2021-04-14 11:15:57,942 INFO Written out 5100000 reads
2021-04-14 11:16:04,117 INFO Written out 5200000 reads
2021-04-14 11:16:09,930 INFO Written out 5300000 reads
2021-04-14 11:16:14,679 INFO Parsed 7000000 input reads
2021-04-14 11:16:16,076 INFO Written out 5400000 reads
2021-04-14 11:16:35,426 INFO Written out 5500000 reads
2021-04-14 11:16:41,572 INFO Written out 5600000 reads
2021-04-14 11:16:47,981 INFO Written out 5700000 reads
2021-04-14 11:16:53,144 INFO Written out 5800000 reads
2021-04-14 11:16:58,972 INFO Written out 5900000 reads
2021-04-14 11:17:05,279 INFO Written out 6000000 reads
2021-04-14 11:17:11,138 INFO Written out 6100000 reads
2021-04-14 11:17:14,010 INFO Parsed 8000000 input reads
2021-04-14 11:17:19,304 INFO Written out 6200000 reads
2021-04-14 11:17:22,559 INFO Written out 6300000 reads
2021-04-14 11:17:29,173 INFO Written out 6400000 reads
2021-04-14 11:17:35,329 INFO Written out 6500000 reads
2021-04-14 11:17:41,591 INFO Written out 6600000 reads
2021-04-14 11:17:48,368 INFO Written out 6700000 reads
2021-04-14 11:17:54,226 INFO Written out 6800000 reads
2021-04-14 11:18:11,703 INFO Written out 6900000 reads
2021-04-14 11:18:12,652 INFO Parsed 9000000 input reads
2021-04-14 11:18:17,705 INFO Written out 7000000 reads
2021-04-14 11:18:24,749 INFO Written out 7100000 reads
2021-04-14 11:18:31,847 INFO Written out 7200000 reads
2021-04-14 11:18:36,536 INFO Written out 7300000 reads
2021-04-14 11:18:43,703 INFO Written out 7400000 reads
2021-04-14 11:18:49,981 INFO Written out 7500000 reads
2021-04-14 11:18:56,547 INFO Written out 7600000 reads
2021-04-14 11:19:02,524 INFO Parsed 10000000 input reads
2021-04-14 11:19:03,757 INFO Written out 7700000 reads
2021-04-14 11:19:10,169 INFO Written out 7800000 reads
2021-04-14 11:19:17,238 INFO Written out 7900000 reads
2021-04-14 11:19:23,893 INFO Written out 8000000 reads
2021-04-14 11:19:31,381 INFO Written out 8100000 reads
2021-04-14 11:19:38,294 INFO Written out 8200000 reads
2021-04-14 11:19:45,315 INFO Written out 8300000 reads
2021-04-14 11:19:53,010 INFO Written out 8400000 reads
2021-04-14 11:19:56,950 INFO Parsed 11000000 input reads
2021-04-14 11:20:00,061 INFO Written out 8500000 reads
2021-04-14 11:20:19,557 INFO Written out 8600000 reads
2021-04-14 11:20:26,844 INFO Written out 8700000 reads
2021-04-14 11:20:33,566 INFO Written out 8800000 reads
2021-04-14 11:20:40,251 INFO Written out 8900000 reads
2021-04-14 11:20:47,836 INFO Written out 9000000 reads
2021-04-14 11:20:55,386 INFO Written out 9100000 reads
2021-04-14 11:21:03,542 INFO Written out 9200000 reads
2021-04-14 11:21:06,145 INFO Parsed 12000000 input reads
2021-04-14 11:21:11,624 INFO Written out 9300000 reads
2021-04-14 11:21:19,113 INFO Written out 9400000 reads
2021-04-14 11:21:26,650 INFO Written out 9500000 reads
2021-04-14 11:21:34,964 INFO Written out 9600000 reads
2021-04-14 11:21:42,641 INFO Written out 9700000 reads
2021-04-14 11:21:51,080 INFO Written out 9800000 reads
2021-04-14 11:22:02,124 INFO Written out 9900000 reads
2021-04-14 11:22:05,425 INFO Parsed 13000000 input reads
2021-04-14 11:22:06,675 INFO Written out 10000000 reads
2021-04-14 11:22:14,787 INFO Written out 10100000 reads
2021-04-14 11:22:30,486 INFO Written out 10200000 reads
2021-04-14 11:22:32,636 INFO Written out 10300000 reads
2021-04-14 11:22:34,746 INFO Written out 10400000 reads
2021-04-14 11:22:38,301 INFO Written out 10500000 reads
2021-04-14 11:22:45,818 INFO Written out 10600000 reads
2021-04-14 11:22:55,229 INFO Written out 10700000 reads
2021-04-14 11:23:17,594 INFO Parsed 14000000 input reads
2021-04-14 11:23:20,801 INFO Written out 10800000 reads
2021-04-14 11:23:28,900 INFO Written out 10900000 reads
2021-04-14 11:23:37,047 INFO Written out 11000000 reads
2021-04-14 11:23:46,003 INFO Written out 11100000 reads
2021-04-14 11:23:55,210 INFO Written out 11200000 reads
2021-04-14 11:24:02,502 INFO Written out 11300000 reads
2021-04-14 11:24:10,827 INFO Written out 11400000 reads
2021-04-14 11:24:20,153 INFO Written out 11500000 reads
2021-04-14 11:24:22,203 INFO Parsed 15000000 input reads
2021-04-14 11:24:28,618 INFO Written out 11600000 reads
2021-04-14 11:24:38,157 INFO Written out 11700000 reads
2021-04-14 11:24:46,737 INFO Written out 11800000 reads
2021-04-14 11:24:56,199 INFO Written out 11900000 reads
2021-04-14 11:25:04,925 INFO Written out 12000000 reads
2021-04-14 11:25:13,551 INFO Written out 12100000 reads
2021-04-14 11:25:23,503 INFO Written out 12200000 reads
2021-04-14 11:25:44,302 INFO Parsed 16000000 input reads
2021-04-14 11:25:44,418 INFO Written out 12300000 reads
2021-04-14 11:25:52,928 INFO Written out 12400000 reads
2021-04-14 11:26:02,456 INFO Written out 12500000 reads
2021-04-14 11:26:10,983 INFO Written out 12600000 reads
2021-04-14 11:26:19,689 INFO Written out 12700000 reads
2021-04-14 11:26:30,817 INFO Written out 12800000 reads
2021-04-14 11:26:38,339 INFO Written out 12900000 reads
2021-04-14 11:26:47,345 INFO Written out 13000000 reads
2021-04-14 11:26:52,929 INFO Parsed 17000000 input reads
2021-04-14 11:26:56,311 INFO Written out 13100000 reads
2021-04-14 11:27:06,485 INFO Written out 13200000 reads
2021-04-14 11:27:16,510 INFO Written out 13300000 reads
2021-04-14 11:27:25,637 INFO Written out 13400000 reads
2021-04-14 11:27:37,244 INFO Written out 13500000 reads
2021-04-14 11:27:45,068 INFO Written out 13600000 reads
2021-04-14 11:27:54,501 INFO Written out 13700000 reads
2021-04-14 11:28:05,036 INFO Written out 13800000 reads
2021-04-14 11:28:10,447 INFO Parsed 18000000 input reads
2021-04-14 11:28:13,294 INFO Written out 13900000 reads
2021-04-14 11:28:22,769 INFO Written out 14000000 reads
2021-04-14 11:28:32,459 INFO Written out 14100000 reads
2021-04-14 11:28:43,283 INFO Written out 14200000 reads
2021-04-14 11:29:09,837 INFO Written out 14300000 reads
2021-04-14 11:29:19,926 INFO Written out 14400000 reads
2021-04-14 11:29:27,736 INFO Written out 14500000 reads
2021-04-14 11:29:36,878 INFO Written out 14600000 reads
2021-04-14 11:29:37,046 INFO Parsed 19000000 input reads
2021-04-14 11:29:46,071 INFO Written out 14700000 reads
2021-04-14 11:29:55,305 INFO Written out 14800000 reads
2021-04-14 11:30:05,713 INFO Written out 14900000 reads
2021-04-14 11:30:15,143 INFO Written out 15000000 reads
2021-04-14 11:30:25,545 INFO Written out 15100000 reads
2021-04-14 11:30:35,002 INFO Written out 15200000 reads
2021-04-14 11:30:44,601 INFO Written out 15300000 reads
2021-04-14 11:30:52,028 INFO Parsed 20000000 input reads
2021-04-14 11:30:55,362 INFO Written out 15400000 reads
2021-04-14 11:31:05,106 INFO Written out 15500000 reads
2021-04-14 11:31:14,991 INFO Written out 15600000 reads
2021-04-14 11:31:26,097 INFO Written out 15700000 reads
2021-04-14 11:31:49,129 INFO Written out 15800000 reads
2021-04-14 11:32:00,075 INFO Written out 15900000 reads
2021-04-14 11:32:09,852 INFO Written out 16000000 reads
2021-04-14 11:32:21,005 INFO Written out 16100000 reads
2021-04-14 11:32:23,605 INFO Parsed 21000000 input reads
2021-04-14 11:32:30,879 INFO Written out 16200000 reads
2021-04-14 11:32:40,861 INFO Written out 16300000 reads
2021-04-14 11:32:52,394 INFO Written out 16400000 reads
2021-04-14 11:33:02,305 INFO Written out 16500000 reads
2021-04-14 11:33:12,414 INFO Written out 16600000 reads
2021-04-14 11:33:22,594 INFO Written out 16700000 reads
2021-04-14 11:33:32,742 INFO Written out 16800000 reads
2021-04-14 11:33:44,378 INFO Written out 16900000 reads
2021-04-14 11:33:44,725 INFO Parsed 22000000 input reads
2021-04-14 11:33:54,782 INFO Written out 17000000 reads
2021-04-14 11:34:05,316 INFO Written out 17100000 reads
2021-04-14 11:34:30,568 INFO Written out 17200000 reads
2021-04-14 11:34:40,390 INFO Written out 17300000 reads
2021-04-14 11:34:51,874 INFO Written out 17400000 reads
2021-04-14 11:35:03,565 INFO Written out 17500000 reads
2021-04-14 11:35:13,687 INFO Written out 17600000 reads
2021-04-14 11:35:21,946 INFO Parsed 23000000 input reads
2021-04-14 11:35:23,901 INFO Written out 17700000 reads
2021-04-14 11:35:34,163 INFO Written out 17800000 reads
2021-04-14 11:35:45,820 INFO Written out 17900000 reads
2021-04-14 11:35:56,317 INFO Written out 18000000 reads
2021-04-14 11:36:08,067 INFO Written out 18100000 reads
2021-04-14 11:36:18,538 INFO Written out 18200000 reads
2021-04-14 11:36:28,798 INFO Written out 18300000 reads
2021-04-14 11:36:46,729 INFO Written out 18400000 reads
2021-04-14 11:36:47,556 INFO Parsed 24000000 input reads
2021-04-14 11:36:48,865 INFO Written out 18500000 reads
2021-04-14 11:36:53,052 INFO Written out 18600000 reads
2021-04-14 11:37:06,497 INFO Written out 18700000 reads
2021-04-14 11:37:17,100 INFO Written out 18800000 reads
2021-04-14 11:37:27,624 INFO Written out 18900000 reads
2021-04-14 11:37:40,127 INFO Written out 19000000 reads
2021-04-14 11:37:50,897 INFO Written out 19100000 reads
2021-04-14 11:38:03,444 INFO Written out 19200000 reads
2021-04-14 11:38:03,665 INFO Parsed 25000000 input reads
2021-04-14 11:38:14,509 INFO Written out 19300000 reads
2021-04-14 11:38:30,539 INFO Written out 19400000 reads
2021-04-14 11:38:37,936 INFO Written out 19500000 reads
2021-04-14 11:38:47,570 INFO Written out 19600000 reads
2021-04-14 11:39:20,690 INFO Written out 19700000 reads
2021-04-14 11:39:32,656 INFO Written out 19800000 reads
2021-04-14 11:39:43,360 INFO Written out 19900000 reads
2021-04-14 11:39:51,677 INFO Parsed 26000000 input reads
2021-04-14 11:39:54,158 INFO Written out 20000000 reads
2021-04-14 11:40:06,268 INFO Written out 20100000 reads
2021-04-14 11:40:17,224 INFO Written out 20200000 reads
2021-04-14 11:40:26,744 INFO Written out 20300000 reads
2021-04-14 11:40:39,220 INFO Written out 20400000 reads
2021-04-14 11:40:50,123 INFO Written out 20500000 reads
2021-04-14 11:41:01,027 INFO Written out 20600000 reads
2021-04-14 11:41:13,541 INFO Written out 20700000 reads
2021-04-14 11:41:18,117 INFO Parsed 27000000 input reads
2021-04-14 11:41:24,678 INFO Written out 20800000 reads
2021-04-14 11:41:37,372 INFO Written out 20900000 reads
2021-04-14 11:41:48,651 INFO Written out 21000000 reads
2021-04-14 11:42:01,468 INFO Written out 21100000 reads
2021-04-14 11:42:12,907 INFO Written out 21200000 reads
2021-04-14 11:42:24,423 INFO Written out 21300000 reads
2021-04-14 11:42:35,992 INFO Written out 21400000 reads
2021-04-14 11:42:45,849 INFO Written out 21500000 reads
2021-04-14 11:42:47,855 INFO Parsed 28000000 input reads
2021-04-14 11:42:59,119 INFO Written out 21600000 reads
2021-04-14 11:43:10,896 INFO Written out 21700000 reads
2021-04-14 11:43:24,272 INFO Written out 21800000 reads
2021-04-14 11:43:54,507 INFO Written out 21900000 reads
2021-04-14 11:44:07,428 INFO Written out 22000000 reads
2021-04-14 11:44:18,887 INFO Written out 22100000 reads
2021-04-14 11:44:31,981 INFO Written out 22200000 reads
2021-04-14 11:44:41,074 INFO Parsed 29000000 input reads
2021-04-14 11:44:43,569 INFO Written out 22300000 reads
2021-04-14 11:44:55,294 INFO Written out 22400000 reads
2021-04-14 11:45:05,014 INFO Written out 22500000 reads
2021-04-14 11:45:18,396 INFO Written out 22600000 reads
2021-04-14 11:45:30,293 INFO Written out 22700000 reads
2021-04-14 11:45:43,877 INFO Written out 22800000 reads
2021-04-14 11:45:55,660 INFO Written out 22900000 reads
2021-04-14 11:46:09,315 INFO Written out 23000000 reads
2021-04-14 11:46:16,379 INFO Parsed 30000000 input reads
2021-04-14 11:46:25,427 INFO Written out 23100000 reads
2021-04-14 11:46:29,433 INFO Written out 23200000 reads
2021-04-14 11:46:43,218 INFO Written out 23300000 reads
2021-04-14 11:46:55,486 INFO Written out 23400000 reads
2021-04-14 11:47:05,850 INFO Written out 23500000 reads
2021-04-14 11:47:18,344 INFO Written out 23600000 reads
2021-04-14 11:47:34,834 INFO Written out 23700000 reads
2021-04-14 11:47:43,064 INFO Written out 23800000 reads
2021-04-14 11:47:45,536 INFO Parsed 31000000 input reads
2021-04-14 11:47:57,567 INFO Written out 23900000 reads
2021-04-14 11:48:26,627 INFO Written out 24000000 reads
2021-04-14 11:48:38,894 INFO Written out 24100000 reads
2021-04-14 11:48:52,590 INFO Written out 24200000 reads
2021-04-14 11:49:03,141 INFO Written out 24300000 reads
2021-04-14 11:49:16,960 INFO Written out 24400000 reads
2021-04-14 11:49:32,982 INFO Written out 24500000 reads
2021-04-14 11:49:40,987 INFO Parsed 32000000 input reads
2021-04-14 11:49:41,570 INFO Written out 24600000 reads
2021-04-14 11:49:55,849 INFO Written out 24700000 reads
2021-04-14 11:50:08,363 INFO Written out 24800000 reads
2021-04-14 11:50:22,659 INFO Written out 24900000 reads
2021-04-14 11:50:35,376 INFO Written out 25000000 reads
2021-04-14 11:50:48,052 INFO Written out 25100000 reads
2021-04-14 11:51:00,709 INFO Written out 25200000 reads
2021-04-14 11:51:15,287 INFO Written out 25300000 reads
2021-04-14 11:51:20,902 INFO Parsed 33000000 input reads
2021-04-14 11:51:28,181 INFO Written out 25400000 reads
2021-04-14 11:51:43,322 INFO Written out 25500000 reads
2021-04-14 11:51:54,017 INFO Written out 25600000 reads
2021-04-14 11:52:09,029 INFO Written out 25700000 reads
2021-04-14 11:52:22,250 INFO Written out 25800000 reads
2021-04-14 11:52:37,426 INFO Written out 25900000 reads
2021-04-14 11:53:09,359 INFO Written out 26000000 reads
2021-04-14 11:53:23,940 INFO Written out 26100000 reads
2021-04-14 11:53:26,376 INFO Parsed 34000000 input reads
2021-04-14 11:53:38,866 INFO Written out 26200000 reads
2021-04-14 11:53:50,171 INFO Written out 26300000 reads
2021-04-14 11:54:03,196 INFO Written out 26400000 reads
2021-04-14 11:54:17,968 INFO Written out 26500000 reads
2021-04-14 11:54:33,149 INFO Written out 26600000 reads
2021-04-14 11:54:46,257 INFO Written out 26700000 reads
2021-04-14 11:55:01,562 INFO Written out 26800000 reads
2021-04-14 11:55:12,505 INFO Parsed 35000000 input reads
2021-04-14 11:55:15,082 INFO Written out 26900000 reads
2021-04-14 11:55:28,635 INFO Written out 27000000 reads
2021-04-14 11:55:42,322 INFO Written out 27100000 reads
2021-04-14 11:56:08,899 INFO Written out 27200000 reads
2021-04-14 11:56:26,326 INFO Written out 27300000 reads
2021-04-14 11:56:39,526 INFO Written out 27400000 reads
2021-04-14 11:56:50,953 INFO Written out 27500000 reads
2021-04-14 11:57:06,667 INFO Written out 27600000 reads
2021-04-14 11:57:12,586 INFO Parsed 36000000 input reads
2021-04-14 11:57:20,284 INFO Written out 27700000 reads
2021-04-14 11:57:35,467 INFO Written out 27800000 reads
2021-04-14 11:57:48,968 INFO Written out 27900000 reads
2021-04-14 11:58:02,495 INFO Written out 28000000 reads
2021-04-14 11:58:16,157 INFO Written out 28100000 reads
2021-04-14 11:58:31,889 INFO Written out 28200000 reads
2021-04-14 11:58:47,874 INFO Written out 28300000 reads
2021-04-14 11:58:59,435 INFO Written out 28400000 reads
2021-04-14 11:59:02,353 INFO Parsed 37000000 input reads
2021-04-14 11:59:13,410 INFO Written out 28500000 reads
2021-04-14 11:59:33,833 INFO Written out 28600000 reads
2021-04-14 11:59:43,138 INFO Written out 28700000 reads
2021-04-14 11:59:54,702 INFO Written out 28800000 reads
2021-04-14 12:00:08,800 INFO Written out 28900000 reads
2021-04-14 12:00:24,974 INFO Written out 29000000 reads
2021-04-14 12:00:36,499 INFO Written out 29100000 reads
2021-04-14 12:01:05,607 INFO Parsed 38000000 input reads
2021-04-14 12:01:08,063 INFO Written out 29200000 reads
2021-04-14 12:01:21,530 INFO Written out 29300000 reads
2021-04-14 12:01:35,238 INFO Written out 29400000 reads
2021-04-14 12:01:49,014 INFO Written out 29500000 reads
2021-04-14 12:02:02,959 INFO Written out 29600000 reads
2021-04-14 12:02:18,902 INFO Written out 29700000 reads
2021-04-14 12:02:32,798 INFO Written out 29800000 reads
2021-04-14 12:02:46,878 INFO Written out 29900000 reads
2021-04-14 12:02:57,347 INFO Parsed 39000000 input reads
2021-04-14 12:03:02,990 INFO Written out 30000000 reads
2021-04-14 12:03:16,980 INFO Written out 30100000 reads
2021-04-14 12:03:30,887 INFO Written out 30200000 reads
2021-04-14 12:03:58,258 INFO Written out 30300000 reads
2021-04-14 12:04:12,104 INFO Written out 30400000 reads
2021-04-14 12:04:28,195 INFO Written out 30500000 reads
2021-04-14 12:04:41,979 INFO Written out 30600000 reads
2021-04-14 12:04:56,021 INFO Written out 30700000 reads
2021-04-14 12:04:59,044 INFO Parsed 40000000 input reads
2021-04-14 12:05:12,442 INFO Written out 30800000 reads
2021-04-14 12:05:24,073 INFO Written out 30900000 reads
2021-04-14 12:05:39,862 INFO Written out 31000000 reads
2021-04-14 12:05:53,609 INFO Written out 31100000 reads
2021-04-14 12:06:09,178 INFO Written out 31200000 reads
2021-04-14 12:06:22,731 INFO Written out 31300000 reads
2021-04-14 12:06:36,488 INFO Written out 31400000 reads
2021-04-14 12:06:50,120 INFO Parsed 41000000 input reads
2021-04-14 12:06:50,243 INFO Written out 31500000 reads
2021-04-14 12:07:08,639 INFO Written out 31600000 reads
2021-04-14 12:07:31,049 INFO Written out 31700000 reads
2021-04-14 12:07:44,616 INFO Written out 31800000 reads
2021-04-14 12:07:58,386 INFO Written out 31900000 reads
2021-04-14 12:08:14,272 INFO Written out 32000000 reads
2021-04-14 12:08:27,995 INFO Written out 32100000 reads
2021-04-14 12:08:43,950 INFO Written out 32200000 reads
2021-04-14 12:08:52,282 INFO Parsed 42000000 input reads
2021-04-14 12:08:57,839 INFO Written out 32300000 reads
2021-04-14 12:09:14,062 INFO Written out 32400000 reads
2021-04-14 12:09:27,899 INFO Written out 32500000 reads
2021-04-14 12:09:44,284 INFO Written out 32600000 reads
2021-04-14 12:09:58,140 INFO Written out 32700000 reads
2021-04-14 12:10:14,667 INFO Written out 32800000 reads
2021-04-14 12:10:28,928 INFO Written out 32900000 reads
2021-04-14 12:10:43,374 INFO Written out 33000000 reads
2021-04-14 12:10:51,210 INFO Parsed 43000000 input reads
2021-04-14 12:10:59,972 INFO Written out 33100000 reads
2021-04-14 12:11:16,869 INFO Written out 33200000 reads
2021-04-14 12:11:33,447 INFO Written out 33300000 reads
2021-04-14 12:11:48,058 INFO Written out 33400000 reads
2021-04-14 12:12:04,952 INFO Written out 33500000 reads
2021-04-14 12:12:27,377 INFO Written out 33600000 reads
2021-04-14 12:12:31,712 INFO Written out 33700000 reads
2021-04-14 12:12:46,467 INFO Written out 33800000 reads
2021-04-14 12:12:46,628 INFO Parsed 44000000 input reads
2021-04-14 12:13:01,290 INFO Written out 33900000 reads
2021-04-14 12:13:18,384 INFO Written out 34000000 reads
2021-04-14 12:13:33,182 INFO Written out 34100000 reads
2021-04-14 12:13:50,671 INFO Written out 34200000 reads
2021-04-14 12:14:08,060 INFO Written out 34300000 reads
2021-04-14 12:14:45,708 INFO Written out 34400000 reads
2021-04-14 12:14:59,912 INFO Written out 34500000 reads
2021-04-14 12:15:11,263 INFO Parsed 45000000 input reads
2021-04-14 12:15:14,576 INFO Written out 34600000 reads
2021-04-14 12:15:31,470 INFO Written out 34700000 reads
2021-04-14 12:15:46,138 INFO Written out 34800000 reads
2021-04-14 12:16:00,725 INFO Written out 34900000 reads
2021-04-14 12:16:17,752 INFO Written out 35000000 reads
2021-04-14 12:16:34,901 INFO Written out 35100000 reads
2021-04-14 12:16:49,812 INFO Written out 35200000 reads
2021-04-14 12:17:06,886 INFO Written out 35300000 reads
2021-04-14 12:17:12,604 INFO Parsed 46000000 input reads
2021-04-14 12:17:21,827 INFO Written out 35400000 reads
2021-04-14 12:17:34,583 INFO Written out 35500000 reads
2021-04-14 12:17:47,519 INFO Written out 35600000 reads
2021-04-14 12:17:58,136 INFO Written out 35700000 reads
2021-04-14 12:18:11,200 INFO Written out 35800000 reads
2021-04-14 12:18:48,802 INFO Written out 35900000 reads
2021-04-14 12:19:04,072 INFO Written out 36000000 reads
2021-04-14 12:19:06,069 INFO Parsed 47000000 input reads
2021-04-14 12:19:06,238 INFO Written out 36100000 reads
2021-04-14 12:19:19,220 INFO Written out 36200000 reads
2021-04-14 12:19:32,114 INFO Written out 36300000 reads
2021-04-14 12:19:49,931 INFO Written out 36400000 reads
2021-04-14 12:20:05,278 INFO Written out 36500000 reads
2021-04-14 12:20:22,952 INFO Written out 36600000 reads
2021-04-14 12:20:38,416 INFO Written out 36700000 reads
2021-04-14 12:20:56,218 INFO Written out 36800000 reads
2021-04-14 12:21:05,741 INFO Parsed 48000000 input reads
2021-04-14 12:21:11,832 INFO Written out 36900000 reads
2021-04-14 12:21:27,509 INFO Written out 37000000 reads
2021-04-14 12:21:45,509 INFO Written out 37100000 reads
2021-04-14 12:22:01,093 INFO Written out 37200000 reads
2021-04-14 12:22:19,010 INFO Written out 37300000 reads
2021-04-14 12:22:45,930 INFO Written out 37400000 reads
2021-04-14 12:22:48,137 INFO Written out 37500000 reads
2021-04-14 12:23:01,297 INFO Written out 37600000 reads
2021-04-14 12:23:07,333 INFO Parsed 49000000 input reads
2021-04-14 12:23:19,598 INFO Written out 37700000 reads
2021-04-14 12:23:35,472 INFO Written out 37800000 reads
2021-04-14 12:23:51,504 INFO Written out 37900000 reads
2021-04-14 12:24:09,978 INFO Written out 38000000 reads
2021-04-14 12:24:25,931 INFO Written out 38100000 reads
2021-04-14 12:24:42,015 INFO Written out 38200000 reads
2021-04-14 12:25:00,465 INFO Written out 38300000 reads
2021-04-14 12:25:16,535 INFO Parsed 50000000 input reads
2021-04-14 12:25:19,133 INFO Written out 38400000 reads
2021-04-14 12:25:35,373 INFO Written out 38500000 reads
2021-04-14 12:26:13,171 INFO Written out 38600000 reads
2021-04-14 12:26:28,699 INFO Written out 38700000 reads
2021-04-14 12:26:44,411 INFO Written out 38800000 reads
2021-04-14 12:27:00,107 INFO Written out 38900000 reads
2021-04-14 12:27:16,004 INFO Written out 39000000 reads
2021-04-14 12:27:34,362 INFO Written out 39100000 reads
2021-04-14 12:27:44,013 INFO Parsed 51000000 input reads
2021-04-14 12:27:50,253 INFO Written out 39200000 reads
2021-04-14 12:28:08,654 INFO Written out 39300000 reads
2021-04-14 12:28:24,576 INFO Written out 39400000 reads
2021-04-14 12:28:43,010 INFO Written out 39500000 reads
2021-04-14 12:28:59,331 INFO Written out 39600000 reads
2021-04-14 12:29:15,655 INFO Written out 39700000 reads
2021-04-14 12:29:34,344 INFO Written out 39800000 reads
2021-04-14 12:29:53,265 INFO Written out 39900000 reads
2021-04-14 12:29:59,892 INFO Parsed 52000000 input reads
2021-04-14 12:30:09,913 INFO Written out 40000000 reads
2021-04-14 12:30:26,538 INFO Written out 40100000 reads
2021-04-14 12:30:42,835 INFO Written out 40200000 reads
2021-04-14 12:31:04,931 INFO Written out 40300000 reads
2021-04-14 12:31:21,568 INFO Written out 40400000 reads
2021-04-14 12:32:04,637 INFO Written out 40500000 reads
2021-04-14 12:32:09,841 INFO Written out 40600000 reads
2021-04-14 12:32:25,863 INFO Written out 40700000 reads
2021-04-14 12:32:25,870 INFO Parsed 53000000 input reads
2021-04-14 12:32:44,534 INFO Written out 40800000 reads
2021-04-14 12:32:57,686 INFO Written out 40900000 reads
2021-04-14 12:33:16,868 INFO Written out 41000000 reads
2021-04-14 12:33:36,089 INFO Written out 41100000 reads
2021-04-14 12:33:52,447 INFO Written out 41200000 reads
2021-04-14 12:34:11,905 INFO Written out 41300000 reads
2021-04-14 12:34:31,092 INFO Written out 41400000 reads
2021-04-14 12:34:41,393 INFO Parsed 54000000 input reads
2021-04-14 12:34:47,744 INFO Written out 41500000 reads
2021-04-14 12:35:04,566 INFO Written out 41600000 reads
2021-04-14 12:35:24,134 INFO Written out 41700000 reads
2021-04-14 12:35:41,066 INFO Written out 41800000 reads
2021-04-14 12:36:00,595 INFO Written out 41900000 reads
2021-04-14 12:36:17,768 INFO Written out 42000000 reads
2021-04-14 12:36:37,446 INFO Written out 42100000 reads
2021-04-14 12:36:54,625 INFO Written out 42200000 reads
2021-04-14 12:37:01,373 INFO Parsed 55000000 input reads
2021-04-14 12:37:14,668 INFO Written out 42300000 reads
2021-04-14 12:37:29,149 INFO Written out 42400000 reads
2021-04-14 12:37:49,428 INFO Written out 42500000 reads
2021-04-14 12:38:07,049 INFO Written out 42600000 reads
2021-04-14 12:38:30,193 INFO Written out 42700000 reads
2021-04-14 12:39:04,156 INFO Written out 42800000 reads
2021-04-14 12:39:21,288 INFO Written out 42900000 reads
2021-04-14 12:39:38,218 INFO Written out 43000000 reads
2021-04-14 12:39:41,201 INFO Parsed 56000000 input reads
2021-04-14 12:39:58,041 INFO Written out 43100000 reads
2021-04-14 12:40:15,388 INFO Written out 43200000 reads
2021-04-14 12:40:32,704 INFO Written out 43300000 reads
2021-04-14 12:40:52,832 INFO Written out 43400000 reads
2021-04-14 12:41:13,537 INFO Written out 43500000 reads
2021-04-14 12:41:31,622 INFO Written out 43600000 reads
2021-04-14 12:41:52,785 INFO Written out 43700000 reads
2021-04-14 12:42:10,429 INFO Parsed 57000000 input reads
2021-04-14 12:42:14,182 INFO Written out 43800000 reads
2021-04-14 12:42:32,899 INFO Written out 43900000 reads
2021-04-14 12:42:54,662 INFO Written out 44000000 reads
2021-04-14 12:43:13,239 INFO Written out 44100000 reads
2021-04-14 12:43:31,686 INFO Written out 44200000 reads
2021-04-14 12:43:49,955 INFO Written out 44300000 reads
2021-04-14 12:44:07,972 INFO Written out 44400000 reads
2021-04-14 12:44:29,467 INFO Written out 44500000 reads
2021-04-14 12:44:40,245 INFO Parsed 58000000 input reads
2021-04-14 12:45:05,402 INFO Written out 44600000 reads
2021-04-14 12:45:23,270 INFO Written out 44700000 reads
2021-04-14 12:45:41,556 INFO Written out 44800000 reads
2021-04-14 12:45:59,602 INFO Written out 44900000 reads
2021-04-14 12:46:20,637 INFO Written out 45000000 reads
2021-04-14 12:46:39,131 INFO Written out 45100000 reads
2021-04-14 12:47:00,459 INFO Written out 45200000 reads
2021-04-14 12:47:18,808 INFO Written out 45300000 reads
2021-04-14 12:47:22,334 INFO Parsed 59000000 input reads
2021-04-14 12:47:40,136 INFO Written out 45400000 reads
2021-04-14 12:47:58,172 INFO Written out 45500000 reads
2021-04-14 12:48:18,897 INFO Written out 45600000 reads
2021-04-14 12:48:37,135 INFO Written out 45700000 reads
2021-04-14 12:48:55,473 INFO Written out 45800000 reads
2021-04-14 12:49:13,720 INFO Written out 45900000 reads
2021-04-14 12:49:35,160 INFO Written out 46000000 reads
2021-04-14 12:51:34,786 INFO Parsed 60000000 input reads
2021-04-14 12:51:35,233 INFO Written out 46100000 reads
2021-04-14 12:51:37,468 INFO Written out 46200000 reads
2021-04-14 12:51:39,443 INFO Written out 46300000 reads
2021-04-14 12:51:41,444 INFO Written out 46400000 reads
2021-04-14 12:51:43,417 INFO Written out 46500000 reads
2021-04-14 12:51:46,376 INFO Written out 46600000 reads
2021-04-14 12:51:48,445 INFO Written out 46700000 reads
2021-04-14 12:51:50,803 INFO Written out 46800000 reads
2021-04-14 12:51:52,008 INFO Parsed 61000000 input reads
2021-04-14 12:51:54,180 INFO Written out 46900000 reads
2021-04-14 12:51:57,826 INFO Written out 47000000 reads
2021-04-14 12:52:01,074 INFO Written out 47100000 reads
2021-04-14 12:52:05,333 INFO Written out 47200000 reads
2021-04-14 12:52:08,571 INFO Written out 47300000 reads
2021-04-14 12:52:12,634 INFO Written out 47400000 reads
2021-04-14 12:52:16,483 INFO Written out 47500000 reads
2021-04-14 12:52:20,530 INFO Written out 47600000 reads
2021-04-14 12:52:20,572 INFO Parsed 62000000 input reads
2021-04-14 12:52:23,614 INFO Written out 47700000 reads
2021-04-14 12:52:26,174 INFO Written out 47800000 reads
2021-04-14 12:52:29,348 INFO Written out 47900000 reads
2021-04-14 12:52:31,859 INFO Written out 48000000 reads
2021-04-14 12:52:34,712 INFO Written out 48100000 reads
2021-04-14 12:52:37,153 INFO Written out 48200000 reads
2021-04-14 12:52:39,561 INFO Written out 48300000 reads
2021-04-14 12:52:42,653 INFO Parsed 63000000 input reads
2021-04-14 12:52:44,028 INFO Written out 48400000 reads
2021-04-14 12:52:47,016 INFO Written out 48500000 reads
2021-04-14 12:52:50,628 INFO Written out 48600000 reads
2021-04-14 12:52:52,726 INFO Written out 48700000 reads
2021-04-14 12:52:55,000 INFO Written out 48800000 reads
2021-04-14 12:52:57,092 INFO Written out 48900000 reads
2021-04-14 12:52:59,055 INFO Written out 49000000 reads
2021-04-14 12:53:01,695 INFO Written out 49100000 reads
2021-04-14 12:53:02,461 INFO Parsed 64000000 input reads
2021-04-14 12:53:03,777 INFO Written out 49200000 reads
2021-04-14 12:53:05,869 INFO Written out 49300000 reads
2021-04-14 12:53:52,052 INFO Written out 49400000 reads
2021-04-14 12:54:13,349 INFO Written out 49500000 reads
2021-04-14 12:54:38,429 INFO Written out 49600000 reads
2021-04-14 12:55:00,848 INFO Written out 49700000 reads
2021-04-14 12:55:21,336 INFO Written out 49800000 reads
2021-04-14 12:55:34,344 INFO Searching for mates for 0 unmatched alignments
2021-04-14 12:58:26,597 INFO 0 mates never found
2021-04-14 13:09:43,288 INFO Reads: Input Reads: 64930919, Read pairs: 64930919, Read 2 unmapped: 3739
2021-04-14 13:09:43,289 INFO Number of reads out: 49848697
2021-04-14 13:09:43,289 INFO Total number of positions deduplicated: 41755024
2021-04-14 13:09:43,289 INFO Mean number of unique UMIs per position: 1.20
2021-04-14 13:09:43,289 INFO Max. number of unique UMIs per position: 1984
# job finished in 7460 seconds at Wed Apr 14 13:09:43 2021 -- 7320.86 117.78  0.00  0.00 -- 6d792764-0dee-43f3-af4e-7dfc56d9cc38
