# UMI-tools version: 1.1.1
# output generated by dedup -I 03_alignedData/bam/9_KB_B5Aligned.sortedByCoord.out.bam -L 04_dedupUmis/log/9_KB_B5.log -S 04_dedupUmis/bam/9_KB_B5.bam --umi-separator=: --temp-dir=. --paired --output-stats=04_dedupUmis/log/9_KB_B5
# job started at Wed Apr 14 11:09:11 2021 on r25-n4 -- 60a64b1d-e051-4976-b43d-0a355fb9e922
# pid: 297484, system: Linux 3.10.0-1062.9.1.el7.x86_64 #1 SMP Mon Dec 2 08:31:54 EST 2019 x86_64
# assigned_tag                            : None
# cell_tag                                : None
# cell_tag_delim                          : None
# cell_tag_split                          : -
# chimeric_pairs                          : use
# chrom                                   : None
# compresslevel                           : 6
# detection_method                        : None
# filter_umi                              : None
# gene_tag                                : None
# gene_transcript_map                     : None
# get_umi_method                          : read_id
# ignore_tlen                             : False
# ignore_umi                              : False
# in_sam                                  : False
# log2stderr                              : False
# loglevel                                : 1
# mapping_quality                         : 0
# method                                  : directional
# no_sort_output                          : False
# out_sam                                 : False
# output_unmapped                         : False
# paired                                  : True
# per_cell                                : False
# per_contig                              : False
# per_gene                                : False
# random_seed                             : None
# read_length                             : False
# short_help                              : None
# skip_regex                              : ^(__|Unassigned)
# soft_clip_threshold                     : 4
# spliced                                 : False
# stats                                   : 04_dedupUmis/log/9_KB_B5
# stderr                                  : <_io.TextIOWrapper name='<stderr>' mode='w' encoding='UTF-8'>
# stdin                                   : <_io.TextIOWrapper name='03_alignedData/bam/9_KB_B5Aligned.sortedByCoord.out.bam' mode='r' encoding='UTF-8'>
# stdlog                                  : <_io.TextIOWrapper name='04_dedupUmis/log/9_KB_B5.log' mode='a' encoding='UTF-8'>
# stdout                                  : <_io.TextIOWrapper name='04_dedupUmis/bam/9_KB_B5.bam' mode='w' encoding='UTF-8'>
# subset                                  : None
# threshold                               : 1
# timeit_file                             : None
# timeit_header                           : None
# timeit_name                             : all
# tmpdir                                  : .
# umi_sep                                 : :
# umi_tag                                 : RX
# umi_tag_delim                           : None
# umi_tag_split                           : None
# umi_whitelist                           : None
# umi_whitelist_paired                    : None
# unmapped_reads                          : discard
# unpaired_reads                          : use
# whole_contig                            : False
2021-04-14 11:09:11,849 WARNING Chimeric read pairs are being used. Some read pair UMIs may be grouped/deduplicated using just the mapping coordinates from read1.This may also increase the run time and memory usage. Consider --chimeric-pairs==discard to discard these reads or --chimeric-pairs==output (group command only) to output them without grouping
2021-04-14 11:09:11,849 WARNING Unpaired read pairs are being used. Some read pair UMIs may be grouped/deduplicated using just the mapping coordinates from read1.This may also increase the run time and memory usage. Consider --unpared-reads==discard to discard these reads or --unpared-reads==output (group command only) to output them without grouping
2021-04-14 11:09:11,850 INFO command: dedup -I 03_alignedData/bam/9_KB_B5Aligned.sortedByCoord.out.bam -L 04_dedupUmis/log/9_KB_B5.log -S 04_dedupUmis/bam/9_KB_B5.bam --umi-separator=: --temp-dir=. --paired --output-stats=04_dedupUmis/log/9_KB_B5
2021-04-14 11:14:07,716 INFO total_umis 90515931
2021-04-14 11:14:07,727 INFO #umis 66112
2021-04-14 11:17:37,727 INFO Written out 100000 reads
2021-04-14 11:17:40,848 INFO Written out 200000 reads
2021-04-14 11:17:44,350 INFO Written out 300000 reads
2021-04-14 11:17:47,862 INFO Written out 400000 reads
2021-04-14 11:17:51,442 INFO Written out 500000 reads
2021-04-14 11:17:55,083 INFO Written out 600000 reads
2021-04-14 11:17:58,599 INFO Written out 700000 reads
2021-04-14 11:18:02,264 INFO Written out 800000 reads
2021-04-14 11:18:02,740 INFO Parsed 1000000 input reads
2021-04-14 11:18:06,185 INFO Written out 900000 reads
2021-04-14 11:18:10,069 INFO Written out 1000000 reads
2021-04-14 11:18:14,108 INFO Written out 1100000 reads
2021-04-14 11:18:17,972 INFO Written out 1200000 reads
2021-04-14 11:18:21,952 INFO Written out 1300000 reads
2021-04-14 11:18:26,019 INFO Written out 1400000 reads
2021-04-14 11:18:30,617 INFO Written out 1500000 reads
2021-04-14 11:18:34,878 INFO Written out 1600000 reads
2021-04-14 11:18:35,704 INFO Parsed 2000000 input reads
2021-04-14 11:18:40,123 INFO Written out 1700000 reads
2021-04-14 11:18:43,684 INFO Written out 1800000 reads
2021-04-14 11:18:48,425 INFO Written out 1900000 reads
2021-04-14 11:18:52,553 INFO Written out 2000000 reads
2021-04-14 11:18:57,455 INFO Written out 2100000 reads
2021-04-14 11:19:02,322 INFO Written out 2200000 reads
2021-04-14 11:19:06,956 INFO Written out 2300000 reads
2021-04-14 11:19:11,879 INFO Written out 2400000 reads
2021-04-14 11:19:13,218 INFO Parsed 3000000 input reads
2021-04-14 11:19:16,592 INFO Written out 2500000 reads
2021-04-14 11:19:21,360 INFO Written out 2600000 reads
2021-04-14 11:19:26,536 INFO Written out 2700000 reads
2021-04-14 11:19:31,336 INFO Written out 2800000 reads
2021-04-14 11:19:55,941 INFO Written out 2900000 reads
2021-04-14 11:20:00,788 INFO Written out 3000000 reads
2021-04-14 11:20:05,302 INFO Written out 3100000 reads
2021-04-14 11:20:09,981 INFO Written out 3200000 reads
2021-04-14 11:20:11,835 INFO Parsed 4000000 input reads
2021-04-14 11:20:15,025 INFO Written out 3300000 reads
2021-04-14 11:20:19,769 INFO Written out 3400000 reads
2021-04-14 11:20:24,639 INFO Written out 3500000 reads
2021-04-14 11:20:29,911 INFO Written out 3600000 reads
2021-04-14 11:20:34,894 INFO Written out 3700000 reads
2021-04-14 11:20:41,127 INFO Written out 3800000 reads
2021-04-14 11:20:45,309 INFO Written out 3900000 reads
2021-04-14 11:20:50,854 INFO Written out 4000000 reads
2021-04-14 11:20:53,196 INFO Parsed 5000000 input reads
2021-04-14 11:20:58,468 INFO Written out 4100000 reads
2021-04-14 11:21:01,192 INFO Written out 4200000 reads
2021-04-14 11:21:06,857 INFO Written out 4300000 reads
2021-04-14 11:21:12,136 INFO Written out 4400000 reads
2021-04-14 11:21:18,053 INFO Written out 4500000 reads
2021-04-14 11:21:23,517 INFO Written out 4600000 reads
2021-04-14 11:21:28,928 INFO Written out 4700000 reads
2021-04-14 11:21:34,470 INFO Written out 4800000 reads
2021-04-14 11:21:38,233 INFO Parsed 6000000 input reads
2021-04-14 11:21:40,551 INFO Written out 4900000 reads
2021-04-14 11:21:46,139 INFO Written out 5000000 reads
2021-04-14 11:21:51,855 INFO Written out 5100000 reads
2021-04-14 11:21:57,648 INFO Written out 5200000 reads
2021-04-14 11:22:04,121 INFO Written out 5300000 reads
2021-04-14 11:22:11,860 INFO Written out 5400000 reads
2021-04-14 11:22:15,298 INFO Written out 5500000 reads
2021-04-14 11:22:39,495 INFO Written out 5600000 reads
2021-04-14 11:22:42,640 INFO Parsed 7000000 input reads
2021-04-14 11:22:44,791 INFO Written out 5700000 reads
2021-04-14 11:22:50,083 INFO Written out 5800000 reads
2021-04-14 11:22:55,512 INFO Written out 5900000 reads
2021-04-14 11:23:01,561 INFO Written out 6000000 reads
2021-04-14 11:23:07,120 INFO Written out 6100000 reads
2021-04-14 11:23:14,766 INFO Written out 6200000 reads
2021-04-14 11:23:18,978 INFO Written out 6300000 reads
2021-04-14 11:23:24,778 INFO Written out 6400000 reads
2021-04-14 11:23:29,476 INFO Parsed 8000000 input reads
2021-04-14 11:23:30,630 INFO Written out 6500000 reads
2021-04-14 11:23:36,568 INFO Written out 6600000 reads
2021-04-14 11:23:43,115 INFO Written out 6700000 reads
2021-04-14 11:23:49,106 INFO Written out 6800000 reads
2021-04-14 11:23:55,771 INFO Written out 6900000 reads
2021-04-14 11:24:01,096 INFO Written out 7000000 reads
2021-04-14 11:24:07,993 INFO Written out 7100000 reads
2021-04-14 11:24:14,189 INFO Written out 7200000 reads
2021-04-14 11:24:19,911 INFO Parsed 9000000 input reads
2021-04-14 11:24:21,805 INFO Written out 7300000 reads
2021-04-14 11:24:28,097 INFO Written out 7400000 reads
2021-04-14 11:24:34,486 INFO Written out 7500000 reads
2021-04-14 11:24:41,564 INFO Written out 7600000 reads
2021-04-14 11:24:48,664 INFO Written out 7700000 reads
2021-04-14 11:24:55,316 INFO Written out 7800000 reads
2021-04-14 11:25:02,573 INFO Written out 7900000 reads
2021-04-14 11:25:09,090 INFO Written out 8000000 reads
2021-04-14 11:25:15,513 INFO Parsed 10000000 input reads
2021-04-14 11:25:33,847 INFO Written out 8100000 reads
2021-04-14 11:25:39,824 INFO Written out 8200000 reads
2021-04-14 11:25:46,611 INFO Written out 8300000 reads
2021-04-14 11:25:53,430 INFO Written out 8400000 reads
2021-04-14 11:26:00,399 INFO Written out 8500000 reads
2021-04-14 11:26:06,683 INFO Written out 8600000 reads
2021-04-14 11:26:13,094 INFO Written out 8700000 reads
2021-04-14 11:26:19,611 INFO Written out 8800000 reads
2021-04-14 11:26:26,734 INFO Written out 8900000 reads
2021-04-14 11:26:26,824 INFO Parsed 11000000 input reads
2021-04-14 11:26:34,167 INFO Written out 9000000 reads
2021-04-14 11:26:40,611 INFO Written out 9100000 reads
2021-04-14 11:26:47,150 INFO Written out 9200000 reads
2021-04-14 11:26:53,975 INFO Written out 9300000 reads
2021-04-14 11:26:59,695 INFO Written out 9400000 reads
2021-04-14 11:27:07,235 INFO Written out 9500000 reads
2021-04-14 11:27:14,165 INFO Written out 9600000 reads
2021-04-14 11:27:21,770 INFO Written out 9700000 reads
2021-04-14 11:27:22,202 INFO Parsed 12000000 input reads
2021-04-14 11:27:28,699 INFO Written out 9800000 reads
2021-04-14 11:27:35,773 INFO Written out 9900000 reads
2021-04-14 11:27:43,641 INFO Written out 10000000 reads
2021-04-14 11:27:50,817 INFO Written out 10100000 reads
2021-04-14 11:28:13,215 INFO Written out 10200000 reads
2021-04-14 11:28:22,553 INFO Written out 10300000 reads
2021-04-14 11:28:26,520 INFO Written out 10400000 reads
2021-04-14 11:28:34,143 INFO Written out 10500000 reads
2021-04-14 11:28:35,699 INFO Parsed 13000000 input reads
2021-04-14 11:28:41,059 INFO Written out 10600000 reads
2021-04-14 11:28:48,784 INFO Written out 10700000 reads
2021-04-14 11:28:55,824 INFO Written out 10800000 reads
2021-04-14 11:29:01,240 INFO Written out 10900000 reads
2021-04-14 11:29:08,383 INFO Written out 11000000 reads
2021-04-14 11:29:16,355 INFO Written out 11100000 reads
2021-04-14 11:29:23,584 INFO Written out 11200000 reads
2021-04-14 11:29:30,885 INFO Written out 11300000 reads
2021-04-14 11:29:33,578 INFO Parsed 14000000 input reads
2021-04-14 11:29:39,099 INFO Written out 11400000 reads
2021-04-14 11:29:47,287 INFO Written out 11500000 reads
2021-04-14 11:29:55,594 INFO Written out 11600000 reads
2021-04-14 11:30:03,082 INFO Written out 11700000 reads
2021-04-14 11:30:12,848 INFO Written out 11800000 reads
2021-04-14 11:30:18,005 INFO Written out 11900000 reads
2021-04-14 11:30:26,548 INFO Written out 12000000 reads
2021-04-14 11:30:35,191 INFO Written out 12100000 reads
2021-04-14 11:30:38,296 INFO Parsed 15000000 input reads
2021-04-14 11:30:42,805 INFO Written out 12200000 reads
2021-04-14 11:30:50,632 INFO Written out 12300000 reads
2021-04-14 11:30:59,622 INFO Written out 12400000 reads
2021-04-14 11:31:07,390 INFO Written out 12500000 reads
2021-04-14 11:31:15,501 INFO Written out 12600000 reads
2021-04-14 11:31:40,803 INFO Written out 12700000 reads
2021-04-14 11:31:49,118 INFO Written out 12800000 reads
2021-04-14 11:31:56,525 INFO Written out 12900000 reads
2021-04-14 11:32:00,932 INFO Parsed 16000000 input reads
2021-04-14 11:32:05,025 INFO Written out 13000000 reads
2021-04-14 11:32:12,642 INFO Written out 13100000 reads
2021-04-14 11:32:20,106 INFO Written out 13200000 reads
2021-04-14 11:32:27,798 INFO Written out 13300000 reads
2021-04-14 11:32:35,580 INFO Written out 13400000 reads
2021-04-14 11:32:44,307 INFO Written out 13500000 reads
2021-04-14 11:32:52,993 INFO Written out 13600000 reads
2021-04-14 11:33:02,880 INFO Written out 13700000 reads
2021-04-14 11:33:05,369 INFO Parsed 17000000 input reads
2021-04-14 11:33:08,240 INFO Written out 13800000 reads
2021-04-14 11:33:16,846 INFO Written out 13900000 reads
2021-04-14 11:33:24,608 INFO Written out 14000000 reads
2021-04-14 11:33:33,459 INFO Written out 14100000 reads
2021-04-14 11:33:42,422 INFO Written out 14200000 reads
2021-04-14 11:33:50,371 INFO Written out 14300000 reads
2021-04-14 11:33:58,384 INFO Written out 14400000 reads
2021-04-14 11:34:07,427 INFO Written out 14500000 reads
2021-04-14 11:34:12,730 INFO Parsed 18000000 input reads
2021-04-14 11:34:16,716 INFO Written out 14600000 reads
2021-04-14 11:34:27,606 INFO Written out 14700000 reads
2021-04-14 11:34:30,791 INFO Written out 14800000 reads
2021-04-14 11:34:40,059 INFO Written out 14900000 reads
2021-04-14 11:34:48,457 INFO Written out 15000000 reads
2021-04-14 11:35:03,119 INFO Written out 15100000 reads
2021-04-14 11:35:04,791 INFO Written out 15200000 reads
2021-04-14 11:35:06,811 INFO Written out 15300000 reads
2021-04-14 11:35:12,978 INFO Parsed 19000000 input reads
2021-04-14 11:35:14,416 INFO Written out 15400000 reads
2021-04-14 11:35:23,154 INFO Written out 15500000 reads
2021-04-14 11:35:37,808 INFO Written out 15600000 reads
2021-04-14 11:35:39,716 INFO Written out 15700000 reads
2021-04-14 11:36:09,400 INFO Written out 15800000 reads
2021-04-14 11:36:17,795 INFO Written out 15900000 reads
2021-04-14 11:36:27,281 INFO Written out 16000000 reads
2021-04-14 11:36:35,867 INFO Written out 16100000 reads
2021-04-14 11:36:44,218 INFO Parsed 20000000 input reads
2021-04-14 11:36:44,317 INFO Written out 16200000 reads
2021-04-14 11:36:55,374 INFO Written out 16300000 reads
2021-04-14 11:37:04,051 INFO Written out 16400000 reads
2021-04-14 11:37:11,429 INFO Written out 16500000 reads
2021-04-14 11:37:21,708 INFO Written out 16600000 reads
2021-04-14 11:37:30,973 INFO Written out 16700000 reads
2021-04-14 11:37:41,898 INFO Written out 16800000 reads
2021-04-14 11:37:51,149 INFO Written out 16900000 reads
2021-04-14 11:38:01,737 INFO Written out 17000000 reads
2021-04-14 11:38:03,257 INFO Parsed 21000000 input reads
2021-04-14 11:38:12,438 INFO Written out 17100000 reads
2021-04-14 11:38:21,932 INFO Written out 17200000 reads
2021-04-14 11:38:32,771 INFO Written out 17300000 reads
2021-04-14 11:38:43,724 INFO Written out 17400000 reads
2021-04-14 11:38:51,919 INFO Written out 17500000 reads
2021-04-14 11:39:01,493 INFO Written out 17600000 reads
2021-04-14 11:39:11,204 INFO Written out 17700000 reads
2021-04-14 11:39:22,431 INFO Written out 17800000 reads
2021-04-14 11:39:25,730 INFO Parsed 22000000 input reads
2021-04-14 11:39:33,670 INFO Written out 17900000 reads
2021-04-14 11:39:58,914 INFO Written out 18000000 reads
2021-04-14 11:40:09,277 INFO Written out 18100000 reads
2021-04-14 11:40:18,173 INFO Written out 18200000 reads
2021-04-14 11:40:27,395 INFO Written out 18300000 reads
2021-04-14 11:40:38,448 INFO Written out 18400000 reads
2021-04-14 11:40:48,057 INFO Written out 18500000 reads
2021-04-14 11:40:57,935 INFO Written out 18600000 reads
2021-04-14 11:41:01,709 INFO Parsed 23000000 input reads
2021-04-14 11:41:07,865 INFO Written out 18700000 reads
2021-04-14 11:41:19,268 INFO Written out 18800000 reads
2021-04-14 11:41:29,460 INFO Written out 18900000 reads
2021-04-14 11:41:39,894 INFO Written out 19000000 reads
2021-04-14 11:41:51,650 INFO Written out 19100000 reads
2021-04-14 11:42:01,860 INFO Written out 19200000 reads
2021-04-14 11:42:13,661 INFO Written out 19300000 reads
2021-04-14 11:42:24,140 INFO Written out 19400000 reads
2021-04-14 11:42:29,681 INFO Parsed 24000000 input reads
2021-04-14 11:42:37,456 INFO Written out 19500000 reads
2021-04-14 11:42:47,964 INFO Written out 19600000 reads
2021-04-14 11:43:00,101 INFO Written out 19700000 reads
2021-04-14 11:43:10,723 INFO Written out 19800000 reads
2021-04-14 11:43:21,149 INFO Written out 19900000 reads
2021-04-14 11:43:33,349 INFO Written out 20000000 reads
2021-04-14 11:43:44,252 INFO Written out 20100000 reads
2021-04-14 11:43:55,861 INFO Written out 20200000 reads
2021-04-14 11:44:02,541 INFO Parsed 25000000 input reads
2021-04-14 11:44:09,301 INFO Written out 20300000 reads
2021-04-14 11:44:21,238 INFO Written out 20400000 reads
2021-04-14 11:44:33,121 INFO Written out 20500000 reads
2021-04-14 11:44:41,025 INFO Written out 20600000 reads
2021-04-14 11:44:54,366 INFO Written out 20700000 reads
2021-04-14 11:45:05,983 INFO Written out 20800000 reads
2021-04-14 11:45:17,390 INFO Written out 20900000 reads
2021-04-14 11:45:52,094 INFO Written out 21000000 reads
2021-04-14 11:45:59,983 INFO Parsed 26000000 input reads
2021-04-14 11:46:04,067 INFO Written out 21100000 reads
2021-04-14 11:46:16,188 INFO Written out 21200000 reads
2021-04-14 11:46:28,646 INFO Written out 21300000 reads
2021-04-14 11:46:35,797 INFO Written out 21400000 reads
2021-04-14 11:46:46,624 INFO Written out 21500000 reads
2021-04-14 11:46:58,861 INFO Written out 21600000 reads
2021-04-14 11:47:09,854 INFO Written out 21700000 reads
2021-04-14 11:47:20,617 INFO Written out 21800000 reads
2021-04-14 11:47:29,150 INFO Parsed 27000000 input reads
2021-04-14 11:47:33,246 INFO Written out 21900000 reads
2021-04-14 11:47:45,991 INFO Written out 22000000 reads
2021-04-14 11:47:57,140 INFO Written out 22100000 reads
2021-04-14 11:48:09,834 INFO Written out 22200000 reads
2021-04-14 11:48:21,319 INFO Written out 22300000 reads
2021-04-14 11:48:32,517 INFO Written out 22400000 reads
2021-04-14 11:48:45,432 INFO Written out 22500000 reads
2021-04-14 11:48:58,667 INFO Written out 22600000 reads
2021-04-14 11:49:07,769 INFO Parsed 28000000 input reads
2021-04-14 11:49:10,024 INFO Written out 22700000 reads
2021-04-14 11:49:21,592 INFO Written out 22800000 reads
2021-04-14 11:49:35,107 INFO Written out 22900000 reads
2021-04-14 11:49:46,804 INFO Written out 23000000 reads
2021-04-14 11:50:00,492 INFO Written out 23100000 reads
2021-04-14 11:50:12,729 INFO Written out 23200000 reads
2021-04-14 11:50:44,053 INFO Written out 23300000 reads
2021-04-14 11:50:55,291 INFO Written out 23400000 reads
2021-04-14 11:51:06,179 INFO Parsed 29000000 input reads
2021-04-14 11:51:06,712 INFO Written out 23500000 reads
2021-04-14 11:51:19,538 INFO Written out 23600000 reads
2021-04-14 11:51:30,809 INFO Written out 23700000 reads
2021-04-14 11:51:44,083 INFO Written out 23800000 reads
2021-04-14 11:51:57,024 INFO Written out 23900000 reads
2021-04-14 11:52:08,478 INFO Written out 24000000 reads
2021-04-14 11:52:21,845 INFO Written out 24100000 reads
2021-04-14 11:52:33,507 INFO Written out 24200000 reads
2021-04-14 11:52:44,993 INFO Parsed 30000000 input reads
2021-04-14 11:52:45,258 INFO Written out 24300000 reads
2021-04-14 11:52:58,803 INFO Written out 24400000 reads
2021-04-14 11:53:10,245 INFO Written out 24500000 reads
2021-04-14 11:53:21,970 INFO Written out 24600000 reads
2021-04-14 11:53:35,890 INFO Written out 24700000 reads
2021-04-14 11:53:48,123 INFO Written out 24800000 reads
2021-04-14 11:54:01,919 INFO Written out 24900000 reads
2021-04-14 11:54:13,946 INFO Written out 25000000 reads
2021-04-14 11:54:29,904 INFO Written out 25100000 reads
2021-04-14 11:54:30,004 INFO Parsed 31000000 input reads
2021-04-14 11:54:40,315 INFO Written out 25200000 reads
2021-04-14 11:55:11,177 INFO Written out 25300000 reads
2021-04-14 11:55:24,292 INFO Written out 25400000 reads
2021-04-14 11:55:37,978 INFO Written out 25500000 reads
2021-04-14 11:55:49,736 INFO Written out 25600000 reads
2021-04-14 11:56:01,711 INFO Written out 25700000 reads
2021-04-14 11:56:19,093 INFO Written out 25800000 reads
2021-04-14 11:56:26,889 INFO Written out 25900000 reads
2021-04-14 11:56:27,371 INFO Parsed 32000000 input reads
2021-04-14 11:56:38,716 INFO Written out 26000000 reads
2021-04-14 11:56:48,719 INFO Written out 26100000 reads
2021-04-14 11:57:02,353 INFO Written out 26200000 reads
2021-04-14 11:57:14,119 INFO Written out 26300000 reads
2021-04-14 11:57:31,381 INFO Written out 26400000 reads
2021-04-14 11:57:41,456 INFO Written out 26500000 reads
2021-04-14 11:57:53,987 INFO Written out 26600000 reads
2021-04-14 11:58:05,944 INFO Written out 26700000 reads
2021-04-14 11:58:08,513 INFO Parsed 33000000 input reads
2021-04-14 11:58:19,965 INFO Written out 26800000 reads
2021-04-14 11:58:32,418 INFO Written out 26900000 reads
2021-04-14 11:59:05,408 INFO Written out 27000000 reads
2021-04-14 11:59:07,941 INFO Written out 27100000 reads
2021-04-14 11:59:10,247 INFO Written out 27200000 reads
2021-04-14 11:59:12,542 INFO Written out 27300000 reads
2021-04-14 11:59:14,733 INFO Written out 27400000 reads
2021-04-14 11:59:21,747 INFO Written out 27500000 reads
2021-04-14 11:59:24,008 INFO Parsed 34000000 input reads
2021-04-14 11:59:36,505 INFO Written out 27600000 reads
2021-04-14 11:59:53,341 INFO Written out 27700000 reads
2021-04-14 12:00:10,733 INFO Written out 27800000 reads
2021-04-14 12:00:15,303 INFO Written out 27900000 reads
2021-04-14 12:00:30,148 INFO Written out 28000000 reads
2021-04-14 12:00:45,404 INFO Written out 28100000 reads
2021-04-14 12:00:59,005 INFO Written out 28200000 reads
2021-04-14 12:01:14,709 INFO Written out 28300000 reads
2021-04-14 12:01:17,549 INFO Parsed 35000000 input reads
2021-04-14 12:01:28,460 INFO Written out 28400000 reads
2021-04-14 12:01:44,473 INFO Written out 28500000 reads
2021-04-14 12:01:58,279 INFO Written out 28600000 reads
2021-04-14 12:02:11,994 INFO Written out 28700000 reads
2021-04-14 12:02:21,933 INFO Written out 28800000 reads
2021-04-14 12:02:38,007 INFO Written out 28900000 reads
2021-04-14 12:03:24,400 INFO Written out 29000000 reads
2021-04-14 12:03:37,084 INFO Written out 29100000 reads
2021-04-14 12:03:41,905 INFO Parsed 36000000 input reads
2021-04-14 12:03:51,785 INFO Written out 29200000 reads
2021-04-14 12:04:04,950 INFO Written out 29300000 reads
2021-04-14 12:04:18,459 INFO Written out 29400000 reads
2021-04-14 12:04:33,688 INFO Written out 29500000 reads
2021-04-14 12:04:46,713 INFO Written out 29600000 reads
2021-04-14 12:05:01,865 INFO Written out 29700000 reads
2021-04-14 12:05:22,260 INFO Written out 29800000 reads
2021-04-14 12:05:26,841 INFO Written out 29900000 reads
2021-04-14 12:05:34,393 INFO Parsed 37000000 input reads
2021-04-14 12:05:42,216 INFO Written out 30000000 reads
2021-04-14 12:05:57,469 INFO Written out 30100000 reads
2021-04-14 12:06:10,903 INFO Written out 30200000 reads
2021-04-14 12:06:24,614 INFO Written out 30300000 reads
2021-04-14 12:06:40,507 INFO Written out 30400000 reads
2021-04-14 12:06:54,055 INFO Written out 30500000 reads
2021-04-14 12:07:09,721 INFO Written out 30600000 reads
2021-04-14 12:07:25,800 INFO Written out 30700000 reads
2021-04-14 12:07:31,907 INFO Parsed 38000000 input reads
2021-04-14 12:07:39,913 INFO Written out 30800000 reads
2021-04-14 12:07:56,154 INFO Written out 30900000 reads
2021-04-14 12:08:12,368 INFO Written out 31000000 reads
2021-04-14 12:08:26,795 INFO Written out 31100000 reads
2021-04-14 12:08:43,110 INFO Written out 31200000 reads
2021-04-14 12:09:07,830 INFO Written out 31300000 reads
2021-04-14 12:09:09,842 INFO Written out 31400000 reads
2021-04-14 12:09:17,213 INFO Written out 31500000 reads
2021-04-14 12:09:30,952 INFO Parsed 39000000 input reads
2021-04-14 12:09:31,822 INFO Written out 31600000 reads
2021-04-14 12:09:48,900 INFO Written out 31700000 reads
2021-04-14 12:10:05,919 INFO Written out 31800000 reads
2021-04-14 12:10:20,578 INFO Written out 31900000 reads
2021-04-14 12:10:37,741 INFO Written out 32000000 reads
2021-04-14 12:10:52,549 INFO Written out 32100000 reads
2021-04-14 12:11:09,939 INFO Written out 32200000 reads
2021-04-14 12:11:24,838 INFO Written out 32300000 reads
2021-04-14 12:12:02,260 INFO Parsed 40000000 input reads
2021-04-14 12:12:07,719 INFO Written out 32400000 reads
2021-04-14 12:12:24,088 INFO Written out 32500000 reads
2021-04-14 12:12:37,744 INFO Written out 32600000 reads
2021-04-14 12:12:51,633 INFO Written out 32700000 reads
2021-04-14 12:13:07,396 INFO Written out 32800000 reads
2021-04-14 12:13:23,653 INFO Written out 32900000 reads
2021-04-14 12:13:35,293 INFO Written out 33000000 reads
2021-04-14 12:13:51,533 INFO Written out 33100000 reads
2021-04-14 12:14:05,277 INFO Parsed 41000000 input reads
2021-04-14 12:14:05,753 INFO Written out 33200000 reads
2021-04-14 12:14:13,298 INFO Written out 33300000 reads
2021-04-14 12:14:29,624 INFO Written out 33400000 reads
2021-04-14 12:14:46,040 INFO Written out 33500000 reads
2021-04-14 12:15:00,265 INFO Written out 33600000 reads
2021-04-14 12:15:16,807 INFO Written out 33700000 reads
2021-04-14 12:15:33,583 INFO Written out 33800000 reads
2021-04-14 12:15:48,325 INFO Written out 33900000 reads
2021-04-14 12:16:03,057 INFO Parsed 42000000 input reads
2021-04-14 12:16:03,277 INFO Written out 34000000 reads
2021-04-14 12:16:23,326 INFO Written out 34100000 reads
2021-04-14 12:16:25,399 INFO Written out 34200000 reads
2021-04-14 12:16:35,719 INFO Written out 34300000 reads
2021-04-14 12:16:50,740 INFO Written out 34400000 reads
2021-04-14 12:17:08,296 INFO Written out 34500000 reads
2021-04-14 12:17:20,722 INFO Written out 34600000 reads
2021-04-14 12:17:35,988 INFO Written out 34700000 reads
2021-04-14 12:17:51,453 INFO Parsed 43000000 input reads
2021-04-14 12:17:51,499 INFO Written out 34800000 reads
2021-04-14 12:18:09,799 INFO Written out 34900000 reads
2021-04-14 12:18:22,616 INFO Written out 35000000 reads
2021-04-14 12:18:37,772 INFO Written out 35100000 reads
2021-04-14 12:18:53,896 INFO Written out 35200000 reads
2021-04-14 12:19:35,933 INFO Written out 35300000 reads
2021-04-14 12:19:50,866 INFO Written out 35400000 reads
2021-04-14 12:20:08,133 INFO Written out 35500000 reads
2021-04-14 12:20:22,981 INFO Written out 35600000 reads
2021-04-14 12:20:25,672 INFO Parsed 44000000 input reads
2021-04-14 12:20:37,695 INFO Written out 35700000 reads
2021-04-14 12:20:52,768 INFO Written out 35800000 reads
2021-04-14 12:21:10,442 INFO Written out 35900000 reads
2021-04-14 12:21:25,658 INFO Written out 36000000 reads
2021-04-14 12:21:43,359 INFO Written out 36100000 reads
2021-04-14 12:21:56,065 INFO Written out 36200000 reads
2021-04-14 12:22:11,566 INFO Written out 36300000 reads
2021-04-14 12:22:29,605 INFO Written out 36400000 reads
2021-04-14 12:22:32,618 INFO Parsed 45000000 input reads
2021-04-14 12:22:45,080 INFO Written out 36500000 reads
2021-04-14 12:23:00,926 INFO Written out 36600000 reads
2021-04-14 12:23:16,867 INFO Written out 36700000 reads
2021-04-14 12:23:35,308 INFO Written out 36800000 reads
2021-04-14 12:23:54,005 INFO Written out 36900000 reads
2021-04-14 12:24:07,238 INFO Written out 37000000 reads
2021-04-14 12:24:23,932 INFO Written out 37100000 reads
2021-04-14 12:24:42,756 INFO Written out 37200000 reads
2021-04-14 12:24:46,188 INFO Parsed 46000000 input reads
2021-04-14 12:25:01,304 INFO Written out 37300000 reads
2021-04-14 12:25:17,737 INFO Written out 37400000 reads
2021-04-14 12:25:34,313 INFO Written out 37500000 reads
2021-04-14 12:26:05,033 INFO Written out 37600000 reads
2021-04-14 12:26:07,031 INFO Written out 37700000 reads
2021-04-14 12:26:18,579 INFO Written out 37800000 reads
2021-04-14 12:26:38,007 INFO Written out 37900000 reads
2021-04-14 12:26:57,296 INFO Written out 38000000 reads
2021-04-14 12:27:06,698 INFO Parsed 47000000 input reads
2021-04-14 12:27:14,257 INFO Written out 38100000 reads
2021-04-14 12:27:33,945 INFO Written out 38200000 reads
2021-04-14 12:28:17,502 INFO Written out 38300000 reads
2021-04-14 12:28:36,064 INFO Written out 38400000 reads
2021-04-14 12:28:54,330 INFO Written out 38500000 reads
2021-04-14 12:29:12,799 INFO Written out 38600000 reads
2021-04-14 12:29:26,389 INFO Written out 38700000 reads
2021-04-14 12:29:44,987 INFO Written out 38800000 reads
2021-04-14 12:29:51,493 INFO Parsed 48000000 input reads
2021-04-14 12:30:03,895 INFO Written out 38900000 reads
2021-04-14 12:30:20,437 INFO Written out 39000000 reads
2021-04-14 12:30:34,302 INFO Written out 39100000 reads
2021-04-14 12:30:53,622 INFO Written out 39200000 reads
2021-04-14 12:31:12,666 INFO Written out 39300000 reads
2021-04-14 12:31:29,274 INFO Written out 39400000 reads
2021-04-14 12:31:48,717 INFO Written out 39500000 reads
2021-04-14 12:32:02,929 INFO Written out 39600000 reads
2021-04-14 12:32:15,461 INFO Parsed 49000000 input reads
2021-04-14 12:32:22,383 INFO Written out 39700000 reads
2021-04-14 12:32:39,329 INFO Written out 39800000 reads
2021-04-14 12:32:59,150 INFO Written out 39900000 reads
2021-04-14 12:33:16,163 INFO Written out 40000000 reads
2021-04-14 12:33:50,920 INFO Written out 40100000 reads
2021-04-14 12:34:09,622 INFO Written out 40200000 reads
2021-04-14 12:34:28,204 INFO Written out 40300000 reads
2021-04-14 12:34:44,548 INFO Written out 40400000 reads
2021-04-14 12:35:02,791 INFO Parsed 50000000 input reads
2021-04-14 12:35:03,545 INFO Written out 40500000 reads
2021-04-14 12:35:20,006 INFO Written out 40600000 reads
2021-04-14 12:35:36,474 INFO Written out 40700000 reads
2021-04-14 12:35:58,561 INFO Written out 40800000 reads
2021-04-14 12:36:12,436 INFO Written out 40900000 reads
2021-04-14 12:36:31,744 INFO Written out 41000000 reads
2021-04-14 12:36:51,246 INFO Written out 41100000 reads
2021-04-14 12:37:08,150 INFO Written out 41200000 reads
2021-04-14 12:37:24,339 INFO Parsed 51000000 input reads
2021-04-14 12:37:27,735 INFO Written out 41300000 reads
2021-04-14 12:37:44,641 INFO Written out 41400000 reads
2021-04-14 12:38:04,587 INFO Written out 41500000 reads
2021-04-14 12:38:21,836 INFO Written out 41600000 reads
2021-04-14 12:38:41,571 INFO Written out 41700000 reads
2021-04-14 12:38:58,919 INFO Written out 41800000 reads
2021-04-14 12:39:16,492 INFO Written out 41900000 reads
2021-04-14 12:39:33,944 INFO Written out 42000000 reads
2021-04-14 12:39:53,871 INFO Parsed 52000000 input reads
2021-04-14 12:39:54,287 INFO Written out 42100000 reads
2021-04-14 12:40:21,375 INFO Written out 42200000 reads
2021-04-14 12:40:36,186 INFO Written out 42300000 reads
2021-04-14 12:40:41,488 INFO Written out 42400000 reads
2021-04-14 12:40:56,092 INFO Written out 42500000 reads
2021-04-14 12:41:14,557 INFO Written out 42600000 reads
2021-04-14 12:41:35,942 INFO Written out 42700000 reads
2021-04-14 12:42:00,359 INFO Written out 42800000 reads
2021-04-14 12:42:05,947 INFO Parsed 53000000 input reads
2021-04-14 12:42:06,237 INFO Written out 42900000 reads
2021-04-14 12:42:51,959 INFO Written out 43000000 reads
2021-04-14 12:43:12,273 INFO Written out 43100000 reads
2021-04-14 12:43:35,501 INFO Written out 43200000 reads
2021-04-14 12:43:49,717 INFO Written out 43300000 reads
2021-04-14 12:44:07,340 INFO Written out 43400000 reads
2021-04-14 12:44:25,044 INFO Written out 43500000 reads
2021-04-14 12:44:42,910 INFO Written out 43600000 reads
2021-04-14 12:45:00,942 INFO Written out 43700000 reads
2021-04-14 12:45:00,982 INFO Parsed 54000000 input reads
2021-04-14 12:45:22,133 INFO Written out 43800000 reads
2021-04-14 12:45:40,398 INFO Written out 43900000 reads
2021-04-14 12:45:58,576 INFO Written out 44000000 reads
2021-04-14 12:46:19,745 INFO Written out 44100000 reads
2021-04-14 12:46:38,027 INFO Written out 44200000 reads
2021-04-14 12:46:56,194 INFO Written out 44300000 reads
2021-04-14 12:47:20,470 INFO Written out 44400000 reads
2021-04-14 12:47:38,797 INFO Written out 44500000 reads
2021-04-14 12:47:39,180 INFO Parsed 55000000 input reads
2021-04-14 12:47:57,191 INFO Written out 44600000 reads
2021-04-14 12:48:32,546 INFO Written out 44700000 reads
2021-04-14 12:48:50,489 INFO Written out 44800000 reads
2021-04-14 12:49:08,210 INFO Written out 44900000 reads
2021-04-14 12:49:41,906 INFO Written out 45000000 reads
2021-04-14 12:49:47,585 INFO Written out 45100000 reads
2021-04-14 12:50:05,644 INFO Written out 45200000 reads
2021-04-14 12:50:23,987 INFO Written out 45300000 reads
2021-04-14 12:50:27,676 INFO Parsed 56000000 input reads
2021-04-14 12:50:45,411 INFO Written out 45400000 reads
2021-04-14 12:51:03,691 INFO Written out 45500000 reads
2021-04-14 12:51:22,560 INFO Written out 45600000 reads
2021-04-14 12:51:41,604 INFO Written out 45700000 reads
2021-04-14 12:52:09,946 INFO Written out 45800000 reads
2021-04-14 12:52:22,127 INFO Written out 45900000 reads
2021-04-14 12:52:41,103 INFO Written out 46000000 reads
2021-04-14 12:53:03,033 INFO Written out 46100000 reads
2021-04-14 12:53:07,213 INFO Parsed 57000000 input reads
2021-04-14 12:53:21,959 INFO Written out 46200000 reads
2021-04-14 12:53:41,133 INFO Written out 46300000 reads
2021-04-14 12:54:00,333 INFO Written out 46400000 reads
2021-04-14 12:54:22,513 INFO Written out 46500000 reads
2021-04-14 12:54:44,998 INFO Written out 46600000 reads
2021-04-14 12:55:11,132 INFO Written out 46700000 reads
2021-04-14 12:55:34,744 INFO Written out 46800000 reads
2021-04-14 12:55:56,585 INFO Written out 46900000 reads
2021-04-14 12:56:03,870 INFO Parsed 58000000 input reads
2021-04-14 12:56:14,970 INFO Written out 47000000 reads
2021-04-14 12:56:36,682 INFO Written out 47100000 reads
2021-04-14 12:56:55,540 INFO Written out 47200000 reads
2021-04-14 12:57:17,547 INFO Written out 47300000 reads
2021-04-14 12:57:39,885 INFO Written out 47400000 reads
2021-04-14 12:58:02,761 INFO Written out 47500000 reads
2021-04-14 12:58:18,987 INFO Written out 47600000 reads
2021-04-14 12:58:38,947 INFO Written out 47700000 reads
2021-04-14 12:58:50,538 INFO Parsed 59000000 input reads
2021-04-14 12:58:58,795 INFO Written out 47800000 reads
2021-04-14 12:59:25,266 INFO Written out 47900000 reads
2021-04-14 12:59:45,450 INFO Written out 48000000 reads
2021-04-14 13:00:05,866 INFO Written out 48100000 reads
2021-04-14 13:00:29,028 INFO Written out 48200000 reads
2021-04-14 13:00:52,043 INFO Written out 48300000 reads
2021-04-14 13:01:12,068 INFO Written out 48400000 reads
2021-04-14 13:01:31,725 INFO Written out 48500000 reads
2021-04-14 13:01:47,201 INFO Parsed 60000000 input reads
2021-04-14 13:01:51,797 INFO Written out 48600000 reads
2021-04-14 13:02:15,375 INFO Written out 48700000 reads
2021-04-14 13:02:38,657 INFO Written out 48800000 reads
2021-04-14 13:03:05,791 INFO Written out 48900000 reads
2021-04-14 13:03:25,959 INFO Written out 49000000 reads
2021-04-14 13:03:46,331 INFO Written out 49100000 reads
2021-04-14 13:04:10,187 INFO Written out 49200000 reads
2021-04-14 13:04:34,052 INFO Written out 49300000 reads
2021-04-14 13:04:50,104 INFO Parsed 61000000 input reads
2021-04-14 13:04:58,036 INFO Written out 49400000 reads
2021-04-14 13:05:22,434 INFO Written out 49500000 reads
2021-04-14 13:05:46,531 INFO Written out 49600000 reads
2021-04-14 13:06:12,816 INFO Written out 49700000 reads
2021-04-14 13:06:14,809 INFO Written out 49800000 reads
2021-04-14 13:06:32,962 INFO Written out 49900000 reads
2021-04-14 13:07:05,525 INFO Written out 50000000 reads
2021-04-14 13:07:15,625 INFO Written out 50100000 reads
2021-04-14 13:07:37,075 INFO Parsed 62000000 input reads
2021-04-14 13:07:41,330 INFO Written out 50200000 reads
2021-04-14 13:08:03,123 INFO Written out 50300000 reads
2021-04-14 13:08:24,995 INFO Written out 50400000 reads
2021-04-14 13:08:47,379 INFO Written out 50500000 reads
2021-04-14 13:09:16,596 INFO Written out 50600000 reads
2021-04-14 13:09:34,958 INFO Written out 50700000 reads
2021-04-14 13:10:00,552 INFO Written out 50800000 reads
2021-04-14 13:11:01,213 INFO Written out 50900000 reads
2021-04-14 13:11:28,235 INFO Parsed 63000000 input reads
2021-04-14 13:11:28,512 INFO Written out 51000000 reads
2021-04-14 13:11:49,133 INFO Written out 51100000 reads
2021-04-14 13:12:06,166 INFO Written out 51200000 reads
2021-04-14 13:12:30,369 INFO Written out 51300000 reads
2021-04-14 13:12:51,093 INFO Written out 51400000 reads
2021-04-14 13:13:15,151 INFO Written out 51500000 reads
2021-04-14 13:13:36,225 INFO Written out 51600000 reads
2021-04-14 13:14:04,008 INFO Written out 51700000 reads
2021-04-14 13:14:24,728 INFO Parsed 64000000 input reads
2021-04-14 13:14:24,850 INFO Written out 51800000 reads
2021-04-14 13:14:49,510 INFO Written out 51900000 reads
2021-04-14 13:15:14,116 INFO Written out 52000000 reads
2021-04-14 13:15:39,108 INFO Written out 52100000 reads
2021-04-14 13:16:07,981 INFO Written out 52200000 reads
2021-04-14 13:16:21,528 INFO Written out 52300000 reads
2021-04-14 13:16:43,174 INFO Written out 52400000 reads
2021-04-14 13:17:04,963 INFO Written out 52500000 reads
2021-04-14 13:17:23,069 INFO Written out 52600000 reads
2021-04-14 13:17:23,299 INFO Parsed 65000000 input reads
2021-04-14 13:17:41,380 INFO Written out 52700000 reads
2021-04-14 13:17:59,664 INFO Written out 52800000 reads
2021-04-14 13:18:18,172 INFO Written out 52900000 reads
2021-04-14 13:18:43,897 INFO Written out 53000000 reads
2021-04-14 13:19:44,133 INFO Written out 53100000 reads
2021-04-14 13:19:46,482 INFO Written out 53200000 reads
2021-04-14 13:20:08,368 INFO Written out 53300000 reads
2021-04-14 13:20:11,411 INFO Written out 53400000 reads
2021-04-14 13:20:15,424 INFO Parsed 66000000 input reads
2021-04-14 13:20:32,800 INFO Written out 53500000 reads
2021-04-14 13:20:54,419 INFO Written out 53600000 reads
2021-04-14 13:21:16,376 INFO Written out 53700000 reads
2021-04-14 13:21:41,507 INFO Written out 53800000 reads
2021-04-14 13:22:06,769 INFO Written out 53900000 reads
2021-04-14 13:22:28,530 INFO Written out 54000000 reads
2021-04-14 13:22:53,909 INFO Written out 54100000 reads
2021-04-14 13:23:15,776 INFO Written out 54200000 reads
2021-04-14 13:23:20,146 INFO Parsed 67000000 input reads
2021-04-14 13:23:41,239 INFO Written out 54300000 reads
2021-04-14 13:23:59,200 INFO Written out 54400000 reads
2021-04-14 13:24:24,811 INFO Written out 54500000 reads
2021-04-14 13:24:46,425 INFO Written out 54600000 reads
2021-04-14 13:25:12,114 INFO Written out 54700000 reads
2021-04-14 13:25:37,727 INFO Written out 54800000 reads
2021-04-14 13:25:59,788 INFO Written out 54900000 reads
2021-04-14 13:26:21,891 INFO Written out 55000000 reads
2021-04-14 13:26:30,571 INFO Parsed 68000000 input reads
2021-04-14 13:26:47,721 INFO Written out 55100000 reads
2021-04-14 13:27:13,708 INFO Written out 55200000 reads
2021-04-14 13:28:07,899 INFO Written out 55300000 reads
2021-04-14 13:28:11,285 INFO Written out 55400000 reads
2021-04-14 13:28:13,621 INFO Written out 55500000 reads
2021-04-14 13:28:16,930 INFO Written out 55600000 reads
2021-04-14 13:28:25,288 INFO Written out 55700000 reads
2021-04-14 13:28:52,081 INFO Written out 55800000 reads
2021-04-14 13:28:57,280 INFO Parsed 69000000 input reads
2021-04-14 13:29:19,280 INFO Written out 55900000 reads
2021-04-14 13:29:43,096 INFO Written out 56000000 reads
2021-04-14 13:30:06,616 INFO Written out 56100000 reads
2021-04-14 13:30:30,121 INFO Written out 56200000 reads
2021-04-14 13:30:57,654 INFO Written out 56300000 reads
2021-04-14 13:31:21,442 INFO Written out 56400000 reads
2021-04-14 13:31:45,168 INFO Written out 56500000 reads
2021-04-14 13:32:08,601 INFO Written out 56600000 reads
2021-04-14 13:32:22,284 INFO Parsed 70000000 input reads
2021-04-14 13:32:36,791 INFO Written out 56700000 reads
2021-04-14 13:33:00,724 INFO Written out 56800000 reads
2021-04-14 13:33:33,101 INFO Written out 56900000 reads
2021-04-14 13:33:57,053 INFO Written out 57000000 reads
2021-04-14 13:34:20,201 INFO Written out 57100000 reads
2021-04-14 13:35:28,092 INFO Written out 57200000 reads
2021-04-14 13:35:50,575 INFO Written out 57300000 reads
2021-04-14 13:36:13,040 INFO Written out 57400000 reads
2021-04-14 13:36:26,284 INFO Parsed 71000000 input reads
2021-04-14 13:36:39,712 INFO Written out 57500000 reads
2021-04-14 13:37:02,519 INFO Written out 57600000 reads
2021-04-14 13:37:33,414 INFO Written out 57700000 reads
2021-04-14 13:37:52,229 INFO Written out 57800000 reads
2021-04-14 13:38:11,456 INFO Written out 57900000 reads
2021-04-14 13:38:38,156 INFO Written out 58000000 reads
2021-04-14 13:39:04,809 INFO Written out 58100000 reads
2021-04-14 13:39:27,240 INFO Written out 58200000 reads
2021-04-14 13:39:41,012 INFO Parsed 72000000 input reads
2021-04-14 13:39:54,043 INFO Written out 58300000 reads
2021-04-14 13:40:16,680 INFO Written out 58400000 reads
2021-04-14 13:40:43,319 INFO Written out 58500000 reads
2021-04-14 13:41:06,234 INFO Written out 58600000 reads
2021-04-14 13:41:29,018 INFO Written out 58700000 reads
2021-04-14 13:41:56,083 INFO Written out 58800000 reads
2021-04-14 13:42:19,093 INFO Written out 58900000 reads
2021-04-14 13:42:46,290 INFO Written out 59000000 reads
2021-04-14 13:43:04,744 INFO Parsed 73000000 input reads
2021-04-14 13:43:13,651 INFO Written out 59100000 reads
2021-04-14 13:43:40,850 INFO Written out 59200000 reads
2021-04-14 13:44:04,378 INFO Written out 59300000 reads
2021-04-14 13:44:31,961 INFO Written out 59400000 reads
2021-04-14 13:44:56,046 INFO Written out 59500000 reads
2021-04-14 13:45:23,860 INFO Written out 59600000 reads
2021-04-14 13:45:43,880 INFO Written out 59700000 reads
2021-04-14 13:46:12,215 INFO Written out 59800000 reads
2021-04-14 13:46:35,413 INFO Parsed 74000000 input reads
2021-04-14 13:46:40,146 INFO Written out 59900000 reads
2021-04-14 13:47:04,248 INFO Written out 60000000 reads
2021-04-14 13:48:15,460 INFO Written out 60100000 reads
2021-04-14 13:48:18,201 INFO Written out 60200000 reads
2021-04-14 13:48:41,848 INFO Written out 60300000 reads
2021-04-14 13:49:04,893 INFO Written out 60400000 reads
2021-04-14 13:49:27,748 INFO Written out 60500000 reads
2021-04-14 13:49:50,790 INFO Written out 60600000 reads
2021-04-14 13:50:13,446 INFO Parsed 75000000 input reads
2021-04-14 13:50:18,038 INFO Written out 60700000 reads
2021-04-14 13:50:40,739 INFO Written out 60800000 reads
2021-04-14 13:51:07,710 INFO Written out 60900000 reads
2021-04-14 13:51:34,477 INFO Written out 61000000 reads
2021-04-14 13:51:57,673 INFO Written out 61100000 reads
2021-04-14 13:52:28,854 INFO Written out 61200000 reads
2021-04-14 13:52:55,976 INFO Written out 61300000 reads
2021-04-14 13:53:14,987 INFO Written out 61400000 reads
2021-04-14 13:53:38,362 INFO Parsed 76000000 input reads
2021-04-14 13:53:38,530 INFO Written out 61500000 reads
2021-04-14 13:54:06,583 INFO Written out 61600000 reads
2021-04-14 13:54:35,410 INFO Written out 61700000 reads
2021-04-14 13:55:00,442 INFO Written out 61800000 reads
2021-04-14 13:55:28,993 INFO Written out 61900000 reads
2021-04-14 13:55:52,794 INFO Written out 62000000 reads
2021-04-14 13:56:21,022 INFO Written out 62100000 reads
2021-04-14 13:56:45,126 INFO Written out 62200000 reads
2021-04-14 13:57:13,368 INFO Written out 62300000 reads
2021-04-14 13:57:13,592 INFO Parsed 77000000 input reads
2021-04-14 13:57:37,562 INFO Written out 62400000 reads
2021-04-14 13:58:05,884 INFO Written out 62500000 reads
2021-04-14 13:58:30,143 INFO Written out 62600000 reads
2021-04-14 13:58:58,854 INFO Written out 62700000 reads
2021-04-14 13:59:23,485 INFO Written out 62800000 reads
2021-04-14 13:59:52,965 INFO Written out 62900000 reads
2021-04-14 14:00:17,922 INFO Written out 63000000 reads
2021-04-14 14:00:43,011 INFO Written out 63100000 reads
2021-04-14 14:00:48,039 INFO Parsed 78000000 input reads
2021-04-14 14:01:12,087 INFO Written out 63200000 reads
2021-04-14 14:01:41,602 INFO Written out 63300000 reads
2021-04-14 14:02:38,559 INFO Written out 63400000 reads
2021-04-14 14:03:02,775 INFO Written out 63500000 reads
2021-04-14 14:03:26,678 INFO Written out 63600000 reads
2021-04-14 14:03:55,242 INFO Written out 63700000 reads
2021-04-14 14:04:23,575 INFO Written out 63800000 reads
2021-04-14 14:04:48,237 INFO Written out 63900000 reads
2021-04-14 14:04:57,610 INFO Parsed 79000000 input reads
2021-04-14 14:05:16,735 INFO Written out 64000000 reads
2021-04-14 14:05:45,690 INFO Written out 64100000 reads
2021-04-14 14:06:10,178 INFO Written out 64200000 reads
2021-04-14 14:06:38,724 INFO Written out 64300000 reads
2021-04-14 14:07:03,456 INFO Written out 64400000 reads
2021-04-14 14:07:32,185 INFO Written out 64500000 reads
2021-04-14 14:08:05,774 INFO Written out 64600000 reads
2021-04-14 14:08:30,062 INFO Written out 64700000 reads
2021-04-14 14:08:44,439 INFO Parsed 80000000 input reads
2021-04-14 14:08:59,284 INFO Written out 64800000 reads
2021-04-14 14:09:23,976 INFO Written out 64900000 reads
2021-04-14 14:09:53,310 INFO Written out 65000000 reads
2021-04-14 14:10:22,698 INFO Written out 65100000 reads
2021-04-14 14:10:47,579 INFO Written out 65200000 reads
2021-04-14 14:11:12,984 INFO Written out 65300000 reads
2021-04-14 14:11:37,871 INFO Written out 65400000 reads
2021-04-14 14:12:07,659 INFO Written out 65500000 reads
2021-04-14 14:12:22,601 INFO Parsed 81000000 input reads
2021-04-14 14:12:37,378 INFO Written out 65600000 reads
2021-04-14 14:12:58,258 INFO Written out 65700000 reads
2021-04-14 14:13:24,156 INFO Written out 65800000 reads
2021-04-14 14:13:49,417 INFO Written out 65900000 reads
2021-04-14 14:14:15,174 INFO Written out 66000000 reads
2021-04-14 14:14:45,193 INFO Written out 66100000 reads
2021-04-14 14:15:15,223 INFO Written out 66200000 reads
2021-04-14 14:16:07,368 INFO Written out 66300000 reads
2021-04-14 14:16:22,102 INFO Parsed 82000000 input reads
2021-04-14 14:16:36,249 INFO Written out 66400000 reads
2021-04-14 14:17:01,131 INFO Written out 66500000 reads
2021-04-14 14:17:26,040 INFO Written out 66600000 reads
2021-04-14 14:17:55,189 INFO Written out 66700000 reads
2021-04-14 14:18:20,339 INFO Written out 66800000 reads
2021-04-14 14:18:45,372 INFO Written out 66900000 reads
2021-04-14 14:19:14,920 INFO Written out 67000000 reads
2021-04-14 14:19:44,605 INFO Written out 67100000 reads
2021-04-14 14:20:04,290 INFO Parsed 83000000 input reads
2021-04-14 14:20:09,824 INFO Written out 67200000 reads
2021-04-14 14:20:39,678 INFO Written out 67300000 reads
2021-04-14 14:21:04,990 INFO Written out 67400000 reads
2021-04-14 14:21:34,917 INFO Written out 67500000 reads
2021-04-14 14:22:09,545 INFO Written out 67600000 reads
2021-04-14 14:22:40,011 INFO Written out 67700000 reads
2021-04-14 14:22:55,851 INFO Written out 67800000 reads
2021-04-14 14:23:21,402 INFO Written out 67900000 reads
2021-04-14 14:23:41,797 INFO Parsed 84000000 input reads
2021-04-14 14:23:51,637 INFO Written out 68000000 reads
2021-04-14 14:24:17,501 INFO Written out 68100000 reads
2021-04-14 14:24:43,492 INFO Written out 68200000 reads
2021-04-14 14:25:04,527 INFO Written out 68300000 reads
2021-04-14 14:25:35,031 INFO Written out 68400000 reads
2021-04-14 14:28:13,101 INFO Written out 68500000 reads
2021-04-14 14:28:15,368 INFO Written out 68600000 reads
2021-04-14 14:28:17,347 INFO Written out 68700000 reads
2021-04-14 14:28:19,194 INFO Parsed 85000000 input reads
2021-04-14 14:28:19,429 INFO Written out 68800000 reads
2021-04-14 14:28:21,434 INFO Written out 68900000 reads
2021-04-14 14:28:25,498 INFO Written out 69000000 reads
2021-04-14 14:28:27,687 INFO Written out 69100000 reads
2021-04-14 14:28:30,076 INFO Written out 69200000 reads
2021-04-14 14:28:32,636 INFO Written out 69300000 reads
2021-04-14 14:28:35,432 INFO Written out 69400000 reads
2021-04-14 14:28:40,519 INFO Written out 69500000 reads
2021-04-14 14:28:44,236 INFO Parsed 86000000 input reads
2021-04-14 14:28:44,819 INFO Written out 69600000 reads
2021-04-14 14:28:48,910 INFO Written out 69700000 reads
2021-04-14 14:28:51,555 INFO Written out 69800000 reads
2021-04-14 14:28:58,760 INFO Written out 69900000 reads
2021-04-14 14:29:09,380 INFO Written out 70000000 reads
2021-04-14 14:29:14,030 INFO Written out 70100000 reads
2021-04-14 14:29:17,895 INFO Written out 70200000 reads
2021-04-14 14:29:23,809 INFO Written out 70300000 reads
2021-04-14 14:29:26,012 INFO Parsed 87000000 input reads
2021-04-14 14:29:27,105 INFO Written out 70400000 reads
2021-04-14 14:29:29,720 INFO Written out 70500000 reads
2021-04-14 14:29:32,514 INFO Written out 70600000 reads
2021-04-14 14:29:35,967 INFO Written out 70700000 reads
2021-04-14 14:29:38,560 INFO Written out 70800000 reads
2021-04-14 14:29:41,251 INFO Written out 70900000 reads
2021-04-14 14:29:44,400 INFO Written out 71000000 reads
2021-04-14 14:29:47,273 INFO Written out 71100000 reads
2021-04-14 14:29:48,944 INFO Parsed 88000000 input reads
2021-04-14 14:29:49,773 INFO Written out 71200000 reads
2021-04-14 14:29:54,647 INFO Written out 71300000 reads
2021-04-14 14:29:58,420 INFO Written out 71400000 reads
2021-04-14 14:30:01,693 INFO Written out 71500000 reads
2021-04-14 14:30:04,484 INFO Written out 71600000 reads
2021-04-14 14:30:06,492 INFO Written out 71700000 reads
2021-04-14 14:30:08,863 INFO Written out 71800000 reads
2021-04-14 14:30:10,870 INFO Written out 71900000 reads
2021-04-14 14:30:12,454 INFO Parsed 89000000 input reads
2021-04-14 14:30:12,861 INFO Written out 72000000 reads
2021-04-14 14:30:15,698 INFO Written out 72100000 reads
2021-04-14 14:30:18,269 INFO Written out 72200000 reads
2021-04-14 14:30:20,368 INFO Written out 72300000 reads
2021-04-14 14:30:22,470 INFO Written out 72400000 reads
2021-04-14 14:30:58,653 INFO Written out 72500000 reads
2021-04-14 14:31:03,645 INFO Written out 72600000 reads
2021-04-14 14:31:08,495 INFO Written out 72700000 reads
2021-04-14 14:31:13,306 INFO Parsed 90000000 input reads
2021-04-14 14:31:13,807 INFO Written out 72800000 reads
2021-04-14 14:31:19,659 INFO Written out 72900000 reads
2021-04-14 14:31:35,393 INFO Written out 73000000 reads
2021-04-14 14:32:05,048 INFO Written out 73100000 reads
2021-04-14 14:32:34,691 INFO Written out 73200000 reads
2021-04-14 14:32:34,788 INFO Searching for mates for 0 unmatched alignments
2021-04-14 14:36:37,415 INFO 0 mates never found
2021-04-14 14:52:42,851 INFO Reads: Input Reads: 90515931, Read pairs: 90515931, Read 2 unmapped: 4816
2021-04-14 14:52:42,861 INFO Number of reads out: 73200737
2021-04-14 14:52:42,861 INFO Total number of positions deduplicated: 60298726
2021-04-14 14:52:42,861 INFO Mean number of unique UMIs per position: 1.22
2021-04-14 14:52:42,861 INFO Max. number of unique UMIs per position: 3343
# job finished in 13411 seconds at Wed Apr 14 14:52:42 2021 -- 13143.86 217.21  0.00  0.00 -- 60a64b1d-e051-4976-b43d-0a355fb9e922
